parameters: n=7 l=3 k=1 p=5 q=3 m=9
TOTAL 1000 solutions found
SOLN: CORRECT | POS/NEG | INT/FRA | OBJ-SCORE | TRUE-ANS | ANS | INFIX | POSTFIX | TYPED-POSTFIX
EXPR: 0 | POS | INT | 2 | 225 | 9 | (x*(60/45))=12 | x 60 45 / * 12 = | x:dozen 60:calorie 45:bar /:calorie *:calorie 12:calorie =:calorie
EXPR: 0 | POS | INT | 2 | 225 | 9 | 60=((45*12)/x) | 60 45 12 * x / = | 60:calorie 45:bar 12:calorie *:calorie x:dozen /:calorie =:calorie
EXPR: 1 | POS | INT | 2 | 225 | 225 | 60=((x/45)*12) | 60 x 45 / 12 * = | 60:calorie x:dozen 45:bar /:dozen 12:calorie *:calorie =:calorie
EXPR: 0 | POS | INT | 2 | 225 | 9 | 60=(45*(12/x)) | 60 45 12 x / * = | 60:calorie 45:bar 12:calorie x:dozen /:calorie *:calorie =:calorie
EXPR: 0 | POS | INT | 2 | 225 | 9 | (60*(x/45))=12 | 60 x 45 / * 12 = | 60:calorie x:dozen 45:bar /:dozen *:calorie 12:calorie =:calorie
EXPR: 0 | POS | INT | 2 | 225 | 9 | ((x*60)/45)=12 | x 60 * 45 / 12 = | x:dozen 60:calorie *:calorie 45:bar /:calorie 12:calorie =:calorie
EXPR: 1 | POS | INT | 2 | 225 | 225 | (60*(45/x))=12 | 60 45 x / * 12 = | 60:calorie 45:bar x:dozen /:bar *:calorie 12:calorie =:calorie
EXPR: 0 | POS | INT | 2 | 225 | 9 | ((60*x)/45)=12 | 60 x * 45 / 12 = | 60:calorie x:dozen *:calorie 45:bar /:calorie 12:calorie =:calorie
EXPR: 0 | POS | INT | 2 | 225 | 9 | 60=((45/x)*12) | 60 45 x / 12 * = | 60:calorie 45:bar x:dozen /:bar 12:calorie *:calorie =:calorie
EXPR: 1 | POS | INT | 2 | 225 | 225 | ((60/x)*45)=12 | 60 x / 45 * 12 = | 60:calorie x:dozen /:calorie 45:bar *:calorie 12:calorie =:calorie
EXPR: 1 | POS | INT | 2 | 225 | 225 | ((60*45)/x)=12 | 60 45 * x / 12 = | 60:calorie 45:bar *:calorie x:dozen /:calorie 12:calorie =:calorie
EXPR: 0 | POS | INT | 2 | 225 | 9 | ((60/45)*x)=12 | 60 45 / x * 12 = | 60:calorie 45:bar /:calorie x:dozen *:calorie 12:calorie =:calorie
EXPR: 1 | POS | INT | 10 | 225 | 225 | x=((60*45)/12) | x 60 45 * 12 / = | x:dozen 60:calorie 45:dozen *:dozen 12:calorie /:dozen =:dozen
EXPR: 0 | POS | INT | 10 | 225 | 32400 | x=((60*45)*12) | x 60 45 * 12 * = | x:dozen 60:calorie 45:bar *:bar 12:dozen *:dozen =:dozen
EXPR: 0 | POS | INT | 10 | 225 | 32400 | x=(60*(45*12)) | x 60 45 12 * * = | x:dozen 60:dozen 45:bar 12:calorie *:bar *:dozen =:dozen
EXPR: 0 | POS | INT | 10 | 225 | 32400 | x=((60*45)*12) | x 60 45 * 12 * = | x:dozen 60:calorie 45:bar *:calorie 12:dozen *:dozen =:dozen
EXPR: 0 | POS | INT | 10 | 225 | 16 | x=((60/45)*12) | x 60 45 / 12 * = | x:dozen 60:calorie 45:bar /:calorie 12:dozen *:dozen =:dozen
EXPR: 0 | POS | INT | 10 | 225 | 32400 | x=((60*45)*12) | x 60 45 * 12 * = | x:calorie 60:calorie 45:bar *:bar 12:calorie *:calorie =:calorie
EXPR: 0 | POS | INT | 10 | 225 | 32400 | x=(60*(45*12)) | x 60 45 12 * * = | x:dozen 60:calorie 45:bar 12:dozen *:dozen *:dozen =:dozen
EXPR: 1 | POS | INT | 10 | 225 | 225 | x=((60*45)/12) | x 60 45 * 12 / = | x:bar 60:calorie 45:bar *:bar 12:calorie /:bar =:bar
EXPR: 0 | POS | INT | 10 | 225 | 32400 | x=((60*45)*12) | x 60 45 * 12 * = | x:dozen 60:dozen 45:bar *:dozen 12:calorie *:dozen =:dozen
EXPR: 0 | POS | INT | 10 | 225 | 32400 | x=((60*45)*12) | x 60 45 * 12 * = | x:bar 60:calorie 45:bar *:bar 12:calorie *:bar =:bar
EXPR: 1 | POS | INT | 10 | 225 | 225 | x=((60*45)/12) | x 60 45 * 12 / = | x:dozen 60:dozen 45:bar *:dozen 12:calorie /:dozen =:dozen
EXPR: 0 | POS | INT | 10 | 225 | 16 | x=((60/45)*12) | x 60 45 / 12 * = | x:dozen 60:dozen 45:bar /:dozen 12:calorie *:dozen =:dozen
EXPR: 0 | POS | INT | 10 | 225 | 32400 | x=(60*(45*12)) | x 60 45 12 * * = | x:bar 60:calorie 45:bar 12:calorie *:bar *:bar =:bar
EXPR: 1 | POS | INT | 10 | 225 | 225 | x=(60*(45/12)) | x 60 45 12 / * = | x:bar 60:calorie 45:bar 12:calorie /:bar *:bar =:bar
EXPR: 1 | POS | INT | 10 | 225 | 225 | x=(60*(45/12)) | x 60 45 12 / * = | x:dozen 60:dozen 45:bar 12:calorie /:bar *:dozen =:dozen
EXPR: 0 | POS | INT | 11 | 225 | 32400 | x=((60*45)*12) | x 60 45 * 12 * = | x:dozen 60:calorie 45:bar *:bar 12:dozen *:dozen =:dozen
EXPR: 0 | POS | INT | 11 | 225 | 32400 | x=(60*(45*12)) | x 60 45 12 * * = | x:dozen 60:calorie 45:bar 12:dozen *:dozen *:dozen =:dozen
EXPR: 0 | POS | INT | 11 | 225 | 32400 | x=((60*45)*12) | x 60 45 * 12 * = | x:dozen 60:calorie 45:bar *:calorie 12:dozen *:dozen =:dozen
EXPR: 0 | POS | INT | 11 | 225 | 16 | x=((60/45)*12) | x 60 45 / 12 * = | x:dozen 60:calorie 45:bar /:calorie 12:dozen *:dozen =:dozen
EXPR: 1 | POS | INT | 11 | 225 | 225 | x=((60*45)/12) | x 60 45 * 12 / = | x:bar 60:calorie 45:bar *:bar 12:calorie /:bar =:bar
EXPR: 0 | POS | INT | 11 | 225 | 32400 | x=((60*45)*12) | x 60 45 * 12 * = | x:bar 60:calorie 45:bar *:bar 12:calorie *:bar =:bar
EXPR: 1 | POS | INT | 11 | 225 | 225 | x=((60*45)/12) | x 60 45 * 12 / = | x:dozen 60:dozen 45:bar *:dozen 12:calorie /:dozen =:dozen
EXPR: 0 | POS | INT | 11 | 225 | 32400 | x=(60*(45*12)) | x 60 45 12 * * = | x:bar 60:calorie 45:bar 12:calorie *:bar *:bar =:bar
EXPR: 0 | POS | INT | 11 | 225 | 32400 | x=((60*45)*12) | x 60 45 * 12 * = | x:dozen 60:dozen 45:bar *:dozen 12:calorie *:dozen =:dozen
EXPR: 0 | POS | INT | 11 | 225 | 32400 | x=(60*(45*12)) | x 60 45 12 * * = | x:dozen 60:dozen 45:bar 12:calorie *:bar *:dozen =:dozen
EXPR: 1 | POS | INT | 11 | 225 | 225 | x=(60*(45/12)) | x 60 45 12 / * = | x:dozen 60:dozen 45:bar 12:calorie /:bar *:dozen =:dozen
EXPR: 0 | POS | INT | 12 | 225 | 9 | 60=((12/x)*45) | 60 12 x / 45 * = | 60:calorie 12:calorie x:dozen /:calorie 45:bar *:calorie =:calorie
EXPR: 1 | POS | INT | 12 | 225 | 225 | (45*(60/x))=12 | 45 60 x / * 12 = | 45:bar 60:calorie x:dozen /:calorie *:calorie 12:calorie =:calorie
EXPR: 0 | POS | INT | 12 | 225 | 600 | 60=(x-(45*12)) | 60 x 45 12 * - = | 60:calorie x:calorie 45:bar 12:calorie *:calorie -:calorie =:calorie
EXPR: 0 | POS | INT | 12 | 225 | 16 | ((x/60)*45)=12 | x 60 / 45 * 12 = | x:dozen 60:calorie /:dozen 45:bar *:dozen 12:dozen =:dozen
EXPR: 0 | POS | INT | 12 | 225 | 16 | 60=((45/12)*x) | 60 45 12 / x * = | 60:bar 45:bar 12:calorie /:bar x:dozen *:bar =:bar
EXPR: 0 | POS | INT | 12 | 225 | 16 | ((x/60)*45)=12 | x 60 / 45 * 12 = | x:dozen 60:calorie /:dozen 45:calorie *:calorie 12:calorie =:calorie
EXPR: 0 | POS | INT | 12 | 225 | 9 | ((x*60)/45)=12 | x 60 * 45 / 12 = | x:dozen 60:calorie *:calorie 45:dozen /:calorie 12:calorie =:calorie
EXPR: 0 | POS | INT | 12 | 225 | 2688 | ((60*45)-x)=12 | 60 45 * x - 12 = | 60:calorie 45:bar *:calorie x:calorie -:calorie 12:calorie =:calorie
EXPR: 0 | POS | INT | 12 | 225 | 9 | ((60*x)/45)=12 | 60 x * 45 / 12 = | 60:calorie x:bar *:calorie 45:bar /:calorie 12:calorie =:calorie
EXPR: 0 | POS | INT | 12 | 225 | 9 | (60*(x/45))=12 | 60 x 45 / * 12 = | 60:calorie x:dozen 45:calorie /:dozen *:calorie 12:calorie =:calorie
EXPR: 1 | POS | INT | 12 | 225 | 225 | ((60/x)*45)=12 | 60 x / 45 * 12 = | 60:calorie x:dozen /:calorie 45:dozen *:calorie 12:calorie =:calorie
EXPR: 1 | POS | INT | 12 | 225 | 225 | ((60/x)*45)=12 | 60 x / 45 * 12 = | 60:calorie x:bar /:calorie 45:bar *:calorie 12:calorie =:calorie
EXPR: 0 | POS | INT | 12 | 225 | 9 | ((x/45)*60)=12 | x 45 / 60 * 12 = | x:dozen 45:bar /:dozen 60:calorie *:calorie 12:calorie =:calorie
EXPR: 1 | POS | INT | 12 | 225 | 225 | ((60*45)/x)=12 | 60 45 * x / 12 = | 60:calorie 45:bar *:calorie x:bar /:calorie 12:calorie =:calorie
EXPR: 0 | POS | INT | 12 | 225 | 9 | ((60*x)/45)=12 | 60 x * 45 / 12 = | 60:calorie x:dozen *:calorie 45:dozen /:calorie 12:calorie =:calorie
EXPR: 0 | POS | INT | 12 | 225 | 16 | 60=(x*(45/12)) | 60 x 45 12 / * = | 60:calorie x:calorie 45:bar 12:calorie /:bar *:calorie =:calorie
EXPR: 0 | POS | INT | 12 | 225 | 32400 | 60=(x/(45*12)) | 60 x 45 12 * / = | 60:calorie x:calorie 45:bar 12:calorie *:bar /:calorie =:calorie
EXPR: 0 | POS | INT | 12 | 225 | 50 | (60/(x-45))=12 | 60 x 45 - / 12 = | 60:calorie x:bar 45:bar -:bar /:calorie 12:calorie =:calorie
EXPR: 0 | POS | INT | 12 | 225 | 9 | (x*(60/45))=12 | x 60 45 / * 12 = | x:bar 60:calorie 45:bar /:calorie *:calorie 12:calorie =:calorie
EXPR: 1 | POS | INT | 12 | 225 | 225 | 60=((x*12)/45) | 60 x 12 * 45 / = | 60:calorie x:dozen 12:calorie *:calorie 45:bar /:calorie =:calorie
EXPR: 1 | POS | INT | 12 | 225 | 225 | 60=((12/45)*x) | 60 12 45 / x * = | 60:calorie 12:calorie 45:bar /:calorie x:dozen *:calorie =:calorie
EXPR: 0 | POS | INT | 12 | 225 | 16 | 60=((x*45)/12) | 60 x 45 * 12 / = | 60:bar x:dozen 45:bar *:bar 12:calorie /:bar =:bar
EXPR: 0 | POS | INT | 12 | 225 | 9 | ((60*x)/45)=12 | 60 x * 45 / 12 = | 60:calorie x:dozen *:dozen 45:bar /:dozen 12:dozen =:dozen
EXPR: 0 | POS | INT | 12 | 225 | 16 | 60=((45*x)/12) | 60 45 x * 12 / = | 60:bar 45:bar x:dozen *:bar 12:calorie /:bar =:bar
EXPR: 0 | POS | INT | 12 | 225 | 9 | 60=((45/x)*12) | 60 45 x / 12 * = | 60:bar 45:bar x:dozen /:bar 12:calorie *:bar =:bar
EXPR: 0 | POS | INT | 12 | 225 | 16 | ((x/60)*45)=12 | x 60 / 45 * 12 = | x:dozen 60:calorie /:dozen 45:bar *:bar 12:bar =:bar
EXPR: 0 | POS | INT | 12 | 225 | 9 | ((x*60)/45)=12 | x 60 * 45 / 12 = | x:dozen 60:calorie *:dozen 45:bar /:dozen 12:dozen =:dozen
EXPR: 0 | POS | INT | 12 | 225 | 9 | 60=(45*(12/x)) | 60 45 12 x / * = | 60:calorie 45:bar 12:calorie x:bar /:calorie *:calorie =:calorie
EXPR: 0 | POS | INT | 12 | 225 | 16 | 60=(x*(45/12)) | 60 x 45 12 / * = | 60:dozen x:dozen 45:bar 12:calorie /:bar *:dozen =:dozen
EXPR: 1 | POS | INT | 12 | 225 | 225 | ((60/x)*45)=12 | 60 x / 45 * 12 = | 60:calorie x:dozen /:calorie 45:bar *:bar 12:bar =:bar
EXPR: 0 | POS | INT | 12 | 225 | 32400 | 60=(x/(45*12)) | 60 x 45 12 * / = | 60:dozen x:dozen 45:bar 12:calorie *:bar /:dozen =:dozen
EXPR: 0 | POS | INT | 12 | 225 | 3240 | 60=((x/45)-12) | 60 x 45 / 12 - = | 60:calorie x:calorie 45:bar /:calorie 12:calorie -:calorie =:calorie
EXPR: 0 | POS | INT | 12 | 225 | 2160 | 60=((x/45)+12) | 60 x 45 / 12 + = | 60:calorie x:calorie 45:bar /:calorie 12:calorie +:calorie =:calorie
EXPR: 0 | POS | INT | 12 | 225 | 9 | ((60/45)*x)=12 | 60 45 / x * 12 = | 60:calorie 45:bar /:calorie x:dozen *:dozen 12:dozen =:dozen
EXPR: 0 | POS | INT | 12 | 225 | 40 | 60=((45-x)*12) | 60 45 x - 12 * = | 60:calorie 45:bar x:bar -:bar 12:calorie *:calorie =:calorie
EXPR: 0 | POS | INT | 12 | 225 | 32400 | (x/(60*45))=12 | x 60 45 * / 12 = | x:dozen 60:calorie 45:bar *:calorie /:dozen 12:dozen =:dozen
EXPR: 0 | POS | INT | 12 | 225 | 9 | (x*(60/45))=12 | x 60 45 / * 12 = | x:dozen 60:calorie 45:bar /:calorie *:dozen 12:dozen =:dozen
EXPR: 0 | POS | INT | 12 | 225 | 32400 | (x/(60*45))=12 | x 60 45 * / 12 = | x:calorie 60:calorie 45:bar *:bar /:calorie 12:calorie =:calorie
EXPR: 0 | POS | INT | 12 | 225 | 32400 | 60=(x/(45*12)) | 60 x 45 12 * / = | 60:dozen x:dozen 45:bar 12:calorie *:calorie /:dozen =:dozen
EXPR: 0 | POS | INT | 12 | 225 | 9 | 60=((45/x)*12) | 60 45 x / 12 * = | 60:calorie 45:bar x:calorie /:bar 12:calorie *:calorie =:calorie
EXPR: 0 | POS | INT | 12 | 225 | 9 | (60*(x/45))=12 | 60 x 45 / * 12 = | 60:calorie x:dozen 45:bar /:dozen *:dozen 12:dozen =:dozen
EXPR: 0 | POS | INT | 12 | 225 | 16 | 60=(x*(45/12)) | 60 x 45 12 / * = | 60:bar x:dozen 45:bar 12:calorie /:bar *:bar =:bar
EXPR: 0 | POS | INT | 12 | 225 | 16 | 60=((45/12)*x) | 60 45 12 / x * = | 60:calorie 45:bar 12:calorie /:bar x:calorie *:calorie =:calorie
EXPR: 0 | POS | INT | 12 | 225 | 9 | (60*x)=(45*12) | 60 x * 45 12 * = | 60:calorie x:dozen *:calorie 45:bar 12:calorie *:calorie =:calorie
EXPR: 0 | POS | INT | 12 | 225 | 40 | (60/(45-x))=12 | 60 45 x - / 12 = | 60:calorie 45:bar x:bar -:bar /:calorie 12:calorie =:calorie
EXPR: 1 | POS | INT | 12 | 225 | 225 | (60*(45/x))=12 | 60 45 x / * 12 = | 60:calorie 45:bar x:dozen /:bar *:bar 12:bar =:bar
EXPR: 0 | POS | INT | 17 | 225 | 9 | 12=((60/45)*x) | 12 60 45 / x * = | 12:calorie 60:calorie 45:bar /:calorie x:dozen *:calorie =:calorie
EXPR: 0 | POS | INT | 17 | 225 | 9 | 12=((x*60)/45) | 12 x 60 * 45 / = | 12:calorie x:dozen 60:calorie *:calorie 45:bar /:calorie =:calorie
EXPR: 0 | POS | INT | 17 | 225 | 9 | 12=((60*x)/45) | 12 60 x * 45 / = | 12:calorie 60:calorie x:dozen *:calorie 45:bar /:calorie =:calorie
EXPR: 0 | POS | INT | 20 | 225 | 16 | x=(60*(12/45)) | x 60 12 45 / * = | x:dozen 60:dozen 12:calorie 45:bar /:calorie *:dozen =:dozen
EXPR: 0 | POS | INT | 20 | 225 | 16 | x=(60*(12/45)) | x 60 12 45 / * = | x:dozen 60:calorie 12:dozen 45:bar /:dozen *:dozen =:dozen
EXPR: 0 | POS | INT | 20 | 225 | 2712 | x=((60*45)+12) | x 60 45 * 12 + = | x:bar 60:calorie 45:bar *:bar 12:bar +:bar =:bar
EXPR: 0 | POS | INT | 20 | 225 | 2688 | x=((60*45)-12) | x 60 45 * 12 - = | x:bar 60:calorie 45:bar *:bar 12:bar -:bar =:bar
EXPR: 0 | POS | INT | 20 | 225 | 2688 | x=((60*45)-12) | x 60 45 * 12 - = | x:dozen 60:dozen 45:bar *:dozen 12:dozen -:dozen =:dozen
EXPR: 0 | POS | INT | 20 | 225 | 2712 | x=((60*45)+12) | x 60 45 * 12 + = | x:dozen 60:dozen 45:bar *:dozen 12:dozen +:dozen =:dozen
EXPR: 0 | POS | INT | 20 | 225 | 32400 | x=(60*(45*12)) | x 60 45 12 * * = | x:dozen 60:dozen 45:bar 12:dozen *:bar *:dozen =:dozen
EXPR: 0 | POS | INT | 20 | 225 | 16 | x=((60/45)*12) | x 60 45 / 12 * = | x:calorie 60:calorie 45:bar /:calorie 12:dozen *:calorie =:calorie
EXPR: 0 | POS | INT | 20 | 225 | 1260 | x=((60+45)*12) | x 60 45 + 12 * = | x:calorie 60:bar 45:bar +:bar 12:calorie *:calorie =:calorie
EXPR: 0 | POS | INT | 20 | 225 | 1260 | x=((60+45)*12) | x 60 45 + 12 * = | x:dozen 60:calorie 45:calorie +:calorie 12:dozen *:dozen =:dozen
EXPR: 0 | POS | INT | 20 | 225 | 32400 | x=((60*45)*12) | x 60 45 * 12 * = | x:calorie 60:dozen 45:bar *:dozen 12:calorie *:calorie =:calorie
EXPR: 0 | POS | INT | 20 | 225 | 32400 | x=(45*(60*12)) | x 45 60 12 * * = | x:dozen 45:bar 60:calorie 12:dozen *:dozen *:dozen =:dozen
EXPR: 0 | POS | INT | 20 | 225 | 16 | x=((60/45)*12) | x 60 45 / 12 * = | x:calorie 60:dozen 45:bar /:dozen 12:calorie *:calorie =:calorie
EXPR: 1 | POS | INT | 20 | 225 | 225 | x=((60*45)/12) | x 60 45 * 12 / = | x:calorie 60:calorie 45:bar *:calorie 12:dozen /:calorie =:calorie
EXPR: 0 | POS | INT | 20 | 225 | 3240 | x=((60+12)*45) | x 60 12 + 45 * = | x:dozen 60:calorie 12:calorie +:calorie 45:dozen *:dozen =:dozen
EXPR: 0 | POS | INT | 20 | 225 | 32400 | x=((60*45)*12) | x 60 45 * 12 * = | x:dozen 60:dozen 45:bar *:bar 12:dozen *:dozen =:dozen
EXPR: 0 | POS | INT | 20 | 225 | 16 | x=((60/45)*12) | x 60 45 / 12 * = | x:dozen 60:dozen 45:calorie /:dozen 12:calorie *:dozen =:dozen
EXPR: 1 | POS | INT | 20 | 225 | 225 | x=((60*45)/12) | x 60 45 * 12 / = | x:dozen 60:dozen 45:calorie *:dozen 12:calorie /:dozen =:dozen
EXPR: 0 | POS | INT | 20 | 225 | 32400 | x=(60*(45*12)) | x 60 45 12 * * = | x:calorie 60:calorie 45:bar 12:dozen *:dozen *:calorie =:calorie
EXPR: 0 | POS | INT | 20 | 225 | 180 | x=((60-45)*12) | x 60 45 - 12 * = | x:dozen 60:bar 45:bar -:bar 12:dozen *:dozen =:dozen
EXPR: 1 | POS | INT | 20 | 225 | 225 | x=((60*45)/12) | x 60 45 * 12 / = | x:bar 60:calorie 45:bar *:bar 12:dozen /:bar =:bar
EXPR: 0 | POS | INT | 20 | 225 | 2160 | x=(45*(60-12)) | x 45 60 12 - * = | x:dozen 45:dozen 60:calorie 12:calorie -:calorie *:dozen =:dozen
EXPR: 0 | POS | INT | 20 | 225 | 3240 | x=(45*(60+12)) | x 45 60 12 + * = | x:dozen 45:dozen 60:calorie 12:calorie +:calorie *:dozen =:dozen
EXPR: 0 | POS | INT | 20 | 225 | 180 | x=((60-45)*12) | x 60 45 - 12 * = | x:calorie 60:bar 45:bar -:bar 12:calorie *:calorie =:calorie
EXPR: 0 | POS | INT | 20 | 225 | 32400 | x=((60*45)*12) | x 60 45 * 12 * = | x:bar 60:calorie 45:bar *:bar 12:dozen *:bar =:bar
EXPR: 0 | POS | INT | 20 | 225 | 9 | x=((45/60)*12) | x 45 60 / 12 * = | x:dozen 45:dozen 60:calorie /:dozen 12:calorie *:dozen =:dozen
EXPR: 0 | POS | INT | 20 | 225 | 9 | x=((45/60)*12) | x 45 60 / 12 * = | x:dozen 45:bar 60:calorie /:bar 12:dozen *:dozen =:dozen
EXPR: 0 | POS | INT | 20 | 225 | 2712 | x=((60*45)+12) | x 60 45 * 12 + = | x:dozen 60:calorie 45:dozen *:dozen 12:dozen +:dozen =:dozen
EXPR: 0 | POS | INT | 20 | 225 | 2688 | x=((60*45)-12) | x 60 45 * 12 - = | x:dozen 60:calorie 45:dozen *:dozen 12:dozen -:dozen =:dozen
EXPR: 0 | POS | INT | 20 | 225 | 2712 | x=((60*45)+12) | x 60 45 * 12 + = | x:calorie 60:calorie 45:dozen *:calorie 12:calorie +:calorie =:calorie
EXPR: 0 | POS | INT | 20 | 225 | 32400 | x=(60*(45*12)) | x 60 45 12 * * = | x:bar 60:dozen 45:bar 12:calorie *:bar *:bar =:bar
EXPR: 1 | POS | INT | 20 | 225 | 225 | x=(60*(45/12)) | x 60 45 12 / * = | x:bar 60:dozen 45:bar 12:calorie /:bar *:bar =:bar
EXPR: 0 | POS | INT | 20 | 225 | 3420 | x=(60*(45+12)) | x 60 45 12 + * = | x:dozen 60:dozen 45:calorie 12:calorie +:calorie *:dozen =:dozen
EXPR: 0 | POS | INT | 21 | 225 | 3240 | x=((60+12)*45) | x 60 12 + 45 * = | x:bar 60:calorie 12:calorie +:calorie 45:bar *:bar =:bar
EXPR: 0 | POS | INT | 21 | 225 | 2712 | x=((60*45)+12) | x 60 45 * 12 + = | x:bar 60:calorie 45:bar *:bar 12:bar +:bar =:bar
EXPR: 0 | POS | INT | 21 | 225 | 32400 | x=((60*45)*12) | x 60 45 * 12 * = | x:calorie 60:dozen 45:bar *:bar 12:calorie *:calorie =:calorie
EXPR: 0 | POS | INT | 21 | 225 | 2712 | x=((60*45)+12) | x 60 45 * 12 + = | x:dozen 60:dozen 45:bar *:dozen 12:dozen +:dozen =:dozen
EXPR: 0 | POS | INT | 21 | 225 | 16 | x=(60*(12/45)) | x 60 12 45 / * = | x:dozen 60:dozen 12:calorie 45:bar /:calorie *:dozen =:dozen
EXPR: 0 | POS | INT | 21 | 225 | 1260 | x=((60+45)*12) | x 60 45 + 12 * = | x:calorie 60:bar 45:bar +:bar 12:calorie *:calorie =:calorie
EXPR: 0 | POS | INT | 21 | 225 | 2688 | x=((60*45)-12) | x 60 45 * 12 - = | x:dozen 60:dozen 45:bar *:dozen 12:dozen -:dozen =:dozen
EXPR: 0 | POS | INT | 21 | 225 | 32400 | x=(60*(45*12)) | x 60 45 12 * * = | x:dozen 60:dozen 45:bar 12:dozen *:bar *:dozen =:dozen
EXPR: 0 | POS | INT | 21 | 225 | 32400 | x=(45*(60*12)) | x 45 60 12 * * = | x:dozen 45:bar 60:calorie 12:dozen *:dozen *:dozen =:dozen
EXPR: 0 | POS | INT | 21 | 225 | 16 | x=((60/45)*12) | x 60 45 / 12 * = | x:calorie 60:calorie 45:bar /:calorie 12:dozen *:calorie =:calorie
EXPR: 0 | POS | INT | 21 | 225 | 1260 | x=((60+45)*12) | x 60 45 + 12 * = | x:dozen 60:calorie 45:calorie +:calorie 12:dozen *:dozen =:dozen
EXPR: 0 | POS | INT | 21 | 225 | 3240 | x=((60+12)*45) | x 60 12 + 45 * = | x:dozen 60:calorie 12:calorie +:calorie 45:dozen *:dozen =:dozen
EXPR: 0 | POS | INT | 21 | 225 | 32400 | x=((60*45)*12) | x 60 45 * 12 * = | x:dozen 60:dozen 45:bar *:bar 12:dozen *:dozen =:dozen
EXPR: 1 | POS | INT | 21 | 225 | 225 | x=((60*45)/12) | x 60 45 * 12 / = | x:dozen 60:dozen 45:calorie *:dozen 12:calorie /:dozen =:dozen
EXPR: 0 | POS | INT | 21 | 225 | 32400 | x=(60*(45*12)) | x 60 45 12 * * = | x:calorie 60:calorie 45:bar 12:dozen *:dozen *:calorie =:calorie
EXPR: 0 | POS | INT | 21 | 225 | 2160 | x=(45*(60-12)) | x 45 60 12 - * = | x:dozen 45:dozen 60:calorie 12:calorie -:calorie *:dozen =:dozen
EXPR: 0 | POS | INT | 21 | 225 | 3240 | x=(45*(60+12)) | x 45 60 12 + * = | x:dozen 45:dozen 60:calorie 12:calorie +:calorie *:dozen =:dozen
EXPR: 0 | POS | INT | 21 | 225 | 16 | x=(60*(12/45)) | x 60 12 45 / * = | x:dozen 60:calorie 12:dozen 45:bar /:dozen *:dozen =:dozen
EXPR: 1 | POS | INT | 21 | 225 | 225 | x=((60*45)/12) | x 60 45 * 12 / = | x:bar 60:calorie 45:bar *:bar 12:dozen /:bar =:bar
EXPR: 0 | POS | INT | 21 | 225 | 9 | x=((45/60)*12) | x 45 60 / 12 * = | x:dozen 45:dozen 60:calorie /:dozen 12:calorie *:dozen =:dozen
EXPR: 0 | POS | INT | 21 | 225 | 32400 | x=((60*45)*12) | x 60 45 * 12 * = | x:bar 60:calorie 45:bar *:bar 12:dozen *:bar =:bar
EXPR: 0 | POS | INT | 21 | 225 | 2688 | x=((60*45)-12) | x 60 45 * 12 - = | x:dozen 60:calorie 45:dozen *:dozen 12:dozen -:dozen =:dozen
EXPR: 0 | POS | INT | 21 | 225 | 9 | x=((45/60)*12) | x 45 60 / 12 * = | x:dozen 45:bar 60:calorie /:bar 12:dozen *:dozen =:dozen
EXPR: 0 | POS | INT | 21 | 225 | 2712 | x=((60*45)+12) | x 60 45 * 12 + = | x:dozen 60:calorie 45:dozen *:dozen 12:dozen +:dozen =:dozen
EXPR: 0 | POS | INT | 22 | 225 | 50 | 60=((x-45)*12) | 60 x 45 - 12 * = | 60:dozen x:dozen 45:dozen -:dozen 12:calorie *:dozen =:dozen
EXPR: 0 | POS | INT | 22 | 225 | 32400 | 60=(x/(45*12)) | 60 x 45 12 * / = | 60:calorie x:calorie 45:bar 12:dozen *:dozen /:calorie =:calorie
EXPR: 0 | POS | INT | 22 | 225 | 2712 | (x-(60*45))=12 | x 60 45 * - 12 = | x:dozen 60:dozen 45:bar *:dozen -:dozen 12:dozen =:dozen
EXPR: 0 | POS | INT | 22 | 225 | 40 | 60=(12*(45-x)) | 60 12 45 x - * = | 60:calorie 12:calorie 45:bar x:bar -:bar *:calorie =:calorie
EXPR: 0 | POS | INT | 22 | 225 | 32400 | (x/(60*45))=12 | x 60 45 * / 12 = | x:calorie 60:dozen 45:bar *:bar /:calorie 12:calorie =:calorie
EXPR: 1 | POS | INT | 22 | 225 | 225 | 60=((x/45)*12) | 60 x 45 / 12 * = | 60:bar x:dozen 45:bar /:dozen 12:bar *:bar =:bar
EXPR: 0 | POS | INT | 22 | 225 | 9 | 60=((45*12)/x) | 60 45 12 * x / = | 60:calorie 45:dozen 12:calorie *:calorie x:bar /:calorie =:calorie
EXPR: 0 | POS | INT | 22 | 225 | 16 | ((x/60)*45)=12 | x 60 / 45 * 12 = | x:dozen 60:calorie /:dozen 45:calorie *:dozen 12:dozen =:dozen
EXPR: 0 | POS | INT | 22 | 225 | 2712 | (x-(60*45))=12 | x 60 45 * - 12 = | x:bar 60:calorie 45:bar *:bar -:bar 12:bar =:bar
EXPR: 0 | POS | INT | 22 | 225 | 16 | 60=((45*x)/12) | 60 45 x * 12 / = | 60:calorie 45:bar x:calorie *:calorie 12:dozen /:calorie =:calorie
EXPR: 0 | POS | INT | 22 | 225 | 16 | 60=((x/12)*45) | 60 x 12 / 45 * = | 60:bar x:dozen 12:calorie /:dozen 45:bar *:bar =:bar
EXPR: 1 | POS | INT | 22 | 225 | 225 | ((x/60)*12)=45 | x 60 / 12 * 45 = | x:dozen 60:calorie /:dozen 12:bar *:bar 45:bar =:bar
EXPR: 0 | POS | INT | 22 | 225 | 3 | (60-(x+45))=12 | 60 x 45 + - 12 = | 60:calorie x:calorie 45:calorie +:calorie -:calorie 12:calorie =:calorie
EXPR: 0 | POS | INT | 22 | 225 | 16 | ((x/60)*45)=12 | x 60 / 45 * 12 = | x:dozen 60:bar /:dozen 45:calorie *:calorie 12:calorie =:calorie
EXPR: 0 | POS | INT | 22 | 225 | 16 | 60=((45/12)*x) | 60 45 12 / x * = | 60:calorie 45:bar 12:dozen /:bar x:calorie *:calorie =:calorie
EXPR: 0 | POS | INT | 22 | 225 | 16 | ((x/60)*45)=12 | x 60 / 45 * 12 = | x:dozen 60:bar /:dozen 45:bar *:bar 12:bar =:bar
EXPR: 0 | POS | INT | 22 | 225 | 16 | ((x/60)*45)=12 | x 60 / 45 * 12 = | x:calorie 60:bar /:calorie 45:bar *:calorie 12:calorie =:calorie
EXPR: 1 | POS | INT | 22 | 225 | 225 | (60*(45/x))=12 | 60 45 x / * 12 = | 60:calorie 45:dozen x:bar /:dozen *:calorie 12:calorie =:calorie
EXPR: 0 | POS | INT | 22 | 225 | 93 | ((60+45)-x)=12 | 60 45 + x - 12 = | 60:calorie 45:calorie +:calorie x:calorie -:calorie 12:calorie =:calorie
EXPR: 0 | POS | INT | 22 | 225 | 16 | ((x*45)/60)=12 | x 45 * 60 / 12 = | x:dozen 45:bar *:bar 60:calorie /:bar 12:bar =:bar
EXPR: 0 | POS | INT | 22 | 225 | 9 | (60*(x/45))=12 | 60 x 45 / * 12 = | 60:bar x:dozen 45:bar /:dozen *:bar 12:bar =:bar
EXPR: 0 | POS | INT | 22 | 225 | 16 | (x*(45/60))=12 | x 45 60 / * 12 = | x:dozen 45:bar 60:calorie /:bar *:bar 12:bar =:bar
EXPR: 0 | POS | INT | 22 | 225 | 2712 | (60*45)=(x-12) | 60 45 * x 12 - = | 60:calorie 45:bar *:calorie x:calorie 12:calorie -:calorie =:calorie
EXPR: 0 | POS | INT | 22 | 225 | 16 | (60*(12/x))=45 | 60 12 x / * 45 = | 60:calorie 12:bar x:dozen /:bar *:bar 45:bar =:bar
EXPR: 1 | POS | INT | 22 | 225 | 225 | (60*(45/x))=12 | 60 45 x / * 12 = | 60:calorie 45:dozen x:calorie /:dozen *:calorie 12:calorie =:calorie
EXPR: 1 | POS | INT | 22 | 225 | 225 | ((60/x)*45)=12 | 60 x / 45 * 12 = | 60:calorie x:dozen /:calorie 45:dozen *:dozen 12:dozen =:dozen
EXPR: 0 | POS | INT | 22 | 225 | 3 | ((60-45)-x)=12 | 60 45 - x - 12 = | 60:calorie 45:calorie -:calorie x:calorie -:calorie 12:calorie =:calorie
EXPR: 0 | POS | INT | 22 | 225 | 600 | ((x-60)/45)=12 | x 60 - 45 / 12 = | x:calorie 60:calorie -:calorie 45:dozen /:calorie 12:calorie =:calorie
EXPR: 1 | POS | INT | 22 | 225 | 225 | ((60*45)/x)=12 | 60 45 * x / 12 = | 60:calorie 45:bar *:bar x:calorie /:bar 12:bar =:bar
EXPR: 0 | POS | INT | 22 | 225 | 9 | ((x*60)/45)=12 | x 60 * 45 / 12 = | x:calorie 60:bar *:calorie 45:bar /:calorie 12:calorie =:calorie
EXPR: 0 | POS | INT | 22 | 225 | 9 | ((60/45)*x)=12 | 60 45 / x * 12 = | 60:calorie 45:bar /:calorie x:bar *:bar 12:bar =:bar
EXPR: 0 | POS | INT | 22 | 225 | 32400 | (x/(60*45))=12 | x 60 45 * / 12 = | x:calorie 60:dozen 45:bar *:dozen /:calorie 12:calorie =:calorie
EXPR: 0 | POS | INT | 22 | 225 | 16 | ((45/60)*x)=12 | 45 60 / x * 12 = | 45:bar 60:calorie /:bar x:calorie *:calorie 12:calorie =:calorie
EXPR: 0 | POS | INT | 22 | 225 | 16 | 60=((x*45)/12) | 60 x 45 * 12 / = | 60:calorie x:dozen 45:calorie *:calorie 12:bar /:calorie =:calorie
EXPR: 0 | POS | INT | 22 | 225 | 9 | ((60*x)/12)=45 | 60 x * 12 / 45 = | 60:calorie x:dozen *:dozen 12:calorie /:dozen 45:dozen =:dozen
EXPR: 0 | POS | INT | 22 | 225 | 16 | 60=((45/12)*x) | 60 45 12 / x * = | 60:calorie 45:calorie 12:bar /:calorie x:dozen *:calorie =:calorie
EXPR: 0 | POS | INT | 22 | 225 | 9 | ((60*x)/45)=12 | 60 x * 45 / 12 = | 60:dozen x:calorie *:calorie 45:bar /:calorie 12:calorie =:calorie
EXPR: 0 | POS | INT | 22 | 225 | 16 | 60=((x*45)/12) | 60 x 45 * 12 / = | 60:calorie x:dozen 45:calorie *:calorie 12:dozen /:calorie =:calorie
EXPR: 0 | POS | INT | 22 | 225 | 9 | ((x/45)*60)=12 | x 45 / 60 * 12 = | x:dozen 45:calorie /:dozen 60:calorie *:calorie 12:calorie =:calorie
EXPR: 0 | POS | INT | 22 | 225 | 16 | 60=((45/12)*x) | 60 45 12 / x * = | 60:calorie 45:calorie 12:dozen /:calorie x:dozen *:calorie =:calorie
EXPR: 0 | POS | INT | 22 | 225 | 9 | 60=((45/x)*12) | 60 45 x / 12 * = | 60:calorie 45:dozen x:calorie /:dozen 12:calorie *:calorie =:calorie
EXPR: 0 | POS | INT | 22 | 225 | 9 | 60=((45*12)/x) | 60 45 12 * x / = | 60:calorie 45:calorie 12:bar *:calorie x:dozen /:calorie =:calorie
EXPR: 0 | POS | INT | 22 | 225 | 480 | ((x+60)/45)=12 | x 60 + 45 / 12 = | x:calorie 60:calorie +:calorie 45:dozen /:calorie 12:calorie =:calorie
EXPR: 0 | POS | INT | 22 | 225 | 2688 | 60=((12+x)/45) | 60 12 x + 45 / = | 60:calorie 12:calorie x:calorie +:calorie 45:bar /:calorie =:calorie
EXPR: 0 | POS | INT | 22 | 225 | 2688 | ((60*45)-x)=12 | 60 45 * x - 12 = | 60:calorie 45:dozen *:calorie x:calorie -:calorie 12:calorie =:calorie
EXPR: 0 | POS | INT | 22 | 225 | 16 | ((45/60)*x)=12 | 45 60 / x * 12 = | 45:bar 60:calorie /:bar x:dozen *:dozen 12:dozen =:dozen
EXPR: 1 | POS | INT | 22 | 225 | 225 | 60=((x*12)/45) | 60 x 12 * 45 / = | 60:calorie x:bar 12:calorie *:calorie 45:bar /:calorie =:calorie
EXPR: 1 | POS | INT | 22 | 225 | 225 | 60=((x*12)/45) | 60 x 12 * 45 / = | 60:calorie x:dozen 12:calorie *:calorie 45:dozen /:calorie =:calorie
EXPR: 0 | POS | INT | 22 | 225 | 1260 | (x/(60+45))=12 | x 60 45 + / 12 = | x:dozen 60:bar 45:bar +:bar /:dozen 12:dozen =:dozen
EXPR: 0 | POS | INT | 22 | 225 | 180 | (x/(60-45))=12 | x 60 45 - / 12 = | x:dozen 60:bar 45:bar -:bar /:dozen 12:dozen =:dozen
EXPR: 1 | POS | INT | 22 | 225 | 225 | 60=((12/45)*x) | 60 12 45 / x * = | 60:calorie 12:calorie 45:dozen /:calorie x:dozen *:calorie =:calorie
EXPR: 0 | POS | INT | 22 | 225 | 27 | 60=(45-(12-x)) | 60 45 12 x - - = | 60:calorie 45:calorie 12:calorie x:calorie -:calorie -:calorie =:calorie
EXPR: 1 | POS | INT | 22 | 225 | 225 | 45=((x/60)*12) | 45 x 60 / 12 * = | 45:bar x:bar 60:calorie /:bar 12:calorie *:bar =:bar
EXPR: 0 | POS | INT | 22 | 225 | 32400 | (60*45)=(x/12) | 60 45 * x 12 / = | 60:calorie 45:bar *:bar x:bar 12:calorie /:bar =:bar
EXPR: 0 | POS | INT | 22 | 225 | 9 | 60=((45/x)*12) | 60 45 x / 12 * = | 60:bar 45:bar x:dozen /:bar 12:dozen *:bar =:bar
EXPR: 0 | POS | INT | 22 | 225 | 9 | 60=((45/x)*12) | 60 45 x / 12 * = | 60:calorie 45:calorie x:dozen /:calorie 12:dozen *:calorie =:calorie
EXPR: 1 | POS | INT | 22 | 225 | 225 | (60*45)=(12*x) | 60 45 * 12 x * = | 60:calorie 45:dozen *:dozen 12:calorie x:dozen *:dozen =:dozen
EXPR: 0 | POS | INT | 22 | 225 | 16 | 60=((45/12)*x) | 60 45 12 / x * = | 60:calorie 45:dozen 12:calorie /:dozen x:calorie *:calorie =:calorie
EXPR: 1 | POS | INT | 22 | 225 | 225 | ((x/60)*12)=45 | x 60 / 12 * 45 = | x:dozen 60:calorie /:dozen 12:calorie *:calorie 45:calorie =:calorie
EXPR: 1 | POS | INT | 22 | 225 | 225 | (60*(45/x))=12 | 60 45 x / * 12 = | 60:calorie 45:bar x:calorie /:bar *:bar 12:bar =:bar
EXPR: 0 | POS | INT | 22 | 225 | 9 | 45=((x*60)/12) | 45 x 60 * 12 / = | 45:bar x:bar 60:calorie *:bar 12:calorie /:bar =:bar
EXPR: 0 | POS | INT | 22 | 225 | 16 | 60=((45*x)/12) | 60 45 x * 12 / = | 60:calorie 45:calorie x:dozen *:calorie 12:dozen /:calorie =:calorie
EXPR: 0 | POS | INT | 22 | 225 | 2160 | 45=(x/(60-12)) | 45 x 60 12 - / = | 45:dozen x:dozen 60:calorie 12:calorie -:calorie /:dozen =:dozen
EXPR: 0 | POS | INT | 22 | 225 | 3240 | 45=(x/(60+12)) | 45 x 60 12 + / = | 45:dozen x:dozen 60:calorie 12:calorie +:calorie /:dozen =:dozen
EXPR: 1 | POS | INT | 22 | 225 | 225 | (60*45)=(x*12) | 60 45 * x 12 * = | 60:calorie 45:bar *:bar x:bar 12:calorie *:bar =:bar
EXPR: 1 | POS | INT | 22 | 225 | 225 | (60*45)=(x*12) | 60 45 * x 12 * = | 60:calorie 45:bar *:bar x:dozen 12:bar *:bar =:bar
EXPR: 0 | POS | INT | 22 | 225 | 50 | 60=(12*(x-45)) | 60 12 x 45 - * = | 60:calorie 12:calorie x:dozen 45:dozen -:dozen *:calorie =:calorie
EXPR: 0 | POS | INT | 22 | 225 | 1980 | 60=(x/(45-12)) | 60 x 45 12 - / = | 60:dozen x:dozen 45:calorie 12:calorie -:calorie /:dozen =:dozen
EXPR: 0 | POS | INT | 22 | 225 | 3420 | 60=(x/(45+12)) | 60 x 45 12 + / = | 60:dozen x:dozen 45:calorie 12:calorie +:calorie /:dozen =:dozen
EXPR: 0 | POS | INT | 22 | 225 | 3 | (60-(45+x))=12 | 60 45 x + - 12 = | 60:calorie 45:calorie x:calorie +:calorie -:calorie 12:calorie =:calorie
EXPR: 0 | POS | INT | 22 | 225 | 9 | ((x*60)/45)=12 | x 60 * 45 / 12 = | x:dozen 60:calorie *:dozen 45:calorie /:dozen 12:dozen =:dozen
EXPR: 0 | POS | INT | 22 | 225 | 9 | ((x*60)/12)=45 | x 60 * 12 / 45 = | x:dozen 60:calorie *:dozen 12:calorie /:dozen 45:dozen =:dozen
EXPR: 0 | POS | INT | 22 | 225 | 480 | ((60+x)/45)=12 | 60 x + 45 / 12 = | 60:dozen x:dozen +:dozen 45:bar /:dozen 12:dozen =:dozen
EXPR: 0 | POS | INT | 22 | 225 | 9 | (60*(x/45))=12 | 60 x 45 / * 12 = | 60:bar x:calorie 45:bar /:calorie *:calorie 12:calorie =:calorie
EXPR: 0 | POS | INT | 22 | 225 | 16 | 60=((45*x)/12) | 60 45 x * 12 / = | 60:calorie 45:calorie x:dozen *:calorie 12:bar /:calorie =:calorie
EXPR: 0 | POS | INT | 22 | 225 | 9 | 60=((45/x)*12) | 60 45 x / 12 * = | 60:calorie 45:calorie x:dozen /:calorie 12:bar *:calorie =:calorie
EXPR: 0 | POS | INT | 22 | 225 | 27 | 60=((45+x)-12) | 60 45 x + 12 - = | 60:calorie 45:calorie x:calorie +:calorie 12:calorie -:calorie =:calorie
EXPR: 0 | POS | INT | 22 | 225 | 480 | 60=((45*12)-x) | 60 45 12 * x - = | 60:bar 45:bar 12:calorie *:bar x:bar -:bar =:bar
EXPR: 0 | POS | INT | 22 | 225 | 3 | 60=((45+x)+12) | 60 45 x + 12 + = | 60:calorie 45:calorie x:calorie +:calorie 12:calorie +:calorie =:calorie
EXPR: 0 | POS | INT | 22 | 225 | 3240 | ((x/45)-60)=12 | x 45 / 60 - 12 = | x:calorie 45:bar /:calorie 60:calorie -:calorie 12:calorie =:calorie
EXPR: 0 | POS | INT | 22 | 225 | 3 | 60=((45+12)+x) | 60 45 12 + x + = | 60:calorie 45:calorie 12:calorie +:calorie x:calorie +:calorie =:calorie
EXPR: 1 | POS | INT | 22 | 225 | 225 | (45*(60/x))=12 | 45 60 x / * 12 = | 45:dozen 60:calorie x:dozen /:calorie *:calorie 12:calorie =:calorie
EXPR: 1 | POS | INT | 22 | 225 | 225 | ((60*45)/x)=12 | 60 45 * x / 12 = | 60:bar 45:calorie *:calorie x:dozen /:calorie 12:calorie =:calorie
EXPR: 0 | POS | INT | 22 | 225 | 16 | ((x/60)*45)=12 | x 60 / 45 * 12 = | x:bar 60:calorie /:bar 45:calorie *:calorie 12:calorie =:calorie
EXPR: 0 | POS | INT | 22 | 225 | 180 | 60=(45+(x/12)) | 60 45 x 12 / + = | 60:bar 45:bar x:bar 12:calorie /:bar +:bar =:bar
EXPR: 0 | POS | INT | 22 | 225 | 93 | (60+(45-x))=12 | 60 45 x - + 12 = | 60:calorie 45:calorie x:calorie -:calorie +:calorie 12:calorie =:calorie
EXPR: 1 | POS | INT | 22 | 225 | 225 | 60=((x/45)*12) | 60 x 45 / 12 * = | 60:calorie x:bar 45:dozen /:bar 12:calorie *:calorie =:calorie
EXPR: 1 | POS | INT | 22 | 225 | 225 | ((60/x)*45)=12 | 60 x / 45 * 12 = | 60:calorie x:bar /:calorie 45:bar *:bar 12:bar =:bar
EXPR: 0 | POS | INT | 22 | 225 | 16 | 60=((x*45)/12) | 60 x 45 * 12 / = | 60:bar x:calorie 45:bar *:bar 12:calorie /:bar =:bar
EXPR: 0 | POS | INT | 22 | 225 | 9 | (x*60)=(45*12) | x 60 * 45 12 * = | x:dozen 60:calorie *:dozen 45:bar 12:dozen *:dozen =:dozen
EXPR: 0 | POS | INT | 22 | 225 | 32400 | (x/60)=(45*12) | x 60 / 45 12 * = | x:dozen 60:calorie /:dozen 45:bar 12:dozen *:dozen =:dozen
EXPR: 0 | POS | INT | 22 | 225 | 9 | 45=((60*x)/12) | 45 60 x * 12 / = | 45:dozen 60:calorie x:dozen *:dozen 12:calorie /:dozen =:dozen
EXPR: 0 | POS | INT | 22 | 225 | 9 | (60*(x/12))=45 | 60 x 12 / * 45 = | 60:calorie x:dozen 12:calorie /:dozen *:dozen 45:dozen =:dozen
EXPR: 0 | POS | INT | 22 | 225 | 9 | 60=((45*12)/x) | 60 45 12 * x / = | 60:bar 45:bar 12:dozen *:bar x:dozen /:bar =:bar
EXPR: 1 | POS | INT | 22 | 225 | 225 | (45*(60/x))=12 | 45 60 x / * 12 = | 45:bar 60:calorie x:dozen /:calorie *:bar 12:bar =:bar
EXPR: 0 | POS | INT | 22 | 225 | 9 | 60=((45*12)/x) | 60 45 12 * x / = | 60:calorie 45:calorie 12:dozen *:calorie x:dozen /:calorie =:calorie
EXPR: 0 | POS | INT | 22 | 225 | 765 | 60=((x-45)/12) | 60 x 45 - 12 / = | 60:dozen x:dozen 45:dozen -:dozen 12:calorie /:dozen =:dozen
EXPR: 0 | POS | INT | 22 | 225 | 675 | 60=((x+45)/12) | 60 x 45 + 12 / = | 60:dozen x:dozen 45:dozen +:dozen 12:calorie /:dozen =:dozen
EXPR: 1 | POS | INT | 22 | 225 | 225 | (x/60)=(45/12) | x 60 / 45 12 / = | x:dozen 60:calorie /:dozen 45:dozen 12:calorie /:dozen =:dozen
EXPR: 0 | POS | INT | 22 | 225 | 32400 | (x/60)=(45*12) | x 60 / 45 12 * = | x:dozen 60:calorie /:dozen 45:dozen 12:calorie *:dozen =:dozen
EXPR: 0 | POS | INT | 22 | 225 | 32400 | (x/(60*45))=12 | x 60 45 * / 12 = | x:bar 60:calorie 45:bar *:calorie /:bar 12:bar =:bar
EXPR: 0 | POS | INT | 22 | 225 | 9 | (x*60)=(45*12) | x 60 * 45 12 * = | x:dozen 60:calorie *:dozen 45:dozen 12:calorie *:dozen =:dozen
EXPR: 0 | POS | INT | 22 | 225 | 480 | 60=((45*12)-x) | 60 45 12 * x - = | 60:dozen 45:dozen 12:calorie *:dozen x:dozen -:dozen =:dozen
EXPR: 0 | POS | INT | 22 | 225 | 16 | 45=((60/x)*12) | 45 60 x / 12 * = | 45:bar 60:calorie x:dozen /:calorie 12:bar *:bar =:bar
EXPR: 0 | POS | INT | 22 | 225 | 9 | (x*(60/45))=12 | x 60 45 / * 12 = | x:bar 60:calorie 45:bar /:calorie *:bar 12:bar =:bar
EXPR: 0 | POS | INT | 22 | 225 | 9 | 45=((60*x)/12) | 45 60 x * 12 / = | 45:bar 60:bar x:dozen *:bar 12:calorie /:bar =:bar
EXPR: 0 | POS | INT | 22 | 225 | 16 | 45=((60/x)*12) | 45 60 x / 12 * = | 45:bar 60:bar x:dozen /:bar 12:calorie *:bar =:bar
EXPR: 0 | POS | INT | 22 | 225 | 16 | 60=((x/12)*45) | 60 x 12 / 45 * = | 60:calorie x:dozen 12:calorie /:dozen 45:calorie *:calorie =:calorie
EXPR: 0 | POS | INT | 22 | 225 | 16 | 60=((45*x)/12) | 60 45 x * 12 / = | 60:bar 45:bar x:dozen *:bar 12:dozen /:bar =:bar
EXPR: 0 | POS | INT | 22 | 225 | 3420 | ((x/60)-45)=12 | x 60 / 45 - 12 = | x:bar 60:calorie /:bar 45:bar -:bar 12:bar =:bar
EXPR: 0 | POS | INT | 22 | 225 | 9 | ((x*60)/45)=12 | x 60 * 45 / 12 = | x:dozen 60:bar *:dozen 45:bar /:dozen 12:dozen =:dozen
EXPR: 0 | POS | INT | 22 | 225 | 9 | 60=((45/x)*12) | 60 45 x / 12 * = | 60:calorie 45:dozen x:bar /:dozen 12:calorie *:calorie =:calorie
EXPR: 0 | POS | INT | 22 | 225 | 32400 | (x/(60*45))=12 | x 60 45 * / 12 = | x:dozen 60:dozen 45:bar *:bar /:dozen 12:dozen =:dozen
EXPR: 0 | POS | INT | 22 | 225 | 16 | ((x/60)*45)=12 | x 60 / 45 * 12 = | x:dozen 60:bar /:dozen 45:bar *:dozen 12:dozen =:dozen
EXPR: 0 | POS | INT | 22 | 225 | 2688 | ((60*45)-x)=12 | 60 45 * x - 12 = | 60:dozen 45:bar *:dozen x:dozen -:dozen 12:dozen =:dozen
EXPR: 0 | POS | INT | 22 | 225 | 16 | ((x*45)/60)=12 | x 45 * 60 / 12 = | x:dozen 45:bar *:dozen 60:calorie /:dozen 12:dozen =:dozen
EXPR: 0 | POS | INT | 22 | 225 | 9 | ((x*60)/45)=12 | x 60 * 45 / 12 = | x:bar 60:calorie *:calorie 45:dozen /:calorie 12:calorie =:calorie
EXPR: 0 | POS | INT | 22 | 225 | 180 | (x/(60-45))=12 | x 60 45 - / 12 = | x:calorie 60:bar 45:bar -:bar /:calorie 12:calorie =:calorie
EXPR: 0 | POS | INT | 22 | 225 | 9 | (x*60)=(45*12) | x 60 * 45 12 * = | x:bar 60:calorie *:bar 45:bar 12:calorie *:bar =:bar
EXPR: 0 | POS | INT | 22 | 225 | 32400 | (x/60)=(45*12) | x 60 / 45 12 * = | x:bar 60:calorie /:bar 45:bar 12:calorie *:bar =:bar
EXPR: 0 | POS | INT | 22 | 225 | 16 | ((45*x)/60)=12 | 45 x * 60 / 12 = | 45:bar x:dozen *:bar 60:calorie /:bar 12:bar =:bar
EXPR: 0 | POS | INT | 22 | 225 | 9 | ((x/45)*60)=12 | x 45 / 60 * 12 = | x:dozen 45:bar /:dozen 60:calorie *:dozen 12:dozen =:dozen
EXPR: 0 | POS | INT | 22 | 225 | 3 | 60=(45+(12+x)) | 60 45 12 x + + = | 60:calorie 45:calorie 12:calorie x:calorie +:calorie +:calorie =:calorie
EXPR: 0 | POS | INT | 22 | 225 | 16 | 45=(60*(12/x)) | 45 60 12 x / * = | 45:bar 60:calorie 12:bar x:dozen /:bar *:bar =:bar
EXPR: 1 | POS | INT | 22 | 225 | 225 | (x/60)=(45/12) | x 60 / 45 12 / = | x:bar 60:calorie /:bar 45:bar 12:calorie /:bar =:bar
EXPR: 1 | POS | INT | 22 | 225 | 225 | (45*(60/x))=12 | 45 60 x / * 12 = | 45:bar 60:calorie x:bar /:calorie *:calorie 12:calorie =:calorie
EXPR: 1 | POS | INT | 22 | 225 | 225 | 60=((12*x)/45) | 60 12 x * 45 / = | 60:calorie 12:calorie x:dozen *:calorie 45:dozen /:calorie =:calorie
EXPR: 1 | POS | INT | 22 | 225 | 225 | 60=(x*(12/45)) | 60 x 12 45 / * = | 60:calorie x:dozen 12:calorie 45:dozen /:calorie *:calorie =:calorie
EXPR: 0 | POS | INT | 22 | 225 | 9 | 60=((45*12)/x) | 60 45 12 * x / = | 60:bar 45:bar 12:calorie *:bar x:calorie /:bar =:bar
EXPR: 0 | POS | INT | 22 | 225 | 32400 | 60=(x/(45*12)) | 60 x 45 12 * / = | 60:calorie x:calorie 45:bar 12:dozen *:bar /:calorie =:calorie
EXPR: 0 | POS | INT | 22 | 225 | 9 | 60=((12/x)*45) | 60 12 x / 45 * = | 60:calorie 12:calorie x:dozen /:calorie 45:dozen *:calorie =:calorie
EXPR: 0 | POS | INT | 22 | 225 | 600 | 60=(x-(45*12)) | 60 x 45 12 * - = | 60:bar x:bar 45:bar 12:calorie *:bar -:bar =:bar
EXPR: 0 | POS | INT | 22 | 225 | 16 | 60=(x*(45/12)) | 60 x 45 12 / * = | 60:bar x:calorie 45:bar 12:calorie /:bar *:bar =:bar
EXPR: 0 | POS | INT | 22 | 225 | 600 | ((x-60)/45)=12 | x 60 - 45 / 12 = | x:dozen 60:dozen -:dozen 45:bar /:dozen 12:dozen =:dozen
EXPR: 0 | POS | INT | 22 | 225 | 16 | ((60/x)*12)=45 | 60 x / 12 * 45 = | 60:calorie x:dozen /:calorie 12:bar *:bar 45:bar =:bar
EXPR: 0 | POS | INT | 22 | 225 | 16 | 60=(x*(45/12)) | 60 x 45 12 / * = | 60:calorie x:calorie 45:bar 12:dozen /:bar *:calorie =:calorie
EXPR: 0 | POS | INT | 22 | 225 | 16 | 60=((45/12)*x) | 60 45 12 / x * = | 60:bar 45:bar 12:calorie /:bar x:calorie *:bar =:bar
EXPR: 0 | POS | INT | 22 | 225 | 480 | ((x+60)/45)=12 | x 60 + 45 / 12 = | x:dozen 60:dozen +:dozen 45:bar /:dozen 12:dozen =:dozen
EXPR: 1 | POS | INT | 22 | 225 | 225 | ((60*45)/x)=12 | 60 45 * x / 12 = | 60:dozen 45:calorie *:calorie x:dozen /:calorie 12:calorie =:calorie
EXPR: 1 | POS | INT | 22 | 225 | 225 | ((60/x)*45)=12 | 60 x / 45 * 12 = | 60:calorie x:bar /:calorie 45:dozen *:calorie 12:calorie =:calorie
EXPR: 0 | POS | INT | 22 | 225 | 9 | 45=(x*(60/12)) | 45 x 60 12 / * = | 45:bar x:dozen 60:bar 12:calorie /:bar *:bar =:bar
EXPR: 0 | POS | INT | 22 | 225 | 180 | (x/(60-45))=12 | x 60 45 - / 12 = | x:dozen 60:calorie 45:calorie -:calorie /:dozen 12:dozen =:dozen
EXPR: 0 | POS | INT | 22 | 225 | 1260 | (x/(60+45))=12 | x 60 45 + / 12 = | x:dozen 60:calorie 45:calorie +:calorie /:dozen 12:dozen =:dozen
EXPR: 0 | POS | INT | 22 | 225 | 9 | (60*x)=(45*12) | 60 x * 45 12 * = | 60:calorie x:bar *:calorie 45:bar 12:calorie *:calorie =:calorie
EXPR: 1 | POS | INT | 22 | 225 | 225 | (60*45)=(12*x) | 60 45 * 12 x * = | 60:calorie 45:bar *:bar 12:bar x:dozen *:bar =:bar
EXPR: 0 | POS | INT | 22 | 225 | 9 | ((60*x)/12)=45 | 60 x * 12 / 45 = | 60:bar x:dozen *:bar 12:calorie /:bar 45:bar =:bar
EXPR: 1 | POS | INT | 22 | 225 | 225 | (60*45)=(x*12) | 60 45 * x 12 * = | 60:calorie 45:bar *:calorie x:bar 12:calorie *:calorie =:calorie
EXPR: 0 | POS | INT | 22 | 225 | 16 | 45=((60*12)/x) | 45 60 12 * x / = | 45:bar 60:bar 12:calorie *:bar x:dozen /:bar =:bar
EXPR: 0 | POS | INT | 22 | 225 | 9 | 45=((60/12)*x) | 45 60 12 / x * = | 45:bar 60:bar 12:calorie /:bar x:dozen *:bar =:bar
EXPR: 0 | POS | INT | 22 | 225 | 9 | ((60*x)/45)=12 | 60 x * 45 / 12 = | 60:calorie x:dozen *:dozen 45:calorie /:dozen 12:dozen =:dozen
EXPR: 0 | POS | INT | 22 | 225 | 480 | (60+x)=(45*12) | 60 x + 45 12 * = | 60:calorie x:calorie +:calorie 45:bar 12:calorie *:calorie =:calorie
EXPR: 0 | POS | INT | 25 | 225 | 32400 | x=(12*(60*45)) | x 12 60 45 * * = | x:dozen 12:dozen 60:calorie 45:bar *:calorie *:dozen =:dozen
EXPR: 0 | POS | INT | 25 | 225 | 32400 | x=(12*(60*45)) | x 12 60 45 * * = | x:dozen 12:calorie 60:calorie 45:dozen *:dozen *:dozen =:dozen
EXPR: 0 | POS | INT | 25 | 225 | 16 | x=(12*(60/45)) | x 12 60 45 / * = | x:dozen 12:dozen 60:calorie 45:bar /:calorie *:dozen =:dozen
EXPR: 0 | POS | INT | 26 | 225 | 32400 | x=(12*(60*45)) | x 12 60 45 * * = | x:dozen 12:dozen 60:calorie 45:bar *:calorie *:dozen =:dozen
EXPR: 0 | POS | INT | 26 | 225 | 32400 | x=(12*(60*45)) | x 12 60 45 * * = | x:dozen 12:calorie 60:calorie 45:dozen *:dozen *:dozen =:dozen
EXPR: 0 | POS | INT | 26 | 225 | 16 | x=(12*(60/45)) | x 12 60 45 / * = | x:dozen 12:dozen 60:calorie 45:bar /:calorie *:dozen =:dozen
EXPR: 1 | POS | INT | 27 | 225 | 225 | (x*(12/45))=60 | x 12 45 / * 60 = | x:dozen 12:calorie 45:bar /:calorie *:calorie 60:calorie =:calorie
EXPR: 1 | POS | INT | 27 | 225 | 225 | ((x/45)*12)=60 | x 45 / 12 * 60 = | x:dozen 45:bar /:dozen 12:calorie *:calorie 60:calorie =:calorie
EXPR: 0 | POS | INT | 27 | 225 | 9 | 12=((60/45)*x) | 12 60 45 / x * = | 12:calorie 60:calorie 45:bar /:calorie x:bar *:calorie =:calorie
EXPR: 1 | POS | INT | 27 | 225 | 225 | ((12*x)/45)=60 | 12 x * 45 / 60 = | 12:calorie x:dozen *:calorie 45:bar /:calorie 60:calorie =:calorie
EXPR: 1 | POS | INT | 27 | 225 | 225 | ((12/45)*x)=60 | 12 45 / x * 60 = | 12:calorie 45:bar /:calorie x:dozen *:calorie 60:calorie =:calorie
EXPR: 0 | POS | INT | 27 | 225 | 9 | ((12/x)*45)=60 | 12 x / 45 * 60 = | 12:calorie x:dozen /:calorie 45:bar *:calorie 60:calorie =:calorie
EXPR: 0 | POS | INT | 27 | 225 | 16 | 12=((x/60)*45) | 12 x 60 / 45 * = | 12:calorie x:dozen 60:calorie /:dozen 45:calorie *:calorie =:calorie
EXPR: 0 | POS | INT | 27 | 225 | 16 | (12*(60/x))=45 | 12 60 x / * 45 = | 12:calorie 60:bar x:dozen /:bar *:bar 45:bar =:bar
EXPR: 1 | POS | INT | 27 | 225 | 225 | (12*(x/45))=60 | 12 x 45 / * 60 = | 12:calorie x:dozen 45:bar /:dozen *:calorie 60:calorie =:calorie
EXPR: 1 | POS | INT | 27 | 225 | 225 | ((x*12)/60)=45 | x 12 * 60 / 45 = | x:dozen 12:bar *:bar 60:calorie /:bar 45:bar =:bar
EXPR: 1 | POS | INT | 27 | 225 | 225 | (12*(x/60))=45 | 12 x 60 / * 45 = | 12:calorie x:dozen 60:calorie /:dozen *:calorie 45:calorie =:calorie
EXPR: 0 | POS | INT | 27 | 225 | 9 | ((45*12)/x)=60 | 45 12 * x / 60 = | 45:bar 12:calorie *:calorie x:dozen /:calorie 60:calorie =:calorie
EXPR: 0 | POS | INT | 27 | 225 | 9 | 12=((60*x)/45) | 12 60 x * 45 / = | 12:dozen 60:calorie x:dozen *:dozen 45:bar /:dozen =:dozen
EXPR: 1 | POS | INT | 27 | 225 | 225 | ((12*x)/60)=45 | 12 x * 60 / 45 = | 12:calorie x:dozen *:dozen 60:calorie /:dozen 45:dozen =:dozen
EXPR: 0 | POS | INT | 27 | 225 | 16 | 12=((x/60)*45) | 12 x 60 / 45 * = | 12:dozen x:dozen 60:calorie /:dozen 45:bar *:dozen =:dozen
EXPR: 1 | POS | INT | 27 | 225 | 225 | 12=((60/x)*45) | 12 60 x / 45 * = | 12:bar 60:calorie x:dozen /:calorie 45:bar *:bar =:bar
EXPR: 0 | POS | INT | 27 | 225 | 9 | (45*(12/x))=60 | 45 12 x / * 60 = | 45:bar 12:calorie x:dozen /:calorie *:calorie 60:calorie =:calorie
EXPR: 1 | POS | INT | 27 | 225 | 225 | (12*(x/60))=45 | 12 x 60 / * 45 = | 12:bar x:dozen 60:calorie /:dozen *:bar 45:bar =:bar
EXPR: 0 | POS | INT | 27 | 225 | 40 | 12=(60/(45-x)) | 12 60 45 x - / = | 12:calorie 60:calorie 45:bar x:bar -:bar /:calorie =:calorie
EXPR: 1 | POS | INT | 27 | 225 | 225 | 12=((45/x)*60) | 12 45 x / 60 * = | 12:calorie 45:bar x:dozen /:bar 60:calorie *:calorie =:calorie
EXPR: 0 | POS | INT | 27 | 225 | 16 | (12*(60/x))=45 | 12 60 x / * 45 = | 12:bar 60:calorie x:dozen /:calorie *:bar 45:bar =:bar
EXPR: 0 | POS | INT | 27 | 225 | 32400 | 12=(x/(60*45)) | 12 x 60 45 * / = | 12:calorie x:calorie 60:calorie 45:bar *:bar /:calorie =:calorie
EXPR: 0 | POS | INT | 30 | 225 | 765 | x=((60*12)+45) | x 60 12 * 45 + = | x:bar 60:calorie 12:bar *:bar 45:bar +:bar =:bar
EXPR: 0 | POS | INT | 30 | 225 | 1260 | x=((60+45)*12) | x 60 45 + 12 * = | x:bar 60:calorie 45:calorie +:calorie 12:bar *:bar =:bar
EXPR: 0 | POS | INT | 30 | 225 | 32400 | x=((60*12)*45) | x 60 12 * 45 * = | x:dozen 60:calorie 12:bar *:bar 45:dozen *:dozen =:dozen
EXPR: 0 | POS | INT | 30 | 225 | 50 | x=((60/12)+45) | x 60 12 / 45 + = | x:dozen 60:dozen 12:calorie /:dozen 45:dozen +:dozen =:dozen
EXPR: 0 | POS | INT | 30 | 225 | 1980 | x=(60*(45-12)) | x 60 45 12 - * = | x:bar 60:dozen 45:bar 12:bar -:bar *:bar =:bar
EXPR: 0 | POS | INT | 30 | 225 | 32400 | x=((60*12)*45) | x 60 12 * 45 * = | x:calorie 60:bar 12:calorie *:calorie 45:bar *:calorie =:calorie
EXPR: 0 | POS | INT | 30 | 225 | 32400 | x=(45*(60*12)) | x 45 60 12 * * = | x:dozen 45:dozen 60:bar 12:calorie *:bar *:dozen =:dozen
EXPR: 1 | POS | INT | 30 | 225 | 225 | x=(45*(60/12)) | x 45 60 12 / * = | x:dozen 45:dozen 60:bar 12:calorie /:bar *:dozen =:dozen
EXPR: 0 | POS | INT | 30 | 225 | 32400 | x=(45*(60*12)) | x 45 60 12 * * = | x:dozen 45:dozen 60:calorie 12:dozen *:calorie *:dozen =:dozen
EXPR: 0 | POS | INT | 30 | 225 | 32400 | x=(60*(45*12)) | x 60 45 12 * * = | x:dozen 60:bar 45:calorie 12:dozen *:dozen *:dozen =:dozen
EXPR: 0 | POS | INT | 30 | 225 | 16 | x=((60/45)*12) | x 60 45 / 12 * = | x:bar 60:bar 45:calorie /:bar 12:calorie *:bar =:bar
EXPR: 0 | POS | INT | 30 | 225 | 9 | x=((45/60)*12) | x 45 60 / 12 * = | x:calorie 45:dozen 60:calorie /:dozen 12:calorie *:calorie =:calorie
EXPR: 1 | POS | INT | 30 | 225 | 225 | x=((60*45)/12) | x 60 45 * 12 / = | x:bar 60:dozen 45:bar *:bar 12:dozen /:bar =:bar
EXPR: 0 | POS | INT | 30 | 225 | 32400 | x=(45*(60*12)) | x 45 60 12 * * = | x:calorie 45:bar 60:bar 12:calorie *:calorie *:calorie =:calorie
EXPR: 0 | POS | INT | 30 | 225 | 32400 | x=((60*45)*12) | x 60 45 * 12 * = | x:bar 60:bar 45:calorie *:bar 12:calorie *:bar =:bar
EXPR: 0 | POS | INT | 30 | 225 | 16 | x=((60/45)*12) | x 60 45 / 12 * = | x:bar 60:dozen 45:bar /:dozen 12:bar *:bar =:bar
EXPR: 0 | POS | INT | 30 | 225 | 765 | x=(45+(60*12)) | x 45 60 12 * + = | x:dozen 45:dozen 60:calorie 12:dozen *:dozen +:dozen =:dozen
EXPR: 0 | POS | INT | 30 | 225 | 27 | x=(60-(45-12)) | x 60 45 12 - - = | x:bar 60:bar 45:bar 12:bar -:bar -:bar =:bar
EXPR: 0 | POS | INT | 30 | 225 | 93 | x=(60+(45-12)) | x 60 45 12 - + = | x:bar 60:bar 45:bar 12:bar -:bar +:bar =:bar
EXPR: 0 | POS | INT | 30 | 225 | 600 | x=(60+(45*12)) | x 60 45 12 * + = | x:dozen 60:dozen 45:calorie 12:dozen *:dozen +:dozen =:dozen
EXPR: 0 | POS | INT | 30 | 225 | 16 | x=((60/45)*12) | x 60 45 / 12 * = | x:calorie 60:dozen 45:calorie /:dozen 12:calorie *:calorie =:calorie
EXPR: 0 | POS | INT | 30 | 225 | 32400 | x=((60*45)*12) | x 60 45 * 12 * = | x:bar 60:dozen 45:bar *:bar 12:dozen *:bar =:bar
EXPR: 0 | POS | INT | 30 | 225 | 3 | x=(60-(45+12)) | x 60 45 12 + - = | x:bar 60:bar 45:bar 12:bar +:bar -:bar =:bar
EXPR: 0 | POS | INT | 30 | 225 | 32400 | x=((60*45)*12) | x 60 45 * 12 * = | x:bar 60:dozen 45:bar *:dozen 12:bar *:bar =:bar
EXPR: 1 | POS | INT | 30 | 225 | 225 | x=(45*(60/12)) | x 45 60 12 / * = | x:dozen 45:dozen 60:calorie 12:dozen /:calorie *:dozen =:dozen
EXPR: 0 | POS | INT | 30 | 225 | 16 | x=(60*(12/45)) | x 60 12 45 / * = | x:calorie 60:bar 12:calorie 45:bar /:calorie *:calorie =:calorie
EXPR: 0 | POS | INT | 30 | 225 | 117 | x=(60+(45+12)) | x 60 45 12 + + = | x:bar 60:bar 45:bar 12:bar +:bar +:bar =:bar
EXPR: 0 | POS | INT | 30 | 225 | 16 | x=((60/45)*12) | x 60 45 / 12 * = | x:dozen 60:dozen 45:calorie /:dozen 12:bar *:dozen =:dozen
EXPR: 0 | POS | INT | 30 | 225 | 32400 | x=((60*45)*12) | x 60 45 * 12 * = | x:dozen 60:dozen 45:calorie *:dozen 12:bar *:dozen =:dozen
EXPR: 0 | POS | INT | 30 | 225 | 32400 | x=(45*(60*12)) | x 45 60 12 * * = | x:dozen 45:dozen 60:calorie 12:bar *:calorie *:dozen =:dozen
EXPR: 1 | POS | INT | 30 | 225 | 225 | x=(60*(45/12)) | x 60 45 12 / * = | x:dozen 60:dozen 45:calorie 12:bar /:calorie *:dozen =:dozen
EXPR: 0 | POS | INT | 30 | 225 | 32400 | x=(60*(45*12)) | x 60 45 12 * * = | x:dozen 60:dozen 45:calorie 12:bar *:bar *:dozen =:dozen
EXPR: 0 | POS | INT | 30 | 225 | 9 | x=((45/60)*12) | x 45 60 / 12 * = | x:dozen 45:dozen 60:calorie /:dozen 12:bar *:dozen =:dozen
EXPR: 0 | POS | INT | 30 | 225 | 9 | x=((45/60)*12) | x 45 60 / 12 * = | x:dozen 45:dozen 60:bar /:dozen 12:calorie *:dozen =:dozen
EXPR: 0 | POS | INT | 30 | 225 | 600 | x=(60+(45*12)) | x 60 45 12 * + = | x:calorie 60:calorie 45:calorie 12:bar *:calorie +:calorie =:calorie
EXPR: 0 | POS | INT | 30 | 225 | 2160 | x=(45*(60-12)) | x 45 60 12 - * = | x:calorie 45:dozen 60:calorie 12:calorie -:calorie *:calorie =:calorie
EXPR: 0 | POS | INT | 30 | 225 | 3240 | x=(45*(60+12)) | x 45 60 12 + * = | x:calorie 45:dozen 60:calorie 12:calorie +:calorie *:calorie =:calorie
EXPR: 0 | POS | INT | 30 | 225 | 32400 | x=(60*(45*12)) | x 60 45 12 * * = | x:calorie 60:calorie 45:calorie 12:dozen *:dozen *:calorie =:calorie
EXPR: 0 | POS | INT | 30 | 225 | 32400 | x=(60*(45*12)) | x 60 45 12 * * = | x:calorie 60:calorie 45:calorie 12:bar *:bar *:calorie =:calorie
EXPR: 0 | POS | INT | 30 | 225 | 32400 | x=((60*45)*12) | x 60 45 * 12 * = | x:calorie 60:dozen 45:calorie *:dozen 12:calorie *:calorie =:calorie
EXPR: 0 | POS | INT | 30 | 225 | 32400 | x=(60*(45*12)) | x 60 45 12 * * = | x:bar 60:bar 45:bar 12:dozen *:dozen *:bar =:bar
EXPR: 1 | POS | INT | 30 | 225 | 225 | x=((60/12)*45) | x 60 12 / 45 * = | x:dozen 60:dozen 12:calorie /:dozen 45:calorie *:dozen =:dozen
EXPR: 1 | POS | INT | 30 | 225 | 225 | x=((60*45)/12) | x 60 45 * 12 / = | x:bar 60:bar 45:calorie *:bar 12:calorie /:bar =:bar
EXPR: 0 | POS | INT | 30 | 225 | 600 | x=(60+(45*12)) | x 60 45 12 * + = | x:bar 60:bar 45:bar 12:dozen *:bar +:bar =:bar
EXPR: 0 | POS | INT | 30 | 225 | 16 | x=((60*12)/45) | x 60 12 * 45 / = | x:dozen 60:dozen 12:calorie *:dozen 45:calorie /:dozen =:dozen
EXPR: 0 | POS | INT | 30 | 225 | 9 | x=((45/60)*12) | x 45 60 / 12 * = | x:bar 45:bar 60:calorie /:bar 12:dozen *:bar =:bar
EXPR: 0 | POS | INT | 30 | 225 | 600 | x=(60+(45*12)) | x 60 45 12 * + = | x:calorie 60:calorie 45:calorie 12:dozen *:calorie +:calorie =:calorie
EXPR: 0 | POS | INT | 30 | 225 | 16 | x=(60*(12/45)) | x 60 12 45 / * = | x:dozen 60:calorie 12:dozen 45:calorie /:dozen *:dozen =:dozen
EXPR: 0 | POS | INT | 30 | 225 | 16 | x=((60/45)*12) | x 60 45 / 12 * = | x:dozen 60:bar 45:calorie /:bar 12:dozen *:dozen =:dozen
EXPR: 0 | POS | INT | 30 | 225 | 27 | x=((60-45)+12) | x 60 45 - 12 + = | x:dozen 60:dozen 45:dozen -:dozen 12:dozen +:dozen =:dozen
EXPR: 0 | POS | INT | 30 | 225 | 2688 | x=((60*45)-12) | x 60 45 * 12 - = | x:dozen 60:bar 45:dozen *:dozen 12:dozen -:dozen =:dozen
EXPR: 0 | POS | INT | 30 | 225 | 16 | x=(60*(12/45)) | x 60 12 45 / * = | x:dozen 60:bar 12:dozen 45:bar /:dozen *:dozen =:dozen
EXPR: 0 | POS | INT | 30 | 225 | 32400 | x=((60*12)*45) | x 60 12 * 45 * = | x:dozen 60:calorie 12:bar *:calorie 45:dozen *:dozen =:dozen
EXPR: 1 | POS | INT | 30 | 225 | 225 | x=((60/12)*45) | x 60 12 / 45 * = | x:dozen 60:calorie 12:bar /:calorie 45:dozen *:dozen =:dozen
EXPR: 0 | POS | INT | 30 | 225 | 117 | x=((60+45)+12) | x 60 45 + 12 + = | x:dozen 60:dozen 45:dozen +:dozen 12:dozen +:dozen =:dozen
EXPR: 0 | POS | INT | 30 | 225 | 3 | x=((60-45)-12) | x 60 45 - 12 - = | x:dozen 60:dozen 45:dozen -:dozen 12:dozen -:dozen =:dozen
EXPR: 0 | POS | INT | 30 | 225 | 32400 | x=((60*45)*12) | x 60 45 * 12 * = | x:calorie 60:bar 45:calorie *:bar 12:calorie *:calorie =:calorie
EXPR: 1 | POS | INT | 30 | 225 | 225 | x=((60*45)/12) | x 60 45 * 12 / = | x:calorie 60:calorie 45:dozen *:calorie 12:bar /:calorie =:calorie
EXPR: 1 | POS | INT | 30 | 225 | 225 | x=((60*45)/12) | x 60 45 * 12 / = | x:bar 60:bar 45:dozen *:bar 12:calorie /:bar =:bar
EXPR: 1 | POS | INT | 30 | 225 | 225 | x=((60/12)*45) | x 60 12 / 45 * = | x:dozen 60:bar 12:calorie /:bar 45:dozen *:dozen =:dozen
EXPR: 0 | POS | INT | 30 | 225 | 93 | x=((60+45)-12) | x 60 45 + 12 - = | x:dozen 60:dozen 45:dozen +:dozen 12:dozen -:dozen =:dozen
EXPR: 1 | POS | INT | 30 | 225 | 225 | x=((60*45)/12) | x 60 45 * 12 / = | x:calorie 60:calorie 45:dozen *:calorie 12:dozen /:calorie =:calorie
EXPR: 0 | POS | INT | 30 | 225 | 2688 | x=((60*45)-12) | x 60 45 * 12 - = | x:calorie 60:bar 45:calorie *:calorie 12:calorie -:calorie =:calorie
EXPR: 0 | POS | INT | 30 | 225 | 2712 | x=((60*45)+12) | x 60 45 * 12 + = | x:calorie 60:bar 45:calorie *:calorie 12:calorie +:calorie =:calorie
EXPR: 0 | POS | INT | 30 | 225 | 93 | x=((60+45)-12) | x 60 45 + 12 - = | x:bar 60:bar 45:bar +:bar 12:bar -:bar =:bar
EXPR: 0 | POS | INT | 30 | 225 | 2712 | x=((60*45)+12) | x 60 45 * 12 + = | x:dozen 60:bar 45:dozen *:dozen 12:dozen +:dozen =:dozen
EXPR: 0 | POS | INT | 30 | 225 | 117 | x=((60+45)+12) | x 60 45 + 12 + = | x:bar 60:bar 45:bar +:bar 12:bar +:bar =:bar
EXPR: 0 | POS | INT | 30 | 225 | 27 | x=((60-45)+12) | x 60 45 - 12 + = | x:bar 60:bar 45:bar -:bar 12:bar +:bar =:bar
EXPR: 0 | POS | INT | 30 | 225 | 3 | x=((60-45)-12) | x 60 45 - 12 - = | x:bar 60:bar 45:bar -:bar 12:bar -:bar =:bar
EXPR: 0 | POS | INT | 30 | 225 | 1260 | x=((60+45)*12) | x 60 45 + 12 * = | x:bar 60:bar 45:bar +:bar 12:dozen *:bar =:bar
EXPR: 0 | POS | INT | 30 | 225 | 180 | x=((60-45)*12) | x 60 45 - 12 * = | x:bar 60:bar 45:bar -:bar 12:dozen *:bar =:bar
EXPR: 0 | POS | INT | 31 | 225 | 32400 | x=((60*12)*45) | x 60 12 * 45 * = | x:bar 60:dozen 12:calorie *:calorie 45:bar *:bar =:bar
EXPR: 0 | POS | INT | 31 | 225 | 32400 | x=((60*12)*45) | x 60 12 * 45 * = | x:dozen 60:calorie 12:bar *:bar 45:dozen *:dozen =:dozen
EXPR: 0 | POS | INT | 31 | 225 | 32400 | x=(45*(60*12)) | x 45 60 12 * * = | x:dozen 45:dozen 60:bar 12:calorie *:bar *:dozen =:dozen
EXPR: 1 | POS | INT | 31 | 225 | 225 | x=(45*(60/12)) | x 45 60 12 / * = | x:dozen 45:dozen 60:bar 12:calorie /:bar *:dozen =:dozen
EXPR: 0 | POS | INT | 31 | 225 | 32400 | x=(45*(60*12)) | x 45 60 12 * * = | x:dozen 45:dozen 60:calorie 12:dozen *:calorie *:dozen =:dozen
EXPR: 0 | POS | INT | 31 | 225 | 16 | x=((60/45)*12) | x 60 45 / 12 * = | x:bar 60:bar 45:calorie /:bar 12:calorie *:bar =:bar
EXPR: 0 | POS | INT | 31 | 225 | 1980 | x=(60*(45-12)) | x 60 45 12 - * = | x:bar 60:dozen 45:bar 12:bar -:bar *:bar =:bar
EXPR: 1 | POS | INT | 31 | 225 | 225 | x=((60*45)/12) | x 60 45 * 12 / = | x:bar 60:dozen 45:bar *:bar 12:dozen /:bar =:bar
EXPR: 0 | POS | INT | 31 | 225 | 1260 | x=((60+45)*12) | x 60 45 + 12 * = | x:bar 60:bar 45:bar +:bar 12:dozen *:bar =:bar
EXPR: 0 | POS | INT | 31 | 225 | 9 | x=((45/60)*12) | x 45 60 / 12 * = | x:calorie 45:dozen 60:calorie /:dozen 12:calorie *:calorie =:calorie
EXPR: 0 | POS | INT | 31 | 225 | 93 | x=(60+(45-12)) | x 60 45 12 - + = | x:bar 60:bar 45:bar 12:bar -:bar +:bar =:bar
EXPR: 0 | POS | INT | 31 | 225 | 600 | x=(60+(45*12)) | x 60 45 12 * + = | x:dozen 60:dozen 45:calorie 12:dozen *:dozen +:dozen =:dozen
EXPR: 0 | POS | INT | 31 | 225 | 32400 | x=((60*45)*12) | x 60 45 * 12 * = | x:bar 60:bar 45:calorie *:bar 12:calorie *:bar =:bar
EXPR: 0 | POS | INT | 31 | 225 | 16 | x=((60/45)*12) | x 60 45 / 12 * = | x:bar 60:dozen 45:bar /:dozen 12:bar *:bar =:bar
EXPR: 0 | POS | INT | 31 | 225 | 32400 | x=((60*45)*12) | x 60 45 * 12 * = | x:bar 60:dozen 45:bar *:bar 12:dozen *:bar =:bar
EXPR: 0 | POS | INT | 31 | 225 | 27 | x=(60-(45-12)) | x 60 45 12 - - = | x:bar 60:bar 45:bar 12:bar -:bar -:bar =:bar
EXPR: 0 | POS | INT | 31 | 225 | 16 | x=(60*(12/45)) | x 60 12 45 / * = | x:calorie 60:bar 12:calorie 45:bar /:calorie *:calorie =:calorie
EXPR: 1 | POS | INT | 31 | 225 | 225 | x=(45*(60/12)) | x 45 60 12 / * = | x:dozen 45:dozen 60:calorie 12:dozen /:calorie *:dozen =:dozen
EXPR: 0 | POS | INT | 31 | 225 | 180 | x=((60-45)*12) | x 60 45 - 12 * = | x:bar 60:bar 45:bar -:bar 12:dozen *:bar =:bar
EXPR: 0 | POS | INT | 31 | 225 | 117 | x=(60+(45+12)) | x 60 45 12 + + = | x:bar 60:bar 45:bar 12:bar +:bar +:bar =:bar
EXPR: 1 | POS | INT | 31 | 225 | 225 | x=(60*(45/12)) | x 60 45 12 / * = | x:dozen 60:dozen 45:calorie 12:bar /:calorie *:dozen =:dozen
EXPR: 0 | POS | INT | 31 | 225 | 32400 | x=(45*(60*12)) | x 45 60 12 * * = | x:calorie 45:bar 60:bar 12:calorie *:calorie *:calorie =:calorie
EXPR: 0 | POS | INT | 31 | 225 | 3 | x=(60-(45+12)) | x 60 45 12 + - = | x:bar 60:bar 45:bar 12:bar +:bar -:bar =:bar
EXPR: 0 | POS | INT | 31 | 225 | 32400 | x=((60*45)*12) | x 60 45 * 12 * = | x:dozen 60:dozen 45:calorie *:dozen 12:bar *:dozen =:dozen
EXPR: 0 | POS | INT | 31 | 225 | 16 | x=((60/45)*12) | x 60 45 / 12 * = | x:dozen 60:dozen 45:calorie /:dozen 12:bar *:dozen =:dozen
EXPR: 0 | POS | INT | 31 | 225 | 32400 | x=(60*(45*12)) | x 60 45 12 * * = | x:dozen 60:dozen 45:calorie 12:bar *:bar *:dozen =:dozen
EXPR: 0 | POS | INT | 31 | 225 | 9 | x=((45/60)*12) | x 45 60 / 12 * = | x:dozen 45:dozen 60:calorie /:dozen 12:bar *:dozen =:dozen
EXPR: 0 | POS | INT | 31 | 225 | 9 | x=((45/60)*12) | x 45 60 / 12 * = | x:dozen 45:dozen 60:bar /:dozen 12:calorie *:dozen =:dozen
EXPR: 0 | POS | INT | 31 | 225 | 2160 | x=(45*(60-12)) | x 45 60 12 - * = | x:calorie 45:dozen 60:calorie 12:calorie -:calorie *:calorie =:calorie
EXPR: 0 | POS | INT | 31 | 225 | 32400 | x=(60*(45*12)) | x 60 45 12 * * = | x:calorie 60:calorie 45:calorie 12:bar *:bar *:calorie =:calorie
EXPR: 0 | POS | INT | 31 | 225 | 32400 | x=(60*(45*12)) | x 60 45 12 * * = | x:bar 60:bar 45:bar 12:dozen *:dozen *:bar =:bar
EXPR: 1 | POS | INT | 31 | 225 | 225 | x=((60/12)*45) | x 60 12 / 45 * = | x:dozen 60:dozen 12:calorie /:dozen 45:calorie *:dozen =:dozen
EXPR: 0 | POS | INT | 31 | 225 | 32400 | x=(60*(45*12)) | x 60 45 12 * * = | x:calorie 60:calorie 45:calorie 12:dozen *:dozen *:calorie =:calorie
EXPR: 1 | POS | INT | 31 | 225 | 225 | x=((60*45)/12) | x 60 45 * 12 / = | x:bar 60:bar 45:calorie *:bar 12:calorie /:bar =:bar
EXPR: 0 | POS | INT | 31 | 225 | 32400 | x=((60*45)*12) | x 60 45 * 12 * = | x:calorie 60:dozen 45:calorie *:dozen 12:calorie *:calorie =:calorie
EXPR: 0 | POS | INT | 31 | 225 | 600 | x=(60+(45*12)) | x 60 45 12 * + = | x:calorie 60:calorie 45:calorie 12:bar *:calorie +:calorie =:calorie
EXPR: 0 | POS | INT | 31 | 225 | 9 | x=((45/60)*12) | x 45 60 / 12 * = | x:bar 45:bar 60:calorie /:bar 12:dozen *:bar =:bar
EXPR: 0 | POS | INT | 31 | 225 | 50 | x=((60/12)+45) | x 60 12 / 45 + = | x:dozen 60:dozen 12:calorie /:dozen 45:dozen +:dozen =:dozen
EXPR: 0 | POS | INT | 31 | 225 | 16 | x=((60*12)/45) | x 60 12 * 45 / = | x:dozen 60:dozen 12:calorie *:dozen 45:calorie /:dozen =:dozen
EXPR: 0 | POS | INT | 31 | 225 | 600 | x=(60+(45*12)) | x 60 45 12 * + = | x:bar 60:bar 45:bar 12:dozen *:bar +:bar =:bar
EXPR: 0 | POS | INT | 31 | 225 | 32400 | x=((60*12)*45) | x 60 12 * 45 * = | x:bar 60:bar 12:calorie *:calorie 45:bar *:bar =:bar
EXPR: 0 | POS | INT | 31 | 225 | 3240 | x=(45*(60+12)) | x 45 60 12 + * = | x:calorie 45:dozen 60:calorie 12:calorie +:calorie *:calorie =:calorie
EXPR: 0 | POS | INT | 31 | 225 | 600 | x=(60+(45*12)) | x 60 45 12 * + = | x:calorie 60:calorie 45:calorie 12:dozen *:calorie +:calorie =:calorie
EXPR: 0 | POS | INT | 31 | 225 | 1260 | x=((60+45)*12) | x 60 45 + 12 * = | x:bar 60:calorie 45:calorie +:calorie 12:bar *:bar =:bar
EXPR: 0 | POS | INT | 31 | 225 | 32400 | x=((60*12)*45) | x 60 12 * 45 * = | x:dozen 60:calorie 12:bar *:calorie 45:dozen *:dozen =:dozen
EXPR: 1 | POS | INT | 31 | 225 | 225 | x=((60/12)*45) | x 60 12 / 45 * = | x:dozen 60:calorie 12:bar /:calorie 45:dozen *:dozen =:dozen
EXPR: 0 | POS | INT | 31 | 225 | 16 | x=((60/45)*12) | x 60 45 / 12 * = | x:dozen 60:bar 45:calorie /:bar 12:dozen *:dozen =:dozen
EXPR: 0 | POS | INT | 31 | 225 | 32400 | x=(60*(45*12)) | x 60 45 12 * * = | x:dozen 60:bar 45:calorie 12:dozen *:dozen *:dozen =:dozen
EXPR: 0 | POS | INT | 31 | 225 | 16 | x=((60/45)*12) | x 60 45 / 12 * = | x:calorie 60:dozen 45:calorie /:dozen 12:calorie *:calorie =:calorie
EXPR: 0 | POS | INT | 31 | 225 | 16 | x=(60*(12/45)) | x 60 12 45 / * = | x:dozen 60:bar 12:dozen 45:bar /:dozen *:dozen =:dozen
EXPR: 0 | POS | INT | 31 | 225 | 32400 | x=((60*45)*12) | x 60 45 * 12 * = | x:calorie 60:bar 45:calorie *:bar 12:calorie *:calorie =:calorie
EXPR: 0 | POS | INT | 31 | 225 | 32400 | x=((60*12)*45) | x 60 12 * 45 * = | x:bar 60:dozen 12:calorie *:dozen 45:bar *:bar =:bar
EXPR: 1 | POS | INT | 31 | 225 | 225 | x=((60*45)/12) | x 60 45 * 12 / = | x:bar 60:bar 45:dozen *:bar 12:calorie /:bar =:bar
EXPR: 1 | POS | INT | 31 | 225 | 225 | x=((60/12)*45) | x 60 12 / 45 * = | x:dozen 60:bar 12:calorie /:bar 45:dozen *:dozen =:dozen
EXPR: 1 | POS | INT | 31 | 225 | 225 | x=((60/12)*45) | x 60 12 / 45 * = | x:bar 60:dozen 12:calorie /:dozen 45:bar *:bar =:bar
EXPR: 0 | POS | INT | 31 | 225 | 93 | x=((60+45)-12) | x 60 45 + 12 - = | x:dozen 60:dozen 45:dozen +:dozen 12:dozen -:dozen =:dozen
EXPR: 0 | POS | INT | 31 | 225 | 3 | x=((60-45)-12) | x 60 45 - 12 - = | x:dozen 60:dozen 45:dozen -:dozen 12:dozen -:dozen =:dozen
EXPR: 0 | POS | INT | 31 | 225 | 32400 | x=(45*(60*12)) | x 45 60 12 * * = | x:dozen 45:dozen 60:calorie 12:bar *:calorie *:dozen =:dozen
EXPR: 1 | POS | INT | 31 | 225 | 225 | x=((60*45)/12) | x 60 45 * 12 / = | x:calorie 60:calorie 45:dozen *:calorie 12:dozen /:calorie =:calorie
EXPR: 0 | POS | INT | 31 | 225 | 27 | x=((60-45)+12) | x 60 45 - 12 + = | x:dozen 60:dozen 45:dozen -:dozen 12:dozen +:dozen =:dozen
EXPR: 0 | POS | INT | 31 | 225 | 2712 | x=((60*45)+12) | x 60 45 * 12 + = | x:calorie 60:bar 45:calorie *:calorie 12:calorie +:calorie =:calorie
EXPR: 0 | POS | INT | 31 | 225 | 32400 | x=((60*45)*12) | x 60 45 * 12 * = | x:bar 60:dozen 45:bar *:dozen 12:bar *:bar =:bar
EXPR: 0 | POS | INT | 31 | 225 | 2712 | x=((60*45)+12) | x 60 45 * 12 + = | x:dozen 60:bar 45:dozen *:dozen 12:dozen +:dozen =:dozen
EXPR: 0 | POS | INT | 31 | 225 | 93 | x=((60+45)-12) | x 60 45 + 12 - = | x:bar 60:bar 45:bar +:bar 12:bar -:bar =:bar
EXPR: 1 | POS | INT | 31 | 225 | 225 | x=((60*45)/12) | x 60 45 * 12 / = | x:calorie 60:calorie 45:dozen *:calorie 12:bar /:calorie =:calorie
EXPR: 0 | POS | INT | 31 | 225 | 2688 | x=((60*45)-12) | x 60 45 * 12 - = | x:dozen 60:bar 45:dozen *:dozen 12:dozen -:dozen =:dozen
EXPR: 0 | POS | INT | 31 | 225 | 117 | x=((60+45)+12) | x 60 45 + 12 + = | x:bar 60:bar 45:bar +:bar 12:bar +:bar =:bar
EXPR: 0 | POS | INT | 31 | 225 | 27 | x=((60-45)+12) | x 60 45 - 12 + = | x:bar 60:bar 45:bar -:bar 12:bar +:bar =:bar
EXPR: 1 | POS | INT | 32 | 225 | 225 | 60=((x/45)*12) | 60 x 45 / 12 * = | 60:calorie x:calorie 45:dozen /:calorie 12:dozen *:calorie =:calorie
NET 463 non-negative, integer-valued solutions found out of 1000 total solutions
