parameters: n=9 l=4 k=1 p=5 q=2 m=10
TOTAL 745 solutions found
SOLN: CORRECT | POS/NEG | INT/FRA | OBJ-SCORE | TRUE-ANS | ANS | INFIX | POSTFIX | TYPED-POSTFIX
EXPR: 0 | POS | FRA | 0 | 1.37 | 59.5 | x=(5.92+(2*(6.79+20))) | x 5.92 2 6.79 20 + * + = | x:dollar 5.92:dollar 2:ticket 6.79:dollar 20:dollar +:dollar *:dollar +:dollar =:dollar
EXPR: 0 | POS | FRA | 0 | 1.37 | 0.441955953714072 | x=(5.92*(2/(6.79+20))) | x 5.92 2 6.79 20 + / * = | x:dollar 5.92:dollar 2:ticket 6.79:dollar 20:dollar +:dollar /:ticket *:dollar =:dollar
EXPR: 0 | POS | FRA | 0 | 1.37 | 29.75 | x=(((5.92/2)+6.79)+20) | x 5.92 2 / 6.79 + 20 + = | x:dollar 5.92:dollar 2:ticket /:dollar 6.79:dollar +:dollar 20:dollar +:dollar =:dollar
EXPR: 0 | POS | FRA | 0 | 1.37 | 32.34 | x=(5.92-(2*(6.79-20))) | x 5.92 2 6.79 20 - * - = | x:dollar 5.92:dollar 2:ticket 6.79:dollar 20:dollar -:dollar *:dollar -:dollar =:dollar
EXPR: 0 | POS | FRA | 0 | 1.37 | 317.1936 | x=((5.92*2)*(6.79+20)) | x 5.92 2 * 6.79 20 + * = | x:dollar 5.92:dollar 2:ticket *:ticket 6.79:dollar 20:dollar +:dollar *:dollar =:dollar
EXPR: 0 | POS | FRA | 0 | 1.37 | 38.63 | x=(((5.92*2)+6.79)+20) | x 5.92 2 * 6.79 + 20 + = | x:dollar 5.92:dollar 2:ticket *:dollar 6.79:dollar +:dollar 20:dollar +:dollar =:dollar
EXPR: 0 | POS | FRA | 0 | 1.37 | 0.110488988428518 | x=(5.92/(2*(6.79+20))) | x 5.92 2 6.79 20 + * / = | x:dollar 5.92:dollar 2:ticket 6.79:dollar 20:dollar +:dollar *:ticket /:dollar =:dollar
EXPR: 0 | POS | FRA | 0 | 1.37 | 34.8748159057437 | x=(((5.92*2)/6.79)*20) | x 5.92 2 * 6.79 / 20 * = | x:dollar 5.92:dollar 2:ticket *:ticket 6.79:dollar /:ticket 20:dollar *:dollar =:dollar
EXPR: 0 | POS | FRA | 0 | 1.37 | 25.05 | x=(((5.92*2)-6.79)+20) | x 5.92 2 * 6.79 - 20 + = | x:dollar 5.92:dollar 2:ticket *:dollar 6.79:dollar -:dollar 20:dollar +:dollar =:dollar
EXPR: 0 | POS | FRA | 0 | 1.37 | 16.17 | x=(((5.92/2)-6.79)+20) | x 5.92 2 / 6.79 - 20 + = | x:dollar 5.92:dollar 2:ticket /:dollar 6.79:dollar -:dollar 20:dollar +:dollar =:dollar
EXPR: 0 | POS | FRA | 0 | 1.37 | 0.0289837997054487 | x=(5.92-((2/6.79)*20)) | x 5.92 2 6.79 / 20 * - = | x:dollar 5.92:dollar 2:ticket 6.79:dollar /:ticket 20:dollar *:dollar -:dollar =:dollar
EXPR: 0 | POS | FRA | 0 | 1.37 | 4.01968 | x=(5.92*((2*6.79)/20)) | x 5.92 2 6.79 * 20 / * = | x:dollar 5.92:dollar 2:ticket 6.79:dollar *:ticket 20:dollar /:ticket *:dollar =:dollar
EXPR: 0 | POS | FRA | 0 | 1.37 | 12.34 | x=(5.92-((2*6.79)-20)) | x 5.92 2 6.79 * 20 - - = | x:dollar 5.92:dollar 2:ticket 6.79:dollar *:dollar 20:dollar -:dollar -:dollar =:dollar
EXPR: 0 | POS | FRA | 0 | 1.37 | 39.5 | x=(5.92+((2*6.79)+20)) | x 5.92 2 6.79 * 20 + + = | x:dollar 5.92:dollar 2:ticket 6.79:dollar *:dollar 20:dollar +:dollar +:dollar =:dollar
EXPR: 0 | POS | FRA | 0 | 1.37 | 21.7437407952872 | x=((5.92*(2/6.79))+20) | x 5.92 2 6.79 / * 20 + = | x:dollar 5.92:dollar 2:ticket 6.79:dollar /:ticket *:dollar 20:dollar +:dollar =:dollar
EXPR: 0 | POS | FRA | 0 | 1.37 | 1.00492 | x=(5.92/((2/6.79)*20)) | x 5.92 2 6.79 / 20 * / = | x:dollar 5.92:dollar 2:ticket 6.79:dollar /:ticket 20:dollar *:ticket /:dollar =:dollar
EXPR: 0 | POS | FRA | 0 | 1.37 | 11.8110162002946 | x=(5.92+((2/6.79)*20)) | x 5.92 2 6.79 / 20 * + = | x:dollar 5.92:dollar 2:ticket 6.79:dollar /:ticket 20:dollar *:dollar +:dollar =:dollar
EXPR: 0 | POS | FRA | 0 | 1.37 | 38.63 | x=((5.92*2)+(6.79+20)) | x 5.92 2 * 6.79 20 + + = | x:dollar 5.92:dollar 2:ticket *:dollar 6.79:dollar 20:dollar +:dollar +:dollar =:dollar
EXPR: 0 | POS | FRA | 0 | 1.37 | 29.75 | x=((5.92/2)+(6.79+20)) | x 5.92 2 / 6.79 20 + + = | x:dollar 5.92:dollar 2:ticket /:dollar 6.79:dollar 20:dollar +:dollar +:dollar =:dollar
EXPR: 0 | POS | FRA | 0 | 1.37 | 12.34 | x=((5.92-(2*6.79))+20) | x 5.92 2 6.79 * - 20 + = | x:dollar 5.92:dollar 2:ticket 6.79:dollar *:dollar -:dollar 20:dollar +:dollar =:dollar
EXPR: 0 | POS | FRA | 0 | 1.37 | 25.05 | x=((5.92*2)-(6.79-20)) | x 5.92 2 * 6.79 20 - - = | x:dollar 5.92:dollar 2:ticket *:dollar 6.79:dollar 20:dollar -:dollar -:dollar =:dollar
EXPR: 0 | POS | FRA | 0 | 1.37 | 39.5 | x=((5.92+(2*6.79))+20) | x 5.92 2 6.79 * + 20 + = | x:dollar 5.92:dollar 2:ticket 6.79:dollar *:dollar +:dollar 20:dollar +:dollar =:dollar
EXPR: 0 | POS | FRA | 0 | 1.37 | 16.17 | x=((5.92/2)-(6.79-20)) | x 5.92 2 / 6.79 20 - - = | x:dollar 5.92:dollar 2:ticket /:dollar 6.79:dollar 20:dollar -:dollar -:dollar =:dollar
EXPR: 0 | POS | FRA | 0 | 1.37 | 20.4359351988218 | x=((5.92/(2*6.79))+20) | x 5.92 2 6.79 * / 20 + = | x:dollar 5.92:dollar 2:ticket 6.79:dollar *:ticket /:dollar 20:dollar +:dollar =:dollar
EXPR: 0 | POS | FRA | 1 | 1.37 | 59.5 | x=(5.92+(2*(6.79+20))) | x 5.92 2 6.79 20 + * + = | x:dollar 5.92:dollar 2:ticket 6.79:dollar 20:dollar +:dollar *:dollar +:dollar =:dollar
EXPR: 0 | POS | FRA | 1 | 1.37 | 0.441955953714072 | x=(5.92*(2/(6.79+20))) | x 5.92 2 6.79 20 + / * = | x:dollar 5.92:dollar 2:ticket 6.79:dollar 20:dollar +:dollar /:ticket *:dollar =:dollar
EXPR: 0 | POS | FRA | 1 | 1.37 | 29.75 | x=(((5.92/2)+6.79)+20) | x 5.92 2 / 6.79 + 20 + = | x:dollar 5.92:dollar 2:ticket /:dollar 6.79:dollar +:dollar 20:dollar +:dollar =:dollar
EXPR: 0 | POS | FRA | 1 | 1.37 | 317.1936 | x=((5.92*2)*(6.79+20)) | x 5.92 2 * 6.79 20 + * = | x:dollar 5.92:dollar 2:ticket *:ticket 6.79:dollar 20:dollar +:dollar *:dollar =:dollar
EXPR: 0 | POS | FRA | 1 | 1.37 | 32.34 | x=(5.92-(2*(6.79-20))) | x 5.92 2 6.79 20 - * - = | x:dollar 5.92:dollar 2:ticket 6.79:dollar 20:dollar -:dollar *:dollar -:dollar =:dollar
EXPR: 0 | POS | FRA | 1 | 1.37 | 38.63 | x=(((5.92*2)+6.79)+20) | x 5.92 2 * 6.79 + 20 + = | x:dollar 5.92:dollar 2:ticket *:dollar 6.79:dollar +:dollar 20:dollar +:dollar =:dollar
EXPR: 0 | POS | FRA | 1 | 1.37 | 34.8748159057437 | x=(((5.92*2)/6.79)*20) | x 5.92 2 * 6.79 / 20 * = | x:dollar 5.92:dollar 2:ticket *:ticket 6.79:dollar /:ticket 20:dollar *:dollar =:dollar
EXPR: 0 | POS | FRA | 1 | 1.37 | 0.110488988428518 | x=(5.92/(2*(6.79+20))) | x 5.92 2 6.79 20 + * / = | x:dollar 5.92:dollar 2:ticket 6.79:dollar 20:dollar +:dollar *:ticket /:dollar =:dollar
EXPR: 0 | POS | FRA | 1 | 1.37 | 25.05 | x=(((5.92*2)-6.79)+20) | x 5.92 2 * 6.79 - 20 + = | x:dollar 5.92:dollar 2:ticket *:dollar 6.79:dollar -:dollar 20:dollar +:dollar =:dollar
EXPR: 0 | POS | FRA | 1 | 1.37 | 16.17 | x=(((5.92/2)-6.79)+20) | x 5.92 2 / 6.79 - 20 + = | x:dollar 5.92:dollar 2:ticket /:dollar 6.79:dollar -:dollar 20:dollar +:dollar =:dollar
EXPR: 0 | POS | FRA | 1 | 1.37 | 0.0289837997054487 | x=(5.92-((2/6.79)*20)) | x 5.92 2 6.79 / 20 * - = | x:dollar 5.92:dollar 2:ticket 6.79:dollar /:ticket 20:dollar *:dollar -:dollar =:dollar
EXPR: 0 | POS | FRA | 1 | 1.37 | 4.01968 | x=(5.92*((2*6.79)/20)) | x 5.92 2 6.79 * 20 / * = | x:dollar 5.92:dollar 2:ticket 6.79:dollar *:ticket 20:dollar /:ticket *:dollar =:dollar
EXPR: 0 | POS | FRA | 1 | 1.37 | 12.34 | x=(5.92-((2*6.79)-20)) | x 5.92 2 6.79 * 20 - - = | x:dollar 5.92:dollar 2:ticket 6.79:dollar *:dollar 20:dollar -:dollar -:dollar =:dollar
EXPR: 0 | POS | FRA | 1 | 1.37 | 39.5 | x=(5.92+((2*6.79)+20)) | x 5.92 2 6.79 * 20 + + = | x:dollar 5.92:dollar 2:ticket 6.79:dollar *:dollar 20:dollar +:dollar +:dollar =:dollar
EXPR: 0 | POS | FRA | 1 | 1.37 | 1.00492 | x=(5.92/((2/6.79)*20)) | x 5.92 2 6.79 / 20 * / = | x:dollar 5.92:dollar 2:ticket 6.79:dollar /:ticket 20:dollar *:ticket /:dollar =:dollar
EXPR: 0 | POS | FRA | 1 | 1.37 | 11.8110162002946 | x=(5.92+((2/6.79)*20)) | x 5.92 2 6.79 / 20 * + = | x:dollar 5.92:dollar 2:ticket 6.79:dollar /:ticket 20:dollar *:dollar +:dollar =:dollar
EXPR: 0 | POS | FRA | 1 | 1.37 | 21.7437407952872 | x=((5.92*(2/6.79))+20) | x 5.92 2 6.79 / * 20 + = | x:dollar 5.92:dollar 2:ticket 6.79:dollar /:ticket *:dollar 20:dollar +:dollar =:dollar
EXPR: 0 | POS | FRA | 1 | 1.37 | 38.63 | x=((5.92*2)+(6.79+20)) | x 5.92 2 * 6.79 20 + + = | x:dollar 5.92:dollar 2:ticket *:dollar 6.79:dollar 20:dollar +:dollar +:dollar =:dollar
EXPR: 0 | POS | FRA | 1 | 1.37 | 25.05 | x=((5.92*2)-(6.79-20)) | x 5.92 2 * 6.79 20 - - = | x:dollar 5.92:dollar 2:ticket *:dollar 6.79:dollar 20:dollar -:dollar -:dollar =:dollar
EXPR: 0 | POS | FRA | 1 | 1.37 | 12.34 | x=((5.92-(2*6.79))+20) | x 5.92 2 6.79 * - 20 + = | x:dollar 5.92:dollar 2:ticket 6.79:dollar *:dollar -:dollar 20:dollar +:dollar =:dollar
EXPR: 0 | POS | FRA | 1 | 1.37 | 29.75 | x=((5.92/2)+(6.79+20)) | x 5.92 2 / 6.79 20 + + = | x:dollar 5.92:dollar 2:ticket /:dollar 6.79:dollar 20:dollar +:dollar +:dollar =:dollar
EXPR: 0 | POS | FRA | 1 | 1.37 | 16.17 | x=((5.92/2)-(6.79-20)) | x 5.92 2 / 6.79 20 - - = | x:dollar 5.92:dollar 2:ticket /:dollar 6.79:dollar 20:dollar -:dollar -:dollar =:dollar
EXPR: 0 | POS | FRA | 1 | 1.37 | 39.5 | x=((5.92+(2*6.79))+20) | x 5.92 2 6.79 * + 20 + = | x:dollar 5.92:dollar 2:ticket 6.79:dollar *:dollar +:dollar 20:dollar +:dollar =:dollar
EXPR: 0 | POS | FRA | 1 | 1.37 | 20.4359351988218 | x=((5.92/(2*6.79))+20) | x 5.92 2 6.79 * / 20 + = | x:dollar 5.92:dollar 2:ticket 6.79:dollar *:ticket /:dollar 20:dollar +:dollar =:dollar
EXPR: 0 | POS | FRA | 2 | 1.37 | 18.2562592047128 | (x+(5.92*(2/6.79)))=20 | x 5.92 2 6.79 / * + 20 = | x:dollar 5.92:dollar 2:ticket 6.79:dollar /:ticket *:dollar +:dollar 20:dollar =:dollar
EXPR: 0 | POS | FRA | 2 | 1.37 | 20.4359351988218 | (x-(5.92/(2*6.79)))=20 | x 5.92 2 6.79 * / - 20 = | x:dollar 5.92:dollar 2:ticket 6.79:dollar *:ticket /:dollar -:dollar 20:dollar =:dollar
EXPR: 0 | POS | FRA | 2 | 1.37 | 19.5640648011782 | (x+(5.92/(2*6.79)))=20 | x 5.92 2 6.79 * / + 20 = | x:dollar 5.92:dollar 2:ticket 6.79:dollar *:ticket /:dollar +:dollar 20:dollar =:dollar
EXPR: 0 | POS | FRA | 2 | 1.37 | 0.5 | (x+(5.92+(2*6.79)))=20 | x 5.92 2 6.79 * + + 20 = | x:dollar 5.92:dollar 2:ticket 6.79:dollar *:dollar +:dollar +:dollar 20:dollar =:dollar
EXPR: 0 | POS | INT | 10 | 1.37 | 390 | x=((5.92+(2*6.79))*20) | x 5.92 2 6.79 * + 20 * = | x:dollar 5.92:dollar 2:ticket 6.79:dollar *:dollar +:dollar 20:ticket *:dollar =:dollar
EXPR: 0 | POS | FRA | 10 | 1.37 | 34.8748159057437 | x=(((5.92*2)/6.79)*20) | x 5.92 2 * 6.79 / 20 * = | x:ticket 5.92:dollar 2:ticket *:ticket 6.79:dollar /:ticket 20:dollar *:ticket =:ticket
EXPR: 0 | POS | FRA | 10 | 1.37 | 0.9315 | x=(((5.92*2)+6.79)/20) | x 5.92 2 * 6.79 + 20 / = | x:dollar 5.92:dollar 2:ticket *:dollar 6.79:dollar +:dollar 20:ticket /:dollar =:dollar
EXPR: 0 | POS | FRA | 10 | 1.37 | 4.01968 | x=((5.92*2)*(6.79/20)) | x 5.92 2 * 6.79 20 / * = | x:dollar 5.92:dollar 2:ticket *:ticket 6.79:dollar 20:ticket /:dollar *:dollar =:dollar
EXPR: 0 | POS | FRA | 10 | 1.37 | 105.0168 | x=((5.92-2)*(6.79+20)) | x 5.92 2 - 6.79 20 + * = | x:dollar 5.92:ticket 2:ticket -:ticket 6.79:dollar 20:dollar +:dollar *:dollar =:dollar
EXPR: 0 | POS | FRA | 10 | 1.37 | 46.6168 | x=(((5.92-2)*6.79)+20) | x 5.92 2 - 6.79 * 20 + = | x:dollar 5.92:ticket 2:ticket -:ticket 6.79:dollar *:dollar 20:dollar +:dollar =:dollar
EXPR: 0 | POS | FRA | 10 | 1.37 | 73.7768 | x=(((5.92+2)*6.79)+20) | x 5.92 2 + 6.79 * 20 + = | x:dollar 5.92:ticket 2:ticket +:ticket 6.79:dollar *:dollar 20:dollar +:dollar =:dollar
EXPR: 0 | POS | FRA | 10 | 1.37 | 4.01968 | x=(((5.92*2)/20)*6.79) | x 5.92 2 * 20 / 6.79 * = | x:dollar 5.92:dollar 2:ticket *:ticket 20:dollar /:ticket 6.79:dollar *:dollar =:dollar
EXPR: 0 | POS | FRA | 10 | 1.37 | 0.0429608127721335 | x=(5.92/(2+(6.79*20))) | x 5.92 2 6.79 20 * + / = | x:dollar 5.92:dollar 2:ticket 6.79:ticket 20:dollar *:ticket +:ticket /:dollar =:dollar
EXPR: 0 | POS | FRA | 10 | 1.37 | 21.7437407952872 | x=(((5.92*2)/6.79)+20) | x 5.92 2 * 6.79 / 20 + = | x:dollar 5.92:dollar 2:ticket *:dollar 6.79:ticket /:dollar 20:dollar +:dollar =:dollar
EXPR: 0 | POS | FRA | 10 | 1.37 | 181.72 | x=(5.92+((2+6.79)*20)) | x 5.92 2 6.79 + 20 * + = | x:dollar 5.92:dollar 2:ticket 6.79:ticket +:ticket 20:dollar *:dollar +:dollar =:dollar
EXPR: 0 | POS | FRA | 10 | 1.37 | 4.01968 | x=(5.92*((2*6.79)/20)) | x 5.92 2 6.79 * 20 / * = | x:ticket 5.92:dollar 2:ticket 6.79:dollar *:ticket 20:dollar /:ticket *:ticket =:ticket
EXPR: 0 | POS | FRA | 10 | 1.37 | 0.2525 | x=(((5.92*2)-6.79)/20) | x 5.92 2 * 6.79 - 20 / = | x:dollar 5.92:dollar 2:ticket *:dollar 6.79:dollar -:dollar 20:ticket /:dollar =:dollar
EXPR: 0 | POS | FRA | 10 | 1.37 | 8.71870397643594 | x=((5.92/(2*6.79))*20) | x 5.92 2 6.79 * / 20 * = | x:dollar 5.92:dollar 2:ticket 6.79:dollar *:ticket /:dollar 20:ticket *:dollar =:dollar
EXPR: 0 | POS | FRA | 10 | 1.37 | 0.176295413936867 | x=(5.92/((2*6.79)+20)) | x 5.92 2 6.79 * 20 + / = | x:dollar 5.92:dollar 2:ticket 6.79:dollar *:ticket 20:ticket +:ticket /:dollar =:dollar
EXPR: 0 | POS | FRA | 10 | 1.37 | 7.382 | x=((5.92*(2/20))+6.79) | x 5.92 2 20 / * 6.79 + = | x:dollar 5.92:dollar 2:ticket 20:dollar /:ticket *:dollar 6.79:dollar +:dollar =:dollar
EXPR: 0 | POS | FRA | 10 | 1.37 | 120.143740795287 | x=(5.92*((2/6.79)+20)) | x 5.92 2 6.79 / 20 + * = | x:dollar 5.92:dollar 2:ticket 6.79:dollar /:ticket 20:ticket +:ticket *:dollar =:dollar
EXPR: 0 | POS | FRA | 10 | 1.37 | 11.5005 | x=((5.92*2)-(6.79/20)) | x 5.92 2 * 6.79 20 / - = | x:dollar 5.92:dollar 2:ticket *:dollar 6.79:dollar 20:ticket /:dollar -:dollar =:dollar
EXPR: 0 | POS | FRA | 10 | 1.37 | 2.6205 | x=((5.92/2)-(6.79/20)) | x 5.92 2 / 6.79 20 / - = | x:dollar 5.92:dollar 2:ticket /:dollar 6.79:dollar 20:ticket /:dollar -:dollar =:dollar
EXPR: 0 | POS | FRA | 10 | 1.37 | 3.2995 | x=((5.92/2)+(6.79/20)) | x 5.92 2 / 6.79 20 / + = | x:dollar 5.92:dollar 2:ticket /:dollar 6.79:dollar 20:ticket /:dollar +:dollar =:dollar
EXPR: 0 | POS | FRA | 10 | 1.37 | 9.83016 | x=(5.92*(2-(6.79/20))) | x 5.92 2 6.79 20 / - * = | x:dollar 5.92:dollar 2:ticket 6.79:ticket 20:dollar /:ticket -:ticket *:dollar =:dollar
EXPR: 0 | POS | FRA | 10 | 1.37 | 13.84984 | x=(5.92*(2+(6.79/20))) | x 5.92 2 6.79 20 / + * = | x:dollar 5.92:dollar 2:ticket 6.79:ticket 20:dollar /:ticket +:ticket *:dollar =:dollar
EXPR: 0 | POS | FRA | 10 | 1.37 | 25.05 | x=((5.92*2)+(20-6.79)) | x 5.92 2 * 20 6.79 - + = | x:dollar 5.92:dollar 2:ticket *:dollar 20:dollar 6.79:dollar -:dollar +:dollar =:dollar
EXPR: 0 | POS | FRA | 10 | 1.37 | 52.71 | x=((5.92+(2*20))+6.79) | x 5.92 2 20 * + 6.79 + = | x:dollar 5.92:dollar 2:ticket 20:dollar *:dollar +:dollar 6.79:dollar +:dollar =:dollar
EXPR: 0 | POS | FRA | 10 | 1.37 | 6.938 | x=((5.92/(2*20))+6.79) | x 5.92 2 20 * / 6.79 + = | x:dollar 5.92:dollar 2:ticket 20:dollar *:ticket /:dollar 6.79:dollar +:dollar =:dollar
EXPR: 0 | POS | FRA | 10 | 1.37 | 112.508983799705 | x=((5.92-(2/6.79))*20) | x 5.92 2 6.79 / - 20 * = | x:dollar 5.92:ticket 2:ticket 6.79:dollar /:ticket -:ticket 20:dollar *:dollar =:dollar
EXPR: 0 | POS | FRA | 10 | 1.37 | 198.7936 | x=(5.92*((2*6.79)+20)) | x 5.92 2 6.79 * 20 + * = | x:dollar 5.92:dollar 2:ticket 6.79:dollar *:ticket 20:ticket +:ticket *:dollar =:dollar
EXPR: 0 | POS | FRA | 10 | 1.37 | 34.71 | x=(5.92+((2+6.79)+20)) | x 5.92 2 6.79 + 20 + + = | x:dollar 5.92:dollar 2:dollar 6.79:dollar +:dollar 20:dollar +:dollar +:dollar =:dollar
EXPR: 0 | POS | FRA | 11 | 1.37 | 34.8748159057437 | x=(((5.92*2)/6.79)*20) | x 5.92 2 * 6.79 / 20 * = | x:ticket 5.92:dollar 2:ticket *:ticket 6.79:dollar /:ticket 20:dollar *:ticket =:ticket
EXPR: 0 | POS | FRA | 11 | 1.37 | 4.01968 | x=((5.92*2)*(6.79/20)) | x 5.92 2 * 6.79 20 / * = | x:dollar 5.92:dollar 2:ticket *:ticket 6.79:dollar 20:ticket /:dollar *:dollar =:dollar
EXPR: 0 | POS | FRA | 11 | 1.37 | 105.0168 | x=((5.92-2)*(6.79+20)) | x 5.92 2 - 6.79 20 + * = | x:dollar 5.92:ticket 2:ticket -:ticket 6.79:dollar 20:dollar +:dollar *:dollar =:dollar
EXPR: 0 | POS | FRA | 11 | 1.37 | 181.72 | x=(5.92+((2+6.79)*20)) | x 5.92 2 6.79 + 20 * + = | x:dollar 5.92:dollar 2:ticket 6.79:ticket +:ticket 20:dollar *:dollar +:dollar =:dollar
EXPR: 0 | POS | FRA | 11 | 1.37 | 0.2525 | x=(((5.92*2)-6.79)/20) | x 5.92 2 * 6.79 - 20 / = | x:dollar 5.92:dollar 2:ticket *:dollar 6.79:dollar -:dollar 20:ticket /:dollar =:dollar
EXPR: 0 | POS | FRA | 11 | 1.37 | 8.71870397643594 | x=((5.92/(2*6.79))*20) | x 5.92 2 6.79 * / 20 * = | x:dollar 5.92:dollar 2:ticket 6.79:dollar *:ticket /:dollar 20:ticket *:dollar =:dollar
EXPR: 0 | POS | FRA | 11 | 1.37 | 7.382 | x=((5.92*(2/20))+6.79) | x 5.92 2 20 / * 6.79 + = | x:dollar 5.92:dollar 2:ticket 20:dollar /:ticket *:dollar 6.79:dollar +:dollar =:dollar
EXPR: 0 | POS | FRA | 11 | 1.37 | 120.143740795287 | x=(5.92*((2/6.79)+20)) | x 5.92 2 6.79 / 20 + * = | x:dollar 5.92:dollar 2:ticket 6.79:dollar /:ticket 20:ticket +:ticket *:dollar =:dollar
EXPR: 0 | POS | FRA | 11 | 1.37 | 3.2995 | x=((5.92/2)+(6.79/20)) | x 5.92 2 / 6.79 20 / + = | x:dollar 5.92:dollar 2:ticket /:dollar 6.79:dollar 20:ticket /:dollar +:dollar =:dollar
EXPR: 0 | POS | FRA | 11 | 1.37 | 13.84984 | x=(5.92*(2+(6.79/20))) | x 5.92 2 6.79 20 / + * = | x:dollar 5.92:dollar 2:ticket 6.79:ticket 20:dollar /:ticket +:ticket *:dollar =:dollar
EXPR: 0 | POS | FRA | 11 | 1.37 | 52.71 | x=((5.92+(2*20))+6.79) | x 5.92 2 20 * + 6.79 + = | x:dollar 5.92:dollar 2:ticket 20:dollar *:dollar +:dollar 6.79:dollar +:dollar =:dollar
EXPR: 0 | POS | FRA | 11 | 1.37 | 198.7936 | x=(5.92*((2*6.79)+20)) | x 5.92 2 6.79 * 20 + * = | x:dollar 5.92:dollar 2:ticket 6.79:dollar *:ticket 20:ticket +:ticket *:dollar =:dollar
EXPR: 0 | POS | FRA | 11 | 1.37 | 6.938 | x=((5.92/(2*20))+6.79) | x 5.92 2 20 * / 6.79 + = | x:dollar 5.92:dollar 2:ticket 20:dollar *:ticket /:dollar 6.79:dollar +:dollar =:dollar
EXPR: 0 | POS | FRA | 11 | 1.37 | 25.05 | x=((5.92*2)+(20-6.79)) | x 5.92 2 * 20 6.79 - + = | x:dollar 5.92:dollar 2:ticket *:dollar 20:dollar 6.79:dollar -:dollar +:dollar =:dollar
EXPR: 0 | POS | FRA | 11 | 1.37 | 34.71 | x=(5.92+((2+6.79)+20)) | x 5.92 2 6.79 + 20 + + = | x:dollar 5.92:dollar 2:dollar 6.79:dollar +:dollar 20:dollar +:dollar +:dollar =:dollar
EXPR: 0 | POS | FRA | 12 | 1.37 | 6.642 | (x+(5.92/(2*20)))=6.79 | x 5.92 2 20 * / + 6.79 = | x:dollar 5.92:dollar 2:ticket 20:dollar *:ticket /:dollar +:dollar 6.79:dollar =:dollar
EXPR: 0 | POS | FRA | 12 | 1.37 | 19.3265073947668 | (x+(5.92/(2+6.79)))=20 | x 5.92 2 6.79 + / + 20 = | x:dollar 5.92:dollar 2:ticket 6.79:ticket +:ticket /:dollar +:dollar 20:dollar =:dollar
EXPR: 0 | POS | FRA | 12 | 1.37 | 39.1015999999999 | 5.92=(x*(2/(20-6.79))) | 5.92 x 2 20 6.79 - / * = | 5.92:dollar x:dollar 2:ticket 20:dollar 6.79:dollar -:dollar /:ticket *:dollar =:dollar
EXPR: 0 | POS | FRA | 12 | 1.37 | 6.938 | (x-(5.92/(2*20)))=6.79 | x 5.92 2 20 * / - 6.79 = | x:dollar 5.92:dollar 2:ticket 20:dollar *:ticket /:dollar -:dollar 6.79:dollar =:dollar
EXPR: 0 | POS | FRA | 17 | 1.37 | 20.435 | 6.79=(5.92-(2*(20-x))) | 6.79 5.92 2 20 x - * - = | 6.79:dollar 5.92:dollar 2:ticket 20:dollar x:dollar -:dollar *:dollar -:dollar =:dollar
EXPR: 0 | POS | FRA | 20 | 1.37 | 4.01968 | x=(((5.92*2)/20)*6.79) | x 5.92 2 * 20 / 6.79 * = | x:ticket 5.92:dollar 2:ticket *:ticket 20:dollar /:ticket 6.79:dollar *:ticket =:ticket
EXPR: 0 | POS | FRA | 20 | 1.37 | 8.71870397643594 | x=((5.92/(2*6.79))*20) | x 5.92 2 6.79 * / 20 * = | x:ticket 5.92:dollar 2:ticket 6.79:dollar *:ticket /:dollar 20:ticket *:ticket =:ticket
EXPR: 0 | POS | FRA | 20 | 1.37 | 1.00492 | x=(5.92/((2/6.79)*20)) | x 5.92 2 6.79 / 20 * / = | x:ticket 5.92:ticket 2:ticket 6.79:dollar /:ticket 20:dollar *:dollar /:ticket =:ticket
EXPR: 0 | POS | FRA | 20 | 1.37 | 13.4698521046644 | x=((5.92/(2+6.79))*20) | x 5.92 2 6.79 + / 20 * = | x:dollar 5.92:ticket 2:dollar 6.79:dollar +:dollar /:ticket 20:dollar *:dollar =:dollar
EXPR: 0 | POS | FRA | 20 | 1.37 | 32.0368 | x=((5.92*(2+6.79))-20) | x 5.92 2 6.79 + * 20 - = | x:dollar 5.92:ticket 2:dollar 6.79:dollar +:dollar *:dollar 20:dollar -:dollar =:dollar
EXPR: 0 | POS | FRA | 20 | 1.37 | 6.46111111111111 | x=((5.92/(2-20))+6.79) | x 5.92 2 20 - / 6.79 + = | x:dollar 5.92:dollar 2:ticket 20:ticket -:ticket /:dollar 6.79:dollar +:dollar =:dollar
EXPR: 0 | POS | FRA | 20 | 1.37 | 6.76288659793814 | x=((5.92+(2*20))/6.79) | x 5.92 2 20 * + 6.79 / = | x:dollar 5.92:dollar 2:ticket 20:dollar *:dollar +:dollar 6.79:ticket /:dollar =:dollar
EXPR: 0 | POS | FRA | 20 | 1.37 | 2.68884 | x=((5.92+2)*(6.79/20)) | x 5.92 2 + 6.79 20 / * = | x:dollar 5.92:ticket 2:ticket +:ticket 6.79:dollar 20:ticket /:dollar *:dollar =:dollar
EXPR: 0 | POS | FRA | 20 | 1.37 | 1.33084 | x=((5.92-2)*(6.79/20)) | x 5.92 2 - 6.79 20 / * = | x:dollar 5.92:ticket 2:ticket -:ticket 6.79:dollar 20:ticket /:dollar *:dollar =:dollar
EXPR: 0 | POS | FRA | 20 | 1.37 | 212.1768 | x=((5.92+2)*(6.79+20)) | x 5.92 2 + 6.79 20 + * = | x:ticket 5.92:ticket 2:ticket +:ticket 6.79:dollar 20:dollar +:dollar *:ticket =:ticket
EXPR: 0 | POS | FRA | 20 | 1.37 | 198.7936 | x=(5.92*((2*6.79)+20)) | x 5.92 2 6.79 * 20 + * = | x:ticket 5.92:dollar 2:ticket 6.79:dollar *:ticket 20:ticket +:ticket *:ticket =:ticket
EXPR: 0 | POS | FRA | 20 | 1.37 | 120.143740795287 | x=(5.92*((2/6.79)+20)) | x 5.92 2 6.79 / 20 + * = | x:ticket 5.92:dollar 2:ticket 6.79:dollar /:ticket 20:ticket +:ticket *:ticket =:ticket
EXPR: 0 | POS | FRA | 20 | 1.37 | 104.6232 | x=((5.92+2)*(20-6.79)) | x 5.92 2 + 20 6.79 - * = | x:dollar 5.92:ticket 2:ticket +:ticket 20:dollar 6.79:dollar -:dollar *:dollar =:dollar
EXPR: 0 | POS | FRA | 20 | 1.37 | 22.5625920471281 | x=((2-(5.92/6.79))*20) | x 2 5.92 6.79 / - 20 * = | x:dollar 2:ticket 5.92:ticket 6.79:dollar /:ticket -:ticket 20:dollar *:dollar =:dollar
EXPR: 0 | POS | FRA | 20 | 1.37 | 4.68924889543446 | x=(((5.92*2)+20)/6.79) | x 5.92 2 * 20 + 6.79 / = | x:dollar 5.92:dollar 2:ticket *:dollar 20:dollar +:dollar 6.79:ticket /:dollar =:dollar
EXPR: 0 | POS | FRA | 21 | 1.37 | 8.71870397643594 | x=((5.92/(2*6.79))*20) | x 5.92 2 6.79 * / 20 * = | x:ticket 5.92:dollar 2:ticket 6.79:dollar *:ticket /:dollar 20:ticket *:ticket =:ticket
EXPR: 0 | POS | FRA | 21 | 1.37 | 1.00492 | x=(5.92/((2/6.79)*20)) | x 5.92 2 6.79 / 20 * / = | x:ticket 5.92:ticket 2:ticket 6.79:dollar /:ticket 20:dollar *:dollar /:ticket =:ticket
EXPR: 0 | POS | FRA | 21 | 1.37 | 13.4698521046644 | x=((5.92/(2+6.79))*20) | x 5.92 2 6.79 + / 20 * = | x:dollar 5.92:ticket 2:dollar 6.79:dollar +:dollar /:ticket 20:dollar *:dollar =:dollar
EXPR: 0 | POS | FRA | 21 | 1.37 | 32.0368 | x=((5.92*(2+6.79))-20) | x 5.92 2 6.79 + * 20 - = | x:dollar 5.92:ticket 2:dollar 6.79:dollar +:dollar *:dollar 20:dollar -:dollar =:dollar
EXPR: 0 | POS | FRA | 21 | 1.37 | 6.76288659793814 | x=((5.92+(2*20))/6.79) | x 5.92 2 20 * + 6.79 / = | x:dollar 5.92:dollar 2:ticket 20:dollar *:dollar +:dollar 6.79:ticket /:dollar =:dollar
EXPR: 0 | POS | FRA | 21 | 1.37 | 2.68884 | x=((5.92+2)*(6.79/20)) | x 5.92 2 + 6.79 20 / * = | x:dollar 5.92:ticket 2:ticket +:ticket 6.79:dollar 20:ticket /:dollar *:dollar =:dollar
EXPR: 0 | POS | FRA | 21 | 1.37 | 1.33084 | x=((5.92-2)*(6.79/20)) | x 5.92 2 - 6.79 20 / * = | x:dollar 5.92:ticket 2:ticket -:ticket 6.79:dollar 20:ticket /:dollar *:dollar =:dollar
EXPR: 0 | POS | FRA | 21 | 1.37 | 198.7936 | x=(5.92*((2*6.79)+20)) | x 5.92 2 6.79 * 20 + * = | x:ticket 5.92:dollar 2:ticket 6.79:dollar *:ticket 20:ticket +:ticket *:ticket =:ticket
EXPR: 0 | POS | FRA | 21 | 1.37 | 212.1768 | x=((5.92+2)*(6.79+20)) | x 5.92 2 + 6.79 20 + * = | x:ticket 5.92:ticket 2:ticket +:ticket 6.79:dollar 20:dollar +:dollar *:ticket =:ticket
EXPR: 0 | POS | FRA | 21 | 1.37 | 104.6232 | x=((5.92+2)*(20-6.79)) | x 5.92 2 + 20 6.79 - * = | x:dollar 5.92:ticket 2:ticket +:ticket 20:dollar 6.79:dollar -:dollar *:dollar =:dollar
EXPR: 0 | POS | FRA | 21 | 1.37 | 22.5625920471281 | x=((2-(5.92/6.79))*20) | x 2 5.92 6.79 / - 20 * = | x:dollar 2:ticket 5.92:ticket 6.79:dollar /:ticket -:ticket 20:dollar *:dollar =:dollar
EXPR: 0 | POS | FRA | 21 | 1.37 | 4.68924889543446 | x=(((5.92*2)+20)/6.79) | x 5.92 2 * 20 + 6.79 / = | x:dollar 5.92:dollar 2:ticket *:dollar 20:dollar +:dollar 6.79:ticket /:dollar =:dollar
EXPR: 0 | POS | FRA | 22 | 1.37 | 0.995104087887593 | 5.92=(((2/x)*20)/6.79) | 5.92 2 x / 20 * 6.79 / = | 5.92:ticket 2:ticket x:dollar /:ticket 20:dollar *:ticket 6.79:dollar /:ticket =:ticket
EXPR: 0 | POS | FRA | 22 | 1.37 | 13.83 | 20=(5.92-(2*(6.79-x))) | 20 5.92 2 6.79 x - * - = | 20:dollar 5.92:dollar 2:ticket 6.79:dollar x:dollar -:dollar *:dollar -:dollar =:dollar
EXPR: 0 | POS | FRA | 22 | 1.37 | 5.10081081081081 | 20=((5.92*2)*(6.79-x)) | 20 5.92 2 * 6.79 x - * = | 20:dollar 5.92:dollar 2:ticket *:ticket 6.79:dollar x:dollar -:dollar *:dollar =:dollar
EXPR: 0 | POS | FRA | 22 | 1.37 | 18.7640918580376 | (x+(5.92/(6.79-2)))=20 | x 5.92 6.79 2 - / + 20 = | x:dollar 5.92:dollar 6.79:ticket 2:ticket -:ticket /:dollar +:dollar 20:dollar =:dollar
EXPR: 0 | POS | FRA | 22 | 1.37 | 0.5 | 20=((5.92+(2*6.79))+x) | 20 5.92 2 6.79 * + x + = | 20:dollar 5.92:dollar 2:ticket 6.79:dollar *:dollar +:dollar x:dollar +:dollar =:dollar
EXPR: 0 | POS | FRA | 22 | 1.37 | 27.66 | 20=((5.92-(2*6.79))+x) | 20 5.92 2 6.79 * - x + = | 20:dollar 5.92:dollar 2:ticket 6.79:dollar *:dollar -:dollar x:dollar +:dollar =:dollar
EXPR: 0 | POS | FRA | 22 | 1.37 | 14.95 | 20=((5.92*2)-(6.79-x)) | 20 5.92 2 * 6.79 x - - = | 20:dollar 5.92:dollar 2:ticket *:dollar 6.79:dollar x:dollar -:dollar -:dollar =:dollar
EXPR: 0 | POS | FRA | 22 | 1.37 | 23.83 | 20=((5.92/2)-(6.79-x)) | 20 5.92 2 / 6.79 x - - = | 20:dollar 5.92:dollar 2:ticket /:dollar 6.79:dollar x:dollar -:dollar -:dollar =:dollar
EXPR: 1 | POS | FRA | 22 | 1.37 | 1.37 | 20=((5.92*2)+(6.79+x)) | 20 5.92 2 * 6.79 x + + = | 20:dollar 5.92:dollar 2:ticket *:dollar 6.79:dollar x:dollar +:dollar +:dollar =:dollar
EXPR: 0 | POS | FRA | 22 | 1.37 | 10.25 | 20=((5.92/2)+(6.79+x)) | 20 5.92 2 / 6.79 x + + = | 20:dollar 5.92:dollar 2:ticket /:dollar 6.79:dollar x:dollar +:dollar +:dollar =:dollar
EXPR: 0 | POS | FRA | 22 | 1.37 | 19.5640648011782 | 20=((5.92/(2*6.79))+x) | 20 5.92 2 6.79 * / x + = | 20:dollar 5.92:dollar 2:ticket 6.79:dollar *:ticket /:dollar x:dollar +:dollar =:dollar
EXPR: 0 | POS | FRA | 22 | 1.37 | 22.6 | (x/((5.92+2)-6.79))=20 | x 5.92 2 + 6.79 - / 20 = | x:dollar 5.92:ticket 2:ticket +:ticket 6.79:ticket -:ticket /:dollar 20:dollar =:dollar
EXPR: 0 | POS | FRA | 22 | 1.37 | 6.52090909090909 | (x+(5.92/(2+20)))=6.79 | x 5.92 2 20 + / + 6.79 = | x:dollar 5.92:dollar 2:ticket 20:ticket +:ticket /:dollar +:dollar 6.79:dollar =:dollar
EXPR: 0 | POS | FRA | 22 | 1.37 | 2.60184 | ((5.92*(2+6.79))/x)=20 | 5.92 2 6.79 + * x / 20 = | 5.92:dollar 2:ticket 6.79:ticket +:ticket *:ticket x:dollar /:ticket 20:ticket =:ticket
EXPR: 0 | POS | FRA | 30 | 1.37 | 80.2032 | x=(2-(5.92*(6.79-20))) | x 2 5.92 6.79 20 - * - = | x:dollar 2:dollar 5.92:ticket 6.79:dollar 20:dollar -:dollar *:dollar -:dollar =:dollar
EXPR: 0 | POS | FRA | 30 | 1.37 | 160.5968 | x=(2+(5.92*(6.79+20))) | x 2 5.92 6.79 20 + * + = | x:dollar 2:dollar 5.92:ticket 6.79:dollar 20:dollar +:dollar *:dollar +:dollar =:dollar
EXPR: 0 | POS | FRA | 30 | 1.37 | 0.441955953714072 | x=(2*(5.92/(6.79+20))) | x 2 5.92 6.79 20 + / * = | x:dollar 2:dollar 5.92:ticket 6.79:dollar 20:dollar +:dollar /:ticket *:dollar =:dollar
EXPR: 0 | POS | FRA | 30 | 1.37 | 0.0126105949174258 | x=(2/(5.92*(6.79+20))) | x 2 5.92 6.79 20 + * / = | x:dollar 2:dollar 5.92:ticket 6.79:dollar 20:dollar +:dollar *:ticket /:dollar =:dollar
EXPR: 0 | POS | FRA | 30 | 1.37 | 1.02564102564103 | x=(20/(5.92+(2*6.79))) | x 20 5.92 2 6.79 * + / = | x:dollar 20:dollar 5.92:ticket 2:ticket 6.79:dollar *:ticket +:ticket /:dollar =:dollar
EXPR: 0 | POS | FRA | 30 | 1.37 | 13.5478378378378 | x=(((2/5.92)-6.79)+20) | x 2 5.92 / 6.79 - 20 + = | x:dollar 2:dollar 5.92:ticket /:dollar 6.79:dollar -:dollar 20:dollar +:dollar =:dollar
EXPR: 0 | POS | FRA | 30 | 1.37 | 5.4805 | x=(5.92-((2+6.79)/20)) | x 5.92 2 6.79 + 20 / - = | x:ticket 5.92:ticket 2:ticket 6.79:ticket +:ticket 20:dollar /:ticket -:ticket =:ticket
EXPR: 0 | POS | FRA | 30 | 1.37 | 8.71870397643594 | x=((5.92/(2*6.79))*20) | x 5.92 2 6.79 * / 20 * = | x:dollar 5.92:ticket 2:dollar 6.79:ticket *:dollar /:ticket 20:dollar *:dollar =:dollar
EXPR: 0 | POS | FRA | 30 | 1.37 | 0.0289837997054487 | x=(5.92-((2/6.79)*20)) | x 5.92 2 6.79 / 20 * - = | x:dollar 5.92:dollar 2:dollar 6.79:ticket /:dollar 20:ticket *:dollar -:dollar =:dollar
EXPR: 0 | POS | FRA | 30 | 1.37 | 0.0958227490826983 | x=(2/((5.92/6.79)+20)) | x 2 5.92 6.79 / 20 + / = | x:ticket 2:ticket 5.92:dollar 6.79:ticket /:dollar 20:dollar +:dollar /:ticket =:ticket
EXPR: 0 | POS | FRA | 30 | 1.37 | 4.01968 | x=(2*((5.92*6.79)/20)) | x 2 5.92 6.79 * 20 / * = | x:dollar 2:dollar 5.92:ticket 6.79:dollar *:ticket 20:dollar /:ticket *:dollar =:dollar
EXPR: 0 | POS | FRA | 30 | 1.37 | 22.1968 | x=(2+((5.92*6.79)-20)) | x 2 5.92 6.79 * 20 - + = | x:dollar 2:dollar 5.92:dollar 6.79:ticket *:dollar 20:dollar -:dollar +:dollar =:dollar
EXPR: 0 | POS | FRA | 30 | 1.37 | 62.1968 | x=(2+((5.92*6.79)+20)) | x 2 5.92 6.79 * 20 + + = | x:dollar 2:dollar 5.92:dollar 6.79:ticket *:dollar 20:dollar +:dollar +:dollar =:dollar
EXPR: 0 | POS | FRA | 30 | 1.37 | 22.6 | x=((2+(5.92-6.79))*20) | x 2 5.92 6.79 - + 20 * = | x:dollar 2:ticket 5.92:ticket 6.79:ticket -:ticket +:ticket 20:dollar *:dollar =:dollar
EXPR: 0 | POS | FRA | 30 | 1.37 | 25.05 | x=(((5.92*2)-6.79)+20) | x 5.92 2 * 6.79 - 20 + = | x:ticket 5.92:dollar 2:ticket *:ticket 6.79:ticket -:ticket 20:ticket +:ticket =:ticket
EXPR: 0 | POS | FRA | 30 | 1.37 | 22.1968 | x=(2+((5.92*6.79)-20)) | x 2 5.92 6.79 * 20 - + = | x:dollar 2:dollar 5.92:ticket 6.79:dollar *:dollar 20:dollar -:dollar +:dollar =:dollar
EXPR: 0 | POS | FRA | 30 | 1.37 | 32.0368 | x=((5.92*(2+6.79))-20) | x 5.92 2 6.79 + * 20 - = | x:ticket 5.92:dollar 2:ticket 6.79:ticket +:ticket *:ticket 20:ticket -:ticket =:ticket
EXPR: 0 | POS | FRA | 30 | 1.37 | 19.4374079528719 | x=(2+((5.92/6.79)*20)) | x 2 5.92 6.79 / 20 * + = | x:dollar 2:dollar 5.92:ticket 6.79:dollar /:ticket 20:dollar *:dollar +:dollar =:dollar
EXPR: 0 | POS | FRA | 30 | 1.37 | 0.033674630261661 | x=(5.92/((2+6.79)*20)) | x 5.92 2 6.79 + 20 * / = | x:ticket 5.92:ticket 2:ticket 6.79:ticket +:ticket 20:dollar *:dollar /:ticket =:ticket
EXPR: 0 | POS | FRA | 30 | 1.37 | 6.3595 | x=(5.92+((2+6.79)/20)) | x 5.92 2 6.79 + 20 / + = | x:ticket 5.92:ticket 2:ticket 6.79:ticket +:ticket 20:dollar /:ticket +:ticket =:ticket
EXPR: 0 | POS | FRA | 30 | 1.37 | 21.7437407952872 | x=((5.92*(2/6.79))+20) | x 5.92 2 6.79 / * 20 + = | x:dollar 5.92:ticket 2:dollar 6.79:ticket /:dollar *:dollar 20:dollar +:dollar =:dollar
EXPR: 0 | POS | FRA | 30 | 1.37 | 27.1278378378378 | x=((2/5.92)+(6.79+20)) | x 2 5.92 / 6.79 20 + + = | x:dollar 2:dollar 5.92:ticket /:dollar 6.79:dollar 20:dollar +:dollar +:dollar =:dollar
EXPR: 0 | POS | FRA | 30 | 1.37 | 21.7437407952872 | x=((2*(5.92/6.79))+20) | x 2 5.92 6.79 / * 20 + = | x:dollar 2:dollar 5.92:ticket 6.79:dollar /:ticket *:dollar 20:dollar +:dollar =:dollar
EXPR: 0 | POS | FRA | 30 | 1.37 | 8.2595 | x=((5.92+2)+(6.79/20)) | x 5.92 2 + 6.79 20 / + = | x:ticket 5.92:ticket 2:ticket +:ticket 6.79:ticket 20:dollar /:ticket +:ticket =:ticket
EXPR: 0 | POS | FRA | 30 | 1.37 | 62.1968 | x=((2+(5.92*6.79))+20) | x 2 5.92 6.79 * + 20 + = | x:dollar 2:dollar 5.92:ticket 6.79:dollar *:dollar +:dollar 20:dollar +:dollar =:dollar
EXPR: 0 | POS | FRA | 30 | 1.37 | 22.8718703976436 | x=(2+((5.92/6.79)+20)) | x 2 5.92 6.79 / 20 + + = | x:dollar 2:dollar 5.92:dollar 6.79:ticket /:dollar 20:dollar +:dollar +:dollar =:dollar
EXPR: 0 | POS | FRA | 30 | 1.37 | 20.0497552043944 | x=((2/(5.92*6.79))+20) | x 2 5.92 6.79 * / 20 + = | x:dollar 2:dollar 5.92:ticket 6.79:dollar *:ticket /:dollar 20:dollar +:dollar =:dollar
EXPR: 0 | POS | FRA | 30 | 1.37 | 112.508983799705 | x=((5.92-(2/6.79))*20) | x 5.92 2 6.79 / - 20 * = | x:dollar 5.92:dollar 2:dollar 6.79:ticket /:dollar -:dollar 20:ticket *:dollar =:dollar
EXPR: 0 | POS | FRA | 30 | 1.37 | 7.382 | x=((5.92*(2/20))+6.79) | x 5.92 2 20 / * 6.79 + = | x:ticket 5.92:dollar 2:ticket 20:dollar /:ticket *:ticket 6.79:ticket +:ticket =:ticket
EXPR: 0 | POS | FRA | 30 | 1.37 | 22.5625920471281 | x=((2-(5.92/6.79))*20) | x 2 5.92 6.79 / - 20 * = | x:ticket 2:ticket 5.92:ticket 6.79:dollar /:ticket -:ticket 20:dollar *:ticket =:ticket
EXPR: 0 | POS | FRA | 30 | 1.37 | 0.00786782061369001 | x=(2/((5.92+6.79)*20)) | x 2 5.92 6.79 + 20 * / = | x:ticket 2:ticket 5.92:dollar 6.79:dollar +:dollar 20:ticket *:dollar /:ticket =:ticket
EXPR: 0 | POS | FRA | 30 | 1.37 | 1.3645 | x=(2-((5.92+6.79)/20)) | x 2 5.92 6.79 + 20 / - = | x:dollar 2:dollar 5.92:dollar 6.79:dollar +:dollar 20:ticket /:dollar -:dollar =:dollar
EXPR: 0 | POS | FRA | 30 | 1.37 | 13.5478378378378 | x=((2/5.92)-(6.79-20)) | x 2 5.92 / 6.79 20 - - = | x:dollar 2:dollar 5.92:ticket /:dollar 6.79:dollar 20:dollar -:dollar -:dollar =:dollar
EXPR: 0 | POS | FRA | 30 | 1.37 | 186.3 | x=((5.92+(6.79/2))*20) | x 5.92 6.79 2 / + 20 * = | x:ticket 5.92:dollar 6.79:dollar 2:ticket /:dollar +:dollar 20:ticket *:ticket =:ticket
EXPR: 0 | POS | FRA | 30 | 1.37 | 50.5 | x=((5.92-(6.79/2))*20) | x 5.92 6.79 2 / - 20 * = | x:ticket 5.92:dollar 6.79:dollar 2:ticket /:dollar -:dollar 20:ticket *:ticket =:ticket
EXPR: 0 | POS | FRA | 31 | 1.37 | 160.5968 | x=(2+(5.92*(6.79+20))) | x 2 5.92 6.79 20 + * + = | x:dollar 2:dollar 5.92:ticket 6.79:dollar 20:dollar +:dollar *:dollar +:dollar =:dollar
EXPR: 0 | POS | FRA | 31 | 1.37 | 0.441955953714072 | x=(2*(5.92/(6.79+20))) | x 2 5.92 6.79 20 + / * = | x:dollar 2:dollar 5.92:ticket 6.79:dollar 20:dollar +:dollar /:ticket *:dollar =:dollar
EXPR: 0 | POS | FRA | 31 | 1.37 | 0.0126105949174258 | x=(2/(5.92*(6.79+20))) | x 2 5.92 6.79 20 + * / = | x:dollar 2:dollar 5.92:ticket 6.79:dollar 20:dollar +:dollar *:ticket /:dollar =:dollar
EXPR: 0 | POS | FRA | 31 | 1.37 | 5.4805 | x=(5.92-((2+6.79)/20)) | x 5.92 2 6.79 + 20 / - = | x:ticket 5.92:ticket 2:ticket 6.79:ticket +:ticket 20:dollar /:ticket -:ticket =:ticket
EXPR: 0 | POS | FRA | 31 | 1.37 | 8.71870397643594 | x=((5.92/(2*6.79))*20) | x 5.92 2 6.79 * / 20 * = | x:dollar 5.92:ticket 2:dollar 6.79:ticket *:dollar /:ticket 20:dollar *:dollar =:dollar
EXPR: 0 | POS | FRA | 31 | 1.37 | 0.0289837997054487 | x=(5.92-((2/6.79)*20)) | x 5.92 2 6.79 / 20 * - = | x:dollar 5.92:dollar 2:dollar 6.79:ticket /:dollar 20:ticket *:dollar -:dollar =:dollar
EXPR: 0 | POS | FRA | 31 | 1.37 | 0.0958227490826983 | x=(2/((5.92/6.79)+20)) | x 2 5.92 6.79 / 20 + / = | x:ticket 2:ticket 5.92:dollar 6.79:ticket /:dollar 20:dollar +:dollar /:ticket =:ticket
EXPR: 0 | POS | FRA | 31 | 1.37 | 25.05 | x=(((5.92*2)-6.79)+20) | x 5.92 2 * 6.79 - 20 + = | x:ticket 5.92:dollar 2:ticket *:ticket 6.79:ticket -:ticket 20:ticket +:ticket =:ticket
EXPR: 0 | POS | FRA | 31 | 1.37 | 21.7437407952872 | x=((5.92*(2/6.79))+20) | x 5.92 2 6.79 / * 20 + = | x:dollar 5.92:ticket 2:dollar 6.79:ticket /:dollar *:dollar 20:dollar +:dollar =:dollar
EXPR: 0 | POS | FRA | 31 | 1.37 | 27.1278378378378 | x=((2/5.92)+(6.79+20)) | x 2 5.92 / 6.79 20 + + = | x:dollar 2:dollar 5.92:ticket /:dollar 6.79:dollar 20:dollar +:dollar +:dollar =:dollar
EXPR: 0 | POS | FRA | 31 | 1.37 | 8.2595 | x=((5.92+2)+(6.79/20)) | x 5.92 2 + 6.79 20 / + = | x:ticket 5.92:ticket 2:ticket +:ticket 6.79:ticket 20:dollar /:ticket +:ticket =:ticket
EXPR: 0 | POS | FRA | 31 | 1.37 | 112.508983799705 | x=((5.92-(2/6.79))*20) | x 5.92 2 6.79 / - 20 * = | x:dollar 5.92:dollar 2:dollar 6.79:ticket /:dollar -:dollar 20:ticket *:dollar =:dollar
EXPR: 0 | POS | FRA | 31 | 1.37 | 22.8718703976436 | x=(2+((5.92/6.79)+20)) | x 2 5.92 6.79 / 20 + + = | x:dollar 2:dollar 5.92:dollar 6.79:ticket /:dollar 20:dollar +:dollar +:dollar =:dollar
EXPR: 0 | POS | FRA | 31 | 1.37 | 22.5625920471281 | x=((2-(5.92/6.79))*20) | x 2 5.92 6.79 / - 20 * = | x:ticket 2:ticket 5.92:ticket 6.79:dollar /:ticket -:ticket 20:dollar *:ticket =:ticket
EXPR: 0 | POS | FRA | 31 | 1.37 | 62.1968 | x=((2+(5.92*6.79))+20) | x 2 5.92 6.79 * + 20 + = | x:dollar 2:dollar 5.92:ticket 6.79:dollar *:dollar +:dollar 20:dollar +:dollar =:dollar
EXPR: 0 | POS | FRA | 31 | 1.37 | 186.3 | x=((5.92+(6.79/2))*20) | x 5.92 6.79 2 / + 20 * = | x:ticket 5.92:dollar 6.79:dollar 2:ticket /:dollar +:dollar 20:ticket *:ticket =:ticket
EXPR: 0 | POS | FRA | 31 | 1.37 | 50.5 | x=((5.92-(6.79/2))*20) | x 5.92 6.79 2 / - 20 * = | x:ticket 5.92:dollar 6.79:dollar 2:ticket /:dollar -:dollar 20:ticket *:ticket =:ticket
EXPR: 0 | POS | FRA | 32 | 1.37 | 160.5968 | 2=(x-(5.92*(6.79+20))) | 2 x 5.92 6.79 20 + * - = | 2:dollar x:dollar 5.92:ticket 6.79:dollar 20:dollar +:dollar *:dollar -:dollar =:dollar
EXPR: 0 | POS | FRA | 32 | 1.37 | 9.05067567567568 | 2=(x*(5.92/(6.79+20))) | 2 x 5.92 6.79 20 + / * = | 2:dollar x:dollar 5.92:ticket 6.79:dollar 20:dollar +:dollar /:ticket *:dollar =:dollar
EXPR: 0 | POS | FRA | 32 | 1.37 | 317.1936 | 2=(x/(5.92*(6.79+20))) | 2 x 5.92 6.79 20 + * / = | 2:dollar x:dollar 5.92:ticket 6.79:dollar 20:dollar +:dollar *:ticket /:dollar =:dollar
EXPR: 0 | POS | FRA | 32 | 1.37 | 0.0871870397643595 | 20=((5.92*(2/6.79))/x) | 20 5.92 2 6.79 / * x / = | 20:ticket 5.92:dollar 2:ticket 6.79:dollar /:ticket *:ticket x:dollar /:ticket =:ticket
EXPR: 0 | POS | FRA | 32 | 1.37 | 0.0984 | 2=(5.92*(6.79/(x+20))) | 2 5.92 6.79 x 20 + / * = | 2:dollar 5.92:dollar 6.79:ticket x:dollar 20:dollar +:dollar /:ticket *:dollar =:dollar
EXPR: 0 | POS | FRA | 32 | 1.37 | 40.0984 | 2=(5.92*(6.79/(x-20))) | 2 5.92 6.79 x 20 - / * = | 2:dollar 5.92:dollar 6.79:ticket x:dollar 20:dollar -:dollar /:ticket *:dollar =:dollar
EXPR: 0 | POS | FRA | 32 | 1.37 | 19.5640648011782 | (x+(5.92/(2*6.79)))=20 | x 5.92 2 6.79 * / + 20 = | x:ticket 5.92:ticket 2:ticket 6.79:dollar *:dollar /:ticket +:ticket 20:ticket =:ticket
EXPR: 0 | POS | FRA | 32 | 1.37 | 20.0497552043944 | (x-(2/(5.92*6.79)))=20 | x 2 5.92 6.79 * / - 20 = | x:dollar 2:dollar 5.92:dollar 6.79:ticket *:ticket /:dollar -:dollar 20:dollar =:dollar
EXPR: 0 | POS | FRA | 32 | 1.37 | 0.975 | 20=((5.92+(2*6.79))/x) | 20 5.92 2 6.79 * + x / = | 20:dollar 5.92:dollar 2:ticket 6.79:dollar *:dollar +:dollar x:ticket /:dollar =:dollar
EXPR: 0 | POS | FRA | 32 | 1.37 | 19.9502447956056 | (x+(2/(5.92*6.79)))=20 | x 2 5.92 6.79 * / + 20 = | x:dollar 2:dollar 5.92:dollar 6.79:ticket *:ticket /:dollar +:dollar 20:dollar =:dollar
EXPR: 0 | POS | FRA | 32 | 1.37 | 0.398474178403756 | 20=((5.92/2)+(6.79/x)) | 20 5.92 2 / 6.79 x / + = | 20:dollar 5.92:dollar 2:ticket /:dollar 6.79:dollar x:ticket /:dollar +:dollar =:dollar
EXPR: 0 | POS | FRA | 32 | 1.37 | 20.0497552043944 | (x-(2/(5.92*6.79)))=20 | x 2 5.92 6.79 * / - 20 = | x:dollar 2:dollar 5.92:ticket 6.79:dollar *:ticket /:dollar -:dollar 20:dollar =:dollar
EXPR: 0 | POS | FRA | 35 | 1.37 | 1.82712727272727 | x=(6.79*(5.92/(2+20))) | x 6.79 5.92 2 20 + / * = | x:dollar 6.79:dollar 5.92:ticket 2:dollar 20:dollar +:dollar /:ticket *:dollar =:dollar
EXPR: 0 | POS | FRA | 35 | 1.37 | 30.0984 | x=(((5.92*6.79)+20)/2) | x 5.92 6.79 * 20 + 2 / = | x:dollar 5.92:ticket 6.79:dollar *:dollar 20:dollar +:dollar 2:ticket /:dollar =:dollar
EXPR: 0 | POS | FRA | 35 | 1.37 | 0.0521345208845209 | x=(6.79/(5.92*(2+20))) | x 6.79 5.92 2 20 + * / = | x:dollar 6.79:dollar 5.92:ticket 2:dollar 20:dollar +:dollar *:ticket /:dollar =:dollar
EXPR: 0 | POS | FRA | 35 | 1.37 | 19.1469594594595 | x=(((6.79/5.92)-2)+20) | x 6.79 5.92 / 2 - 20 + = | x:dollar 6.79:dollar 5.92:ticket /:dollar 2:dollar -:dollar 20:dollar +:dollar =:dollar
EXPR: 0 | POS | FRA | 35 | 1.37 | 8.71870397643594 | x=(((5.92/6.79)*20)/2) | x 5.92 6.79 / 20 * 2 / = | x:dollar 5.92:ticket 6.79:dollar /:ticket 20:dollar *:dollar 2:ticket /:dollar =:dollar
EXPR: 0 | POS | FRA | 36 | 1.37 | 1.82712727272727 | x=(6.79*(5.92/(2+20))) | x 6.79 5.92 2 20 + / * = | x:dollar 6.79:dollar 5.92:ticket 2:dollar 20:dollar +:dollar /:ticket *:dollar =:dollar
EXPR: 0 | POS | FRA | 36 | 1.37 | 8.71870397643594 | x=(((5.92/6.79)*20)/2) | x 5.92 6.79 / 20 * 2 / = | x:dollar 5.92:ticket 6.79:dollar /:ticket 20:dollar *:dollar 2:ticket /:dollar =:dollar
EXPR: 0 | POS | FRA | 36 | 1.37 | 19.1469594594595 | x=(((6.79/5.92)-2)+20) | x 6.79 5.92 / 2 - 20 + = | x:dollar 6.79:dollar 5.92:ticket /:dollar 2:dollar -:dollar 20:dollar +:dollar =:dollar
EXPR: 0 | POS | FRA | 37 | 1.37 | 20.6452702702703 | 5.92=(((20-2)*6.79)/x) | 5.92 20 2 - 6.79 * x / = | 5.92:ticket 20:ticket 2:ticket -:ticket 6.79:dollar *:ticket x:dollar /:ticket =:ticket
EXPR: 0 | POS | FRA | 37 | 1.37 | 25.2331081081081 | 6.79=(x*(5.92/(2+20))) | 6.79 x 5.92 2 20 + / * = | 6.79:dollar x:dollar 5.92:ticket 2:dollar 20:dollar +:dollar /:ticket *:dollar =:dollar
EXPR: 0 | POS | FRA | 37 | 1.37 | 401.968 | 6.79=(((x/5.92)*2)/20) | 6.79 x 5.92 / 2 * 20 / = | 6.79:dollar x:dollar 5.92:ticket /:dollar 2:ticket *:dollar 20:ticket /:dollar =:dollar
EXPR: 0 | POS | FRA | 37 | 1.37 | 884.3296 | 6.79=(x/(5.92*(2+20))) | 6.79 x 5.92 2 20 + * / = | 6.79:dollar x:dollar 5.92:ticket 2:dollar 20:dollar +:dollar *:ticket /:dollar =:dollar
EXPR: 0 | POS | FRA | 37 | 1.37 | 1.35961930659415 | ((6.79+(5.92+2))*x)=20 | 6.79 5.92 2 + + x * 20 = | 6.79:ticket 5.92:ticket 2:ticket +:ticket +:ticket x:dollar *:dollar 20:dollar =:dollar
EXPR: 0 | POS | FRA | 37 | 1.37 | 4.1875 | 6.79=((x*5.92)+(2-20)) | 6.79 x 5.92 * 2 20 - + = | 6.79:dollar x:dollar 5.92:ticket *:dollar 2:dollar 20:dollar -:dollar +:dollar =:dollar
EXPR: 0 | POS | FRA | 37 | 1.37 | 123.45 | 6.79=((5.92*(2+20))-x) | 6.79 5.92 2 20 + * x - = | 6.79:dollar 5.92:ticket 2:dollar 20:dollar +:dollar *:dollar x:dollar -:dollar =:dollar
EXPR: 0 | POS | FRA | 40 | 1.37 | 13.4698521046644 | x=(20*(5.92/(2+6.79))) | x 20 5.92 2 6.79 + / * = | x:dollar 20:dollar 5.92:ticket 2:dollar 6.79:dollar +:dollar /:ticket *:dollar =:dollar
EXPR: 0 | POS | FRA | 40 | 1.37 | 48.3568 | x=(20-(5.92*(2-6.79))) | x 20 5.92 2 6.79 - * - = | x:dollar 20:dollar 5.92:ticket 2:dollar 6.79:dollar -:dollar *:dollar -:dollar =:dollar
EXPR: 0 | POS | FRA | 40 | 1.37 | 72.0368 | x=(20+(5.92*(2+6.79))) | x 20 5.92 2 6.79 + * + = | x:dollar 20:dollar 5.92:ticket 2:dollar 6.79:dollar +:dollar *:dollar +:dollar =:dollar
EXPR: 0 | POS | FRA | 40 | 1.37 | 40.0984 | x=(20+(5.92*(6.79/2))) | x 20 5.92 6.79 2 / * + = | x:dollar 20:dollar 5.92:ticket 6.79:dollar 2:ticket /:dollar *:dollar +:dollar =:dollar
EXPR: 0 | POS | FRA | 40 | 1.37 | 843.936 | x=((2+(5.92*6.79))*20) | x 2 5.92 6.79 * + 20 * = | x:dollar 2:dollar 5.92:ticket 6.79:dollar *:dollar +:dollar 20:ticket *:dollar =:dollar
EXPR: 0 | POS | FRA | 40 | 1.37 | 108.0968 | x=(((20/2)+5.92)*6.79) | x 20 2 / 5.92 + 6.79 * = | x:dollar 20:dollar 2:ticket /:dollar 5.92:dollar +:dollar 6.79:ticket *:dollar =:dollar
EXPR: 0 | POS | FRA | 40 | 1.37 | 131.88 | x=((2-5.92)+(6.79*20)) | x 2 5.92 - 6.79 20 * + = | x:ticket 2:ticket 5.92:ticket -:ticket 6.79:dollar 20:ticket *:ticket +:ticket =:ticket
EXPR: 0 | POS | FRA | 40 | 1.37 | 0.384343387756357 | x=(20/(5.92*(2+6.79))) | x 20 5.92 2 6.79 + * / = | x:dollar 20:dollar 5.92:ticket 2:dollar 6.79:dollar +:dollar *:ticket /:dollar =:dollar
EXPR: 0 | POS | FRA | 40 | 1.37 | 138.4984 | x=(5.92*((6.79/2)+20)) | x 5.92 6.79 2 / 20 + * = | x:dollar 5.92:dollar 6.79:ticket 2:dollar /:ticket 20:ticket +:ticket *:dollar =:dollar
EXPR: 0 | POS | FRA | 40 | 1.37 | 256.2 | x=(2+((5.92+6.79)*20)) | x 2 5.92 6.79 + 20 * + = | x:dollar 2:dollar 5.92:ticket 6.79:ticket +:ticket 20:dollar *:dollar +:dollar =:dollar
EXPR: 0 | POS | FRA | 40 | 1.37 | 17.13 | x=(((5.92-2)-6.79)+20) | x 5.92 2 - 6.79 - 20 + = | x:ticket 5.92:ticket 2:ticket -:ticket 6.79:ticket -:ticket 20:ticket +:ticket =:ticket
EXPR: 0 | POS | FRA | 40 | 1.37 | 0.995104087887593 | x=((2/(5.92*6.79))*20) | x 2 5.92 6.79 * / 20 * = | x:dollar 2:dollar 5.92:ticket 6.79:dollar *:ticket /:dollar 20:ticket *:dollar =:dollar
EXPR: 0 | POS | FRA | 40 | 1.37 | 7.382 | x=((2*(5.92/20))+6.79) | x 2 5.92 20 / * 6.79 + = | x:dollar 2:dollar 5.92:ticket 20:dollar /:ticket *:dollar 6.79:dollar +:dollar =:dollar
EXPR: 0 | POS | FRA | 40 | 1.37 | 41.7437407952872 | x=(2*((5.92/6.79)+20)) | x 2 5.92 6.79 / 20 + * = | x:dollar 2:dollar 5.92:ticket 6.79:dollar /:ticket 20:ticket +:ticket *:dollar =:dollar
EXPR: 0 | POS | FRA | 40 | 1.37 | 21.7437407952872 | x=((2*(5.92/6.79))+20) | x 2 5.92 6.79 / * 20 + = | x:ticket 2:ticket 5.92:dollar 6.79:ticket /:dollar *:ticket 20:ticket +:ticket =:ticket
EXPR: 0 | POS | FRA | 40 | 1.37 | 11.161 | x=(2*(5.92-(6.79/20))) | x 2 5.92 6.79 20 / - * = | x:dollar 2:dollar 5.92:ticket 6.79:ticket 20:dollar /:ticket -:ticket *:dollar =:dollar
EXPR: 0 | POS | FRA | 40 | 1.37 | 30.71 | x=((5.92-2)+(6.79+20)) | x 5.92 2 - 6.79 20 + + = | x:ticket 5.92:ticket 2:ticket -:ticket 6.79:ticket 20:ticket +:ticket +:ticket =:ticket
EXPR: 0 | POS | FRA | 40 | 1.37 | 62.1968 | x=((2+(5.92*6.79))+20) | x 2 5.92 6.79 * + 20 + = | x:ticket 2:ticket 5.92:dollar 6.79:ticket *:ticket +:ticket 20:ticket +:ticket =:ticket
EXPR: 0 | POS | FRA | 40 | 1.37 | 6.80689189189189 | x=((2/(5.92*20))+6.79) | x 2 5.92 20 * / 6.79 + = | x:dollar 2:dollar 5.92:ticket 20:dollar *:ticket /:dollar 6.79:dollar +:dollar =:dollar
EXPR: 0 | POS | FRA | 40 | 1.37 | 127.19 | x=((2+(5.92*20))+6.79) | x 2 5.92 20 * + 6.79 + = | x:dollar 2:dollar 5.92:ticket 20:dollar *:dollar +:dollar 6.79:dollar +:dollar =:dollar
EXPR: 0 | POS | FRA | 40 | 1.37 | 0.099025588211994 | x=(2/((5.92*6.79)-20)) | x 2 5.92 6.79 * 20 - / = | x:dollar 2:dollar 5.92:dollar 6.79:ticket *:ticket 20:ticket -:ticket /:dollar =:dollar
EXPR: 0 | POS | FRA | 40 | 1.37 | 0.0332243574409271 | x=(2/((5.92*6.79)+20)) | x 2 5.92 6.79 * 20 + / = | x:dollar 2:dollar 5.92:dollar 6.79:ticket *:ticket 20:ticket +:ticket /:dollar =:dollar
EXPR: 0 | POS | FRA | 40 | 1.37 | 17.13 | x=((5.92-2)-(6.79-20)) | x 5.92 2 - 6.79 20 - - = | x:ticket 5.92:ticket 2:ticket -:ticket 6.79:ticket 20:ticket -:ticket -:ticket =:ticket
EXPR: 0 | POS | FRA | 40 | 1.37 | 112.508983799705 | x=((5.92-(2/6.79))*20) | x 5.92 2 6.79 / - 20 * = | x:ticket 5.92:dollar 2:dollar 6.79:ticket /:dollar -:dollar 20:ticket *:ticket =:ticket
EXPR: 0 | POS | FRA | 40 | 1.37 | 120.3936 | x=(2*((5.92*6.79)+20)) | x 2 5.92 6.79 * 20 + * = | x:dollar 2:dollar 5.92:ticket 6.79:dollar *:ticket 20:ticket +:ticket *:dollar =:dollar
EXPR: 0 | POS | FRA | 40 | 1.37 | 5.241 | x=(5.92-((2*6.79)/20)) | x 5.92 2 6.79 * 20 / - = | x:ticket 5.92:ticket 2:dollar 6.79:ticket *:ticket 20:dollar /:ticket -:ticket =:ticket
EXPR: 0 | POS | FRA | 40 | 1.37 | 1.82712727272727 | x=((5.92/(2+20))*6.79) | x 5.92 2 20 + / 6.79 * = | x:ticket 5.92:dollar 2:ticket 20:ticket +:ticket /:dollar 6.79:ticket *:ticket =:ticket
EXPR: 0 | POS | FRA | 40 | 1.37 | 34.71 | x=(5.92+((2+6.79)+20)) | x 5.92 2 6.79 + 20 + + = | x:ticket 5.92:ticket 2:ticket 6.79:ticket +:ticket 20:ticket +:ticket +:ticket =:ticket
EXPR: 0 | POS | FRA | 40 | 1.37 | 11.4695945945946 | x=(((6.79/5.92)*20)/2) | x 6.79 5.92 / 20 * 2 / = | x:dollar 6.79:ticket 5.92:dollar /:ticket 20:dollar *:dollar 2:ticket /:dollar =:dollar
EXPR: 0 | POS | FRA | 40 | 1.37 | 0.099025588211994 | x=(2/((5.92*6.79)-20)) | x 2 5.92 6.79 * 20 - / = | x:dollar 2:dollar 5.92:ticket 6.79:dollar *:ticket 20:ticket -:ticket /:dollar =:dollar
EXPR: 0 | POS | FRA | 40 | 1.37 | 8.71870397643594 | x=(((5.92/2)*20)/6.79) | x 5.92 2 / 20 * 6.79 / = | x:dollar 5.92:ticket 2:dollar /:ticket 20:dollar *:dollar 6.79:ticket /:dollar =:dollar
EXPR: 0 | POS | FRA | 40 | 1.37 | 5.42 | x=((2*(5.92+6.79))-20) | x 2 5.92 6.79 + * 20 - = | x:dollar 2:dollar 5.92:ticket 6.79:ticket +:ticket *:dollar 20:dollar -:dollar =:dollar
EXPR: 0 | POS | FRA | 40 | 1.37 | 1.41784 | x=((5.92*(6.79-2))/20) | x 5.92 6.79 2 - * 20 / = | x:ticket 5.92:ticket 6.79:dollar 2:dollar -:dollar *:ticket 20:dollar /:ticket =:ticket
EXPR: 0 | POS | FRA | 41 | 1.37 | 13.4698521046644 | x=(20*(5.92/(2+6.79))) | x 20 5.92 2 6.79 + / * = | x:dollar 20:dollar 5.92:ticket 2:dollar 6.79:dollar +:dollar /:ticket *:dollar =:dollar
EXPR: 0 | POS | FRA | 41 | 1.37 | 72.0368 | x=(20+(5.92*(2+6.79))) | x 20 5.92 2 6.79 + * + = | x:dollar 20:dollar 5.92:ticket 2:dollar 6.79:dollar +:dollar *:dollar +:dollar =:dollar
EXPR: 0 | POS | FRA | 41 | 1.37 | 108.0968 | x=(((20/2)+5.92)*6.79) | x 20 2 / 5.92 + 6.79 * = | x:dollar 20:dollar 2:ticket /:dollar 5.92:dollar +:dollar 6.79:ticket *:dollar =:dollar
EXPR: 0 | POS | FRA | 41 | 1.37 | 30.71 | x=((5.92-2)+(6.79+20)) | x 5.92 2 - 6.79 20 + + = | x:ticket 5.92:ticket 2:ticket -:ticket 6.79:ticket 20:ticket +:ticket +:ticket =:ticket
EXPR: 0 | POS | FRA | 41 | 1.37 | 6.80689189189189 | x=((2/(5.92*20))+6.79) | x 2 5.92 20 * / 6.79 + = | x:dollar 2:dollar 5.92:ticket 20:dollar *:ticket /:dollar 6.79:dollar +:dollar =:dollar
EXPR: 0 | POS | FRA | 41 | 1.37 | 127.19 | x=((2+(5.92*20))+6.79) | x 2 5.92 20 * + 6.79 + = | x:dollar 2:dollar 5.92:ticket 20:dollar *:dollar +:dollar 6.79:dollar +:dollar =:dollar
EXPR: 0 | POS | FRA | 41 | 1.37 | 11.4695945945946 | x=(((6.79/5.92)*20)/2) | x 6.79 5.92 / 20 * 2 / = | x:dollar 6.79:ticket 5.92:dollar /:ticket 20:dollar *:dollar 2:ticket /:dollar =:dollar
EXPR: 0 | POS | FRA | 41 | 1.37 | 1.82712727272727 | x=((5.92/(2+20))*6.79) | x 5.92 2 20 + / 6.79 * = | x:ticket 5.92:dollar 2:ticket 20:ticket +:ticket /:dollar 6.79:ticket *:ticket =:ticket
EXPR: 0 | POS | FRA | 41 | 1.37 | 112.508983799705 | x=((5.92-(2/6.79))*20) | x 5.92 2 6.79 / - 20 * = | x:ticket 5.92:dollar 2:dollar 6.79:ticket /:dollar -:dollar 20:ticket *:ticket =:ticket
EXPR: 0 | POS | FRA | 41 | 1.37 | 8.71870397643594 | x=(((5.92/2)*20)/6.79) | x 5.92 2 / 20 * 6.79 / = | x:dollar 5.92:ticket 2:dollar /:ticket 20:dollar *:dollar 6.79:ticket /:dollar =:dollar
EXPR: 0 | POS | FRA | 41 | 1.37 | 0.099025588211994 | x=(2/((5.92*6.79)-20)) | x 2 5.92 6.79 * 20 - / = | x:dollar 2:dollar 5.92:ticket 6.79:dollar *:ticket 20:ticket -:ticket /:dollar =:dollar
EXPR: 0 | POS | FRA | 42 | 1.37 | 401.968 | 20=((2/(5.92*6.79))*x) | 20 2 5.92 6.79 * / x * = | 20:dollar 2:ticket 5.92:dollar 6.79:ticket *:dollar /:ticket x:dollar *:dollar =:dollar
EXPR: 0 | POS | FRA | 42 | 1.37 | 4.86317567567568 | 20=(((5.92*x)-2)-6.79) | 20 5.92 x * 2 - 6.79 - = | 20:dollar 5.92:dollar x:ticket *:dollar 2:dollar -:dollar 6.79:dollar -:dollar =:dollar
EXPR: 0 | POS | FRA | 42 | 1.37 | 0.975 | 20=((5.92+(2*6.79))/x) | 20 5.92 2 6.79 * + x / = | 20:ticket 5.92:ticket 2:ticket 6.79:dollar *:ticket +:ticket x:dollar /:ticket =:ticket
EXPR: 0 | POS | FRA | 42 | 1.37 | 70.86 | 2=((5.92+(6.79*20))/x) | 2 5.92 6.79 20 * + x / = | 2:dollar 5.92:dollar 6.79:dollar 20:ticket *:dollar +:dollar x:ticket /:dollar =:dollar
EXPR: 0 | POS | FRA | 42 | 1.37 | 32.0368 | 20=((5.92*(2+6.79))-x) | 20 5.92 2 6.79 + * x - = | 20:dollar 5.92:ticket 2:dollar 6.79:dollar +:dollar *:dollar x:dollar -:dollar =:dollar
EXPR: 0 | POS | FRA | 42 | 1.37 | 18.2562592047128 | 20=((5.92*(2/6.79))+x) | 20 5.92 2 6.79 / * x + = | 20:ticket 5.92:dollar 2:ticket 6.79:dollar /:ticket *:ticket x:ticket +:ticket =:ticket
EXPR: 0 | POS | FRA | 42 | 1.37 | 52.41 | 5.92=(2*((6.79+x)/20)) | 5.92 2 6.79 x + 20 / * = | 5.92:ticket 2:dollar 6.79:ticket x:ticket +:ticket 20:dollar /:ticket *:ticket =:ticket
EXPR: 0 | POS | FRA | 42 | 1.37 | 70.86 | 2=((5.92+(6.79*20))/x) | 2 5.92 6.79 20 * + x / = | 2:dollar 5.92:dollar 6.79:ticket 20:dollar *:dollar +:dollar x:ticket /:dollar =:dollar
EXPR: 0 | POS | FRA | 42 | 1.37 | 0.061795407098121 | (5.92/(x*(6.79-2)))=20 | 5.92 x 6.79 2 - * / 20 = | 5.92:ticket x:dollar 6.79:ticket 2:ticket -:ticket *:dollar /:ticket 20:ticket =:ticket
EXPR: 0 | POS | FRA | 42 | 1.37 | 19.8426435877262 | (x+(2/(5.92+6.79)))=20 | x 2 5.92 6.79 + / + 20 = | x:dollar 2:dollar 5.92:ticket 6.79:ticket +:ticket /:dollar +:dollar 20:dollar =:dollar
EXPR: 0 | POS | FRA | 42 | 1.37 | 0.426435877261998 | 20=((2-x)*(5.92+6.79)) | 20 2 x - 5.92 6.79 + * = | 20:dollar 2:ticket x:ticket -:ticket 5.92:dollar 6.79:dollar +:dollar *:dollar =:dollar
EXPR: 0 | POS | FRA | 42 | 1.37 | 0.384343387756357 | 20=((5.92*x)*(2+6.79)) | 20 5.92 x * 2 6.79 + * = | 20:dollar 5.92:dollar x:ticket *:ticket 2:dollar 6.79:dollar +:dollar *:dollar =:dollar
EXPR: 0 | POS | FRA | 42 | 1.37 | 401.968 | 20=(((x/5.92)*2)/6.79) | 20 x 5.92 / 2 * 6.79 / = | 20:dollar x:dollar 5.92:ticket /:dollar 2:ticket *:dollar 6.79:ticket /:dollar =:dollar
EXPR: 0 | POS | FRA | 42 | 1.37 | 6.80689189189189 | (x-(2/(5.92*20)))=6.79 | x 2 5.92 20 * / - 6.79 = | x:dollar 2:dollar 5.92:ticket 20:dollar *:ticket /:dollar -:dollar 6.79:dollar =:dollar
EXPR: 0 | POS | FRA | 42 | 1.37 | 0.250957290132548 | (5.92/(2-(6.79*x)))=20 | 5.92 2 6.79 x * - / 20 = | 5.92:ticket 2:dollar 6.79:ticket x:dollar *:dollar -:dollar /:ticket 20:ticket =:ticket
EXPR: 0 | POS | FRA | 42 | 1.37 | 40.87 | 5.92=((6.79+(2*20))-x) | 5.92 6.79 2 20 * + x - = | 5.92:ticket 6.79:ticket 2:ticket 20:dollar *:ticket +:ticket x:ticket -:ticket =:ticket
EXPR: 0 | POS | FRA | 45 | 1.37 | 2.23315555555556 | x=(5.92*(6.79/(20-2))) | x 5.92 6.79 20 2 - / * = | x:dollar 5.92:dollar 6.79:ticket 20:dollar 2:dollar -:dollar /:ticket *:dollar =:dollar
EXPR: 0 | POS | FRA | 45 | 1.37 | 123.19 | x=(((5.92*20)+6.79)-2) | x 5.92 20 * 6.79 + 2 - = | x:dollar 5.92:dollar 20:ticket *:dollar 6.79:dollar +:dollar 2:dollar -:dollar =:dollar
EXPR: 0 | POS | FRA | 45 | 1.37 | 9.086 | x=(((5.92/20)+6.79)+2) | x 5.92 20 / 6.79 + 2 + = | x:dollar 5.92:dollar 20:ticket /:dollar 6.79:dollar +:dollar 2:dollar +:dollar =:dollar
EXPR: 0 | POS | FRA | 45 | 1.37 | 127.19 | x=(((5.92*20)+6.79)+2) | x 5.92 20 * 6.79 + 2 + = | x:dollar 5.92:dollar 20:ticket *:dollar 6.79:dollar +:dollar 2:dollar +:dollar =:dollar
EXPR: 0 | POS | FRA | 45 | 1.37 | 21.74 | x=(((6.79-5.92)*2)+20) | x 6.79 5.92 - 2 * 20 + = | x:dollar 6.79:ticket 5.92:ticket -:ticket 2:dollar *:dollar 20:dollar +:dollar =:dollar
EXPR: 0 | POS | FRA | 45 | 1.37 | 17.1464646464646 | x=((6.79/(5.92+2))*20) | x 6.79 5.92 2 + / 20 * = | x:ticket 6.79:ticket 5.92:dollar 2:dollar +:dollar /:ticket 20:dollar *:ticket =:ticket
EXPR: 0 | POS | FRA | 45 | 1.37 | 5.086 | x=(((5.92/20)+6.79)-2) | x 5.92 20 / 6.79 + 2 - = | x:dollar 5.92:dollar 20:ticket /:dollar 6.79:dollar +:dollar 2:dollar -:dollar =:dollar
EXPR: 0 | POS | FRA | 45 | 1.37 | 9.13 | x=(((20/2)-6.79)+5.92) | x 20 2 / 6.79 - 5.92 + = | x:dollar 20:dollar 2:ticket /:dollar 6.79:dollar -:dollar 5.92:dollar +:dollar =:dollar
EXPR: 0 | POS | FRA | 45 | 1.37 | 156.5968 | x=((5.92*(6.79+20))-2) | x 5.92 6.79 20 + * 2 - = | x:ticket 5.92:ticket 6.79:dollar 20:dollar +:dollar *:ticket 2:ticket -:ticket =:ticket
EXPR: 0 | POS | FRA | 45 | 1.37 | 109.61 | x=(((5.92*20)-6.79)-2) | x 5.92 20 * 6.79 - 2 - = | x:dollar 5.92:dollar 20:ticket *:dollar 6.79:dollar -:dollar 2:dollar -:dollar =:dollar
EXPR: 0 | POS | FRA | 45 | 1.37 | 216.1936 | x=(6.79*((5.92*2)+20)) | x 6.79 5.92 2 * 20 + * = | x:dollar 6.79:dollar 5.92:ticket 2:dollar *:ticket 20:ticket +:ticket *:dollar =:dollar
EXPR: 0 | POS | FRA | 45 | 1.37 | 123.19 | x=((5.92*20)+(6.79-2)) | x 5.92 20 * 6.79 2 - + = | x:dollar 5.92:dollar 20:ticket *:dollar 6.79:dollar 2:dollar -:dollar +:dollar =:dollar
EXPR: 0 | POS | FRA | 45 | 1.37 | 5.086 | x=((5.92/20)+(6.79-2)) | x 5.92 20 / 6.79 2 - + = | x:dollar 5.92:dollar 20:ticket /:dollar 6.79:dollar 2:dollar -:dollar +:dollar =:dollar
EXPR: 0 | POS | FRA | 45 | 1.37 | 113.61 | x=((5.92*20)-(6.79-2)) | x 5.92 20 * 6.79 2 - - = | x:dollar 5.92:dollar 20:ticket *:dollar 6.79:dollar 2:dollar -:dollar -:dollar =:dollar
EXPR: 0 | POS | FRA | 45 | 1.37 | 18.87 | x=((20+(6.79-5.92))-2) | x 20 6.79 5.92 - + 2 - = | x:dollar 20:dollar 6.79:dollar 5.92:dollar -:dollar +:dollar 2:dollar -:dollar =:dollar
EXPR: 0 | POS | FRA | 45 | 1.37 | 17.13 | x=((20-(6.79-5.92))-2) | x 20 6.79 5.92 - - 2 - = | x:dollar 20:dollar 6.79:dollar 5.92:dollar -:dollar -:dollar 2:dollar -:dollar =:dollar
EXPR: 0 | POS | FRA | 46 | 1.37 | 2.23315555555556 | x=(5.92*(6.79/(20-2))) | x 5.92 6.79 20 2 - / * = | x:dollar 5.92:dollar 6.79:ticket 20:dollar 2:dollar -:dollar /:ticket *:dollar =:dollar
EXPR: 0 | POS | FRA | 46 | 1.37 | 127.19 | x=(((5.92*20)+6.79)+2) | x 5.92 20 * 6.79 + 2 + = | x:dollar 5.92:dollar 20:ticket *:dollar 6.79:dollar +:dollar 2:dollar +:dollar =:dollar
EXPR: 0 | POS | FRA | 46 | 1.37 | 21.74 | x=(((6.79-5.92)*2)+20) | x 6.79 5.92 - 2 * 20 + = | x:dollar 6.79:ticket 5.92:ticket -:ticket 2:dollar *:dollar 20:dollar +:dollar =:dollar
EXPR: 0 | POS | FRA | 46 | 1.37 | 9.13 | x=(((20/2)-6.79)+5.92) | x 20 2 / 6.79 - 5.92 + = | x:dollar 20:dollar 2:ticket /:dollar 6.79:dollar -:dollar 5.92:dollar +:dollar =:dollar
EXPR: 0 | POS | FRA | 46 | 1.37 | 156.5968 | x=((5.92*(6.79+20))-2) | x 5.92 6.79 20 + * 2 - = | x:ticket 5.92:ticket 6.79:dollar 20:dollar +:dollar *:ticket 2:ticket -:ticket =:ticket
EXPR: 0 | POS | FRA | 46 | 1.37 | 123.19 | x=((5.92*20)+(6.79-2)) | x 5.92 20 * 6.79 2 - + = | x:dollar 5.92:dollar 20:ticket *:dollar 6.79:dollar 2:dollar -:dollar +:dollar =:dollar
EXPR: 0 | POS | FRA | 46 | 1.37 | 113.61 | x=((5.92*20)-(6.79-2)) | x 5.92 20 * 6.79 2 - - = | x:dollar 5.92:dollar 20:ticket *:dollar 6.79:dollar 2:dollar -:dollar -:dollar =:dollar
EXPR: 0 | POS | FRA | 46 | 1.37 | 17.13 | x=((20-(6.79-5.92))-2) | x 20 6.79 5.92 - - 2 - = | x:dollar 20:dollar 6.79:dollar 5.92:dollar -:dollar -:dollar 2:dollar -:dollar =:dollar
EXPR: 0 | POS | FRA | 47 | 1.37 | 0.0945762441089542 | 2=(x*((6.79/5.92)+20)) | 2 x 6.79 5.92 / 20 + * = | 2:ticket x:dollar 6.79:ticket 5.92:dollar /:ticket 20:ticket +:ticket *:ticket =:ticket
EXPR: 0 | POS | FRA | 47 | 1.37 | 0.672383743959439 | 20=(6.79*(5.92-(2/x))) | 20 6.79 5.92 2 x / - * = | 20:dollar 6.79:dollar 5.92:ticket 2:ticket x:dollar /:ticket -:ticket *:dollar =:dollar
EXPR: 0 | POS | FRA | 47 | 1.37 | 2.36818851251841 | 2=((6.79*x)+(5.92-20)) | 2 6.79 x * 5.92 20 - + = | 2:dollar 6.79:dollar x:ticket *:dollar 5.92:dollar 20:dollar -:dollar +:dollar =:dollar
EXPR: 0 | POS | FRA | 47 | 1.37 | 3.52282768777614 | (5.92+(20-(6.79*x)))=2 | 5.92 20 6.79 x * - + 2 = | 5.92:dollar 20:dollar 6.79:ticket x:dollar *:dollar -:dollar +:dollar 2:dollar =:dollar
EXPR: 0 | POS | FRA | 47 | 1.37 | 23.3284241531664 | ((6.79/(5.92+2))*x)=20 | 6.79 5.92 2 + / x * 20 = | 6.79:dollar 5.92:ticket 2:ticket +:ticket /:dollar x:ticket *:ticket 20:ticket =:ticket
EXPR: 0 | POS | FRA | 47 | 1.37 | 1.95640648011782 | (x+(5.92/(6.79*20)))=2 | x 5.92 6.79 20 * / + 2 = | x:dollar 5.92:dollar 6.79:ticket 20:dollar *:ticket /:dollar +:dollar 2:dollar =:dollar
EXPR: 0 | POS | FRA | 47 | 1.37 | 0.0866071428571429 | (6.79/(x*(5.92-2)))=20 | 6.79 x 5.92 2 - * / 20 = | 6.79:ticket x:dollar 5.92:ticket 2:ticket -:ticket *:dollar /:ticket 20:ticket =:ticket
EXPR: 0 | POS | FRA | 47 | 1.37 | 401.968 | 6.79=(x/((5.92/2)*20)) | 6.79 x 5.92 2 / 20 * / = | 6.79:ticket x:ticket 5.92:dollar 2:ticket /:dollar 20:ticket *:dollar /:ticket =:ticket
EXPR: 0 | POS | FRA | 47 | 1.37 | 0.14359351988218 | 5.92=(6.79*((20*x)-2)) | 5.92 6.79 20 x * 2 - * = | 5.92:ticket 6.79:dollar 20:ticket x:dollar *:ticket 2:ticket -:ticket *:ticket =:ticket
EXPR: 0 | POS | FRA | 47 | 1.37 | 11.4695945945946 | 6.79=((5.92*x)*(2/20)) | 6.79 5.92 x * 2 20 / * = | 6.79:dollar 5.92:dollar x:ticket *:ticket 2:dollar 20:ticket /:dollar *:dollar =:dollar
EXPR: 0 | POS | FRA | 47 | 1.37 | 0.1915 | (5.92/(6.79-(20*x)))=2 | 5.92 6.79 20 x * - / 2 = | 5.92:ticket 6.79:dollar 20:ticket x:dollar *:dollar -:dollar /:ticket 2:ticket =:ticket
EXPR: 0 | POS | FRA | 47 | 1.37 | 6.986 | 5.92=((20*(x-6.79))+2) | 5.92 20 x 6.79 - * 2 + = | 5.92:dollar 20:ticket x:dollar 6.79:dollar -:dollar *:dollar 2:dollar +:dollar =:dollar
EXPR: 0 | POS | FRA | 47 | 1.37 | 123.45 | 6.79=((5.92*(2+20))-x) | 6.79 5.92 2 20 + * x - = | 6.79:ticket 5.92:dollar 2:ticket 20:ticket +:ticket *:ticket x:ticket -:ticket =:ticket
EXPR: 0 | POS | FRA | 50 | 1.37 | 6.198 | x=(6.79-((5.92/20)*2)) | x 6.79 5.92 20 / 2 * - = | x:dollar 6.79:dollar 5.92:ticket 20:dollar /:ticket 2:dollar *:dollar -:dollar =:dollar
EXPR: 0 | POS | FRA | 50 | 1.37 | 0.995104087887593 | x=((2/(5.92*6.79))*20) | x 2 5.92 6.79 * / 20 * = | x:ticket 2:dollar 5.92:ticket 6.79:dollar *:ticket /:dollar 20:ticket *:ticket =:ticket
EXPR: 0 | POS | FRA | 50 | 1.37 | 38.26 | x=(2*((5.92-6.79)+20)) | x 2 5.92 6.79 - 20 + * = | x:dollar 2:dollar 5.92:ticket 6.79:ticket -:ticket 20:ticket +:ticket *:dollar =:dollar
EXPR: 0 | POS | FRA | 50 | 1.37 | 39.5 | x=((5.92+(2*6.79))+20) | x 5.92 2 6.79 * + 20 + = | x:ticket 5.92:ticket 2:dollar 6.79:ticket *:ticket +:ticket 20:ticket +:ticket =:ticket
EXPR: 0 | POS | FRA | 50 | 1.37 | 127.19 | x=((2+(5.92*20))+6.79) | x 2 5.92 20 * + 6.79 + = | x:ticket 2:ticket 5.92:dollar 20:ticket *:ticket +:ticket 6.79:ticket +:ticket =:ticket
EXPR: 0 | POS | FRA | 50 | 1.37 | 22.87 | x=((2-5.92)+(6.79+20)) | x 2 5.92 - 6.79 20 + + = | x:ticket 2:ticket 5.92:ticket -:ticket 6.79:ticket 20:ticket +:ticket +:ticket =:ticket
EXPR: 0 | POS | FRA | 50 | 1.37 | 120.3936 | x=(2*((5.92*6.79)+20)) | x 2 5.92 6.79 * 20 + * = | x:ticket 2:dollar 5.92:ticket 6.79:dollar *:ticket 20:ticket +:ticket *:ticket =:ticket
EXPR: 0 | POS | FRA | 50 | 1.37 | 45.05 | x=((2*(5.92+20))-6.79) | x 2 5.92 20 + * 6.79 - = | x:dollar 2:dollar 5.92:ticket 20:ticket +:ticket *:dollar 6.79:dollar -:dollar =:dollar
EXPR: 0 | POS | FRA | 51 | 1.37 | 38.26 | x=(2*((5.92-6.79)+20)) | x 2 5.92 6.79 - 20 + * = | x:dollar 2:dollar 5.92:ticket 6.79:ticket -:ticket 20:ticket +:ticket *:dollar =:dollar
EXPR: 0 | POS | FRA | 51 | 1.37 | 127.19 | x=((2+(5.92*20))+6.79) | x 2 5.92 20 * + 6.79 + = | x:ticket 2:ticket 5.92:dollar 20:ticket *:ticket +:ticket 6.79:ticket +:ticket =:ticket
EXPR: 0 | POS | FRA | 51 | 1.37 | 22.87 | x=((2-5.92)+(6.79+20)) | x 2 5.92 - 6.79 20 + + = | x:ticket 2:ticket 5.92:ticket -:ticket 6.79:ticket 20:ticket +:ticket +:ticket =:ticket
EXPR: 0 | POS | FRA | 52 | 1.37 | 139.72 | 20=(((x+2)-5.92)/6.79) | 20 x 2 + 5.92 - 6.79 / = | 20:dollar x:dollar 2:dollar +:dollar 5.92:dollar -:dollar 6.79:ticket /:dollar =:dollar
EXPR: 0 | POS | FRA | 52 | 1.37 | 0.02175 | ((6.79-5.92)/20)=(x*2) | 6.79 5.92 - 20 / x 2 * = | 6.79:dollar 5.92:dollar -:dollar 20:ticket /:dollar x:dollar 2:ticket *:dollar =:dollar
EXPR: 0 | POS | FRA | 52 | 1.37 | 10.435 | 2=(((20-5.92)+6.79)/x) | 2 20 5.92 - 6.79 + x / = | 2:dollar 20:dollar 5.92:dollar -:dollar 6.79:dollar +:dollar x:ticket /:dollar =:dollar
EXPR: 0 | POS | FRA | 52 | 1.37 | 58.1968 | 20=((2-(5.92*6.79))+x) | 20 2 5.92 6.79 * - x + = | 20:dollar 2:dollar 5.92:ticket 6.79:dollar *:dollar -:dollar x:dollar +:dollar =:dollar
EXPR: 0 | POS | FRA | 52 | 1.37 | 34.8748159057437 | 20=(((x/5.92)*6.79)/2) | 20 x 5.92 / 6.79 * 2 / = | 20:dollar x:dollar 5.92:ticket /:dollar 6.79:ticket *:dollar 2:ticket /:dollar =:dollar
EXPR: 0 | POS | FRA | 52 | 1.37 | 39.1016 | ((x/5.92)*2)=(20-6.79) | x 5.92 / 2 * 20 6.79 - = | x:dollar 5.92:ticket /:dollar 2:ticket *:ticket 20:ticket 6.79:ticket -:ticket =:ticket
EXPR: 0 | POS | FRA | 52 | 1.37 | 5.10081081081081 | 2=(20/(5.92*(6.79-x))) | 2 20 5.92 6.79 x - * / = | 2:dollar 20:dollar 5.92:ticket 6.79:dollar x:dollar -:dollar *:ticket /:dollar =:dollar
EXPR: 0 | POS | FRA | 52 | 1.37 | 0.751405127588591 | (20/(x*(5.92-2)))=6.79 | 20 x 5.92 2 - * / 6.79 = | 20:ticket x:dollar 5.92:ticket 2:ticket -:ticket *:dollar /:ticket 6.79:ticket =:ticket
EXPR: 0 | POS | FRA | 55 | 1.37 | 0.975 | x=(((2*6.79)+5.92)/20) | x 2 6.79 * 5.92 + 20 / = | x:dollar 2:dollar 6.79:ticket *:dollar 5.92:dollar +:dollar 20:ticket /:dollar =:dollar
EXPR: 0 | POS | FRA | 55 | 1.37 | 0.995104087887593 | x=(((2/6.79)*20)/5.92) | x 2 6.79 / 20 * 5.92 / = | x:dollar 2:ticket 6.79:dollar /:ticket 20:dollar *:dollar 5.92:ticket /:dollar =:dollar
EXPR: 0 | POS | FRA | 55 | 1.37 | 3.5805 | x=(5.92-((6.79/20)+2)) | x 5.92 6.79 20 / 2 + - = | x:ticket 5.92:ticket 6.79:ticket 20:dollar /:ticket 2:ticket +:ticket -:ticket =:ticket
EXPR: 0 | POS | FRA | 55 | 1.37 | 15.4374079528719 | x=(((5.92*20)/6.79)-2) | x 5.92 20 * 6.79 / 2 - = | x:dollar 5.92:dollar 20:ticket *:dollar 6.79:ticket /:dollar 2:dollar -:dollar =:dollar
EXPR: 0 | POS | FRA | 55 | 1.37 | 93.6032 | x=((6.79*(20-5.92))-2) | x 6.79 20 5.92 - * 2 - = | x:dollar 6.79:ticket 20:dollar 5.92:dollar -:dollar *:dollar 2:dollar -:dollar =:dollar
EXPR: 0 | POS | FRA | 55 | 1.37 | 7.90371621621622 | x=(((2*20)+6.79)/5.92) | x 2 20 * 6.79 + 5.92 / = | x:dollar 2:ticket 20:dollar *:dollar 6.79:dollar +:dollar 5.92:ticket /:dollar =:dollar
EXPR: 0 | POS | FRA | 55 | 1.37 | 139.72 | x=((6.79*20)+(5.92-2)) | x 6.79 20 * 5.92 2 - + = | x:dollar 6.79:dollar 20:ticket *:dollar 5.92:dollar 2:dollar -:dollar +:dollar =:dollar
EXPR: 0 | POS | FRA | 55 | 1.37 | 4.2595 | x=((6.79/20)+(5.92-2)) | x 6.79 20 / 5.92 2 - + = | x:dollar 6.79:dollar 20:ticket /:dollar 5.92:dollar 2:dollar -:dollar +:dollar =:dollar
EXPR: 0 | POS | FRA | 55 | 1.37 | 228.78 | x=((5.92+6.79)*(20-2)) | x 5.92 6.79 + 20 2 - * = | x:dollar 5.92:ticket 6.79:ticket +:ticket 20:dollar 2:dollar -:dollar *:dollar =:dollar
EXPR: 0 | POS | FRA | 55 | 1.37 | 127.88 | x=(((6.79*20)-5.92)-2) | x 6.79 20 * 5.92 - 2 - = | x:dollar 6.79:dollar 20:ticket *:dollar 5.92:dollar -:dollar 2:dollar -:dollar =:dollar
EXPR: 0 | POS | FRA | 55 | 1.37 | 123.7632 | x=((2+6.79)*(20-5.92)) | x 2 6.79 + 20 5.92 - * = | x:dollar 2:ticket 6.79:ticket +:ticket 20:dollar 5.92:dollar -:dollar *:dollar =:dollar
EXPR: 0 | POS | FRA | 55 | 1.37 | 40.8758 | x=(6.79*((2/20)+5.92)) | x 6.79 2 20 / 5.92 + * = | x:dollar 6.79:dollar 2:ticket 20:dollar /:ticket 5.92:ticket +:ticket *:dollar =:dollar
EXPR: 0 | POS | FRA | 55 | 1.37 | 10.8655081001473 | x=((20/6.79)+(5.92+2)) | x 20 6.79 / 5.92 2 + + = | x:dollar 20:dollar 6.79:ticket /:dollar 5.92:dollar 2:dollar +:dollar +:dollar =:dollar
EXPR: 0 | POS | FRA | 55 | 1.37 | 15.4 | x=((20*(6.79-5.92))-2) | x 20 6.79 5.92 - * 2 - = | x:dollar 20:ticket 6.79:dollar 5.92:dollar -:dollar *:dollar 2:dollar -:dollar =:dollar
EXPR: 0 | POS | FRA | 55 | 1.37 | 0.974491899852724 | x=(5.92-((20/6.79)+2)) | x 5.92 20 6.79 / 2 + - = | x:ticket 5.92:ticket 20:ticket 6.79:dollar /:ticket 2:ticket +:ticket -:ticket =:ticket
EXPR: 0 | POS | FRA | 55 | 1.37 | 2.60184 | x=(((2+6.79)/20)*5.92) | x 2 6.79 + 20 / 5.92 * = | x:dollar 2:ticket 6.79:ticket +:ticket 20:dollar /:ticket 5.92:dollar *:dollar =:dollar
EXPR: 0 | POS | FRA | 56 | 1.37 | 0.975 | x=(((2*6.79)+5.92)/20) | x 2 6.79 * 5.92 + 20 / = | x:dollar 2:dollar 6.79:ticket *:dollar 5.92:dollar +:dollar 20:ticket /:dollar =:dollar
EXPR: 0 | POS | FRA | 56 | 1.37 | 0.995104087887593 | x=(((2/6.79)*20)/5.92) | x 2 6.79 / 20 * 5.92 / = | x:dollar 2:ticket 6.79:dollar /:ticket 20:dollar *:dollar 5.92:ticket /:dollar =:dollar
EXPR: 0 | POS | FRA | 56 | 1.37 | 93.6032 | x=((6.79*(20-5.92))-2) | x 6.79 20 5.92 - * 2 - = | x:dollar 6.79:ticket 20:dollar 5.92:dollar -:dollar *:dollar 2:dollar -:dollar =:dollar
EXPR: 0 | POS | FRA | 56 | 1.37 | 139.72 | x=((6.79*20)+(5.92-2)) | x 6.79 20 * 5.92 2 - + = | x:dollar 6.79:dollar 20:ticket *:dollar 5.92:dollar 2:dollar -:dollar +:dollar =:dollar
EXPR: 0 | POS | FRA | 56 | 1.37 | 4.2595 | x=((6.79/20)+(5.92-2)) | x 6.79 20 / 5.92 2 - + = | x:dollar 6.79:dollar 20:ticket /:dollar 5.92:dollar 2:dollar -:dollar +:dollar =:dollar
EXPR: 0 | POS | FRA | 56 | 1.37 | 228.78 | x=((5.92+6.79)*(20-2)) | x 5.92 6.79 + 20 2 - * = | x:dollar 5.92:ticket 6.79:ticket +:ticket 20:dollar 2:dollar -:dollar *:dollar =:dollar
EXPR: 0 | POS | FRA | 56 | 1.37 | 123.7632 | x=((2+6.79)*(20-5.92)) | x 2 6.79 + 20 5.92 - * = | x:dollar 2:ticket 6.79:ticket +:ticket 20:dollar 5.92:dollar -:dollar *:dollar =:dollar
EXPR: 0 | POS | FRA | 56 | 1.37 | 10.8655081001473 | x=((20/6.79)+(5.92+2)) | x 20 6.79 / 5.92 2 + + = | x:dollar 20:dollar 6.79:ticket /:dollar 5.92:dollar 2:dollar +:dollar +:dollar =:dollar
EXPR: 0 | POS | FRA | 56 | 1.37 | 3.5805 | x=(5.92-((6.79/20)+2)) | x 5.92 6.79 20 / 2 + - = | x:ticket 5.92:ticket 6.79:ticket 20:dollar /:ticket 2:ticket +:ticket -:ticket =:ticket
EXPR: 0 | POS | FRA | 56 | 1.37 | 127.88 | x=(((6.79*20)-5.92)-2) | x 6.79 20 * 5.92 - 2 - = | x:dollar 6.79:dollar 20:ticket *:dollar 5.92:dollar -:dollar 2:dollar -:dollar =:dollar
EXPR: 0 | POS | FRA | 57 | 1.37 | 5.93472754050074 | (6.79*(x-5.92))=(2/20) | 6.79 x 5.92 - * 2 20 / = | 6.79:ticket x:dollar 5.92:dollar -:dollar *:dollar 2:dollar 20:ticket /:dollar =:dollar
EXPR: 0 | POS | FRA | 57 | 1.37 | 0.319514338205927 | 6.79=(((2/x)-5.92)*20) | 6.79 2 x / 5.92 - 20 * = | 6.79:dollar 2:dollar x:ticket /:dollar 5.92:dollar -:dollar 20:ticket *:dollar =:dollar
EXPR: 0 | POS | FRA | 57 | 1.37 | 61.98 | 6.79=((x+5.92)*(2/20)) | 6.79 x 5.92 + 2 20 / * = | 6.79:dollar x:ticket 5.92:ticket +:ticket 2:dollar 20:ticket /:dollar *:dollar =:dollar
EXPR: 0 | POS | FRA | 57 | 1.37 | 55.8049999999999 | 20=(((x*2)+6.79)/5.92) | 20 x 2 * 6.79 + 5.92 / = | 20:dollar x:dollar 2:ticket *:dollar 6.79:dollar +:dollar 5.92:ticket /:dollar =:dollar
EXPR: 0 | POS | FRA | 57 | 1.37 | 143.72 | 5.92=(x-((6.79*20)+2)) | 5.92 x 6.79 20 * 2 + - = | 5.92:ticket x:ticket 6.79:ticket 20:dollar *:ticket 2:ticket +:ticket -:ticket =:ticket
EXPR: 0 | POS | FRA | 57 | 1.37 | 1075.536 | 6.79=(x/((5.92+2)*20)) | 6.79 x 5.92 2 + 20 * / = | 6.79:ticket x:ticket 5.92:dollar 2:dollar +:dollar 20:ticket *:dollar /:ticket =:ticket
EXPR: 0 | POS | FRA | 57 | 1.37 | 4.1875 | 5.92=((20+(6.79-2))/x) | 5.92 20 6.79 2 - + x / = | 5.92:ticket 20:ticket 6.79:ticket 2:ticket -:ticket +:ticket x:dollar /:ticket =:ticket
EXPR: 0 | POS | FRA | 57 | 1.37 | 2.56925675675676 | 5.92=((20-(6.79-2))/x) | 5.92 20 6.79 2 - - x / = | 5.92:ticket 20:ticket 6.79:ticket 2:ticket -:ticket -:ticket x:dollar /:ticket =:ticket
EXPR: 0 | POS | FRA | 57 | 1.37 | 0.995104087887593 | 6.79=((2/5.92)*(20/x)) | 6.79 2 5.92 / 20 x / * = | 6.79:dollar 2:dollar 5.92:ticket /:dollar 20:ticket x:dollar /:ticket *:dollar =:dollar
EXPR: 0 | POS | FRA | 57 | 1.37 | 0.087 | 20=((2*(6.79-5.92))/x) | 20 2 6.79 5.92 - * x / = | 20:ticket 2:ticket 6.79:dollar 5.92:dollar -:dollar *:ticket x:dollar /:ticket =:ticket
EXPR: 0 | POS | FRA | 60 | 1.37 | 4.14727540500736 | x=(((20-5.92)*2)/6.79) | x 20 5.92 - 2 * 6.79 / = | x:ticket 20:ticket 5.92:ticket -:ticket 2:dollar *:ticket 6.79:dollar /:ticket =:ticket
EXPR: 0 | POS | FRA | 60 | 1.37 | 50.5 | x=(20*(5.92-(6.79/2))) | x 20 5.92 6.79 2 / - * = | x:dollar 20:dollar 5.92:ticket 6.79:ticket 2:dollar /:ticket -:ticket *:dollar =:dollar
EXPR: 0 | POS | FRA | 60 | 1.37 | 186.3 | x=(20*(5.92+(6.79/2))) | x 20 5.92 6.79 2 / + * = | x:dollar 20:dollar 5.92:ticket 6.79:ticket 2:dollar /:ticket +:ticket *:dollar =:dollar
EXPR: 0 | POS | FRA | 60 | 1.37 | 0.995104087887593 | x=((2*(20/5.92))/6.79) | x 2 20 5.92 / * 6.79 / = | x:dollar 2:dollar 20:ticket 5.92:dollar /:ticket *:dollar 6.79:ticket /:dollar =:dollar
EXPR: 0 | POS | FRA | 60 | 1.37 | 52.71 | x=((5.92+(2*20))+6.79) | x 5.92 2 20 * + 6.79 + = | x:ticket 5.92:ticket 2:dollar 20:ticket *:ticket +:ticket 6.79:ticket +:ticket =:ticket
EXPR: 0 | POS | FRA | 60 | 1.37 | 13.5467567567568 | x=((2*(20/5.92))+6.79) | x 2 20 5.92 / * 6.79 + = | x:ticket 2:ticket 20:dollar 5.92:ticket /:dollar *:ticket 6.79:ticket +:ticket =:ticket
EXPR: 0 | POS | FRA | 60 | 1.37 | 7.382 | x=((2*(5.92/20))+6.79) | x 2 5.92 20 / * 6.79 + = | x:ticket 2:dollar 5.92:ticket 20:dollar /:ticket *:ticket 6.79:ticket +:ticket =:ticket
EXPR: 0 | POS | FRA | 60 | 1.37 | 8.71870397643594 | x=(((20/2)*5.92)/6.79) | x 20 2 / 5.92 * 6.79 / = | x:dollar 20:ticket 2:dollar /:ticket 5.92:dollar *:dollar 6.79:ticket /:dollar =:dollar
EXPR: 0 | POS | FRA | 61 | 1.37 | 50.5 | x=(20*(5.92-(6.79/2))) | x 20 5.92 6.79 2 / - * = | x:dollar 20:dollar 5.92:ticket 6.79:ticket 2:dollar /:ticket -:ticket *:dollar =:dollar
EXPR: 0 | POS | FRA | 61 | 1.37 | 13.5467567567568 | x=((2*(20/5.92))+6.79) | x 2 20 5.92 / * 6.79 + = | x:ticket 2:ticket 20:dollar 5.92:ticket /:dollar *:ticket 6.79:ticket +:ticket =:ticket
EXPR: 0 | POS | FRA | 61 | 1.37 | 7.382 | x=((2*(5.92/20))+6.79) | x 2 5.92 20 / * 6.79 + = | x:ticket 2:dollar 5.92:ticket 20:dollar /:ticket *:ticket 6.79:ticket +:ticket =:ticket
EXPR: 0 | POS | FRA | 61 | 1.37 | 8.71870397643594 | x=(((20/2)*5.92)/6.79) | x 20 2 / 5.92 * 6.79 / = | x:dollar 20:ticket 2:dollar /:ticket 5.92:dollar *:dollar 6.79:ticket /:dollar =:dollar
EXPR: 0 | POS | FRA | 62 | 1.37 | 25.2331081081081 | (((x/6.79)*5.92)-20)=2 | x 6.79 / 5.92 * 20 - 2 = | x:dollar 6.79:ticket /:dollar 5.92:ticket *:ticket 20:ticket -:ticket 2:ticket =:ticket
EXPR: 0 | POS | FRA | 62 | 1.37 | 0.338144329896907 | 6.79=(((5.92/20)+2)/x) | 6.79 5.92 20 / 2 + x / = | 6.79:dollar 5.92:dollar 20:ticket /:dollar 2:dollar +:dollar x:ticket /:dollar =:dollar
EXPR: 0 | POS | FRA | 62 | 1.37 | 3.645 | 20=((5.92+6.79)+(x*2)) | 20 5.92 6.79 + x 2 * + = | 20:ticket 5.92:ticket 6.79:ticket +:ticket x:dollar 2:ticket *:ticket +:ticket =:ticket
EXPR: 0 | POS | FRA | 62 | 1.37 | 0.0871870397643595 | 20=((2*(5.92/6.79))/x) | 20 2 5.92 6.79 / * x / = | 20:ticket 2:dollar 5.92:ticket 6.79:dollar /:ticket *:ticket x:dollar /:ticket =:ticket
EXPR: 0 | POS | FRA | 62 | 1.37 | 85.19 | ((2-5.92)*20)=(6.79-x) | 2 5.92 - 20 * 6.79 x - = | 2:ticket 5.92:ticket -:ticket 20:dollar *:ticket 6.79:ticket x:ticket -:ticket =:ticket
EXPR: 0 | POS | FRA | 62 | 1.37 | 18.1968 | 20=((5.92*6.79)-(2+x)) | 20 5.92 6.79 * 2 x + - = | 20:ticket 5.92:dollar 6.79:ticket *:ticket 2:ticket x:ticket +:ticket -:ticket =:ticket
EXPR: 0 | POS | FRA | 62 | 1.37 | 58.1968 | 20=((2-(5.92*6.79))+x) | 20 2 5.92 6.79 * - x + = | 20:ticket 2:ticket 5.92:dollar 6.79:ticket *:ticket -:ticket x:ticket +:ticket =:ticket
EXPR: 0 | POS | FRA | 62 | 1.37 | 20.6452702702703 | ((x/6.79)*5.92)=(20-2) | x 6.79 / 5.92 * 20 2 - = | x:ticket 6.79:dollar /:ticket 5.92:dollar *:dollar 20:dollar 2:dollar -:dollar =:dollar
EXPR: 0 | POS | FRA | 62 | 1.37 | 5.42 | 20=((2*(5.92+6.79))-x) | 20 2 5.92 6.79 + * x - = | 20:dollar 2:dollar 5.92:ticket 6.79:ticket +:ticket *:dollar x:dollar -:dollar =:dollar
EXPR: 0 | POS | FRA | 62 | 1.37 | 0.345333333333333 | 20=((2/5.92)+(6.79/x)) | 20 2 5.92 / 6.79 x / + = | 20:dollar 2:dollar 5.92:ticket /:dollar 6.79:dollar x:ticket /:dollar +:dollar =:dollar
EXPR: 0 | POS | FRA | 62 | 1.37 | 11.4695945945946 | 2=((20/5.92)*(6.79/x)) | 2 20 5.92 / 6.79 x / * = | 2:dollar 20:dollar 5.92:ticket /:dollar 6.79:ticket x:dollar /:ticket *:dollar =:dollar
EXPR: 0 | POS | FRA | 62 | 1.37 | 16.8530405405405 | 6.79=(5.92*((20-x)-2)) | 6.79 5.92 20 x - 2 - * = | 6.79:ticket 5.92:dollar 20:ticket x:ticket -:ticket 2:ticket -:ticket *:ticket =:ticket
EXPR: 0 | POS | FRA | 62 | 1.37 | 4.01968 | 20=(2*((5.92*6.79)/x)) | 20 2 5.92 6.79 * x / * = | 20:ticket 2:dollar 5.92:dollar 6.79:ticket *:ticket x:dollar /:ticket *:ticket =:ticket
EXPR: 0 | POS | FRA | 62 | 1.37 | 10.685 | ((20-(5.92+x))*2)=6.79 | 20 5.92 x + - 2 * 6.79 = | 20:ticket 5.92:ticket x:ticket +:ticket -:ticket 2:dollar *:dollar 6.79:dollar =:dollar
EXPR: 0 | POS | FRA | 62 | 1.37 | 4.1875 | 20=(((5.92*x)-6.79)+2) | 20 5.92 x * 6.79 - 2 + = | 20:ticket 5.92:dollar x:ticket *:ticket 6.79:ticket -:ticket 2:ticket +:ticket =:ticket
EXPR: 0 | POS | FRA | 62 | 1.37 | 0.099025588211994 | 20=((5.92*6.79)-(2/x)) | 20 5.92 6.79 * 2 x / - = | 20:dollar 5.92:dollar 6.79:ticket *:dollar 2:dollar x:ticket /:dollar -:dollar =:dollar
EXPR: 0 | POS | FRA | 62 | 1.37 | 0.104558053587927 | 20=((5.92/6.79)+(2/x)) | 20 5.92 6.79 / 2 x / + = | 20:dollar 5.92:dollar 6.79:ticket /:dollar 2:dollar x:ticket /:dollar +:dollar =:dollar
EXPR: 0 | POS | FRA | 65 | 1.37 | 0.283862876254181 | x=(6.79/(20-(2-5.92))) | x 6.79 20 2 5.92 - - / = | x:dollar 6.79:dollar 20:ticket 2:ticket 5.92:ticket -:ticket -:ticket /:dollar =:dollar
EXPR: 0 | POS | FRA | 65 | 1.37 | 0.42226368159204 | x=(6.79/(20+(2-5.92))) | x 6.79 20 2 5.92 - + / = | x:dollar 6.79:dollar 20:ticket 2:ticket 5.92:ticket -:ticket +:ticket /:dollar =:dollar
EXPR: 0 | POS | FRA | 65 | 1.37 | 29.6959459459459 | x=(((2+6.79)*20)/5.92) | x 2 6.79 + 20 * 5.92 / = | x:dollar 2:ticket 6.79:ticket +:ticket 20:dollar *:dollar 5.92:ticket /:dollar =:dollar
EXPR: 0 | POS | FRA | 65 | 1.37 | 0.97 | x=(((2/20)+6.79)-5.92) | x 2 20 / 6.79 + 5.92 - = | x:dollar 2:dollar 20:ticket /:dollar 6.79:dollar +:dollar 5.92:dollar -:dollar =:dollar
EXPR: 0 | POS | FRA | 65 | 1.37 | 1.00492 | x=((6.79/(2*20))*5.92) | x 6.79 2 20 * / 5.92 * = | x:ticket 6.79:dollar 2:ticket 20:dollar *:ticket /:dollar 5.92:ticket *:ticket =:ticket
EXPR: 0 | POS | FRA | 65 | 1.37 | 16.1824324324324 | x=((20*(6.79-2))/5.92) | x 20 6.79 2 - * 5.92 / = | x:ticket 20:dollar 6.79:ticket 2:ticket -:ticket *:ticket 5.92:dollar /:ticket =:ticket
EXPR: 0 | POS | FRA | 65 | 1.37 | 52.71 | x=(((2*20)+6.79)+5.92) | x 2 20 * 6.79 + 5.92 + = | x:dollar 2:dollar 20:ticket *:dollar 6.79:dollar +:dollar 5.92:dollar +:dollar =:dollar
EXPR: 0 | POS | FRA | 65 | 1.37 | 27.29 | x=(((2*20)-6.79)-5.92) | x 2 20 * 6.79 - 5.92 - = | x:dollar 2:dollar 20:ticket *:dollar 6.79:dollar -:dollar 5.92:dollar -:dollar =:dollar
EXPR: 0 | POS | FRA | 65 | 1.37 | 40.87 | x=((2*20)+(6.79-5.92)) | x 2 20 * 6.79 5.92 - + = | x:dollar 2:dollar 20:ticket *:dollar 6.79:dollar 5.92:dollar -:dollar +:dollar =:dollar
EXPR: 0 | POS | FRA | 65 | 1.37 | 39.13 | x=((2*20)-(6.79-5.92)) | x 2 20 * 6.79 5.92 - - = | x:dollar 2:dollar 20:ticket *:dollar 6.79:dollar 5.92:dollar -:dollar -:dollar =:dollar
EXPR: 0 | POS | FRA | 65 | 1.37 | 116.3 | x=((6.79*(20-2))-5.92) | x 6.79 20 2 - * 5.92 - = | x:dollar 6.79:ticket 20:dollar 2:dollar -:dollar *:dollar 5.92:dollar -:dollar =:dollar
EXPR: 0 | POS | FRA | 66 | 1.37 | 1.00492 | x=((6.79/(2*20))*5.92) | x 6.79 2 20 * / 5.92 * = | x:ticket 6.79:dollar 2:ticket 20:dollar *:ticket /:dollar 5.92:ticket *:ticket =:ticket
EXPR: 0 | POS | FRA | 66 | 1.37 | 52.71 | x=(((2*20)+6.79)+5.92) | x 2 20 * 6.79 + 5.92 + = | x:dollar 2:dollar 20:ticket *:dollar 6.79:dollar +:dollar 5.92:dollar +:dollar =:dollar
EXPR: 0 | POS | FRA | 66 | 1.37 | 16.1824324324324 | x=((20*(6.79-2))/5.92) | x 20 6.79 2 - * 5.92 / = | x:ticket 20:dollar 6.79:ticket 2:ticket -:ticket *:ticket 5.92:dollar /:ticket =:ticket
EXPR: 0 | POS | FRA | 66 | 1.37 | 27.29 | x=(((2*20)-6.79)-5.92) | x 2 20 * 6.79 - 5.92 - = | x:dollar 2:dollar 20:ticket *:dollar 6.79:dollar -:dollar 5.92:dollar -:dollar =:dollar
EXPR: 0 | POS | FRA | 66 | 1.37 | 40.87 | x=((2*20)+(6.79-5.92)) | x 2 20 * 6.79 5.92 - + = | x:dollar 2:dollar 20:ticket *:dollar 6.79:dollar 5.92:dollar -:dollar +:dollar =:dollar
EXPR: 0 | POS | FRA | 66 | 1.37 | 116.3 | x=((6.79*(20-2))-5.92) | x 6.79 20 2 - * 5.92 - = | x:dollar 6.79:ticket 20:dollar 2:dollar -:dollar *:dollar 5.92:dollar -:dollar =:dollar
EXPR: 0 | POS | FRA | 67 | 1.37 | 9.05067567567568 | ((5.92/(6.79+20))*x)=2 | 5.92 6.79 20 + / x * 2 = | 5.92:dollar 6.79:ticket 20:ticket +:ticket /:dollar x:ticket *:dollar 2:dollar =:dollar
EXPR: 0 | POS | FRA | 67 | 1.37 | 3.64468714448237 | 20=((2+6.79)*(5.92-x)) | 20 2 6.79 + 5.92 x - * = | 20:ticket 2:ticket 6.79:ticket +:ticket 5.92:dollar x:dollar -:dollar *:ticket =:ticket
EXPR: 0 | POS | FRA | 67 | 1.37 | 4.1119293078056 | 20=(((6.79*x)-2)-5.92) | 20 6.79 x * 2 - 5.92 - = | 20:dollar 6.79:dollar x:ticket *:dollar 2:dollar -:dollar 5.92:dollar -:dollar =:dollar
EXPR: 0 | POS | FRA | 67 | 1.37 | 113.61 | 20=(((x-2)+6.79)/5.92) | 20 x 2 - 6.79 + 5.92 / = | 20:dollar x:dollar 2:dollar -:dollar 6.79:dollar +:dollar 5.92:ticket /:dollar =:dollar
EXPR: 0 | POS | FRA | 67 | 1.37 | 10.435 | 2=(((6.79+20)-5.92)/x) | 2 6.79 20 + 5.92 - x / = | 2:dollar 6.79:dollar 20:dollar +:dollar 5.92:dollar -:dollar x:ticket /:dollar =:dollar
EXPR: 0 | POS | FRA | 67 | 1.37 | 5.241 | (x+(2*(6.79/20)))=5.92 | x 2 6.79 20 / * + 5.92 = | x:dollar 2:dollar 6.79:ticket 20:dollar /:ticket *:dollar +:dollar 5.92:dollar =:dollar
EXPR: 0 | POS | FRA | 67 | 1.37 | 5.90527245949926 | (x+(2/(6.79*20)))=5.92 | x 2 6.79 20 * / + 5.92 = | x:dollar 2:dollar 6.79:ticket 20:dollar *:ticket /:dollar +:dollar 5.92:dollar =:dollar
EXPR: 0 | POS | FRA | 67 | 1.37 | 34.8748159057437 | 20=(((x/2)*6.79)/5.92) | 20 x 2 / 6.79 * 5.92 / = | 20:dollar x:dollar 2:ticket /:dollar 6.79:ticket *:dollar 5.92:ticket /:dollar =:dollar
EXPR: 0 | POS | FRA | 67 | 1.37 | 0.0736377025036819 | ((x+2)*6.79)=(20-5.92) | x 2 + 6.79 * 20 5.92 - = | x:ticket 2:ticket +:ticket 6.79:dollar *:dollar 20:dollar 5.92:dollar -:dollar =:dollar
EXPR: 0 | POS | FRA | 67 | 1.37 | 8.71870397643593 | 20=(x*((2*6.79)/5.92)) | 20 x 2 6.79 * 5.92 / * = | 20:dollar x:dollar 2:dollar 6.79:ticket *:ticket 5.92:dollar /:ticket *:dollar =:dollar
EXPR: 0 | POS | FRA | 67 | 1.37 | 0.995104087887593 | 6.79=((2/5.92)*(20/x)) | 6.79 2 5.92 / 20 x / * = | 6.79:ticket 2:dollar 5.92:ticket /:dollar 20:ticket x:dollar /:ticket *:ticket =:ticket
EXPR: 0 | POS | FRA | 67 | 1.37 | 4.14727540500737 | 2=(x*(6.79/(20-5.92))) | 2 x 6.79 20 5.92 - / * = | 2:dollar x:dollar 6.79:ticket 20:dollar 5.92:dollar -:dollar /:ticket *:dollar =:dollar
EXPR: 0 | POS | FRA | 67 | 1.37 | 2.36818851251841 | 6.79=(((2+20)-5.92)/x) | 6.79 2 20 + 5.92 - x / = | 6.79:dollar 2:dollar 20:dollar +:dollar 5.92:dollar -:dollar x:ticket /:dollar =:dollar
EXPR: 0 | POS | FRA | 67 | 1.37 | 8.7 | 2=((20*(6.79-5.92))/x) | 2 20 6.79 5.92 - * x / = | 2:ticket 20:dollar 6.79:ticket 5.92:ticket -:ticket *:ticket x:dollar /:ticket =:ticket
EXPR: 0 | POS | FRA | 67 | 1.37 | 6.594 | 2=((20*(x-6.79))+5.92) | 2 20 x 6.79 - * 5.92 + = | 2:dollar 20:ticket x:dollar 6.79:dollar -:dollar *:dollar 5.92:dollar +:dollar =:dollar
EXPR: 0 | POS | FRA | 67 | 1.37 | 4.07363770250368 | ((x-2)*6.79)=(20-5.92) | x 2 - 6.79 * 20 5.92 - = | x:ticket 2:ticket -:ticket 6.79:dollar *:dollar 20:dollar 5.92:dollar -:dollar =:dollar
EXPR: 0 | POS | FRA | 67 | 1.37 | 1.70581081081081 | 6.79=((20/5.92)+(2*x)) | 6.79 20 5.92 / 2 x * + = | 6.79:dollar 20:dollar 5.92:ticket /:dollar 2:dollar x:ticket *:dollar +:dollar =:dollar
EXPR: 0 | POS | FRA | 70 | 1.37 | 0.52391975308642 | x=((2/(5.92+20))*6.79) | x 2 5.92 20 + / 6.79 * = | x:ticket 2:dollar 5.92:ticket 20:ticket +:ticket /:dollar 6.79:ticket *:ticket =:ticket
EXPR: 0 | POS | FRA | 70 | 1.37 | 30.71 | x=((20-2)+(5.92+6.79)) | x 20 2 - 5.92 6.79 + + = | x:ticket 20:ticket 2:ticket -:ticket 5.92:ticket 6.79:ticket +:ticket +:ticket =:ticket
EXPR: 0 | POS | FRA | 71 | 1.37 | 30.71 | x=((20-2)+(5.92+6.79)) | x 20 2 - 5.92 6.79 + + = | x:ticket 20:ticket 2:ticket -:ticket 5.92:ticket 6.79:ticket +:ticket +:ticket =:ticket
EXPR: 0 | POS | FRA | 72 | 1.37 | 6.198 | 2=((20/5.92)*(6.79-x)) | 2 20 5.92 / 6.79 x - * = | 2:dollar 20:dollar 5.92:ticket /:dollar 6.79:ticket x:ticket -:ticket *:dollar =:dollar
EXPR: 0 | POS | FRA | 72 | 1.37 | 27.66 | 20=((5.92-(2*6.79))+x) | 20 5.92 2 6.79 * - x + = | 20:ticket 5.92:ticket 2:dollar 6.79:ticket *:ticket -:ticket x:ticket +:ticket =:ticket
EXPR: 0 | POS | FRA | 72 | 1.37 | 10.685 | ((20-(5.92+x))*2)=6.79 | 20 5.92 x + - 2 * 6.79 = | 20:ticket 5.92:ticket x:ticket +:ticket -:ticket 2:dollar *:ticket 6.79:ticket =:ticket
EXPR: 0 | POS | FRA | 75 | 1.37 | 61.98 | x=(((20/2)*6.79)-5.92) | x 20 2 / 6.79 * 5.92 - = | x:ticket 20:dollar 2:ticket /:dollar 6.79:ticket *:ticket 5.92:ticket -:ticket =:ticket
EXPR: 0 | POS | FRA | 75 | 1.37 | 73.82 | x=(((20/2)*6.79)+5.92) | x 20 2 / 6.79 * 5.92 + = | x:ticket 20:dollar 2:ticket /:dollar 6.79:ticket *:ticket 5.92:ticket +:ticket =:ticket
EXPR: 0 | POS | FRA | 75 | 1.37 | 1.82712727272727 | x=((6.79/(2+20))*5.92) | x 6.79 2 20 + / 5.92 * = | x:ticket 6.79:dollar 2:ticket 20:ticket +:ticket /:dollar 5.92:ticket *:ticket =:ticket
EXPR: 0 | POS | FRA | 75 | 1.37 | 186.3 | x=(20*((6.79/2)+5.92)) | x 20 6.79 2 / 5.92 + * = | x:dollar 20:dollar 6.79:ticket 2:dollar /:ticket 5.92:ticket +:ticket *:dollar =:dollar
EXPR: 0 | POS | FRA | 75 | 1.37 | 11.4695945945946 | x=(((20/2)*6.79)/5.92) | x 20 2 / 6.79 * 5.92 / = | x:dollar 20:ticket 2:dollar /:ticket 6.79:dollar *:dollar 5.92:ticket /:dollar =:dollar
EXPR: 0 | POS | FRA | 75 | 1.37 | 11.4695945945946 | x=(((6.79/2)*20)/5.92) | x 6.79 2 / 20 * 5.92 / = | x:dollar 6.79:ticket 2:dollar /:ticket 20:dollar *:dollar 5.92:ticket /:dollar =:dollar
EXPR: 0 | POS | FRA | 75 | 1.37 | 17.7310162002946 | x=(2*((20/6.79)+5.92)) | x 2 20 6.79 / 5.92 + * = | x:dollar 2:dollar 20:ticket 6.79:dollar /:ticket 5.92:ticket +:ticket *:dollar =:dollar
EXPR: 0 | POS | FRA | 75 | 1.37 | 27.66 | x=(((2*6.79)-5.92)+20) | x 2 6.79 * 5.92 - 20 + = | x:ticket 2:dollar 6.79:ticket *:ticket 5.92:ticket -:ticket 20:ticket +:ticket =:ticket
EXPR: 0 | POS | FRA | 75 | 1.37 | 73.82 | x=((6.79*(20/2))+5.92) | x 6.79 20 2 / * 5.92 + = | x:ticket 6.79:ticket 20:dollar 2:ticket /:dollar *:ticket 5.92:ticket +:ticket =:ticket
EXPR: 0 | POS | FRA | 75 | 1.37 | 21.13 | x=((20-6.79)+(5.92+2)) | x 20 6.79 - 5.92 2 + + = | x:ticket 20:ticket 6.79:ticket -:ticket 5.92:ticket 2:ticket +:ticket +:ticket =:ticket
EXPR: 0 | POS | FRA | 75 | 1.37 | 18.87 | x=((20+(6.79-5.92))-2) | x 20 6.79 5.92 - + 2 - = | x:ticket 20:ticket 6.79:ticket 5.92:ticket -:ticket +:ticket 2:ticket -:ticket =:ticket
EXPR: 0 | POS | FRA | 75 | 1.37 | 0.995104087887593 | x=(((20/6.79)*2)/5.92) | x 20 6.79 / 2 * 5.92 / = | x:dollar 20:ticket 6.79:dollar /:ticket 2:dollar *:dollar 5.92:ticket /:dollar =:dollar
EXPR: 0 | POS | FRA | 76 | 1.37 | 73.82 | x=(((20/2)*6.79)+5.92) | x 20 2 / 6.79 * 5.92 + = | x:ticket 20:dollar 2:ticket /:dollar 6.79:ticket *:ticket 5.92:ticket +:ticket =:ticket
EXPR: 0 | POS | FRA | 76 | 1.37 | 1.82712727272727 | x=((6.79/(2+20))*5.92) | x 6.79 2 20 + / 5.92 * = | x:ticket 6.79:dollar 2:ticket 20:ticket +:ticket /:dollar 5.92:ticket *:ticket =:ticket
EXPR: 0 | POS | FRA | 76 | 1.37 | 11.4695945945946 | x=(((6.79/2)*20)/5.92) | x 6.79 2 / 20 * 5.92 / = | x:dollar 6.79:ticket 2:dollar /:ticket 20:dollar *:dollar 5.92:ticket /:dollar =:dollar
EXPR: 0 | POS | FRA | 76 | 1.37 | 186.3 | x=(20*((6.79/2)+5.92)) | x 20 6.79 2 / 5.92 + * = | x:dollar 20:dollar 6.79:ticket 2:dollar /:ticket 5.92:ticket +:ticket *:dollar =:dollar
EXPR: 0 | POS | FRA | 76 | 1.37 | 27.66 | x=(((2*6.79)-5.92)+20) | x 2 6.79 * 5.92 - 20 + = | x:ticket 2:dollar 6.79:ticket *:ticket 5.92:ticket -:ticket 20:ticket +:ticket =:ticket
EXPR: 0 | POS | FRA | 76 | 1.37 | 0.995104087887593 | x=(((20/6.79)*2)/5.92) | x 20 6.79 / 2 * 5.92 / = | x:dollar 20:ticket 6.79:dollar /:ticket 2:dollar *:dollar 5.92:ticket /:dollar =:dollar
EXPR: 0 | POS | FRA | 77 | 1.37 | 10.0984 | 6.79=(((2*x)+20)/5.92) | 6.79 2 x * 20 + 5.92 / = | 6.79:dollar 2:dollar x:ticket *:dollar 20:dollar +:dollar 5.92:ticket /:dollar =:dollar
EXPR: 0 | POS | FRA | 77 | 1.37 | 10.685 | 5.92=(20-((6.79/2)+x)) | 5.92 20 6.79 2 / x + - = | 5.92:ticket 20:ticket 6.79:ticket 2:dollar /:ticket x:ticket +:ticket -:ticket =:ticket
EXPR: 0 | POS | FRA | 77 | 1.37 | 5.241 | (x+(2*(6.79/20)))=5.92 | x 2 6.79 20 / * + 5.92 = | x:ticket 2:ticket 6.79:dollar 20:ticket /:dollar *:ticket +:ticket 5.92:ticket =:ticket
EXPR: 0 | POS | FRA | 77 | 1.37 | 4.14727540500736 | 6.79=(((20-5.92)*2)/x) | 6.79 20 5.92 - 2 * x / = | 6.79:dollar 20:ticket 5.92:ticket -:ticket 2:dollar *:dollar x:ticket /:dollar =:dollar
EXPR: 0 | POS | FRA | 77 | 1.37 | 47.8015999999999 | ((x/6.79)*2)=(20-5.92) | x 6.79 / 2 * 20 5.92 - = | x:ticket 6.79:dollar /:ticket 2:dollar *:dollar 20:dollar 5.92:dollar -:dollar =:dollar
EXPR: 0 | POS | FRA | 77 | 1.37 | 0.1435 | 20=((2+(6.79-5.92))/x) | 20 2 6.79 5.92 - + x / = | 20:ticket 2:ticket 6.79:ticket 5.92:ticket -:ticket +:ticket x:dollar /:ticket =:ticket
EXPR: 0 | POS | FRA | 77 | 1.37 | 0.0565 | 20=((2-(6.79-5.92))/x) | 20 2 6.79 5.92 - - x / = | 20:ticket 2:ticket 6.79:ticket 5.92:ticket -:ticket -:ticket x:dollar /:ticket =:ticket
EXPR: 0 | POS | FRA | 77 | 1.37 | 0.705298200078993 | (20/(x*(6.79-2)))=5.92 | 20 x 6.79 2 - * / 5.92 = | 20:ticket x:dollar 6.79:ticket 2:ticket -:ticket *:dollar /:ticket 5.92:ticket =:ticket
EXPR: 0 | POS | FRA | 77 | 1.37 | 87.9983999999999 | 20=(((2*x)/6.79)-5.92) | 20 2 x * 6.79 / 5.92 - = | 20:dollar 2:dollar x:ticket *:dollar 6.79:ticket /:dollar 5.92:dollar -:dollar =:dollar
EXPR: 0 | POS | FRA | 77 | 1.37 | 128.14 | ((2-20)*6.79)=(5.92-x) | 2 20 - 6.79 * 5.92 x - = | 2:dollar 20:dollar -:dollar 6.79:ticket *:dollar 5.92:dollar x:dollar -:dollar =:dollar
EXPR: 0 | POS | FRA | 82 | 1.37 | 45.8783783783784 | ((20/5.92)*6.79)=(x/2) | 20 5.92 / 6.79 * x 2 / = | 20:dollar 5.92:ticket /:dollar 6.79:ticket *:ticket x:ticket 2:dollar /:ticket =:ticket
EXPR: 0 | POS | FRA | 82 | 1.37 | 4.14727540500736 | ((20-5.92)/6.79)=(x/2) | 20 5.92 - 6.79 / x 2 / = | 20:ticket 5.92:ticket -:ticket 6.79:dollar /:ticket x:ticket 2:dollar /:ticket =:ticket
EXPR: 0 | POS | FRA | 85 | 1.37 | 17.7060810810811 | x=(20-((2*6.79)/5.92)) | x 20 2 6.79 * 5.92 / - = | x:ticket 20:ticket 2:dollar 6.79:ticket *:ticket 5.92:dollar /:ticket -:ticket =:ticket
EXPR: 0 | POS | FRA | 85 | 1.37 | 16.1824324324324 | x=(20*((6.79-2)/5.92)) | x 20 6.79 2 - 5.92 / * = | x:ticket 20:ticket 6.79:dollar 2:dollar -:dollar 5.92:ticket /:dollar *:ticket =:ticket
EXPR: 0 | POS | FRA | 87 | 1.37 | 0.0983999999999982 | ((2*(x+20))/6.79)=5.92 | 2 x 20 + * 6.79 / 5.92 = | 2:dollar x:ticket 20:ticket +:ticket *:ticket 6.79:dollar /:ticket 5.92:ticket =:ticket
EXPR: 0 | POS | FRA | 87 | 1.37 | 18.87 | 20=((2-(6.79-5.92))+x) | 20 2 6.79 5.92 - - x + = | 20:ticket 2:ticket 6.79:ticket 5.92:ticket -:ticket -:ticket x:ticket +:ticket =:ticket
EXPR: 0 | POS | FRA | 87 | 1.37 | 52.41 | ((2*(x+6.79))/20)=5.92 | 2 x 6.79 + * 20 / 5.92 = | 2:dollar x:ticket 6.79:ticket +:ticket *:ticket 20:dollar /:ticket 5.92:ticket =:ticket
EXPR: 0 | POS | FRA | 87 | 1.37 | 3.26904270986745 | ((2-20)/6.79)=(x-5.92) | 2 20 - 6.79 / x 5.92 - = | 2:ticket 20:ticket -:ticket 6.79:dollar /:ticket x:ticket 5.92:ticket -:ticket =:ticket
EXPR: 0 | POS | FRA | 87 | 1.37 | 19.0032 | 20=(2*(6.79+(x/5.92))) | 20 2 6.79 x 5.92 / + * = | 20:ticket 2:dollar 6.79:ticket x:ticket 5.92:dollar /:ticket +:ticket *:ticket =:ticket
EXPR: 0 | POS | FRA | 97 | 1.37 | 0.5 | 20=((2*6.79)+(5.92+x)) | 20 2 6.79 * 5.92 x + + = | 20:ticket 2:dollar 6.79:ticket *:ticket 5.92:ticket x:ticket +:ticket +:ticket =:ticket
EXPR: 0 | POS | FRA | 97 | 1.37 | 0.0736377025036819 | ((x+2)*6.79)=(20-5.92) | x 2 + 6.79 * 20 5.92 - = | x:dollar 2:dollar +:dollar 6.79:ticket *:ticket 20:ticket 5.92:ticket -:ticket =:ticket
EXPR: 0 | POS | FRA | 97 | 1.37 | 6.17 | ((2*(6.79+x))-20)=5.92 | 2 6.79 x + * 20 - 5.92 = | 2:dollar 6.79:ticket x:ticket +:ticket *:ticket 20:ticket -:ticket 5.92:ticket =:ticket
EXPR: 0 | POS | FRA | 97 | 1.37 | 0.114695945945946 | ((2/20)*6.79)=(x*5.92) | 2 20 / 6.79 * x 5.92 * = | 2:dollar 20:ticket /:dollar 6.79:ticket *:dollar x:ticket 5.92:dollar *:dollar =:dollar
EXPR: 0 | POS | FRA | 97 | 1.37 | 10.435 | 20=(((2*x)-6.79)+5.92) | 20 2 x * 6.79 - 5.92 + = | 20:ticket 2:dollar x:ticket *:ticket 6.79:ticket -:ticket 5.92:ticket +:ticket =:ticket
NET 483 non-negative solutions found out of 745 total solutions
