parameters: n=11 l=5 k=1 p=5 q=1 m=11
TOTAL 476 solutions found
SOLN: CORRECT | POS/NEG | INT/FRA | OBJ-SCORE | TRUE-ANS | ANS | INFIX | POSTFIX | TYPED-POSTFIX
EXPR: 0 | POS | INT | 0 | 2 | 118 | x=((20+((26+20)-6))+58) | x 20 26 20 + 6 - + 58 + = | x:sticker 20:sticker 26:sticker 20:sticker +:sticker 6:sticker -:sticker +:sticker 58:sticker +:sticker =:sticker
EXPR: 0 | POS | INT | 0 | 2 | 118 | x=(20+((26+(20-6))+58)) | x 20 26 20 6 - + 58 + + = | x:sticker 20:sticker 26:sticker 20:sticker 6:sticker -:sticker +:sticker 58:sticker +:sticker +:sticker =:sticker
EXPR: 0 | POS | INT | 0 | 2 | 90 | x=(20+(26-((20-6)-58))) | x 20 26 20 6 - 58 - - + = | x:sticker 20:sticker 26:sticker 20:sticker 6:sticker -:sticker 58:sticker -:sticker -:sticker +:sticker =:sticker
EXPR: 0 | POS | INT | 0 | 2 | 66 | x=(20-(26-((20-6)+58))) | x 20 26 20 6 - 58 + - - = | x:sticker 20:sticker 26:sticker 20:sticker 6:sticker -:sticker 58:sticker +:sticker -:sticker -:sticker =:sticker
EXPR: 1 | POS | INT | 0 | 2 | 2 | x=(20+((26+(20-6))-58)) | x 20 26 20 6 - + 58 - + = | x:sticker 20:sticker 26:sticker 20:sticker 6:sticker -:sticker +:sticker 58:sticker -:sticker +:sticker =:sticker
EXPR: 0 | POS | INT | 0 | 2 | 26 | x=(20-((26+(20+6))-58)) | x 20 26 20 6 + + 58 - - = | x:sticker 20:sticker 26:sticker 20:sticker 6:sticker +:sticker +:sticker 58:sticker -:sticker -:sticker =:sticker
EXPR: 0 | POS | INT | 0 | 2 | 26 | x=(20-(26+((20+6)-58))) | x 20 26 20 6 + 58 - + - = | x:sticker 20:sticker 26:sticker 20:sticker 6:sticker +:sticker 58:sticker -:sticker +:sticker -:sticker =:sticker
EXPR: 1 | POS | INT | 0 | 2 | 2 | x=((20+26)+(20-(6+58))) | x 20 26 + 20 6 58 + - + = | x:sticker 20:sticker 26:sticker +:sticker 20:sticker 6:sticker 58:sticker +:sticker -:sticker +:sticker =:sticker
EXPR: 1 | POS | INT | 0 | 2 | 2 | x=((20+26)+((20-6)-58)) | x 20 26 + 20 6 - 58 - + = | x:sticker 20:sticker 26:sticker +:sticker 20:sticker 6:sticker -:sticker 58:sticker -:sticker +:sticker =:sticker
EXPR: 0 | POS | INT | 0 | 2 | 78 | x=(20-(26-((20+6)+58))) | x 20 26 20 6 + 58 + - - = | x:sticker 20:sticker 26:sticker 20:sticker 6:sticker +:sticker 58:sticker +:sticker -:sticker -:sticker =:sticker
EXPR: 0 | POS | INT | 0 | 2 | 90 | x=((20+26)-(20-(6+58))) | x 20 26 + 20 6 58 + - - = | x:sticker 20:sticker 26:sticker +:sticker 20:sticker 6:sticker 58:sticker +:sticker -:sticker -:sticker =:sticker
EXPR: 0 | POS | INT | 0 | 2 | 14 | x=((20+26)+(20+(6-58))) | x 20 26 + 20 6 58 - + + = | x:sticker 20:sticker 26:sticker +:sticker 20:sticker 6:sticker 58:sticker -:sticker +:sticker +:sticker =:sticker
EXPR: 0 | POS | INT | 0 | 2 | 38 | x=(((20-26)-20)+(6+58)) | x 20 26 - 20 - 6 58 + + = | x:sticker 20:sticker 26:sticker -:sticker 20:sticker -:sticker 6:sticker 58:sticker +:sticker +:sticker =:sticker
EXPR: 0 | POS | INT | 0 | 2 | 38 | x=(20-((26+(20-6))-58)) | x 20 26 20 6 - + 58 - - = | x:sticker 20:sticker 26:sticker 20:sticker 6:sticker -:sticker +:sticker 58:sticker -:sticker -:sticker =:sticker
EXPR: 0 | POS | INT | 0 | 2 | 26 | x=((20-26)-(20+(6-58))) | x 20 26 - 20 6 58 - + - = | x:sticker 20:sticker 26:sticker -:sticker 20:sticker 6:sticker 58:sticker -:sticker +:sticker -:sticker =:sticker
EXPR: 0 | POS | INT | 0 | 2 | 38 | x=(20-(26+((20-6)-58))) | x 20 26 20 6 - 58 - + - = | x:sticker 20:sticker 26:sticker 20:sticker 6:sticker -:sticker 58:sticker -:sticker +:sticker -:sticker =:sticker
EXPR: 0 | POS | INT | 0 | 2 | 66 | x=((20-26)+(20-(6-58))) | x 20 26 - 20 6 58 - - + = | x:sticker 20:sticker 26:sticker -:sticker 20:sticker 6:sticker 58:sticker -:sticker -:sticker +:sticker =:sticker
EXPR: 0 | POS | INT | 0 | 2 | 78 | x=(20+((26-(20+6))+58)) | x 20 26 20 6 + - 58 + + = | x:sticker 20:sticker 26:sticker 20:sticker 6:sticker +:sticker -:sticker 58:sticker +:sticker +:sticker =:sticker
EXPR: 0 | POS | INT | 0 | 2 | 66 | x=((20-26)+((20-6)+58)) | x 20 26 - 20 6 - 58 + + = | x:sticker 20:sticker 26:sticker -:sticker 20:sticker 6:sticker -:sticker 58:sticker +:sticker +:sticker =:sticker
EXPR: 0 | POS | INT | 0 | 2 | 78 | x=(20-((26-(20+6))-58)) | x 20 26 20 6 + - 58 - - = | x:sticker 20:sticker 26:sticker 20:sticker 6:sticker +:sticker -:sticker 58:sticker -:sticker -:sticker =:sticker
EXPR: 0 | POS | INT | 0 | 2 | 26 | x=((20-((26+20)+6))+58) | x 20 26 20 + 6 + - 58 + = | x:sticker 20:sticker 26:sticker 20:sticker +:sticker 6:sticker +:sticker -:sticker 58:sticker +:sticker =:sticker
EXPR: 1 | POS | INT | 0 | 2 | 2 | x=(20+(((26+20)-6)-58)) | x 20 26 20 + 6 - 58 - + = | x:sticker 20:sticker 26:sticker 20:sticker +:sticker 6:sticker -:sticker 58:sticker -:sticker +:sticker =:sticker
EXPR: 0 | POS | INT | 0 | 2 | 78 | x=((20+26)-(20+(6-58))) | x 20 26 + 20 6 58 - + - = | x:sticker 20:sticker 26:sticker +:sticker 20:sticker 6:sticker 58:sticker -:sticker +:sticker -:sticker =:sticker
EXPR: 0 | POS | INT | 0 | 2 | 78 | x=(((20-26)+20)+(6+58)) | x 20 26 - 20 + 6 58 + + = | x:sticker 20:sticker 26:sticker -:sticker 20:sticker +:sticker 6:sticker 58:sticker +:sticker +:sticker =:sticker
EXPR: 0 | POS | INT | 0 | 2 | 78 | x=(20+(26-((20+6)-58))) | x 20 26 20 6 + 58 - - + = | x:sticker 20:sticker 26:sticker 20:sticker 6:sticker +:sticker 58:sticker -:sticker -:sticker +:sticker =:sticker
EXPR: 0 | POS | INT | 0 | 2 | 14 | x=(20+(26+((20+6)-58))) | x 20 26 20 6 + 58 - + + = | x:sticker 20:sticker 26:sticker 20:sticker 6:sticker +:sticker 58:sticker -:sticker +:sticker +:sticker =:sticker
EXPR: 0 | POS | INT | 0 | 2 | 118 | x=(20+((26+20)-(6-58))) | x 20 26 20 + 6 58 - - + = | x:sticker 20:sticker 26:sticker 20:sticker +:sticker 6:sticker 58:sticker -:sticker -:sticker +:sticker =:sticker
EXPR: 0 | POS | INT | 0 | 2 | 90 | x=(20+(((26-20)+6)+58)) | x 20 26 20 - 6 + 58 + + = | x:sticker 20:sticker 26:sticker 20:sticker -:sticker 6:sticker +:sticker 58:sticker +:sticker +:sticker =:sticker
EXPR: 0 | POS | INT | 0 | 2 | 90 | x=((20+26)-((20-6)-58)) | x 20 26 + 20 6 - 58 - - = | x:sticker 20:sticker 26:sticker +:sticker 20:sticker 6:sticker -:sticker 58:sticker -:sticker -:sticker =:sticker
EXPR: 0 | POS | INT | 0 | 2 | 26 | x=(20-((26+20)+(6-58))) | x 20 26 20 + 6 58 - + - = | x:sticker 20:sticker 26:sticker 20:sticker +:sticker 6:sticker 58:sticker -:sticker +:sticker -:sticker =:sticker
EXPR: 0 | POS | INT | 0 | 2 | 118 | x=(20+(((26+20)-6)+58)) | x 20 26 20 + 6 - 58 + + = | x:sticker 20:sticker 26:sticker 20:sticker +:sticker 6:sticker -:sticker 58:sticker +:sticker +:sticker =:sticker
EXPR: 0 | POS | INT | 0 | 2 | 14 | x=(20+((26+(20+6))-58)) | x 20 26 20 6 + + 58 - + = | x:sticker 20:sticker 26:sticker 20:sticker 6:sticker +:sticker +:sticker 58:sticker -:sticker +:sticker =:sticker
EXPR: 0 | POS | INT | 0 | 2 | 78 | x=(20+(((26-20)-6)+58)) | x 20 26 20 - 6 - 58 + + = | x:sticker 20:sticker 26:sticker 20:sticker -:sticker 6:sticker -:sticker 58:sticker +:sticker +:sticker =:sticker
EXPR: 0 | POS | INT | 0 | 2 | 130 | x=(20+(26+((20+6)+58))) | x 20 26 20 6 + 58 + + + = | x:sticker 20:sticker 26:sticker 20:sticker 6:sticker +:sticker 58:sticker +:sticker +:sticker +:sticker =:sticker
EXPR: 0 | POS | INT | 0 | 2 | 130 | x=((20+26)+(20+(6+58))) | x 20 26 + 20 6 58 + + + = | x:sticker 20:sticker 26:sticker +:sticker 20:sticker 6:sticker 58:sticker +:sticker +:sticker +:sticker =:sticker
EXPR: 0 | POS | INT | 1 | 2 | 90 | x=(20+(26-((20-6)-58))) | x 20 26 20 6 - 58 - - + = | x:sticker 20:sticker 26:sticker 20:sticker 6:sticker -:sticker 58:sticker -:sticker -:sticker +:sticker =:sticker
EXPR: 0 | POS | INT | 1 | 2 | 26 | x=(20-((26+(20+6))-58)) | x 20 26 20 6 + + 58 - - = | x:sticker 20:sticker 26:sticker 20:sticker 6:sticker +:sticker +:sticker 58:sticker -:sticker -:sticker =:sticker
EXPR: 1 | POS | INT | 1 | 2 | 2 | x=((20+26)+(20-(6+58))) | x 20 26 + 20 6 58 + - + = | x:sticker 20:sticker 26:sticker +:sticker 20:sticker 6:sticker 58:sticker +:sticker -:sticker +:sticker =:sticker
EXPR: 0 | POS | INT | 1 | 2 | 118 | x=(20+((26+(20-6))+58)) | x 20 26 20 6 - + 58 + + = | x:sticker 20:sticker 26:sticker 20:sticker 6:sticker -:sticker +:sticker 58:sticker +:sticker +:sticker =:sticker
EXPR: 1 | POS | INT | 1 | 2 | 2 | x=((20+26)+((20-6)-58)) | x 20 26 + 20 6 - 58 - + = | x:sticker 20:sticker 26:sticker +:sticker 20:sticker 6:sticker -:sticker 58:sticker -:sticker +:sticker =:sticker
EXPR: 0 | POS | INT | 1 | 2 | 78 | x=(20-(26-((20+6)+58))) | x 20 26 20 6 + 58 + - - = | x:sticker 20:sticker 26:sticker 20:sticker 6:sticker +:sticker 58:sticker +:sticker -:sticker -:sticker =:sticker
EXPR: 0 | POS | INT | 1 | 2 | 38 | x=(20-((26+(20-6))-58)) | x 20 26 20 6 - + 58 - - = | x:sticker 20:sticker 26:sticker 20:sticker 6:sticker -:sticker +:sticker 58:sticker -:sticker -:sticker =:sticker
EXPR: 0 | POS | INT | 1 | 2 | 26 | x=((20-26)-(20+(6-58))) | x 20 26 - 20 6 58 - + - = | x:sticker 20:sticker 26:sticker -:sticker 20:sticker 6:sticker 58:sticker -:sticker +:sticker -:sticker =:sticker
EXPR: 0 | POS | INT | 1 | 2 | 90 | x=((20+26)-(20-(6+58))) | x 20 26 + 20 6 58 + - - = | x:sticker 20:sticker 26:sticker +:sticker 20:sticker 6:sticker 58:sticker +:sticker -:sticker -:sticker =:sticker
EXPR: 0 | POS | INT | 1 | 2 | 38 | x=(20-(26+((20-6)-58))) | x 20 26 20 6 - 58 - + - = | x:sticker 20:sticker 26:sticker 20:sticker 6:sticker -:sticker 58:sticker -:sticker +:sticker -:sticker =:sticker
EXPR: 0 | POS | INT | 1 | 2 | 38 | x=(((20-26)-20)+(6+58)) | x 20 26 - 20 - 6 58 + + = | x:sticker 20:sticker 26:sticker -:sticker 20:sticker -:sticker 6:sticker 58:sticker +:sticker +:sticker =:sticker
EXPR: 0 | POS | INT | 1 | 2 | 66 | x=(20-(26-((20-6)+58))) | x 20 26 20 6 - 58 + - - = | x:sticker 20:sticker 26:sticker 20:sticker 6:sticker -:sticker 58:sticker +:sticker -:sticker -:sticker =:sticker
EXPR: 0 | POS | INT | 1 | 2 | 78 | x=(20-((26-(20+6))-58)) | x 20 26 20 6 + - 58 - - = | x:sticker 20:sticker 26:sticker 20:sticker 6:sticker +:sticker -:sticker 58:sticker -:sticker -:sticker =:sticker
EXPR: 0 | POS | INT | 1 | 2 | 26 | x=((20-((26+20)+6))+58) | x 20 26 20 + 6 + - 58 + = | x:sticker 20:sticker 26:sticker 20:sticker +:sticker 6:sticker +:sticker -:sticker 58:sticker +:sticker =:sticker
EXPR: 1 | POS | INT | 1 | 2 | 2 | x=(20+(((26+20)-6)-58)) | x 20 26 20 + 6 - 58 - + = | x:sticker 20:sticker 26:sticker 20:sticker +:sticker 6:sticker -:sticker 58:sticker -:sticker +:sticker =:sticker
EXPR: 0 | POS | INT | 1 | 2 | 78 | x=((20+26)-(20+(6-58))) | x 20 26 + 20 6 58 - + - = | x:sticker 20:sticker 26:sticker +:sticker 20:sticker 6:sticker 58:sticker -:sticker +:sticker -:sticker =:sticker
EXPR: 0 | POS | INT | 1 | 2 | 78 | x=(20+(26-((20+6)-58))) | x 20 26 20 6 + 58 - - + = | x:sticker 20:sticker 26:sticker 20:sticker 6:sticker +:sticker 58:sticker -:sticker -:sticker +:sticker =:sticker
EXPR: 0 | POS | INT | 1 | 2 | 14 | x=(20+(26+((20+6)-58))) | x 20 26 20 6 + 58 - + + = | x:sticker 20:sticker 26:sticker 20:sticker 6:sticker +:sticker 58:sticker -:sticker +:sticker +:sticker =:sticker
EXPR: 0 | POS | INT | 1 | 2 | 78 | x=(((20-26)+20)+(6+58)) | x 20 26 - 20 + 6 58 + + = | x:sticker 20:sticker 26:sticker -:sticker 20:sticker +:sticker 6:sticker 58:sticker +:sticker +:sticker =:sticker
EXPR: 0 | POS | INT | 1 | 2 | 90 | x=((20+26)-((20-6)-58)) | x 20 26 + 20 6 - 58 - - = | x:sticker 20:sticker 26:sticker +:sticker 20:sticker 6:sticker -:sticker 58:sticker -:sticker -:sticker =:sticker
EXPR: 0 | POS | INT | 1 | 2 | 118 | x=(20+(((26+20)-6)+58)) | x 20 26 20 + 6 - 58 + + = | x:sticker 20:sticker 26:sticker 20:sticker +:sticker 6:sticker -:sticker 58:sticker +:sticker +:sticker =:sticker
EXPR: 0 | POS | INT | 1 | 2 | 26 | x=(20-((26+20)+(6-58))) | x 20 26 20 + 6 58 - + - = | x:sticker 20:sticker 26:sticker 20:sticker +:sticker 6:sticker 58:sticker -:sticker +:sticker -:sticker =:sticker
EXPR: 1 | POS | INT | 1 | 2 | 2 | x=(20+((26+(20-6))-58)) | x 20 26 20 6 - + 58 - + = | x:sticker 20:sticker 26:sticker 20:sticker 6:sticker -:sticker +:sticker 58:sticker -:sticker +:sticker =:sticker
EXPR: 0 | POS | INT | 1 | 2 | 14 | x=(20+((26+(20+6))-58)) | x 20 26 20 6 + + 58 - + = | x:sticker 20:sticker 26:sticker 20:sticker 6:sticker +:sticker +:sticker 58:sticker -:sticker +:sticker =:sticker
EXPR: 0 | POS | INT | 1 | 2 | 26 | x=(20-(26+((20+6)-58))) | x 20 26 20 6 + 58 - + - = | x:sticker 20:sticker 26:sticker 20:sticker 6:sticker +:sticker 58:sticker -:sticker +:sticker -:sticker =:sticker
EXPR: 0 | POS | INT | 1 | 2 | 78 | x=(20+(((26-20)-6)+58)) | x 20 26 20 - 6 - 58 + + = | x:sticker 20:sticker 26:sticker 20:sticker -:sticker 6:sticker -:sticker 58:sticker +:sticker +:sticker =:sticker
EXPR: 0 | POS | INT | 1 | 2 | 66 | x=((20-26)+((20-6)+58)) | x 20 26 - 20 6 - 58 + + = | x:sticker 20:sticker 26:sticker -:sticker 20:sticker 6:sticker -:sticker 58:sticker +:sticker +:sticker =:sticker
EXPR: 0 | POS | INT | 1 | 2 | 130 | x=(20+(26+((20+6)+58))) | x 20 26 20 6 + 58 + + + = | x:sticker 20:sticker 26:sticker 20:sticker 6:sticker +:sticker 58:sticker +:sticker +:sticker +:sticker =:sticker
EXPR: 0 | POS | INT | 10 | 2 | 78 | x=(20-(((20-26)+6)-58)) | x 20 20 26 - 6 + 58 - - = | x:sticker 20:sticker 20:sticker 26:sticker -:sticker 6:sticker +:sticker 58:sticker -:sticker -:sticker =:sticker
EXPR: 0 | POS | INT | 10 | 2 | 26 | x=((20-26)-(6+(20-58))) | x 20 26 - 6 20 58 - + - = | x:sticker 20:sticker 26:sticker -:sticker 6:sticker 20:sticker 58:sticker -:sticker +:sticker -:sticker =:sticker
EXPR: 0 | POS | INT | 10 | 2 | 90 | x=(26+(20-((20-6)-58))) | x 26 20 20 6 - 58 - - + = | x:sticker 26:sticker 20:sticker 20:sticker 6:sticker -:sticker 58:sticker -:sticker -:sticker +:sticker =:sticker
EXPR: 0 | POS | INT | 10 | 2 | 38 | x=(26-((20+(20+6))-58)) | x 26 20 20 6 + + 58 - - = | x:sticker 26:sticker 20:sticker 20:sticker 6:sticker +:sticker +:sticker 58:sticker -:sticker -:sticker =:sticker
EXPR: 0 | POS | INT | 10 | 2 | 78 | x=(26-(20-((20-6)+58))) | x 26 20 20 6 - 58 + - - = | x:sticker 26:sticker 20:sticker 20:sticker 6:sticker -:sticker 58:sticker +:sticker -:sticker -:sticker =:sticker
EXPR: 0 | POS | INT | 10 | 2 | 66 | x=((20-26)+(20+(58-6))) | x 20 26 - 20 58 6 - + + = | x:sticker 20:sticker 26:sticker -:sticker 20:sticker 58:sticker 6:sticker -:sticker +:sticker +:sticker =:sticker
EXPR: 0 | POS | INT | 10 | 2 | 38 | x=(26-(20+((20+6)-58))) | x 26 20 20 6 + 58 - + - = | x:sticker 26:sticker 20:sticker 20:sticker 6:sticker +:sticker 58:sticker -:sticker +:sticker -:sticker =:sticker
EXPR: 0 | POS | INT | 10 | 2 | 78 | x=(26+((20-(20+6))+58)) | x 26 20 20 6 + - 58 + + = | x:sticker 26:sticker 20:sticker 20:sticker 6:sticker +:sticker -:sticker 58:sticker +:sticker +:sticker =:sticker
EXPR: 1 | POS | INT | 10 | 2 | 2 | x=(((20+26)-6)+(20-58)) | x 20 26 + 6 - 20 58 - + = | x:sticker 20:sticker 26:sticker +:sticker 6:sticker -:sticker 20:sticker 58:sticker -:sticker +:sticker =:sticker
EXPR: 0 | POS | INT | 10 | 2 | 50 | x=(26-(20+((20-6)-58))) | x 26 20 20 6 - 58 - + - = | x:sticker 26:sticker 20:sticker 20:sticker 6:sticker -:sticker 58:sticker -:sticker +:sticker -:sticker =:sticker
EXPR: 0 | POS | INT | 10 | 2 | 78 | x=((26-20)+(20-(6-58))) | x 26 20 - 20 6 58 - - + = | x:sticker 26:sticker 20:sticker -:sticker 20:sticker 6:sticker 58:sticker -:sticker -:sticker +:sticker =:sticker
EXPR: 0 | POS | INT | 10 | 2 | 50 | x=(((26-20)-20)+(6+58)) | x 26 20 - 20 - 6 58 + + = | x:sticker 26:sticker 20:sticker -:sticker 20:sticker -:sticker 6:sticker 58:sticker +:sticker +:sticker =:sticker
EXPR: 0 | POS | INT | 10 | 2 | 118 | x=((20+26)+(20+(58-6))) | x 20 26 + 20 58 6 - + + = | x:sticker 20:sticker 26:sticker +:sticker 20:sticker 58:sticker 6:sticker -:sticker +:sticker +:sticker =:sticker
EXPR: 1 | POS | INT | 10 | 2 | 2 | x=(26+(((20+20)-6)-58)) | x 26 20 20 + 6 - 58 - + = | x:sticker 26:sticker 20:sticker 20:sticker +:sticker 6:sticker -:sticker 58:sticker -:sticker +:sticker =:sticker
EXPR: 1 | POS | INT | 10 | 2 | 2 | x=(20+(((26+20)-58)-6)) | x 20 26 20 + 58 - 6 - + = | x:sticker 20:sticker 26:sticker 20:sticker +:sticker 58:sticker -:sticker 6:sticker -:sticker +:sticker =:sticker
EXPR: 0 | POS | INT | 10 | 2 | 90 | x=(((26-20)+20)+(6+58)) | x 26 20 - 20 + 6 58 + + = | x:sticker 26:sticker 20:sticker -:sticker 20:sticker +:sticker 6:sticker 58:sticker +:sticker +:sticker =:sticker
EXPR: 0 | POS | INT | 10 | 2 | 118 | x=(26+((20+20)-(6-58))) | x 26 20 20 + 6 58 - - + = | x:sticker 26:sticker 20:sticker 20:sticker +:sticker 6:sticker 58:sticker -:sticker -:sticker +:sticker =:sticker
EXPR: 0 | POS | INT | 10 | 2 | 130 | x=(26+((20+(20+6))+58)) | x 26 20 20 6 + + 58 + + = | x:sticker 26:sticker 20:sticker 20:sticker 6:sticker +:sticker +:sticker 58:sticker +:sticker +:sticker =:sticker
EXPR: 0 | POS | INT | 10 | 2 | 14 | x=(26+((20+(20+6))-58)) | x 26 20 20 6 + + 58 - + = | x:sticker 26:sticker 20:sticker 20:sticker 6:sticker +:sticker +:sticker 58:sticker -:sticker +:sticker =:sticker
EXPR: 0 | POS | INT | 10 | 2 | 90 | x=(26+(((20-20)+6)+58)) | x 26 20 20 - 6 + 58 + + = | x:sticker 26:sticker 20:sticker 20:sticker -:sticker 6:sticker +:sticker 58:sticker +:sticker +:sticker =:sticker
EXPR: 0 | POS | INT | 10 | 2 | 26 | x=((20-((26+20)-58))-6) | x 20 26 20 + 58 - - 6 - = | x:sticker 20:sticker 26:sticker 20:sticker +:sticker 58:sticker -:sticker -:sticker 6:sticker -:sticker =:sticker
EXPR: 0 | POS | INT | 10 | 2 | 78 | x=((26-20)+((20-6)+58)) | x 26 20 - 20 6 - 58 + + = | x:sticker 26:sticker 20:sticker -:sticker 20:sticker 6:sticker -:sticker 58:sticker +:sticker +:sticker =:sticker
EXPR: 0 | POS | INT | 10 | 2 | 118 | x=(26+(((20+20)-6)+58)) | x 26 20 20 + 6 - 58 + + = | x:sticker 26:sticker 20:sticker 20:sticker +:sticker 6:sticker -:sticker 58:sticker +:sticker +:sticker =:sticker
EXPR: 0 | POS | INT | 10 | 2 | 14 | x=(20+(((26+20)-58)+6)) | x 20 26 20 + 58 - 6 + + = | x:sticker 20:sticker 26:sticker 20:sticker +:sticker 58:sticker -:sticker 6:sticker +:sticker +:sticker =:sticker
EXPR: 0 | POS | INT | 10 | 2 | 38 | x=(26-((20+20)+(6-58))) | x 26 20 20 + 6 58 - + - = | x:sticker 26:sticker 20:sticker 20:sticker +:sticker 6:sticker 58:sticker -:sticker +:sticker -:sticker =:sticker
EXPR: 1 | POS | INT | 10 | 2 | 2 | x=(26+((20+(20-6))-58)) | x 26 20 20 6 - + 58 - + = | x:sticker 26:sticker 20:sticker 20:sticker 6:sticker -:sticker +:sticker 58:sticker -:sticker +:sticker =:sticker
EXPR: 0 | POS | INT | 10 | 2 | 78 | x=(26+(((20-20)-6)+58)) | x 26 20 20 - 6 - 58 + + = | x:sticker 26:sticker 20:sticker 20:sticker -:sticker 6:sticker -:sticker 58:sticker +:sticker +:sticker =:sticker
EXPR: 0 | POS | INT | 10 | 2 | 130 | x=(26+(20+((20+6)+58))) | x 26 20 20 6 + 58 + + + = | x:sticker 26:sticker 20:sticker 20:sticker 6:sticker +:sticker 58:sticker +:sticker +:sticker +:sticker =:sticker
EXPR: 0 | POS | INT | 11 | 2 | 78 | x=(20-(((20-26)+6)-58)) | x 20 20 26 - 6 + 58 - - = | x:sticker 20:sticker 20:sticker 26:sticker -:sticker 6:sticker +:sticker 58:sticker -:sticker -:sticker =:sticker
EXPR: 0 | POS | INT | 11 | 2 | 26 | x=((20-26)-(6+(20-58))) | x 20 26 - 6 20 58 - + - = | x:sticker 20:sticker 26:sticker -:sticker 6:sticker 20:sticker 58:sticker -:sticker +:sticker -:sticker =:sticker
EXPR: 0 | POS | INT | 11 | 2 | 78 | x=(26+((20-(20+6))+58)) | x 26 20 20 6 + - 58 + + = | x:sticker 26:sticker 20:sticker 20:sticker 6:sticker +:sticker -:sticker 58:sticker +:sticker +:sticker =:sticker
EXPR: 1 | POS | INT | 11 | 2 | 2 | x=(((20+26)-6)+(20-58)) | x 20 26 + 6 - 20 58 - + = | x:sticker 20:sticker 26:sticker +:sticker 6:sticker -:sticker 20:sticker 58:sticker -:sticker +:sticker =:sticker
EXPR: 0 | POS | INT | 11 | 2 | 50 | x=(((26-20)-20)+(6+58)) | x 26 20 - 20 - 6 58 + + = | x:sticker 26:sticker 20:sticker -:sticker 20:sticker -:sticker 6:sticker 58:sticker +:sticker +:sticker =:sticker
EXPR: 0 | POS | INT | 11 | 2 | 118 | x=((20+26)+(20+(58-6))) | x 20 26 + 20 58 6 - + + = | x:sticker 20:sticker 26:sticker +:sticker 20:sticker 58:sticker 6:sticker -:sticker +:sticker +:sticker =:sticker
EXPR: 0 | POS | INT | 11 | 2 | 90 | x=(((26-20)+20)+(6+58)) | x 26 20 - 20 + 6 58 + + = | x:sticker 26:sticker 20:sticker -:sticker 20:sticker +:sticker 6:sticker 58:sticker +:sticker +:sticker =:sticker
EXPR: 0 | POS | INT | 11 | 2 | 130 | x=(26+((20+(20+6))+58)) | x 26 20 20 6 + + 58 + + = | x:sticker 26:sticker 20:sticker 20:sticker 6:sticker +:sticker +:sticker 58:sticker +:sticker +:sticker =:sticker
EXPR: 0 | POS | INT | 11 | 2 | 78 | x=((26-20)+((20-6)+58)) | x 26 20 - 20 6 - 58 + + = | x:sticker 26:sticker 20:sticker -:sticker 20:sticker 6:sticker -:sticker 58:sticker +:sticker +:sticker =:sticker
EXPR: 0 | POS | INT | 11 | 2 | 26 | x=((20-((26+20)-58))-6) | x 20 26 20 + 58 - - 6 - = | x:sticker 20:sticker 26:sticker 20:sticker +:sticker 58:sticker -:sticker -:sticker 6:sticker -:sticker =:sticker
EXPR: 0 | POS | INT | 12 | 2 | 78 | 20=((((20-26)+x)+6)-58) | 20 20 26 - x + 6 + 58 - = | 20:sticker 20:sticker 26:sticker -:sticker x:sticker +:sticker 6:sticker +:sticker 58:sticker -:sticker =:sticker
EXPR: 0 | POS | INT | 15 | 2 | 118 | x=(20+((20+(26-6))+58)) | x 20 20 26 6 - + 58 + + = | x:sticker 20:sticker 20:sticker 26:sticker 6:sticker -:sticker +:sticker 58:sticker +:sticker +:sticker =:sticker
EXPR: 0 | POS | INT | 15 | 2 | 78 | x=(20+(20-((26-6)-58))) | x 20 20 26 6 - 58 - - + = | x:sticker 20:sticker 20:sticker 26:sticker 6:sticker -:sticker 58:sticker -:sticker -:sticker +:sticker =:sticker
EXPR: 0 | POS | INT | 15 | 2 | 78 | x=(20-(20-((26-6)+58))) | x 20 20 26 6 - 58 + - - = | x:sticker 20:sticker 20:sticker 26:sticker 6:sticker -:sticker 58:sticker +:sticker -:sticker -:sticker =:sticker
EXPR: 0 | POS | INT | 15 | 2 | 38 | x=(20-(20+((26-6)-58))) | x 20 20 26 6 - 58 - + - = | x:sticker 20:sticker 20:sticker 26:sticker 6:sticker -:sticker 58:sticker -:sticker +:sticker -:sticker =:sticker
EXPR: 0 | POS | INT | 15 | 2 | 118 | x=(20+((20+26)-(6-58))) | x 20 20 26 + 6 58 - - + = | x:sticker 20:sticker 20:sticker 26:sticker +:sticker 6:sticker 58:sticker -:sticker -:sticker +:sticker =:sticker
EXPR: 0 | POS | INT | 15 | 2 | 130 | x=(((20+(20+26))+6)+58) | x 20 20 26 + + 6 + 58 + = | x:sticker 20:sticker 20:sticker 26:sticker +:sticker +:sticker 6:sticker +:sticker 58:sticker +:sticker =:sticker
EXPR: 0 | POS | INT | 15 | 2 | 14 | x=(((20+(20+26))+6)-58) | x 20 20 26 + + 6 + 58 - = | x:sticker 20:sticker 20:sticker 26:sticker +:sticker +:sticker 6:sticker +:sticker 58:sticker -:sticker =:sticker
EXPR: 0 | POS | INT | 15 | 2 | 26 | x=(20-(20+((26+6)-58))) | x 20 20 26 6 + 58 - + - = | x:sticker 20:sticker 20:sticker 26:sticker 6:sticker +:sticker 58:sticker -:sticker +:sticker -:sticker =:sticker
EXPR: 0 | POS | INT | 15 | 2 | 130 | x=(20+(20+((26+6)+58))) | x 20 20 26 6 + 58 + + + = | x:sticker 20:sticker 20:sticker 26:sticker 6:sticker +:sticker 58:sticker +:sticker +:sticker +:sticker =:sticker
EXPR: 0 | POS | INT | 16 | 2 | 118 | x=(20+((20+(26-6))+58)) | x 20 20 26 6 - + 58 + + = | x:sticker 20:sticker 20:sticker 26:sticker 6:sticker -:sticker +:sticker 58:sticker +:sticker +:sticker =:sticker
EXPR: 0 | POS | INT | 16 | 2 | 118 | x=(20+((20+26)-(6-58))) | x 20 20 26 + 6 58 - - + = | x:sticker 20:sticker 20:sticker 26:sticker +:sticker 6:sticker 58:sticker -:sticker -:sticker +:sticker =:sticker
EXPR: 0 | POS | INT | 16 | 2 | 130 | x=(((20+(20+26))+6)+58) | x 20 20 26 + + 6 + 58 + = | x:sticker 20:sticker 20:sticker 26:sticker +:sticker +:sticker 6:sticker +:sticker 58:sticker +:sticker =:sticker
EXPR: 0 | POS | INT | 17 | 2 | 90 | 20=((26+(58+(20-x)))+6) | 20 26 58 20 x - + + 6 + = | 20:sticker 26:sticker 58:sticker 20:sticker x:sticker -:sticker +:sticker +:sticker 6:sticker +:sticker =:sticker
EXPR: 0 | POS | INT | 20 | 2 | 78 | x=(6+(20-((26-20)-58))) | x 6 20 26 20 - 58 - - + = | x:sticker 6:sticker 20:sticker 26:sticker 20:sticker -:sticker 58:sticker -:sticker -:sticker +:sticker =:sticker
EXPR: 0 | POS | INT | 20 | 2 | 50 | x=(6-(20-((26-20)+58))) | x 6 20 26 20 - 58 + - - = | x:sticker 6:sticker 20:sticker 26:sticker 20:sticker -:sticker 58:sticker +:sticker -:sticker -:sticker =:sticker
EXPR: 0 | POS | INT | 20 | 2 | 38 | x=(6-(20+((26-20)-58))) | x 6 20 26 20 - 58 - + - = | x:sticker 6:sticker 20:sticker 26:sticker 20:sticker -:sticker 58:sticker -:sticker +:sticker -:sticker =:sticker
EXPR: 0 | POS | INT | 20 | 2 | 130 | x=(((6+(20+26))+20)+58) | x 6 20 26 + + 20 + 58 + = | x:sticker 6:sticker 20:sticker 26:sticker +:sticker +:sticker 20:sticker +:sticker 58:sticker +:sticker =:sticker
EXPR: 0 | POS | INT | 20 | 2 | 90 | x=(6-(20-(26+(20+58)))) | x 6 20 26 20 58 + + - - = | x:sticker 6:sticker 20:sticker 26:sticker 20:sticker 58:sticker +:sticker +:sticker -:sticker -:sticker =:sticker
EXPR: 0 | POS | INT | 20 | 2 | 130 | x=(6+(20+((26+20)+58))) | x 6 20 26 20 + 58 + + + = | x:sticker 6:sticker 20:sticker 26:sticker 20:sticker +:sticker 58:sticker +:sticker +:sticker +:sticker =:sticker
EXPR: 0 | POS | INT | 21 | 2 | 90 | x=(6-(20-(26+(20+58)))) | x 6 20 26 20 58 + + - - = | x:sticker 6:sticker 20:sticker 26:sticker 20:sticker 58:sticker +:sticker +:sticker -:sticker -:sticker =:sticker
EXPR: 0 | POS | INT | 22 | 2 | 78 | 6=((20+26)-(x+(20-58))) | 6 20 26 + x 20 58 - + - = | 6:sticker 20:sticker 26:sticker +:sticker x:sticker 20:sticker 58:sticker -:sticker +:sticker -:sticker =:sticker
EXPR: 1 | POS | INT | 22 | 2 | 2 | 6=((20+26)-(x-(20-58))) | 6 20 26 + x 20 58 - - - = | 6:sticker 20:sticker 26:sticker +:sticker x:sticker 20:sticker 58:sticker -:sticker -:sticker -:sticker =:sticker
EXPR: 0 | POS | INT | 22 | 2 | 38 | 6=((20+26)-(20+(58-x))) | 6 20 26 + 20 58 x - + - = | 6:sticker 20:sticker 26:sticker +:sticker 20:sticker 58:sticker x:sticker -:sticker +:sticker -:sticker =:sticker
EXPR: 1 | POS | INT | 22 | 2 | 2 | 6=(((20-x)+(26+20))-58) | 6 20 x - 26 20 + + 58 - = | 6:sticker 20:sticker x:sticker -:sticker 26:sticker 20:sticker +:sticker +:sticker 58:sticker -:sticker =:sticker
EXPR: 0 | POS | INT | 22 | 2 | 78 | 6=((20-((x-26)+20))+58) | 6 20 x 26 - 20 + - 58 + = | 6:sticker 20:sticker x:sticker 26:sticker -:sticker 20:sticker +:sticker -:sticker 58:sticker +:sticker =:sticker
EXPR: 0 | POS | INT | 25 | 2 | 78 | x=((58+((20+26)-20))-6) | x 58 20 26 + 20 - + 6 - = | x:sticker 58:sticker 20:sticker 26:sticker +:sticker 20:sticker -:sticker +:sticker 6:sticker -:sticker =:sticker
EXPR: 0 | POS | INT | 25 | 2 | 90 | x=(58+((20+26)-(20-6))) | x 58 20 26 + 20 6 - - + = | x:sticker 58:sticker 20:sticker 26:sticker +:sticker 20:sticker 6:sticker -:sticker -:sticker +:sticker =:sticker
EXPR: 0 | POS | INT | 25 | 2 | 38 | x=((20-26)-(20-(6+58))) | x 20 26 - 20 6 58 + - - = | x:sticker 20:sticker 26:sticker -:sticker 20:sticker 6:sticker 58:sticker +:sticker -:sticker -:sticker =:sticker
EXPR: 0 | POS | INT | 25 | 2 | 38 | x=(20-((26+(20-6))-58)) | x 20 26 20 6 - + 58 - - = | x:sticker 20:sticker 26:sticker 20:sticker 6:sticker -:sticker +:sticker 58:sticker -:sticker -:sticker =:sticker
EXPR: 0 | POS | INT | 25 | 2 | 26 | x=((((20-26)-20)-6)+58) | x 20 26 - 20 - 6 - 58 + = | x:sticker 20:sticker 26:sticker -:sticker 20:sticker -:sticker 6:sticker -:sticker 58:sticker +:sticker =:sticker
EXPR: 0 | POS | INT | 25 | 2 | 66 | x=(20-(26-((20-6)+58))) | x 20 26 20 6 - 58 + - - = | x:sticker 20:sticker 26:sticker 20:sticker 6:sticker -:sticker 58:sticker +:sticker -:sticker -:sticker =:sticker
EXPR: 0 | POS | INT | 25 | 2 | 78 | x=(20+((6+(20-26))+58)) | x 20 6 20 26 - + 58 + + = | x:sticker 20:sticker 6:sticker 20:sticker 26:sticker -:sticker +:sticker 58:sticker +:sticker +:sticker =:sticker
EXPR: 0 | POS | INT | 25 | 2 | 66 | x=((20-((26-58)+6))+20) | x 20 26 58 - 6 + - 20 + = | x:sticker 20:sticker 26:sticker 58:sticker -:sticker 6:sticker +:sticker -:sticker 20:sticker +:sticker =:sticker
EXPR: 0 | POS | INT | 25 | 2 | 26 | x=(20-(26+((20+6)-58))) | x 20 26 20 6 + 58 - + - = | x:sticker 20:sticker 26:sticker 20:sticker 6:sticker +:sticker 58:sticker -:sticker +:sticker -:sticker =:sticker
EXPR: 1 | POS | INT | 25 | 2 | 2 | x=(((20+20)-6)+(26-58)) | x 20 20 + 6 - 26 58 - + = | x:sticker 20:sticker 20:sticker +:sticker 6:sticker -:sticker 26:sticker 58:sticker -:sticker +:sticker =:sticker
EXPR: 0 | POS | INT | 25 | 2 | 78 | x=(20-((6+(20-26))-58)) | x 20 6 20 26 - + 58 - - = | x:sticker 20:sticker 6:sticker 20:sticker 26:sticker -:sticker +:sticker 58:sticker -:sticker -:sticker =:sticker
EXPR: 0 | POS | INT | 25 | 2 | 14 | x=(20+((26+6)-(58-20))) | x 20 26 6 + 58 20 - - + = | x:sticker 20:sticker 26:sticker 6:sticker +:sticker 58:sticker 20:sticker -:sticker -:sticker +:sticker =:sticker
EXPR: 0 | POS | INT | 25 | 2 | 78 | x=(((58+(20+26))-20)-6) | x 58 20 26 + + 20 - 6 - = | x:sticker 58:sticker 20:sticker 26:sticker +:sticker +:sticker 20:sticker -:sticker 6:sticker -:sticker =:sticker
EXPR: 0 | POS | INT | 25 | 2 | 38 | x=(((20-(26-58))+6)-20) | x 20 26 58 - - 6 + 20 - = | x:sticker 20:sticker 26:sticker 58:sticker -:sticker -:sticker 6:sticker +:sticker 20:sticker -:sticker =:sticker
EXPR: 0 | POS | INT | 25 | 2 | 14 | x=((20+((26+6)-58))+20) | x 20 26 6 + 58 - + 20 + = | x:sticker 20:sticker 26:sticker 6:sticker +:sticker 58:sticker -:sticker +:sticker 20:sticker +:sticker =:sticker
EXPR: 0 | POS | INT | 26 | 2 | 90 | x=(58+((20+26)-(20-6))) | x 58 20 26 + 20 6 - - + = | x:sticker 58:sticker 20:sticker 26:sticker +:sticker 20:sticker 6:sticker -:sticker -:sticker +:sticker =:sticker
EXPR: 0 | POS | INT | 26 | 2 | 38 | x=((20-26)-(20-(6+58))) | x 20 26 - 20 6 58 + - - = | x:sticker 20:sticker 26:sticker -:sticker 20:sticker 6:sticker 58:sticker +:sticker -:sticker -:sticker =:sticker
EXPR: 0 | POS | INT | 26 | 2 | 38 | x=(20-((26+(20-6))-58)) | x 20 26 20 6 - + 58 - - = | x:sticker 20:sticker 26:sticker 20:sticker 6:sticker -:sticker +:sticker 58:sticker -:sticker -:sticker =:sticker
EXPR: 0 | POS | INT | 26 | 2 | 78 | x=(20+((6+(20-26))+58)) | x 20 6 20 26 - + 58 + + = | x:sticker 20:sticker 6:sticker 20:sticker 26:sticker -:sticker +:sticker 58:sticker +:sticker +:sticker =:sticker
EXPR: 0 | POS | INT | 26 | 2 | 66 | x=((20-((26-58)+6))+20) | x 20 26 58 - 6 + - 20 + = | x:sticker 20:sticker 26:sticker 58:sticker -:sticker 6:sticker +:sticker -:sticker 20:sticker +:sticker =:sticker
EXPR: 0 | POS | INT | 26 | 2 | 26 | x=(20-(26+((20+6)-58))) | x 20 26 20 6 + 58 - + - = | x:sticker 20:sticker 26:sticker 20:sticker 6:sticker +:sticker 58:sticker -:sticker +:sticker -:sticker =:sticker
EXPR: 0 | POS | INT | 26 | 2 | 78 | x=(20-((6+(20-26))-58)) | x 20 6 20 26 - + 58 - - = | x:sticker 20:sticker 6:sticker 20:sticker 26:sticker -:sticker +:sticker 58:sticker -:sticker -:sticker =:sticker
EXPR: 0 | POS | INT | 26 | 2 | 78 | x=(((58+(20+26))-20)-6) | x 58 20 26 + + 20 - 6 - = | x:sticker 58:sticker 20:sticker 26:sticker +:sticker +:sticker 20:sticker -:sticker 6:sticker -:sticker =:sticker
EXPR: 0 | POS | INT | 27 | 2 | 78 | (x-(((20+20)+6)-26))=58 | x 20 20 + 6 + 26 - - 58 = | x:sticker 20:sticker 20:sticker +:sticker 6:sticker +:sticker 26:sticker -:sticker -:sticker 58:sticker =:sticker
EXPR: 0 | POS | INT | 27 | 2 | 14 | 20=(x-((26+6)-(58-20))) | 20 x 26 6 + 58 20 - - - = | 20:sticker x:sticker 26:sticker 6:sticker +:sticker 58:sticker 20:sticker -:sticker -:sticker -:sticker =:sticker
EXPR: 1 | POS | INT | 27 | 2 | 2 | 58=((20+((26+20)-6))-x) | 58 20 26 20 + 6 - + x - = | 58:sticker 20:sticker 26:sticker 20:sticker +:sticker 6:sticker -:sticker +:sticker x:sticker -:sticker =:sticker
EXPR: 1 | POS | INT | 30 | 2 | 2 | x=(20-(((58-26)+6)-20)) | x 20 58 26 - 6 + 20 - - = | x:sticker 20:sticker 58:sticker 26:sticker -:sticker 6:sticker +:sticker 20:sticker -:sticker -:sticker =:sticker
EXPR: 0 | POS | INT | 30 | 2 | 78 | x=((6-(26-20))+(20+58)) | x 6 26 20 - - 20 58 + + = | x:sticker 6:sticker 26:sticker 20:sticker -:sticker -:sticker 20:sticker 58:sticker +:sticker +:sticker =:sticker
EXPR: 0 | POS | INT | 30 | 2 | 38 | x=(6-(20-((20-26)+58))) | x 6 20 20 26 - 58 + - - = | x:sticker 6:sticker 20:sticker 20:sticker 26:sticker -:sticker 58:sticker +:sticker -:sticker -:sticker =:sticker
EXPR: 0 | POS | INT | 30 | 2 | 78 | x=((20-6)+(26+(58-20))) | x 20 6 - 26 58 20 - + + = | x:sticker 20:sticker 6:sticker -:sticker 26:sticker 58:sticker 20:sticker -:sticker +:sticker +:sticker =:sticker
EXPR: 0 | POS | INT | 30 | 2 | 14 | x=(((26+6)+(20+20))-58) | x 26 6 + 20 20 + + 58 - = | x:sticker 26:sticker 6:sticker +:sticker 20:sticker 20:sticker +:sticker +:sticker 58:sticker -:sticker =:sticker
EXPR: 0 | POS | INT | 30 | 2 | 66 | x=(((20+58)-26)-(6-20)) | x 20 58 + 26 - 6 20 - - = | x:sticker 20:sticker 58:sticker +:sticker 26:sticker -:sticker 6:sticker 20:sticker -:sticker -:sticker =:sticker
EXPR: 0 | POS | INT | 31 | 2 | 78 | x=((6-(26-20))+(20+58)) | x 6 26 20 - - 20 58 + + = | x:sticker 6:sticker 26:sticker 20:sticker -:sticker -:sticker 20:sticker 58:sticker +:sticker +:sticker =:sticker
EXPR: 0 | POS | INT | 31 | 2 | 38 | x=(6-(20-((20-26)+58))) | x 6 20 20 26 - 58 + - - = | x:sticker 6:sticker 20:sticker 20:sticker 26:sticker -:sticker 58:sticker +:sticker -:sticker -:sticker =:sticker
EXPR: 0 | POS | INT | 32 | 2 | 14 | (x-6)=((20+(26+20))-58) | x 6 - 20 26 20 + + 58 - = | x:sticker 6:sticker -:sticker 20:sticker 26:sticker 20:sticker +:sticker +:sticker 58:sticker -:sticker =:sticker
EXPR: 0 | POS | INT | 32 | 2 | 38 | 6=(((26-(20+x))-20)+58) | 6 26 20 x + - 20 - 58 + = | 6:sticker 26:sticker 20:sticker x:sticker +:sticker -:sticker 20:sticker -:sticker 58:sticker +:sticker =:sticker
EXPR: 0 | POS | INT | 32 | 2 | 26 | 6=(((20-(x+20))-26)+58) | 6 20 x 20 + - 26 - 58 + = | 6:sticker 20:sticker x:sticker 20:sticker +:sticker -:sticker 26:sticker -:sticker 58:sticker +:sticker =:sticker
EXPR: 1 | POS | INT | 35 | 2 | 2 | x=(20-((58+(6-26))-20)) | x 20 58 6 26 - + 20 - - = | x:sticker 20:sticker 58:sticker 6:sticker 26:sticker -:sticker +:sticker 20:sticker -:sticker -:sticker =:sticker
EXPR: 0 | POS | INT | 35 | 2 | 90 | x=(((26-(20-20))+58)+6) | x 26 20 20 - - 58 + 6 + = | x:sticker 26:sticker 20:sticker 20:sticker -:sticker -:sticker 58:sticker +:sticker 6:sticker +:sticker =:sticker
EXPR: 0 | POS | INT | 35 | 2 | 66 | x=((20-(26-20))+(58-6)) | x 20 26 20 - - 58 6 - + = | x:sticker 20:sticker 26:sticker 20:sticker -:sticker -:sticker 58:sticker 6:sticker -:sticker +:sticker =:sticker
EXPR: 0 | POS | INT | 35 | 2 | 90 | x=((6-(20-20))+(26+58)) | x 6 20 20 - - 26 58 + + = | x:sticker 6:sticker 20:sticker 20:sticker -:sticker -:sticker 26:sticker 58:sticker +:sticker +:sticker =:sticker
EXPR: 0 | POS | INT | 35 | 2 | 66 | x=(58+((20+(20-26))-6)) | x 58 20 20 26 - + 6 - + = | x:sticker 58:sticker 20:sticker 20:sticker 26:sticker -:sticker +:sticker 6:sticker -:sticker +:sticker =:sticker
EXPR: 0 | POS | INT | 35 | 2 | 50 | x=(58-(20-(26+(6-20)))) | x 58 20 26 6 20 - + - - = | x:sticker 58:sticker 20:sticker 26:sticker 6:sticker 20:sticker -:sticker +:sticker -:sticker -:sticker =:sticker
EXPR: 0 | POS | INT | 35 | 2 | 50 | x=((26-(20-(6+58)))-20) | x 26 20 6 58 + - - 20 - = | x:sticker 26:sticker 20:sticker 6:sticker 58:sticker +:sticker -:sticker -:sticker 20:sticker -:sticker =:sticker
EXPR: 0 | POS | INT | 36 | 2 | 66 | x=((20-(26-20))+(58-6)) | x 20 26 20 - - 58 6 - + = | x:sticker 20:sticker 26:sticker 20:sticker -:sticker -:sticker 58:sticker 6:sticker -:sticker +:sticker =:sticker
EXPR: 0 | POS | INT | 37 | 2 | 26 | 20=(((58-(x+6))-26)+20) | 20 58 x 6 + - 26 - 20 + = | 20:sticker 58:sticker x:sticker 6:sticker +:sticker -:sticker 26:sticker -:sticker 20:sticker +:sticker =:sticker
EXPR: 0 | POS | INT | 37 | 2 | 50 | 58=(((20-26)-6)+(20+x)) | 58 20 26 - 6 - 20 x + + = | 58:sticker 20:sticker 26:sticker -:sticker 6:sticker -:sticker 20:sticker x:sticker +:sticker +:sticker =:sticker
EXPR: 0 | POS | INT | 37 | 2 | 78 | 58=((20-26)+(x+(6-20))) | 58 20 26 - x 6 20 - + + = | 58:sticker 20:sticker 26:sticker -:sticker x:sticker 6:sticker 20:sticker -:sticker +:sticker +:sticker =:sticker
EXPR: 0 | POS | INT | 37 | 2 | 90 | ((x-(20+26))-6)=(58-20) | x 20 26 + - 6 - 58 20 - = | x:sticker 20:sticker 26:sticker +:sticker -:sticker 6:sticker -:sticker 58:sticker 20:sticker -:sticker =:sticker
EXPR: 0 | POS | INT | 37 | 2 | 14 | (58-(20+((26-x)+6)))=20 | 58 20 26 x - 6 + + - 20 = | 58:sticker 20:sticker 26:sticker x:sticker -:sticker 6:sticker +:sticker +:sticker -:sticker 20:sticker =:sticker
EXPR: 0 | POS | INT | 37 | 2 | 26 | 58=(((20-20)+(26+6))+x) | 58 20 20 - 26 6 + + x + = | 58:sticker 20:sticker 20:sticker -:sticker 26:sticker 6:sticker +:sticker +:sticker x:sticker +:sticker =:sticker
EXPR: 1 | POS | INT | 37 | 2 | 2 | 58=((20-((x-26)+6))+20) | 58 20 x 26 - 6 + - 20 + = | 58:sticker 20:sticker x:sticker 26:sticker -:sticker 6:sticker +:sticker -:sticker 20:sticker +:sticker =:sticker
EXPR: 0 | POS | INT | 37 | 2 | 78 | (6+(x+((20-26)-58)))=20 | 6 x 20 26 - 58 - + + 20 = | 6:sticker x:sticker 20:sticker 26:sticker -:sticker 58:sticker -:sticker +:sticker +:sticker 20:sticker =:sticker
EXPR: 0 | POS | INT | 40 | 2 | 38 | x=((58+(20+(6-26)))-20) | x 58 20 6 26 - + + 20 - = | x:sticker 58:sticker 20:sticker 6:sticker 26:sticker -:sticker +:sticker +:sticker 20:sticker -:sticker =:sticker
EXPR: 0 | POS | INT | 41 | 2 | 38 | x=((58+(20+(6-26)))-20) | x 58 20 6 26 - + + 20 - = | x:sticker 58:sticker 20:sticker 6:sticker 26:sticker -:sticker +:sticker +:sticker 20:sticker -:sticker =:sticker
EXPR: 0 | POS | INT | 42 | 2 | 38 | (x-20)=((6-26)+(58-20)) | x 20 - 6 26 - 58 20 - + = | x:sticker 20:sticker -:sticker 6:sticker 26:sticker -:sticker 58:sticker 20:sticker -:sticker +:sticker =:sticker
EXPR: 0 | POS | INT | 42 | 2 | 38 | 58=((x+20)-((20-26)+6)) | 58 x 20 + 20 26 - 6 + - = | 58:sticker x:sticker 20:sticker +:sticker 20:sticker 26:sticker -:sticker 6:sticker +:sticker -:sticker =:sticker
EXPR: 0 | POS | INT | 42 | 2 | 130 | 58=((x-20)-(6+(26+20))) | 58 x 20 - 6 26 20 + + - = | 58:sticker x:sticker 20:sticker -:sticker 6:sticker 26:sticker 20:sticker +:sticker +:sticker -:sticker =:sticker
EXPR: 0 | POS | INT | 42 | 2 | 78 | 58=((20+((6-26)-20))+x) | 58 20 6 26 - 20 - + x + = | 58:sticker 20:sticker 6:sticker 26:sticker -:sticker 20:sticker -:sticker +:sticker x:sticker +:sticker =:sticker
EXPR: 0 | POS | INT | 42 | 2 | 90 | 6=(((20-58)+x)-(26+20)) | 6 20 58 - x + 26 20 + - = | 6:sticker 20:sticker 58:sticker -:sticker x:sticker +:sticker 26:sticker 20:sticker +:sticker -:sticker =:sticker
EXPR: 1 | POS | INT | 45 | 2 | 2 | x=(20-(((6-20)+58)-26)) | x 20 6 20 - 58 + 26 - - = | x:sticker 20:sticker 6:sticker 20:sticker -:sticker 58:sticker +:sticker 26:sticker -:sticker -:sticker =:sticker
EXPR: 0 | POS | INT | 45 | 2 | 38 | x=((6-(26-20))+(58-20)) | x 6 26 20 - - 58 20 - + = | x:sticker 6:sticker 26:sticker 20:sticker -:sticker -:sticker 58:sticker 20:sticker -:sticker +:sticker =:sticker
EXPR: 0 | POS | INT | 45 | 2 | 78 | x=((58+(6+(20-26)))+20) | x 58 6 20 26 - + + 20 + = | x:sticker 58:sticker 6:sticker 20:sticker 26:sticker -:sticker +:sticker +:sticker 20:sticker +:sticker =:sticker
EXPR: 0 | POS | INT | 45 | 2 | 78 | x=((20-((20-58)+6))+26) | x 20 20 58 - 6 + - 26 + = | x:sticker 20:sticker 20:sticker 58:sticker -:sticker 6:sticker +:sticker -:sticker 26:sticker +:sticker =:sticker
EXPR: 1 | POS | INT | 45 | 2 | 2 | x=(((26+20)-6)+(20-58)) | x 26 20 + 6 - 20 58 - + = | x:sticker 26:sticker 20:sticker +:sticker 6:sticker -:sticker 20:sticker 58:sticker -:sticker +:sticker =:sticker
EXPR: 0 | POS | INT | 45 | 2 | 78 | x=(26-((6+(20-20))-58)) | x 26 6 20 20 - + 58 - - = | x:sticker 26:sticker 6:sticker 20:sticker 20:sticker -:sticker +:sticker 58:sticker -:sticker -:sticker =:sticker
EXPR: 0 | POS | INT | 45 | 2 | 66 | x=(((20-26)-6)+(20+58)) | x 20 26 - 6 - 20 58 + + = | x:sticker 20:sticker 26:sticker -:sticker 6:sticker -:sticker 20:sticker 58:sticker +:sticker +:sticker =:sticker
EXPR: 0 | POS | INT | 45 | 2 | 66 | x=((20-6)+(20+(58-26))) | x 20 6 - 20 58 26 - + + = | x:sticker 20:sticker 6:sticker -:sticker 20:sticker 58:sticker 26:sticker -:sticker +:sticker +:sticker =:sticker
EXPR: 0 | POS | INT | 45 | 2 | 78 | x=((20+6)+(20+(58-26))) | x 20 6 + 20 58 26 - + + = | x:sticker 20:sticker 6:sticker +:sticker 20:sticker 58:sticker 26:sticker -:sticker +:sticker +:sticker =:sticker
EXPR: 0 | POS | INT | 45 | 2 | 38 | x=((20+6)-(20-(58-26))) | x 20 6 + 20 58 26 - - - = | x:sticker 20:sticker 6:sticker +:sticker 20:sticker 58:sticker 26:sticker -:sticker -:sticker -:sticker =:sticker
EXPR: 1 | POS | INT | 45 | 2 | 2 | x=((20-6)+(20-(58-26))) | x 20 6 - 20 58 26 - - + = | x:sticker 20:sticker 6:sticker -:sticker 20:sticker 58:sticker 26:sticker -:sticker -:sticker +:sticker =:sticker
EXPR: 0 | POS | INT | 46 | 2 | 78 | x=((58+(6+(20-26)))+20) | x 58 6 20 26 - + + 20 + = | x:sticker 58:sticker 6:sticker 20:sticker 26:sticker -:sticker +:sticker +:sticker 20:sticker +:sticker =:sticker
EXPR: 0 | POS | INT | 46 | 2 | 66 | x=(((20-26)-6)+(20+58)) | x 20 26 - 6 - 20 58 + + = | x:sticker 20:sticker 26:sticker -:sticker 6:sticker -:sticker 20:sticker 58:sticker +:sticker +:sticker =:sticker
EXPR: 0 | POS | INT | 46 | 2 | 38 | x=((20+6)-(20-(58-26))) | x 20 6 + 20 58 26 - - - = | x:sticker 20:sticker 6:sticker +:sticker 20:sticker 58:sticker 26:sticker -:sticker -:sticker -:sticker =:sticker
EXPR: 1 | POS | INT | 46 | 2 | 2 | x=((20-6)+(20-(58-26))) | x 20 6 - 20 58 26 - - + = | x:sticker 20:sticker 6:sticker -:sticker 20:sticker 58:sticker 26:sticker -:sticker -:sticker +:sticker =:sticker
EXPR: 0 | POS | INT | 47 | 2 | 78 | 26=((((6-20)+x)+20)-58) | 26 6 20 - x + 20 + 58 - = | 26:sticker 6:sticker 20:sticker -:sticker x:sticker +:sticker 20:sticker +:sticker 58:sticker -:sticker =:sticker
EXPR: 1 | POS | INT | 47 | 2 | 2 | (58-(26+((20-x)-6)))=20 | 58 26 20 x - 6 - + - 20 = | 58:sticker 26:sticker 20:sticker x:sticker -:sticker 6:sticker -:sticker +:sticker -:sticker 20:sticker =:sticker
EXPR: 0 | POS | INT | 47 | 2 | 38 | 26=(6-((20-58)+(x-20))) | 26 6 20 58 - x 20 - + - = | 26:sticker 6:sticker 20:sticker 58:sticker -:sticker x:sticker 20:sticker -:sticker +:sticker -:sticker =:sticker
EXPR: 0 | POS | INT | 47 | 2 | 38 | 20=((6-(x-58))+(20-26)) | 20 6 x 58 - - 20 26 - + = | 20:sticker 6:sticker x:sticker 58:sticker -:sticker -:sticker 20:sticker 26:sticker -:sticker +:sticker =:sticker
EXPR: 0 | POS | INT | 47 | 2 | 78 | (x-(58+((26-20)-6)))=20 | x 58 26 20 - 6 - + - 20 = | x:sticker 58:sticker 26:sticker 20:sticker -:sticker 6:sticker -:sticker +:sticker -:sticker 20:sticker =:sticker
EXPR: 0 | POS | INT | 47 | 2 | 118 | 58=(((6-(20+26))-20)+x) | 58 6 20 26 + - 20 - x + = | 58:sticker 6:sticker 20:sticker 26:sticker +:sticker -:sticker 20:sticker -:sticker x:sticker +:sticker =:sticker
EXPR: 0 | POS | INT | 47 | 2 | 38 | 6=(26+((20-(58-x))-20)) | 6 26 20 58 x - - 20 - + = | 6:sticker 26:sticker 20:sticker 58:sticker x:sticker -:sticker -:sticker 20:sticker -:sticker +:sticker =:sticker
EXPR: 0 | POS | INT | 47 | 2 | 78 | 6=((26+((x-20)-20))-58) | 6 26 x 20 - 20 - + 58 - = | 6:sticker 26:sticker x:sticker 20:sticker -:sticker 20:sticker -:sticker +:sticker 58:sticker -:sticker =:sticker
EXPR: 0 | POS | INT | 47 | 2 | 130 | 58=((x-26)-((20+6)+20)) | 58 x 26 - 20 6 + 20 + - = | 58:sticker x:sticker 26:sticker -:sticker 20:sticker 6:sticker +:sticker 20:sticker +:sticker -:sticker =:sticker
EXPR: 0 | POS | INT | 50 | 2 | 26 | x=(58-((20-(20-6))+26)) | x 58 20 20 6 - - 26 + - = | x:sticker 58:sticker 20:sticker 20:sticker 6:sticker -:sticker -:sticker 26:sticker +:sticker -:sticker =:sticker
EXPR: 0 | POS | INT | 50 | 2 | 90 | x=(58+((26+(20-20))+6)) | x 58 26 20 20 - + 6 + + = | x:sticker 58:sticker 26:sticker 20:sticker 20:sticker -:sticker +:sticker 6:sticker +:sticker +:sticker =:sticker
EXPR: 0 | POS | INT | 50 | 2 | 50 | x=(58-((20+(20-6))-26)) | x 58 20 20 6 - + 26 - - = | x:sticker 58:sticker 20:sticker 20:sticker 6:sticker -:sticker +:sticker 26:sticker -:sticker -:sticker =:sticker
EXPR: 0 | POS | INT | 50 | 2 | 90 | x=(6+(((20-20)+58)+26)) | x 6 20 20 - 58 + 26 + + = | x:sticker 6:sticker 20:sticker 20:sticker -:sticker 58:sticker +:sticker 26:sticker +:sticker +:sticker =:sticker
EXPR: 0 | POS | INT | 50 | 2 | 26 | x=(58-((26-(20-20))+6)) | x 58 26 20 20 - - 6 + - = | x:sticker 58:sticker 26:sticker 20:sticker 20:sticker -:sticker -:sticker 6:sticker +:sticker -:sticker =:sticker
EXPR: 0 | POS | INT | 51 | 2 | 90 | x=(58+((26+(20-20))+6)) | x 58 26 20 20 - + 6 + + = | x:sticker 58:sticker 26:sticker 20:sticker 20:sticker -:sticker +:sticker 6:sticker +:sticker +:sticker =:sticker
EXPR: 0 | POS | INT | 51 | 2 | 50 | x=(58-((20+(20-6))-26)) | x 58 20 20 6 - + 26 - - = | x:sticker 58:sticker 20:sticker 20:sticker 6:sticker -:sticker +:sticker 26:sticker -:sticker -:sticker =:sticker
EXPR: 0 | POS | INT | 51 | 2 | 26 | x=(58-((26-(20-20))+6)) | x 58 26 20 20 - - 6 + - = | x:sticker 58:sticker 26:sticker 20:sticker 20:sticker -:sticker -:sticker 6:sticker +:sticker -:sticker =:sticker
EXPR: 0 | POS | INT | 52 | 2 | 118 | (x-58)=(20-(6-(26+20))) | x 58 - 20 6 26 20 + - - = | x:sticker 58:sticker -:sticker 20:sticker 6:sticker 26:sticker 20:sticker +:sticker -:sticker -:sticker =:sticker
EXPR: 0 | POS | INT | 52 | 2 | 50 | 26=((20-58)+(x+(20-6))) | 26 20 58 - x 20 6 - + + = | 26:sticker 20:sticker 58:sticker -:sticker x:sticker 20:sticker 6:sticker -:sticker +:sticker +:sticker =:sticker
EXPR: 0 | POS | INT | 52 | 2 | 78 | 58=(x+(((20-20)+6)-26)) | 58 x 20 20 - 6 + 26 - + = | 58:sticker x:sticker 20:sticker 20:sticker -:sticker 6:sticker +:sticker 26:sticker -:sticker +:sticker =:sticker
EXPR: 0 | POS | INT | 52 | 2 | 50 | 58=(x+(((20+20)-6)-26)) | 58 x 20 20 + 6 - 26 - + = | 58:sticker x:sticker 20:sticker 20:sticker +:sticker 6:sticker -:sticker 26:sticker -:sticker +:sticker =:sticker
EXPR: 0 | POS | INT | 52 | 2 | 38 | 58=((26+((20-20)-6))+x) | 58 26 20 20 - 6 - + x + = | 58:sticker 26:sticker 20:sticker 20:sticker -:sticker 6:sticker -:sticker +:sticker x:sticker +:sticker =:sticker
EXPR: 0 | POS | INT | 52 | 2 | 50 | 58=((20+((x+20)-6))-26) | 58 20 x 20 + 6 - + 26 - = | 58:sticker 20:sticker x:sticker 20:sticker +:sticker 6:sticker -:sticker +:sticker 26:sticker -:sticker =:sticker
EXPR: 0 | POS | INT | 55 | 2 | 90 | x=(20+(58-((20-6)-26))) | x 20 58 20 6 - 26 - - + = | x:sticker 20:sticker 58:sticker 20:sticker 6:sticker -:sticker 26:sticker -:sticker -:sticker +:sticker =:sticker
EXPR: 0 | POS | INT | 55 | 2 | 26 | x=(58-((26+(6-20))+20)) | x 58 26 6 20 - + 20 + - = | x:sticker 58:sticker 26:sticker 6:sticker 20:sticker -:sticker +:sticker 20:sticker +:sticker -:sticker =:sticker
EXPR: 0 | POS | INT | 56 | 2 | 90 | x=(20+(58-((20-6)-26))) | x 20 58 20 6 - 26 - - + = | x:sticker 20:sticker 58:sticker 20:sticker 6:sticker -:sticker 26:sticker -:sticker -:sticker +:sticker =:sticker
EXPR: 0 | POS | INT | 57 | 2 | 50 | (x-26)=((6-20)+(58-20)) | x 26 - 6 20 - 58 20 - + = | x:sticker 26:sticker -:sticker 6:sticker 20:sticker -:sticker 58:sticker 20:sticker -:sticker +:sticker =:sticker
EXPR: 0 | POS | INT | 57 | 2 | 78 | ((x-(20+20))-6)=(58-26) | x 20 20 + - 6 - 58 26 - = | x:sticker 20:sticker 20:sticker +:sticker -:sticker 6:sticker -:sticker 58:sticker 26:sticker -:sticker =:sticker
EXPR: 0 | POS | INT | 57 | 2 | 90 | ((x-58)-26)=((20+6)-20) | x 58 - 26 - 20 6 + 20 - = | x:sticker 58:sticker -:sticker 26:sticker -:sticker 20:sticker 6:sticker +:sticker 20:sticker -:sticker =:sticker
EXPR: 0 | POS | INT | 57 | 2 | 38 | 6=((26+58)-((x+20)+20)) | 6 26 58 + x 20 + 20 + - = | 6:sticker 26:sticker 58:sticker +:sticker x:sticker 20:sticker +:sticker 20:sticker +:sticker -:sticker =:sticker
EXPR: 0 | POS | INT | 57 | 2 | 50 | 20=(((58-20)-(x-6))+26) | 20 58 20 - x 6 - - 26 + = | 20:sticker 58:sticker 20:sticker -:sticker x:sticker 6:sticker -:sticker -:sticker 26:sticker +:sticker =:sticker
EXPR: 0 | POS | INT | 57 | 2 | 50 | 58=(((x-6)-26)+(20+20)) | 58 x 6 - 26 - 20 20 + + = | 58:sticker x:sticker 6:sticker -:sticker 26:sticker -:sticker 20:sticker 20:sticker +:sticker +:sticker =:sticker
EXPR: 0 | POS | INT | 57 | 2 | 50 | 58=(((20+(x+20))-6)-26) | 58 20 x 20 + + 6 - 26 - = | 58:sticker 20:sticker x:sticker 20:sticker +:sticker +:sticker 6:sticker -:sticker 26:sticker -:sticker =:sticker
EXPR: 0 | POS | INT | 57 | 2 | 26 | 6=(58-(((20-20)+x)+26)) | 6 58 20 20 - x + 26 + - = | 6:sticker 58:sticker 20:sticker 20:sticker -:sticker x:sticker +:sticker 26:sticker +:sticker -:sticker =:sticker
EXPR: 0 | POS | INT | 60 | 2 | 26 | x=(58-((6+(20-20))+26)) | x 58 6 20 20 - + 26 + - = | x:sticker 58:sticker 6:sticker 20:sticker 20:sticker -:sticker +:sticker 26:sticker +:sticker -:sticker =:sticker
EXPR: 0 | POS | INT | 60 | 2 | 38 | x=((6+(58+(20-20)))-26) | x 6 58 20 20 - + + 26 - = | x:sticker 6:sticker 58:sticker 20:sticker 20:sticker -:sticker +:sticker +:sticker 26:sticker -:sticker =:sticker
EXPR: 0 | POS | INT | 60 | 2 | 78 | x=(58-((6+(20-20))-26)) | x 58 6 20 20 - + 26 - - = | x:sticker 58:sticker 6:sticker 20:sticker 20:sticker -:sticker +:sticker 26:sticker -:sticker -:sticker =:sticker
EXPR: 0 | POS | INT | 60 | 2 | 26 | x=((20-(6-58))-(20+26)) | x 20 6 58 - - 20 26 + - = | x:sticker 20:sticker 6:sticker 58:sticker -:sticker -:sticker 20:sticker 26:sticker +:sticker -:sticker =:sticker
EXPR: 0 | POS | INT | 60 | 2 | 26 | x=(((58-6)-20)+(20-26)) | x 58 6 - 20 - 20 26 - + = | x:sticker 58:sticker 6:sticker -:sticker 20:sticker -:sticker 20:sticker 26:sticker -:sticker +:sticker =:sticker
EXPR: 0 | POS | INT | 61 | 2 | 38 | x=((6+(58+(20-20)))-26) | x 6 58 20 20 - + + 26 - = | x:sticker 6:sticker 58:sticker 20:sticker 20:sticker -:sticker +:sticker +:sticker 26:sticker -:sticker =:sticker
EXPR: 0 | POS | INT | 61 | 2 | 26 | x=((20-(6-58))-(20+26)) | x 20 6 58 - - 20 26 + - = | x:sticker 20:sticker 6:sticker 58:sticker -:sticker -:sticker 20:sticker 26:sticker +:sticker -:sticker =:sticker
EXPR: 0 | POS | INT | 61 | 2 | 26 | x=(((58-6)-20)+(20-26)) | x 58 6 - 20 - 20 26 - + = | x:sticker 58:sticker 6:sticker -:sticker 20:sticker -:sticker 20:sticker 26:sticker -:sticker +:sticker =:sticker
EXPR: 0 | POS | INT | 62 | 2 | 14 | (6+(20+20))=(58+(x-26)) | 6 20 20 + + 58 x 26 - + = | 6:sticker 20:sticker 20:sticker +:sticker +:sticker 58:sticker x:sticker 26:sticker -:sticker +:sticker =:sticker
EXPR: 0 | POS | INT | 62 | 2 | 26 | (58-26)=((x+20)-(20-6)) | 58 26 - x 20 + 20 6 - - = | 58:sticker 26:sticker -:sticker x:sticker 20:sticker +:sticker 20:sticker 6:sticker -:sticker -:sticker =:sticker
EXPR: 0 | POS | INT | 62 | 2 | 26 | (x+(6+(20-58)))=(20-26) | x 6 20 58 - + + 20 26 - = | x:sticker 6:sticker 20:sticker 58:sticker -:sticker +:sticker +:sticker 20:sticker 26:sticker -:sticker =:sticker
EXPR: 0 | POS | INT | 62 | 2 | 26 | 58=(6-((20-20)-(x+26))) | 58 6 20 20 - x 26 + - - = | 58:sticker 6:sticker 20:sticker 20:sticker -:sticker x:sticker 26:sticker +:sticker -:sticker -:sticker =:sticker
EXPR: 0 | POS | INT | 67 | 2 | 90 | ((x-26)-6)=((58-20)+20) | x 26 - 6 - 58 20 - 20 + = | x:sticker 26:sticker -:sticker 6:sticker -:sticker 58:sticker 20:sticker -:sticker 20:sticker +:sticker =:sticker
EXPR: 0 | POS | INT | 67 | 2 | 14 | ((58-26)-6)=((20+20)-x) | 58 26 - 6 - 20 20 + x - = | 58:sticker 26:sticker -:sticker 6:sticker -:sticker 20:sticker 20:sticker +:sticker x:sticker -:sticker =:sticker
EXPR: 0 | POS | INT | 70 | 2 | 38 | x=((58+(20+(6-26)))-20) | x 58 20 6 26 - + + 20 - = | x:sticker 58:sticker 20:sticker 6:sticker 26:sticker -:sticker +:sticker +:sticker 20:sticker -:sticker =:sticker
EXPR: 1 | POS | INT | 70 | 2 | 2 | x=(26-(((6-20)+58)-20)) | x 26 6 20 - 58 + 20 - - = | x:sticker 26:sticker 6:sticker 20:sticker -:sticker 58:sticker +:sticker 20:sticker -:sticker -:sticker =:sticker
EXPR: 0 | POS | INT | 70 | 2 | 78 | x=((58-((20-26)+6))+20) | x 58 20 26 - 6 + - 20 + = | x:sticker 58:sticker 20:sticker 26:sticker -:sticker 6:sticker +:sticker -:sticker 20:sticker +:sticker =:sticker
EXPR: 0 | POS | INT | 70 | 2 | 78 | x=((26-((20-58)+6))+20) | x 26 20 58 - 6 + - 20 + = | x:sticker 26:sticker 20:sticker 58:sticker -:sticker 6:sticker +:sticker -:sticker 20:sticker +:sticker =:sticker
EXPR: 0 | POS | INT | 70 | 2 | 90 | x=((26+6)+(20+(58-20))) | x 26 6 + 20 58 20 - + + = | x:sticker 26:sticker 6:sticker +:sticker 20:sticker 58:sticker 20:sticker -:sticker +:sticker +:sticker =:sticker
EXPR: 0 | POS | INT | 70 | 2 | 50 | x=((26+6)-(20-(58-20))) | x 26 6 + 20 58 20 - - - = | x:sticker 26:sticker 6:sticker +:sticker 20:sticker 58:sticker 20:sticker -:sticker -:sticker -:sticker =:sticker
EXPR: 1 | POS | INT | 70 | 2 | 2 | x=((26-6)+(20-(58-20))) | x 26 6 - 20 58 20 - - + = | x:sticker 26:sticker 6:sticker -:sticker 20:sticker 58:sticker 20:sticker -:sticker -:sticker +:sticker =:sticker
EXPR: 0 | POS | INT | 71 | 2 | 38 | x=((58+(20+(6-26)))-20) | x 58 20 6 26 - + + 20 - = | x:sticker 58:sticker 20:sticker 6:sticker 26:sticker -:sticker +:sticker +:sticker 20:sticker -:sticker =:sticker
EXPR: 0 | POS | INT | 72 | 2 | 90 | 58=(20-((26+(6-x))+20)) | 58 20 26 6 x - + 20 + - = | 58:sticker 20:sticker 26:sticker 6:sticker x:sticker -:sticker +:sticker 20:sticker +:sticker -:sticker =:sticker
EXPR: 0 | POS | INT | 72 | 2 | 38 | 26=((6-(x-58))+(20-20)) | 26 6 x 58 - - 20 20 - + = | 26:sticker 6:sticker x:sticker 58:sticker -:sticker -:sticker 20:sticker 20:sticker -:sticker +:sticker =:sticker
EXPR: 0 | POS | INT | 72 | 2 | 26 | ((20-((58-26)-x))+6)=20 | 20 58 26 - x - - 6 + 20 = | 20:sticker 58:sticker 26:sticker -:sticker x:sticker -:sticker -:sticker 6:sticker +:sticker 20:sticker =:sticker
EXPR: 0 | POS | INT | 72 | 2 | 90 | ((x-20)-6)=((58-20)+26) | x 20 - 6 - 58 20 - 26 + = | x:sticker 20:sticker -:sticker 6:sticker -:sticker 58:sticker 20:sticker -:sticker 26:sticker +:sticker =:sticker
EXPR: 0 | POS | INT | 72 | 2 | 26 | (x+((26+20)-(58-6)))=20 | x 26 20 + 58 6 - - + 20 = | x:sticker 26:sticker 20:sticker +:sticker 58:sticker 6:sticker -:sticker -:sticker +:sticker 20:sticker =:sticker
EXPR: 0 | POS | INT | 72 | 2 | 90 | ((20-26)-((6-x)+58))=20 | 20 26 - 6 x - 58 + - 20 = | 20:sticker 26:sticker -:sticker 6:sticker x:sticker -:sticker 58:sticker +:sticker -:sticker 20:sticker =:sticker
EXPR: 0 | POS | INT | 72 | 2 | 26 | ((26+6)-((58-x)-20))=20 | 26 6 + 58 x - 20 - - 20 = | 26:sticker 6:sticker +:sticker 58:sticker x:sticker -:sticker 20:sticker -:sticker -:sticker 20:sticker =:sticker
EXPR: 0 | POS | INT | 72 | 2 | 38 | 26=(20+(58-((x-6)+20))) | 26 20 58 x 6 - 20 + - + = | 26:sticker 20:sticker 58:sticker x:sticker 6:sticker -:sticker 20:sticker +:sticker -:sticker +:sticker =:sticker
EXPR: 0 | POS | INT | 72 | 2 | 38 | 58=((20+((x+26)-6))-20) | 58 20 x 26 + 6 - + 20 - = | 58:sticker 20:sticker x:sticker 26:sticker +:sticker 6:sticker -:sticker +:sticker 20:sticker -:sticker =:sticker
EXPR: 0 | POS | INT | 72 | 2 | 38 | 26=(6+((x+20)-(58-20))) | 26 6 x 20 + 58 20 - - + = | 26:sticker 6:sticker x:sticker 20:sticker +:sticker 58:sticker 20:sticker -:sticker -:sticker +:sticker =:sticker
EXPR: 0 | POS | INT | 72 | 2 | 66 | 58=((26+((6-20)-20))+x) | 58 26 6 20 - 20 - + x + = | 58:sticker 26:sticker 6:sticker 20:sticker -:sticker 20:sticker -:sticker +:sticker x:sticker +:sticker =:sticker
EXPR: 0 | POS | INT | 82 | 2 | 14 | (x-6)=((20-(58-26))+20) | x 6 - 20 58 26 - - 20 + = | x:sticker 6:sticker -:sticker 20:sticker 58:sticker 26:sticker -:sticker -:sticker 20:sticker +:sticker =:sticker
NET 270 non-negative, integer-valued solutions found out of 476 total solutions
