parameters: n=11 l=5 k=1 p=5 q=1 m=11
TOTAL 476 solutions found
SOLN: CORRECT | POS/NEG | INT/FRA | OBJ-SCORE | TRUE-ANS | ANS | INFIX | POSTFIX | TYPED-POSTFIX
EXPR: 0 | POS | INT | 0 | 4 | 30 | x=((7+((12+4)-6))+13) | x 7 12 4 + 6 - + 13 + = | x:dollar 7:dollar 12:dollar 4:dollar +:dollar 6:dollar -:dollar +:dollar 13:dollar +:dollar =:dollar
EXPR: 0 | POS | INT | 0 | 4 | 8 | x=(7+((12-(4-6))-13)) | x 7 12 4 6 - - 13 - + = | x:dollar 7:dollar 12:dollar 4:dollar 6:dollar -:dollar -:dollar 13:dollar -:dollar +:dollar =:dollar
EXPR: 0 | POS | INT | 0 | 4 | 30 | x=(7+((12+(4-6))+13)) | x 7 12 4 6 - + 13 + + = | x:dollar 7:dollar 12:dollar 4:dollar 6:dollar -:dollar +:dollar 13:dollar +:dollar +:dollar =:dollar
EXPR: 0 | POS | INT | 0 | 4 | 34 | x=(7+(12-((4-6)-13))) | x 7 12 4 6 - 13 - - + = | x:dollar 7:dollar 12:dollar 4:dollar 6:dollar -:dollar 13:dollar -:dollar -:dollar +:dollar =:dollar
EXPR: 0 | POS | INT | 0 | 4 | 6 | x=(7-(12-((4-6)+13))) | x 7 12 4 6 - 13 + - - = | x:dollar 7:dollar 12:dollar 4:dollar 6:dollar -:dollar 13:dollar +:dollar -:dollar -:dollar =:dollar
EXPR: 1 | POS | INT | 0 | 4 | 4 | x=(7+((12+(4-6))-13)) | x 7 12 4 6 - + 13 - + = | x:dollar 7:dollar 12:dollar 4:dollar 6:dollar -:dollar +:dollar 13:dollar -:dollar +:dollar =:dollar
EXPR: 0 | POS | INT | 0 | 4 | 8 | x=((7+12)-((4-6)+13)) | x 7 12 + 4 6 - 13 + - = | x:dollar 7:dollar 12:dollar +:dollar 4:dollar 6:dollar -:dollar 13:dollar +:dollar -:dollar =:dollar
EXPR: 1 | POS | INT | 0 | 4 | 4 | x=((7+12)+(4-(6+13))) | x 7 12 + 4 6 13 + - + = | x:dollar 7:dollar 12:dollar +:dollar 4:dollar 6:dollar 13:dollar +:dollar -:dollar +:dollar =:dollar
EXPR: 1 | POS | INT | 0 | 4 | 4 | x=((7+12)+((4-6)-13)) | x 7 12 + 4 6 - 13 - + = | x:dollar 7:dollar 12:dollar +:dollar 4:dollar 6:dollar -:dollar 13:dollar -:dollar +:dollar =:dollar
EXPR: 0 | POS | INT | 0 | 4 | 18 | x=(7-(12-((4+6)+13))) | x 7 12 4 6 + 13 + - - = | x:dollar 7:dollar 12:dollar 4:dollar 6:dollar +:dollar 13:dollar +:dollar -:dollar -:dollar =:dollar
EXPR: 0 | POS | INT | 0 | 4 | 34 | x=((7+12)-(4-(6+13))) | x 7 12 + 4 6 13 + - - = | x:dollar 7:dollar 12:dollar +:dollar 4:dollar 6:dollar 13:dollar +:dollar -:dollar -:dollar =:dollar
EXPR: 0 | POS | INT | 0 | 4 | 16 | x=((7+12)+(4+(6-13))) | x 7 12 + 4 6 13 - + + = | x:dollar 7:dollar 12:dollar +:dollar 4:dollar 6:dollar 13:dollar -:dollar +:dollar +:dollar =:dollar
EXPR: 0 | POS | INT | 0 | 4 | 8 | x=((7+12)-(4-(6-13))) | x 7 12 + 4 6 13 - - - = | x:dollar 7:dollar 12:dollar +:dollar 4:dollar 6:dollar 13:dollar -:dollar -:dollar -:dollar =:dollar
EXPR: 0 | POS | INT | 0 | 4 | 10 | x=(((7-12)-4)+(6+13)) | x 7 12 - 4 - 6 13 + + = | x:dollar 7:dollar 12:dollar -:dollar 4:dollar -:dollar 6:dollar 13:dollar +:dollar +:dollar =:dollar
EXPR: 0 | POS | INT | 0 | 4 | 10 | x=(7-((12+(4-6))-13)) | x 7 12 4 6 - + 13 - - = | x:dollar 7:dollar 12:dollar 4:dollar 6:dollar -:dollar +:dollar 13:dollar -:dollar -:dollar =:dollar
EXPR: 0 | POS | INT | 0 | 4 | 10 | x=(7-(12+((4-6)-13))) | x 7 12 4 6 - 13 - + - = | x:dollar 7:dollar 12:dollar 4:dollar 6:dollar -:dollar 13:dollar -:dollar +:dollar -:dollar =:dollar
EXPR: 0 | POS | INT | 0 | 4 | 8 | x=(7+(12-((4-6)+13))) | x 7 12 4 6 - 13 + - + = | x:dollar 7:dollar 12:dollar 4:dollar 6:dollar -:dollar 13:dollar +:dollar -:dollar +:dollar =:dollar
EXPR: 0 | POS | INT | 0 | 4 | 6 | x=((7-12)+(4-(6-13))) | x 7 12 - 4 6 13 - - + = | x:dollar 7:dollar 12:dollar -:dollar 4:dollar 6:dollar 13:dollar -:dollar -:dollar +:dollar =:dollar
EXPR: 0 | POS | INT | 0 | 4 | 22 | x=(7+((12-(4+6))+13)) | x 7 12 4 6 + - 13 + + = | x:dollar 7:dollar 12:dollar 4:dollar 6:dollar +:dollar -:dollar 13:dollar +:dollar +:dollar =:dollar
EXPR: 0 | POS | INT | 0 | 4 | 6 | x=((7-12)+((4-6)+13)) | x 7 12 - 4 6 - 13 + + = | x:dollar 7:dollar 12:dollar -:dollar 4:dollar 6:dollar -:dollar 13:dollar +:dollar +:dollar =:dollar
EXPR: 0 | POS | INT | 0 | 4 | 18 | x=(7-((12-(4+6))-13)) | x 7 12 4 6 + - 13 - - = | x:dollar 7:dollar 12:dollar 4:dollar 6:dollar +:dollar -:dollar 13:dollar -:dollar -:dollar =:dollar
EXPR: 1 | POS | INT | 0 | 4 | 4 | x=(7+(((12+4)-6)-13)) | x 7 12 4 + 6 - 13 - + = | x:dollar 7:dollar 12:dollar 4:dollar +:dollar 6:dollar -:dollar 13:dollar -:dollar +:dollar =:dollar
EXPR: 0 | POS | INT | 0 | 4 | 34 | x=((((7+12)-4)+6)+13) | x 7 12 + 4 - 6 + 13 + = | x:dollar 7:dollar 12:dollar +:dollar 4:dollar -:dollar 6:dollar +:dollar 13:dollar +:dollar =:dollar
EXPR: 0 | POS | INT | 0 | 4 | 18 | x=((7-12)+(4+(6+13))) | x 7 12 - 4 6 13 + + + = | x:dollar 7:dollar 12:dollar -:dollar 4:dollar 6:dollar 13:dollar +:dollar +:dollar +:dollar =:dollar
EXPR: 0 | POS | INT | 0 | 4 | 16 | x=(7+(((12+4)+6)-13)) | x 7 12 4 + 6 + 13 - + = | x:dollar 7:dollar 12:dollar 4:dollar +:dollar 6:dollar +:dollar 13:dollar -:dollar +:dollar =:dollar
EXPR: 0 | POS | INT | 0 | 4 | 10 | x=((7-12)-((4-6)-13)) | x 7 12 - 4 6 - 13 - - = | x:dollar 7:dollar 12:dollar -:dollar 4:dollar 6:dollar -:dollar 13:dollar -:dollar -:dollar =:dollar
EXPR: 0 | POS | INT | 0 | 4 | 42 | x=(7+((12+(4+6))+13)) | x 7 12 4 6 + + 13 + + = | x:dollar 7:dollar 12:dollar 4:dollar 6:dollar +:dollar +:dollar 13:dollar +:dollar +:dollar =:dollar
EXPR: 0 | POS | INT | 0 | 4 | 8 | x=(7+(((12-4)+6)-13)) | x 7 12 4 - 6 + 13 - + = | x:dollar 7:dollar 12:dollar 4:dollar -:dollar 6:dollar +:dollar 13:dollar -:dollar +:dollar =:dollar
EXPR: 0 | POS | INT | 0 | 4 | 10 | x=((((7-12)-4)+6)+13) | x 7 12 - 4 - 6 + 13 + = | x:dollar 7:dollar 12:dollar -:dollar 4:dollar -:dollar 6:dollar +:dollar 13:dollar +:dollar =:dollar
EXPR: 0 | POS | INT | 0 | 4 | 30 | x=((7+12)+(4-(6-13))) | x 7 12 + 4 6 13 - - + = | x:dollar 7:dollar 12:dollar +:dollar 4:dollar 6:dollar 13:dollar -:dollar -:dollar +:dollar =:dollar
EXPR: 0 | POS | INT | 0 | 4 | 10 | x=(7-(((12+4)-6)-13)) | x 7 12 4 + 6 - 13 - - = | x:dollar 7:dollar 12:dollar 4:dollar +:dollar 6:dollar -:dollar 13:dollar -:dollar -:dollar =:dollar
EXPR: 0 | POS | INT | 0 | 4 | 34 | x=(7+(((12-4)+6)+13)) | x 7 12 4 - 6 + 13 + + = | x:dollar 7:dollar 12:dollar 4:dollar -:dollar 6:dollar +:dollar 13:dollar +:dollar +:dollar =:dollar
EXPR: 0 | POS | INT | 0 | 4 | 6 | x=(7-((12-(4-6))-13)) | x 7 12 4 6 - - 13 - - = | x:dollar 7:dollar 12:dollar 4:dollar 6:dollar -:dollar -:dollar 13:dollar -:dollar -:dollar =:dollar
EXPR: 1 | POS | INT | 0 | 4 | 4 | x=((((7+12)+4)-6)-13) | x 7 12 + 4 + 6 - 13 - = | x:dollar 7:dollar 12:dollar +:dollar 4:dollar +:dollar 6:dollar -:dollar 13:dollar -:dollar =:dollar
EXPR: 0 | POS | INT | 0 | 4 | 10 | x=((7-12)-(4-(6+13))) | x 7 12 - 4 6 13 + - - = | x:dollar 7:dollar 12:dollar -:dollar 4:dollar 6:dollar 13:dollar +:dollar -:dollar -:dollar =:dollar
EXPR: 0 | POS | INT | 0 | 4 | 6 | x=(7-(((12-4)+6)-13)) | x 7 12 4 - 6 + 13 - - = | x:dollar 7:dollar 12:dollar 4:dollar -:dollar 6:dollar +:dollar 13:dollar -:dollar -:dollar =:dollar
EXPR: 0 | POS | INT | 0 | 4 | 18 | x=(((7-12)+4)+(6+13)) | x 7 12 - 4 + 6 13 + + = | x:dollar 7:dollar 12:dollar -:dollar 4:dollar +:dollar 6:dollar 13:dollar +:dollar +:dollar =:dollar
EXPR: 0 | POS | INT | 0 | 4 | 8 | x=((((7+12)-4)+6)-13) | x 7 12 + 4 - 6 + 13 - = | x:dollar 7:dollar 12:dollar +:dollar 4:dollar -:dollar 6:dollar +:dollar 13:dollar -:dollar =:dollar
EXPR: 0 | POS | INT | 1 | 4 | 8 | x=(7+((12-(4-6))-13)) | x 7 12 4 6 - - 13 - + = | x:dollar 7:dollar 12:dollar 4:dollar 6:dollar -:dollar -:dollar 13:dollar -:dollar +:dollar =:dollar
EXPR: 0 | POS | INT | 1 | 4 | 34 | x=(7+(12-((4-6)-13))) | x 7 12 4 6 - 13 - - + = | x:dollar 7:dollar 12:dollar 4:dollar 6:dollar -:dollar 13:dollar -:dollar -:dollar +:dollar =:dollar
EXPR: 0 | POS | INT | 1 | 4 | 8 | x=((7+12)-((4-6)+13)) | x 7 12 + 4 6 - 13 + - = | x:dollar 7:dollar 12:dollar +:dollar 4:dollar 6:dollar -:dollar 13:dollar +:dollar -:dollar =:dollar
EXPR: 1 | POS | INT | 1 | 4 | 4 | x=((7+12)+(4-(6+13))) | x 7 12 + 4 6 13 + - + = | x:dollar 7:dollar 12:dollar +:dollar 4:dollar 6:dollar 13:dollar +:dollar -:dollar +:dollar =:dollar
EXPR: 0 | POS | INT | 1 | 4 | 30 | x=(7+((12+(4-6))+13)) | x 7 12 4 6 - + 13 + + = | x:dollar 7:dollar 12:dollar 4:dollar 6:dollar -:dollar +:dollar 13:dollar +:dollar +:dollar =:dollar
EXPR: 1 | POS | INT | 1 | 4 | 4 | x=((7+12)+((4-6)-13)) | x 7 12 + 4 6 - 13 - + = | x:dollar 7:dollar 12:dollar +:dollar 4:dollar 6:dollar -:dollar 13:dollar -:dollar +:dollar =:dollar
EXPR: 0 | POS | INT | 1 | 4 | 18 | x=(7-(12-((4+6)+13))) | x 7 12 4 6 + 13 + - - = | x:dollar 7:dollar 12:dollar 4:dollar 6:dollar +:dollar 13:dollar +:dollar -:dollar -:dollar =:dollar
EXPR: 0 | POS | INT | 1 | 4 | 10 | x=(7-((12+(4-6))-13)) | x 7 12 4 6 - + 13 - - = | x:dollar 7:dollar 12:dollar 4:dollar 6:dollar -:dollar +:dollar 13:dollar -:dollar -:dollar =:dollar
EXPR: 0 | POS | INT | 1 | 4 | 8 | x=((7+12)-(4-(6-13))) | x 7 12 + 4 6 13 - - - = | x:dollar 7:dollar 12:dollar +:dollar 4:dollar 6:dollar 13:dollar -:dollar -:dollar -:dollar =:dollar
EXPR: 0 | POS | INT | 1 | 4 | 34 | x=((7+12)-(4-(6+13))) | x 7 12 + 4 6 13 + - - = | x:dollar 7:dollar 12:dollar +:dollar 4:dollar 6:dollar 13:dollar +:dollar -:dollar -:dollar =:dollar
EXPR: 0 | POS | INT | 1 | 4 | 10 | x=(7-(12+((4-6)-13))) | x 7 12 4 6 - 13 - + - = | x:dollar 7:dollar 12:dollar 4:dollar 6:dollar -:dollar 13:dollar -:dollar +:dollar -:dollar =:dollar
EXPR: 0 | POS | INT | 1 | 4 | 10 | x=(((7-12)-4)+(6+13)) | x 7 12 - 4 - 6 13 + + = | x:dollar 7:dollar 12:dollar -:dollar 4:dollar -:dollar 6:dollar 13:dollar +:dollar +:dollar =:dollar
EXPR: 0 | POS | INT | 1 | 4 | 8 | x=(7+(12-((4-6)+13))) | x 7 12 4 6 - 13 + - + = | x:dollar 7:dollar 12:dollar 4:dollar 6:dollar -:dollar 13:dollar +:dollar -:dollar +:dollar =:dollar
EXPR: 0 | POS | INT | 1 | 4 | 6 | x=(7-(12-((4-6)+13))) | x 7 12 4 6 - 13 + - - = | x:dollar 7:dollar 12:dollar 4:dollar 6:dollar -:dollar 13:dollar +:dollar -:dollar -:dollar =:dollar
EXPR: 0 | POS | INT | 1 | 4 | 18 | x=(7-((12-(4+6))-13)) | x 7 12 4 6 + - 13 - - = | x:dollar 7:dollar 12:dollar 4:dollar 6:dollar +:dollar -:dollar 13:dollar -:dollar -:dollar =:dollar
EXPR: 0 | POS | INT | 1 | 4 | 6 | x=((7-12)+((4-6)+13)) | x 7 12 - 4 6 - 13 + + = | x:dollar 7:dollar 12:dollar -:dollar 4:dollar 6:dollar -:dollar 13:dollar +:dollar +:dollar =:dollar
EXPR: 0 | POS | INT | 1 | 4 | 16 | x=(7+(((12+4)+6)-13)) | x 7 12 4 + 6 + 13 - + = | x:dollar 7:dollar 12:dollar 4:dollar +:dollar 6:dollar +:dollar 13:dollar -:dollar +:dollar =:dollar
EXPR: 0 | POS | INT | 1 | 4 | 10 | x=((7-12)-((4-6)-13)) | x 7 12 - 4 6 - 13 - - = | x:dollar 7:dollar 12:dollar -:dollar 4:dollar 6:dollar -:dollar 13:dollar -:dollar -:dollar =:dollar
EXPR: 0 | POS | INT | 1 | 4 | 6 | x=((7-12)+(4-(6-13))) | x 7 12 - 4 6 13 - - + = | x:dollar 7:dollar 12:dollar -:dollar 4:dollar 6:dollar 13:dollar -:dollar -:dollar +:dollar =:dollar
EXPR: 0 | POS | INT | 1 | 4 | 10 | x=((((7-12)-4)+6)+13) | x 7 12 - 4 - 6 + 13 + = | x:dollar 7:dollar 12:dollar -:dollar 4:dollar -:dollar 6:dollar +:dollar 13:dollar +:dollar =:dollar
EXPR: 0 | POS | INT | 1 | 4 | 34 | x=((((7+12)-4)+6)+13) | x 7 12 + 4 - 6 + 13 + = | x:dollar 7:dollar 12:dollar +:dollar 4:dollar -:dollar 6:dollar +:dollar 13:dollar +:dollar =:dollar
EXPR: 0 | POS | INT | 1 | 4 | 16 | x=((7+12)+(4+(6-13))) | x 7 12 + 4 6 13 - + + = | x:dollar 7:dollar 12:dollar +:dollar 4:dollar 6:dollar 13:dollar -:dollar +:dollar +:dollar =:dollar
EXPR: 0 | POS | INT | 1 | 4 | 34 | x=(7+(((12-4)+6)+13)) | x 7 12 4 - 6 + 13 + + = | x:dollar 7:dollar 12:dollar 4:dollar -:dollar 6:dollar +:dollar 13:dollar +:dollar +:dollar =:dollar
EXPR: 0 | POS | INT | 1 | 4 | 10 | x=((7-12)-(4-(6+13))) | x 7 12 - 4 6 13 + - - = | x:dollar 7:dollar 12:dollar -:dollar 4:dollar 6:dollar 13:dollar +:dollar -:dollar -:dollar =:dollar
EXPR: 0 | POS | INT | 1 | 4 | 18 | x=((7-12)+(4+(6+13))) | x 7 12 - 4 6 13 + + + = | x:dollar 7:dollar 12:dollar -:dollar 4:dollar 6:dollar 13:dollar +:dollar +:dollar +:dollar =:dollar
EXPR: 0 | POS | INT | 1 | 4 | 6 | x=(7-(((12-4)+6)-13)) | x 7 12 4 - 6 + 13 - - = | x:dollar 7:dollar 12:dollar 4:dollar -:dollar 6:dollar +:dollar 13:dollar -:dollar -:dollar =:dollar
EXPR: 0 | POS | INT | 10 | 4 | 22 | x=(7-(((4-12)+6)-13)) | x 7 4 12 - 6 + 13 - - = | x:dollar 7:dollar 4:dollar 12:dollar -:dollar 6:dollar +:dollar 13:dollar -:dollar -:dollar =:dollar
EXPR: 0 | POS | INT | 10 | 4 | 34 | x=(12+(7-((4-6)-13))) | x 12 7 4 6 - 13 - - + = | x:dollar 12:dollar 7:dollar 4:dollar 6:dollar -:dollar 13:dollar -:dollar -:dollar +:dollar =:dollar
EXPR: 0 | POS | INT | 10 | 4 | 8 | x=(12-((7+(4+6))-13)) | x 12 7 4 6 + + 13 - - = | x:dollar 12:dollar 7:dollar 4:dollar 6:dollar +:dollar +:dollar 13:dollar -:dollar -:dollar =:dollar
EXPR: 0 | POS | INT | 10 | 4 | 16 | x=(12-(7-((4-6)+13))) | x 12 7 4 6 - 13 + - - = | x:dollar 12:dollar 7:dollar 4:dollar 6:dollar -:dollar 13:dollar +:dollar -:dollar -:dollar =:dollar
EXPR: 0 | POS | INT | 10 | 4 | 6 | x=((7-12)+(4+(13-6))) | x 7 12 - 4 13 6 - + + = | x:dollar 7:dollar 12:dollar -:dollar 4:dollar 13:dollar 6:dollar -:dollar +:dollar +:dollar =:dollar
EXPR: 0 | POS | INT | 10 | 4 | 8 | x=(12-(7+((4+6)-13))) | x 12 7 4 6 + 13 - + - = | x:dollar 12:dollar 7:dollar 4:dollar 6:dollar +:dollar 13:dollar -:dollar +:dollar -:dollar =:dollar
EXPR: 0 | POS | INT | 10 | 4 | 2 | x=((12-7)+(4+(6-13))) | x 12 7 - 4 6 13 - + + = | x:dollar 12:dollar 7:dollar -:dollar 4:dollar 6:dollar 13:dollar -:dollar +:dollar +:dollar =:dollar
EXPR: 0 | POS | INT | 10 | 4 | 22 | x=(12+((7-(4+6))+13)) | x 12 7 4 6 + - 13 + + = | x:dollar 12:dollar 7:dollar 4:dollar 6:dollar +:dollar -:dollar 13:dollar +:dollar +:dollar =:dollar
EXPR: 1 | POS | INT | 10 | 4 | 4 | x=(((7+12)-6)+(4-13)) | x 7 12 + 6 - 4 13 - + = | x:dollar 7:dollar 12:dollar +:dollar 6:dollar -:dollar 4:dollar 13:dollar -:dollar +:dollar =:dollar
EXPR: 0 | POS | INT | 10 | 4 | 2 | x=(12-(7-((4+6)-13))) | x 12 7 4 6 + 13 - - - = | x:dollar 12:dollar 7:dollar 4:dollar 6:dollar +:dollar 13:dollar -:dollar -:dollar -:dollar =:dollar
EXPR: 0 | POS | INT | 10 | 4 | 20 | x=(12-(7+((4-6)-13))) | x 12 7 4 6 - 13 - + - = | x:dollar 12:dollar 7:dollar 4:dollar 6:dollar -:dollar 13:dollar -:dollar +:dollar -:dollar =:dollar
EXPR: 0 | POS | INT | 10 | 4 | 16 | x=((12-7)+(4-(6-13))) | x 12 7 - 4 6 13 - - + = | x:dollar 12:dollar 7:dollar -:dollar 4:dollar 6:dollar 13:dollar -:dollar -:dollar +:dollar =:dollar
EXPR: 0 | POS | INT | 10 | 4 | 20 | x=(((12-7)-4)+(6+13)) | x 12 7 - 4 - 6 13 + + = | x:dollar 12:dollar 7:dollar -:dollar 4:dollar -:dollar 6:dollar 13:dollar +:dollar +:dollar =:dollar
EXPR: 0 | POS | INT | 10 | 4 | 30 | x=((7+12)+(4+(13-6))) | x 7 12 + 4 13 6 - + + = | x:dollar 7:dollar 12:dollar +:dollar 4:dollar 13:dollar 6:dollar -:dollar +:dollar +:dollar =:dollar
EXPR: 0 | POS | INT | 10 | 4 | 2 | x=(12-((7-(4+6))+13)) | x 12 7 4 6 + - 13 + - = | x:dollar 12:dollar 7:dollar 4:dollar 6:dollar +:dollar -:dollar 13:dollar +:dollar -:dollar =:dollar
EXPR: 0 | POS | INT | 10 | 4 | 8 | x=((7+((12-4)-13))+6) | x 7 12 4 - 13 - + 6 + = | x:dollar 7:dollar 12:dollar 4:dollar -:dollar 13:dollar -:dollar +:dollar 6:dollar +:dollar =:dollar
EXPR: 1 | POS | INT | 10 | 4 | 4 | x=(12+(((7+4)-6)-13)) | x 12 7 4 + 6 - 13 - + = | x:dollar 12:dollar 7:dollar 4:dollar +:dollar 6:dollar -:dollar 13:dollar -:dollar +:dollar =:dollar
EXPR: 1 | POS | INT | 10 | 4 | 4 | x=(7+(((12+4)-13)-6)) | x 7 12 4 + 13 - 6 - + = | x:dollar 7:dollar 12:dollar 4:dollar +:dollar 13:dollar -:dollar 6:dollar -:dollar +:dollar =:dollar
EXPR: 0 | POS | INT | 10 | 4 | 8 | x=(12-(((7+4)+6)-13)) | x 12 7 4 + 6 + 13 - - = | x:dollar 12:dollar 7:dollar 4:dollar +:dollar 6:dollar +:dollar 13:dollar -:dollar -:dollar =:dollar
EXPR: 0 | POS | INT | 10 | 4 | 42 | x=(12+((7+(4+6))+13)) | x 12 7 4 6 + + 13 + + = | x:dollar 12:dollar 7:dollar 4:dollar 6:dollar +:dollar +:dollar 13:dollar +:dollar +:dollar =:dollar
EXPR: 0 | POS | INT | 10 | 4 | 16 | x=(12+(((7+4)+6)-13)) | x 12 7 4 + 6 + 13 - + = | x:dollar 12:dollar 7:dollar 4:dollar +:dollar 6:dollar +:dollar 13:dollar -:dollar +:dollar =:dollar
EXPR: 0 | POS | INT | 10 | 4 | 30 | x=(7+(((12+4)+13)-6)) | x 7 12 4 + 13 + 6 - + = | x:dollar 7:dollar 12:dollar 4:dollar +:dollar 13:dollar +:dollar 6:dollar -:dollar +:dollar =:dollar
EXPR: 1 | POS | INT | 10 | 4 | 4 | x=((7+((12+4)-13))-6) | x 7 12 4 + 13 - + 6 - = | x:dollar 7:dollar 12:dollar 4:dollar +:dollar 13:dollar -:dollar +:dollar 6:dollar -:dollar =:dollar
EXPR: 0 | POS | INT | 10 | 4 | 16 | x=((12-7)+((4-6)+13)) | x 12 7 - 4 6 - 13 + + = | x:dollar 12:dollar 7:dollar -:dollar 4:dollar 6:dollar -:dollar 13:dollar +:dollar +:dollar =:dollar
EXPR: 0 | POS | INT | 10 | 4 | 20 | x=((12-7)-((4-6)-13)) | x 12 7 - 4 6 - 13 - - = | x:dollar 12:dollar 7:dollar -:dollar 4:dollar 6:dollar -:dollar 13:dollar -:dollar -:dollar =:dollar
EXPR: 0 | POS | INT | 10 | 4 | 20 | x=(12-(((7+4)-6)-13)) | x 12 7 4 + 6 - 13 - - = | x:dollar 12:dollar 7:dollar 4:dollar +:dollar 6:dollar -:dollar 13:dollar -:dollar -:dollar =:dollar
EXPR: 0 | POS | INT | 10 | 4 | 34 | x=(12+(((7-4)+6)+13)) | x 12 7 4 - 6 + 13 + + = | x:dollar 12:dollar 7:dollar 4:dollar -:dollar 6:dollar +:dollar 13:dollar +:dollar +:dollar =:dollar
EXPR: 0 | POS | INT | 10 | 4 | 34 | x=(7+(((12-4)+13)+6)) | x 7 12 4 - 13 + 6 + + = | x:dollar 7:dollar 12:dollar 4:dollar -:dollar 13:dollar +:dollar 6:dollar +:dollar +:dollar =:dollar
EXPR: 0 | POS | INT | 10 | 4 | 16 | x=(12-(((7-4)+6)-13)) | x 12 7 4 - 6 + 13 - - = | x:dollar 12:dollar 7:dollar 4:dollar -:dollar 6:dollar +:dollar 13:dollar -:dollar -:dollar =:dollar
EXPR: 0 | POS | INT | 11 | 4 | 22 | x=(7-(((4-12)+6)-13)) | x 7 4 12 - 6 + 13 - - = | x:dollar 7:dollar 4:dollar 12:dollar -:dollar 6:dollar +:dollar 13:dollar -:dollar -:dollar =:dollar
EXPR: 0 | POS | INT | 11 | 4 | 22 | x=(12+((7-(4+6))+13)) | x 12 7 4 6 + - 13 + + = | x:dollar 12:dollar 7:dollar 4:dollar 6:dollar +:dollar -:dollar 13:dollar +:dollar +:dollar =:dollar
EXPR: 1 | POS | INT | 11 | 4 | 4 | x=(((7+12)-6)+(4-13)) | x 7 12 + 6 - 4 13 - + = | x:dollar 7:dollar 12:dollar +:dollar 6:dollar -:dollar 4:dollar 13:dollar -:dollar +:dollar =:dollar
EXPR: 0 | POS | INT | 11 | 4 | 20 | x=(((12-7)-4)+(6+13)) | x 12 7 - 4 - 6 13 + + = | x:dollar 12:dollar 7:dollar -:dollar 4:dollar -:dollar 6:dollar 13:dollar +:dollar +:dollar =:dollar
EXPR: 0 | POS | INT | 11 | 4 | 30 | x=((7+12)+(4+(13-6))) | x 7 12 + 4 13 6 - + + = | x:dollar 7:dollar 12:dollar +:dollar 4:dollar 13:dollar 6:dollar -:dollar +:dollar +:dollar =:dollar
EXPR: 0 | POS | INT | 11 | 4 | 2 | x=(12-((7-(4+6))+13)) | x 12 7 4 6 + - 13 + - = | x:dollar 12:dollar 7:dollar 4:dollar 6:dollar +:dollar -:dollar 13:dollar +:dollar -:dollar =:dollar
EXPR: 0 | POS | INT | 11 | 4 | 8 | x=((7+((12-4)-13))+6) | x 7 12 4 - 13 - + 6 + = | x:dollar 7:dollar 12:dollar 4:dollar -:dollar 13:dollar -:dollar +:dollar 6:dollar +:dollar =:dollar
EXPR: 1 | POS | INT | 11 | 4 | 4 | x=((7+((12+4)-13))-6) | x 7 12 4 + 13 - + 6 - = | x:dollar 7:dollar 12:dollar 4:dollar +:dollar 13:dollar -:dollar +:dollar 6:dollar -:dollar =:dollar
EXPR: 0 | POS | INT | 12 | 4 | 22 | 7=((((4-12)+x)+6)-13) | 7 4 12 - x + 6 + 13 - = | 7:dollar 4:dollar 12:dollar -:dollar x:dollar +:dollar 6:dollar +:dollar 13:dollar -:dollar =:dollar
EXPR: 0 | POS | INT | 15 | 4 | 30 | x=(4+((7+(12-6))+13)) | x 4 7 12 6 - + 13 + + = | x:dollar 4:dollar 7:dollar 12:dollar 6:dollar -:dollar +:dollar 13:dollar +:dollar +:dollar =:dollar
EXPR: 0 | POS | INT | 15 | 4 | 18 | x=(4+(7-((12-6)-13))) | x 4 7 12 6 - 13 - - + = | x:dollar 4:dollar 7:dollar 12:dollar 6:dollar -:dollar 13:dollar -:dollar -:dollar +:dollar =:dollar
EXPR: 0 | POS | INT | 15 | 4 | 8 | x=(7+((6+(12-4))-13)) | x 7 6 12 4 - + 13 - + = | x:dollar 7:dollar 6:dollar 12:dollar 4:dollar -:dollar +:dollar 13:dollar -:dollar +:dollar =:dollar
EXPR: 0 | POS | INT | 15 | 4 | 16 | x=(4-(7-((12-6)+13))) | x 4 7 12 6 - 13 + - - = | x:dollar 4:dollar 7:dollar 12:dollar 6:dollar -:dollar 13:dollar +:dollar -:dollar -:dollar =:dollar
EXPR: 0 | POS | INT | 15 | 4 | 2 | x=(4-(7-((12+6)-13))) | x 4 7 12 6 + 13 - - - = | x:dollar 4:dollar 7:dollar 12:dollar 6:dollar +:dollar 13:dollar -:dollar -:dollar -:dollar =:dollar
EXPR: 1 | POS | INT | 15 | 4 | 4 | x=(4-(7+((12-6)-13))) | x 4 7 12 6 - 13 - + - = | x:dollar 4:dollar 7:dollar 12:dollar 6:dollar -:dollar 13:dollar -:dollar +:dollar -:dollar =:dollar
EXPR: 0 | POS | INT | 15 | 4 | 30 | x=(4+((7+12)-(6-13))) | x 4 7 12 + 6 13 - - + = | x:dollar 4:dollar 7:dollar 12:dollar +:dollar 6:dollar 13:dollar -:dollar -:dollar +:dollar =:dollar
EXPR: 0 | POS | INT | 16 | 4 | 30 | x=(4+((7+(12-6))+13)) | x 4 7 12 6 - + 13 + + = | x:dollar 4:dollar 7:dollar 12:dollar 6:dollar -:dollar +:dollar 13:dollar +:dollar +:dollar =:dollar
EXPR: 0 | POS | INT | 16 | 4 | 30 | x=(4+((7+12)-(6-13))) | x 4 7 12 + 6 13 - - + = | x:dollar 4:dollar 7:dollar 12:dollar +:dollar 6:dollar 13:dollar -:dollar -:dollar +:dollar =:dollar
EXPR: 0 | POS | INT | 17 | 4 | 28 | 7=((12+(13+(4-x)))+6) | 7 12 13 4 x - + + 6 + = | 7:dollar 12:dollar 13:dollar 4:dollar x:dollar -:dollar +:dollar +:dollar 6:dollar +:dollar =:dollar
EXPR: 0 | POS | INT | 20 | 4 | 8 | x=(7-(((4-12)+13)-6)) | x 7 4 12 - 13 + 6 - - = | x:dollar 7:dollar 4:dollar 12:dollar -:dollar 13:dollar +:dollar 6:dollar -:dollar -:dollar =:dollar
EXPR: 0 | POS | INT | 20 | 4 | 18 | x=(6+(7-((12-4)-13))) | x 6 7 12 4 - 13 - - + = | x:dollar 6:dollar 7:dollar 12:dollar 4:dollar -:dollar 13:dollar -:dollar -:dollar +:dollar =:dollar
EXPR: 0 | POS | INT | 20 | 4 | 20 | x=(6-(7-((12-4)+13))) | x 6 7 12 4 - 13 + - - = | x:dollar 6:dollar 7:dollar 12:dollar 4:dollar -:dollar 13:dollar +:dollar -:dollar -:dollar =:dollar
EXPR: 0 | POS | INT | 20 | 4 | 2 | x=(6-(7-((12+4)-13))) | x 6 7 12 4 + 13 - - - = | x:dollar 6:dollar 7:dollar 12:dollar 4:dollar +:dollar 13:dollar -:dollar -:dollar -:dollar =:dollar
EXPR: 1 | POS | INT | 20 | 4 | 4 | x=(6-(7+((12-4)-13))) | x 6 7 12 4 - 13 - + - = | x:dollar 6:dollar 7:dollar 12:dollar 4:dollar -:dollar 13:dollar -:dollar +:dollar -:dollar =:dollar
EXPR: 0 | POS | INT | 20 | 4 | 2 | x=(6-(7-(12+(4-13)))) | x 6 7 12 4 13 - + - - = | x:dollar 6:dollar 7:dollar 12:dollar 4:dollar 13:dollar -:dollar +:dollar -:dollar -:dollar =:dollar
EXPR: 0 | POS | INT | 20 | 4 | 28 | x=(6-(7-(12+(4+13)))) | x 6 7 12 4 13 + + - - = | x:dollar 6:dollar 7:dollar 12:dollar 4:dollar 13:dollar +:dollar +:dollar -:dollar -:dollar =:dollar
EXPR: 0 | POS | INT | 20 | 4 | 10 | x=(6+(7-(12+(4-13)))) | x 6 7 12 4 13 - + - + = | x:dollar 6:dollar 7:dollar 12:dollar 4:dollar 13:dollar -:dollar +:dollar -:dollar +:dollar =:dollar
EXPR: 0 | POS | INT | 21 | 4 | 28 | x=(6-(7-(12+(4+13)))) | x 6 7 12 4 13 + + - - = | x:dollar 6:dollar 7:dollar 12:dollar 4:dollar 13:dollar +:dollar +:dollar -:dollar -:dollar =:dollar
EXPR: 0 | POS | INT | 22 | 4 | 22 | 6=((7+12)-(x+(4-13))) | 6 7 12 + x 4 13 - + - = | 6:dollar 7:dollar 12:dollar +:dollar x:dollar 4:dollar 13:dollar -:dollar +:dollar -:dollar =:dollar
EXPR: 0 | POS | INT | 22 | 4 | 2 | (7-4)=(12+(6-(x+13))) | 7 4 - 12 6 x 13 + - + = | 7:dollar 4:dollar -:dollar 12:dollar 6:dollar x:dollar 13:dollar +:dollar -:dollar +:dollar =:dollar
EXPR: 1 | POS | INT | 22 | 4 | 4 | 6=((7+12)-(x-(4-13))) | 6 7 12 + x 4 13 - - - = | 6:dollar 7:dollar 12:dollar +:dollar x:dollar 4:dollar 13:dollar -:dollar -:dollar -:dollar =:dollar
EXPR: 1 | POS | INT | 22 | 4 | 4 | 6=((7+12)-(4+(13-x))) | 6 7 12 + 4 13 x - + - = | 6:dollar 7:dollar 12:dollar +:dollar 4:dollar 13:dollar x:dollar -:dollar +:dollar -:dollar =:dollar
EXPR: 1 | POS | INT | 22 | 4 | 4 | 6=(((7-x)+(12+4))-13) | 6 7 x - 12 4 + + 13 - = | 6:dollar 7:dollar x:dollar -:dollar 12:dollar 4:dollar +:dollar +:dollar 13:dollar -:dollar =:dollar
EXPR: 0 | POS | INT | 22 | 4 | 2 | 6=((7+x)-(12+(4-13))) | 6 7 x + 12 4 13 - + - = | 6:dollar 7:dollar x:dollar +:dollar 12:dollar 4:dollar 13:dollar -:dollar +:dollar -:dollar =:dollar
EXPR: 0 | POS | INT | 22 | 4 | 22 | 6=((7-((x-12)+4))+13) | 6 7 x 12 - 4 + - 13 + = | 6:dollar 7:dollar x:dollar 12:dollar -:dollar 4:dollar +:dollar -:dollar 13:dollar +:dollar =:dollar
EXPR: 0 | POS | INT | 22 | 4 | 8 | 7=((((4-12)+x)+13)-6) | 7 4 12 - x + 13 + 6 - = | 7:dollar 4:dollar 12:dollar -:dollar x:dollar +:dollar 13:dollar +:dollar 6:dollar -:dollar =:dollar
EXPR: 0 | POS | INT | 25 | 4 | 22 | x=((13+((7+12)-4))-6) | x 13 7 12 + 4 - + 6 - = | x:dollar 13:dollar 7:dollar 12:dollar +:dollar 4:dollar -:dollar +:dollar 6:dollar -:dollar =:dollar
EXPR: 0 | POS | INT | 25 | 4 | 34 | x=(13+((7+12)-(4-6))) | x 13 7 12 + 4 6 - - + = | x:dollar 13:dollar 7:dollar 12:dollar +:dollar 4:dollar 6:dollar -:dollar -:dollar +:dollar =:dollar
EXPR: 0 | POS | INT | 25 | 4 | 2 | x=(4+((12-(7-6))-13)) | x 4 12 7 6 - - 13 - + = | x:dollar 4:dollar 12:dollar 7:dollar 6:dollar -:dollar -:dollar 13:dollar -:dollar +:dollar =:dollar
EXPR: 1 | POS | INT | 25 | 4 | 4 | x=((4-12)-(7-(6+13))) | x 4 12 - 7 6 13 + - - = | x:dollar 4:dollar 12:dollar -:dollar 7:dollar 6:dollar 13:dollar +:dollar -:dollar -:dollar =:dollar
EXPR: 1 | POS | INT | 25 | 4 | 4 | x=(4-((12+(7-6))-13)) | x 4 12 7 6 - + 13 - - = | x:dollar 4:dollar 12:dollar 7:dollar 6:dollar -:dollar +:dollar 13:dollar -:dollar -:dollar =:dollar
EXPR: 0 | POS | INT | 25 | 4 | 8 | x=(((7-(4-6))+12)-13) | x 7 4 6 - - 12 + 13 - = | x:dollar 7:dollar 4:dollar 6:dollar -:dollar -:dollar 12:dollar +:dollar 13:dollar -:dollar =:dollar
EXPR: 0 | POS | INT | 25 | 4 | 6 | x=(4-(12-((7-6)+13))) | x 4 12 7 6 - 13 + - - = | x:dollar 4:dollar 12:dollar 7:dollar 6:dollar -:dollar 13:dollar +:dollar -:dollar -:dollar =:dollar
EXPR: 0 | POS | INT | 25 | 4 | 18 | x=(7+((6+(4-12))+13)) | x 7 6 4 12 - + 13 + + = | x:dollar 7:dollar 6:dollar 4:dollar 12:dollar -:dollar +:dollar 13:dollar +:dollar +:dollar =:dollar
EXPR: 0 | POS | INT | 25 | 4 | 6 | x=((7-((12-13)+6))+4) | x 7 12 13 - 6 + - 4 + = | x:dollar 7:dollar 12:dollar 13:dollar -:dollar 6:dollar +:dollar -:dollar 4:dollar +:dollar =:dollar
EXPR: 1 | POS | INT | 25 | 4 | 4 | x=(((7+4)-6)+(12-13)) | x 7 4 + 6 - 12 13 - + = | x:dollar 7:dollar 4:dollar +:dollar 6:dollar -:dollar 12:dollar 13:dollar -:dollar +:dollar =:dollar
EXPR: 0 | POS | INT | 25 | 4 | 22 | x=(7-((6+(4-12))-13)) | x 7 6 4 12 - + 13 - - = | x:dollar 7:dollar 6:dollar 4:dollar 12:dollar -:dollar +:dollar 13:dollar -:dollar -:dollar =:dollar
EXPR: 0 | POS | INT | 25 | 4 | 16 | x=(7+((12+6)-(13-4))) | x 7 12 6 + 13 4 - - + = | x:dollar 7:dollar 12:dollar 6:dollar +:dollar 13:dollar 4:dollar -:dollar -:dollar +:dollar =:dollar
EXPR: 0 | POS | INT | 25 | 4 | 22 | x=(((7-6)-4)+(12+13)) | x 7 6 - 4 - 12 13 + + = | x:dollar 7:dollar 6:dollar -:dollar 4:dollar -:dollar 12:dollar 13:dollar +:dollar +:dollar =:dollar
EXPR: 0 | POS | INT | 25 | 4 | 34 | x=((((7+6)-4)+12)+13) | x 7 6 + 4 - 12 + 13 + = | x:dollar 7:dollar 6:dollar +:dollar 4:dollar -:dollar 12:dollar +:dollar 13:dollar +:dollar =:dollar
EXPR: 0 | POS | INT | 25 | 4 | 6 | x=(7-((6-(4-12))-13)) | x 7 6 4 12 - - 13 - - = | x:dollar 7:dollar 6:dollar 4:dollar 12:dollar -:dollar -:dollar 13:dollar -:dollar -:dollar =:dollar
EXPR: 0 | POS | INT | 25 | 4 | 8 | x=(13-(7-(12-(4+6)))) | x 13 7 12 4 6 + - - - = | x:dollar 13:dollar 7:dollar 12:dollar 4:dollar 6:dollar +:dollar -:dollar -:dollar -:dollar =:dollar
EXPR: 0 | POS | INT | 25 | 4 | 16 | x=(13-(7-(12+(4-6)))) | x 13 7 12 4 6 - + - - = | x:dollar 13:dollar 7:dollar 12:dollar 4:dollar 6:dollar -:dollar +:dollar -:dollar -:dollar =:dollar
EXPR: 1 | POS | INT | 25 | 4 | 4 | x=(4+(12+((7-6)-13))) | x 4 12 7 6 - 13 - + + = | x:dollar 4:dollar 12:dollar 7:dollar 6:dollar -:dollar 13:dollar -:dollar +:dollar +:dollar =:dollar
EXPR: 0 | POS | INT | 25 | 4 | 16 | x=((7+((12+6)-13))+4) | x 7 12 6 + 13 - + 4 + = | x:dollar 7:dollar 12:dollar 6:dollar +:dollar 13:dollar -:dollar +:dollar 4:dollar +:dollar =:dollar
EXPR: 0 | POS | INT | 26 | 4 | 34 | x=(13+((7+12)-(4-6))) | x 13 7 12 + 4 6 - - + = | x:dollar 13:dollar 7:dollar 12:dollar +:dollar 4:dollar 6:dollar -:dollar -:dollar +:dollar =:dollar
EXPR: 1 | POS | INT | 26 | 4 | 4 | x=((4-12)-(7-(6+13))) | x 4 12 - 7 6 13 + - - = | x:dollar 4:dollar 12:dollar -:dollar 7:dollar 6:dollar 13:dollar +:dollar -:dollar -:dollar =:dollar
EXPR: 1 | POS | INT | 26 | 4 | 4 | x=(4-((12+(7-6))-13)) | x 4 12 7 6 - + 13 - - = | x:dollar 4:dollar 12:dollar 7:dollar 6:dollar -:dollar +:dollar 13:dollar -:dollar -:dollar =:dollar
EXPR: 0 | POS | INT | 26 | 4 | 18 | x=(7+((6+(4-12))+13)) | x 7 6 4 12 - + 13 + + = | x:dollar 7:dollar 6:dollar 4:dollar 12:dollar -:dollar +:dollar 13:dollar +:dollar +:dollar =:dollar
EXPR: 0 | POS | INT | 26 | 4 | 6 | x=((7-((12-13)+6))+4) | x 7 12 13 - 6 + - 4 + = | x:dollar 7:dollar 12:dollar 13:dollar -:dollar 6:dollar +:dollar -:dollar 4:dollar +:dollar =:dollar
EXPR: 0 | POS | INT | 26 | 4 | 22 | x=(7-((6+(4-12))-13)) | x 7 6 4 12 - + 13 - - = | x:dollar 7:dollar 6:dollar 4:dollar 12:dollar -:dollar +:dollar 13:dollar -:dollar -:dollar =:dollar
EXPR: 0 | POS | INT | 26 | 4 | 34 | x=((((7+6)-4)+12)+13) | x 7 6 + 4 - 12 + 13 + = | x:dollar 7:dollar 6:dollar +:dollar 4:dollar -:dollar 12:dollar +:dollar 13:dollar +:dollar =:dollar
EXPR: 0 | POS | INT | 26 | 4 | 8 | x=(13-(7-(12-(4+6)))) | x 13 7 12 4 6 + - - - = | x:dollar 13:dollar 7:dollar 12:dollar 4:dollar 6:dollar +:dollar -:dollar -:dollar -:dollar =:dollar
EXPR: 0 | POS | INT | 27 | 4 | 18 | (x-(((7+4)+6)-12))=13 | x 7 4 + 6 + 12 - - 13 = | x:dollar 7:dollar 4:dollar +:dollar 6:dollar +:dollar 12:dollar -:dollar -:dollar 13:dollar =:dollar
EXPR: 0 | POS | INT | 27 | 4 | 16 | 7=(x-((12+6)-(13-4))) | 7 x 12 6 + 13 4 - - - = | 7:dollar x:dollar 12:dollar 6:dollar +:dollar 13:dollar 4:dollar -:dollar -:dollar -:dollar =:dollar
EXPR: 1 | POS | INT | 27 | 4 | 4 | 13=((7+((12+4)-6))-x) | 13 7 12 4 + 6 - + x - = | 13:dollar 7:dollar 12:dollar 4:dollar +:dollar 6:dollar -:dollar +:dollar x:dollar -:dollar =:dollar
EXPR: 0 | POS | INT | 27 | 4 | 16 | 13=(7-(((12+4)-x)-6)) | 13 7 12 4 + x - 6 - - = | 13:dollar 7:dollar 12:dollar 4:dollar +:dollar x:dollar -:dollar 6:dollar -:dollar -:dollar =:dollar
EXPR: 1 | POS | INT | 30 | 4 | 4 | x=(7-(((13-12)+6)-4)) | x 7 13 12 - 6 + 4 - - = | x:dollar 7:dollar 13:dollar 12:dollar -:dollar 6:dollar +:dollar 4:dollar -:dollar -:dollar =:dollar
EXPR: 0 | POS | INT | 30 | 4 | 18 | x=((6-(12-7))+(4+13)) | x 6 12 7 - - 4 13 + + = | x:dollar 6:dollar 12:dollar 7:dollar -:dollar -:dollar 4:dollar 13:dollar +:dollar +:dollar =:dollar
EXPR: 1 | POS | INT | 30 | 4 | 4 | x=(6-(7-((4-12)+13))) | x 6 7 4 12 - 13 + - - = | x:dollar 6:dollar 7:dollar 4:dollar 12:dollar -:dollar 13:dollar +:dollar -:dollar -:dollar =:dollar
EXPR: 0 | POS | INT | 30 | 4 | 22 | x=((7-6)+(12+(13-4))) | x 7 6 - 12 13 4 - + + = | x:dollar 7:dollar 6:dollar -:dollar 12:dollar 13:dollar 4:dollar -:dollar +:dollar +:dollar =:dollar
EXPR: 0 | POS | INT | 30 | 4 | 16 | x=(((12+6)+(7+4))-13) | x 12 6 + 7 4 + + 13 - = | x:dollar 12:dollar 6:dollar +:dollar 7:dollar 4:dollar +:dollar +:dollar 13:dollar -:dollar =:dollar
EXPR: 0 | POS | INT | 30 | 4 | 34 | x=(6+(7-(4-(12+13)))) | x 6 7 4 12 13 + - - + = | x:dollar 6:dollar 7:dollar 4:dollar 12:dollar 13:dollar +:dollar -:dollar -:dollar +:dollar =:dollar
EXPR: 0 | POS | INT | 31 | 4 | 18 | x=((6-(12-7))+(4+13)) | x 6 12 7 - - 4 13 + + = | x:dollar 6:dollar 12:dollar 7:dollar -:dollar -:dollar 4:dollar 13:dollar +:dollar +:dollar =:dollar
EXPR: 1 | POS | INT | 31 | 4 | 4 | x=(6-(7-((4-12)+13))) | x 6 7 4 12 - 13 + - - = | x:dollar 6:dollar 7:dollar 4:dollar 12:dollar -:dollar 13:dollar +:dollar -:dollar -:dollar =:dollar
EXPR: 0 | POS | INT | 32 | 4 | 16 | (x-6)=((7+(12+4))-13) | x 6 - 7 12 4 + + 13 - = | x:dollar 6:dollar -:dollar 7:dollar 12:dollar 4:dollar +:dollar +:dollar 13:dollar -:dollar =:dollar
EXPR: 1 | POS | INT | 32 | 4 | 4 | 6=(((12+(7+x))-4)-13) | 6 12 7 x + + 4 - 13 - = | 6:dollar 12:dollar 7:dollar x:dollar +:dollar +:dollar 4:dollar -:dollar 13:dollar -:dollar =:dollar
EXPR: 1 | POS | INT | 32 | 4 | 4 | 7=((((6-12)+x)+13)-4) | 7 6 12 - x + 13 + 4 - = | 7:dollar 6:dollar 12:dollar -:dollar x:dollar +:dollar 13:dollar +:dollar 4:dollar -:dollar =:dollar
EXPR: 1 | POS | INT | 32 | 4 | 4 | 6=(12+(((7+4)-x)-13)) | 6 12 7 4 + x - 13 - + = | 6:dollar 12:dollar 7:dollar 4:dollar +:dollar x:dollar -:dollar 13:dollar -:dollar +:dollar =:dollar
EXPR: 1 | POS | INT | 32 | 4 | 4 | 6=(12+(((7-4)+x)-13)) | 6 12 7 4 - x + 13 - + = | 6:dollar 12:dollar 7:dollar 4:dollar -:dollar x:dollar +:dollar 13:dollar -:dollar +:dollar =:dollar
EXPR: 0 | POS | INT | 32 | 4 | 8 | 6=(12-(((7+4)+x)-13)) | 6 12 7 4 + x + 13 - - = | 6:dollar 12:dollar 7:dollar 4:dollar +:dollar x:dollar +:dollar 13:dollar -:dollar -:dollar =:dollar
EXPR: 1 | POS | INT | 35 | 4 | 4 | x=(7-((13+(6-12))-4)) | x 7 13 6 12 - + 4 - - = | x:dollar 7:dollar 13:dollar 6:dollar 12:dollar -:dollar +:dollar 4:dollar -:dollar -:dollar =:dollar
EXPR: 0 | POS | INT | 35 | 4 | 8 | x=(7+((6-(13-12))-4)) | x 7 6 13 12 - - 4 - + = | x:dollar 7:dollar 6:dollar 13:dollar 12:dollar -:dollar -:dollar 4:dollar -:dollar +:dollar =:dollar
EXPR: 0 | POS | INT | 35 | 4 | 34 | x=(((12-(4-7))+13)+6) | x 12 4 7 - - 13 + 6 + = | x:dollar 12:dollar 4:dollar 7:dollar -:dollar -:dollar 13:dollar +:dollar 6:dollar +:dollar =:dollar
EXPR: 0 | POS | INT | 35 | 4 | 6 | x=((4-(12-7))+(13-6)) | x 4 12 7 - - 13 6 - + = | x:dollar 4:dollar 12:dollar 7:dollar -:dollar -:dollar 13:dollar 6:dollar -:dollar +:dollar =:dollar
EXPR: 0 | POS | INT | 35 | 4 | 34 | x=((6-(4-7))+(12+13)) | x 6 4 7 - - 12 13 + + = | x:dollar 6:dollar 4:dollar 7:dollar -:dollar -:dollar 12:dollar 13:dollar +:dollar +:dollar =:dollar
EXPR: 0 | POS | INT | 35 | 4 | 6 | x=(13+((7+(4-12))-6)) | x 13 7 4 12 - + 6 - + = | x:dollar 13:dollar 7:dollar 4:dollar 12:dollar -:dollar +:dollar 6:dollar -:dollar +:dollar =:dollar
EXPR: 0 | POS | INT | 35 | 4 | 20 | x=(13-(7-(12+(6-4)))) | x 13 7 12 6 4 - + - - = | x:dollar 13:dollar 7:dollar 12:dollar 6:dollar 4:dollar -:dollar +:dollar -:dollar -:dollar =:dollar
EXPR: 0 | POS | INT | 35 | 4 | 20 | x=((12-(7-(6+13)))-4) | x 12 7 6 13 + - - 4 - = | x:dollar 12:dollar 7:dollar 6:dollar 13:dollar +:dollar -:dollar -:dollar 4:dollar -:dollar =:dollar
EXPR: 0 | POS | INT | 35 | 4 | 8 | x=(((6-4)+(7+12))-13) | x 6 4 - 7 12 + + 13 - = | x:dollar 6:dollar 4:dollar -:dollar 7:dollar 12:dollar +:dollar +:dollar 13:dollar -:dollar =:dollar
EXPR: 0 | POS | INT | 36 | 4 | 6 | x=((4-(12-7))+(13-6)) | x 4 12 7 - - 13 6 - + = | x:dollar 4:dollar 12:dollar 7:dollar -:dollar -:dollar 13:dollar 6:dollar -:dollar +:dollar =:dollar
EXPR: 0 | POS | INT | 36 | 4 | 8 | x=(((6-4)+(7+12))-13) | x 6 4 - 7 12 + + 13 - = | x:dollar 6:dollar 4:dollar -:dollar 7:dollar 12:dollar +:dollar +:dollar 13:dollar -:dollar =:dollar
EXPR: 0 | POS | INT | 37 | 4 | 20 | 13=(((7-12)-6)+(4+x)) | 13 7 12 - 6 - 4 x + + = | 13:dollar 7:dollar 12:dollar -:dollar 6:dollar -:dollar 4:dollar x:dollar +:dollar +:dollar =:dollar
EXPR: 0 | POS | INT | 37 | 4 | 16 | 13=((7-12)+(x+(6-4))) | 13 7 12 - x 6 4 - + + = | 13:dollar 7:dollar 12:dollar -:dollar x:dollar 6:dollar 4:dollar -:dollar +:dollar +:dollar =:dollar
EXPR: 0 | POS | INT | 37 | 4 | 34 | ((x-(7+12))-6)=(13-4) | x 7 12 + - 6 - 13 4 - = | x:dollar 7:dollar 12:dollar +:dollar -:dollar 6:dollar -:dollar 13:dollar 4:dollar -:dollar =:dollar
EXPR: 0 | POS | INT | 37 | 4 | 16 | (13-(7+((12-x)+6)))=4 | 13 7 12 x - 6 + + - 4 = | 13:dollar 7:dollar 12:dollar x:dollar -:dollar 6:dollar +:dollar +:dollar -:dollar 4:dollar =:dollar
EXPR: 1 | POS | INT | 37 | 4 | 4 | 13=((7-((x-12)+6))+4) | 13 7 x 12 - 6 + - 4 + = | 13:dollar 7:dollar x:dollar 12:dollar -:dollar 6:dollar +:dollar -:dollar 4:dollar +:dollar =:dollar
EXPR: 0 | POS | INT | 37 | 4 | 28 | 13=((7+((x-12)-6))-4) | 13 7 x 12 - 6 - + 4 - = | 13:dollar 7:dollar x:dollar 12:dollar -:dollar 6:dollar -:dollar +:dollar 4:dollar -:dollar =:dollar
EXPR: 0 | POS | INT | 40 | 4 | 10 | x=((13+(7+(6-12)))-4) | x 13 7 6 12 - + + 4 - = | x:dollar 13:dollar 7:dollar 6:dollar 12:dollar -:dollar +:dollar +:dollar 4:dollar -:dollar =:dollar
EXPR: 0 | POS | INT | 41 | 4 | 10 | x=((13+(7+(6-12)))-4) | x 13 7 6 12 - + + 4 - = | x:dollar 13:dollar 7:dollar 6:dollar 12:dollar -:dollar +:dollar +:dollar 4:dollar -:dollar =:dollar
EXPR: 0 | POS | INT | 42 | 4 | 10 | (x-7)=((6-12)+(13-4)) | x 7 - 6 12 - 13 4 - + = | x:dollar 7:dollar -:dollar 6:dollar 12:dollar -:dollar 13:dollar 4:dollar -:dollar +:dollar =:dollar
EXPR: 0 | POS | INT | 42 | 4 | 10 | 13=((x+4)-((7-12)+6)) | 13 x 4 + 7 12 - 6 + - = | 13:dollar x:dollar 4:dollar +:dollar 7:dollar 12:dollar -:dollar 6:dollar +:dollar -:dollar =:dollar
EXPR: 0 | POS | INT | 42 | 4 | 2 | 13=((((4-x)-7)+12)+6) | 13 4 x - 7 - 12 + 6 + = | 13:dollar 4:dollar x:dollar -:dollar 7:dollar -:dollar 12:dollar +:dollar 6:dollar +:dollar =:dollar
EXPR: 0 | POS | INT | 42 | 4 | 42 | 13=((x-7)-(6+(12+4))) | 13 x 7 - 6 12 4 + + - = | 13:dollar x:dollar 7:dollar -:dollar 6:dollar 12:dollar 4:dollar +:dollar +:dollar -:dollar =:dollar
EXPR: 0 | POS | INT | 42 | 4 | 16 | 13=((7+((6-12)-4))+x) | 13 7 6 12 - 4 - + x + = | 13:dollar 7:dollar 6:dollar 12:dollar -:dollar 4:dollar -:dollar +:dollar x:dollar +:dollar =:dollar
EXPR: 0 | POS | INT | 42 | 4 | 28 | 6=(((7-13)+x)-(12+4)) | 6 7 13 - x + 12 4 + - = | 6:dollar 7:dollar 13:dollar -:dollar x:dollar +:dollar 12:dollar 4:dollar +:dollar -:dollar =:dollar
EXPR: 1 | POS | INT | 45 | 4 | 4 | x=(7-(((6-4)+13)-12)) | x 7 6 4 - 13 + 12 - - = | x:dollar 7:dollar 6:dollar 4:dollar -:dollar 13:dollar +:dollar 12:dollar -:dollar -:dollar =:dollar
EXPR: 0 | POS | INT | 45 | 4 | 10 | x=((6-(12-7))+(13-4)) | x 6 12 7 - - 13 4 - + = | x:dollar 6:dollar 12:dollar 7:dollar -:dollar -:dollar 13:dollar 4:dollar -:dollar +:dollar =:dollar
EXPR: 0 | POS | INT | 45 | 4 | 18 | x=((13+(6+(7-12)))+4) | x 13 6 7 12 - + + 4 + = | x:dollar 13:dollar 6:dollar 7:dollar 12:dollar -:dollar +:dollar +:dollar 4:dollar +:dollar =:dollar
EXPR: 0 | POS | INT | 45 | 4 | 8 | x=(((12-(4-6))+7)-13) | x 12 4 6 - - 7 + 13 - = | x:dollar 12:dollar 4:dollar 6:dollar -:dollar -:dollar 7:dollar +:dollar 13:dollar -:dollar =:dollar
EXPR: 0 | POS | INT | 45 | 4 | 2 | x=((((12+4)+6)-7)-13) | x 12 4 + 6 + 7 - 13 - = | x:dollar 12:dollar 4:dollar +:dollar 6:dollar +:dollar 7:dollar -:dollar 13:dollar -:dollar =:dollar
EXPR: 0 | POS | INT | 45 | 4 | 22 | x=((7-((4-13)+6))+12) | x 7 4 13 - 6 + - 12 + = | x:dollar 7:dollar 4:dollar 13:dollar -:dollar 6:dollar +:dollar -:dollar 12:dollar +:dollar =:dollar
EXPR: 1 | POS | INT | 45 | 4 | 4 | x=(((12+4)-6)+(7-13)) | x 12 4 + 6 - 7 13 - + = | x:dollar 12:dollar 4:dollar +:dollar 6:dollar -:dollar 7:dollar 13:dollar -:dollar +:dollar =:dollar
EXPR: 0 | POS | INT | 45 | 4 | 22 | x=(12-((6+(4-7))-13)) | x 12 6 4 7 - + 13 - - = | x:dollar 12:dollar 6:dollar 4:dollar 7:dollar -:dollar +:dollar 13:dollar -:dollar -:dollar =:dollar
EXPR: 0 | POS | INT | 45 | 4 | 6 | x=(((4-12)-6)+(7+13)) | x 4 12 - 6 - 7 13 + + = | x:dollar 4:dollar 12:dollar -:dollar 6:dollar -:dollar 7:dollar 13:dollar +:dollar +:dollar =:dollar
EXPR: 0 | POS | INT | 45 | 4 | 6 | x=((7-6)+(4+(13-12))) | x 7 6 - 4 13 12 - + + = | x:dollar 7:dollar 6:dollar -:dollar 4:dollar 13:dollar 12:dollar -:dollar +:dollar +:dollar =:dollar
EXPR: 0 | POS | INT | 45 | 4 | 18 | x=((7+6)+(4+(13-12))) | x 7 6 + 4 13 12 - + + = | x:dollar 7:dollar 6:dollar +:dollar 4:dollar 13:dollar 12:dollar -:dollar +:dollar +:dollar =:dollar
EXPR: 0 | POS | INT | 45 | 4 | 10 | x=((7+6)-(4-(13-12))) | x 7 6 + 4 13 12 - - - = | x:dollar 7:dollar 6:dollar +:dollar 4:dollar 13:dollar 12:dollar -:dollar -:dollar -:dollar =:dollar
EXPR: 1 | POS | INT | 45 | 4 | 4 | x=((7-6)+(4-(13-12))) | x 7 6 - 4 13 12 - - + = | x:dollar 7:dollar 6:dollar -:dollar 4:dollar 13:dollar 12:dollar -:dollar -:dollar +:dollar =:dollar
EXPR: 0 | POS | INT | 45 | 4 | 8 | x=((7+((6-4)-13))+12) | x 7 6 4 - 13 - + 12 + = | x:dollar 7:dollar 6:dollar 4:dollar -:dollar 13:dollar -:dollar +:dollar 12:dollar +:dollar =:dollar
EXPR: 0 | POS | INT | 45 | 4 | 22 | x=(((12-6)-4)+(7+13)) | x 12 6 - 4 - 7 13 + + = | x:dollar 12:dollar 6:dollar -:dollar 4:dollar -:dollar 7:dollar 13:dollar +:dollar +:dollar =:dollar
EXPR: 1 | POS | INT | 45 | 4 | 4 | x=((7-((6-4)+13))+12) | x 7 6 4 - 13 + - 12 + = | x:dollar 7:dollar 6:dollar 4:dollar -:dollar 13:dollar +:dollar -:dollar 12:dollar +:dollar =:dollar
EXPR: 0 | POS | INT | 45 | 4 | 16 | x=((7+(6+(4-13)))+12) | x 7 6 4 13 - + + 12 + = | x:dollar 7:dollar 6:dollar 4:dollar 13:dollar -:dollar +:dollar +:dollar 12:dollar +:dollar =:dollar
EXPR: 0 | POS | INT | 46 | 4 | 18 | x=((13+(6+(7-12)))+4) | x 13 6 7 12 - + + 4 + = | x:dollar 13:dollar 6:dollar 7:dollar 12:dollar -:dollar +:dollar +:dollar 4:dollar +:dollar =:dollar
EXPR: 0 | POS | INT | 46 | 4 | 2 | x=((((12+4)+6)-7)-13) | x 12 4 + 6 + 7 - 13 - = | x:dollar 12:dollar 4:dollar +:dollar 6:dollar +:dollar 7:dollar -:dollar 13:dollar -:dollar =:dollar
EXPR: 0 | POS | INT | 46 | 4 | 6 | x=(((4-12)-6)+(7+13)) | x 4 12 - 6 - 7 13 + + = | x:dollar 4:dollar 12:dollar -:dollar 6:dollar -:dollar 7:dollar 13:dollar +:dollar +:dollar =:dollar
EXPR: 0 | POS | INT | 46 | 4 | 10 | x=((7+6)-(4-(13-12))) | x 7 6 + 4 13 12 - - - = | x:dollar 7:dollar 6:dollar +:dollar 4:dollar 13:dollar 12:dollar -:dollar -:dollar -:dollar =:dollar
EXPR: 1 | POS | INT | 46 | 4 | 4 | x=((7-6)+(4-(13-12))) | x 7 6 - 4 13 12 - - + = | x:dollar 7:dollar 6:dollar -:dollar 4:dollar 13:dollar 12:dollar -:dollar -:dollar +:dollar =:dollar
EXPR: 0 | POS | INT | 47 | 4 | 2 | 12=((((x-6)-4)+7)+13) | 12 x 6 - 4 - 7 + 13 + = | 12:dollar x:dollar 6:dollar -:dollar 4:dollar -:dollar 7:dollar +:dollar 13:dollar +:dollar =:dollar
EXPR: 0 | POS | INT | 47 | 4 | 16 | 12=((((6-4)+x)+7)-13) | 12 6 4 - x + 7 + 13 - = | 12:dollar 6:dollar 4:dollar -:dollar x:dollar +:dollar 7:dollar +:dollar 13:dollar -:dollar =:dollar
EXPR: 1 | POS | INT | 47 | 4 | 4 | (13-(12+((7-x)-6)))=4 | 13 12 7 x - 6 - + - 4 = | 13:dollar 12:dollar 7:dollar x:dollar -:dollar 6:dollar -:dollar +:dollar -:dollar 4:dollar =:dollar
EXPR: 1 | POS | INT | 47 | 4 | 4 | 12=(6-((7-13)+(x-4))) | 12 6 7 13 - x 4 - + - = | 12:dollar 6:dollar 7:dollar 13:dollar -:dollar x:dollar 4:dollar -:dollar +:dollar -:dollar =:dollar
EXPR: 1 | POS | INT | 47 | 4 | 4 | 7=((6-(x-13))+(4-12)) | 7 6 x 13 - - 4 12 - + = | 7:dollar 6:dollar x:dollar 13:dollar -:dollar -:dollar 4:dollar 12:dollar -:dollar +:dollar =:dollar
EXPR: 0 | POS | INT | 47 | 4 | 16 | (x-(13+((12-7)-6)))=4 | x 13 12 7 - 6 - + - 4 = | x:dollar 13:dollar 12:dollar 7:dollar -:dollar 6:dollar -:dollar +:dollar -:dollar 4:dollar =:dollar
EXPR: 0 | POS | INT | 47 | 4 | 30 | 13=(((6-(7+12))-4)+x) | 13 6 7 12 + - 4 - x + = | 13:dollar 6:dollar 7:dollar 12:dollar +:dollar -:dollar 4:dollar -:dollar x:dollar +:dollar =:dollar
EXPR: 1 | POS | INT | 47 | 4 | 4 | 6=(12+((7-(13-x))-4)) | 6 12 7 13 x - - 4 - + = | 6:dollar 12:dollar 7:dollar 13:dollar x:dollar -:dollar -:dollar 4:dollar -:dollar +:dollar =:dollar
EXPR: 0 | POS | INT | 47 | 4 | 8 | 6=((12-((x+4)+7))+13) | 6 12 x 4 + 7 + - 13 + = | 6:dollar 12:dollar x:dollar 4:dollar +:dollar 7:dollar +:dollar -:dollar 13:dollar +:dollar =:dollar
EXPR: 0 | POS | INT | 47 | 4 | 16 | 6=((x+13)-((7+12)+4)) | 6 x 13 + 7 12 + 4 + - = | 6:dollar x:dollar 13:dollar +:dollar 7:dollar 12:dollar +:dollar 4:dollar +:dollar -:dollar =:dollar
EXPR: 1 | POS | INT | 47 | 4 | 4 | 6=((12+((x-4)+7))-13) | 6 12 x 4 - 7 + + 13 - = | 6:dollar 12:dollar x:dollar 4:dollar -:dollar 7:dollar +:dollar +:dollar 13:dollar -:dollar =:dollar
EXPR: 0 | POS | INT | 50 | 4 | 28 | x=(13+((12+(4-7))+6)) | x 13 12 4 7 - + 6 + + = | x:dollar 13:dollar 12:dollar 4:dollar 7:dollar -:dollar +:dollar 6:dollar +:dollar +:dollar =:dollar
EXPR: 0 | POS | INT | 50 | 4 | 20 | x=(13-((7+(4-6))-12)) | x 13 7 4 6 - + 12 - - = | x:dollar 13:dollar 7:dollar 4:dollar 6:dollar -:dollar +:dollar 12:dollar -:dollar -:dollar =:dollar
EXPR: 0 | POS | INT | 51 | 4 | 28 | x=(13+((12+(4-7))+6)) | x 13 12 4 7 - + 6 + + = | x:dollar 13:dollar 12:dollar 4:dollar 7:dollar -:dollar +:dollar 6:dollar +:dollar +:dollar =:dollar
EXPR: 0 | POS | INT | 51 | 4 | 20 | x=(13-((7+(4-6))-12)) | x 13 7 4 6 - + 12 - - = | x:dollar 13:dollar 7:dollar 4:dollar 6:dollar -:dollar +:dollar 12:dollar -:dollar -:dollar =:dollar
EXPR: 0 | POS | INT | 52 | 4 | 30 | (x-13)=(7-(6-(12+4))) | x 13 - 7 6 12 4 + - - = | x:dollar 13:dollar -:dollar 7:dollar 6:dollar 12:dollar 4:dollar +:dollar -:dollar -:dollar =:dollar
EXPR: 0 | POS | INT | 52 | 4 | 20 | 12=((4-13)+(x+(7-6))) | 12 4 13 - x 7 6 - + + = | 12:dollar 4:dollar 13:dollar -:dollar x:dollar 7:dollar 6:dollar -:dollar +:dollar +:dollar =:dollar
EXPR: 0 | POS | INT | 52 | 4 | 16 | 13=(x+(((7-4)+6)-12)) | 13 x 7 4 - 6 + 12 - + = | 13:dollar x:dollar 7:dollar 4:dollar -:dollar 6:dollar +:dollar 12:dollar -:dollar +:dollar =:dollar
EXPR: 0 | POS | INT | 52 | 4 | 20 | 13=(x+(((7+4)-6)-12)) | 13 x 7 4 + 6 - 12 - + = | 13:dollar x:dollar 7:dollar 4:dollar +:dollar 6:dollar -:dollar 12:dollar -:dollar +:dollar =:dollar
EXPR: 0 | POS | INT | 52 | 4 | 10 | 13=((12+((4-7)-6))+x) | 13 12 4 7 - 6 - + x + = | 13:dollar 12:dollar 4:dollar 7:dollar -:dollar 6:dollar -:dollar +:dollar x:dollar +:dollar =:dollar
EXPR: 0 | POS | INT | 52 | 4 | 8 | 6=((x-(7-13))+(4-12)) | 6 x 7 13 - - 4 12 - + = | 6:dollar x:dollar 7:dollar 13:dollar -:dollar -:dollar 4:dollar 12:dollar -:dollar +:dollar =:dollar
EXPR: 0 | POS | INT | 55 | 4 | 28 | x=(4+(13-((7-6)-12))) | x 4 13 7 6 - 12 - - + = | x:dollar 4:dollar 13:dollar 7:dollar 6:dollar -:dollar 12:dollar -:dollar -:dollar +:dollar =:dollar
EXPR: 0 | POS | INT | 55 | 4 | 2 | x=((12+((6-13)-7))+4) | x 12 6 13 - 7 - + 4 + = | x:dollar 12:dollar 6:dollar 13:dollar -:dollar 7:dollar -:dollar +:dollar 4:dollar +:dollar =:dollar
EXPR: 0 | POS | INT | 56 | 4 | 28 | x=(4+(13-((7-6)-12))) | x 4 13 7 6 - 12 - - + = | x:dollar 4:dollar 13:dollar 7:dollar 6:dollar -:dollar 12:dollar -:dollar -:dollar +:dollar =:dollar
EXPR: 0 | POS | INT | 57 | 4 | 20 | (x-12)=((6-7)+(13-4)) | x 12 - 6 7 - 13 4 - + = | x:dollar 12:dollar -:dollar 6:dollar 7:dollar -:dollar 13:dollar 4:dollar -:dollar +:dollar =:dollar
EXPR: 0 | POS | INT | 57 | 4 | 18 | ((x-(7+4))-6)=(13-12) | x 7 4 + - 6 - 13 12 - = | x:dollar 7:dollar 4:dollar +:dollar -:dollar 6:dollar -:dollar 13:dollar 12:dollar -:dollar =:dollar
EXPR: 0 | POS | INT | 57 | 4 | 34 | ((x-13)-12)=((7+6)-4) | x 13 - 12 - 7 6 + 4 - = | x:dollar 13:dollar -:dollar 12:dollar -:dollar 7:dollar 6:dollar +:dollar 4:dollar -:dollar =:dollar
EXPR: 0 | POS | INT | 57 | 4 | 8 | 6=((12+13)-((x+7)+4)) | 6 12 13 + x 7 + 4 + - = | 6:dollar 12:dollar 13:dollar +:dollar x:dollar 7:dollar +:dollar 4:dollar +:dollar -:dollar =:dollar
EXPR: 0 | POS | INT | 57 | 4 | 20 | 4=(((13-7)-(x-6))+12) | 4 13 7 - x 6 - - 12 + = | 4:dollar 13:dollar 7:dollar -:dollar x:dollar 6:dollar -:dollar -:dollar 12:dollar +:dollar =:dollar
EXPR: 0 | POS | INT | 57 | 4 | 20 | 13=(((x-6)-12)+(7+4)) | 13 x 6 - 12 - 7 4 + + = | 13:dollar x:dollar 6:dollar -:dollar 12:dollar -:dollar 7:dollar 4:dollar +:dollar +:dollar =:dollar
EXPR: 0 | POS | INT | 57 | 4 | 2 | (13+(x-(6-(7-4))))=12 | 13 x 6 7 4 - - - + 12 = | 13:dollar x:dollar 6:dollar 7:dollar 4:dollar -:dollar -:dollar -:dollar +:dollar 12:dollar =:dollar
EXPR: 0 | POS | INT | 57 | 4 | 2 | 6=(13+(((7-4)+x)-12)) | 6 13 7 4 - x + 12 - + = | 6:dollar 13:dollar 7:dollar 4:dollar -:dollar x:dollar +:dollar 12:dollar -:dollar +:dollar =:dollar
EXPR: 1 | POS | INT | 60 | 4 | 4 | x=((6+(13+(4-7)))-12) | x 6 13 4 7 - + + 12 - = | x:dollar 6:dollar 13:dollar 4:dollar 7:dollar -:dollar +:dollar +:dollar 12:dollar -:dollar =:dollar
EXPR: 0 | POS | INT | 60 | 4 | 22 | x=(13-((6+(4-7))-12)) | x 13 6 4 7 - + 12 - - = | x:dollar 13:dollar 6:dollar 4:dollar 7:dollar -:dollar +:dollar 12:dollar -:dollar -:dollar =:dollar
EXPR: 0 | POS | INT | 60 | 4 | 8 | x=(((6-13)-4)+(7+12)) | x 6 13 - 4 - 7 12 + + = | x:dollar 6:dollar 13:dollar -:dollar 4:dollar -:dollar 7:dollar 12:dollar +:dollar +:dollar =:dollar
EXPR: 1 | POS | INT | 61 | 4 | 4 | x=((6+(13+(4-7)))-12) | x 6 13 4 7 - + + 12 - = | x:dollar 6:dollar 13:dollar 4:dollar 7:dollar -:dollar +:dollar +:dollar 12:dollar -:dollar =:dollar
EXPR: 0 | POS | INT | 61 | 4 | 8 | x=(((6-13)-4)+(7+12)) | x 6 13 - 4 - 7 12 + + = | x:dollar 6:dollar 13:dollar -:dollar 4:dollar -:dollar 7:dollar 12:dollar +:dollar +:dollar =:dollar
EXPR: 0 | POS | INT | 62 | 4 | 16 | (6+(7+4))=(13+(x-12)) | 6 7 4 + + 13 x 12 - + = | 6:dollar 7:dollar 4:dollar +:dollar +:dollar 13:dollar x:dollar 12:dollar -:dollar +:dollar =:dollar
EXPR: 0 | POS | INT | 67 | 4 | 28 | ((x-12)-6)=((13-7)+4) | x 12 - 6 - 13 7 - 4 + = | x:dollar 12:dollar -:dollar 6:dollar -:dollar 13:dollar 7:dollar -:dollar 4:dollar +:dollar =:dollar
EXPR: 0 | POS | INT | 67 | 4 | 16 | ((13-12)-6)=((7+4)-x) | 13 12 - 6 - 7 4 + x - = | 13:dollar 12:dollar -:dollar 6:dollar -:dollar 7:dollar 4:dollar +:dollar x:dollar -:dollar =:dollar
EXPR: 1 | POS | INT | 70 | 4 | 4 | x=((13+(4+(6-12)))-7) | x 13 4 6 12 - + + 7 - = | x:dollar 13:dollar 4:dollar 6:dollar 12:dollar -:dollar +:dollar +:dollar 7:dollar -:dollar =:dollar
EXPR: 1 | POS | INT | 70 | 4 | 4 | x=(12-(((6-4)+13)-7)) | x 12 6 4 - 13 + 7 - - = | x:dollar 12:dollar 6:dollar 4:dollar -:dollar 13:dollar +:dollar 7:dollar -:dollar -:dollar =:dollar
EXPR: 0 | POS | INT | 70 | 4 | 22 | x=((13-((4-12)+6))+7) | x 13 4 12 - 6 + - 7 + = | x:dollar 13:dollar 4:dollar 12:dollar -:dollar 6:dollar +:dollar -:dollar 7:dollar +:dollar =:dollar
EXPR: 0 | POS | INT | 70 | 4 | 22 | x=((12-((4-13)+6))+7) | x 12 4 13 - 6 + - 7 + = | x:dollar 12:dollar 4:dollar 13:dollar -:dollar 6:dollar +:dollar -:dollar 7:dollar +:dollar =:dollar
EXPR: 0 | POS | INT | 70 | 4 | 28 | x=((12+6)+(4+(13-7))) | x 12 6 + 4 13 7 - + + = | x:dollar 12:dollar 6:dollar +:dollar 4:dollar 13:dollar 7:dollar -:dollar +:dollar +:dollar =:dollar
EXPR: 0 | POS | INT | 70 | 4 | 20 | x=((12+6)-(4-(13-7))) | x 12 6 + 4 13 7 - - - = | x:dollar 12:dollar 6:dollar +:dollar 4:dollar 13:dollar 7:dollar -:dollar -:dollar -:dollar =:dollar
EXPR: 1 | POS | INT | 70 | 4 | 4 | x=((12-6)+(4-(13-7))) | x 12 6 - 4 13 7 - - + = | x:dollar 12:dollar 6:dollar -:dollar 4:dollar 13:dollar 7:dollar -:dollar -:dollar +:dollar =:dollar
EXPR: 1 | POS | INT | 70 | 4 | 4 | x=((4-12)+(6+(13-7))) | x 4 12 - 6 13 7 - + + = | x:dollar 4:dollar 12:dollar -:dollar 6:dollar 13:dollar 7:dollar -:dollar +:dollar +:dollar =:dollar
EXPR: 0 | POS | INT | 70 | 4 | 8 | x=((12-6)-(4-(13-7))) | x 12 6 - 4 13 7 - - - = | x:dollar 12:dollar 6:dollar -:dollar 4:dollar 13:dollar 7:dollar -:dollar -:dollar -:dollar =:dollar
EXPR: 1 | POS | INT | 71 | 4 | 4 | x=((13+(4+(6-12)))-7) | x 13 4 6 12 - + + 7 - = | x:dollar 13:dollar 4:dollar 6:dollar 12:dollar -:dollar +:dollar +:dollar 7:dollar -:dollar =:dollar
EXPR: 0 | POS | INT | 72 | 4 | 2 | 4=((((13-12)-6)+7)+x) | 4 13 12 - 6 - 7 + x + = | 4:dollar 13:dollar 12:dollar -:dollar 6:dollar -:dollar 7:dollar +:dollar x:dollar +:dollar =:dollar
EXPR: 0 | POS | INT | 72 | 4 | 34 | 13=(4-((12+(6-x))+7)) | 13 4 12 6 x - + 7 + - = | 13:dollar 4:dollar 12:dollar 6:dollar x:dollar -:dollar +:dollar 7:dollar +:dollar -:dollar =:dollar
EXPR: 1 | POS | INT | 72 | 4 | 4 | 12=((6-(x-13))+(4-7)) | 12 6 x 13 - - 4 7 - + = | 12:dollar 6:dollar x:dollar 13:dollar -:dollar -:dollar 4:dollar 7:dollar -:dollar +:dollar =:dollar
EXPR: 0 | POS | INT | 72 | 4 | 28 | ((x-4)-6)=((13-7)+12) | x 4 - 6 - 13 7 - 12 + = | x:dollar 4:dollar -:dollar 6:dollar -:dollar 13:dollar 7:dollar -:dollar 12:dollar +:dollar =:dollar
EXPR: 0 | POS | INT | 72 | 4 | 34 | ((4-12)-((6-x)+13))=7 | 4 12 - 6 x - 13 + - 7 = | 4:dollar 12:dollar -:dollar 6:dollar x:dollar -:dollar 13:dollar +:dollar -:dollar 7:dollar =:dollar
EXPR: 1 | POS | INT | 72 | 4 | 4 | 12=(4+(13-((x-6)+7))) | 12 4 13 x 6 - 7 + - + = | 12:dollar 4:dollar 13:dollar x:dollar 6:dollar -:dollar 7:dollar +:dollar -:dollar +:dollar =:dollar
EXPR: 0 | POS | INT | 72 | 4 | 10 | 13=((4+((x+12)-6))-7) | 13 4 x 12 + 6 - + 7 - = | 13:dollar 4:dollar x:dollar 12:dollar +:dollar 6:dollar -:dollar +:dollar 7:dollar -:dollar =:dollar
EXPR: 0 | POS | INT | 72 | 4 | 8 | (13+(x+((4-12)-6)))=7 | 13 x 4 12 - 6 - + + 7 = | 13:dollar x:dollar 4:dollar 12:dollar -:dollar 6:dollar -:dollar +:dollar +:dollar 7:dollar =:dollar
EXPR: 0 | POS | INT | 82 | 4 | 16 | (x-6)=((4-(13-12))+7) | x 6 - 4 13 12 - - 7 + = | x:dollar 6:dollar -:dollar 4:dollar 13:dollar 12:dollar -:dollar -:dollar 7:dollar +:dollar =:dollar
EXPR: 0 | POS | INT | 82 | 4 | 8 | ((6-13)+12)=((4-7)+x) | 6 13 - 12 + 4 7 - x + = | 6:dollar 13:dollar -:dollar 12:dollar +:dollar 4:dollar 7:dollar -:dollar x:dollar +:dollar =:dollar
NET 281 non-negative, integer-valued solutions found out of 476 total solutions
