parameters: n=7 l=3 k=1 p=5 q=1 m=9
TOTAL 480 solutions found
SOLN: CORRECT | POS/NEG | INT/FRA | OBJ-SCORE | TRUE-ANS | ANS | INFIX | POSTFIX | TYPED-POSTFIX
EXPR: 1 | POS | FRA | 0 | 0.916667 | 0.916666666666667 | (0.08333333333333333+(0.75+0.08333333333333333))=x | 0.08333333333333333 0.75 0.08333333333333333 + + x = | 0.08333333333333333:restaurant 0.75:restaurant 0.08333333333333333:restaurant +:restaurant +:restaurant x:restaurant =:restaurant
EXPR: 0 | POS | FRA | 0 | 0.916667 | 0.75 | x=(0.08333333333333333+(0.75-0.08333333333333333)) | x 0.08333333333333333 0.75 0.08333333333333333 - + = | x:restaurant 0.08333333333333333:restaurant 0.75:restaurant 0.08333333333333333:restaurant -:restaurant +:restaurant =:restaurant
EXPR: 0 | POS | FRA | 0 | 0.916667 | 0.75 | x=((0.08333333333333333+0.75)-0.08333333333333333) | x 0.08333333333333333 0.75 + 0.08333333333333333 - = | x:restaurant 0.08333333333333333:restaurant 0.75:restaurant +:restaurant 0.08333333333333333:restaurant -:restaurant =:restaurant
EXPR: 1 | POS | FRA | 0 | 0.916667 | 0.916666666666667 | x=((0.08333333333333333+0.75)+0.08333333333333333) | x 0.08333333333333333 0.75 + 0.08333333333333333 + = | x:restaurant 0.08333333333333333:restaurant 0.75:restaurant +:restaurant 0.08333333333333333:restaurant +:restaurant =:restaurant
EXPR: 0 | POS | FRA | 0 | 0.916667 | 0.75 | (0.08333333333333333+(0.75-0.08333333333333333))=x | 0.08333333333333333 0.75 0.08333333333333333 - + x = | 0.08333333333333333:restaurant 0.75:restaurant 0.08333333333333333:restaurant -:restaurant +:restaurant x:restaurant =:restaurant
EXPR: 1 | POS | FRA | 0 | 0.916667 | 0.916666666666667 | x=(0.08333333333333333+(0.75+0.08333333333333333)) | x 0.08333333333333333 0.75 0.08333333333333333 + + = | x:restaurant 0.08333333333333333:restaurant 0.75:restaurant 0.08333333333333333:restaurant +:restaurant +:restaurant =:restaurant
EXPR: 0 | POS | FRA | 0 | 0.916667 | 0.75 | ((0.08333333333333333+0.75)-0.08333333333333333)=x | 0.08333333333333333 0.75 + 0.08333333333333333 - x = | 0.08333333333333333:restaurant 0.75:restaurant +:restaurant 0.08333333333333333:restaurant -:restaurant x:restaurant =:restaurant
EXPR: 1 | POS | FRA | 0 | 0.916667 | 0.916666666666667 | ((0.08333333333333333+0.75)+0.08333333333333333)=x | 0.08333333333333333 0.75 + 0.08333333333333333 + x = | 0.08333333333333333:restaurant 0.75:restaurant +:restaurant 0.08333333333333333:restaurant +:restaurant x:restaurant =:restaurant
EXPR: 0 | POS | FRA | 2 | 0.916667 | 0.75 | 0.08333333333333333=((0.75-x)+0.08333333333333333) | 0.08333333333333333 0.75 x - 0.08333333333333333 + = | 0.08333333333333333:restaurant 0.75:restaurant x:restaurant -:restaurant 0.08333333333333333:restaurant +:restaurant =:restaurant
EXPR: 0 | POS | FRA | 2 | 0.916667 | 0.75 | x=(0.08333333333333333-(0.08333333333333333-0.75)) | x 0.08333333333333333 0.08333333333333333 0.75 - - = | x:restaurant 0.08333333333333333:restaurant 0.08333333333333333:restaurant 0.75:restaurant -:restaurant -:restaurant =:restaurant
EXPR: 0 | POS | FRA | 2 | 0.916667 | 0.75 | 0.08333333333333333=(0.75-(x-0.08333333333333333)) | 0.08333333333333333 0.75 x 0.08333333333333333 - - = | 0.08333333333333333:restaurant 0.75:restaurant x:restaurant 0.08333333333333333:restaurant -:restaurant -:restaurant =:restaurant
EXPR: 0 | POS | FRA | 2 | 0.916667 | 0.583333333333333 | x=((0.75-0.08333333333333333)-0.08333333333333333) | x 0.75 0.08333333333333333 - 0.08333333333333333 - = | x:restaurant 0.75:restaurant 0.08333333333333333:restaurant -:restaurant 0.08333333333333333:restaurant -:restaurant =:restaurant
EXPR: 0 | POS | FRA | 2 | 0.916667 | 0.75 | (0.75+(0.08333333333333333-0.08333333333333333))=x | 0.75 0.08333333333333333 0.08333333333333333 - + x = | 0.75:restaurant 0.08333333333333333:restaurant 0.08333333333333333:restaurant -:restaurant +:restaurant x:restaurant =:restaurant
EXPR: 1 | POS | FRA | 2 | 0.916667 | 0.916666666666667 | (x-(0.08333333333333333+0.75))=0.08333333333333333 | x 0.08333333333333333 0.75 + - 0.08333333333333333 = | x:restaurant 0.08333333333333333:restaurant 0.75:restaurant +:restaurant -:restaurant 0.08333333333333333:restaurant =:restaurant
EXPR: 0 | POS | FRA | 2 | 0.916667 | 0.583333333333333 | (0.75-(0.08333333333333333+0.08333333333333333))=x | 0.75 0.08333333333333333 0.08333333333333333 + - x = | 0.75:restaurant 0.08333333333333333:restaurant 0.08333333333333333:restaurant +:restaurant -:restaurant x:restaurant =:restaurant
EXPR: 0 | POS | FRA | 2 | 0.916667 | 0.583333333333333 | 0.08333333333333333=((0.75-0.08333333333333333)-x) | 0.08333333333333333 0.75 0.08333333333333333 - x - = | 0.08333333333333333:restaurant 0.75:restaurant 0.08333333333333333:restaurant -:restaurant x:restaurant -:restaurant =:restaurant
EXPR: 0 | POS | FRA | 2 | 0.916667 | 0.75 | x=(0.75-(0.08333333333333333-0.08333333333333333)) | x 0.75 0.08333333333333333 0.08333333333333333 - - = | x:restaurant 0.75:restaurant 0.08333333333333333:restaurant 0.08333333333333333:restaurant -:restaurant -:restaurant =:restaurant
EXPR: 0 | POS | FRA | 2 | 0.916667 | 0.75 | ((0.08333333333333333-0.08333333333333333)+0.75)=x | 0.08333333333333333 0.08333333333333333 - 0.75 + x = | 0.08333333333333333:restaurant 0.08333333333333333:restaurant -:restaurant 0.75:restaurant +:restaurant x:restaurant =:restaurant
EXPR: 0 | POS | FRA | 2 | 0.916667 | 0.75 | (0.75-(0.08333333333333333-0.08333333333333333))=x | 0.75 0.08333333333333333 0.08333333333333333 - - x = | 0.75:restaurant 0.08333333333333333:restaurant 0.08333333333333333:restaurant -:restaurant -:restaurant x:restaurant =:restaurant
EXPR: 0 | POS | FRA | 2 | 0.916667 | 0.75 | (0.08333333333333333-(0.08333333333333333-0.75))=x | 0.08333333333333333 0.08333333333333333 0.75 - - x = | 0.08333333333333333:restaurant 0.08333333333333333:restaurant 0.75:restaurant -:restaurant -:restaurant x:restaurant =:restaurant
EXPR: 0 | POS | FRA | 2 | 0.916667 | 0.583333333333333 | ((0.75-0.08333333333333333)-0.08333333333333333)=x | 0.75 0.08333333333333333 - 0.08333333333333333 - x = | 0.75:restaurant 0.08333333333333333:restaurant -:restaurant 0.08333333333333333:restaurant -:restaurant x:restaurant =:restaurant
EXPR: 1 | POS | FRA | 2 | 0.916667 | 0.916666666666667 | (0.75+(0.08333333333333333+0.08333333333333333))=x | 0.75 0.08333333333333333 0.08333333333333333 + + x = | 0.75:restaurant 0.08333333333333333:restaurant 0.08333333333333333:restaurant +:restaurant +:restaurant x:restaurant =:restaurant
EXPR: 0 | POS | FRA | 2 | 0.916667 | 0.583333333333333 | 0.08333333333333333=(0.75-(x+0.08333333333333333)) | 0.08333333333333333 0.75 x 0.08333333333333333 + - = | 0.08333333333333333:restaurant 0.75:restaurant x:restaurant 0.08333333333333333:restaurant +:restaurant -:restaurant =:restaurant
EXPR: 0 | POS | FRA | 2 | 0.916667 | 0.75 | ((0.75-0.08333333333333333)+0.08333333333333333)=x | 0.75 0.08333333333333333 - 0.08333333333333333 + x = | 0.75:restaurant 0.08333333333333333:restaurant -:restaurant 0.08333333333333333:restaurant +:restaurant x:restaurant =:restaurant
EXPR: 0 | POS | FRA | 2 | 0.916667 | 0.583333333333333 | 0.08333333333333333=((0.75-x)-0.08333333333333333) | 0.08333333333333333 0.75 x - 0.08333333333333333 - = | 0.08333333333333333:restaurant 0.75:restaurant x:restaurant -:restaurant 0.08333333333333333:restaurant -:restaurant =:restaurant
EXPR: 0 | POS | FRA | 2 | 0.916667 | 0.583333333333333 | x=(0.75-(0.08333333333333333+0.08333333333333333)) | x 0.75 0.08333333333333333 0.08333333333333333 + - = | x:restaurant 0.75:restaurant 0.08333333333333333:restaurant 0.08333333333333333:restaurant +:restaurant -:restaurant =:restaurant
EXPR: 0 | POS | FRA | 2 | 0.916667 | 0.75 | x=((0.75-0.08333333333333333)+0.08333333333333333) | x 0.75 0.08333333333333333 - 0.08333333333333333 + = | x:restaurant 0.75:restaurant 0.08333333333333333:restaurant -:restaurant 0.08333333333333333:restaurant +:restaurant =:restaurant
EXPR: 0 | POS | FRA | 2 | 0.916667 | 0.583333333333333 | 0.08333333333333333=(0.75-(0.08333333333333333+x)) | 0.08333333333333333 0.75 0.08333333333333333 x + - = | 0.08333333333333333:restaurant 0.75:restaurant 0.08333333333333333:restaurant x:restaurant +:restaurant -:restaurant =:restaurant
EXPR: 0 | POS | FRA | 2 | 0.916667 | 0.75 | x=(0.75+(0.08333333333333333-0.08333333333333333)) | x 0.75 0.08333333333333333 0.08333333333333333 - + = | x:restaurant 0.75:restaurant 0.08333333333333333:restaurant 0.08333333333333333:restaurant -:restaurant +:restaurant =:restaurant
EXPR: 0 | POS | FRA | 2 | 0.916667 | 0.75 | (0.08333333333333333-(x-0.75))=0.08333333333333333 | 0.08333333333333333 x 0.75 - - 0.08333333333333333 = | 0.08333333333333333:restaurant x:restaurant 0.75:restaurant -:restaurant -:restaurant 0.08333333333333333:restaurant =:restaurant
EXPR: 1 | POS | FRA | 2 | 0.916667 | 0.916666666666667 | ((x-0.08333333333333333)-0.75)=0.08333333333333333 | x 0.08333333333333333 - 0.75 - 0.08333333333333333 = | x:restaurant 0.08333333333333333:restaurant -:restaurant 0.75:restaurant -:restaurant 0.08333333333333333:restaurant =:restaurant
EXPR: 0 | POS | FRA | 2 | 0.916667 | 0.75 | 0.08333333333333333=((0.75+0.08333333333333333)-x) | 0.08333333333333333 0.75 0.08333333333333333 + x - = | 0.08333333333333333:restaurant 0.75:restaurant 0.08333333333333333:restaurant +:restaurant x:restaurant -:restaurant =:restaurant
EXPR: 0 | POS | FRA | 2 | 0.916667 | 0.75 | 0.08333333333333333=(0.75+(0.08333333333333333-x)) | 0.08333333333333333 0.75 0.08333333333333333 x - + = | 0.08333333333333333:restaurant 0.75:restaurant 0.08333333333333333:restaurant x:restaurant -:restaurant +:restaurant =:restaurant
EXPR: 0 | POS | FRA | 2 | 0.916667 | 0.75 | (0.08333333333333333-(0.75-x))=0.08333333333333333 | 0.08333333333333333 0.75 x - - 0.08333333333333333 = | 0.08333333333333333:restaurant 0.75:restaurant x:restaurant -:restaurant -:restaurant 0.08333333333333333:restaurant =:restaurant
EXPR: 1 | POS | FRA | 2 | 0.916667 | 0.916666666666667 | ((0.08333333333333333+0.08333333333333333)+0.75)=x | 0.08333333333333333 0.08333333333333333 + 0.75 + x = | 0.08333333333333333:restaurant 0.08333333333333333:restaurant +:restaurant 0.75:restaurant +:restaurant x:restaurant =:restaurant
EXPR: 0 | POS | FRA | 2 | 0.916667 | 0.75 | (0.08333333333333333+(x-0.75))=0.08333333333333333 | 0.08333333333333333 x 0.75 - + 0.08333333333333333 = | 0.08333333333333333:restaurant x:restaurant 0.75:restaurant -:restaurant +:restaurant 0.08333333333333333:restaurant =:restaurant
EXPR: 0 | POS | FRA | 2 | 0.916667 | 0.75 | ((0.08333333333333333-0.75)+x)=0.08333333333333333 | 0.08333333333333333 0.75 - x + 0.08333333333333333 = | 0.08333333333333333:restaurant 0.75:restaurant -:restaurant x:restaurant +:restaurant 0.08333333333333333:restaurant =:restaurant
EXPR: 0 | POS | FRA | 2 | 0.916667 | 0.75 | (x+(0.08333333333333333-0.75))=0.08333333333333333 | x 0.08333333333333333 0.75 - + 0.08333333333333333 = | x:restaurant 0.08333333333333333:restaurant 0.75:restaurant -:restaurant +:restaurant 0.08333333333333333:restaurant =:restaurant
EXPR: 0 | POS | FRA | 2 | 0.916667 | 0.75 | x=((0.08333333333333333-0.08333333333333333)+0.75) | x 0.08333333333333333 0.08333333333333333 - 0.75 + = | x:restaurant 0.08333333333333333:restaurant 0.08333333333333333:restaurant -:restaurant 0.75:restaurant +:restaurant =:restaurant
EXPR: 1 | POS | FRA | 2 | 0.916667 | 0.916666666666667 | x=((0.08333333333333333+0.08333333333333333)+0.75) | x 0.08333333333333333 0.08333333333333333 + 0.75 + = | x:restaurant 0.08333333333333333:restaurant 0.08333333333333333:restaurant +:restaurant 0.75:restaurant +:restaurant =:restaurant
EXPR: 0 | POS | FRA | 2 | 0.916667 | 0.75 | ((0.08333333333333333+0.75)-x)=0.08333333333333333 | 0.08333333333333333 0.75 + x - 0.08333333333333333 = | 0.08333333333333333:restaurant 0.75:restaurant +:restaurant x:restaurant -:restaurant 0.08333333333333333:restaurant =:restaurant
EXPR: 0 | POS | FRA | 2 | 0.916667 | 0.75 | ((x+0.08333333333333333)-0.75)=0.08333333333333333 | x 0.08333333333333333 + 0.75 - 0.08333333333333333 = | x:restaurant 0.08333333333333333:restaurant +:restaurant 0.75:restaurant -:restaurant 0.08333333333333333:restaurant =:restaurant
EXPR: 0 | POS | FRA | 2 | 0.916667 | 0.75 | (0.08333333333333333+(0.75-x))=0.08333333333333333 | 0.08333333333333333 0.75 x - + 0.08333333333333333 = | 0.08333333333333333:restaurant 0.75:restaurant x:restaurant -:restaurant +:restaurant 0.08333333333333333:restaurant =:restaurant
EXPR: 1 | POS | FRA | 2 | 0.916667 | 0.916666666666667 | x=(0.75+(0.08333333333333333+0.08333333333333333)) | x 0.75 0.08333333333333333 0.08333333333333333 + + = | x:restaurant 0.75:restaurant 0.08333333333333333:restaurant 0.08333333333333333:restaurant +:restaurant +:restaurant =:restaurant
EXPR: 0 | POS | FRA | 2 | 0.916667 | 0.75 | 0.08333333333333333=(x-(0.75-0.08333333333333333)) | 0.08333333333333333 x 0.75 0.08333333333333333 - - = | 0.08333333333333333:restaurant x:restaurant 0.75:restaurant 0.08333333333333333:restaurant -:restaurant -:restaurant =:restaurant
EXPR: 1 | POS | FRA | 2 | 0.916667 | 0.916666666666667 | 0.08333333333333333=(x-(0.75+0.08333333333333333)) | 0.08333333333333333 x 0.75 0.08333333333333333 + - = | 0.08333333333333333:restaurant x:restaurant 0.75:restaurant 0.08333333333333333:restaurant +:restaurant -:restaurant =:restaurant
EXPR: 0 | POS | FRA | 2 | 0.916667 | 0.75 | ((0.08333333333333333-x)+0.75)=0.08333333333333333 | 0.08333333333333333 x - 0.75 + 0.08333333333333333 = | 0.08333333333333333:restaurant x:restaurant -:restaurant 0.75:restaurant +:restaurant 0.08333333333333333:restaurant =:restaurant
EXPR: 0 | POS | FRA | 2 | 0.916667 | 0.75 | ((0.08333333333333333+x)-0.75)=0.08333333333333333 | 0.08333333333333333 x + 0.75 - 0.08333333333333333 = | 0.08333333333333333:restaurant x:restaurant +:restaurant 0.75:restaurant -:restaurant 0.08333333333333333:restaurant =:restaurant
EXPR: 1 | POS | FRA | 2 | 0.916667 | 0.916666666666667 | 0.08333333333333333=((x-0.75)-0.08333333333333333) | 0.08333333333333333 x 0.75 - 0.08333333333333333 - = | 0.08333333333333333:restaurant x:restaurant 0.75:restaurant -:restaurant 0.08333333333333333:restaurant -:restaurant =:restaurant
EXPR: 0 | POS | FRA | 2 | 0.916667 | 0.75 | 0.08333333333333333=((x-0.75)+0.08333333333333333) | 0.08333333333333333 x 0.75 - 0.08333333333333333 + = | 0.08333333333333333:restaurant x:restaurant 0.75:restaurant -:restaurant 0.08333333333333333:restaurant +:restaurant =:restaurant
EXPR: 0 | POS | FRA | 4 | 0.916667 | 0.75 | 0.75=((0.08333333333333333+x)-0.08333333333333333) | 0.75 0.08333333333333333 x + 0.08333333333333333 - = | 0.75:restaurant 0.08333333333333333:restaurant x:restaurant +:restaurant 0.08333333333333333:restaurant -:restaurant =:restaurant
EXPR: 0 | POS | FRA | 4 | 0.916667 | 0.75 | 0.08333333333333333=(0.08333333333333333-(0.75-x)) | 0.08333333333333333 0.08333333333333333 0.75 x - - = | 0.08333333333333333:restaurant 0.08333333333333333:restaurant 0.75:restaurant x:restaurant -:restaurant -:restaurant =:restaurant
EXPR: 0 | POS | FRA | 4 | 0.916667 | 0.75 | 0.08333333333333333=(0.08333333333333333-(x-0.75)) | 0.08333333333333333 0.08333333333333333 x 0.75 - - = | 0.08333333333333333:restaurant 0.08333333333333333:restaurant x:restaurant 0.75:restaurant -:restaurant -:restaurant =:restaurant
EXPR: 0 | POS | FRA | 4 | 0.916667 | 0.75 | ((x-0.75)+0.08333333333333333)=0.08333333333333333 | x 0.75 - 0.08333333333333333 + 0.08333333333333333 = | x:restaurant 0.75:restaurant -:restaurant 0.08333333333333333:restaurant +:restaurant 0.08333333333333333:restaurant =:restaurant
EXPR: 0 | POS | FRA | 4 | 0.916667 | 0.75 | 0.08333333333333333=((0.08333333333333333-x)+0.75) | 0.08333333333333333 0.08333333333333333 x - 0.75 + = | 0.08333333333333333:restaurant 0.08333333333333333:restaurant x:restaurant -:restaurant 0.75:restaurant +:restaurant =:restaurant
EXPR: 0 | POS | FRA | 4 | 0.916667 | 0.583333333333333 | (0.08333333333333333+(x+0.08333333333333333))=0.75 | 0.08333333333333333 x 0.08333333333333333 + + 0.75 = | 0.08333333333333333:restaurant x:restaurant 0.08333333333333333:restaurant +:restaurant +:restaurant 0.75:restaurant =:restaurant
EXPR: 0 | POS | FRA | 4 | 0.916667 | 0.75 | (0.75+(0.08333333333333333-x))=0.08333333333333333 | 0.75 0.08333333333333333 x - + 0.08333333333333333 = | 0.75:restaurant 0.08333333333333333:restaurant x:restaurant -:restaurant +:restaurant 0.08333333333333333:restaurant =:restaurant
EXPR: 0 | POS | FRA | 4 | 0.916667 | 0.75 | 0.08333333333333333=(0.08333333333333333+(x-0.75)) | 0.08333333333333333 0.08333333333333333 x 0.75 - + = | 0.08333333333333333:restaurant 0.08333333333333333:restaurant x:restaurant 0.75:restaurant -:restaurant +:restaurant =:restaurant
EXPR: 0 | POS | FRA | 4 | 0.916667 | 0.583333333333333 | 0.75=((0.08333333333333333+x)+0.08333333333333333) | 0.75 0.08333333333333333 x + 0.08333333333333333 + = | 0.75:restaurant 0.08333333333333333:restaurant x:restaurant +:restaurant 0.08333333333333333:restaurant +:restaurant =:restaurant
EXPR: 1 | POS | FRA | 4 | 0.916667 | 0.916666666666667 | (x-(0.08333333333333333+0.08333333333333333))=0.75 | x 0.08333333333333333 0.08333333333333333 + - 0.75 = | x:restaurant 0.08333333333333333:restaurant 0.08333333333333333:restaurant +:restaurant -:restaurant 0.75:restaurant =:restaurant
EXPR: 0 | POS | FRA | 4 | 0.916667 | 0.75 | (0.08333333333333333+(x-0.08333333333333333))=0.75 | 0.08333333333333333 x 0.08333333333333333 - + 0.75 = | 0.08333333333333333:restaurant x:restaurant 0.08333333333333333:restaurant -:restaurant +:restaurant 0.75:restaurant =:restaurant
EXPR: 0 | POS | FRA | 4 | 0.916667 | 0.583333333333333 | ((0.75-0.08333333333333333)-x)=0.08333333333333333 | 0.75 0.08333333333333333 - x - 0.08333333333333333 = | 0.75:restaurant 0.08333333333333333:restaurant -:restaurant x:restaurant -:restaurant 0.08333333333333333:restaurant =:restaurant
EXPR: 1 | POS | FRA | 4 | 0.916667 | 0.916666666666667 | ((x-0.75)-0.08333333333333333)=0.08333333333333333 | x 0.75 - 0.08333333333333333 - 0.08333333333333333 = | x:restaurant 0.75:restaurant -:restaurant 0.08333333333333333:restaurant -:restaurant 0.08333333333333333:restaurant =:restaurant
EXPR: 0 | POS | FRA | 4 | 0.916667 | 0.75 | 0.08333333333333333=((0.08333333333333333+x)-0.75) | 0.08333333333333333 0.08333333333333333 x + 0.75 - = | 0.08333333333333333:restaurant 0.08333333333333333:restaurant x:restaurant +:restaurant 0.75:restaurant -:restaurant =:restaurant
EXPR: 0 | POS | FRA | 4 | 0.916667 | 0.75 | 0.08333333333333333=((0.08333333333333333-0.75)+x) | 0.08333333333333333 0.08333333333333333 0.75 - x + = | 0.08333333333333333:restaurant 0.08333333333333333:restaurant 0.75:restaurant -:restaurant x:restaurant +:restaurant =:restaurant
EXPR: 0 | POS | FRA | 4 | 0.916667 | 0.583333333333333 | 0.75=(0.08333333333333333+(x+0.08333333333333333)) | 0.75 0.08333333333333333 x 0.08333333333333333 + + = | 0.75:restaurant 0.08333333333333333:restaurant x:restaurant 0.08333333333333333:restaurant +:restaurant +:restaurant =:restaurant
EXPR: 0 | POS | FRA | 4 | 0.916667 | 0.583333333333333 | (0.75-(0.08333333333333333+x))=0.08333333333333333 | 0.75 0.08333333333333333 x + - 0.08333333333333333 = | 0.75:restaurant 0.08333333333333333:restaurant x:restaurant +:restaurant -:restaurant 0.08333333333333333:restaurant =:restaurant
EXPR: 0 | POS | FRA | 4 | 0.916667 | 0.75 | (0.75-(x-0.08333333333333333))=0.08333333333333333 | 0.75 x 0.08333333333333333 - - 0.08333333333333333 = | 0.75:restaurant x:restaurant 0.08333333333333333:restaurant -:restaurant -:restaurant 0.08333333333333333:restaurant =:restaurant
EXPR: 0 | POS | FRA | 4 | 0.916667 | 0.75 | (x-(0.08333333333333333-0.08333333333333333))=0.75 | x 0.08333333333333333 0.08333333333333333 - - 0.75 = | x:restaurant 0.08333333333333333:restaurant 0.08333333333333333:restaurant -:restaurant -:restaurant 0.75:restaurant =:restaurant
EXPR: 0 | POS | FRA | 4 | 0.916667 | 0.75 | (0.08333333333333333-(0.08333333333333333-x))=0.75 | 0.08333333333333333 0.08333333333333333 x - - 0.75 = | 0.08333333333333333:restaurant 0.08333333333333333:restaurant x:restaurant -:restaurant -:restaurant 0.75:restaurant =:restaurant
EXPR: 0 | POS | FRA | 4 | 0.916667 | 0.583333333333333 | (0.08333333333333333+(0.08333333333333333+x))=0.75 | 0.08333333333333333 0.08333333333333333 x + + 0.75 = | 0.08333333333333333:restaurant 0.08333333333333333:restaurant x:restaurant +:restaurant +:restaurant 0.75:restaurant =:restaurant
EXPR: 0 | POS | FRA | 4 | 0.916667 | 0.75 | 0.75=(0.08333333333333333-(0.08333333333333333-x)) | 0.75 0.08333333333333333 0.08333333333333333 x - - = | 0.75:restaurant 0.08333333333333333:restaurant 0.08333333333333333:restaurant x:restaurant -:restaurant -:restaurant =:restaurant
EXPR: 0 | POS | FRA | 4 | 0.916667 | 0.75 | 0.08333333333333333=(0.08333333333333333+(0.75-x)) | 0.08333333333333333 0.08333333333333333 0.75 x - + = | 0.08333333333333333:restaurant 0.08333333333333333:restaurant 0.75:restaurant x:restaurant -:restaurant +:restaurant =:restaurant
EXPR: 0 | POS | FRA | 4 | 0.916667 | 0.75 | ((0.08333333333333333-0.08333333333333333)+x)=0.75 | 0.08333333333333333 0.08333333333333333 - x + 0.75 = | 0.08333333333333333:restaurant 0.08333333333333333:restaurant -:restaurant x:restaurant +:restaurant 0.75:restaurant =:restaurant
EXPR: 0 | POS | FRA | 4 | 0.916667 | 0.75 | (x-(0.75-0.08333333333333333))=0.08333333333333333 | x 0.75 0.08333333333333333 - - 0.08333333333333333 = | x:restaurant 0.75:restaurant 0.08333333333333333:restaurant -:restaurant -:restaurant 0.08333333333333333:restaurant =:restaurant
EXPR: 0 | POS | FRA | 4 | 0.916667 | 0.75 | (x+(0.08333333333333333-0.08333333333333333))=0.75 | x 0.08333333333333333 0.08333333333333333 - + 0.75 = | x:restaurant 0.08333333333333333:restaurant 0.08333333333333333:restaurant -:restaurant +:restaurant 0.75:restaurant =:restaurant
EXPR: 0 | POS | FRA | 4 | 0.916667 | 0.583333333333333 | (x+(0.08333333333333333+0.08333333333333333))=0.75 | x 0.08333333333333333 0.08333333333333333 + + 0.75 = | x:restaurant 0.08333333333333333:restaurant 0.08333333333333333:restaurant +:restaurant +:restaurant 0.75:restaurant =:restaurant
EXPR: 0 | POS | FRA | 4 | 0.916667 | 0.75 | 0.75=(0.08333333333333333+(x-0.08333333333333333)) | 0.75 0.08333333333333333 x 0.08333333333333333 - + = | 0.75:restaurant 0.08333333333333333:restaurant x:restaurant 0.08333333333333333:restaurant -:restaurant +:restaurant =:restaurant
EXPR: 0 | POS | FRA | 4 | 0.916667 | 0.583333333333333 | ((0.08333333333333333+0.08333333333333333)+x)=0.75 | 0.08333333333333333 0.08333333333333333 + x + 0.75 = | 0.08333333333333333:restaurant 0.08333333333333333:restaurant +:restaurant x:restaurant +:restaurant 0.75:restaurant =:restaurant
EXPR: 0 | POS | FRA | 4 | 0.916667 | 0.75 | 0.75=(x-(0.08333333333333333-0.08333333333333333)) | 0.75 x 0.08333333333333333 0.08333333333333333 - - = | 0.75:restaurant x:restaurant 0.08333333333333333:restaurant 0.08333333333333333:restaurant -:restaurant -:restaurant =:restaurant
EXPR: 0 | POS | FRA | 4 | 0.916667 | 0.75 | 0.08333333333333333=(x+(0.08333333333333333-0.75)) | 0.08333333333333333 x 0.08333333333333333 0.75 - + = | 0.08333333333333333:restaurant x:restaurant 0.08333333333333333:restaurant 0.75:restaurant -:restaurant +:restaurant =:restaurant
EXPR: 0 | POS | FRA | 4 | 0.916667 | 0.75 | 0.75=(x+(0.08333333333333333-0.08333333333333333)) | 0.75 x 0.08333333333333333 0.08333333333333333 - + = | 0.75:restaurant x:restaurant 0.08333333333333333:restaurant 0.08333333333333333:restaurant -:restaurant +:restaurant =:restaurant
EXPR: 1 | POS | FRA | 4 | 0.916667 | 0.916666666666667 | 0.75=(x-(0.08333333333333333+0.08333333333333333)) | 0.75 x 0.08333333333333333 0.08333333333333333 + - = | 0.75:restaurant x:restaurant 0.08333333333333333:restaurant 0.08333333333333333:restaurant +:restaurant -:restaurant =:restaurant
EXPR: 1 | POS | FRA | 4 | 0.916667 | 0.916666666666667 | ((x-0.08333333333333333)-0.08333333333333333)=0.75 | x 0.08333333333333333 - 0.08333333333333333 - 0.75 = | x:restaurant 0.08333333333333333:restaurant -:restaurant 0.08333333333333333:restaurant -:restaurant 0.75:restaurant =:restaurant
EXPR: 0 | POS | FRA | 4 | 0.916667 | 0.75 | ((0.08333333333333333+x)-0.08333333333333333)=0.75 | 0.08333333333333333 x + 0.08333333333333333 - 0.75 = | 0.08333333333333333:restaurant x:restaurant +:restaurant 0.08333333333333333:restaurant -:restaurant 0.75:restaurant =:restaurant
EXPR: 0 | POS | FRA | 4 | 0.916667 | 0.75 | ((x+0.08333333333333333)-0.08333333333333333)=0.75 | x 0.08333333333333333 + 0.08333333333333333 - 0.75 = | x:restaurant 0.08333333333333333:restaurant +:restaurant 0.08333333333333333:restaurant -:restaurant 0.75:restaurant =:restaurant
EXPR: 0 | POS | FRA | 4 | 0.916667 | 0.75 | ((x-0.08333333333333333)+0.08333333333333333)=0.75 | x 0.08333333333333333 - 0.08333333333333333 + 0.75 = | x:restaurant 0.08333333333333333:restaurant -:restaurant 0.08333333333333333:restaurant +:restaurant 0.75:restaurant =:restaurant
EXPR: 0 | POS | FRA | 4 | 0.916667 | 0.583333333333333 | 0.75=(x+(0.08333333333333333+0.08333333333333333)) | 0.75 x 0.08333333333333333 0.08333333333333333 + + = | 0.75:restaurant x:restaurant 0.08333333333333333:restaurant 0.08333333333333333:restaurant +:restaurant +:restaurant =:restaurant
EXPR: 0 | POS | FRA | 4 | 0.916667 | 0.583333333333333 | 0.75=(0.08333333333333333+(0.08333333333333333+x)) | 0.75 0.08333333333333333 0.08333333333333333 x + + = | 0.75:restaurant 0.08333333333333333:restaurant 0.08333333333333333:restaurant x:restaurant +:restaurant +:restaurant =:restaurant
EXPR: 1 | POS | FRA | 4 | 0.916667 | 0.916666666666667 | 0.75=((x-0.08333333333333333)-0.08333333333333333) | 0.75 x 0.08333333333333333 - 0.08333333333333333 - = | 0.75:restaurant x:restaurant 0.08333333333333333:restaurant -:restaurant 0.08333333333333333:restaurant -:restaurant =:restaurant
EXPR: 0 | POS | FRA | 4 | 0.916667 | 0.583333333333333 | ((x+0.08333333333333333)+0.08333333333333333)=0.75 | x 0.08333333333333333 + 0.08333333333333333 + 0.75 = | x:restaurant 0.08333333333333333:restaurant +:restaurant 0.08333333333333333:restaurant +:restaurant 0.75:restaurant =:restaurant
EXPR: 0 | POS | FRA | 4 | 0.916667 | 0.583333333333333 | (0.75-(x+0.08333333333333333))=0.08333333333333333 | 0.75 x 0.08333333333333333 + - 0.08333333333333333 = | 0.75:restaurant x:restaurant 0.08333333333333333:restaurant +:restaurant -:restaurant 0.08333333333333333:restaurant =:restaurant
EXPR: 0 | POS | FRA | 4 | 0.916667 | 0.583333333333333 | ((0.08333333333333333+x)+0.08333333333333333)=0.75 | 0.08333333333333333 x + 0.08333333333333333 + 0.75 = | 0.08333333333333333:restaurant x:restaurant +:restaurant 0.08333333333333333:restaurant +:restaurant 0.75:restaurant =:restaurant
EXPR: 0 | POS | FRA | 4 | 0.916667 | 0.75 | 0.75=((0.08333333333333333-0.08333333333333333)+x) | 0.75 0.08333333333333333 0.08333333333333333 - x + = | 0.75:restaurant 0.08333333333333333:restaurant 0.08333333333333333:restaurant -:restaurant x:restaurant +:restaurant =:restaurant
EXPR: 0 | POS | FRA | 4 | 0.916667 | 0.583333333333333 | 0.75=((0.08333333333333333+0.08333333333333333)+x) | 0.75 0.08333333333333333 0.08333333333333333 + x + = | 0.75:restaurant 0.08333333333333333:restaurant 0.08333333333333333:restaurant +:restaurant x:restaurant +:restaurant =:restaurant
EXPR: 0 | POS | FRA | 4 | 0.916667 | 0.75 | 0.75=((x+0.08333333333333333)-0.08333333333333333) | 0.75 x 0.08333333333333333 + 0.08333333333333333 - = | 0.75:restaurant x:restaurant 0.08333333333333333:restaurant +:restaurant 0.08333333333333333:restaurant -:restaurant =:restaurant
EXPR: 0 | POS | FRA | 4 | 0.916667 | 0.75 | 0.75=((x-0.08333333333333333)+0.08333333333333333) | 0.75 x 0.08333333333333333 - 0.08333333333333333 + = | 0.75:restaurant x:restaurant 0.08333333333333333:restaurant -:restaurant 0.08333333333333333:restaurant +:restaurant =:restaurant
EXPR: 0 | POS | FRA | 4 | 0.916667 | 0.583333333333333 | 0.75=((x+0.08333333333333333)+0.08333333333333333) | 0.75 x 0.08333333333333333 + 0.08333333333333333 + = | 0.75:restaurant x:restaurant 0.08333333333333333:restaurant +:restaurant 0.08333333333333333:restaurant +:restaurant =:restaurant
EXPR: 0 | POS | FRA | 4 | 0.916667 | 0.75 | ((0.75-x)+0.08333333333333333)=0.08333333333333333 | 0.75 x - 0.08333333333333333 + 0.08333333333333333 = | 0.75:restaurant x:restaurant -:restaurant 0.08333333333333333:restaurant +:restaurant 0.08333333333333333:restaurant =:restaurant
EXPR: 0 | POS | FRA | 4 | 0.916667 | 0.583333333333333 | ((0.75-x)-0.08333333333333333)=0.08333333333333333 | 0.75 x - 0.08333333333333333 - 0.08333333333333333 = | 0.75:restaurant x:restaurant -:restaurant 0.08333333333333333:restaurant -:restaurant 0.08333333333333333:restaurant =:restaurant
EXPR: 0 | POS | FRA | 4 | 0.916667 | 0.75 | 0.08333333333333333=((x+0.08333333333333333)-0.75) | 0.08333333333333333 x 0.08333333333333333 + 0.75 - = | 0.08333333333333333:restaurant x:restaurant 0.08333333333333333:restaurant +:restaurant 0.75:restaurant -:restaurant =:restaurant
EXPR: 1 | POS | FRA | 4 | 0.916667 | 0.916666666666667 | 0.08333333333333333=((x-0.08333333333333333)-0.75) | 0.08333333333333333 x 0.08333333333333333 - 0.75 - = | 0.08333333333333333:restaurant x:restaurant 0.08333333333333333:restaurant -:restaurant 0.75:restaurant -:restaurant =:restaurant
EXPR: 0 | POS | FRA | 5 | 0.916667 | 0.75 | x=((0.75+0.08333333333333333)-0.08333333333333333) | x 0.75 0.08333333333333333 + 0.08333333333333333 - = | x:restaurant 0.75:restaurant 0.08333333333333333:restaurant +:restaurant 0.08333333333333333:restaurant -:restaurant =:restaurant
EXPR: 1 | POS | FRA | 5 | 0.916667 | 0.916666666666667 | (0.08333333333333333+(0.08333333333333333+0.75))=x | 0.08333333333333333 0.08333333333333333 0.75 + + x = | 0.08333333333333333:restaurant 0.08333333333333333:restaurant 0.75:restaurant +:restaurant +:restaurant x:restaurant =:restaurant
EXPR: 1 | POS | FRA | 5 | 0.916667 | 0.916666666666667 | x=((0.75+0.08333333333333333)+0.08333333333333333) | x 0.75 0.08333333333333333 + 0.08333333333333333 + = | x:restaurant 0.75:restaurant 0.08333333333333333:restaurant +:restaurant 0.08333333333333333:restaurant +:restaurant =:restaurant
EXPR: 1 | POS | FRA | 5 | 0.916667 | 0.916666666666667 | x=(0.08333333333333333+(0.08333333333333333+0.75)) | x 0.08333333333333333 0.08333333333333333 0.75 + + = | x:restaurant 0.08333333333333333:restaurant 0.08333333333333333:restaurant 0.75:restaurant +:restaurant +:restaurant =:restaurant
EXPR: 0 | POS | FRA | 5 | 0.916667 | 0.75 | ((0.75+0.08333333333333333)-0.08333333333333333)=x | 0.75 0.08333333333333333 + 0.08333333333333333 - x = | 0.75:restaurant 0.08333333333333333:restaurant +:restaurant 0.08333333333333333:restaurant -:restaurant x:restaurant =:restaurant
EXPR: 1 | POS | FRA | 5 | 0.916667 | 0.916666666666667 | ((0.75+0.08333333333333333)+0.08333333333333333)=x | 0.75 0.08333333333333333 + 0.08333333333333333 + x = | 0.75:restaurant 0.08333333333333333:restaurant +:restaurant 0.08333333333333333:restaurant +:restaurant x:restaurant =:restaurant
EXPR: 1 | POS | FRA | 7 | 0.916667 | 0.916666666666667 | 0.08333333333333333=(x-(0.08333333333333333+0.75)) | 0.08333333333333333 x 0.08333333333333333 0.75 + - = | 0.08333333333333333:restaurant x:restaurant 0.08333333333333333:restaurant 0.75:restaurant +:restaurant -:restaurant =:restaurant
EXPR: 1 | POS | FRA | 7 | 0.916667 | 0.916666666666667 | (x-(0.75+0.08333333333333333))=0.08333333333333333 | x 0.75 0.08333333333333333 + - 0.08333333333333333 = | x:restaurant 0.75:restaurant 0.08333333333333333:restaurant +:restaurant -:restaurant 0.08333333333333333:restaurant =:restaurant
EXPR: 0 | POS | FRA | 7 | 0.916667 | 0.75 | ((0.75+0.08333333333333333)-x)=0.08333333333333333 | 0.75 0.08333333333333333 + x - 0.08333333333333333 = | 0.75:restaurant 0.08333333333333333:restaurant +:restaurant x:restaurant -:restaurant 0.08333333333333333:restaurant =:restaurant
EXPR: 0 | POS | FRA | 7 | 0.916667 | 0.75 | 0.08333333333333333=((0.08333333333333333+0.75)-x) | 0.08333333333333333 0.08333333333333333 0.75 + x - = | 0.08333333333333333:restaurant 0.08333333333333333:restaurant 0.75:restaurant +:restaurant x:restaurant -:restaurant =:restaurant
EXPR: 1 | POS | FRA | 12 | 0.916667 | 0.916666666666667 | (0.08333333333333333+0.75)=(x-0.08333333333333333) | 0.08333333333333333 0.75 + x 0.08333333333333333 - = | 0.08333333333333333:restaurant 0.75:restaurant +:restaurant x:restaurant 0.08333333333333333:restaurant -:restaurant =:restaurant
EXPR: 0 | POS | FRA | 12 | 0.916667 | 0.75 | (0.08333333333333333+0.75)=(x+0.08333333333333333) | 0.08333333333333333 0.75 + x 0.08333333333333333 + = | 0.08333333333333333:restaurant 0.75:restaurant +:restaurant x:restaurant 0.08333333333333333:restaurant +:restaurant =:restaurant
EXPR: 0 | POS | FRA | 12 | 0.916667 | 0.583333333333333 | (0.08333333333333333+x)=(0.75-0.08333333333333333) | 0.08333333333333333 x + 0.75 0.08333333333333333 - = | 0.08333333333333333:restaurant x:restaurant +:restaurant 0.75:restaurant 0.08333333333333333:restaurant -:restaurant =:restaurant
EXPR: 0 | POS | FRA | 12 | 0.916667 | 0.75 | (0.08333333333333333+x)=(0.75+0.08333333333333333) | 0.08333333333333333 x + 0.75 0.08333333333333333 + = | 0.08333333333333333:restaurant x:restaurant +:restaurant 0.75:restaurant 0.08333333333333333:restaurant +:restaurant =:restaurant
EXPR: 0 | POS | FRA | 12 | 0.916667 | 0.75 | (0.08333333333333333-0.75)=(0.08333333333333333-x) | 0.08333333333333333 0.75 - 0.08333333333333333 x - = | 0.08333333333333333:restaurant 0.75:restaurant -:restaurant 0.08333333333333333:restaurant x:restaurant -:restaurant =:restaurant
EXPR: 0 | POS | FRA | 12 | 0.916667 | 0.75 | (0.08333333333333333+0.75)=(0.08333333333333333+x) | 0.08333333333333333 0.75 + 0.08333333333333333 x + = | 0.08333333333333333:restaurant 0.75:restaurant +:restaurant 0.08333333333333333:restaurant x:restaurant +:restaurant =:restaurant
EXPR: 0 | POS | FRA | 12 | 0.916667 | 0.583333333333333 | (x+0.08333333333333333)=(0.75-0.08333333333333333) | x 0.08333333333333333 + 0.75 0.08333333333333333 - = | x:restaurant 0.08333333333333333:restaurant +:restaurant 0.75:restaurant 0.08333333333333333:restaurant -:restaurant =:restaurant
EXPR: 0 | POS | FRA | 12 | 0.916667 | 0.75 | (x+0.08333333333333333)=(0.75+0.08333333333333333) | x 0.08333333333333333 + 0.75 0.08333333333333333 + = | x:restaurant 0.08333333333333333:restaurant +:restaurant 0.75:restaurant 0.08333333333333333:restaurant +:restaurant =:restaurant
EXPR: 0 | POS | FRA | 12 | 0.916667 | 0.75 | (x-0.08333333333333333)=(0.75-0.08333333333333333) | x 0.08333333333333333 - 0.75 0.08333333333333333 - = | x:restaurant 0.08333333333333333:restaurant -:restaurant 0.75:restaurant 0.08333333333333333:restaurant -:restaurant =:restaurant
EXPR: 1 | POS | FRA | 12 | 0.916667 | 0.916666666666667 | (x-0.08333333333333333)=(0.75+0.08333333333333333) | x 0.08333333333333333 - 0.75 0.08333333333333333 + = | x:restaurant 0.08333333333333333:restaurant -:restaurant 0.75:restaurant 0.08333333333333333:restaurant +:restaurant =:restaurant
EXPR: 0 | POS | FRA | 14 | 0.916667 | 0.75 | (0.75-x)=(0.08333333333333333-0.08333333333333333) | 0.75 x - 0.08333333333333333 0.08333333333333333 - = | 0.75:restaurant x:restaurant -:restaurant 0.08333333333333333:restaurant 0.08333333333333333:restaurant -:restaurant =:restaurant
EXPR: 0 | POS | FRA | 14 | 0.916667 | 0.75 | (0.08333333333333333-0.08333333333333333)=(0.75-x) | 0.08333333333333333 0.08333333333333333 - 0.75 x - = | 0.08333333333333333:restaurant 0.08333333333333333:restaurant -:restaurant 0.75:restaurant x:restaurant -:restaurant =:restaurant
EXPR: 0 | POS | FRA | 14 | 0.916667 | 0.75 | (0.08333333333333333-0.08333333333333333)=(x-0.75) | 0.08333333333333333 0.08333333333333333 - x 0.75 - = | 0.08333333333333333:restaurant 0.08333333333333333:restaurant -:restaurant x:restaurant 0.75:restaurant -:restaurant =:restaurant
EXPR: 0 | POS | FRA | 14 | 0.916667 | 0.75 | (0.08333333333333333-x)=(0.08333333333333333-0.75) | 0.08333333333333333 x - 0.08333333333333333 0.75 - = | 0.08333333333333333:restaurant x:restaurant -:restaurant 0.08333333333333333:restaurant 0.75:restaurant -:restaurant =:restaurant
EXPR: 0 | POS | FRA | 14 | 0.916667 | 0.583333333333333 | (0.08333333333333333+0.08333333333333333)=(0.75-x) | 0.08333333333333333 0.08333333333333333 + 0.75 x - = | 0.08333333333333333:restaurant 0.08333333333333333:restaurant +:restaurant 0.75:restaurant x:restaurant -:restaurant =:restaurant
EXPR: 0 | POS | FRA | 14 | 0.916667 | 0.583333333333333 | (0.75-0.08333333333333333)=(x+0.08333333333333333) | 0.75 0.08333333333333333 - x 0.08333333333333333 + = | 0.75:restaurant 0.08333333333333333:restaurant -:restaurant x:restaurant 0.08333333333333333:restaurant +:restaurant =:restaurant
EXPR: 0 | POS | FRA | 14 | 0.916667 | 0.75 | (0.75-0.08333333333333333)=(x-0.08333333333333333) | 0.75 0.08333333333333333 - x 0.08333333333333333 - = | 0.75:restaurant 0.08333333333333333:restaurant -:restaurant x:restaurant 0.08333333333333333:restaurant -:restaurant =:restaurant
EXPR: 0 | POS | FRA | 14 | 0.916667 | 0.583333333333333 | (0.75-0.08333333333333333)=(0.08333333333333333+x) | 0.75 0.08333333333333333 - 0.08333333333333333 x + = | 0.75:restaurant 0.08333333333333333:restaurant -:restaurant 0.08333333333333333:restaurant x:restaurant +:restaurant =:restaurant
EXPR: 0 | POS | FRA | 14 | 0.916667 | 0.75 | (x-0.75)=(0.08333333333333333-0.08333333333333333) | x 0.75 - 0.08333333333333333 0.08333333333333333 - = | x:restaurant 0.75:restaurant -:restaurant 0.08333333333333333:restaurant 0.08333333333333333:restaurant -:restaurant =:restaurant
EXPR: 1 | POS | FRA | 14 | 0.916667 | 0.916666666666667 | (x-0.75)=(0.08333333333333333+0.08333333333333333) | x 0.75 - 0.08333333333333333 0.08333333333333333 + = | x:restaurant 0.75:restaurant -:restaurant 0.08333333333333333:restaurant 0.08333333333333333:restaurant +:restaurant =:restaurant
EXPR: 1 | POS | FRA | 14 | 0.916667 | 0.916666666666667 | (0.08333333333333333+0.08333333333333333)=(x-0.75) | 0.08333333333333333 0.08333333333333333 + x 0.75 - = | 0.08333333333333333:restaurant 0.08333333333333333:restaurant +:restaurant x:restaurant 0.75:restaurant -:restaurant =:restaurant
EXPR: 0 | POS | FRA | 14 | 0.916667 | 0.583333333333333 | (0.75-x)=(0.08333333333333333+0.08333333333333333) | 0.75 x - 0.08333333333333333 0.08333333333333333 + = | 0.75:restaurant x:restaurant -:restaurant 0.08333333333333333:restaurant 0.08333333333333333:restaurant +:restaurant =:restaurant
EXPR: 1 | POS | FRA | 17 | 0.916667 | 0.916666666666667 | (0.75+0.08333333333333333)=(x-0.08333333333333333) | 0.75 0.08333333333333333 + x 0.08333333333333333 - = | 0.75:restaurant 0.08333333333333333:restaurant +:restaurant x:restaurant 0.08333333333333333:restaurant -:restaurant =:restaurant
EXPR: 1 | POS | FRA | 17 | 0.916667 | 0.916666666666667 | (x-0.08333333333333333)=(0.08333333333333333+0.75) | x 0.08333333333333333 - 0.08333333333333333 0.75 + = | x:restaurant 0.08333333333333333:restaurant -:restaurant 0.08333333333333333:restaurant 0.75:restaurant +:restaurant =:restaurant
EXPR: 0 | POS | FRA | 17 | 0.916667 | 0.75 | (0.75+0.08333333333333333)=(x+0.08333333333333333) | 0.75 0.08333333333333333 + x 0.08333333333333333 + = | 0.75:restaurant 0.08333333333333333:restaurant +:restaurant x:restaurant 0.08333333333333333:restaurant +:restaurant =:restaurant
EXPR: 0 | POS | FRA | 17 | 0.916667 | 0.75 | (x+0.08333333333333333)=(0.08333333333333333+0.75) | x 0.08333333333333333 + 0.08333333333333333 0.75 + = | x:restaurant 0.08333333333333333:restaurant +:restaurant 0.08333333333333333:restaurant 0.75:restaurant +:restaurant =:restaurant
EXPR: 0 | POS | FRA | 17 | 0.916667 | 0.75 | (0.08333333333333333+x)=(0.08333333333333333+0.75) | 0.08333333333333333 x + 0.08333333333333333 0.75 + = | 0.08333333333333333:restaurant x:restaurant +:restaurant 0.08333333333333333:restaurant 0.75:restaurant +:restaurant =:restaurant
EXPR: 0 | POS | FRA | 17 | 0.916667 | 0.75 | (0.75+0.08333333333333333)=(0.08333333333333333+x) | 0.75 0.08333333333333333 + 0.08333333333333333 x + = | 0.75:restaurant 0.08333333333333333:restaurant +:restaurant 0.08333333333333333:restaurant x:restaurant +:restaurant =:restaurant
NET 140 unique, non-negative solutions found out of 480 total solutions
