parameters: n=5 l=2 k=1 p=5 q=2 m=8
TOTAL 108 solutions found
SOLN: CORRECT | POS/NEG | INT/FRA | OBJ-SCORE | TRUE-ANS | ANS | INFIX | POSTFIX | TYPED-POSTFIX
EXPR: 0 | POS | FRA | 2 | 0.31 | 7.2 | 0.36=(x*0.05) | 0.36 x 0.05 * = | 0.36:pound x:honey 0.05:pound *:pound =:pound
EXPR: 0 | POS | FRA | 2 | 0.31 | 0.138888888888889 | (x*0.36)=0.05 | x 0.36 * 0.05 = | x:honey 0.36:pound *:pound 0.05:pound =:pound
EXPR: 0 | POS | FRA | 2 | 0.31 | 0.138888888888889 | 0.36=(0.05/x) | 0.36 0.05 x / = | 0.36:pound 0.05:pound x:honey /:pound =:pound
EXPR: 0 | POS | FRA | 2 | 0.31 | 7.2 | (0.36/x)=0.05 | 0.36 x / 0.05 = | 0.36:pound x:honey /:pound 0.05:pound =:pound
EXPR: 0 | POS | FRA | 2 | 0.31 | 7.2 | 0.36=(0.05*x) | 0.36 0.05 x * = | 0.36:pound 0.05:pound x:honey *:pound =:pound
EXPR: 0 | POS | FRA | 2 | 0.31 | 0.138888888888889 | (0.36*x)=0.05 | 0.36 x * 0.05 = | 0.36:pound x:honey *:pound 0.05:pound =:pound
EXPR: 0 | POS | FRA | 10 | 0.31 | 7.2 | x=(0.36/0.05) | x 0.36 0.05 / = | x:honey 0.36:honey 0.05:pound /:honey =:honey
EXPR: 1 | POS | FRA | 10 | 0.31 | 0.31 | x=(0.36-0.05) | x 0.36 0.05 - = | x:pound 0.36:pound 0.05:pound -:pound =:pound
EXPR: 0 | POS | FRA | 10 | 0.31 | 0.41 | x=(0.36+0.05) | x 0.36 0.05 + = | x:pound 0.36:pound 0.05:pound +:pound =:pound
EXPR: 0 | POS | FRA | 10 | 0.31 | 0.018 | x=(0.36*0.05) | x 0.36 0.05 * = | x:honey 0.36:honey 0.05:pound *:honey =:honey
EXPR: 0 | POS | FRA | 10 | 0.31 | 0.018 | x=(0.36*0.05) | x 0.36 0.05 * = | x:honey 0.36:pound 0.05:honey *:honey =:honey
EXPR: 0 | POS | FRA | 11 | 0.31 | 7.2 | x=(0.36/0.05) | x 0.36 0.05 / = | x:honey 0.36:honey 0.05:pound /:honey =:honey
EXPR: 0 | POS | FRA | 11 | 0.31 | 0.018 | x=(0.36*0.05) | x 0.36 0.05 * = | x:honey 0.36:pound 0.05:honey *:honey =:honey
EXPR: 0 | POS | FRA | 11 | 0.31 | 0.41 | x=(0.36+0.05) | x 0.36 0.05 + = | x:pound 0.36:pound 0.05:pound +:pound =:pound
EXPR: 0 | POS | FRA | 11 | 0.31 | 0.018 | x=(0.36*0.05) | x 0.36 0.05 * = | x:honey 0.36:honey 0.05:pound *:honey =:honey
EXPR: 1 | POS | FRA | 11 | 0.31 | 0.31 | x=(0.36-0.05) | x 0.36 0.05 - = | x:pound 0.36:pound 0.05:pound -:pound =:pound
EXPR: 1 | POS | FRA | 12 | 0.31 | 0.31 | 0.36=(0.05+x) | 0.36 0.05 x + = | 0.36:pound 0.05:pound x:pound +:pound =:pound
EXPR: 0 | POS | FRA | 12 | 0.31 | 7.2 | 0.05=(0.36/x) | 0.05 0.36 x / = | 0.05:pound 0.36:pound x:honey /:pound =:pound
EXPR: 0 | POS | FRA | 12 | 0.31 | 7.2 | (x*0.05)=0.36 | x 0.05 * 0.36 = | x:honey 0.05:pound *:pound 0.36:pound =:pound
EXPR: 0 | POS | FRA | 12 | 0.31 | 0.138888888888889 | (0.05/x)=0.36 | 0.05 x / 0.36 = | 0.05:pound x:honey /:pound 0.36:pound =:pound
EXPR: 0 | POS | FRA | 12 | 0.31 | 7.2 | 0.36=(x*0.05) | 0.36 x 0.05 * = | 0.36:honey x:honey 0.05:pound *:honey =:honey
EXPR: 0 | POS | FRA | 12 | 0.31 | 7.2 | (0.05*x)=0.36 | 0.05 x * 0.36 = | 0.05:pound x:honey *:pound 0.36:pound =:pound
EXPR: 0 | POS | FRA | 12 | 0.31 | 0.41 | 0.36=(x-0.05) | 0.36 x 0.05 - = | 0.36:pound x:pound 0.05:pound -:pound =:pound
EXPR: 1 | POS | FRA | 12 | 0.31 | 0.31 | 0.36=(x+0.05) | 0.36 x 0.05 + = | 0.36:pound x:pound 0.05:pound +:pound =:pound
EXPR: 1 | POS | FRA | 12 | 0.31 | 0.31 | (0.36-x)=0.05 | 0.36 x - 0.05 = | 0.36:pound x:pound -:pound 0.05:pound =:pound
EXPR: 0 | POS | FRA | 12 | 0.31 | 0.138888888888889 | 0.05=(0.36*x) | 0.05 0.36 x * = | 0.05:pound 0.36:pound x:honey *:pound =:pound
EXPR: 0 | POS | FRA | 12 | 0.31 | 0.138888888888889 | 0.05=(x*0.36) | 0.05 x 0.36 * = | 0.05:pound x:honey 0.36:pound *:pound =:pound
EXPR: 0 | POS | FRA | 12 | 0.31 | 0.41 | (x-0.36)=0.05 | x 0.36 - 0.05 = | x:pound 0.36:pound -:pound 0.05:pound =:pound
EXPR: 0 | POS | FRA | 12 | 0.31 | 0.018 | 0.36=(x/0.05) | 0.36 x 0.05 / = | 0.36:honey x:honey 0.05:pound /:honey =:honey
EXPR: 0 | POS | FRA | 12 | 0.31 | 7.2 | 0.36=(0.05*x) | 0.36 0.05 x * = | 0.36:honey 0.05:pound x:honey *:honey =:honey
EXPR: 0 | POS | FRA | 12 | 0.31 | 0.018 | (x/0.36)=0.05 | x 0.36 / 0.05 = | x:honey 0.36:pound /:honey 0.05:honey =:honey
EXPR: 0 | POS | FRA | 12 | 0.31 | 0.138888888888889 | (x*0.36)=0.05 | x 0.36 * 0.05 = | x:honey 0.36:pound *:honey 0.05:honey =:honey
EXPR: 0 | POS | FRA | 12 | 0.31 | 0.138888888888889 | (0.36*x)=0.05 | 0.36 x * 0.05 = | 0.36:pound x:honey *:honey 0.05:honey =:honey
EXPR: 0 | POS | FRA | 20 | 0.31 | 0.41 | x=(0.36+0.05) | x 0.36 0.05 + = | x:honey 0.36:honey 0.05:honey +:honey =:honey
EXPR: 0 | POS | FRA | 20 | 0.31 | 0.018 | x=(0.36*0.05) | x 0.36 0.05 * = | x:pound 0.36:honey 0.05:pound *:pound =:pound
EXPR: 0 | POS | FRA | 20 | 0.31 | 0.138888888888889 | x=(0.05/0.36) | x 0.05 0.36 / = | x:honey 0.05:honey 0.36:pound /:honey =:honey
EXPR: 1 | POS | FRA | 20 | 0.31 | 0.31 | x=(0.36-0.05) | x 0.36 0.05 - = | x:honey 0.36:honey 0.05:honey -:honey =:honey
EXPR: 0 | POS | FRA | 20 | 0.31 | 0.018 | x=(0.36*0.05) | x 0.36 0.05 * = | x:pound 0.36:pound 0.05:honey *:pound =:pound
EXPR: 0 | POS | FRA | 20 | 0.31 | 7.2 | x=(0.36/0.05) | x 0.36 0.05 / = | x:pound 0.36:pound 0.05:honey /:pound =:pound
EXPR: 0 | POS | FRA | 21 | 0.31 | 0.41 | x=(0.36+0.05) | x 0.36 0.05 + = | x:honey 0.36:honey 0.05:honey +:honey =:honey
EXPR: 0 | POS | FRA | 21 | 0.31 | 0.018 | x=(0.36*0.05) | x 0.36 0.05 * = | x:pound 0.36:honey 0.05:pound *:pound =:pound
EXPR: 1 | POS | FRA | 21 | 0.31 | 0.31 | x=(0.36-0.05) | x 0.36 0.05 - = | x:honey 0.36:honey 0.05:honey -:honey =:honey
EXPR: 0 | POS | FRA | 21 | 0.31 | 0.138888888888889 | x=(0.05/0.36) | x 0.05 0.36 / = | x:honey 0.05:honey 0.36:pound /:honey =:honey
EXPR: 0 | POS | FRA | 21 | 0.31 | 0.018 | x=(0.36*0.05) | x 0.36 0.05 * = | x:pound 0.36:pound 0.05:honey *:pound =:pound
EXPR: 0 | POS | FRA | 21 | 0.31 | 7.2 | x=(0.36/0.05) | x 0.36 0.05 / = | x:pound 0.36:pound 0.05:honey /:pound =:pound
EXPR: 0 | POS | FRA | 22 | 0.31 | 0.138888888888889 | (0.36*x)=0.05 | 0.36 x * 0.05 = | 0.36:honey x:pound *:pound 0.05:pound =:pound
EXPR: 0 | POS | FRA | 22 | 0.31 | 0.138888888888889 | 0.05=(0.36*x) | 0.05 0.36 x * = | 0.05:honey 0.36:pound x:honey *:honey =:honey
EXPR: 1 | POS | FRA | 22 | 0.31 | 0.31 | (0.05+x)=0.36 | 0.05 x + 0.36 = | 0.05:pound x:pound +:pound 0.36:pound =:pound
EXPR: 1 | POS | FRA | 22 | 0.31 | 0.31 | 0.36=(0.05+x) | 0.36 0.05 x + = | 0.36:honey 0.05:honey x:honey +:honey =:honey
EXPR: 1 | POS | FRA | 22 | 0.31 | 0.31 | 0.36=(x+0.05) | 0.36 x 0.05 + = | 0.36:honey x:honey 0.05:honey +:honey =:honey
EXPR: 1 | POS | FRA | 22 | 0.31 | 0.31 | 0.05=(0.36-x) | 0.05 0.36 x - = | 0.05:pound 0.36:pound x:pound -:pound =:pound
EXPR: 0 | POS | FRA | 22 | 0.31 | 0.41 | 0.36=(x-0.05) | 0.36 x 0.05 - = | 0.36:honey x:honey 0.05:honey -:honey =:honey
EXPR: 0 | POS | FRA | 22 | 0.31 | 0.41 | (x-0.05)=0.36 | x 0.05 - 0.36 = | x:pound 0.05:pound -:pound 0.36:pound =:pound
EXPR: 0 | POS | FRA | 22 | 0.31 | 0.41 | 0.05=(x-0.36) | 0.05 x 0.36 - = | 0.05:pound x:pound 0.36:pound -:pound =:pound
EXPR: 0 | POS | FRA | 22 | 0.31 | 0.018 | 0.05=(x/0.36) | 0.05 x 0.36 / = | 0.05:honey x:honey 0.36:pound /:honey =:honey
EXPR: 1 | POS | FRA | 22 | 0.31 | 0.31 | (x+0.05)=0.36 | x 0.05 + 0.36 = | x:pound 0.05:pound +:pound 0.36:pound =:pound
EXPR: 0 | POS | FRA | 22 | 0.31 | 7.2 | 0.36=(0.05*x) | 0.36 0.05 x * = | 0.36:pound 0.05:honey x:pound *:pound =:pound
EXPR: 0 | POS | FRA | 22 | 0.31 | 0.018 | (x/0.36)=0.05 | x 0.36 / 0.05 = | x:pound 0.36:honey /:pound 0.05:pound =:pound
EXPR: 0 | POS | FRA | 22 | 0.31 | 0.138888888888889 | (x*0.36)=0.05 | x 0.36 * 0.05 = | x:pound 0.36:honey *:pound 0.05:pound =:pound
EXPR: 0 | POS | FRA | 22 | 0.31 | 0.41 | (x-0.36)=0.05 | x 0.36 - 0.05 = | x:honey 0.36:honey -:honey 0.05:honey =:honey
EXPR: 0 | POS | FRA | 22 | 0.31 | 0.138888888888889 | 0.05=(x*0.36) | 0.05 x 0.36 * = | 0.05:honey x:honey 0.36:pound *:honey =:honey
EXPR: 0 | POS | FRA | 22 | 0.31 | 0.018 | 0.36=(x/0.05) | 0.36 x 0.05 / = | 0.36:pound x:pound 0.05:honey /:pound =:pound
EXPR: 0 | POS | FRA | 22 | 0.31 | 7.2 | 0.36=(x*0.05) | 0.36 x 0.05 * = | 0.36:pound x:pound 0.05:honey *:pound =:pound
EXPR: 0 | POS | FRA | 22 | 0.31 | 7.2 | (x*0.05)=0.36 | x 0.05 * 0.36 = | x:honey 0.05:pound *:honey 0.36:honey =:honey
EXPR: 1 | POS | FRA | 22 | 0.31 | 0.31 | (0.36-x)=0.05 | 0.36 x - 0.05 = | 0.36:honey x:honey -:honey 0.05:honey =:honey
EXPR: 0 | POS | FRA | 22 | 0.31 | 7.2 | (0.05*x)=0.36 | 0.05 x * 0.36 = | 0.05:pound x:honey *:honey 0.36:honey =:honey
EXPR: 0 | POS | FRA | 22 | 0.31 | 0.018 | (x/0.05)=0.36 | x 0.05 / 0.36 = | x:honey 0.05:pound /:honey 0.36:honey =:honey
EXPR: 0 | POS | FRA | 30 | 0.31 | 0.138888888888889 | x=(0.05/0.36) | x 0.05 0.36 / = | x:pound 0.05:pound 0.36:honey /:pound =:pound
EXPR: 0 | POS | FRA | 31 | 0.31 | 0.138888888888889 | x=(0.05/0.36) | x 0.05 0.36 / = | x:pound 0.05:pound 0.36:honey /:pound =:pound
EXPR: 0 | POS | FRA | 32 | 0.31 | 7.2 | (0.05*x)=0.36 | 0.05 x * 0.36 = | 0.05:honey x:pound *:pound 0.36:pound =:pound
EXPR: 0 | POS | FRA | 32 | 0.31 | 0.41 | 0.05=(x-0.36) | 0.05 x 0.36 - = | 0.05:honey x:honey 0.36:honey -:honey =:honey
EXPR: 0 | POS | FRA | 32 | 0.31 | 0.138888888888889 | 0.05=(0.36*x) | 0.05 0.36 x * = | 0.05:pound 0.36:honey x:pound *:pound =:pound
EXPR: 1 | POS | FRA | 32 | 0.31 | 0.31 | (x+0.05)=0.36 | x 0.05 + 0.36 = | x:honey 0.05:honey +:honey 0.36:honey =:honey
EXPR: 0 | POS | FRA | 32 | 0.31 | 0.018 | (x/0.05)=0.36 | x 0.05 / 0.36 = | x:pound 0.05:honey /:pound 0.36:pound =:pound
EXPR: 0 | POS | FRA | 32 | 0.31 | 7.2 | (x*0.05)=0.36 | x 0.05 * 0.36 = | x:pound 0.05:honey *:pound 0.36:pound =:pound
EXPR: 0 | POS | FRA | 32 | 0.31 | 0.138888888888889 | 0.36=(0.05/x) | 0.36 0.05 x / = | 0.36:honey 0.05:honey x:pound /:honey =:honey
EXPR: 1 | POS | FRA | 32 | 0.31 | 0.31 | 0.05=(0.36-x) | 0.05 0.36 x - = | 0.05:honey 0.36:honey x:honey -:honey =:honey
EXPR: 1 | POS | FRA | 32 | 0.31 | 0.31 | (0.05+x)=0.36 | 0.05 x + 0.36 = | 0.05:honey x:honey +:honey 0.36:honey =:honey
EXPR: 0 | POS | FRA | 32 | 0.31 | 7.2 | 0.36=(0.05*x) | 0.36 0.05 x * = | 0.36:honey 0.05:honey x:pound *:honey =:honey
EXPR: 0 | POS | FRA | 32 | 0.31 | 0.138888888888889 | (0.36*x)=0.05 | 0.36 x * 0.05 = | 0.36:honey x:pound *:honey 0.05:honey =:honey
EXPR: 0 | POS | FRA | 32 | 0.31 | 0.138888888888889 | (x*0.36)=0.05 | x 0.36 * 0.05 = | x:pound 0.36:honey *:honey 0.05:honey =:honey
EXPR: 0 | POS | FRA | 32 | 0.31 | 7.2 | 0.36=(x*0.05) | 0.36 x 0.05 * = | 0.36:honey x:pound 0.05:honey *:honey =:honey
EXPR: 0 | POS | FRA | 32 | 0.31 | 7.2 | (0.36/x)=0.05 | 0.36 x / 0.05 = | 0.36:honey x:pound /:honey 0.05:honey =:honey
EXPR: 0 | POS | FRA | 32 | 0.31 | 0.018 | 0.05=(x/0.36) | 0.05 x 0.36 / = | 0.05:pound x:pound 0.36:honey /:pound =:pound
EXPR: 0 | POS | FRA | 32 | 0.31 | 0.138888888888889 | 0.05=(x*0.36) | 0.05 x 0.36 * = | 0.05:pound x:pound 0.36:honey *:pound =:pound
EXPR: 0 | POS | FRA | 32 | 0.31 | 0.41 | (x-0.05)=0.36 | x 0.05 - 0.36 = | x:honey 0.05:honey -:honey 0.36:honey =:honey
EXPR: 0 | POS | FRA | 42 | 0.31 | 0.138888888888889 | 0.05=(0.36*x) | 0.05 0.36 x * = | 0.05:honey 0.36:honey x:pound *:honey =:honey
EXPR: 0 | POS | FRA | 42 | 0.31 | 7.2 | 0.05=(0.36/x) | 0.05 0.36 x / = | 0.05:honey 0.36:honey x:pound /:honey =:honey
EXPR: 0 | POS | FRA | 42 | 0.31 | 7.2 | (x*0.05)=0.36 | x 0.05 * 0.36 = | x:pound 0.05:honey *:honey 0.36:honey =:honey
EXPR: 0 | POS | FRA | 42 | 0.31 | 0.138888888888889 | 0.05=(x*0.36) | 0.05 x 0.36 * = | 0.05:honey x:pound 0.36:honey *:honey =:honey
EXPR: 0 | POS | FRA | 42 | 0.31 | 7.2 | (0.05*x)=0.36 | 0.05 x * 0.36 = | 0.05:honey x:pound *:honey 0.36:honey =:honey
EXPR: 0 | POS | FRA | 42 | 0.31 | 0.138888888888889 | (0.05/x)=0.36 | 0.05 x / 0.36 = | 0.05:honey x:pound /:honey 0.36:honey =:honey
NET 92 non-negative solutions found out of 108 total solutions
