parameters: n=7 l=3 k=1 p=5 q=1 m=9
TOTAL 408 solutions found
SOLN: CORRECT | POS/NEG | INT/FRA | OBJ-SCORE | TRUE-ANS | ANS | INFIX | POSTFIX | TYPED-POSTFIX
EXPR: 0 | POS | FRA | 0 | 11 | 18.2 | x=(7.2+(31-20)) | x 7.2 31 20 - + = | x:nickel 7.2:nickel 31:nickel 20:nickel -:nickel +:nickel =:nickel
EXPR: 0 | POS | FRA | 0 | 11 | 58.2 | x=(7.2+(31+20)) | x 7.2 31 20 + + = | x:nickel 7.2:nickel 31:nickel 20:nickel +:nickel +:nickel =:nickel
EXPR: 0 | POS | FRA | 0 | 11 | 18.2 | x=((7.2+31)-20) | x 7.2 31 + 20 - = | x:nickel 7.2:nickel 31:nickel +:nickel 20:nickel -:nickel =:nickel
EXPR: 0 | POS | FRA | 0 | 11 | 58.2 | x=((7.2+31)+20) | x 7.2 31 + 20 + = | x:nickel 7.2:nickel 31:nickel +:nickel 20:nickel +:nickel =:nickel
EXPR: 0 | POS | FRA | 1 | 11 | 18.2 | x=(7.2+(31-20)) | x 7.2 31 20 - + = | x:nickel 7.2:nickel 31:nickel 20:nickel -:nickel +:nickel =:nickel
EXPR: 0 | POS | FRA | 1 | 11 | 58.2 | x=(7.2+(31+20)) | x 7.2 31 20 + + = | x:nickel 7.2:nickel 31:nickel 20:nickel +:nickel +:nickel =:nickel
EXPR: 0 | POS | FRA | 1 | 11 | 58.2 | x=((7.2+31)+20) | x 7.2 31 + 20 + = | x:nickel 7.2:nickel 31:nickel +:nickel 20:nickel +:nickel =:nickel
EXPR: 0 | POS | FRA | 1 | 11 | 18.2 | x=((7.2+31)-20) | x 7.2 31 + 20 - = | x:nickel 7.2:nickel 31:nickel +:nickel 20:nickel -:nickel =:nickel
EXPR: 0 | POS | FRA | 2 | 11 | 43.8 | 7.2=(31-(x-20)) | 7.2 31 x 20 - - = | 7.2:nickel 31:nickel x:nickel 20:nickel -:nickel -:nickel =:nickel
EXPR: 0 | POS | FRA | 2 | 11 | 58.2 | (x-(7.2+31))=20 | x 7.2 31 + - 20 = | x:nickel 7.2:nickel 31:nickel +:nickel -:nickel 20:nickel =:nickel
EXPR: 0 | POS | FRA | 2 | 11 | 43.8 | (x+(7.2-31))=20 | x 7.2 31 - + 20 = | x:nickel 7.2:nickel 31:nickel -:nickel +:nickel 20:nickel =:nickel
EXPR: 0 | POS | FRA | 2 | 11 | 43.8 | (7.2-(31-x))=20 | 7.2 31 x - - 20 = | 7.2:nickel 31:nickel x:nickel -:nickel -:nickel 20:nickel =:nickel
EXPR: 0 | POS | FRA | 2 | 11 | 18.2 | (7.2+(31-x))=20 | 7.2 31 x - + 20 = | 7.2:nickel 31:nickel x:nickel -:nickel +:nickel 20:nickel =:nickel
EXPR: 0 | POS | FRA | 2 | 11 | 43.8 | 7.2=(31+(20-x)) | 7.2 31 20 x - + = | 7.2:nickel 31:nickel 20:nickel x:nickel -:nickel +:nickel =:nickel
EXPR: 0 | POS | FRA | 2 | 11 | 58.2 | ((x-7.2)-31)=20 | x 7.2 - 31 - 20 = | x:nickel 7.2:nickel -:nickel 31:nickel -:nickel 20:nickel =:nickel
EXPR: 0 | POS | FRA | 2 | 11 | 18.2 | (7.2-(x-31))=20 | 7.2 x 31 - - 20 = | 7.2:nickel x:nickel 31:nickel -:nickel -:nickel 20:nickel =:nickel
EXPR: 0 | POS | FRA | 2 | 11 | 3.8 | 7.2=(31-(x+20)) | 7.2 31 x 20 + - = | 7.2:nickel 31:nickel x:nickel 20:nickel +:nickel -:nickel =:nickel
EXPR: 0 | POS | FRA | 2 | 11 | 18.2 | ((7.2-x)+31)=20 | 7.2 x - 31 + 20 = | 7.2:nickel x:nickel -:nickel 31:nickel +:nickel 20:nickel =:nickel
EXPR: 0 | POS | FRA | 2 | 11 | 18.2 | 7.2=((x-31)+20) | 7.2 x 31 - 20 + = | 7.2:nickel x:nickel 31:nickel -:nickel 20:nickel +:nickel =:nickel
EXPR: 0 | POS | FRA | 2 | 11 | 58.2 | 7.2=((x-31)-20) | 7.2 x 31 - 20 - = | 7.2:nickel x:nickel 31:nickel -:nickel 20:nickel -:nickel =:nickel
EXPR: 0 | POS | FRA | 2 | 11 | 43.8 | ((7.2-31)+x)=20 | 7.2 31 - x + 20 = | 7.2:nickel 31:nickel -:nickel x:nickel +:nickel 20:nickel =:nickel
EXPR: 0 | POS | FRA | 2 | 11 | 3.8 | 7.2=(31-(20+x)) | 7.2 31 20 x + - = | 7.2:nickel 31:nickel 20:nickel x:nickel +:nickel -:nickel =:nickel
EXPR: 0 | POS | FRA | 2 | 11 | 43.8 | ((7.2+x)-31)=20 | 7.2 x + 31 - 20 = | 7.2:nickel x:nickel +:nickel 31:nickel -:nickel 20:nickel =:nickel
EXPR: 0 | POS | FRA | 2 | 11 | 18.2 | 7.2=(x-(31-20)) | 7.2 x 31 20 - - = | 7.2:nickel x:nickel 31:nickel 20:nickel -:nickel -:nickel =:nickel
EXPR: 0 | POS | FRA | 2 | 11 | 43.8 | (7.2+(x-31))=20 | 7.2 x 31 - + 20 = | 7.2:nickel x:nickel 31:nickel -:nickel +:nickel 20:nickel =:nickel
EXPR: 0 | POS | FRA | 2 | 11 | 58.2 | 7.2=(x-(31+20)) | 7.2 x 31 20 + - = | 7.2:nickel x:nickel 31:nickel 20:nickel +:nickel -:nickel =:nickel
EXPR: 0 | POS | FRA | 2 | 11 | 43.8 | 7.2=((31-x)+20) | 7.2 31 x - 20 + = | 7.2:nickel 31:nickel x:nickel -:nickel 20:nickel +:nickel =:nickel
EXPR: 0 | POS | FRA | 2 | 11 | 43.8 | ((x+7.2)-31)=20 | x 7.2 + 31 - 20 = | x:nickel 7.2:nickel +:nickel 31:nickel -:nickel 20:nickel =:nickel
EXPR: 0 | POS | FRA | 2 | 11 | 3.8 | 7.2=((31-x)-20) | 7.2 31 x - 20 - = | 7.2:nickel 31:nickel x:nickel -:nickel 20:nickel -:nickel =:nickel
EXPR: 0 | POS | FRA | 2 | 11 | 18.2 | ((7.2+31)-x)=20 | 7.2 31 + x - 20 = | 7.2:nickel 31:nickel +:nickel x:nickel -:nickel 20:nickel =:nickel
EXPR: 0 | POS | FRA | 2 | 11 | 43.8 | 7.2=((31+20)-x) | 7.2 31 20 + x - = | 7.2:nickel 31:nickel 20:nickel +:nickel x:nickel -:nickel =:nickel
EXPR: 0 | POS | FRA | 2 | 11 | 3.8 | 7.2=((31-20)-x) | 7.2 31 20 - x - = | 7.2:nickel 31:nickel 20:nickel -:nickel x:nickel -:nickel =:nickel
EXPR: 0 | POS | FRA | 10 | 11 | 18.2 | x=(31+(7.2-20)) | x 31 7.2 20 - + = | x:nickel 31:nickel 7.2:nickel 20:nickel -:nickel +:nickel =:nickel
EXPR: 0 | POS | FRA | 10 | 11 | 43.8 | x=((31-7.2)+20) | x 31 7.2 - 20 + = | x:nickel 31:nickel 7.2:nickel -:nickel 20:nickel +:nickel =:nickel
EXPR: 0 | POS | FRA | 10 | 11 | 3.8 | x=((31-7.2)-20) | x 31 7.2 - 20 - = | x:nickel 31:nickel 7.2:nickel -:nickel 20:nickel -:nickel =:nickel
EXPR: 0 | POS | FRA | 10 | 11 | 58.2 | x=((7.2+20)+31) | x 7.2 20 + 31 + = | x:nickel 7.2:nickel 20:nickel +:nickel 31:nickel +:nickel =:nickel
EXPR: 0 | POS | FRA | 10 | 11 | 3.8 | x=(31-(7.2+20)) | x 31 7.2 20 + - = | x:nickel 31:nickel 7.2:nickel 20:nickel +:nickel -:nickel =:nickel
EXPR: 0 | POS | FRA | 10 | 11 | 18.2 | x=(7.2-(20-31)) | x 7.2 20 31 - - = | x:nickel 7.2:nickel 20:nickel 31:nickel -:nickel -:nickel =:nickel
EXPR: 0 | POS | FRA | 10 | 11 | 58.2 | x=(31+(7.2+20)) | x 31 7.2 20 + + = | x:nickel 31:nickel 7.2:nickel 20:nickel +:nickel +:nickel =:nickel
EXPR: 0 | POS | FRA | 10 | 11 | 18.2 | x=((7.2-20)+31) | x 7.2 20 - 31 + = | x:nickel 7.2:nickel 20:nickel -:nickel 31:nickel +:nickel =:nickel
EXPR: 0 | POS | FRA | 10 | 11 | 43.8 | x=(31-(7.2-20)) | x 31 7.2 20 - - = | x:nickel 31:nickel 7.2:nickel 20:nickel -:nickel -:nickel =:nickel
EXPR: 0 | POS | FRA | 11 | 11 | 43.8 | x=(31-(7.2-20)) | x 31 7.2 20 - - = | x:nickel 31:nickel 7.2:nickel 20:nickel -:nickel -:nickel =:nickel
EXPR: 0 | POS | FRA | 11 | 11 | 18.2 | x=(31+(7.2-20)) | x 31 7.2 20 - + = | x:nickel 31:nickel 7.2:nickel 20:nickel -:nickel +:nickel =:nickel
EXPR: 0 | POS | FRA | 11 | 11 | 58.2 | x=((7.2+20)+31) | x 7.2 20 + 31 + = | x:nickel 7.2:nickel 20:nickel +:nickel 31:nickel +:nickel =:nickel
EXPR: 0 | POS | FRA | 11 | 11 | 3.8 | x=((31-7.2)-20) | x 31 7.2 - 20 - = | x:nickel 31:nickel 7.2:nickel -:nickel 20:nickel -:nickel =:nickel
EXPR: 0 | POS | FRA | 11 | 11 | 43.8 | x=((31-7.2)+20) | x 31 7.2 - 20 + = | x:nickel 31:nickel 7.2:nickel -:nickel 20:nickel +:nickel =:nickel
EXPR: 0 | POS | FRA | 11 | 11 | 18.2 | x=(7.2-(20-31)) | x 7.2 20 31 - - = | x:nickel 7.2:nickel 20:nickel 31:nickel -:nickel -:nickel =:nickel
EXPR: 0 | POS | FRA | 11 | 11 | 58.2 | x=(31+(7.2+20)) | x 31 7.2 20 + + = | x:nickel 31:nickel 7.2:nickel 20:nickel +:nickel +:nickel =:nickel
EXPR: 0 | POS | FRA | 11 | 11 | 18.2 | x=((7.2-20)+31) | x 7.2 20 - 31 + = | x:nickel 7.2:nickel 20:nickel -:nickel 31:nickel +:nickel =:nickel
EXPR: 0 | POS | FRA | 11 | 11 | 3.8 | x=(31-(7.2+20)) | x 31 7.2 20 + - = | x:nickel 31:nickel 7.2:nickel 20:nickel +:nickel -:nickel =:nickel
EXPR: 0 | POS | FRA | 12 | 11 | 43.8 | 31=((7.2+x)-20) | 31 7.2 x + 20 - = | 31:nickel 7.2:nickel x:nickel +:nickel 20:nickel -:nickel =:nickel
EXPR: 0 | POS | FRA | 12 | 11 | 43.8 | ((x-31)+7.2)=20 | x 31 - 7.2 + 20 = | x:nickel 31:nickel -:nickel 7.2:nickel +:nickel 20:nickel =:nickel
EXPR: 0 | POS | FRA | 12 | 11 | 43.8 | 7.2=(20-(x-31)) | 7.2 20 x 31 - - = | 7.2:nickel 20:nickel x:nickel 31:nickel -:nickel -:nickel =:nickel
EXPR: 0 | POS | FRA | 12 | 11 | 3.8 | 31=((7.2+x)+20) | 31 7.2 x + 20 + = | 31:nickel 7.2:nickel x:nickel +:nickel 20:nickel +:nickel =:nickel
EXPR: 0 | POS | FRA | 12 | 11 | 58.2 | (x-7.2)=(31+20) | x 7.2 - 31 20 + = | x:nickel 7.2:nickel -:nickel 31:nickel 20:nickel +:nickel =:nickel
EXPR: 0 | POS | FRA | 12 | 11 | 43.8 | (x-(31-7.2))=20 | x 31 7.2 - - 20 = | x:nickel 31:nickel 7.2:nickel -:nickel -:nickel 20:nickel =:nickel
EXPR: 0 | POS | FRA | 12 | 11 | 18.2 | (x-(7.2-20))=31 | x 7.2 20 - - 31 = | x:nickel 7.2:nickel 20:nickel -:nickel -:nickel 31:nickel =:nickel
EXPR: 0 | POS | FRA | 12 | 11 | 58.2 | ((x-31)-7.2)=20 | x 31 - 7.2 - 20 = | x:nickel 31:nickel -:nickel 7.2:nickel -:nickel 20:nickel =:nickel
EXPR: 0 | POS | FRA | 12 | 11 | 58.2 | (x-(7.2+20))=31 | x 7.2 20 + - 31 = | x:nickel 7.2:nickel 20:nickel +:nickel -:nickel 31:nickel =:nickel
EXPR: 0 | POS | FRA | 12 | 11 | 43.8 | (x+(7.2-20))=31 | x 7.2 20 - + 31 = | x:nickel 7.2:nickel 20:nickel -:nickel +:nickel 31:nickel =:nickel
EXPR: 0 | POS | FRA | 12 | 11 | 43.8 | (7.2-(20-x))=31 | 7.2 20 x - - 31 = | 7.2:nickel 20:nickel x:nickel -:nickel -:nickel 31:nickel =:nickel
EXPR: 0 | POS | FRA | 12 | 11 | 18.2 | ((x-7.2)+20)=31 | x 7.2 - 20 + 31 = | x:nickel 7.2:nickel -:nickel 20:nickel +:nickel 31:nickel =:nickel
EXPR: 0 | POS | FRA | 12 | 11 | 3.8 | 31=(7.2+(x+20)) | 31 7.2 x 20 + + = | 31:nickel 7.2:nickel x:nickel 20:nickel +:nickel +:nickel =:nickel
EXPR: 0 | POS | FRA | 12 | 11 | 18.2 | (x-7.2)=(31-20) | x 7.2 - 31 20 - = | x:nickel 7.2:nickel -:nickel 31:nickel 20:nickel -:nickel =:nickel
EXPR: 0 | POS | FRA | 12 | 11 | 58.2 | ((x-7.2)-20)=31 | x 7.2 - 20 - 31 = | x:nickel 7.2:nickel -:nickel 20:nickel -:nickel 31:nickel =:nickel
EXPR: 0 | POS | FRA | 12 | 11 | 43.8 | 31=((7.2-20)+x) | 31 7.2 20 - x + = | 31:nickel 7.2:nickel 20:nickel -:nickel x:nickel +:nickel =:nickel
EXPR: 0 | POS | FRA | 12 | 11 | 3.8 | ((31-x)-7.2)=20 | 31 x - 7.2 - 20 = | 31:nickel x:nickel -:nickel 7.2:nickel -:nickel 20:nickel =:nickel
EXPR: 0 | POS | FRA | 12 | 11 | 18.2 | (31-(x-7.2))=20 | 31 x 7.2 - - 20 = | 31:nickel x:nickel 7.2:nickel -:nickel -:nickel 20:nickel =:nickel
EXPR: 0 | POS | FRA | 12 | 11 | 3.8 | (7.2+(20+x))=31 | 7.2 20 x + + 31 = | 7.2:nickel 20:nickel x:nickel +:nickel +:nickel 31:nickel =:nickel
EXPR: 0 | POS | FRA | 12 | 11 | 3.8 | (x+(7.2+20))=31 | x 7.2 20 + + 31 = | x:nickel 7.2:nickel 20:nickel +:nickel +:nickel 31:nickel =:nickel
EXPR: 0 | POS | FRA | 12 | 11 | 18.2 | 7.2=((x+20)-31) | 7.2 x 20 + 31 - = | 7.2:nickel x:nickel 20:nickel +:nickel 31:nickel -:nickel =:nickel
EXPR: 0 | POS | FRA | 12 | 11 | 18.2 | 31=((x-7.2)+20) | 31 x 7.2 - 20 + = | 31:nickel x:nickel 7.2:nickel -:nickel 20:nickel +:nickel =:nickel
EXPR: 0 | POS | FRA | 12 | 11 | 18.2 | (31+(7.2-x))=20 | 31 7.2 x - + 20 = | 31:nickel 7.2:nickel x:nickel -:nickel +:nickel 20:nickel =:nickel
EXPR: 0 | POS | FRA | 12 | 11 | 43.8 | 7.2=(20+(31-x)) | 7.2 20 31 x - + = | 7.2:nickel 20:nickel 31:nickel x:nickel -:nickel +:nickel =:nickel
EXPR: 0 | POS | FRA | 12 | 11 | 18.2 | 7.2=(20-(31-x)) | 7.2 20 31 x - - = | 7.2:nickel 20:nickel 31:nickel x:nickel -:nickel -:nickel =:nickel
EXPR: 0 | POS | FRA | 12 | 11 | 43.8 | ((7.2-20)+x)=31 | 7.2 20 - x + 31 = | 7.2:nickel 20:nickel -:nickel x:nickel +:nickel 31:nickel =:nickel
EXPR: 0 | POS | FRA | 12 | 11 | 43.8 | 31=(7.2-(20-x)) | 31 7.2 20 x - - = | 31:nickel 7.2:nickel 20:nickel x:nickel -:nickel -:nickel =:nickel
EXPR: 0 | POS | FRA | 12 | 11 | 18.2 | ((31-x)+7.2)=20 | 31 x - 7.2 + 20 = | 31:nickel x:nickel -:nickel 7.2:nickel +:nickel 20:nickel =:nickel
EXPR: 0 | POS | FRA | 12 | 11 | 3.8 | 31=(7.2+(20+x)) | 31 7.2 20 x + + = | 31:nickel 7.2:nickel 20:nickel x:nickel +:nickel +:nickel =:nickel
EXPR: 0 | POS | FRA | 12 | 11 | 43.8 | 31=((x+7.2)-20) | 31 x 7.2 + 20 - = | 31:nickel x:nickel 7.2:nickel +:nickel 20:nickel -:nickel =:nickel
EXPR: 0 | POS | FRA | 12 | 11 | 43.8 | (7.2-31)=(20-x) | 7.2 31 - 20 x - = | 7.2:nickel 31:nickel -:nickel 20:nickel x:nickel -:nickel =:nickel
EXPR: 0 | POS | FRA | 12 | 11 | 3.8 | 31=((7.2+20)+x) | 31 7.2 20 + x + = | 31:nickel 7.2:nickel 20:nickel +:nickel x:nickel +:nickel =:nickel
EXPR: 0 | POS | FRA | 12 | 11 | 3.8 | (31-(7.2+x))=20 | 31 7.2 x + - 20 = | 31:nickel 7.2:nickel x:nickel +:nickel -:nickel 20:nickel =:nickel
EXPR: 0 | POS | FRA | 12 | 11 | 3.8 | (x+7.2)=(31-20) | x 7.2 + 31 20 - = | x:nickel 7.2:nickel +:nickel 31:nickel 20:nickel -:nickel =:nickel
EXPR: 0 | POS | FRA | 12 | 11 | 58.2 | 7.2=((x-20)-31) | 7.2 x 20 - 31 - = | 7.2:nickel x:nickel 20:nickel -:nickel 31:nickel -:nickel =:nickel
EXPR: 0 | POS | FRA | 12 | 11 | 18.2 | 7.2=(x+(20-31)) | 7.2 x 20 31 - + = | 7.2:nickel x:nickel 20:nickel 31:nickel -:nickel +:nickel =:nickel
EXPR: 0 | POS | FRA | 12 | 11 | 43.8 | (7.2+(x-20))=31 | 7.2 x 20 - + 31 = | 7.2:nickel x:nickel 20:nickel -:nickel +:nickel 31:nickel =:nickel
EXPR: 0 | POS | FRA | 12 | 11 | 3.8 | (7.2+(x+20))=31 | 7.2 x 20 + + 31 = | 7.2:nickel x:nickel 20:nickel +:nickel +:nickel 31:nickel =:nickel
EXPR: 0 | POS | FRA | 12 | 11 | 43.8 | 7.2=((20-x)+31) | 7.2 20 x - 31 + = | 7.2:nickel 20:nickel x:nickel -:nickel 31:nickel +:nickel =:nickel
EXPR: 0 | POS | FRA | 12 | 11 | 58.2 | 31=((x-7.2)-20) | 31 x 7.2 - 20 - = | 31:nickel x:nickel 7.2:nickel -:nickel 20:nickel -:nickel =:nickel
EXPR: 0 | POS | FRA | 12 | 11 | 18.2 | 7.2=(20+(x-31)) | 7.2 20 x 31 - + = | 7.2:nickel 20:nickel x:nickel 31:nickel -:nickel +:nickel =:nickel
EXPR: 0 | POS | FRA | 12 | 11 | 43.8 | 31=(x+(7.2-20)) | 31 x 7.2 20 - + = | 31:nickel x:nickel 7.2:nickel 20:nickel -:nickel +:nickel =:nickel
EXPR: 0 | POS | FRA | 12 | 11 | 18.2 | 31=(x-(7.2-20)) | 31 x 7.2 20 - - = | 31:nickel x:nickel 7.2:nickel 20:nickel -:nickel -:nickel =:nickel
EXPR: 0 | POS | FRA | 12 | 11 | 43.8 | 31=(7.2+(x-20)) | 31 7.2 x 20 - + = | 31:nickel 7.2:nickel x:nickel 20:nickel -:nickel +:nickel =:nickel
EXPR: 0 | POS | FRA | 12 | 11 | 3.8 | ((7.2+x)+20)=31 | 7.2 x + 20 + 31 = | 7.2:nickel x:nickel +:nickel 20:nickel +:nickel 31:nickel =:nickel
EXPR: 0 | POS | FRA | 12 | 11 | 43.8 | ((7.2+x)-20)=31 | 7.2 x + 20 - 31 = | 7.2:nickel x:nickel +:nickel 20:nickel -:nickel 31:nickel =:nickel
EXPR: 0 | POS | FRA | 12 | 11 | 58.2 | 31=(x-(7.2+20)) | 31 x 7.2 20 + - = | 31:nickel x:nickel 7.2:nickel 20:nickel +:nickel -:nickel =:nickel
EXPR: 0 | POS | FRA | 12 | 11 | 3.8 | (31-(x+7.2))=20 | 31 x 7.2 + - 20 = | 31:nickel x:nickel 7.2:nickel +:nickel -:nickel 20:nickel =:nickel
EXPR: 0 | POS | FRA | 12 | 11 | 18.2 | 7.2=((20+x)-31) | 7.2 20 x + 31 - = | 7.2:nickel 20:nickel x:nickel +:nickel 31:nickel -:nickel =:nickel
EXPR: 0 | POS | FRA | 12 | 11 | 3.8 | 31=((x+7.2)+20) | 31 x 7.2 + 20 + = | 31:nickel x:nickel 7.2:nickel +:nickel 20:nickel +:nickel =:nickel
EXPR: 0 | POS | FRA | 12 | 11 | 3.8 | ((31-7.2)-x)=20 | 31 7.2 - x - 20 = | 31:nickel 7.2:nickel -:nickel x:nickel -:nickel 20:nickel =:nickel
EXPR: 0 | POS | FRA | 12 | 11 | 3.8 | ((7.2+20)+x)=31 | 7.2 20 + x + 31 = | 7.2:nickel 20:nickel +:nickel x:nickel +:nickel 31:nickel =:nickel
EXPR: 0 | POS | FRA | 12 | 11 | 43.8 | (7.2+x)=(31+20) | 7.2 x + 31 20 + = | 7.2:nickel x:nickel +:nickel 31:nickel 20:nickel +:nickel =:nickel
EXPR: 0 | POS | FRA | 12 | 11 | 43.8 | ((x+7.2)-20)=31 | x 7.2 + 20 - 31 = | x:nickel 7.2:nickel +:nickel 20:nickel -:nickel 31:nickel =:nickel
EXPR: 0 | POS | FRA | 12 | 11 | 3.8 | ((x+7.2)+20)=31 | x 7.2 + 20 + 31 = | x:nickel 7.2:nickel +:nickel 20:nickel +:nickel 31:nickel =:nickel
EXPR: 0 | POS | FRA | 12 | 11 | 43.8 | (x+7.2)=(31+20) | x 7.2 + 31 20 + = | x:nickel 7.2:nickel +:nickel 31:nickel 20:nickel +:nickel =:nickel
EXPR: 0 | POS | FRA | 12 | 11 | 18.2 | 7.2=((20-31)+x) | 7.2 20 31 - x + = | 7.2:nickel 20:nickel 31:nickel -:nickel x:nickel +:nickel =:nickel
EXPR: 0 | POS | FRA | 12 | 11 | 3.8 | (7.2+x)=(31-20) | 7.2 x + 31 20 - = | 7.2:nickel x:nickel +:nickel 31:nickel 20:nickel -:nickel =:nickel
EXPR: 0 | POS | FRA | 12 | 11 | 3.8 | 31=(x+(7.2+20)) | 31 x 7.2 20 + + = | 31:nickel x:nickel 7.2:nickel 20:nickel +:nickel +:nickel =:nickel
EXPR: 0 | POS | FRA | 12 | 11 | 58.2 | (7.2+31)=(x-20) | 7.2 31 + x 20 - = | 7.2:nickel 31:nickel +:nickel x:nickel 20:nickel -:nickel =:nickel
EXPR: 0 | POS | FRA | 12 | 11 | 18.2 | (7.2+31)=(x+20) | 7.2 31 + x 20 + = | 7.2:nickel 31:nickel +:nickel x:nickel 20:nickel +:nickel =:nickel
EXPR: 0 | POS | FRA | 12 | 11 | 18.2 | (7.2+31)=(20+x) | 7.2 31 + 20 x + = | 7.2:nickel 31:nickel +:nickel 20:nickel x:nickel +:nickel =:nickel
EXPR: 0 | POS | FRA | 15 | 11 | 43.8 | x=((20-7.2)+31) | x 20 7.2 - 31 + = | x:nickel 20:nickel 7.2:nickel -:nickel 31:nickel +:nickel =:nickel
EXPR: 0 | POS | FRA | 15 | 11 | 43.8 | x=(20-(7.2-31)) | x 20 7.2 31 - - = | x:nickel 20:nickel 7.2:nickel 31:nickel -:nickel -:nickel =:nickel
EXPR: 0 | POS | FRA | 15 | 11 | 58.2 | x=(20+(7.2+31)) | x 20 7.2 31 + + = | x:nickel 20:nickel 7.2:nickel 31:nickel +:nickel +:nickel =:nickel
EXPR: 0 | POS | FRA | 16 | 11 | 43.8 | x=((20-7.2)+31) | x 20 7.2 - 31 + = | x:nickel 20:nickel 7.2:nickel -:nickel 31:nickel +:nickel =:nickel
EXPR: 0 | POS | FRA | 16 | 11 | 43.8 | x=(20-(7.2-31)) | x 20 7.2 31 - - = | x:nickel 20:nickel 7.2:nickel 31:nickel -:nickel -:nickel =:nickel
EXPR: 0 | POS | FRA | 16 | 11 | 58.2 | x=(20+(7.2+31)) | x 20 7.2 31 + + = | x:nickel 20:nickel 7.2:nickel 31:nickel +:nickel +:nickel =:nickel
EXPR: 0 | POS | FRA | 17 | 11 | 18.2 | 20=((7.2-x)+31) | 20 7.2 x - 31 + = | 20:nickel 7.2:nickel x:nickel -:nickel 31:nickel +:nickel =:nickel
EXPR: 0 | POS | FRA | 17 | 11 | 43.8 | ((x-20)+7.2)=31 | x 20 - 7.2 + 31 = | x:nickel 20:nickel -:nickel 7.2:nickel +:nickel 31:nickel =:nickel
EXPR: 0 | POS | FRA | 17 | 11 | 18.2 | 20=(7.2+(31-x)) | 20 7.2 31 x - + = | 20:nickel 7.2:nickel 31:nickel x:nickel -:nickel +:nickel =:nickel
EXPR: 0 | POS | FRA | 17 | 11 | 18.2 | (20-(7.2-x))=31 | 20 7.2 x - - 31 = | 20:nickel 7.2:nickel x:nickel -:nickel -:nickel 31:nickel =:nickel
EXPR: 0 | POS | FRA | 17 | 11 | 43.8 | (x-(20-7.2))=31 | x 20 7.2 - - 31 = | x:nickel 20:nickel 7.2:nickel -:nickel -:nickel 31:nickel =:nickel
EXPR: 0 | POS | FRA | 17 | 11 | 43.8 | 20=(7.2-(31-x)) | 20 7.2 31 x - - = | 20:nickel 7.2:nickel 31:nickel x:nickel -:nickel -:nickel =:nickel
EXPR: 0 | POS | FRA | 17 | 11 | 43.8 | 20=((7.2+x)-31) | 20 7.2 x + 31 - = | 20:nickel 7.2:nickel x:nickel +:nickel 31:nickel -:nickel =:nickel
EXPR: 0 | POS | FRA | 17 | 11 | 58.2 | ((x-20)-7.2)=31 | x 20 - 7.2 - 31 = | x:nickel 20:nickel -:nickel 7.2:nickel -:nickel 31:nickel =:nickel
EXPR: 0 | POS | FRA | 17 | 11 | 3.8 | (20+(x+7.2))=31 | 20 x 7.2 + + 31 = | 20:nickel x:nickel 7.2:nickel +:nickel +:nickel 31:nickel =:nickel
EXPR: 0 | POS | FRA | 17 | 11 | 18.2 | (20+(x-7.2))=31 | 20 x 7.2 - + 31 = | 20:nickel x:nickel 7.2:nickel -:nickel +:nickel 31:nickel =:nickel
EXPR: 0 | POS | FRA | 17 | 11 | 58.2 | 20=((x-7.2)-31) | 20 x 7.2 - 31 - = | 20:nickel x:nickel 7.2:nickel -:nickel 31:nickel -:nickel =:nickel
EXPR: 0 | POS | FRA | 17 | 11 | 18.2 | ((20-7.2)+x)=31 | 20 7.2 - x + 31 = | 20:nickel 7.2:nickel -:nickel x:nickel +:nickel 31:nickel =:nickel
EXPR: 0 | POS | FRA | 17 | 11 | 18.2 | (x+(20-7.2))=31 | x 20 7.2 - + 31 = | x:nickel 20:nickel 7.2:nickel -:nickel +:nickel 31:nickel =:nickel
EXPR: 0 | POS | FRA | 17 | 11 | 18.2 | ((20+x)-7.2)=31 | 20 x + 7.2 - 31 = | 20:nickel x:nickel +:nickel 7.2:nickel -:nickel 31:nickel =:nickel
EXPR: 0 | POS | FRA | 17 | 11 | 3.8 | ((20+x)+7.2)=31 | 20 x + 7.2 + 31 = | 20:nickel x:nickel +:nickel 7.2:nickel +:nickel 31:nickel =:nickel
EXPR: 0 | POS | FRA | 17 | 11 | 43.8 | 20=((x+7.2)-31) | 20 x 7.2 + 31 - = | 20:nickel x:nickel 7.2:nickel +:nickel 31:nickel -:nickel =:nickel
EXPR: 0 | POS | FRA | 17 | 11 | 43.8 | 20=(7.2+(x-31)) | 20 7.2 x 31 - + = | 20:nickel 7.2:nickel x:nickel 31:nickel -:nickel +:nickel =:nickel
EXPR: 0 | POS | FRA | 17 | 11 | 3.8 | (20+(7.2+x))=31 | 20 7.2 x + + 31 = | 20:nickel 7.2:nickel x:nickel +:nickel +:nickel 31:nickel =:nickel
EXPR: 0 | POS | FRA | 17 | 11 | 18.2 | ((x+20)-7.2)=31 | x 20 + 7.2 - 31 = | x:nickel 20:nickel +:nickel 7.2:nickel -:nickel 31:nickel =:nickel
EXPR: 0 | POS | FRA | 17 | 11 | 18.2 | 20=(7.2-(x-31)) | 20 7.2 x 31 - - = | 20:nickel 7.2:nickel x:nickel 31:nickel -:nickel -:nickel =:nickel
EXPR: 0 | POS | FRA | 17 | 11 | 58.2 | 20=(x-(7.2+31)) | 20 x 7.2 31 + - = | 20:nickel x:nickel 7.2:nickel 31:nickel +:nickel -:nickel =:nickel
EXPR: 0 | POS | FRA | 17 | 11 | 3.8 | ((x+20)+7.2)=31 | x 20 + 7.2 + 31 = | x:nickel 20:nickel +:nickel 7.2:nickel +:nickel 31:nickel =:nickel
EXPR: 0 | POS | FRA | 17 | 11 | 18.2 | 20=((7.2+31)-x) | 20 7.2 31 + x - = | 20:nickel 7.2:nickel 31:nickel +:nickel x:nickel -:nickel =:nickel
EXPR: 0 | POS | FRA | 17 | 11 | 43.8 | 20=((7.2-31)+x) | 20 7.2 31 - x + = | 20:nickel 7.2:nickel 31:nickel -:nickel x:nickel +:nickel =:nickel
EXPR: 0 | POS | FRA | 17 | 11 | 43.8 | 20=(x+(7.2-31)) | 20 x 7.2 31 - + = | 20:nickel x:nickel 7.2:nickel 31:nickel -:nickel +:nickel =:nickel
EXPR: 0 | POS | FRA | 22 | 11 | 18.2 | (7.2-x)=(20-31) | 7.2 x - 20 31 - = | 7.2:nickel x:nickel -:nickel 20:nickel 31:nickel -:nickel =:nickel
EXPR: 0 | POS | FRA | 22 | 11 | 43.8 | (7.2-20)=(31-x) | 7.2 20 - 31 x - = | 7.2:nickel 20:nickel -:nickel 31:nickel x:nickel -:nickel =:nickel
EXPR: 0 | POS | FRA | 22 | 11 | 58.2 | (x-31)=(7.2+20) | x 31 - 7.2 20 + = | x:nickel 31:nickel -:nickel 7.2:nickel 20:nickel +:nickel =:nickel
EXPR: 0 | POS | FRA | 22 | 11 | 18.2 | (x-31)=(7.2-20) | x 31 - 7.2 20 - = | x:nickel 31:nickel -:nickel 7.2:nickel 20:nickel -:nickel =:nickel
EXPR: 0 | POS | FRA | 22 | 11 | 3.8 | (31-7.2)=(20+x) | 31 7.2 - 20 x + = | 31:nickel 7.2:nickel -:nickel 20:nickel x:nickel +:nickel =:nickel
EXPR: 0 | POS | FRA | 22 | 11 | 3.8 | (31-x)=(7.2+20) | 31 x - 7.2 20 + = | 31:nickel x:nickel -:nickel 7.2:nickel 20:nickel +:nickel =:nickel
EXPR: 0 | POS | FRA | 22 | 11 | 43.8 | (31-x)=(7.2-20) | 31 x - 7.2 20 - = | 31:nickel x:nickel -:nickel 7.2:nickel 20:nickel -:nickel =:nickel
EXPR: 0 | POS | FRA | 22 | 11 | 18.2 | (7.2-20)=(x-31) | 7.2 20 - x 31 - = | 7.2:nickel 20:nickel -:nickel x:nickel 31:nickel -:nickel =:nickel
EXPR: 0 | POS | FRA | 22 | 11 | 43.8 | (31-7.2)=(x-20) | 31 7.2 - x 20 - = | 31:nickel 7.2:nickel -:nickel x:nickel 20:nickel -:nickel =:nickel
EXPR: 0 | POS | FRA | 22 | 11 | 3.8 | (31-7.2)=(x+20) | 31 7.2 - x 20 + = | 31:nickel 7.2:nickel -:nickel x:nickel 20:nickel +:nickel =:nickel
EXPR: 0 | POS | FRA | 22 | 11 | 58.2 | (7.2+20)=(x-31) | 7.2 20 + x 31 - = | 7.2:nickel 20:nickel +:nickel x:nickel 31:nickel -:nickel =:nickel
EXPR: 0 | POS | FRA | 22 | 11 | 3.8 | (7.2+20)=(31-x) | 7.2 20 + 31 x - = | 7.2:nickel 20:nickel +:nickel 31:nickel x:nickel -:nickel =:nickel
EXPR: 0 | POS | FRA | 25 | 11 | 43.8 | x=((31+20)-7.2) | x 31 20 + 7.2 - = | x:nickel 31:nickel 20:nickel +:nickel 7.2:nickel -:nickel =:nickel
EXPR: 0 | POS | FRA | 25 | 11 | 58.2 | x=((31+20)+7.2) | x 31 20 + 7.2 + = | x:nickel 31:nickel 20:nickel +:nickel 7.2:nickel +:nickel =:nickel
EXPR: 0 | POS | FRA | 25 | 11 | 3.8 | x=((31-20)-7.2) | x 31 20 - 7.2 - = | x:nickel 31:nickel 20:nickel -:nickel 7.2:nickel -:nickel =:nickel
EXPR: 0 | POS | FRA | 25 | 11 | 43.8 | x=(31+(20-7.2)) | x 31 20 7.2 - + = | x:nickel 31:nickel 20:nickel 7.2:nickel -:nickel +:nickel =:nickel
EXPR: 0 | POS | FRA | 25 | 11 | 43.8 | x=(20+(31-7.2)) | x 20 31 7.2 - + = | x:nickel 20:nickel 31:nickel 7.2:nickel -:nickel +:nickel =:nickel
EXPR: 0 | POS | FRA | 25 | 11 | 18.2 | x=(31-(20-7.2)) | x 31 20 7.2 - - = | x:nickel 31:nickel 20:nickel 7.2:nickel -:nickel -:nickel =:nickel
EXPR: 0 | POS | FRA | 25 | 11 | 18.2 | x=((31-20)+7.2) | x 31 20 - 7.2 + = | x:nickel 31:nickel 20:nickel -:nickel 7.2:nickel +:nickel =:nickel
EXPR: 0 | POS | FRA | 26 | 11 | 58.2 | x=((31+20)+7.2) | x 31 20 + 7.2 + = | x:nickel 31:nickel 20:nickel +:nickel 7.2:nickel +:nickel =:nickel
EXPR: 0 | POS | FRA | 26 | 11 | 43.8 | x=(31+(20-7.2)) | x 31 20 7.2 - + = | x:nickel 31:nickel 20:nickel 7.2:nickel -:nickel +:nickel =:nickel
EXPR: 0 | POS | FRA | 26 | 11 | 3.8 | x=((31-20)-7.2) | x 31 20 - 7.2 - = | x:nickel 31:nickel 20:nickel -:nickel 7.2:nickel -:nickel =:nickel
EXPR: 0 | POS | FRA | 26 | 11 | 43.8 | x=((31+20)-7.2) | x 31 20 + 7.2 - = | x:nickel 31:nickel 20:nickel +:nickel 7.2:nickel -:nickel =:nickel
EXPR: 0 | POS | FRA | 26 | 11 | 43.8 | x=(20+(31-7.2)) | x 20 31 7.2 - + = | x:nickel 20:nickel 31:nickel 7.2:nickel -:nickel +:nickel =:nickel
EXPR: 0 | POS | FRA | 26 | 11 | 18.2 | x=(31-(20-7.2)) | x 31 20 7.2 - - = | x:nickel 31:nickel 20:nickel 7.2:nickel -:nickel -:nickel =:nickel
EXPR: 0 | POS | FRA | 26 | 11 | 18.2 | x=((31-20)+7.2) | x 31 20 - 7.2 + = | x:nickel 31:nickel 20:nickel -:nickel 7.2:nickel +:nickel =:nickel
EXPR: 0 | POS | FRA | 27 | 11 | 3.8 | 20=(31-(x+7.2)) | 20 31 x 7.2 + - = | 20:nickel 31:nickel x:nickel 7.2:nickel +:nickel -:nickel =:nickel
EXPR: 0 | POS | FRA | 27 | 11 | 18.2 | 20=((31-x)+7.2) | 20 31 x - 7.2 + = | 20:nickel 31:nickel x:nickel -:nickel 7.2:nickel +:nickel =:nickel
EXPR: 0 | POS | FRA | 27 | 11 | 43.8 | ((31-x)+20)=7.2 | 31 x - 20 + 7.2 = | 31:nickel x:nickel -:nickel 20:nickel +:nickel 7.2:nickel =:nickel
EXPR: 0 | POS | FRA | 27 | 11 | 18.2 | 20=(31-(x-7.2)) | 20 31 x 7.2 - - = | 20:nickel 31:nickel x:nickel 7.2:nickel -:nickel -:nickel =:nickel
EXPR: 0 | POS | FRA | 27 | 11 | 58.2 | (x-20)=(7.2+31) | x 20 - 7.2 31 + = | x:nickel 20:nickel -:nickel 7.2:nickel 31:nickel +:nickel =:nickel
EXPR: 0 | POS | FRA | 27 | 11 | 43.8 | ((20-x)+31)=7.2 | 20 x - 31 + 7.2 = | 20:nickel x:nickel -:nickel 31:nickel +:nickel 7.2:nickel =:nickel
EXPR: 0 | POS | FRA | 27 | 11 | 3.8 | ((31-x)-20)=7.2 | 31 x - 20 - 7.2 = | 31:nickel x:nickel -:nickel 20:nickel -:nickel 7.2:nickel =:nickel
EXPR: 0 | POS | FRA | 27 | 11 | 18.2 | (x+20)=(7.2+31) | x 20 + 7.2 31 + = | x:nickel 20:nickel +:nickel 7.2:nickel 31:nickel +:nickel =:nickel
EXPR: 0 | POS | FRA | 27 | 11 | 43.8 | (20-(x-31))=7.2 | 20 x 31 - - 7.2 = | 20:nickel x:nickel 31:nickel -:nickel -:nickel 7.2:nickel =:nickel
EXPR: 0 | POS | FRA | 27 | 11 | 18.2 | (x-(31-20))=7.2 | x 31 20 - - 7.2 = | x:nickel 31:nickel 20:nickel -:nickel -:nickel 7.2:nickel =:nickel
EXPR: 0 | POS | FRA | 27 | 11 | 58.2 | (x-(31+20))=7.2 | x 31 20 + - 7.2 = | x:nickel 31:nickel 20:nickel +:nickel -:nickel 7.2:nickel =:nickel
EXPR: 0 | POS | FRA | 27 | 11 | 43.8 | (20+(31-x))=7.2 | 20 31 x - + 7.2 = | 20:nickel 31:nickel x:nickel -:nickel +:nickel 7.2:nickel =:nickel
EXPR: 0 | POS | FRA | 27 | 11 | 18.2 | ((20+x)-31)=7.2 | 20 x + 31 - 7.2 = | 20:nickel x:nickel +:nickel 31:nickel -:nickel 7.2:nickel =:nickel
EXPR: 0 | POS | FRA | 27 | 11 | 58.2 | ((x-20)-31)=7.2 | x 20 - 31 - 7.2 = | x:nickel 20:nickel -:nickel 31:nickel -:nickel 7.2:nickel =:nickel
EXPR: 0 | POS | FRA | 27 | 11 | 58.2 | ((x-31)-20)=7.2 | x 31 - 20 - 7.2 = | x:nickel 31:nickel -:nickel 20:nickel -:nickel 7.2:nickel =:nickel
EXPR: 0 | POS | FRA | 27 | 11 | 3.8 | 31=(20+(x+7.2)) | 31 20 x 7.2 + + = | 31:nickel 20:nickel x:nickel 7.2:nickel +:nickel +:nickel =:nickel
EXPR: 0 | POS | FRA | 27 | 11 | 18.2 | (20-(31-x))=7.2 | 20 31 x - - 7.2 = | 20:nickel 31:nickel x:nickel -:nickel -:nickel 7.2:nickel =:nickel
EXPR: 0 | POS | FRA | 27 | 11 | 18.2 | 20=(31+(7.2-x)) | 20 31 7.2 x - + = | 20:nickel 31:nickel 7.2:nickel x:nickel -:nickel +:nickel =:nickel
EXPR: 0 | POS | FRA | 27 | 11 | 58.2 | 31=((x-20)-7.2) | 31 x 20 - 7.2 - = | 31:nickel x:nickel 20:nickel -:nickel 7.2:nickel -:nickel =:nickel
EXPR: 0 | POS | FRA | 27 | 11 | 43.8 | (31-(x-20))=7.2 | 31 x 20 - - 7.2 = | 31:nickel x:nickel 20:nickel -:nickel -:nickel 7.2:nickel =:nickel
EXPR: 0 | POS | FRA | 27 | 11 | 18.2 | (20-7.2)=(31-x) | 20 7.2 - 31 x - = | 20:nickel 7.2:nickel -:nickel 31:nickel x:nickel -:nickel =:nickel
EXPR: 0 | POS | FRA | 27 | 11 | 43.8 | 20=((x-31)+7.2) | 20 x 31 - 7.2 + = | 20:nickel x:nickel 31:nickel -:nickel 7.2:nickel +:nickel =:nickel
EXPR: 0 | POS | FRA | 27 | 11 | 18.2 | 31=((x+20)-7.2) | 31 x 20 + 7.2 - = | 31:nickel x:nickel 20:nickel +:nickel 7.2:nickel -:nickel =:nickel
EXPR: 0 | POS | FRA | 27 | 11 | 18.2 | (20+(x-31))=7.2 | 20 x 31 - + 7.2 = | 20:nickel x:nickel 31:nickel -:nickel +:nickel 7.2:nickel =:nickel
EXPR: 0 | POS | FRA | 27 | 11 | 58.2 | 20=((x-31)-7.2) | 20 x 31 - 7.2 - = | 20:nickel x:nickel 31:nickel -:nickel 7.2:nickel -:nickel =:nickel
EXPR: 0 | POS | FRA | 27 | 11 | 43.8 | (31+(20-x))=7.2 | 31 20 x - + 7.2 = | 31:nickel 20:nickel x:nickel -:nickel +:nickel 7.2:nickel =:nickel
EXPR: 0 | POS | FRA | 27 | 11 | 3.8 | 20=(31-(7.2+x)) | 20 31 7.2 x + - = | 20:nickel 31:nickel 7.2:nickel x:nickel +:nickel -:nickel =:nickel
EXPR: 0 | POS | FRA | 27 | 11 | 18.2 | (x+(20-31))=7.2 | x 20 31 - + 7.2 = | x:nickel 20:nickel 31:nickel -:nickel +:nickel 7.2:nickel =:nickel
EXPR: 0 | POS | FRA | 27 | 11 | 43.8 | 31=((x-20)+7.2) | 31 x 20 - 7.2 + = | 31:nickel x:nickel 20:nickel -:nickel 7.2:nickel +:nickel =:nickel
EXPR: 0 | POS | FRA | 27 | 11 | 43.8 | (20-7.2)=(x-31) | 20 7.2 - x 31 - = | 20:nickel 7.2:nickel -:nickel x:nickel 31:nickel -:nickel =:nickel
EXPR: 0 | POS | FRA | 27 | 11 | 3.8 | 20=((31-x)-7.2) | 20 31 x - 7.2 - = | 20:nickel 31:nickel x:nickel -:nickel 7.2:nickel -:nickel =:nickel
EXPR: 0 | POS | FRA | 27 | 11 | 3.8 | (31-(20+x))=7.2 | 31 20 x + - 7.2 = | 31:nickel 20:nickel x:nickel +:nickel -:nickel 7.2:nickel =:nickel
EXPR: 0 | POS | FRA | 27 | 11 | 43.8 | (20-x)=(7.2-31) | 20 x - 7.2 31 - = | 20:nickel x:nickel -:nickel 7.2:nickel 31:nickel -:nickel =:nickel
EXPR: 0 | POS | FRA | 27 | 11 | 3.8 | (31-(x+20))=7.2 | 31 x 20 + - 7.2 = | 31:nickel x:nickel 20:nickel +:nickel -:nickel 7.2:nickel =:nickel
EXPR: 0 | POS | FRA | 27 | 11 | 18.2 | 31=(x+(20-7.2)) | 31 x 20 7.2 - + = | 31:nickel x:nickel 20:nickel 7.2:nickel -:nickel +:nickel =:nickel
EXPR: 0 | POS | FRA | 27 | 11 | 43.8 | 31=(x-(20-7.2)) | 31 x 20 7.2 - - = | 31:nickel x:nickel 20:nickel 7.2:nickel -:nickel -:nickel =:nickel
EXPR: 0 | POS | FRA | 27 | 11 | 18.2 | 31=(20+(x-7.2)) | 31 20 x 7.2 - + = | 31:nickel 20:nickel x:nickel 7.2:nickel -:nickel +:nickel =:nickel
EXPR: 0 | POS | FRA | 27 | 11 | 18.2 | ((x+20)-31)=7.2 | x 20 + 31 - 7.2 = | x:nickel 20:nickel +:nickel 31:nickel -:nickel 7.2:nickel =:nickel
EXPR: 0 | POS | FRA | 27 | 11 | 3.8 | 31=((x+20)+7.2) | 31 x 20 + 7.2 + = | 31:nickel x:nickel 20:nickel +:nickel 7.2:nickel +:nickel =:nickel
EXPR: 0 | POS | FRA | 27 | 11 | 18.2 | ((20-31)+x)=7.2 | 20 31 - x + 7.2 = | 20:nickel 31:nickel -:nickel x:nickel +:nickel 7.2:nickel =:nickel
EXPR: 0 | POS | FRA | 27 | 11 | 3.8 | 31=(20+(7.2+x)) | 31 20 7.2 x + + = | 31:nickel 20:nickel 7.2:nickel x:nickel +:nickel +:nickel =:nickel
EXPR: 0 | POS | FRA | 27 | 11 | 18.2 | 31=((20+x)-7.2) | 31 20 x + 7.2 - = | 31:nickel 20:nickel x:nickel +:nickel 7.2:nickel -:nickel =:nickel
EXPR: 0 | POS | FRA | 27 | 11 | 18.2 | 31=(20-(7.2-x)) | 31 20 7.2 x - - = | 31:nickel 20:nickel 7.2:nickel x:nickel -:nickel -:nickel =:nickel
EXPR: 0 | POS | FRA | 27 | 11 | 43.8 | ((31+20)-x)=7.2 | 31 20 + x - 7.2 = | 31:nickel 20:nickel +:nickel x:nickel -:nickel 7.2:nickel =:nickel
EXPR: 0 | POS | FRA | 27 | 11 | 18.2 | (20+x)=(7.2+31) | 20 x + 7.2 31 + = | 20:nickel x:nickel +:nickel 7.2:nickel 31:nickel +:nickel =:nickel
EXPR: 0 | POS | FRA | 27 | 11 | 43.8 | 20=(x-(31-7.2)) | 20 x 31 7.2 - - = | 20:nickel x:nickel 31:nickel 7.2:nickel -:nickel -:nickel =:nickel
EXPR: 0 | POS | FRA | 27 | 11 | 18.2 | ((x-31)+20)=7.2 | x 31 - 20 + 7.2 = | x:nickel 31:nickel -:nickel 20:nickel +:nickel 7.2:nickel =:nickel
EXPR: 0 | POS | FRA | 27 | 11 | 18.2 | 31=((20-7.2)+x) | 31 20 7.2 - x + = | 31:nickel 20:nickel 7.2:nickel -:nickel x:nickel +:nickel =:nickel
EXPR: 0 | POS | FRA | 27 | 11 | 3.8 | ((31-20)-x)=7.2 | 31 20 - x - 7.2 = | 31:nickel 20:nickel -:nickel x:nickel -:nickel 7.2:nickel =:nickel
EXPR: 0 | POS | FRA | 27 | 11 | 3.8 | 31=((20+x)+7.2) | 31 20 x + 7.2 + = | 31:nickel 20:nickel x:nickel +:nickel 7.2:nickel +:nickel =:nickel
EXPR: 0 | POS | FRA | 27 | 11 | 3.8 | 20=((31-7.2)-x) | 20 31 7.2 - x - = | 20:nickel 31:nickel 7.2:nickel -:nickel x:nickel -:nickel =:nickel
EXPR: 0 | POS | FRA | 37 | 11 | 43.8 | (x-20)=(31-7.2) | x 20 - 31 7.2 - = | x:nickel 20:nickel -:nickel 31:nickel 7.2:nickel -:nickel =:nickel
EXPR: 0 | POS | FRA | 37 | 11 | 3.8 | (31-20)=(7.2+x) | 31 20 - 7.2 x + = | 31:nickel 20:nickel -:nickel 7.2:nickel x:nickel +:nickel =:nickel
EXPR: 0 | POS | FRA | 37 | 11 | 18.2 | (31-x)=(20-7.2) | 31 x - 20 7.2 - = | 31:nickel x:nickel -:nickel 20:nickel 7.2:nickel -:nickel =:nickel
EXPR: 0 | POS | FRA | 37 | 11 | 3.8 | (x+20)=(31-7.2) | x 20 + 31 7.2 - = | x:nickel 20:nickel +:nickel 31:nickel 7.2:nickel -:nickel =:nickel
EXPR: 0 | POS | FRA | 37 | 11 | 18.2 | (20-31)=(7.2-x) | 20 31 - 7.2 x - = | 20:nickel 31:nickel -:nickel 7.2:nickel x:nickel -:nickel =:nickel
EXPR: 0 | POS | FRA | 37 | 11 | 43.8 | (x-31)=(20-7.2) | x 31 - 20 7.2 - = | x:nickel 31:nickel -:nickel 20:nickel 7.2:nickel -:nickel =:nickel
EXPR: 0 | POS | FRA | 37 | 11 | 18.2 | (31-20)=(x-7.2) | 31 20 - x 7.2 - = | 31:nickel 20:nickel -:nickel x:nickel 7.2:nickel -:nickel =:nickel
EXPR: 0 | POS | FRA | 37 | 11 | 3.8 | (31-20)=(x+7.2) | 31 20 - x 7.2 + = | 31:nickel 20:nickel -:nickel x:nickel 7.2:nickel +:nickel =:nickel
EXPR: 0 | POS | FRA | 37 | 11 | 3.8 | (20+x)=(31-7.2) | 20 x + 31 7.2 - = | 20:nickel x:nickel +:nickel 31:nickel 7.2:nickel -:nickel =:nickel
EXPR: 0 | POS | FRA | 37 | 11 | 58.2 | (31+20)=(x-7.2) | 31 20 + x 7.2 - = | 31:nickel 20:nickel +:nickel x:nickel 7.2:nickel -:nickel =:nickel
EXPR: 0 | POS | FRA | 37 | 11 | 43.8 | (31+20)=(x+7.2) | 31 20 + x 7.2 + = | 31:nickel 20:nickel +:nickel x:nickel 7.2:nickel +:nickel =:nickel
EXPR: 0 | POS | FRA | 37 | 11 | 43.8 | (31+20)=(7.2+x) | 31 20 + 7.2 x + = | 31:nickel 20:nickel +:nickel 7.2:nickel x:nickel +:nickel =:nickel
NET 232 non-negative solutions found out of 408 total solutions
