parameters: n=7 l=3 k=1 p=5 q=1 m=9
TOTAL 408 solutions found
SOLN: CORRECT | POS/NEG | INT/FRA | OBJ-SCORE | TRUE-ANS | ANS | INFIX | POSTFIX | TYPED-POSTFIX
EXPR: 0 | POS | FRA | 0 | 141.54 | 129.22 | x=(130.30+(11.24-12.32)) | x 130.30 11.24 12.32 - + = | x:dollar 130.30:dollar 11.24:dollar 12.32:dollar -:dollar +:dollar =:dollar
EXPR: 0 | POS | FRA | 0 | 141.54 | 131.38 | x=(130.30-(11.24-12.32)) | x 130.30 11.24 12.32 - - = | x:dollar 130.30:dollar 11.24:dollar 12.32:dollar -:dollar -:dollar =:dollar
EXPR: 0 | POS | FRA | 0 | 141.54 | 153.86 | x=(130.30+(11.24+12.32)) | x 130.30 11.24 12.32 + + = | x:dollar 130.30:dollar 11.24:dollar 12.32:dollar +:dollar +:dollar =:dollar
EXPR: 0 | POS | FRA | 0 | 141.54 | 106.74 | x=(130.30-(11.24+12.32)) | x 130.30 11.24 12.32 + - = | x:dollar 130.30:dollar 11.24:dollar 12.32:dollar +:dollar -:dollar =:dollar
EXPR: 0 | POS | FRA | 0 | 141.54 | 131.38 | x=((130.30-11.24)+12.32) | x 130.30 11.24 - 12.32 + = | x:dollar 130.30:dollar 11.24:dollar -:dollar 12.32:dollar +:dollar =:dollar
EXPR: 0 | POS | FRA | 0 | 141.54 | 106.74 | x=((130.30-11.24)-12.32) | x 130.30 11.24 - 12.32 - = | x:dollar 130.30:dollar 11.24:dollar -:dollar 12.32:dollar -:dollar =:dollar
EXPR: 0 | POS | FRA | 0 | 141.54 | 129.22 | x=((130.30+11.24)-12.32) | x 130.30 11.24 + 12.32 - = | x:dollar 130.30:dollar 11.24:dollar +:dollar 12.32:dollar -:dollar =:dollar
EXPR: 0 | POS | FRA | 0 | 141.54 | 153.86 | x=((130.30+11.24)+12.32) | x 130.30 11.24 + 12.32 + = | x:dollar 130.30:dollar 11.24:dollar +:dollar 12.32:dollar +:dollar =:dollar
EXPR: 0 | POS | FRA | 1 | 141.54 | 129.22 | x=(130.30+(11.24-12.32)) | x 130.30 11.24 12.32 - + = | x:dollar 130.30:dollar 11.24:dollar 12.32:dollar -:dollar +:dollar =:dollar
EXPR: 0 | POS | FRA | 1 | 141.54 | 131.38 | x=(130.30-(11.24-12.32)) | x 130.30 11.24 12.32 - - = | x:dollar 130.30:dollar 11.24:dollar 12.32:dollar -:dollar -:dollar =:dollar
EXPR: 0 | POS | FRA | 1 | 141.54 | 106.74 | x=(130.30-(11.24+12.32)) | x 130.30 11.24 12.32 + - = | x:dollar 130.30:dollar 11.24:dollar 12.32:dollar +:dollar -:dollar =:dollar
EXPR: 0 | POS | FRA | 1 | 141.54 | 131.38 | x=((130.30-11.24)+12.32) | x 130.30 11.24 - 12.32 + = | x:dollar 130.30:dollar 11.24:dollar -:dollar 12.32:dollar +:dollar =:dollar
EXPR: 0 | POS | FRA | 1 | 141.54 | 153.86 | x=(130.30+(11.24+12.32)) | x 130.30 11.24 12.32 + + = | x:dollar 130.30:dollar 11.24:dollar 12.32:dollar +:dollar +:dollar =:dollar
EXPR: 0 | POS | FRA | 1 | 141.54 | 106.74 | x=((130.30-11.24)-12.32) | x 130.30 11.24 - 12.32 - = | x:dollar 130.30:dollar 11.24:dollar -:dollar 12.32:dollar -:dollar =:dollar
EXPR: 0 | POS | FRA | 1 | 141.54 | 153.86 | x=((130.30+11.24)+12.32) | x 130.30 11.24 + 12.32 + = | x:dollar 130.30:dollar 11.24:dollar +:dollar 12.32:dollar +:dollar =:dollar
EXPR: 0 | POS | FRA | 1 | 141.54 | 129.22 | x=((130.30+11.24)-12.32) | x 130.30 11.24 + 12.32 - = | x:dollar 130.30:dollar 11.24:dollar +:dollar 12.32:dollar -:dollar =:dollar
EXPR: 0 | POS | FRA | 2 | 141.54 | 131.38 | ((x-130.30)+11.24)=12.32 | x 130.30 - 11.24 + 12.32 = | x:dollar 130.30:dollar -:dollar 11.24:dollar +:dollar 12.32:dollar =:dollar
EXPR: 0 | POS | FRA | 2 | 141.54 | 106.74 | ((130.30-x)-11.24)=12.32 | 130.30 x - 11.24 - 12.32 = | 130.30:dollar x:dollar -:dollar 11.24:dollar -:dollar 12.32:dollar =:dollar
EXPR: 0 | POS | FRA | 2 | 141.54 | 131.38 | (x-(130.30-11.24))=12.32 | x 130.30 11.24 - - 12.32 = | x:dollar 130.30:dollar 11.24:dollar -:dollar -:dollar 12.32:dollar =:dollar
EXPR: 0 | POS | FRA | 2 | 141.54 | 106.74 | 130.30=(11.24+(x+12.32)) | 130.30 11.24 x 12.32 + + = | 130.30:dollar 11.24:dollar x:dollar 12.32:dollar +:dollar +:dollar =:dollar
EXPR: 0 | POS | FRA | 2 | 141.54 | 153.86 | (x-(130.30+11.24))=12.32 | x 130.30 11.24 + - 12.32 = | x:dollar 130.30:dollar 11.24:dollar +:dollar -:dollar 12.32:dollar =:dollar
EXPR: 0 | POS | FRA | 2 | 141.54 | 129.22 | (130.30+(11.24-x))=12.32 | 130.30 11.24 x - + 12.32 = | 130.30:dollar 11.24:dollar x:dollar -:dollar +:dollar 12.32:dollar =:dollar
EXPR: 0 | POS | FRA | 2 | 141.54 | 153.86 | ((x-130.30)-11.24)=12.32 | x 130.30 - 11.24 - 12.32 = | x:dollar 130.30:dollar -:dollar 11.24:dollar -:dollar 12.32:dollar =:dollar
EXPR: 0 | POS | FRA | 2 | 141.54 | 106.74 | (130.30-(11.24+x))=12.32 | 130.30 11.24 x + - 12.32 = | 130.30:dollar 11.24:dollar x:dollar +:dollar -:dollar 12.32:dollar =:dollar
EXPR: 0 | POS | FRA | 2 | 141.54 | 129.22 | (130.30-(x-11.24))=12.32 | 130.30 x 11.24 - - 12.32 = | 130.30:dollar x:dollar 11.24:dollar -:dollar -:dollar 12.32:dollar =:dollar
EXPR: 0 | POS | FRA | 2 | 141.54 | 129.22 | ((130.30-x)+11.24)=12.32 | 130.30 x - 11.24 + 12.32 = | 130.30:dollar x:dollar -:dollar 11.24:dollar +:dollar 12.32:dollar =:dollar
EXPR: 0 | POS | FRA | 2 | 141.54 | 129.22 | 130.30=((x-11.24)+12.32) | 130.30 x 11.24 - 12.32 + = | 130.30:dollar x:dollar 11.24:dollar -:dollar 12.32:dollar +:dollar =:dollar
EXPR: 0 | POS | FRA | 2 | 141.54 | 131.38 | 130.30=((x+11.24)-12.32) | 130.30 x 11.24 + 12.32 - = | 130.30:dollar x:dollar 11.24:dollar +:dollar 12.32:dollar -:dollar =:dollar
EXPR: 0 | POS | FRA | 2 | 141.54 | 153.86 | 130.30=((x-11.24)-12.32) | 130.30 x 11.24 - 12.32 - = | 130.30:dollar x:dollar 11.24:dollar -:dollar 12.32:dollar -:dollar =:dollar
EXPR: 0 | POS | FRA | 2 | 141.54 | 106.74 | ((130.30-11.24)-x)=12.32 | 130.30 11.24 - x - 12.32 = | 130.30:dollar 11.24:dollar -:dollar x:dollar -:dollar 12.32:dollar =:dollar
EXPR: 0 | POS | FRA | 2 | 141.54 | 131.38 | 130.30=(11.24-(12.32-x)) | 130.30 11.24 12.32 x - - = | 130.30:dollar 11.24:dollar 12.32:dollar x:dollar -:dollar -:dollar =:dollar
EXPR: 0 | POS | FRA | 2 | 141.54 | 106.74 | (130.30-(x+11.24))=12.32 | 130.30 x 11.24 + - 12.32 = | 130.30:dollar x:dollar 11.24:dollar +:dollar -:dollar 12.32:dollar =:dollar
EXPR: 0 | POS | FRA | 2 | 141.54 | 106.74 | 130.30=(11.24+(12.32+x)) | 130.30 11.24 12.32 x + + = | 130.30:dollar 11.24:dollar 12.32:dollar x:dollar +:dollar +:dollar =:dollar
EXPR: 0 | POS | FRA | 2 | 141.54 | 131.38 | 130.30=(x+(11.24-12.32)) | 130.30 x 11.24 12.32 - + = | 130.30:dollar x:dollar 11.24:dollar 12.32:dollar -:dollar +:dollar =:dollar
EXPR: 0 | POS | FRA | 2 | 141.54 | 129.22 | 130.30=(x-(11.24-12.32)) | 130.30 x 11.24 12.32 - - = | 130.30:dollar x:dollar 11.24:dollar 12.32:dollar -:dollar -:dollar =:dollar
EXPR: 0 | POS | FRA | 2 | 141.54 | 153.86 | 130.30=(x-(11.24+12.32)) | 130.30 x 11.24 12.32 + - = | 130.30:dollar x:dollar 11.24:dollar 12.32:dollar +:dollar -:dollar =:dollar
EXPR: 0 | POS | FRA | 2 | 141.54 | 106.74 | 130.30=((x+11.24)+12.32) | 130.30 x 11.24 + 12.32 + = | 130.30:dollar x:dollar 11.24:dollar +:dollar 12.32:dollar +:dollar =:dollar
EXPR: 0 | POS | FRA | 2 | 141.54 | 131.38 | 130.30=(11.24+(x-12.32)) | 130.30 11.24 x 12.32 - + = | 130.30:dollar 11.24:dollar x:dollar 12.32:dollar -:dollar +:dollar =:dollar
EXPR: 0 | POS | FRA | 2 | 141.54 | 131.38 | 130.30=((11.24+x)-12.32) | 130.30 11.24 x + 12.32 - = | 130.30:dollar 11.24:dollar x:dollar +:dollar 12.32:dollar -:dollar =:dollar
EXPR: 0 | POS | FRA | 2 | 141.54 | 129.22 | ((130.30+11.24)-x)=12.32 | 130.30 11.24 + x - 12.32 = | 130.30:dollar 11.24:dollar +:dollar x:dollar -:dollar 12.32:dollar =:dollar
EXPR: 0 | POS | FRA | 2 | 141.54 | 106.74 | 130.30=((11.24+x)+12.32) | 130.30 11.24 x + 12.32 + = | 130.30:dollar 11.24:dollar x:dollar +:dollar 12.32:dollar +:dollar =:dollar
EXPR: 0 | POS | FRA | 2 | 141.54 | 106.74 | 130.30=(x+(11.24+12.32)) | 130.30 x 11.24 12.32 + + = | 130.30:dollar x:dollar 11.24:dollar 12.32:dollar +:dollar +:dollar =:dollar
EXPR: 0 | POS | FRA | 2 | 141.54 | 131.38 | 130.30=((11.24-12.32)+x) | 130.30 11.24 12.32 - x + = | 130.30:dollar 11.24:dollar 12.32:dollar -:dollar x:dollar +:dollar =:dollar
EXPR: 0 | POS | FRA | 2 | 141.54 | 106.74 | 130.30=((11.24+12.32)+x) | 130.30 11.24 12.32 + x + = | 130.30:dollar 11.24:dollar 12.32:dollar +:dollar x:dollar +:dollar =:dollar
EXPR: 0 | POS | FRA | 10 | 141.54 | 129.22 | x=(11.24+(130.30-12.32)) | x 11.24 130.30 12.32 - + = | x:dollar 11.24:dollar 130.30:dollar 12.32:dollar -:dollar +:dollar =:dollar
EXPR: 0 | POS | FRA | 10 | 141.54 | 131.38 | x=((130.30+12.32)-11.24) | x 130.30 12.32 + 11.24 - = | x:dollar 130.30:dollar 12.32:dollar +:dollar 11.24:dollar -:dollar =:dollar
EXPR: 0 | POS | FRA | 10 | 141.54 | 106.74 | x=((130.30-12.32)-11.24) | x 130.30 12.32 - 11.24 - = | x:dollar 130.30:dollar 12.32:dollar -:dollar 11.24:dollar -:dollar =:dollar
EXPR: 0 | POS | FRA | 10 | 141.54 | 153.86 | x=((130.30+12.32)+11.24) | x 130.30 12.32 + 11.24 + = | x:dollar 130.30:dollar 12.32:dollar +:dollar 11.24:dollar +:dollar =:dollar
EXPR: 0 | POS | FRA | 10 | 141.54 | 129.22 | x=(130.30-(12.32-11.24)) | x 130.30 12.32 11.24 - - = | x:dollar 130.30:dollar 12.32:dollar 11.24:dollar -:dollar -:dollar =:dollar
EXPR: 0 | POS | FRA | 10 | 141.54 | 153.86 | x=(11.24+(130.30+12.32)) | x 11.24 130.30 12.32 + + = | x:dollar 11.24:dollar 130.30:dollar 12.32:dollar +:dollar +:dollar =:dollar
EXPR: 0 | POS | FRA | 10 | 141.54 | 131.38 | x=(130.30+(12.32-11.24)) | x 130.30 12.32 11.24 - + = | x:dollar 130.30:dollar 12.32:dollar 11.24:dollar -:dollar +:dollar =:dollar
EXPR: 0 | POS | FRA | 10 | 141.54 | 129.22 | x=((130.30-12.32)+11.24) | x 130.30 12.32 - 11.24 + = | x:dollar 130.30:dollar 12.32:dollar -:dollar 11.24:dollar +:dollar =:dollar
EXPR: 0 | POS | FRA | 11 | 141.54 | 129.22 | x=(11.24+(130.30-12.32)) | x 11.24 130.30 12.32 - + = | x:dollar 11.24:dollar 130.30:dollar 12.32:dollar -:dollar +:dollar =:dollar
EXPR: 0 | POS | FRA | 11 | 141.54 | 131.38 | x=((130.30+12.32)-11.24) | x 130.30 12.32 + 11.24 - = | x:dollar 130.30:dollar 12.32:dollar +:dollar 11.24:dollar -:dollar =:dollar
EXPR: 0 | POS | FRA | 11 | 141.54 | 153.86 | x=((130.30+12.32)+11.24) | x 130.30 12.32 + 11.24 + = | x:dollar 130.30:dollar 12.32:dollar +:dollar 11.24:dollar +:dollar =:dollar
EXPR: 0 | POS | FRA | 11 | 141.54 | 106.74 | x=((130.30-12.32)-11.24) | x 130.30 12.32 - 11.24 - = | x:dollar 130.30:dollar 12.32:dollar -:dollar 11.24:dollar -:dollar =:dollar
EXPR: 0 | POS | FRA | 11 | 141.54 | 129.22 | x=(130.30-(12.32-11.24)) | x 130.30 12.32 11.24 - - = | x:dollar 130.30:dollar 12.32:dollar 11.24:dollar -:dollar -:dollar =:dollar
EXPR: 0 | POS | FRA | 11 | 141.54 | 153.86 | x=(11.24+(130.30+12.32)) | x 11.24 130.30 12.32 + + = | x:dollar 11.24:dollar 130.30:dollar 12.32:dollar +:dollar +:dollar =:dollar
EXPR: 0 | POS | FRA | 11 | 141.54 | 131.38 | x=(130.30+(12.32-11.24)) | x 130.30 12.32 11.24 - + = | x:dollar 130.30:dollar 12.32:dollar 11.24:dollar -:dollar +:dollar =:dollar
EXPR: 0 | POS | FRA | 11 | 141.54 | 129.22 | x=((130.30-12.32)+11.24) | x 130.30 12.32 - 11.24 + = | x:dollar 130.30:dollar 12.32:dollar -:dollar 11.24:dollar +:dollar =:dollar
EXPR: 0 | POS | FRA | 12 | 141.54 | 106.74 | ((130.30-x)-12.32)=11.24 | 130.30 x - 12.32 - 11.24 = | 130.30:dollar x:dollar -:dollar 12.32:dollar -:dollar 11.24:dollar =:dollar
EXPR: 0 | POS | FRA | 12 | 141.54 | 131.38 | 11.24=((130.30-x)+12.32) | 11.24 130.30 x - 12.32 + = | 11.24:dollar 130.30:dollar x:dollar -:dollar 12.32:dollar +:dollar =:dollar
EXPR: 0 | POS | FRA | 12 | 141.54 | 106.74 | 11.24=((130.30-x)-12.32) | 11.24 130.30 x - 12.32 - = | 11.24:dollar 130.30:dollar x:dollar -:dollar 12.32:dollar -:dollar =:dollar
EXPR: 0 | POS | FRA | 12 | 141.54 | 131.38 | ((130.30-x)+12.32)=11.24 | 130.30 x - 12.32 + 11.24 = | 130.30:dollar x:dollar -:dollar 12.32:dollar +:dollar 11.24:dollar =:dollar
EXPR: 0 | POS | FRA | 12 | 141.54 | 153.86 | (x-130.30)=(11.24+12.32) | x 130.30 - 11.24 12.32 + = | x:dollar 130.30:dollar -:dollar 11.24:dollar 12.32:dollar +:dollar =:dollar
EXPR: 0 | POS | FRA | 12 | 141.54 | 131.38 | 11.24=(130.30-(x-12.32)) | 11.24 130.30 x 12.32 - - = | 11.24:dollar 130.30:dollar x:dollar 12.32:dollar -:dollar -:dollar =:dollar
EXPR: 0 | POS | FRA | 12 | 141.54 | 129.22 | (x-(130.30-12.32))=11.24 | x 130.30 12.32 - - 11.24 = | x:dollar 130.30:dollar 12.32:dollar -:dollar -:dollar 11.24:dollar =:dollar
EXPR: 0 | POS | FRA | 12 | 141.54 | 106.74 | 130.30=(12.32+(x+11.24)) | 130.30 12.32 x 11.24 + + = | 130.30:dollar 12.32:dollar x:dollar 11.24:dollar +:dollar +:dollar =:dollar
EXPR: 0 | POS | FRA | 12 | 141.54 | 153.86 | ((x-11.24)-130.30)=12.32 | x 11.24 - 130.30 - 12.32 = | x:dollar 11.24:dollar -:dollar 130.30:dollar -:dollar 12.32:dollar =:dollar
EXPR: 0 | POS | FRA | 12 | 141.54 | 153.86 | (x-(130.30+12.32))=11.24 | x 130.30 12.32 + - 11.24 = | x:dollar 130.30:dollar 12.32:dollar +:dollar -:dollar 11.24:dollar =:dollar
EXPR: 0 | POS | FRA | 12 | 141.54 | 131.38 | (x+(11.24-130.30))=12.32 | x 11.24 130.30 - + 12.32 = | x:dollar 11.24:dollar 130.30:dollar -:dollar +:dollar 12.32:dollar =:dollar
EXPR: 0 | POS | FRA | 12 | 141.54 | 106.74 | (130.30-x)=(11.24+12.32) | 130.30 x - 11.24 12.32 + = | 130.30:dollar x:dollar -:dollar 11.24:dollar 12.32:dollar +:dollar =:dollar
EXPR: 0 | POS | FRA | 12 | 141.54 | 106.74 | (130.30-11.24)=(12.32+x) | 130.30 11.24 - 12.32 x + = | 130.30:dollar 11.24:dollar -:dollar 12.32:dollar x:dollar +:dollar =:dollar
EXPR: 0 | POS | FRA | 12 | 141.54 | 129.22 | ((x-130.30)+12.32)=11.24 | x 130.30 - 12.32 + 11.24 = | x:dollar 130.30:dollar -:dollar 12.32:dollar +:dollar 11.24:dollar =:dollar
EXPR: 0 | POS | FRA | 12 | 141.54 | 131.38 | ((11.24+x)-130.30)=12.32 | 11.24 x + 130.30 - 12.32 = | 11.24:dollar x:dollar +:dollar 130.30:dollar -:dollar 12.32:dollar =:dollar
EXPR: 0 | POS | FRA | 12 | 141.54 | 106.74 | (130.30-(12.32+x))=11.24 | 130.30 12.32 x + - 11.24 = | 130.30:dollar 12.32:dollar x:dollar +:dollar -:dollar 11.24:dollar =:dollar
EXPR: 0 | POS | FRA | 12 | 141.54 | 131.38 | (11.24-(130.30-x))=12.32 | 11.24 130.30 x - - 12.32 = | 11.24:dollar 130.30:dollar x:dollar -:dollar -:dollar 12.32:dollar =:dollar
EXPR: 0 | POS | FRA | 12 | 141.54 | 129.22 | (x-130.30)=(11.24-12.32) | x 130.30 - 11.24 12.32 - = | x:dollar 130.30:dollar -:dollar 11.24:dollar 12.32:dollar -:dollar =:dollar
EXPR: 0 | POS | FRA | 12 | 141.54 | 153.86 | ((x-130.30)-12.32)=11.24 | x 130.30 - 12.32 - 11.24 = | x:dollar 130.30:dollar -:dollar 12.32:dollar -:dollar 11.24:dollar =:dollar
EXPR: 0 | POS | FRA | 12 | 141.54 | 131.38 | (130.30-x)=(11.24-12.32) | 130.30 x - 11.24 12.32 - = | 130.30:dollar x:dollar -:dollar 11.24:dollar 12.32:dollar -:dollar =:dollar
EXPR: 0 | POS | FRA | 12 | 141.54 | 106.74 | 11.24=(130.30-(x+12.32)) | 11.24 130.30 x 12.32 + - = | 11.24:dollar 130.30:dollar x:dollar 12.32:dollar +:dollar -:dollar =:dollar
EXPR: 0 | POS | FRA | 12 | 141.54 | 129.22 | (11.24-(x-130.30))=12.32 | 11.24 x 130.30 - - 12.32 = | 11.24:dollar x:dollar 130.30:dollar -:dollar -:dollar 12.32:dollar =:dollar
EXPR: 0 | POS | FRA | 12 | 141.54 | 131.38 | 130.30=((x-12.32)+11.24) | 130.30 x 12.32 - 11.24 + = | 130.30:dollar x:dollar 12.32:dollar -:dollar 11.24:dollar +:dollar =:dollar
EXPR: 0 | POS | FRA | 12 | 141.54 | 129.22 | 130.30=((x+12.32)-11.24) | 130.30 x 12.32 + 11.24 - = | 130.30:dollar x:dollar 12.32:dollar +:dollar 11.24:dollar -:dollar =:dollar
EXPR: 0 | POS | FRA | 12 | 141.54 | 131.38 | 11.24=((130.30+12.32)-x) | 11.24 130.30 12.32 + x - = | 11.24:dollar 130.30:dollar 12.32:dollar +:dollar x:dollar -:dollar =:dollar
EXPR: 0 | POS | FRA | 12 | 141.54 | 129.22 | 11.24=((x-130.30)+12.32) | 11.24 x 130.30 - 12.32 + = | 11.24:dollar x:dollar 130.30:dollar -:dollar 12.32:dollar +:dollar =:dollar
EXPR: 0 | POS | FRA | 12 | 141.54 | 106.74 | ((130.30-12.32)-x)=11.24 | 130.30 12.32 - x - 11.24 = | 130.30:dollar 12.32:dollar -:dollar x:dollar -:dollar 11.24:dollar =:dollar
EXPR: 0 | POS | FRA | 12 | 141.54 | 129.22 | (11.24+(130.30-x))=12.32 | 11.24 130.30 x - + 12.32 = | 11.24:dollar 130.30:dollar x:dollar -:dollar +:dollar 12.32:dollar =:dollar
EXPR: 0 | POS | FRA | 12 | 141.54 | 131.38 | (130.30-(x-12.32))=11.24 | 130.30 x 12.32 - - 11.24 = | 130.30:dollar x:dollar 12.32:dollar -:dollar -:dollar 11.24:dollar =:dollar
EXPR: 0 | POS | FRA | 12 | 141.54 | 106.74 | (130.30-11.24)=(x+12.32) | 130.30 11.24 - x 12.32 + = | 130.30:dollar 11.24:dollar -:dollar x:dollar 12.32:dollar +:dollar =:dollar
EXPR: 0 | POS | FRA | 12 | 141.54 | 129.22 | 130.30=(12.32-(11.24-x)) | 130.30 12.32 11.24 x - - = | 130.30:dollar 12.32:dollar 11.24:dollar x:dollar -:dollar -:dollar =:dollar
EXPR: 0 | POS | FRA | 12 | 141.54 | 131.38 | (130.30-11.24)=(x-12.32) | 130.30 11.24 - x 12.32 - = | 130.30:dollar 11.24:dollar -:dollar x:dollar 12.32:dollar -:dollar =:dollar
EXPR: 0 | POS | FRA | 12 | 141.54 | 131.38 | 11.24=(130.30+(12.32-x)) | 11.24 130.30 12.32 x - + = | 11.24:dollar 130.30:dollar 12.32:dollar x:dollar -:dollar +:dollar =:dollar
EXPR: 0 | POS | FRA | 12 | 141.54 | 129.22 | ((11.24-x)+130.30)=12.32 | 11.24 x - 130.30 + 12.32 = | 11.24:dollar x:dollar -:dollar 130.30:dollar +:dollar 12.32:dollar =:dollar
EXPR: 0 | POS | FRA | 12 | 141.54 | 131.38 | ((x+11.24)-130.30)=12.32 | x 11.24 + 130.30 - 12.32 = | x:dollar 11.24:dollar +:dollar 130.30:dollar -:dollar 12.32:dollar =:dollar
EXPR: 0 | POS | FRA | 12 | 141.54 | 106.74 | 130.30=(12.32+(11.24+x)) | 130.30 12.32 11.24 x + + = | 130.30:dollar 12.32:dollar 11.24:dollar x:dollar +:dollar +:dollar =:dollar
EXPR: 0 | POS | FRA | 12 | 141.54 | 153.86 | 130.30=((x-12.32)-11.24) | 130.30 x 12.32 - 11.24 - = | 130.30:dollar x:dollar 12.32:dollar -:dollar 11.24:dollar -:dollar =:dollar
EXPR: 0 | POS | FRA | 12 | 141.54 | 129.22 | 130.30=(x+(12.32-11.24)) | 130.30 x 12.32 11.24 - + = | 130.30:dollar x:dollar 12.32:dollar 11.24:dollar -:dollar +:dollar =:dollar
EXPR: 0 | POS | FRA | 12 | 141.54 | 106.74 | (130.30-(x+12.32))=11.24 | 130.30 x 12.32 + - 11.24 = | 130.30:dollar x:dollar 12.32:dollar +:dollar -:dollar 11.24:dollar =:dollar
EXPR: 0 | POS | FRA | 12 | 141.54 | 106.74 | 130.30=((x+12.32)+11.24) | 130.30 x 12.32 + 11.24 + = | 130.30:dollar x:dollar 12.32:dollar +:dollar 11.24:dollar +:dollar =:dollar
EXPR: 0 | POS | FRA | 12 | 141.54 | 153.86 | 11.24=((x-130.30)-12.32) | 11.24 x 130.30 - 12.32 - = | 11.24:dollar x:dollar 130.30:dollar -:dollar 12.32:dollar -:dollar =:dollar
EXPR: 0 | POS | FRA | 12 | 141.54 | 129.22 | 130.30=(12.32+(x-11.24)) | 130.30 12.32 x 11.24 - + = | 130.30:dollar 12.32:dollar x:dollar 11.24:dollar -:dollar +:dollar =:dollar
EXPR: 0 | POS | FRA | 12 | 141.54 | 106.74 | 11.24=(130.30-(12.32+x)) | 11.24 130.30 12.32 x + - = | 11.24:dollar 130.30:dollar 12.32:dollar x:dollar +:dollar -:dollar =:dollar
EXPR: 0 | POS | FRA | 12 | 141.54 | 106.74 | 11.24=((130.30-12.32)-x) | 11.24 130.30 12.32 - x - = | 11.24:dollar 130.30:dollar 12.32:dollar -:dollar x:dollar -:dollar =:dollar
EXPR: 0 | POS | FRA | 12 | 141.54 | 129.22 | 11.24=(x-(130.30-12.32)) | 11.24 x 130.30 12.32 - - = | 11.24:dollar x:dollar 130.30:dollar 12.32:dollar -:dollar -:dollar =:dollar
EXPR: 0 | POS | FRA | 12 | 141.54 | 131.38 | ((11.24-130.30)+x)=12.32 | 11.24 130.30 - x + 12.32 = | 11.24:dollar 130.30:dollar -:dollar x:dollar +:dollar 12.32:dollar =:dollar
EXPR: 0 | POS | FRA | 12 | 141.54 | 131.38 | 130.30=(x-(12.32-11.24)) | 130.30 x 12.32 11.24 - - = | 130.30:dollar x:dollar 12.32:dollar 11.24:dollar -:dollar -:dollar =:dollar
EXPR: 0 | POS | FRA | 12 | 141.54 | 153.86 | 11.24=(x-(130.30+12.32)) | 11.24 x 130.30 12.32 + - = | 11.24:dollar x:dollar 130.30:dollar 12.32:dollar +:dollar -:dollar =:dollar
EXPR: 0 | POS | FRA | 12 | 141.54 | 129.22 | 130.30=((12.32+x)-11.24) | 130.30 12.32 x + 11.24 - = | 130.30:dollar 12.32:dollar x:dollar +:dollar 11.24:dollar -:dollar =:dollar
EXPR: 0 | POS | FRA | 12 | 141.54 | 131.38 | (11.24+(x-130.30))=12.32 | 11.24 x 130.30 - + 12.32 = | 11.24:dollar x:dollar 130.30:dollar -:dollar +:dollar 12.32:dollar =:dollar
EXPR: 0 | POS | FRA | 12 | 141.54 | 131.38 | (130.30+(12.32-x))=11.24 | 130.30 12.32 x - + 11.24 = | 130.30:dollar 12.32:dollar x:dollar -:dollar +:dollar 11.24:dollar =:dollar
EXPR: 0 | POS | FRA | 12 | 141.54 | 131.38 | ((130.30+12.32)-x)=11.24 | 130.30 12.32 + x - 11.24 = | 130.30:dollar 12.32:dollar +:dollar x:dollar -:dollar 11.24:dollar =:dollar
EXPR: 0 | POS | FRA | 12 | 141.54 | 106.74 | 130.30=((12.32+x)+11.24) | 130.30 12.32 x + 11.24 + = | 130.30:dollar 12.32:dollar x:dollar +:dollar 11.24:dollar +:dollar =:dollar
EXPR: 0 | POS | FRA | 12 | 141.54 | 129.22 | 130.30=((12.32-11.24)+x) | 130.30 12.32 11.24 - x + = | 130.30:dollar 12.32:dollar 11.24:dollar -:dollar x:dollar +:dollar =:dollar
EXPR: 0 | POS | FRA | 12 | 141.54 | 153.86 | (130.30+11.24)=(x-12.32) | 130.30 11.24 + x 12.32 - = | 130.30:dollar 11.24:dollar +:dollar x:dollar 12.32:dollar -:dollar =:dollar
EXPR: 0 | POS | FRA | 12 | 141.54 | 129.22 | (130.30+11.24)=(x+12.32) | 130.30 11.24 + x 12.32 + = | 130.30:dollar 11.24:dollar +:dollar x:dollar 12.32:dollar +:dollar =:dollar
EXPR: 0 | POS | FRA | 12 | 141.54 | 129.22 | (130.30+11.24)=(12.32+x) | 130.30 11.24 + 12.32 x + = | 130.30:dollar 11.24:dollar +:dollar 12.32:dollar x:dollar +:dollar =:dollar
EXPR: 0 | POS | FRA | 15 | 141.54 | 131.38 | x=(12.32+(130.30-11.24)) | x 12.32 130.30 11.24 - + = | x:dollar 12.32:dollar 130.30:dollar 11.24:dollar -:dollar +:dollar =:dollar
EXPR: 0 | POS | FRA | 15 | 141.54 | 153.86 | x=(12.32+(130.30+11.24)) | x 12.32 130.30 11.24 + + = | x:dollar 12.32:dollar 130.30:dollar 11.24:dollar +:dollar +:dollar =:dollar
EXPR: 0 | POS | FRA | 16 | 141.54 | 131.38 | x=(12.32+(130.30-11.24)) | x 12.32 130.30 11.24 - + = | x:dollar 12.32:dollar 130.30:dollar 11.24:dollar -:dollar +:dollar =:dollar
EXPR: 0 | POS | FRA | 16 | 141.54 | 153.86 | x=(12.32+(130.30+11.24)) | x 12.32 130.30 11.24 + + = | x:dollar 12.32:dollar 130.30:dollar 11.24:dollar +:dollar +:dollar =:dollar
EXPR: 0 | POS | FRA | 17 | 141.54 | 129.22 | 12.32=((130.30-x)+11.24) | 12.32 130.30 x - 11.24 + = | 12.32:dollar 130.30:dollar x:dollar -:dollar 11.24:dollar +:dollar =:dollar
EXPR: 0 | POS | FRA | 17 | 141.54 | 106.74 | 12.32=(130.30-(x+11.24)) | 12.32 130.30 x 11.24 + - = | 12.32:dollar 130.30:dollar x:dollar 11.24:dollar +:dollar -:dollar =:dollar
EXPR: 0 | POS | FRA | 17 | 141.54 | 131.38 | (12.32-(x-130.30))=11.24 | 12.32 x 130.30 - - 11.24 = | 12.32:dollar x:dollar 130.30:dollar -:dollar -:dollar 11.24:dollar =:dollar
EXPR: 0 | POS | FRA | 17 | 141.54 | 129.22 | 12.32=(130.30+(11.24-x)) | 12.32 130.30 11.24 x - + = | 12.32:dollar 130.30:dollar 11.24:dollar x:dollar -:dollar +:dollar =:dollar
EXPR: 0 | POS | FRA | 17 | 141.54 | 129.22 | (12.32-(130.30-x))=11.24 | 12.32 130.30 x - - 11.24 = | 12.32:dollar 130.30:dollar x:dollar -:dollar -:dollar 11.24:dollar =:dollar
EXPR: 0 | POS | FRA | 17 | 141.54 | 131.38 | (12.32+(130.30-x))=11.24 | 12.32 130.30 x - + 11.24 = | 12.32:dollar 130.30:dollar x:dollar -:dollar +:dollar 11.24:dollar =:dollar
EXPR: 0 | POS | FRA | 17 | 141.54 | 106.74 | 12.32=(130.30-(11.24+x)) | 12.32 130.30 11.24 x + - = | 12.32:dollar 130.30:dollar 11.24:dollar x:dollar +:dollar -:dollar =:dollar
EXPR: 0 | POS | FRA | 17 | 141.54 | 153.86 | ((x-12.32)-130.30)=11.24 | x 12.32 - 130.30 - 11.24 = | x:dollar 12.32:dollar -:dollar 130.30:dollar -:dollar 11.24:dollar =:dollar
EXPR: 0 | POS | FRA | 17 | 141.54 | 131.38 | 12.32=((x-130.30)+11.24) | 12.32 x 130.30 - 11.24 + = | 12.32:dollar x:dollar 130.30:dollar -:dollar 11.24:dollar +:dollar =:dollar
EXPR: 0 | POS | FRA | 17 | 141.54 | 129.22 | (12.32+(x-130.30))=11.24 | 12.32 x 130.30 - + 11.24 = | 12.32:dollar x:dollar 130.30:dollar -:dollar +:dollar 11.24:dollar =:dollar
EXPR: 0 | POS | FRA | 17 | 141.54 | 153.86 | 12.32=((x-130.30)-11.24) | 12.32 x 130.30 - 11.24 - = | 12.32:dollar x:dollar 130.30:dollar -:dollar 11.24:dollar -:dollar =:dollar
EXPR: 0 | POS | FRA | 17 | 141.54 | 129.22 | ((12.32-130.30)+x)=11.24 | 12.32 130.30 - x + 11.24 = | 12.32:dollar 130.30:dollar -:dollar x:dollar +:dollar 11.24:dollar =:dollar
EXPR: 0 | POS | FRA | 17 | 141.54 | 129.22 | (x+(12.32-130.30))=11.24 | x 12.32 130.30 - + 11.24 = | x:dollar 12.32:dollar 130.30:dollar -:dollar +:dollar 11.24:dollar =:dollar
EXPR: 0 | POS | FRA | 17 | 141.54 | 131.38 | ((12.32-x)+130.30)=11.24 | 12.32 x - 130.30 + 11.24 = | 12.32:dollar x:dollar -:dollar 130.30:dollar +:dollar 11.24:dollar =:dollar
EXPR: 0 | POS | FRA | 17 | 141.54 | 106.74 | 12.32=((130.30-x)-11.24) | 12.32 130.30 x - 11.24 - = | 12.32:dollar 130.30:dollar x:dollar -:dollar 11.24:dollar -:dollar =:dollar
EXPR: 0 | POS | FRA | 17 | 141.54 | 129.22 | ((12.32+x)-130.30)=11.24 | 12.32 x + 130.30 - 11.24 = | 12.32:dollar x:dollar +:dollar 130.30:dollar -:dollar 11.24:dollar =:dollar
EXPR: 0 | POS | FRA | 17 | 141.54 | 129.22 | ((x+12.32)-130.30)=11.24 | x 12.32 + 130.30 - 11.24 = | x:dollar 12.32:dollar +:dollar 130.30:dollar -:dollar 11.24:dollar =:dollar
EXPR: 0 | POS | FRA | 17 | 141.54 | 129.22 | 12.32=(130.30-(x-11.24)) | 12.32 130.30 x 11.24 - - = | 12.32:dollar 130.30:dollar x:dollar 11.24:dollar -:dollar -:dollar =:dollar
EXPR: 0 | POS | FRA | 17 | 141.54 | 153.86 | 12.32=(x-(130.30+11.24)) | 12.32 x 130.30 11.24 + - = | 12.32:dollar x:dollar 130.30:dollar 11.24:dollar +:dollar -:dollar =:dollar
EXPR: 0 | POS | FRA | 17 | 141.54 | 129.22 | 12.32=((130.30+11.24)-x) | 12.32 130.30 11.24 + x - = | 12.32:dollar 130.30:dollar 11.24:dollar +:dollar x:dollar -:dollar =:dollar
EXPR: 0 | POS | FRA | 17 | 141.54 | 131.38 | 12.32=(x-(130.30-11.24)) | 12.32 x 130.30 11.24 - - = | 12.32:dollar x:dollar 130.30:dollar 11.24:dollar -:dollar -:dollar =:dollar
EXPR: 0 | POS | FRA | 17 | 141.54 | 106.74 | 12.32=((130.30-11.24)-x) | 12.32 130.30 11.24 - x - = | 12.32:dollar 130.30:dollar 11.24:dollar -:dollar x:dollar -:dollar =:dollar
EXPR: 0 | POS | FRA | 22 | 141.54 | 129.22 | (130.30-x)=(12.32-11.24) | 130.30 x - 12.32 11.24 - = | 130.30:dollar x:dollar -:dollar 12.32:dollar 11.24:dollar -:dollar =:dollar
EXPR: 0 | POS | FRA | 22 | 141.54 | 106.74 | (130.30-12.32)=(11.24+x) | 130.30 12.32 - 11.24 x + = | 130.30:dollar 12.32:dollar -:dollar 11.24:dollar x:dollar +:dollar =:dollar
EXPR: 0 | POS | FRA | 22 | 141.54 | 106.74 | (x+11.24)=(130.30-12.32) | x 11.24 + 130.30 12.32 - = | x:dollar 11.24:dollar +:dollar 130.30:dollar 12.32:dollar -:dollar =:dollar
EXPR: 0 | POS | FRA | 22 | 141.54 | 131.38 | (x+11.24)=(130.30+12.32) | x 11.24 + 130.30 12.32 + = | x:dollar 11.24:dollar +:dollar 130.30:dollar 12.32:dollar +:dollar =:dollar
EXPR: 0 | POS | FRA | 22 | 141.54 | 131.38 | (x-130.30)=(12.32-11.24) | x 130.30 - 12.32 11.24 - = | x:dollar 130.30:dollar -:dollar 12.32:dollar 11.24:dollar -:dollar =:dollar
EXPR: 0 | POS | FRA | 22 | 141.54 | 153.86 | (x-11.24)=(130.30+12.32) | x 11.24 - 130.30 12.32 + = | x:dollar 11.24:dollar -:dollar 130.30:dollar 12.32:dollar +:dollar =:dollar
EXPR: 0 | POS | FRA | 22 | 141.54 | 129.22 | (x-11.24)=(130.30-12.32) | x 11.24 - 130.30 12.32 - = | x:dollar 11.24:dollar -:dollar 130.30:dollar 12.32:dollar -:dollar =:dollar
EXPR: 0 | POS | FRA | 22 | 141.54 | 106.74 | (130.30-12.32)=(x+11.24) | 130.30 12.32 - x 11.24 + = | 130.30:dollar 12.32:dollar -:dollar x:dollar 11.24:dollar +:dollar =:dollar
EXPR: 0 | POS | FRA | 22 | 141.54 | 131.38 | (11.24-130.30)=(12.32-x) | 11.24 130.30 - 12.32 x - = | 11.24:dollar 130.30:dollar -:dollar 12.32:dollar x:dollar -:dollar =:dollar
EXPR: 0 | POS | FRA | 22 | 141.54 | 129.22 | (130.30-12.32)=(x-11.24) | 130.30 12.32 - x 11.24 - = | 130.30:dollar 12.32:dollar -:dollar x:dollar 11.24:dollar -:dollar =:dollar
EXPR: 0 | POS | FRA | 22 | 141.54 | 106.74 | (11.24+x)=(130.30-12.32) | 11.24 x + 130.30 12.32 - = | 11.24:dollar x:dollar +:dollar 130.30:dollar 12.32:dollar -:dollar =:dollar
EXPR: 0 | POS | FRA | 22 | 141.54 | 131.38 | (11.24+x)=(130.30+12.32) | 11.24 x + 130.30 12.32 + = | 11.24:dollar x:dollar +:dollar 130.30:dollar 12.32:dollar +:dollar =:dollar
EXPR: 0 | POS | FRA | 22 | 141.54 | 153.86 | (130.30+12.32)=(x-11.24) | 130.30 12.32 + x 11.24 - = | 130.30:dollar 12.32:dollar +:dollar x:dollar 11.24:dollar -:dollar =:dollar
EXPR: 0 | POS | FRA | 22 | 141.54 | 131.38 | (130.30+12.32)=(x+11.24) | 130.30 12.32 + x 11.24 + = | 130.30:dollar 12.32:dollar +:dollar x:dollar 11.24:dollar +:dollar =:dollar
EXPR: 0 | POS | FRA | 22 | 141.54 | 131.38 | (130.30+12.32)=(11.24+x) | 130.30 12.32 + 11.24 x + = | 130.30:dollar 12.32:dollar +:dollar 11.24:dollar x:dollar +:dollar =:dollar
EXPR: 0 | POS | FRA | 25 | 141.54 | 153.86 | x=((11.24+12.32)+130.30) | x 11.24 12.32 + 130.30 + = | x:dollar 11.24:dollar 12.32:dollar +:dollar 130.30:dollar +:dollar =:dollar
EXPR: 0 | POS | FRA | 25 | 141.54 | 131.38 | x=((12.32-11.24)+130.30) | x 12.32 11.24 - 130.30 + = | x:dollar 12.32:dollar 11.24:dollar -:dollar 130.30:dollar +:dollar =:dollar
EXPR: 0 | POS | FRA | 25 | 141.54 | 129.22 | x=(11.24-(12.32-130.30)) | x 11.24 12.32 130.30 - - = | x:dollar 11.24:dollar 12.32:dollar 130.30:dollar -:dollar -:dollar =:dollar
EXPR: 0 | POS | FRA | 25 | 141.54 | 131.38 | x=(12.32-(11.24-130.30)) | x 12.32 11.24 130.30 - - = | x:dollar 12.32:dollar 11.24:dollar 130.30:dollar -:dollar -:dollar =:dollar
EXPR: 0 | POS | FRA | 25 | 141.54 | 129.22 | x=((11.24-12.32)+130.30) | x 11.24 12.32 - 130.30 + = | x:dollar 11.24:dollar 12.32:dollar -:dollar 130.30:dollar +:dollar =:dollar
EXPR: 0 | POS | FRA | 26 | 141.54 | 131.38 | x=((12.32-11.24)+130.30) | x 12.32 11.24 - 130.30 + = | x:dollar 12.32:dollar 11.24:dollar -:dollar 130.30:dollar +:dollar =:dollar
EXPR: 0 | POS | FRA | 26 | 141.54 | 153.86 | x=((11.24+12.32)+130.30) | x 11.24 12.32 + 130.30 + = | x:dollar 11.24:dollar 12.32:dollar +:dollar 130.30:dollar +:dollar =:dollar
EXPR: 0 | POS | FRA | 26 | 141.54 | 129.22 | x=(11.24-(12.32-130.30)) | x 11.24 12.32 130.30 - - = | x:dollar 11.24:dollar 12.32:dollar 130.30:dollar -:dollar -:dollar =:dollar
EXPR: 0 | POS | FRA | 26 | 141.54 | 131.38 | x=(12.32-(11.24-130.30)) | x 12.32 11.24 130.30 - - = | x:dollar 12.32:dollar 11.24:dollar 130.30:dollar -:dollar -:dollar =:dollar
EXPR: 0 | POS | FRA | 26 | 141.54 | 129.22 | x=((11.24-12.32)+130.30) | x 11.24 12.32 - 130.30 + = | x:dollar 11.24:dollar 12.32:dollar -:dollar 130.30:dollar +:dollar =:dollar
EXPR: 0 | POS | FRA | 27 | 141.54 | 106.74 | (x+12.32)=(130.30-11.24) | x 12.32 + 130.30 11.24 - = | x:dollar 12.32:dollar +:dollar 130.30:dollar 11.24:dollar -:dollar =:dollar
EXPR: 0 | POS | FRA | 27 | 141.54 | 129.22 | 12.32=((11.24-x)+130.30) | 12.32 11.24 x - 130.30 + = | 12.32:dollar 11.24:dollar x:dollar -:dollar 130.30:dollar +:dollar =:dollar
EXPR: 0 | POS | FRA | 27 | 141.54 | 129.22 | 12.32=(11.24-(x-130.30)) | 12.32 11.24 x 130.30 - - = | 12.32:dollar 11.24:dollar x:dollar 130.30:dollar -:dollar -:dollar =:dollar
EXPR: 0 | POS | FRA | 27 | 141.54 | 153.86 | (x-12.32)=(130.30+11.24) | x 12.32 - 130.30 11.24 + = | x:dollar 12.32:dollar -:dollar 130.30:dollar 11.24:dollar +:dollar =:dollar
EXPR: 0 | POS | FRA | 27 | 141.54 | 131.38 | ((x-12.32)+11.24)=130.30 | x 12.32 - 11.24 + 130.30 = | x:dollar 12.32:dollar -:dollar 11.24:dollar +:dollar 130.30:dollar =:dollar
EXPR: 0 | POS | FRA | 27 | 141.54 | 129.22 | (x+12.32)=(130.30+11.24) | x 12.32 + 130.30 11.24 + = | x:dollar 12.32:dollar +:dollar 130.30:dollar 11.24:dollar +:dollar =:dollar
EXPR: 0 | POS | FRA | 27 | 141.54 | 129.22 | (x-(11.24-12.32))=130.30 | x 11.24 12.32 - - 130.30 = | x:dollar 11.24:dollar 12.32:dollar -:dollar -:dollar 130.30:dollar =:dollar
EXPR: 0 | POS | FRA | 27 | 141.54 | 153.86 | (x-(11.24+12.32))=130.30 | x 11.24 12.32 + - 130.30 = | x:dollar 11.24:dollar 12.32:dollar +:dollar -:dollar 130.30:dollar =:dollar
EXPR: 0 | POS | FRA | 27 | 141.54 | 131.38 | (x-(12.32-11.24))=130.30 | x 12.32 11.24 - - 130.30 = | x:dollar 12.32:dollar 11.24:dollar -:dollar -:dollar 130.30:dollar =:dollar
EXPR: 0 | POS | FRA | 27 | 141.54 | 131.38 | (x+(11.24-12.32))=130.30 | x 11.24 12.32 - + 130.30 = | x:dollar 11.24:dollar 12.32:dollar -:dollar +:dollar 130.30:dollar =:dollar
EXPR: 0 | POS | FRA | 27 | 141.54 | 131.38 | (x-12.32)=(130.30-11.24) | x 12.32 - 130.30 11.24 - = | x:dollar 12.32:dollar -:dollar 130.30:dollar 11.24:dollar -:dollar =:dollar
EXPR: 0 | POS | FRA | 27 | 141.54 | 129.22 | ((12.32+x)-11.24)=130.30 | 12.32 x + 11.24 - 130.30 = | 12.32:dollar x:dollar +:dollar 11.24:dollar -:dollar 130.30:dollar =:dollar
EXPR: 0 | POS | FRA | 27 | 141.54 | 153.86 | ((x-12.32)-11.24)=130.30 | x 12.32 - 11.24 - 130.30 = | x:dollar 12.32:dollar -:dollar 11.24:dollar -:dollar 130.30:dollar =:dollar
EXPR: 0 | POS | FRA | 27 | 141.54 | 153.86 | ((x-11.24)-12.32)=130.30 | x 11.24 - 12.32 - 130.30 = | x:dollar 11.24:dollar -:dollar 12.32:dollar -:dollar 130.30:dollar =:dollar
EXPR: 0 | POS | FRA | 27 | 141.54 | 131.38 | 12.32=((11.24+x)-130.30) | 12.32 11.24 x + 130.30 - = | 12.32:dollar 11.24:dollar x:dollar +:dollar 130.30:dollar -:dollar =:dollar
EXPR: 0 | POS | FRA | 27 | 141.54 | 129.22 | (12.32-(11.24-x))=130.30 | 12.32 11.24 x - - 130.30 = | 12.32:dollar 11.24:dollar x:dollar -:dollar -:dollar 130.30:dollar =:dollar
EXPR: 0 | POS | FRA | 27 | 141.54 | 106.74 | (11.24+(12.32+x))=130.30 | 11.24 12.32 x + + 130.30 = | 11.24:dollar 12.32:dollar x:dollar +:dollar +:dollar 130.30:dollar =:dollar
EXPR: 0 | POS | FRA | 27 | 141.54 | 106.74 | (x+(11.24+12.32))=130.30 | x 11.24 12.32 + + 130.30 = | x:dollar 11.24:dollar 12.32:dollar +:dollar +:dollar 130.30:dollar =:dollar
EXPR: 0 | POS | FRA | 27 | 141.54 | 129.22 | 12.32=(11.24+(130.30-x)) | 12.32 11.24 130.30 x - + = | 12.32:dollar 11.24:dollar 130.30:dollar x:dollar -:dollar +:dollar =:dollar
EXPR: 0 | POS | FRA | 27 | 141.54 | 153.86 | 11.24=((x-12.32)-130.30) | 11.24 x 12.32 - 130.30 - = | 11.24:dollar x:dollar 12.32:dollar -:dollar 130.30:dollar -:dollar =:dollar
EXPR: 0 | POS | FRA | 27 | 141.54 | 129.22 | (12.32-130.30)=(11.24-x) | 12.32 130.30 - 11.24 x - = | 12.32:dollar 130.30:dollar -:dollar 11.24:dollar x:dollar -:dollar =:dollar
EXPR: 0 | POS | FRA | 27 | 141.54 | 129.22 | 11.24=((x+12.32)-130.30) | 11.24 x 12.32 + 130.30 - = | 11.24:dollar x:dollar 12.32:dollar +:dollar 130.30:dollar -:dollar =:dollar
EXPR: 0 | POS | FRA | 27 | 141.54 | 106.74 | (12.32+(x+11.24))=130.30 | 12.32 x 11.24 + + 130.30 = | 12.32:dollar x:dollar 11.24:dollar +:dollar +:dollar 130.30:dollar =:dollar
EXPR: 0 | POS | FRA | 27 | 141.54 | 129.22 | (12.32+(x-11.24))=130.30 | 12.32 x 11.24 - + 130.30 = | 12.32:dollar x:dollar 11.24:dollar -:dollar +:dollar 130.30:dollar =:dollar
EXPR: 0 | POS | FRA | 27 | 141.54 | 131.38 | 12.32=(11.24-(130.30-x)) | 12.32 11.24 130.30 x - - = | 12.32:dollar 11.24:dollar 130.30:dollar x:dollar -:dollar -:dollar =:dollar
EXPR: 0 | POS | FRA | 27 | 141.54 | 153.86 | 12.32=((x-11.24)-130.30) | 12.32 x 11.24 - 130.30 - = | 12.32:dollar x:dollar 11.24:dollar -:dollar 130.30:dollar -:dollar =:dollar
EXPR: 0 | POS | FRA | 27 | 141.54 | 106.74 | ((12.32+x)+11.24)=130.30 | 12.32 x + 11.24 + 130.30 = | 12.32:dollar x:dollar +:dollar 11.24:dollar +:dollar 130.30:dollar =:dollar
EXPR: 0 | POS | FRA | 27 | 141.54 | 129.22 | (x+(12.32-11.24))=130.30 | x 12.32 11.24 - + 130.30 = | x:dollar 12.32:dollar 11.24:dollar -:dollar +:dollar 130.30:dollar =:dollar
EXPR: 0 | POS | FRA | 27 | 141.54 | 131.38 | 12.32=((x+11.24)-130.30) | 12.32 x 11.24 + 130.30 - = | 12.32:dollar x:dollar 11.24:dollar +:dollar 130.30:dollar -:dollar =:dollar
EXPR: 0 | POS | FRA | 27 | 141.54 | 131.38 | 12.32=(11.24+(x-130.30)) | 12.32 11.24 x 130.30 - + = | 12.32:dollar 11.24:dollar x:dollar 130.30:dollar -:dollar +:dollar =:dollar
EXPR: 0 | POS | FRA | 27 | 141.54 | 131.38 | (11.24-(12.32-x))=130.30 | 11.24 12.32 x - - 130.30 = | 11.24:dollar 12.32:dollar x:dollar -:dollar -:dollar 130.30:dollar =:dollar
EXPR: 0 | POS | FRA | 27 | 141.54 | 131.38 | 11.24=(12.32-(x-130.30)) | 11.24 12.32 x 130.30 - - = | 11.24:dollar 12.32:dollar x:dollar 130.30:dollar -:dollar -:dollar =:dollar
EXPR: 0 | POS | FRA | 27 | 141.54 | 131.38 | 11.24=(12.32+(130.30-x)) | 11.24 12.32 130.30 x - + = | 11.24:dollar 12.32:dollar 130.30:dollar x:dollar -:dollar +:dollar =:dollar
EXPR: 0 | POS | FRA | 27 | 141.54 | 129.22 | 11.24=(x+(12.32-130.30)) | 11.24 x 12.32 130.30 - + = | 11.24:dollar x:dollar 12.32:dollar 130.30:dollar -:dollar +:dollar =:dollar
EXPR: 0 | POS | FRA | 27 | 141.54 | 106.74 | ((11.24+12.32)+x)=130.30 | 11.24 12.32 + x + 130.30 = | 11.24:dollar 12.32:dollar +:dollar x:dollar +:dollar 130.30:dollar =:dollar
EXPR: 0 | POS | FRA | 27 | 141.54 | 106.74 | (12.32+(11.24+x))=130.30 | 12.32 11.24 x + + 130.30 = | 12.32:dollar 11.24:dollar x:dollar +:dollar +:dollar 130.30:dollar =:dollar
EXPR: 0 | POS | FRA | 27 | 141.54 | 106.74 | (11.24+(x+12.32))=130.30 | 11.24 x 12.32 + + 130.30 = | 11.24:dollar x:dollar 12.32:dollar +:dollar +:dollar 130.30:dollar =:dollar
EXPR: 0 | POS | FRA | 27 | 141.54 | 129.22 | 11.24=(12.32+(x-130.30)) | 11.24 12.32 x 130.30 - + = | 11.24:dollar 12.32:dollar x:dollar 130.30:dollar -:dollar +:dollar =:dollar
EXPR: 0 | POS | FRA | 27 | 141.54 | 129.22 | ((x+12.32)-11.24)=130.30 | x 12.32 + 11.24 - 130.30 = | x:dollar 12.32:dollar +:dollar 11.24:dollar -:dollar 130.30:dollar =:dollar
EXPR: 0 | POS | FRA | 27 | 141.54 | 106.74 | ((x+12.32)+11.24)=130.30 | x 12.32 + 11.24 + 130.30 = | x:dollar 12.32:dollar +:dollar 11.24:dollar +:dollar 130.30:dollar =:dollar
EXPR: 0 | POS | FRA | 27 | 141.54 | 129.22 | ((12.32-11.24)+x)=130.30 | 12.32 11.24 - x + 130.30 = | 12.32:dollar 11.24:dollar -:dollar x:dollar +:dollar 130.30:dollar =:dollar
EXPR: 0 | POS | FRA | 27 | 141.54 | 106.74 | ((11.24+x)+12.32)=130.30 | 11.24 x + 12.32 + 130.30 = | 11.24:dollar x:dollar +:dollar 12.32:dollar +:dollar 130.30:dollar =:dollar
EXPR: 0 | POS | FRA | 27 | 141.54 | 131.38 | ((11.24+x)-12.32)=130.30 | 11.24 x + 12.32 - 130.30 = | 11.24:dollar x:dollar +:dollar 12.32:dollar -:dollar 130.30:dollar =:dollar
EXPR: 0 | POS | FRA | 27 | 141.54 | 129.22 | 11.24=((12.32+x)-130.30) | 11.24 12.32 x + 130.30 - = | 11.24:dollar 12.32:dollar x:dollar +:dollar 130.30:dollar -:dollar =:dollar
EXPR: 0 | POS | FRA | 27 | 141.54 | 106.74 | (12.32+x)=(130.30-11.24) | 12.32 x + 130.30 11.24 - = | 12.32:dollar x:dollar +:dollar 130.30:dollar 11.24:dollar -:dollar =:dollar
EXPR: 0 | POS | FRA | 27 | 141.54 | 131.38 | 11.24=((12.32-x)+130.30) | 11.24 12.32 x - 130.30 + = | 11.24:dollar 12.32:dollar x:dollar -:dollar 130.30:dollar +:dollar =:dollar
EXPR: 0 | POS | FRA | 27 | 141.54 | 131.38 | 12.32=(x+(11.24-130.30)) | 12.32 x 11.24 130.30 - + = | 12.32:dollar x:dollar 11.24:dollar 130.30:dollar -:dollar +:dollar =:dollar
EXPR: 0 | POS | FRA | 27 | 141.54 | 129.22 | 11.24=(12.32-(130.30-x)) | 11.24 12.32 130.30 x - - = | 11.24:dollar 12.32:dollar 130.30:dollar x:dollar -:dollar -:dollar =:dollar
EXPR: 0 | POS | FRA | 27 | 141.54 | 129.22 | (12.32+x)=(130.30+11.24) | 12.32 x + 130.30 11.24 + = | 12.32:dollar x:dollar +:dollar 130.30:dollar 11.24:dollar +:dollar =:dollar
EXPR: 0 | POS | FRA | 27 | 141.54 | 131.38 | (11.24+(x-12.32))=130.30 | 11.24 x 12.32 - + 130.30 = | 11.24:dollar x:dollar 12.32:dollar -:dollar +:dollar 130.30:dollar =:dollar
EXPR: 0 | POS | FRA | 27 | 141.54 | 131.38 | ((x+11.24)-12.32)=130.30 | x 11.24 + 12.32 - 130.30 = | x:dollar 11.24:dollar +:dollar 12.32:dollar -:dollar 130.30:dollar =:dollar
EXPR: 0 | POS | FRA | 27 | 141.54 | 106.74 | ((x+11.24)+12.32)=130.30 | x 11.24 + 12.32 + 130.30 = | x:dollar 11.24:dollar +:dollar 12.32:dollar +:dollar 130.30:dollar =:dollar
EXPR: 0 | POS | FRA | 27 | 141.54 | 131.38 | 12.32=((11.24-130.30)+x) | 12.32 11.24 130.30 - x + = | 12.32:dollar 11.24:dollar 130.30:dollar -:dollar x:dollar +:dollar =:dollar
EXPR: 0 | POS | FRA | 27 | 141.54 | 129.22 | ((x-11.24)+12.32)=130.30 | x 11.24 - 12.32 + 130.30 = | x:dollar 11.24:dollar -:dollar 12.32:dollar +:dollar 130.30:dollar =:dollar
EXPR: 0 | POS | FRA | 27 | 141.54 | 131.38 | ((11.24-12.32)+x)=130.30 | 11.24 12.32 - x + 130.30 = | 11.24:dollar 12.32:dollar -:dollar x:dollar +:dollar 130.30:dollar =:dollar
EXPR: 0 | POS | FRA | 27 | 141.54 | 129.22 | 11.24=((12.32-130.30)+x) | 11.24 12.32 130.30 - x + = | 11.24:dollar 12.32:dollar 130.30:dollar -:dollar x:dollar +:dollar =:dollar
EXPR: 0 | POS | FRA | 37 | 141.54 | 129.22 | (11.24-x)=(12.32-130.30) | 11.24 x - 12.32 130.30 - = | 11.24:dollar x:dollar -:dollar 12.32:dollar 130.30:dollar -:dollar =:dollar
EXPR: 0 | POS | FRA | 37 | 141.54 | 131.38 | (12.32-x)=(11.24-130.30) | 12.32 x - 11.24 130.30 - = | 12.32:dollar x:dollar -:dollar 11.24:dollar 130.30:dollar -:dollar =:dollar
EXPR: 0 | POS | FRA | 37 | 141.54 | 131.38 | (11.24-12.32)=(130.30-x) | 11.24 12.32 - 130.30 x - = | 11.24:dollar 12.32:dollar -:dollar 130.30:dollar x:dollar -:dollar =:dollar
EXPR: 0 | POS | FRA | 37 | 141.54 | 129.22 | (12.32-11.24)=(130.30-x) | 12.32 11.24 - 130.30 x - = | 12.32:dollar 11.24:dollar -:dollar 130.30:dollar x:dollar -:dollar =:dollar
EXPR: 0 | POS | FRA | 37 | 141.54 | 129.22 | (11.24-12.32)=(x-130.30) | 11.24 12.32 - x 130.30 - = | 11.24:dollar 12.32:dollar -:dollar x:dollar 130.30:dollar -:dollar =:dollar
EXPR: 0 | POS | FRA | 37 | 141.54 | 131.38 | (12.32-11.24)=(x-130.30) | 12.32 11.24 - x 130.30 - = | 12.32:dollar 11.24:dollar -:dollar x:dollar 130.30:dollar -:dollar =:dollar
EXPR: 0 | POS | FRA | 37 | 141.54 | 153.86 | (11.24+12.32)=(x-130.30) | 11.24 12.32 + x 130.30 - = | 11.24:dollar 12.32:dollar +:dollar x:dollar 130.30:dollar -:dollar =:dollar
EXPR: 0 | POS | FRA | 37 | 141.54 | 106.74 | (11.24+12.32)=(130.30-x) | 11.24 12.32 + 130.30 x - = | 11.24:dollar 12.32:dollar +:dollar 130.30:dollar x:dollar -:dollar =:dollar
NET 232 non-negative solutions found out of 408 total solutions
