parameters: n=7 l=3 k=1 p=5 q=1 m=9
TOTAL 408 solutions found
SOLN: CORRECT | POS/NEG | INT/FRA | OBJ-SCORE | TRUE-ANS | ANS | INFIX | POSTFIX | TYPED-POSTFIX
EXPR: 0 | POS | INT | 0 | 14 | 18 | x=(46+(32-60)) | x 46 32 60 - + = | x:bale 46:bale 32:bale 60:bale -:bale +:bale =:bale
EXPR: 0 | POS | INT | 0 | 14 | 74 | x=(46-(32-60)) | x 46 32 60 - - = | x:bale 46:bale 32:bale 60:bale -:bale -:bale =:bale
EXPR: 0 | POS | INT | 0 | 14 | 138 | x=(46+(32+60)) | x 46 32 60 + + = | x:bale 46:bale 32:bale 60:bale +:bale +:bale =:bale
EXPR: 0 | POS | INT | 0 | 14 | 74 | x=((46-32)+60) | x 46 32 - 60 + = | x:bale 46:bale 32:bale -:bale 60:bale +:bale =:bale
EXPR: 0 | POS | INT | 0 | 14 | 18 | x=((46+32)-60) | x 46 32 + 60 - = | x:bale 46:bale 32:bale +:bale 60:bale -:bale =:bale
EXPR: 0 | POS | INT | 0 | 14 | 138 | x=((46+32)+60) | x 46 32 + 60 + = | x:bale 46:bale 32:bale +:bale 60:bale +:bale =:bale
EXPR: 0 | POS | INT | 1 | 14 | 18 | x=(46+(32-60)) | x 46 32 60 - + = | x:bale 46:bale 32:bale 60:bale -:bale +:bale =:bale
EXPR: 0 | POS | INT | 1 | 14 | 74 | x=(46-(32-60)) | x 46 32 60 - - = | x:bale 46:bale 32:bale 60:bale -:bale -:bale =:bale
EXPR: 0 | POS | INT | 1 | 14 | 74 | x=((46-32)+60) | x 46 32 - 60 + = | x:bale 46:bale 32:bale -:bale 60:bale +:bale =:bale
EXPR: 0 | POS | INT | 1 | 14 | 138 | x=(46+(32+60)) | x 46 32 60 + + = | x:bale 46:bale 32:bale 60:bale +:bale +:bale =:bale
EXPR: 0 | POS | INT | 1 | 14 | 138 | x=((46+32)+60) | x 46 32 + 60 + = | x:bale 46:bale 32:bale +:bale 60:bale +:bale =:bale
EXPR: 0 | POS | INT | 1 | 14 | 18 | x=((46+32)-60) | x 46 32 + 60 - = | x:bale 46:bale 32:bale +:bale 60:bale -:bale =:bale
EXPR: 0 | POS | INT | 2 | 14 | 74 | ((x-46)+32)=60 | x 46 - 32 + 60 = | x:bale 46:bale -:bale 32:bale +:bale 60:bale =:bale
EXPR: 0 | POS | INT | 2 | 14 | 46 | 46=(32-(x-60)) | 46 32 x 60 - - = | 46:bale 32:bale x:bale 60:bale -:bale -:bale =:bale
EXPR: 0 | POS | INT | 2 | 14 | 74 | (x-(46-32))=60 | x 46 32 - - 60 = | x:bale 46:bale 32:bale -:bale -:bale 60:bale =:bale
EXPR: 0 | POS | INT | 2 | 14 | 138 | (x-(46+32))=60 | x 46 32 + - 60 = | x:bale 46:bale 32:bale +:bale -:bale 60:bale =:bale
EXPR: 0 | POS | INT | 2 | 14 | 46 | (x+(46-32))=60 | x 46 32 - + 60 = | x:bale 46:bale 32:bale -:bale +:bale 60:bale =:bale
EXPR: 0 | POS | INT | 2 | 14 | 46 | (46-(32-x))=60 | 46 32 x - - 60 = | 46:bale 32:bale x:bale -:bale -:bale 60:bale =:bale
EXPR: 0 | POS | INT | 2 | 14 | 18 | (46+(32-x))=60 | 46 32 x - + 60 = | 46:bale 32:bale x:bale -:bale +:bale 60:bale =:bale
EXPR: 0 | POS | INT | 2 | 14 | 46 | 46=(32+(60-x)) | 46 32 60 x - + = | 46:bale 32:bale 60:bale x:bale -:bale +:bale =:bale
EXPR: 0 | POS | INT | 2 | 14 | 138 | ((x-46)-32)=60 | x 46 - 32 - 60 = | x:bale 46:bale -:bale 32:bale -:bale 60:bale =:bale
EXPR: 0 | POS | INT | 2 | 14 | 18 | (46-(x-32))=60 | 46 x 32 - - 60 = | 46:bale x:bale 32:bale -:bale -:bale 60:bale =:bale
EXPR: 0 | POS | INT | 2 | 14 | 18 | ((46-x)+32)=60 | 46 x - 32 + 60 = | 46:bale x:bale -:bale 32:bale +:bale 60:bale =:bale
EXPR: 0 | POS | INT | 2 | 14 | 18 | 46=((x-32)+60) | 46 x 32 - 60 + = | 46:bale x:bale 32:bale -:bale 60:bale +:bale =:bale
EXPR: 0 | POS | INT | 2 | 14 | 74 | 46=((x+32)-60) | 46 x 32 + 60 - = | 46:bale x:bale 32:bale +:bale 60:bale -:bale =:bale
EXPR: 0 | POS | INT | 2 | 14 | 138 | 46=((x-32)-60) | 46 x 32 - 60 - = | 46:bale x:bale 32:bale -:bale 60:bale -:bale =:bale
EXPR: 0 | POS | INT | 2 | 14 | 74 | 46=(32-(60-x)) | 46 32 60 x - - = | 46:bale 32:bale 60:bale x:bale -:bale -:bale =:bale
EXPR: 0 | POS | INT | 2 | 14 | 46 | ((46-32)+x)=60 | 46 32 - x + 60 = | 46:bale 32:bale -:bale x:bale +:bale 60:bale =:bale
EXPR: 0 | POS | INT | 2 | 14 | 46 | ((46+x)-32)=60 | 46 x + 32 - 60 = | 46:bale x:bale +:bale 32:bale -:bale 60:bale =:bale
EXPR: 0 | POS | INT | 2 | 14 | 74 | 46=(x+(32-60)) | 46 x 32 60 - + = | 46:bale x:bale 32:bale 60:bale -:bale +:bale =:bale
EXPR: 0 | POS | INT | 2 | 14 | 18 | 46=(x-(32-60)) | 46 x 32 60 - - = | 46:bale x:bale 32:bale 60:bale -:bale -:bale =:bale
EXPR: 0 | POS | INT | 2 | 14 | 46 | (46+(x-32))=60 | 46 x 32 - + 60 = | 46:bale x:bale 32:bale -:bale +:bale 60:bale =:bale
EXPR: 0 | POS | INT | 2 | 14 | 138 | 46=(x-(32+60)) | 46 x 32 60 + - = | 46:bale x:bale 32:bale 60:bale +:bale -:bale =:bale
EXPR: 0 | POS | INT | 2 | 14 | 46 | 46=((32-x)+60) | 46 32 x - 60 + = | 46:bale 32:bale x:bale -:bale 60:bale +:bale =:bale
EXPR: 0 | POS | INT | 2 | 14 | 74 | 46=(32+(x-60)) | 46 32 x 60 - + = | 46:bale 32:bale x:bale 60:bale -:bale +:bale =:bale
EXPR: 0 | POS | INT | 2 | 14 | 46 | ((x+46)-32)=60 | x 46 + 32 - 60 = | x:bale 46:bale +:bale 32:bale -:bale 60:bale =:bale
EXPR: 0 | POS | INT | 2 | 14 | 74 | 46=((32+x)-60) | 46 32 x + 60 - = | 46:bale 32:bale x:bale +:bale 60:bale -:bale =:bale
EXPR: 0 | POS | INT | 2 | 14 | 18 | ((46+32)-x)=60 | 46 32 + x - 60 = | 46:bale 32:bale +:bale x:bale -:bale 60:bale =:bale
EXPR: 0 | POS | INT | 2 | 14 | 74 | 46=((32-60)+x) | 46 32 60 - x + = | 46:bale 32:bale 60:bale -:bale x:bale +:bale =:bale
EXPR: 0 | POS | INT | 2 | 14 | 46 | 46=((32+60)-x) | 46 32 60 + x - = | 46:bale 32:bale 60:bale +:bale x:bale -:bale =:bale
EXPR: 0 | POS | INT | 10 | 14 | 18 | x=(32+(46-60)) | x 32 46 60 - + = | x:bale 32:bale 46:bale 60:bale -:bale +:bale =:bale
EXPR: 0 | POS | INT | 10 | 14 | 74 | x=((46+60)-32) | x 46 60 + 32 - = | x:bale 46:bale 60:bale +:bale 32:bale -:bale =:bale
EXPR: 0 | POS | INT | 10 | 14 | 46 | x=((32-46)+60) | x 32 46 - 60 + = | x:bale 32:bale 46:bale -:bale 60:bale +:bale =:bale
EXPR: 0 | POS | INT | 10 | 14 | 138 | x=((46+60)+32) | x 46 60 + 32 + = | x:bale 46:bale 60:bale +:bale 32:bale +:bale =:bale
EXPR: 0 | POS | INT | 10 | 14 | 18 | x=(46-(60-32)) | x 46 60 32 - - = | x:bale 46:bale 60:bale 32:bale -:bale -:bale =:bale
EXPR: 0 | POS | INT | 10 | 14 | 138 | x=(32+(46+60)) | x 32 46 60 + + = | x:bale 32:bale 46:bale 60:bale +:bale +:bale =:bale
EXPR: 0 | POS | INT | 10 | 14 | 74 | x=(46+(60-32)) | x 46 60 32 - + = | x:bale 46:bale 60:bale 32:bale -:bale +:bale =:bale
EXPR: 0 | POS | INT | 10 | 14 | 18 | x=((46-60)+32) | x 46 60 - 32 + = | x:bale 46:bale 60:bale -:bale 32:bale +:bale =:bale
EXPR: 0 | POS | INT | 10 | 14 | 46 | x=(32-(46-60)) | x 32 46 60 - - = | x:bale 32:bale 46:bale 60:bale -:bale -:bale =:bale
EXPR: 0 | POS | INT | 11 | 14 | 46 | x=(32-(46-60)) | x 32 46 60 - - = | x:bale 32:bale 46:bale 60:bale -:bale -:bale =:bale
EXPR: 0 | POS | INT | 11 | 14 | 18 | x=(32+(46-60)) | x 32 46 60 - + = | x:bale 32:bale 46:bale 60:bale -:bale +:bale =:bale
EXPR: 0 | POS | INT | 11 | 14 | 74 | x=((46+60)-32) | x 46 60 + 32 - = | x:bale 46:bale 60:bale +:bale 32:bale -:bale =:bale
EXPR: 0 | POS | INT | 11 | 14 | 138 | x=((46+60)+32) | x 46 60 + 32 + = | x:bale 46:bale 60:bale +:bale 32:bale +:bale =:bale
EXPR: 0 | POS | INT | 11 | 14 | 46 | x=((32-46)+60) | x 32 46 - 60 + = | x:bale 32:bale 46:bale -:bale 60:bale +:bale =:bale
EXPR: 0 | POS | INT | 11 | 14 | 18 | x=(46-(60-32)) | x 46 60 32 - - = | x:bale 46:bale 60:bale 32:bale -:bale -:bale =:bale
EXPR: 0 | POS | INT | 11 | 14 | 138 | x=(32+(46+60)) | x 32 46 60 + + = | x:bale 32:bale 46:bale 60:bale +:bale +:bale =:bale
EXPR: 0 | POS | INT | 11 | 14 | 74 | x=(46+(60-32)) | x 46 60 32 - + = | x:bale 46:bale 60:bale 32:bale -:bale +:bale =:bale
EXPR: 0 | POS | INT | 11 | 14 | 18 | x=((46-60)+32) | x 46 60 - 32 + = | x:bale 46:bale 60:bale -:bale 32:bale +:bale =:bale
EXPR: 0 | POS | INT | 12 | 14 | 74 | 32=((46-x)+60) | 32 46 x - 60 + = | 32:bale 46:bale x:bale -:bale 60:bale +:bale =:bale
EXPR: 0 | POS | INT | 12 | 14 | 46 | 32=((46+x)-60) | 32 46 x + 60 - = | 32:bale 46:bale x:bale +:bale 60:bale -:bale =:bale
EXPR: 0 | POS | INT | 12 | 14 | 46 | ((x-32)+46)=60 | x 32 - 46 + 60 = | x:bale 32:bale -:bale 46:bale +:bale 60:bale =:bale
EXPR: 0 | POS | INT | 12 | 14 | 74 | ((46-x)+60)=32 | 46 x - 60 + 32 = | 46:bale x:bale -:bale 60:bale +:bale 32:bale =:bale
EXPR: 0 | POS | INT | 12 | 14 | 46 | 46=(60-(x-32)) | 46 60 x 32 - - = | 46:bale 60:bale x:bale 32:bale -:bale -:bale =:bale
EXPR: 0 | POS | INT | 12 | 14 | 138 | (x-46)=(32+60) | x 46 - 32 60 + = | x:bale 46:bale -:bale 32:bale 60:bale +:bale =:bale
EXPR: 0 | POS | INT | 12 | 14 | 74 | 32=(46-(x-60)) | 32 46 x 60 - - = | 32:bale 46:bale x:bale 60:bale -:bale -:bale =:bale
EXPR: 0 | POS | INT | 12 | 14 | 46 | (x-(32-46))=60 | x 32 46 - - 60 = | x:bale 32:bale 46:bale -:bale -:bale 60:bale =:bale
EXPR: 0 | POS | INT | 12 | 14 | 18 | (x-(46-60))=32 | x 46 60 - - 32 = | x:bale 46:bale 60:bale -:bale -:bale 32:bale =:bale
EXPR: 0 | POS | INT | 12 | 14 | 138 | ((x-32)-46)=60 | x 32 - 46 - 60 = | x:bale 32:bale -:bale 46:bale -:bale 60:bale =:bale
EXPR: 0 | POS | INT | 12 | 14 | 138 | (x-(46+60))=32 | x 46 60 + - 32 = | x:bale 46:bale 60:bale +:bale -:bale 32:bale =:bale
EXPR: 0 | POS | INT | 12 | 14 | 74 | (x+(32-46))=60 | x 32 46 - + 60 = | x:bale 32:bale 46:bale -:bale +:bale 60:bale =:bale
EXPR: 0 | POS | INT | 12 | 14 | 46 | (x+(46-60))=32 | x 46 60 - + 32 = | x:bale 46:bale 60:bale -:bale +:bale 32:bale =:bale
EXPR: 0 | POS | INT | 12 | 14 | 46 | (46-(60-x))=32 | 46 60 x - - 32 = | 46:bale 60:bale x:bale -:bale -:bale 32:bale =:bale
EXPR: 0 | POS | INT | 12 | 14 | 18 | ((x-46)+60)=32 | x 46 - 60 + 32 = | x:bale 46:bale -:bale 60:bale +:bale 32:bale =:bale
EXPR: 0 | POS | INT | 12 | 14 | 74 | ((32+x)-46)=60 | 32 x + 46 - 60 = | 32:bale x:bale +:bale 46:bale -:bale 60:bale =:bale
EXPR: 0 | POS | INT | 12 | 14 | 74 | (32-(46-x))=60 | 32 46 x - - 60 = | 32:bale 46:bale x:bale -:bale -:bale 60:bale =:bale
EXPR: 0 | POS | INT | 12 | 14 | 18 | (x-46)=(32-60) | x 46 - 32 60 - = | x:bale 46:bale -:bale 32:bale 60:bale -:bale =:bale
EXPR: 0 | POS | INT | 12 | 14 | 138 | ((x-46)-60)=32 | x 46 - 60 - 32 = | x:bale 46:bale -:bale 60:bale -:bale 32:bale =:bale
EXPR: 0 | POS | INT | 12 | 14 | 74 | (46-x)=(32-60) | 46 x - 32 60 - = | 46:bale x:bale -:bale 32:bale 60:bale -:bale =:bale
EXPR: 0 | POS | INT | 12 | 14 | 46 | 32=((46-60)+x) | 32 46 60 - x + = | 32:bale 46:bale 60:bale -:bale x:bale +:bale =:bale
EXPR: 0 | POS | INT | 12 | 14 | 18 | (32-(x-46))=60 | 32 x 46 - - 60 = | 32:bale x:bale 46:bale -:bale -:bale 60:bale =:bale
EXPR: 0 | POS | INT | 12 | 14 | 74 | 46=((x-60)+32) | 46 x 60 - 32 + = | 46:bale x:bale 60:bale -:bale 32:bale +:bale =:bale
EXPR: 0 | POS | INT | 12 | 14 | 18 | 46=((x+60)-32) | 46 x 60 + 32 - = | 46:bale x:bale 60:bale +:bale 32:bale -:bale =:bale
EXPR: 0 | POS | INT | 12 | 14 | 74 | 32=((46+60)-x) | 32 46 60 + x - = | 32:bale 46:bale 60:bale +:bale x:bale -:bale =:bale
EXPR: 0 | POS | INT | 12 | 14 | 18 | 32=((x-46)+60) | 32 x 46 - 60 + = | 32:bale x:bale 46:bale -:bale 60:bale +:bale =:bale
EXPR: 0 | POS | INT | 12 | 14 | 18 | (32+(46-x))=60 | 32 46 x - + 60 = | 32:bale 46:bale x:bale -:bale +:bale 60:bale =:bale
EXPR: 0 | POS | INT | 12 | 14 | 74 | (46-(x-60))=32 | 46 x 60 - - 32 = | 46:bale x:bale 60:bale -:bale -:bale 32:bale =:bale
EXPR: 0 | POS | INT | 12 | 14 | 46 | 46=(60+(32-x)) | 46 60 32 x - + = | 46:bale 60:bale 32:bale x:bale -:bale +:bale =:bale
EXPR: 0 | POS | INT | 12 | 14 | 18 | 46=(60-(32-x)) | 46 60 32 x - - = | 46:bale 60:bale 32:bale x:bale -:bale -:bale =:bale
EXPR: 0 | POS | INT | 12 | 14 | 46 | ((46-60)+x)=32 | 46 60 - x + 32 = | 46:bale 60:bale -:bale x:bale +:bale 32:bale =:bale
EXPR: 0 | POS | INT | 12 | 14 | 74 | (46-32)=(x-60) | 46 32 - x 60 - = | 46:bale 32:bale -:bale x:bale 60:bale -:bale =:bale
EXPR: 0 | POS | INT | 12 | 14 | 74 | 32=(46+(60-x)) | 32 46 60 x - + = | 32:bale 46:bale 60:bale x:bale -:bale +:bale =:bale
EXPR: 0 | POS | INT | 12 | 14 | 46 | 32=(46-(60-x)) | 32 46 60 x - - = | 32:bale 46:bale 60:bale x:bale -:bale -:bale =:bale
EXPR: 0 | POS | INT | 12 | 14 | 18 | ((32-x)+46)=60 | 32 x - 46 + 60 = | 32:bale x:bale -:bale 46:bale +:bale 60:bale =:bale
EXPR: 0 | POS | INT | 12 | 14 | 46 | 32=((x+46)-60) | 32 x 46 + 60 - = | 32:bale x:bale 46:bale +:bale 60:bale -:bale =:bale
EXPR: 0 | POS | INT | 12 | 14 | 46 | (46-32)=(60-x) | 46 32 - 60 x - = | 46:bale 32:bale -:bale 60:bale x:bale -:bale =:bale
EXPR: 0 | POS | INT | 12 | 14 | 74 | ((x+32)-46)=60 | x 32 + 46 - 60 = | x:bale 32:bale +:bale 46:bale -:bale 60:bale =:bale
EXPR: 0 | POS | INT | 12 | 14 | 138 | 46=((x-60)-32) | 46 x 60 - 32 - = | 46:bale x:bale 60:bale -:bale 32:bale -:bale =:bale
EXPR: 0 | POS | INT | 12 | 14 | 18 | 46=(x+(60-32)) | 46 x 60 32 - + = | 46:bale x:bale 60:bale 32:bale -:bale +:bale =:bale
EXPR: 0 | POS | INT | 12 | 14 | 46 | (46+(x-60))=32 | 46 x 60 - + 32 = | 46:bale x:bale 60:bale -:bale +:bale 32:bale =:bale
EXPR: 0 | POS | INT | 12 | 14 | 46 | 46=((60-x)+32) | 46 60 x - 32 + = | 46:bale 60:bale x:bale -:bale 32:bale +:bale =:bale
EXPR: 0 | POS | INT | 12 | 14 | 138 | 32=((x-46)-60) | 32 x 46 - 60 - = | 32:bale x:bale 46:bale -:bale 60:bale -:bale =:bale
EXPR: 0 | POS | INT | 12 | 14 | 18 | 46=(60+(x-32)) | 46 60 x 32 - + = | 46:bale 60:bale x:bale 32:bale -:bale +:bale =:bale
EXPR: 0 | POS | INT | 12 | 14 | 46 | 32=(x+(46-60)) | 32 x 46 60 - + = | 32:bale x:bale 46:bale 60:bale -:bale +:bale =:bale
EXPR: 0 | POS | INT | 12 | 14 | 18 | 32=(x-(46-60)) | 32 x 46 60 - - = | 32:bale x:bale 46:bale 60:bale -:bale -:bale =:bale
EXPR: 0 | POS | INT | 12 | 14 | 74 | ((32-46)+x)=60 | 32 46 - x + 60 = | 32:bale 46:bale -:bale x:bale +:bale 60:bale =:bale
EXPR: 0 | POS | INT | 12 | 14 | 74 | 46=(x-(60-32)) | 46 x 60 32 - - = | 46:bale x:bale 60:bale 32:bale -:bale -:bale =:bale
EXPR: 0 | POS | INT | 12 | 14 | 46 | 32=(46+(x-60)) | 32 46 x 60 - + = | 32:bale 46:bale x:bale 60:bale -:bale +:bale =:bale
EXPR: 0 | POS | INT | 12 | 14 | 46 | ((46+x)-60)=32 | 46 x + 60 - 32 = | 46:bale x:bale +:bale 60:bale -:bale 32:bale =:bale
EXPR: 0 | POS | INT | 12 | 14 | 138 | 32=(x-(46+60)) | 32 x 46 60 + - = | 32:bale x:bale 46:bale 60:bale +:bale -:bale =:bale
EXPR: 0 | POS | INT | 12 | 14 | 18 | 46=((60+x)-32) | 46 60 x + 32 - = | 46:bale 60:bale x:bale +:bale 32:bale -:bale =:bale
EXPR: 0 | POS | INT | 12 | 14 | 74 | (32+(x-46))=60 | 32 x 46 - + 60 = | 32:bale x:bale 46:bale -:bale +:bale 60:bale =:bale
EXPR: 0 | POS | INT | 12 | 14 | 74 | (46+(60-x))=32 | 46 60 x - + 32 = | 46:bale 60:bale x:bale -:bale +:bale 32:bale =:bale
EXPR: 0 | POS | INT | 12 | 14 | 74 | ((46+60)-x)=32 | 46 60 + x - 32 = | 46:bale 60:bale +:bale x:bale -:bale 32:bale =:bale
EXPR: 0 | POS | INT | 12 | 14 | 46 | (46+x)=(32+60) | 46 x + 32 60 + = | 46:bale x:bale +:bale 32:bale 60:bale +:bale =:bale
EXPR: 0 | POS | INT | 12 | 14 | 46 | ((x+46)-60)=32 | x 46 + 60 - 32 = | x:bale 46:bale +:bale 60:bale -:bale 32:bale =:bale
EXPR: 0 | POS | INT | 12 | 14 | 46 | (x+46)=(32+60) | x 46 + 32 60 + = | x:bale 46:bale +:bale 32:bale 60:bale +:bale =:bale
EXPR: 0 | POS | INT | 12 | 14 | 18 | 46=((60-32)+x) | 46 60 32 - x + = | 46:bale 60:bale 32:bale -:bale x:bale +:bale =:bale
EXPR: 0 | POS | INT | 12 | 14 | 138 | (46+32)=(x-60) | 46 32 + x 60 - = | 46:bale 32:bale +:bale x:bale 60:bale -:bale =:bale
EXPR: 0 | POS | INT | 12 | 14 | 18 | (46+32)=(x+60) | 46 32 + x 60 + = | 46:bale 32:bale +:bale x:bale 60:bale +:bale =:bale
EXPR: 0 | POS | INT | 12 | 14 | 18 | (46+32)=(60+x) | 46 32 + 60 x + = | 46:bale 32:bale +:bale 60:bale x:bale +:bale =:bale
EXPR: 0 | POS | INT | 15 | 14 | 46 | x=((60-46)+32) | x 60 46 - 32 + = | x:bale 60:bale 46:bale -:bale 32:bale +:bale =:bale
EXPR: 0 | POS | INT | 15 | 14 | 74 | x=(60+(46-32)) | x 60 46 32 - + = | x:bale 60:bale 46:bale 32:bale -:bale +:bale =:bale
EXPR: 0 | POS | INT | 15 | 14 | 46 | x=(60-(46-32)) | x 60 46 32 - - = | x:bale 60:bale 46:bale 32:bale -:bale -:bale =:bale
EXPR: 0 | POS | INT | 15 | 14 | 138 | x=(60+(46+32)) | x 60 46 32 + + = | x:bale 60:bale 46:bale 32:bale +:bale +:bale =:bale
EXPR: 0 | POS | INT | 16 | 14 | 46 | x=((60-46)+32) | x 60 46 - 32 + = | x:bale 60:bale 46:bale -:bale 32:bale +:bale =:bale
EXPR: 0 | POS | INT | 16 | 14 | 74 | x=(60+(46-32)) | x 60 46 32 - + = | x:bale 60:bale 46:bale 32:bale -:bale +:bale =:bale
EXPR: 0 | POS | INT | 16 | 14 | 46 | x=(60-(46-32)) | x 60 46 32 - - = | x:bale 60:bale 46:bale 32:bale -:bale -:bale =:bale
EXPR: 0 | POS | INT | 16 | 14 | 138 | x=(60+(46+32)) | x 60 46 32 + + = | x:bale 60:bale 46:bale 32:bale +:bale +:bale =:bale
EXPR: 0 | POS | INT | 17 | 14 | 18 | 60=((46-x)+32) | 60 46 x - 32 + = | 60:bale 46:bale x:bale -:bale 32:bale +:bale =:bale
EXPR: 0 | POS | INT | 17 | 14 | 74 | (60-(x-46))=32 | 60 x 46 - - 32 = | 60:bale x:bale 46:bale -:bale -:bale 32:bale =:bale
EXPR: 0 | POS | INT | 17 | 14 | 46 | ((x-60)+46)=32 | x 60 - 46 + 32 = | x:bale 60:bale -:bale 46:bale +:bale 32:bale =:bale
EXPR: 0 | POS | INT | 17 | 14 | 18 | 60=(46+(32-x)) | 60 46 32 x - + = | 60:bale 46:bale 32:bale x:bale -:bale +:bale =:bale
EXPR: 0 | POS | INT | 17 | 14 | 18 | (60-(46-x))=32 | 60 46 x - - 32 = | 60:bale 46:bale x:bale -:bale -:bale 32:bale =:bale
EXPR: 0 | POS | INT | 17 | 14 | 46 | (x-(60-46))=32 | x 60 46 - - 32 = | x:bale 60:bale 46:bale -:bale -:bale 32:bale =:bale
EXPR: 0 | POS | INT | 17 | 14 | 74 | (60+(46-x))=32 | 60 46 x - + 32 = | 60:bale 46:bale x:bale -:bale +:bale 32:bale =:bale
EXPR: 0 | POS | INT | 17 | 14 | 46 | 60=(46-(32-x)) | 60 46 32 x - - = | 60:bale 46:bale 32:bale x:bale -:bale -:bale =:bale
EXPR: 0 | POS | INT | 17 | 14 | 46 | 60=((46+x)-32) | 60 46 x + 32 - = | 60:bale 46:bale x:bale +:bale 32:bale -:bale =:bale
EXPR: 0 | POS | INT | 17 | 14 | 138 | ((x-60)-46)=32 | x 60 - 46 - 32 = | x:bale 60:bale -:bale 46:bale -:bale 32:bale =:bale
EXPR: 0 | POS | INT | 17 | 14 | 74 | 60=((x-46)+32) | 60 x 46 - 32 + = | 60:bale x:bale 46:bale -:bale 32:bale +:bale =:bale
EXPR: 0 | POS | INT | 17 | 14 | 18 | (60+(x-46))=32 | 60 x 46 - + 32 = | 60:bale x:bale 46:bale -:bale +:bale 32:bale =:bale
EXPR: 0 | POS | INT | 17 | 14 | 138 | 60=((x-46)-32) | 60 x 46 - 32 - = | 60:bale x:bale 46:bale -:bale 32:bale -:bale =:bale
EXPR: 0 | POS | INT | 17 | 14 | 18 | ((60-46)+x)=32 | 60 46 - x + 32 = | 60:bale 46:bale -:bale x:bale +:bale 32:bale =:bale
EXPR: 0 | POS | INT | 17 | 14 | 18 | (x+(60-46))=32 | x 60 46 - + 32 = | x:bale 60:bale 46:bale -:bale +:bale 32:bale =:bale
EXPR: 0 | POS | INT | 17 | 14 | 74 | ((60-x)+46)=32 | 60 x - 46 + 32 = | 60:bale x:bale -:bale 46:bale +:bale 32:bale =:bale
EXPR: 0 | POS | INT | 17 | 14 | 18 | ((60+x)-46)=32 | 60 x + 46 - 32 = | 60:bale x:bale +:bale 46:bale -:bale 32:bale =:bale
EXPR: 0 | POS | INT | 17 | 14 | 46 | 60=((x+46)-32) | 60 x 46 + 32 - = | 60:bale x:bale 46:bale +:bale 32:bale -:bale =:bale
EXPR: 0 | POS | INT | 17 | 14 | 46 | 60=(46+(x-32)) | 60 46 x 32 - + = | 60:bale 46:bale x:bale 32:bale -:bale +:bale =:bale
EXPR: 0 | POS | INT | 17 | 14 | 18 | ((x+60)-46)=32 | x 60 + 46 - 32 = | x:bale 60:bale +:bale 46:bale -:bale 32:bale =:bale
EXPR: 0 | POS | INT | 17 | 14 | 18 | 60=(46-(x-32)) | 60 46 x 32 - - = | 60:bale 46:bale x:bale 32:bale -:bale -:bale =:bale
EXPR: 0 | POS | INT | 17 | 14 | 138 | 60=(x-(46+32)) | 60 x 46 32 + - = | 60:bale x:bale 46:bale 32:bale +:bale -:bale =:bale
EXPR: 0 | POS | INT | 17 | 14 | 18 | 60=((46+32)-x) | 60 46 32 + x - = | 60:bale 46:bale 32:bale +:bale x:bale -:bale =:bale
EXPR: 0 | POS | INT | 17 | 14 | 46 | 60=((46-32)+x) | 60 46 32 - x + = | 60:bale 46:bale 32:bale -:bale x:bale +:bale =:bale
EXPR: 0 | POS | INT | 17 | 14 | 46 | 60=(x+(46-32)) | 60 x 46 32 - + = | 60:bale x:bale 46:bale 32:bale -:bale +:bale =:bale
EXPR: 0 | POS | INT | 17 | 14 | 74 | 60=(x-(46-32)) | 60 x 46 32 - - = | 60:bale x:bale 46:bale 32:bale -:bale -:bale =:bale
EXPR: 0 | POS | INT | 22 | 14 | 18 | (46-x)=(60-32) | 46 x - 60 32 - = | 46:bale x:bale -:bale 60:bale 32:bale -:bale =:bale
EXPR: 0 | POS | INT | 22 | 14 | 46 | (46-60)=(32-x) | 46 60 - 32 x - = | 46:bale 60:bale -:bale 32:bale x:bale -:bale =:bale
EXPR: 0 | POS | INT | 22 | 14 | 74 | (x+32)=(46+60) | x 32 + 46 60 + = | x:bale 32:bale +:bale 46:bale 60:bale +:bale =:bale
EXPR: 0 | POS | INT | 22 | 14 | 74 | (x-46)=(60-32) | x 46 - 60 32 - = | x:bale 46:bale -:bale 60:bale 32:bale -:bale =:bale
EXPR: 0 | POS | INT | 22 | 14 | 138 | (x-32)=(46+60) | x 32 - 46 60 + = | x:bale 32:bale -:bale 46:bale 60:bale +:bale =:bale
EXPR: 0 | POS | INT | 22 | 14 | 18 | (x-32)=(46-60) | x 32 - 46 60 - = | x:bale 32:bale -:bale 46:bale 60:bale -:bale =:bale
EXPR: 0 | POS | INT | 22 | 14 | 46 | (32-x)=(46-60) | 32 x - 46 60 - = | 32:bale x:bale -:bale 46:bale 60:bale -:bale =:bale
EXPR: 0 | POS | INT | 22 | 14 | 74 | (32-46)=(60-x) | 32 46 - 60 x - = | 32:bale 46:bale -:bale 60:bale x:bale -:bale =:bale
EXPR: 0 | POS | INT | 22 | 14 | 18 | (46-60)=(x-32) | 46 60 - x 32 - = | 46:bale 60:bale -:bale x:bale 32:bale -:bale =:bale
EXPR: 0 | POS | INT | 22 | 14 | 46 | (32-46)=(x-60) | 32 46 - x 60 - = | 32:bale 46:bale -:bale x:bale 60:bale -:bale =:bale
EXPR: 0 | POS | INT | 22 | 14 | 74 | (32+x)=(46+60) | 32 x + 46 60 + = | 32:bale x:bale +:bale 46:bale 60:bale +:bale =:bale
EXPR: 0 | POS | INT | 22 | 14 | 138 | (46+60)=(x-32) | 46 60 + x 32 - = | 46:bale 60:bale +:bale x:bale 32:bale -:bale =:bale
EXPR: 0 | POS | INT | 22 | 14 | 74 | (46+60)=(x+32) | 46 60 + x 32 + = | 46:bale 60:bale +:bale x:bale 32:bale +:bale =:bale
EXPR: 0 | POS | INT | 22 | 14 | 74 | (46+60)=(32+x) | 46 60 + 32 x + = | 46:bale 60:bale +:bale 32:bale x:bale +:bale =:bale
EXPR: 0 | POS | INT | 25 | 14 | 46 | x=((32+60)-46) | x 32 60 + 46 - = | x:bale 32:bale 60:bale +:bale 46:bale -:bale =:bale
EXPR: 0 | POS | INT | 25 | 14 | 138 | x=((32+60)+46) | x 32 60 + 46 + = | x:bale 32:bale 60:bale +:bale 46:bale +:bale =:bale
EXPR: 0 | POS | INT | 25 | 14 | 74 | x=((60-32)+46) | x 60 32 - 46 + = | x:bale 60:bale 32:bale -:bale 46:bale +:bale =:bale
EXPR: 0 | POS | INT | 25 | 14 | 46 | x=(32+(60-46)) | x 32 60 46 - + = | x:bale 32:bale 60:bale 46:bale -:bale +:bale =:bale
EXPR: 0 | POS | INT | 25 | 14 | 46 | x=(60+(32-46)) | x 60 32 46 - + = | x:bale 60:bale 32:bale 46:bale -:bale +:bale =:bale
EXPR: 0 | POS | INT | 25 | 14 | 18 | x=(32-(60-46)) | x 32 60 46 - - = | x:bale 32:bale 60:bale 46:bale -:bale -:bale =:bale
EXPR: 0 | POS | INT | 25 | 14 | 74 | x=(60-(32-46)) | x 60 32 46 - - = | x:bale 60:bale 32:bale 46:bale -:bale -:bale =:bale
EXPR: 0 | POS | INT | 25 | 14 | 18 | x=((32-60)+46) | x 32 60 - 46 + = | x:bale 32:bale 60:bale -:bale 46:bale +:bale =:bale
EXPR: 0 | POS | INT | 26 | 14 | 74 | x=((60-32)+46) | x 60 32 - 46 + = | x:bale 60:bale 32:bale -:bale 46:bale +:bale =:bale
EXPR: 0 | POS | INT | 26 | 14 | 138 | x=((32+60)+46) | x 32 60 + 46 + = | x:bale 32:bale 60:bale +:bale 46:bale +:bale =:bale
EXPR: 0 | POS | INT | 26 | 14 | 46 | x=(32+(60-46)) | x 32 60 46 - + = | x:bale 32:bale 60:bale 46:bale -:bale +:bale =:bale
EXPR: 0 | POS | INT | 26 | 14 | 46 | x=((32+60)-46) | x 32 60 + 46 - = | x:bale 32:bale 60:bale +:bale 46:bale -:bale =:bale
EXPR: 0 | POS | INT | 26 | 14 | 46 | x=(60+(32-46)) | x 60 32 46 - + = | x:bale 60:bale 32:bale 46:bale -:bale +:bale =:bale
EXPR: 0 | POS | INT | 26 | 14 | 18 | x=(32-(60-46)) | x 32 60 46 - - = | x:bale 32:bale 60:bale 46:bale -:bale -:bale =:bale
EXPR: 0 | POS | INT | 26 | 14 | 74 | x=(60-(32-46)) | x 60 32 46 - - = | x:bale 60:bale 32:bale 46:bale -:bale -:bale =:bale
EXPR: 0 | POS | INT | 26 | 14 | 18 | x=((32-60)+46) | x 32 60 - 46 + = | x:bale 32:bale 60:bale -:bale 46:bale +:bale =:bale
EXPR: 0 | POS | INT | 27 | 14 | 18 | 60=((32-x)+46) | 60 32 x - 46 + = | 60:bale 32:bale x:bale -:bale 46:bale +:bale =:bale
EXPR: 0 | POS | INT | 27 | 14 | 46 | ((32-x)+60)=46 | 32 x - 60 + 46 = | 32:bale x:bale -:bale 60:bale +:bale 46:bale =:bale
EXPR: 0 | POS | INT | 27 | 14 | 18 | 60=(32-(x-46)) | 60 32 x 46 - - = | 60:bale 32:bale x:bale 46:bale -:bale -:bale =:bale
EXPR: 0 | POS | INT | 27 | 14 | 138 | (x-60)=(46+32) | x 60 - 46 32 + = | x:bale 60:bale -:bale 46:bale 32:bale +:bale =:bale
EXPR: 0 | POS | INT | 27 | 14 | 46 | ((60-x)+32)=46 | 60 x - 32 + 46 = | 60:bale x:bale -:bale 32:bale +:bale 46:bale =:bale
EXPR: 0 | POS | INT | 27 | 14 | 74 | ((x-60)+32)=46 | x 60 - 32 + 46 = | x:bale 60:bale -:bale 32:bale +:bale 46:bale =:bale
EXPR: 0 | POS | INT | 27 | 14 | 18 | (x+60)=(46+32) | x 60 + 46 32 + = | x:bale 60:bale +:bale 46:bale 32:bale +:bale =:bale
EXPR: 0 | POS | INT | 27 | 14 | 46 | (60-(x-32))=46 | 60 x 32 - - 46 = | 60:bale x:bale 32:bale -:bale -:bale 46:bale =:bale
EXPR: 0 | POS | INT | 27 | 14 | 18 | (x-(32-60))=46 | x 32 60 - - 46 = | x:bale 32:bale 60:bale -:bale -:bale 46:bale =:bale
EXPR: 0 | POS | INT | 27 | 14 | 138 | (x-(32+60))=46 | x 32 60 + - 46 = | x:bale 32:bale 60:bale +:bale -:bale 46:bale =:bale
EXPR: 0 | POS | INT | 27 | 14 | 74 | (x-(60-32))=46 | x 60 32 - - 46 = | x:bale 60:bale 32:bale -:bale -:bale 46:bale =:bale
EXPR: 0 | POS | INT | 27 | 14 | 74 | (x+(32-60))=46 | x 32 60 - + 46 = | x:bale 32:bale 60:bale -:bale +:bale 46:bale =:bale
EXPR: 0 | POS | INT | 27 | 14 | 46 | (60+(32-x))=46 | 60 32 x - + 46 = | 60:bale 32:bale x:bale -:bale +:bale 46:bale =:bale
EXPR: 0 | POS | INT | 27 | 14 | 74 | (x-60)=(46-32) | x 60 - 46 32 - = | x:bale 60:bale -:bale 46:bale 32:bale -:bale =:bale
EXPR: 0 | POS | INT | 27 | 14 | 18 | ((60+x)-32)=46 | 60 x + 32 - 46 = | 60:bale x:bale +:bale 32:bale -:bale 46:bale =:bale
EXPR: 0 | POS | INT | 27 | 14 | 138 | ((x-60)-32)=46 | x 60 - 32 - 46 = | x:bale 60:bale -:bale 32:bale -:bale 46:bale =:bale
EXPR: 0 | POS | INT | 27 | 14 | 138 | ((x-32)-60)=46 | x 32 - 60 - 46 = | x:bale 32:bale -:bale 60:bale -:bale 46:bale =:bale
EXPR: 0 | POS | INT | 27 | 14 | 74 | 60=((32+x)-46) | 60 32 x + 46 - = | 60:bale 32:bale x:bale +:bale 46:bale -:bale =:bale
EXPR: 0 | POS | INT | 27 | 14 | 18 | (60-(32-x))=46 | 60 32 x - - 46 = | 60:bale 32:bale x:bale -:bale -:bale 46:bale =:bale
EXPR: 0 | POS | INT | 27 | 14 | 18 | 60=(32+(46-x)) | 60 32 46 x - + = | 60:bale 32:bale 46:bale x:bale -:bale +:bale =:bale
EXPR: 0 | POS | INT | 27 | 14 | 138 | 32=((x-60)-46) | 32 x 60 - 46 - = | 32:bale x:bale 60:bale -:bale 46:bale -:bale =:bale
EXPR: 0 | POS | INT | 27 | 14 | 46 | (32-(x-60))=46 | 32 x 60 - - 46 = | 32:bale x:bale 60:bale -:bale -:bale 46:bale =:bale
EXPR: 0 | POS | INT | 27 | 14 | 18 | (60-46)=(32-x) | 60 46 - 32 x - = | 60:bale 46:bale -:bale 32:bale x:bale -:bale =:bale
EXPR: 0 | POS | INT | 27 | 14 | 46 | 60=((x-32)+46) | 60 x 32 - 46 + = | 60:bale x:bale 32:bale -:bale 46:bale +:bale =:bale
EXPR: 0 | POS | INT | 27 | 14 | 18 | 32=((x+60)-46) | 32 x 60 + 46 - = | 32:bale x:bale 60:bale +:bale 46:bale -:bale =:bale
EXPR: 0 | POS | INT | 27 | 14 | 18 | (60+(x-32))=46 | 60 x 32 - + 46 = | 60:bale x:bale 32:bale -:bale +:bale 46:bale =:bale
EXPR: 0 | POS | INT | 27 | 14 | 74 | 60=(32-(46-x)) | 60 32 46 x - - = | 60:bale 32:bale 46:bale x:bale -:bale -:bale =:bale
EXPR: 0 | POS | INT | 27 | 14 | 138 | 60=((x-32)-46) | 60 x 32 - 46 - = | 60:bale x:bale 32:bale -:bale 46:bale -:bale =:bale
EXPR: 0 | POS | INT | 27 | 14 | 46 | (32+(60-x))=46 | 32 60 x - + 46 = | 32:bale 60:bale x:bale -:bale +:bale 46:bale =:bale
EXPR: 0 | POS | INT | 27 | 14 | 18 | (x+(60-32))=46 | x 60 32 - + 46 = | x:bale 60:bale 32:bale -:bale +:bale 46:bale =:bale
EXPR: 0 | POS | INT | 27 | 14 | 46 | 32=((x-60)+46) | 32 x 60 - 46 + = | 32:bale x:bale 60:bale -:bale 46:bale +:bale =:bale
EXPR: 0 | POS | INT | 27 | 14 | 46 | (60-46)=(x-32) | 60 46 - x 32 - = | 60:bale 46:bale -:bale x:bale 32:bale -:bale =:bale
EXPR: 0 | POS | INT | 27 | 14 | 74 | 60=((x+32)-46) | 60 x 32 + 46 - = | 60:bale x:bale 32:bale +:bale 46:bale -:bale =:bale
EXPR: 0 | POS | INT | 27 | 14 | 74 | 60=(32+(x-46)) | 60 32 x 46 - + = | 60:bale 32:bale x:bale 46:bale -:bale +:bale =:bale
EXPR: 0 | POS | INT | 27 | 14 | 46 | (60-x)=(46-32) | 60 x - 46 32 - = | 60:bale x:bale -:bale 46:bale 32:bale -:bale =:bale
EXPR: 0 | POS | INT | 27 | 14 | 74 | (32-(60-x))=46 | 32 60 x - - 46 = | 32:bale 60:bale x:bale -:bale -:bale 46:bale =:bale
EXPR: 0 | POS | INT | 27 | 14 | 74 | 32=(60-(x-46)) | 32 60 x 46 - - = | 32:bale 60:bale x:bale 46:bale -:bale -:bale =:bale
EXPR: 0 | POS | INT | 27 | 14 | 74 | 32=(60+(46-x)) | 32 60 46 x - + = | 32:bale 60:bale 46:bale x:bale -:bale +:bale =:bale
EXPR: 0 | POS | INT | 27 | 14 | 18 | 32=(x+(60-46)) | 32 x 60 46 - + = | 32:bale x:bale 60:bale 46:bale -:bale +:bale =:bale
EXPR: 0 | POS | INT | 27 | 14 | 46 | 32=(x-(60-46)) | 32 x 60 46 - - = | 32:bale x:bale 60:bale 46:bale -:bale -:bale =:bale
EXPR: 0 | POS | INT | 27 | 14 | 18 | 32=(60+(x-46)) | 32 60 x 46 - + = | 32:bale 60:bale x:bale 46:bale -:bale +:bale =:bale
EXPR: 0 | POS | INT | 27 | 14 | 18 | ((x+60)-32)=46 | x 60 + 32 - 46 = | x:bale 60:bale +:bale 32:bale -:bale 46:bale =:bale
EXPR: 0 | POS | INT | 27 | 14 | 18 | ((60-32)+x)=46 | 60 32 - x + 46 = | 60:bale 32:bale -:bale x:bale +:bale 46:bale =:bale
EXPR: 0 | POS | INT | 27 | 14 | 74 | ((32+x)-60)=46 | 32 x + 60 - 46 = | 32:bale x:bale +:bale 60:bale -:bale 46:bale =:bale
EXPR: 0 | POS | INT | 27 | 14 | 18 | 32=((60+x)-46) | 32 60 x + 46 - = | 32:bale 60:bale x:bale +:bale 46:bale -:bale =:bale
EXPR: 0 | POS | INT | 27 | 14 | 74 | 32=((60-x)+46) | 32 60 x - 46 + = | 32:bale 60:bale x:bale -:bale 46:bale +:bale =:bale
EXPR: 0 | POS | INT | 27 | 14 | 74 | 60=(x+(32-46)) | 60 x 32 46 - + = | 60:bale x:bale 32:bale 46:bale -:bale +:bale =:bale
EXPR: 0 | POS | INT | 27 | 14 | 18 | 32=(60-(46-x)) | 32 60 46 x - - = | 32:bale 60:bale 46:bale x:bale -:bale -:bale =:bale
EXPR: 0 | POS | INT | 27 | 14 | 46 | ((32+60)-x)=46 | 32 60 + x - 46 = | 32:bale 60:bale +:bale x:bale -:bale 46:bale =:bale
EXPR: 0 | POS | INT | 27 | 14 | 18 | (60+x)=(46+32) | 60 x + 46 32 + = | 60:bale x:bale +:bale 46:bale 32:bale +:bale =:bale
EXPR: 0 | POS | INT | 27 | 14 | 74 | (32+(x-60))=46 | 32 x 60 - + 46 = | 32:bale x:bale 60:bale -:bale +:bale 46:bale =:bale
EXPR: 0 | POS | INT | 27 | 14 | 74 | ((x+32)-60)=46 | x 32 + 60 - 46 = | x:bale 32:bale +:bale 60:bale -:bale 46:bale =:bale
EXPR: 0 | POS | INT | 27 | 14 | 74 | 60=((32-46)+x) | 60 32 46 - x + = | 60:bale 32:bale 46:bale -:bale x:bale +:bale =:bale
EXPR: 0 | POS | INT | 27 | 14 | 46 | 60=(x-(32-46)) | 60 x 32 46 - - = | 60:bale x:bale 32:bale 46:bale -:bale -:bale =:bale
EXPR: 0 | POS | INT | 27 | 14 | 18 | ((x-32)+60)=46 | x 32 - 60 + 46 = | x:bale 32:bale -:bale 60:bale +:bale 46:bale =:bale
EXPR: 0 | POS | INT | 27 | 14 | 74 | ((32-60)+x)=46 | 32 60 - x + 46 = | 32:bale 60:bale -:bale x:bale +:bale 46:bale =:bale
EXPR: 0 | POS | INT | 27 | 14 | 18 | 32=((60-46)+x) | 32 60 46 - x + = | 32:bale 60:bale 46:bale -:bale x:bale +:bale =:bale
EXPR: 0 | POS | INT | 37 | 14 | 46 | (x-60)=(32-46) | x 60 - 32 46 - = | x:bale 60:bale -:bale 32:bale 46:bale -:bale =:bale
EXPR: 0 | POS | INT | 37 | 14 | 18 | (32-x)=(60-46) | 32 x - 60 46 - = | 32:bale x:bale -:bale 60:bale 46:bale -:bale =:bale
EXPR: 0 | POS | INT | 37 | 14 | 74 | (60-x)=(32-46) | 60 x - 32 46 - = | 60:bale x:bale -:bale 32:bale 46:bale -:bale =:bale
EXPR: 0 | POS | INT | 37 | 14 | 74 | (32-60)=(46-x) | 32 60 - 46 x - = | 32:bale 60:bale -:bale 46:bale x:bale -:bale =:bale
EXPR: 0 | POS | INT | 37 | 14 | 18 | (60-32)=(46-x) | 60 32 - 46 x - = | 60:bale 32:bale -:bale 46:bale x:bale -:bale =:bale
EXPR: 0 | POS | INT | 37 | 14 | 46 | (x-32)=(60-46) | x 32 - 60 46 - = | x:bale 32:bale -:bale 60:bale 46:bale -:bale =:bale
EXPR: 0 | POS | INT | 37 | 14 | 18 | (32-60)=(x-46) | 32 60 - x 46 - = | 32:bale 60:bale -:bale x:bale 46:bale -:bale =:bale
EXPR: 0 | POS | INT | 37 | 14 | 74 | (60-32)=(x-46) | 60 32 - x 46 - = | 60:bale 32:bale -:bale x:bale 46:bale -:bale =:bale
EXPR: 0 | POS | INT | 37 | 14 | 138 | (32+60)=(x-46) | 32 60 + x 46 - = | 32:bale 60:bale +:bale x:bale 46:bale -:bale =:bale
EXPR: 0 | POS | INT | 37 | 14 | 46 | (32+60)=(x+46) | 32 60 + x 46 + = | 32:bale 60:bale +:bale x:bale 46:bale +:bale =:bale
EXPR: 0 | POS | INT | 37 | 14 | 46 | (32+60)=(46+x) | 32 60 + 46 x + = | 32:bale 60:bale +:bale 46:bale x:bale +:bale =:bale
NET 252 non-negative, integer-valued solutions found out of 408 total solutions
