parameters: n=7 l=3 k=1 p=5 q=1 m=9
TOTAL 408 solutions found
SOLN: CORRECT | POS/NEG | INT/FRA | OBJ-SCORE | TRUE-ANS | ANS | INFIX | POSTFIX | TYPED-POSTFIX
EXPR: 0 | POS | INT | 0 | 7 | 6 | x=(2-(5-9)) | x 2 5 9 - - = | x:seashell 2:seashell 5:seashell 9:seashell -:seashell -:seashell =:seashell
EXPR: 0 | POS | INT | 0 | 7 | 16 | x=(2+(5+9)) | x 2 5 9 + + = | x:seashell 2:seashell 5:seashell 9:seashell +:seashell +:seashell =:seashell
EXPR: 0 | POS | INT | 0 | 7 | 6 | x=((2-5)+9) | x 2 5 - 9 + = | x:seashell 2:seashell 5:seashell -:seashell 9:seashell +:seashell =:seashell
EXPR: 0 | POS | INT | 0 | 7 | 16 | x=((2+5)+9) | x 2 5 + 9 + = | x:seashell 2:seashell 5:seashell +:seashell 9:seashell +:seashell =:seashell
EXPR: 0 | POS | INT | 1 | 7 | 6 | x=(2-(5-9)) | x 2 5 9 - - = | x:seashell 2:seashell 5:seashell 9:seashell -:seashell -:seashell =:seashell
EXPR: 0 | POS | INT | 1 | 7 | 6 | x=((2-5)+9) | x 2 5 - 9 + = | x:seashell 2:seashell 5:seashell -:seashell 9:seashell +:seashell =:seashell
EXPR: 0 | POS | INT | 1 | 7 | 16 | x=(2+(5+9)) | x 2 5 9 + + = | x:seashell 2:seashell 5:seashell 9:seashell +:seashell +:seashell =:seashell
EXPR: 0 | POS | INT | 1 | 7 | 16 | x=((2+5)+9) | x 2 5 + 9 + = | x:seashell 2:seashell 5:seashell +:seashell 9:seashell +:seashell =:seashell
EXPR: 0 | POS | INT | 2 | 7 | 6 | ((x-2)+5)=9 | x 2 - 5 + 9 = | x:seashell 2:seashell -:seashell 5:seashell +:seashell 9:seashell =:seashell
EXPR: 0 | POS | INT | 2 | 7 | 12 | 2=(5-(x-9)) | 2 5 x 9 - - = | 2:seashell 5:seashell x:seashell 9:seashell -:seashell -:seashell =:seashell
EXPR: 0 | POS | INT | 2 | 7 | 6 | (x-(2-5))=9 | x 2 5 - - 9 = | x:seashell 2:seashell 5:seashell -:seashell -:seashell 9:seashell =:seashell
EXPR: 0 | POS | INT | 2 | 7 | 16 | (x-(2+5))=9 | x 2 5 + - 9 = | x:seashell 2:seashell 5:seashell +:seashell -:seashell 9:seashell =:seashell
EXPR: 0 | POS | INT | 2 | 7 | 12 | (x+(2-5))=9 | x 2 5 - + 9 = | x:seashell 2:seashell 5:seashell -:seashell +:seashell 9:seashell =:seashell
EXPR: 0 | POS | INT | 2 | 7 | 12 | (2-(5-x))=9 | 2 5 x - - 9 = | 2:seashell 5:seashell x:seashell -:seashell -:seashell 9:seashell =:seashell
EXPR: 0 | POS | INT | 2 | 7 | 12 | 2=(5+(9-x)) | 2 5 9 x - + = | 2:seashell 5:seashell 9:seashell x:seashell -:seashell +:seashell =:seashell
EXPR: 0 | POS | INT | 2 | 7 | 16 | ((x-2)-5)=9 | x 2 - 5 - 9 = | x:seashell 2:seashell -:seashell 5:seashell -:seashell 9:seashell =:seashell
EXPR: 0 | POS | INT | 2 | 7 | 2 | (2+(5+x))=9 | 2 5 x + + 9 = | 2:seashell 5:seashell x:seashell +:seashell +:seashell 9:seashell =:seashell
EXPR: 0 | POS | INT | 2 | 7 | 2 | (x+(2+5))=9 | x 2 5 + + 9 = | x:seashell 2:seashell 5:seashell +:seashell +:seashell 9:seashell =:seashell
EXPR: 0 | POS | INT | 2 | 7 | 6 | 2=((x+5)-9) | 2 x 5 + 9 - = | 2:seashell x:seashell 5:seashell +:seashell 9:seashell -:seashell =:seashell
EXPR: 0 | POS | INT | 2 | 7 | 16 | 2=((x-5)-9) | 2 x 5 - 9 - = | 2:seashell x:seashell 5:seashell -:seashell 9:seashell -:seashell =:seashell
EXPR: 0 | POS | INT | 2 | 7 | 6 | 2=(5-(9-x)) | 2 5 9 x - - = | 2:seashell 5:seashell 9:seashell x:seashell -:seashell -:seashell =:seashell
EXPR: 0 | POS | INT | 2 | 7 | 12 | ((2-5)+x)=9 | 2 5 - x + 9 = | 2:seashell 5:seashell -:seashell x:seashell +:seashell 9:seashell =:seashell
EXPR: 0 | POS | INT | 2 | 7 | 2 | ((2+5)+x)=9 | 2 5 + x + 9 = | 2:seashell 5:seashell +:seashell x:seashell +:seashell 9:seashell =:seashell
EXPR: 0 | POS | INT | 2 | 7 | 2 | ((2+x)+5)=9 | 2 x + 5 + 9 = | 2:seashell x:seashell +:seashell 5:seashell +:seashell 9:seashell =:seashell
EXPR: 0 | POS | INT | 2 | 7 | 12 | ((2+x)-5)=9 | 2 x + 5 - 9 = | 2:seashell x:seashell +:seashell 5:seashell -:seashell 9:seashell =:seashell
EXPR: 0 | POS | INT | 2 | 7 | 6 | 2=(x+(5-9)) | 2 x 5 9 - + = | 2:seashell x:seashell 5:seashell 9:seashell -:seashell +:seashell =:seashell
EXPR: 0 | POS | INT | 2 | 7 | 12 | (2+(x-5))=9 | 2 x 5 - + 9 = | 2:seashell x:seashell 5:seashell -:seashell +:seashell 9:seashell =:seashell
EXPR: 0 | POS | INT | 2 | 7 | 2 | (2+(x+5))=9 | 2 x 5 + + 9 = | 2:seashell x:seashell 5:seashell +:seashell +:seashell 9:seashell =:seashell
EXPR: 0 | POS | INT | 2 | 7 | 16 | 2=(x-(5+9)) | 2 x 5 9 + - = | 2:seashell x:seashell 5:seashell 9:seashell +:seashell -:seashell =:seashell
EXPR: 0 | POS | INT | 2 | 7 | 12 | 2=((5-x)+9) | 2 5 x - 9 + = | 2:seashell 5:seashell x:seashell -:seashell 9:seashell +:seashell =:seashell
EXPR: 0 | POS | INT | 2 | 7 | 6 | 2=(5+(x-9)) | 2 5 x 9 - + = | 2:seashell 5:seashell x:seashell 9:seashell -:seashell +:seashell =:seashell
EXPR: 0 | POS | INT | 2 | 7 | 12 | ((x+2)-5)=9 | x 2 + 5 - 9 = | x:seashell 2:seashell +:seashell 5:seashell -:seashell 9:seashell =:seashell
EXPR: 0 | POS | INT | 2 | 7 | 2 | ((x+2)+5)=9 | x 2 + 5 + 9 = | x:seashell 2:seashell +:seashell 5:seashell +:seashell 9:seashell =:seashell
EXPR: 0 | POS | INT | 2 | 7 | 6 | 2=((5+x)-9) | 2 5 x + 9 - = | 2:seashell 5:seashell x:seashell +:seashell 9:seashell -:seashell =:seashell
EXPR: 0 | POS | INT | 2 | 7 | 6 | 2=((5-9)+x) | 2 5 9 - x + = | 2:seashell 5:seashell 9:seashell -:seashell x:seashell +:seashell =:seashell
EXPR: 0 | POS | INT | 2 | 7 | 12 | 2=((5+9)-x) | 2 5 9 + x - = | 2:seashell 5:seashell 9:seashell +:seashell x:seashell -:seashell =:seashell
EXPR: 0 | POS | INT | 10 | 7 | 6 | x=((2+9)-5) | x 2 9 + 5 - = | x:seashell 2:seashell 9:seashell +:seashell 5:seashell -:seashell =:seashell
EXPR: 0 | POS | INT | 10 | 7 | 12 | x=((5-2)+9) | x 5 2 - 9 + = | x:seashell 5:seashell 2:seashell -:seashell 9:seashell +:seashell =:seashell
EXPR: 0 | POS | INT | 10 | 7 | 16 | x=((2+9)+5) | x 2 9 + 5 + = | x:seashell 2:seashell 9:seashell +:seashell 5:seashell +:seashell =:seashell
EXPR: 0 | POS | INT | 10 | 7 | 16 | x=(5+(2+9)) | x 5 2 9 + + = | x:seashell 5:seashell 2:seashell 9:seashell +:seashell +:seashell =:seashell
EXPR: 0 | POS | INT | 10 | 7 | 6 | x=(2+(9-5)) | x 2 9 5 - + = | x:seashell 2:seashell 9:seashell 5:seashell -:seashell +:seashell =:seashell
EXPR: 0 | POS | INT | 10 | 7 | 12 | x=(5-(2-9)) | x 5 2 9 - - = | x:seashell 5:seashell 2:seashell 9:seashell -:seashell -:seashell =:seashell
EXPR: 0 | POS | INT | 11 | 7 | 12 | x=(5-(2-9)) | x 5 2 9 - - = | x:seashell 5:seashell 2:seashell 9:seashell -:seashell -:seashell =:seashell
EXPR: 0 | POS | INT | 11 | 7 | 6 | x=((2+9)-5) | x 2 9 + 5 - = | x:seashell 2:seashell 9:seashell +:seashell 5:seashell -:seashell =:seashell
EXPR: 0 | POS | INT | 11 | 7 | 16 | x=((2+9)+5) | x 2 9 + 5 + = | x:seashell 2:seashell 9:seashell +:seashell 5:seashell +:seashell =:seashell
EXPR: 0 | POS | INT | 11 | 7 | 12 | x=((5-2)+9) | x 5 2 - 9 + = | x:seashell 5:seashell 2:seashell -:seashell 9:seashell +:seashell =:seashell
EXPR: 0 | POS | INT | 11 | 7 | 16 | x=(5+(2+9)) | x 5 2 9 + + = | x:seashell 5:seashell 2:seashell 9:seashell +:seashell +:seashell =:seashell
EXPR: 0 | POS | INT | 11 | 7 | 6 | x=(2+(9-5)) | x 2 9 5 - + = | x:seashell 2:seashell 9:seashell 5:seashell -:seashell +:seashell =:seashell
EXPR: 0 | POS | INT | 12 | 7 | 6 | 5=((2-x)+9) | 5 2 x - 9 + = | 5:seashell 2:seashell x:seashell -:seashell 9:seashell +:seashell =:seashell
EXPR: 0 | POS | INT | 12 | 7 | 12 | 5=((2+x)-9) | 5 2 x + 9 - = | 5:seashell 2:seashell x:seashell +:seashell 9:seashell -:seashell =:seashell
EXPR: 0 | POS | INT | 12 | 7 | 12 | ((x-5)+2)=9 | x 5 - 2 + 9 = | x:seashell 5:seashell -:seashell 2:seashell +:seashell 9:seashell =:seashell
EXPR: 0 | POS | INT | 12 | 7 | 6 | ((2-x)+9)=5 | 2 x - 9 + 5 = | 2:seashell x:seashell -:seashell 9:seashell +:seashell 5:seashell =:seashell
EXPR: 0 | POS | INT | 12 | 7 | 12 | 2=(9-(x-5)) | 2 9 x 5 - - = | 2:seashell 9:seashell x:seashell 5:seashell -:seashell -:seashell =:seashell
EXPR: 0 | POS | INT | 12 | 7 | 16 | (x-2)=(5+9) | x 2 - 5 9 + = | x:seashell 2:seashell -:seashell 5:seashell 9:seashell +:seashell =:seashell
EXPR: 0 | POS | INT | 12 | 7 | 6 | 5=(2-(x-9)) | 5 2 x 9 - - = | 5:seashell 2:seashell x:seashell 9:seashell -:seashell -:seashell =:seashell
EXPR: 0 | POS | INT | 12 | 7 | 12 | (x-(5-2))=9 | x 5 2 - - 9 = | x:seashell 5:seashell 2:seashell -:seashell -:seashell 9:seashell =:seashell
EXPR: 0 | POS | INT | 12 | 7 | 16 | ((x-5)-2)=9 | x 5 - 2 - 9 = | x:seashell 5:seashell -:seashell 2:seashell -:seashell 9:seashell =:seashell
EXPR: 0 | POS | INT | 12 | 7 | 16 | (x-(2+9))=5 | x 2 9 + - 5 = | x:seashell 2:seashell 9:seashell +:seashell -:seashell 5:seashell =:seashell
EXPR: 0 | POS | INT | 12 | 7 | 6 | (x+(5-2))=9 | x 5 2 - + 9 = | x:seashell 5:seashell 2:seashell -:seashell +:seashell 9:seashell =:seashell
EXPR: 0 | POS | INT | 12 | 7 | 12 | (x+(2-9))=5 | x 2 9 - + 5 = | x:seashell 2:seashell 9:seashell -:seashell +:seashell 5:seashell =:seashell
EXPR: 0 | POS | INT | 12 | 7 | 12 | (2-(9-x))=5 | 2 9 x - - 5 = | 2:seashell 9:seashell x:seashell -:seashell -:seashell 5:seashell =:seashell
EXPR: 0 | POS | INT | 12 | 7 | 6 | ((5+x)-2)=9 | 5 x + 2 - 9 = | 5:seashell x:seashell +:seashell 2:seashell -:seashell 9:seashell =:seashell
EXPR: 0 | POS | INT | 12 | 7 | 6 | (5-(2-x))=9 | 5 2 x - - 9 = | 5:seashell 2:seashell x:seashell -:seashell -:seashell 9:seashell =:seashell
EXPR: 0 | POS | INT | 12 | 7 | 16 | ((x-2)-9)=5 | x 2 - 9 - 5 = | x:seashell 2:seashell -:seashell 9:seashell -:seashell 5:seashell =:seashell
EXPR: 0 | POS | INT | 12 | 7 | 2 | 2=(9-(x+5)) | 2 9 x 5 + - = | 2:seashell 9:seashell x:seashell 5:seashell +:seashell -:seashell =:seashell
EXPR: 0 | POS | INT | 12 | 7 | 6 | (2-x)=(5-9) | 2 x - 5 9 - = | 2:seashell x:seashell -:seashell 5:seashell 9:seashell -:seashell =:seashell
EXPR: 0 | POS | INT | 12 | 7 | 12 | 5=((2-9)+x) | 5 2 9 - x + = | 5:seashell 2:seashell 9:seashell -:seashell x:seashell +:seashell =:seashell
EXPR: 0 | POS | INT | 12 | 7 | 2 | ((5+x)+2)=9 | 5 x + 2 + 9 = | 5:seashell x:seashell +:seashell 2:seashell +:seashell 9:seashell =:seashell
EXPR: 0 | POS | INT | 12 | 7 | 6 | 2=((x-9)+5) | 2 x 9 - 5 + = | 2:seashell x:seashell 9:seashell -:seashell 5:seashell +:seashell =:seashell
EXPR: 0 | POS | INT | 12 | 7 | 6 | 5=((2+9)-x) | 5 2 9 + x - = | 5:seashell 2:seashell 9:seashell +:seashell x:seashell -:seashell =:seashell
EXPR: 0 | POS | INT | 12 | 7 | 6 | (2-(x-9))=5 | 2 x 9 - - 5 = | 2:seashell x:seashell 9:seashell -:seashell -:seashell 5:seashell =:seashell
EXPR: 0 | POS | INT | 12 | 7 | 12 | 2=(9+(5-x)) | 2 9 5 x - + = | 2:seashell 9:seashell 5:seashell x:seashell -:seashell +:seashell =:seashell
EXPR: 0 | POS | INT | 12 | 7 | 12 | ((2-9)+x)=5 | 2 9 - x + 5 = | 2:seashell 9:seashell -:seashell x:seashell +:seashell 5:seashell =:seashell
EXPR: 0 | POS | INT | 12 | 7 | 6 | (2-5)=(x-9) | 2 5 - x 9 - = | 2:seashell 5:seashell -:seashell x:seashell 9:seashell -:seashell =:seashell
EXPR: 0 | POS | INT | 12 | 7 | 6 | 5=(2+(9-x)) | 5 2 9 x - + = | 5:seashell 2:seashell 9:seashell x:seashell -:seashell +:seashell =:seashell
EXPR: 0 | POS | INT | 12 | 7 | 12 | 5=(2-(9-x)) | 5 2 9 x - - = | 5:seashell 2:seashell 9:seashell x:seashell -:seashell -:seashell =:seashell
EXPR: 0 | POS | INT | 12 | 7 | 2 | 2=(9-(5+x)) | 2 9 5 x + - = | 2:seashell 9:seashell 5:seashell x:seashell +:seashell -:seashell =:seashell
EXPR: 0 | POS | INT | 12 | 7 | 12 | 5=((x+2)-9) | 5 x 2 + 9 - = | 5:seashell x:seashell 2:seashell +:seashell 9:seashell -:seashell =:seashell
EXPR: 0 | POS | INT | 12 | 7 | 12 | (2-5)=(9-x) | 2 5 - 9 x - = | 2:seashell 5:seashell -:seashell 9:seashell x:seashell -:seashell =:seashell
EXPR: 0 | POS | INT | 12 | 7 | 2 | (5+(2+x))=9 | 5 2 x + + 9 = | 5:seashell 2:seashell x:seashell +:seashell +:seashell 9:seashell =:seashell
EXPR: 0 | POS | INT | 12 | 7 | 6 | ((x+5)-2)=9 | x 5 + 2 - 9 = | x:seashell 5:seashell +:seashell 2:seashell -:seashell 9:seashell =:seashell
EXPR: 0 | POS | INT | 12 | 7 | 2 | (5+(x+2))=9 | 5 x 2 + + 9 = | 5:seashell x:seashell 2:seashell +:seashell +:seashell 9:seashell =:seashell
EXPR: 0 | POS | INT | 12 | 7 | 16 | 2=((x-9)-5) | 2 x 9 - 5 - = | 2:seashell x:seashell 9:seashell -:seashell 5:seashell -:seashell =:seashell
EXPR: 0 | POS | INT | 12 | 7 | 12 | (2+(x-9))=5 | 2 x 9 - + 5 = | 2:seashell x:seashell 9:seashell -:seashell +:seashell 5:seashell =:seashell
EXPR: 0 | POS | INT | 12 | 7 | 2 | ((x+5)+2)=9 | x 5 + 2 + 9 = | x:seashell 5:seashell +:seashell 2:seashell +:seashell 9:seashell =:seashell
EXPR: 0 | POS | INT | 12 | 7 | 12 | 2=((9-x)+5) | 2 9 x - 5 + = | 2:seashell 9:seashell x:seashell -:seashell 5:seashell +:seashell =:seashell
EXPR: 0 | POS | INT | 12 | 7 | 16 | 5=((x-2)-9) | 5 x 2 - 9 - = | 5:seashell x:seashell 2:seashell -:seashell 9:seashell -:seashell =:seashell
EXPR: 0 | POS | INT | 12 | 7 | 12 | 5=(x+(2-9)) | 5 x 2 9 - + = | 5:seashell x:seashell 2:seashell 9:seashell -:seashell +:seashell =:seashell
EXPR: 0 | POS | INT | 12 | 7 | 6 | ((5-2)+x)=9 | 5 2 - x + 9 = | 5:seashell 2:seashell -:seashell x:seashell +:seashell 9:seashell =:seashell
EXPR: 0 | POS | INT | 12 | 7 | 6 | 2=(x-(9-5)) | 2 x 9 5 - - = | 2:seashell x:seashell 9:seashell 5:seashell -:seashell -:seashell =:seashell
EXPR: 0 | POS | INT | 12 | 7 | 12 | 5=(2+(x-9)) | 5 2 x 9 - + = | 5:seashell 2:seashell x:seashell 9:seashell -:seashell +:seashell =:seashell
EXPR: 0 | POS | INT | 12 | 7 | 2 | 2=((9-x)-5) | 2 9 x - 5 - = | 2:seashell 9:seashell x:seashell -:seashell 5:seashell -:seashell =:seashell
EXPR: 0 | POS | INT | 12 | 7 | 12 | ((2+x)-9)=5 | 2 x + 9 - 5 = | 2:seashell x:seashell +:seashell 9:seashell -:seashell 5:seashell =:seashell
EXPR: 0 | POS | INT | 12 | 7 | 16 | 5=(x-(2+9)) | 5 x 2 9 + - = | 5:seashell x:seashell 2:seashell 9:seashell +:seashell -:seashell =:seashell
EXPR: 0 | POS | INT | 12 | 7 | 6 | (5+(x-2))=9 | 5 x 2 - + 9 = | 5:seashell x:seashell 2:seashell -:seashell +:seashell 9:seashell =:seashell
EXPR: 0 | POS | INT | 12 | 7 | 6 | (2+(9-x))=5 | 2 9 x - + 5 = | 2:seashell 9:seashell x:seashell -:seashell +:seashell 5:seashell =:seashell
EXPR: 0 | POS | INT | 12 | 7 | 6 | ((2+9)-x)=5 | 2 9 + x - 5 = | 2:seashell 9:seashell +:seashell x:seashell -:seashell 5:seashell =:seashell
EXPR: 0 | POS | INT | 12 | 7 | 12 | (2+x)=(5+9) | 2 x + 5 9 + = | 2:seashell x:seashell +:seashell 5:seashell 9:seashell +:seashell =:seashell
EXPR: 0 | POS | INT | 12 | 7 | 12 | ((x+2)-9)=5 | x 2 + 9 - 5 = | x:seashell 2:seashell +:seashell 9:seashell -:seashell 5:seashell =:seashell
EXPR: 0 | POS | INT | 12 | 7 | 12 | (x+2)=(5+9) | x 2 + 5 9 + = | x:seashell 2:seashell +:seashell 5:seashell 9:seashell +:seashell =:seashell
EXPR: 0 | POS | INT | 12 | 7 | 2 | 2=((9-5)-x) | 2 9 5 - x - = | 2:seashell 9:seashell 5:seashell -:seashell x:seashell -:seashell =:seashell
EXPR: 0 | POS | INT | 12 | 7 | 16 | (2+5)=(x-9) | 2 5 + x 9 - = | 2:seashell 5:seashell +:seashell x:seashell 9:seashell -:seashell =:seashell
EXPR: 0 | POS | INT | 12 | 7 | 2 | (2+5)=(9-x) | 2 5 + 9 x - = | 2:seashell 5:seashell +:seashell 9:seashell x:seashell -:seashell =:seashell
EXPR: 0 | POS | INT | 15 | 7 | 2 | x=((9-2)-5) | x 9 2 - 5 - = | x:seashell 9:seashell 2:seashell -:seashell 5:seashell -:seashell =:seashell
EXPR: 0 | POS | INT | 15 | 7 | 12 | x=((9-2)+5) | x 9 2 - 5 + = | x:seashell 9:seashell 2:seashell -:seashell 5:seashell +:seashell =:seashell
EXPR: 0 | POS | INT | 15 | 7 | 6 | x=(9+(2-5)) | x 9 2 5 - + = | x:seashell 9:seashell 2:seashell 5:seashell -:seashell +:seashell =:seashell
EXPR: 0 | POS | INT | 15 | 7 | 12 | x=(9-(2-5)) | x 9 2 5 - - = | x:seashell 9:seashell 2:seashell 5:seashell -:seashell -:seashell =:seashell
EXPR: 0 | POS | INT | 15 | 7 | 2 | x=(9-(2+5)) | x 9 2 5 + - = | x:seashell 9:seashell 2:seashell 5:seashell +:seashell -:seashell =:seashell
EXPR: 0 | POS | INT | 15 | 7 | 16 | x=(9+(2+5)) | x 9 2 5 + + = | x:seashell 9:seashell 2:seashell 5:seashell +:seashell +:seashell =:seashell
EXPR: 0 | POS | INT | 16 | 7 | 2 | x=((9-2)-5) | x 9 2 - 5 - = | x:seashell 9:seashell 2:seashell -:seashell 5:seashell -:seashell =:seashell
EXPR: 0 | POS | INT | 16 | 7 | 12 | x=((9-2)+5) | x 9 2 - 5 + = | x:seashell 9:seashell 2:seashell -:seashell 5:seashell +:seashell =:seashell
EXPR: 0 | POS | INT | 16 | 7 | 6 | x=(9+(2-5)) | x 9 2 5 - + = | x:seashell 9:seashell 2:seashell 5:seashell -:seashell +:seashell =:seashell
EXPR: 0 | POS | INT | 16 | 7 | 12 | x=(9-(2-5)) | x 9 2 5 - - = | x:seashell 9:seashell 2:seashell 5:seashell -:seashell -:seashell =:seashell
EXPR: 0 | POS | INT | 16 | 7 | 2 | x=(9-(2+5)) | x 9 2 5 + - = | x:seashell 9:seashell 2:seashell 5:seashell +:seashell -:seashell =:seashell
EXPR: 0 | POS | INT | 16 | 7 | 16 | x=(9+(2+5)) | x 9 2 5 + + = | x:seashell 9:seashell 2:seashell 5:seashell +:seashell +:seashell =:seashell
EXPR: 0 | POS | INT | 17 | 7 | 6 | (9-(x-2))=5 | 9 x 2 - - 5 = | 9:seashell x:seashell 2:seashell -:seashell -:seashell 5:seashell =:seashell
EXPR: 0 | POS | INT | 17 | 7 | 12 | ((x-9)+2)=5 | x 9 - 2 + 5 = | x:seashell 9:seashell -:seashell 2:seashell +:seashell 5:seashell =:seashell
EXPR: 0 | POS | INT | 17 | 7 | 12 | (x-(9-2))=5 | x 9 2 - - 5 = | x:seashell 9:seashell 2:seashell -:seashell -:seashell 5:seashell =:seashell
EXPR: 0 | POS | INT | 17 | 7 | 6 | (9+(2-x))=5 | 9 2 x - + 5 = | 9:seashell 2:seashell x:seashell -:seashell +:seashell 5:seashell =:seashell
EXPR: 0 | POS | INT | 17 | 7 | 12 | 9=(2-(5-x)) | 9 2 5 x - - = | 9:seashell 2:seashell 5:seashell x:seashell -:seashell -:seashell =:seashell
EXPR: 0 | POS | INT | 17 | 7 | 2 | (9-(2+x))=5 | 9 2 x + - 5 = | 9:seashell 2:seashell x:seashell +:seashell -:seashell 5:seashell =:seashell
EXPR: 0 | POS | INT | 17 | 7 | 2 | ((9-x)-2)=5 | 9 x - 2 - 5 = | 9:seashell x:seashell -:seashell 2:seashell -:seashell 5:seashell =:seashell
EXPR: 0 | POS | INT | 17 | 7 | 12 | 9=((2+x)-5) | 9 2 x + 5 - = | 9:seashell 2:seashell x:seashell +:seashell 5:seashell -:seashell =:seashell
EXPR: 0 | POS | INT | 17 | 7 | 2 | 9=(2+(5+x)) | 9 2 5 x + + = | 9:seashell 2:seashell 5:seashell x:seashell +:seashell +:seashell =:seashell
EXPR: 0 | POS | INT | 17 | 7 | 16 | ((x-9)-2)=5 | x 9 - 2 - 5 = | x:seashell 9:seashell -:seashell 2:seashell -:seashell 5:seashell =:seashell
EXPR: 0 | POS | INT | 17 | 7 | 2 | (9-(x+2))=5 | 9 x 2 + - 5 = | 9:seashell x:seashell 2:seashell +:seashell -:seashell 5:seashell =:seashell
EXPR: 0 | POS | INT | 17 | 7 | 6 | 9=((x-2)+5) | 9 x 2 - 5 + = | 9:seashell x:seashell 2:seashell -:seashell 5:seashell +:seashell =:seashell
EXPR: 0 | POS | INT | 17 | 7 | 16 | 9=((x-2)-5) | 9 x 2 - 5 - = | 9:seashell x:seashell 2:seashell -:seashell 5:seashell -:seashell =:seashell
EXPR: 0 | POS | INT | 17 | 7 | 2 | ((9-2)-x)=5 | 9 2 - x - 5 = | 9:seashell 2:seashell -:seashell x:seashell -:seashell 5:seashell =:seashell
EXPR: 0 | POS | INT | 17 | 7 | 6 | ((9-x)+2)=5 | 9 x - 2 + 5 = | 9:seashell x:seashell -:seashell 2:seashell +:seashell 5:seashell =:seashell
EXPR: 0 | POS | INT | 17 | 7 | 2 | 9=((2+x)+5) | 9 2 x + 5 + = | 9:seashell 2:seashell x:seashell +:seashell 5:seashell +:seashell =:seashell
EXPR: 0 | POS | INT | 17 | 7 | 12 | 9=((x+2)-5) | 9 x 2 + 5 - = | 9:seashell x:seashell 2:seashell +:seashell 5:seashell -:seashell =:seashell
EXPR: 0 | POS | INT | 17 | 7 | 12 | 9=(2+(x-5)) | 9 2 x 5 - + = | 9:seashell 2:seashell x:seashell 5:seashell -:seashell +:seashell =:seashell
EXPR: 0 | POS | INT | 17 | 7 | 16 | 9=(x-(2+5)) | 9 x 2 5 + - = | 9:seashell x:seashell 2:seashell 5:seashell +:seashell -:seashell =:seashell
EXPR: 0 | POS | INT | 17 | 7 | 2 | 9=((x+2)+5) | 9 x 2 + 5 + = | 9:seashell x:seashell 2:seashell +:seashell 5:seashell +:seashell =:seashell
EXPR: 0 | POS | INT | 17 | 7 | 2 | 9=(2+(x+5)) | 9 2 x 5 + + = | 9:seashell 2:seashell x:seashell 5:seashell +:seashell +:seashell =:seashell
EXPR: 0 | POS | INT | 17 | 7 | 12 | 9=((2-5)+x) | 9 2 5 - x + = | 9:seashell 2:seashell 5:seashell -:seashell x:seashell +:seashell =:seashell
EXPR: 0 | POS | INT | 17 | 7 | 2 | 9=(x+(2+5)) | 9 x 2 5 + + = | 9:seashell x:seashell 2:seashell 5:seashell +:seashell +:seashell =:seashell
EXPR: 0 | POS | INT | 17 | 7 | 12 | 9=(x+(2-5)) | 9 x 2 5 - + = | 9:seashell x:seashell 2:seashell 5:seashell -:seashell +:seashell =:seashell
EXPR: 0 | POS | INT | 17 | 7 | 6 | 9=(x-(2-5)) | 9 x 2 5 - - = | 9:seashell x:seashell 2:seashell 5:seashell -:seashell -:seashell =:seashell
EXPR: 0 | POS | INT | 17 | 7 | 2 | 9=((2+5)+x) | 9 2 5 + x + = | 9:seashell 2:seashell 5:seashell +:seashell x:seashell +:seashell =:seashell
EXPR: 0 | POS | INT | 22 | 7 | 12 | (2-9)=(5-x) | 2 9 - 5 x - = | 2:seashell 9:seashell -:seashell 5:seashell x:seashell -:seashell =:seashell
EXPR: 0 | POS | INT | 22 | 7 | 6 | (x+5)=(2+9) | x 5 + 2 9 + = | x:seashell 5:seashell +:seashell 2:seashell 9:seashell +:seashell =:seashell
EXPR: 0 | POS | INT | 22 | 7 | 2 | (x+2)=(9-5) | x 2 + 9 5 - = | x:seashell 2:seashell +:seashell 9:seashell 5:seashell -:seashell =:seashell
EXPR: 0 | POS | INT | 22 | 7 | 6 | (x-2)=(9-5) | x 2 - 9 5 - = | x:seashell 2:seashell -:seashell 9:seashell 5:seashell -:seashell =:seashell
EXPR: 0 | POS | INT | 22 | 7 | 16 | (x-5)=(2+9) | x 5 - 2 9 + = | x:seashell 5:seashell -:seashell 2:seashell 9:seashell +:seashell =:seashell
EXPR: 0 | POS | INT | 22 | 7 | 12 | (5-x)=(2-9) | 5 x - 2 9 - = | 5:seashell x:seashell -:seashell 2:seashell 9:seashell -:seashell =:seashell
EXPR: 0 | POS | INT | 22 | 7 | 6 | (5-2)=(9-x) | 5 2 - 9 x - = | 5:seashell 2:seashell -:seashell 9:seashell x:seashell -:seashell =:seashell
EXPR: 0 | POS | INT | 22 | 7 | 12 | (5-2)=(x-9) | 5 2 - x 9 - = | 5:seashell 2:seashell -:seashell x:seashell 9:seashell -:seashell =:seashell
EXPR: 0 | POS | INT | 22 | 7 | 2 | (2+x)=(9-5) | 2 x + 9 5 - = | 2:seashell x:seashell +:seashell 9:seashell 5:seashell -:seashell =:seashell
EXPR: 0 | POS | INT | 22 | 7 | 6 | (5+x)=(2+9) | 5 x + 2 9 + = | 5:seashell x:seashell +:seashell 2:seashell 9:seashell +:seashell =:seashell
EXPR: 0 | POS | INT | 22 | 7 | 16 | (2+9)=(x-5) | 2 9 + x 5 - = | 2:seashell 9:seashell +:seashell x:seashell 5:seashell -:seashell =:seashell
EXPR: 0 | POS | INT | 22 | 7 | 6 | (2+9)=(x+5) | 2 9 + x 5 + = | 2:seashell 9:seashell +:seashell x:seashell 5:seashell +:seashell =:seashell
EXPR: 0 | POS | INT | 22 | 7 | 6 | (2+9)=(5+x) | 2 9 + 5 x + = | 2:seashell 9:seashell +:seashell 5:seashell x:seashell +:seashell =:seashell
EXPR: 0 | POS | INT | 25 | 7 | 12 | x=((5+9)-2) | x 5 9 + 2 - = | x:seashell 5:seashell 9:seashell +:seashell 2:seashell -:seashell =:seashell
EXPR: 0 | POS | INT | 25 | 7 | 2 | x=((9-5)-2) | x 9 5 - 2 - = | x:seashell 9:seashell 5:seashell -:seashell 2:seashell -:seashell =:seashell
EXPR: 0 | POS | INT | 25 | 7 | 16 | x=((5+9)+2) | x 5 9 + 2 + = | x:seashell 5:seashell 9:seashell +:seashell 2:seashell +:seashell =:seashell
EXPR: 0 | POS | INT | 25 | 7 | 6 | x=((9-5)+2) | x 9 5 - 2 + = | x:seashell 9:seashell 5:seashell -:seashell 2:seashell +:seashell =:seashell
EXPR: 0 | POS | INT | 25 | 7 | 12 | x=(5+(9-2)) | x 5 9 2 - + = | x:seashell 5:seashell 9:seashell 2:seashell -:seashell +:seashell =:seashell
EXPR: 0 | POS | INT | 25 | 7 | 12 | x=(9+(5-2)) | x 9 5 2 - + = | x:seashell 9:seashell 5:seashell 2:seashell -:seashell +:seashell =:seashell
EXPR: 0 | POS | INT | 25 | 7 | 6 | x=(9-(5-2)) | x 9 5 2 - - = | x:seashell 9:seashell 5:seashell 2:seashell -:seashell -:seashell =:seashell
EXPR: 0 | POS | INT | 26 | 7 | 6 | x=((9-5)+2) | x 9 5 - 2 + = | x:seashell 9:seashell 5:seashell -:seashell 2:seashell +:seashell =:seashell
EXPR: 0 | POS | INT | 26 | 7 | 2 | x=((9-5)-2) | x 9 5 - 2 - = | x:seashell 9:seashell 5:seashell -:seashell 2:seashell -:seashell =:seashell
EXPR: 0 | POS | INT | 26 | 7 | 16 | x=((5+9)+2) | x 5 9 + 2 + = | x:seashell 5:seashell 9:seashell +:seashell 2:seashell +:seashell =:seashell
EXPR: 0 | POS | INT | 26 | 7 | 12 | x=(5+(9-2)) | x 5 9 2 - + = | x:seashell 5:seashell 9:seashell 2:seashell -:seashell +:seashell =:seashell
EXPR: 0 | POS | INT | 26 | 7 | 12 | x=((5+9)-2) | x 5 9 + 2 - = | x:seashell 5:seashell 9:seashell +:seashell 2:seashell -:seashell =:seashell
EXPR: 0 | POS | INT | 26 | 7 | 12 | x=(9+(5-2)) | x 9 5 2 - + = | x:seashell 9:seashell 5:seashell 2:seashell -:seashell +:seashell =:seashell
EXPR: 0 | POS | INT | 26 | 7 | 6 | x=(9-(5-2)) | x 9 5 2 - - = | x:seashell 9:seashell 5:seashell 2:seashell -:seashell -:seashell =:seashell
EXPR: 0 | POS | INT | 27 | 7 | 2 | ((9-x)-5)=2 | 9 x - 5 - 2 = | 9:seashell x:seashell -:seashell 5:seashell -:seashell 2:seashell =:seashell
EXPR: 0 | POS | INT | 27 | 7 | 12 | ((5-x)+9)=2 | 5 x - 9 + 2 = | 5:seashell x:seashell -:seashell 9:seashell +:seashell 2:seashell =:seashell
EXPR: 0 | POS | INT | 27 | 7 | 16 | (x-9)=(2+5) | x 9 - 2 5 + = | x:seashell 9:seashell -:seashell 2:seashell 5:seashell +:seashell =:seashell
EXPR: 0 | POS | INT | 27 | 7 | 12 | ((9-x)+5)=2 | 9 x - 5 + 2 = | 9:seashell x:seashell -:seashell 5:seashell +:seashell 2:seashell =:seashell
EXPR: 0 | POS | INT | 27 | 7 | 6 | ((x-9)+5)=2 | x 9 - 5 + 2 = | x:seashell 9:seashell -:seashell 5:seashell +:seashell 2:seashell =:seashell
EXPR: 0 | POS | INT | 27 | 7 | 2 | 9=(5+(x+2)) | 9 5 x 2 + + = | 9:seashell 5:seashell x:seashell 2:seashell +:seashell +:seashell =:seashell
EXPR: 0 | POS | INT | 27 | 7 | 12 | (9-(x-5))=2 | 9 x 5 - - 2 = | 9:seashell x:seashell 5:seashell -:seashell -:seashell 2:seashell =:seashell
EXPR: 0 | POS | INT | 27 | 7 | 16 | (x-(5+9))=2 | x 5 9 + - 2 = | x:seashell 5:seashell 9:seashell +:seashell -:seashell 2:seashell =:seashell
EXPR: 0 | POS | INT | 27 | 7 | 2 | (9-2)=(5+x) | 9 2 - 5 x + = | 9:seashell 2:seashell -:seashell 5:seashell x:seashell +:seashell =:seashell
EXPR: 0 | POS | INT | 27 | 7 | 6 | (x-(9-5))=2 | x 9 5 - - 2 = | x:seashell 9:seashell 5:seashell -:seashell -:seashell 2:seashell =:seashell
EXPR: 0 | POS | INT | 27 | 7 | 6 | (x+(5-9))=2 | x 5 9 - + 2 = | x:seashell 5:seashell 9:seashell -:seashell +:seashell 2:seashell =:seashell
EXPR: 0 | POS | INT | 27 | 7 | 12 | (9+(5-x))=2 | 9 5 x - + 2 = | 9:seashell 5:seashell x:seashell -:seashell +:seashell 2:seashell =:seashell
EXPR: 0 | POS | INT | 27 | 7 | 6 | (x-9)=(2-5) | x 9 - 2 5 - = | x:seashell 9:seashell -:seashell 2:seashell 5:seashell -:seashell =:seashell
EXPR: 0 | POS | INT | 27 | 7 | 16 | ((x-9)-5)=2 | x 9 - 5 - 2 = | x:seashell 9:seashell -:seashell 5:seashell -:seashell 2:seashell =:seashell
EXPR: 0 | POS | INT | 27 | 7 | 16 | ((x-5)-9)=2 | x 5 - 9 - 2 = | x:seashell 5:seashell -:seashell 9:seashell -:seashell 2:seashell =:seashell
EXPR: 0 | POS | INT | 27 | 7 | 6 | 9=((5+x)-2) | 9 5 x + 2 - = | 9:seashell 5:seashell x:seashell +:seashell 2:seashell -:seashell =:seashell
EXPR: 0 | POS | INT | 27 | 7 | 2 | (9-x)=(2+5) | 9 x - 2 5 + = | 9:seashell x:seashell -:seashell 2:seashell 5:seashell +:seashell =:seashell
EXPR: 0 | POS | INT | 27 | 7 | 2 | 9=((5+x)+2) | 9 5 x + 2 + = | 9:seashell 5:seashell x:seashell +:seashell 2:seashell +:seashell =:seashell
EXPR: 0 | POS | INT | 27 | 7 | 2 | 5=(9-(x+2)) | 5 9 x 2 + - = | 5:seashell 9:seashell x:seashell 2:seashell +:seashell -:seashell =:seashell
EXPR: 0 | POS | INT | 27 | 7 | 16 | 5=((x-9)-2) | 5 x 9 - 2 - = | 5:seashell x:seashell 9:seashell -:seashell 2:seashell -:seashell =:seashell
EXPR: 0 | POS | INT | 27 | 7 | 12 | (5-(x-9))=2 | 5 x 9 - - 2 = | 5:seashell x:seashell 9:seashell -:seashell -:seashell 2:seashell =:seashell
EXPR: 0 | POS | INT | 27 | 7 | 2 | (9-(x+5))=2 | 9 x 5 + - 2 = | 9:seashell x:seashell 5:seashell +:seashell -:seashell 2:seashell =:seashell
EXPR: 0 | POS | INT | 27 | 7 | 12 | 9=((x-5)+2) | 9 x 5 - 2 + = | 9:seashell x:seashell 5:seashell -:seashell 2:seashell +:seashell =:seashell
EXPR: 0 | POS | INT | 27 | 7 | 6 | 9=(5-(2-x)) | 9 5 2 x - - = | 9:seashell 5:seashell 2:seashell x:seashell -:seashell -:seashell =:seashell
EXPR: 0 | POS | INT | 27 | 7 | 16 | 9=((x-5)-2) | 9 x 5 - 2 - = | 9:seashell x:seashell 5:seashell -:seashell 2:seashell -:seashell =:seashell
EXPR: 0 | POS | INT | 27 | 7 | 2 | (9-2)=(x+5) | 9 2 - x 5 + = | 9:seashell 2:seashell -:seashell x:seashell 5:seashell +:seashell =:seashell
EXPR: 0 | POS | INT | 27 | 7 | 12 | (5+(9-x))=2 | 5 9 x - + 2 = | 5:seashell 9:seashell x:seashell -:seashell +:seashell 2:seashell =:seashell
EXPR: 0 | POS | INT | 27 | 7 | 12 | 5=((x-9)+2) | 5 x 9 - 2 + = | 5:seashell x:seashell 9:seashell -:seashell 2:seashell +:seashell =:seashell
EXPR: 0 | POS | INT | 27 | 7 | 2 | ((9-5)-x)=2 | 9 5 - x - 2 = | 9:seashell 5:seashell -:seashell x:seashell -:seashell 2:seashell =:seashell
EXPR: 0 | POS | INT | 27 | 7 | 12 | (9-2)=(x-5) | 9 2 - x 5 - = | 9:seashell 2:seashell -:seashell x:seashell 5:seashell -:seashell =:seashell
EXPR: 0 | POS | INT | 27 | 7 | 2 | 9=(5+(2+x)) | 9 5 2 x + + = | 9:seashell 5:seashell 2:seashell x:seashell +:seashell +:seashell =:seashell
EXPR: 0 | POS | INT | 27 | 7 | 6 | 9=((x+5)-2) | 9 x 5 + 2 - = | 9:seashell x:seashell 5:seashell +:seashell 2:seashell -:seashell =:seashell
EXPR: 0 | POS | INT | 27 | 7 | 6 | 9=(5+(x-2)) | 9 5 x 2 - + = | 9:seashell 5:seashell x:seashell 2:seashell -:seashell +:seashell =:seashell
EXPR: 0 | POS | INT | 27 | 7 | 12 | (9-x)=(2-5) | 9 x - 2 5 - = | 9:seashell x:seashell -:seashell 2:seashell 5:seashell -:seashell =:seashell
EXPR: 0 | POS | INT | 27 | 7 | 2 | 5=(9-(2+x)) | 5 9 2 x + - = | 5:seashell 9:seashell 2:seashell x:seashell +:seashell -:seashell =:seashell
EXPR: 0 | POS | INT | 27 | 7 | 2 | (9-(5+x))=2 | 9 5 x + - 2 = | 9:seashell 5:seashell x:seashell +:seashell -:seashell 2:seashell =:seashell
EXPR: 0 | POS | INT | 27 | 7 | 6 | (5-(9-x))=2 | 5 9 x - - 2 = | 5:seashell 9:seashell x:seashell -:seashell -:seashell 2:seashell =:seashell
EXPR: 0 | POS | INT | 27 | 7 | 6 | 5=(9-(x-2)) | 5 9 x 2 - - = | 5:seashell 9:seashell x:seashell 2:seashell -:seashell -:seashell =:seashell
EXPR: 0 | POS | INT | 27 | 7 | 6 | 5=(9+(2-x)) | 5 9 2 x - + = | 5:seashell 9:seashell 2:seashell x:seashell -:seashell +:seashell =:seashell
EXPR: 0 | POS | INT | 27 | 7 | 12 | 5=(x-(9-2)) | 5 x 9 2 - - = | 5:seashell x:seashell 9:seashell 2:seashell -:seashell -:seashell =:seashell
EXPR: 0 | POS | INT | 27 | 7 | 2 | 9=((x+5)+2) | 9 x 5 + 2 + = | 9:seashell x:seashell 5:seashell +:seashell 2:seashell +:seashell =:seashell
EXPR: 0 | POS | INT | 27 | 7 | 6 | ((5+x)-9)=2 | 5 x + 9 - 2 = | 5:seashell x:seashell +:seashell 9:seashell -:seashell 2:seashell =:seashell
EXPR: 0 | POS | INT | 27 | 7 | 6 | 5=((9-x)+2) | 5 9 x - 2 + = | 5:seashell 9:seashell x:seashell -:seashell 2:seashell +:seashell =:seashell
EXPR: 0 | POS | INT | 27 | 7 | 6 | 9=(x+(5-2)) | 9 x 5 2 - + = | 9:seashell x:seashell 5:seashell 2:seashell -:seashell +:seashell =:seashell
EXPR: 0 | POS | INT | 27 | 7 | 12 | ((5+9)-x)=2 | 5 9 + x - 2 = | 5:seashell 9:seashell +:seashell x:seashell -:seashell 2:seashell =:seashell
EXPR: 0 | POS | INT | 27 | 7 | 6 | (5+(x-9))=2 | 5 x 9 - + 2 = | 5:seashell x:seashell 9:seashell -:seashell +:seashell 2:seashell =:seashell
EXPR: 0 | POS | INT | 27 | 7 | 6 | ((x+5)-9)=2 | x 5 + 9 - 2 = | x:seashell 5:seashell +:seashell 9:seashell -:seashell 2:seashell =:seashell
EXPR: 0 | POS | INT | 27 | 7 | 6 | 9=((5-2)+x) | 9 5 2 - x + = | 9:seashell 5:seashell 2:seashell -:seashell x:seashell +:seashell =:seashell
EXPR: 0 | POS | INT | 27 | 7 | 12 | 9=(x-(5-2)) | 9 x 5 2 - - = | 9:seashell x:seashell 5:seashell 2:seashell -:seashell -:seashell =:seashell
EXPR: 0 | POS | INT | 27 | 7 | 6 | ((5-9)+x)=2 | 5 9 - x + 2 = | 5:seashell 9:seashell -:seashell x:seashell +:seashell 2:seashell =:seashell
EXPR: 0 | POS | INT | 27 | 7 | 2 | 5=((9-x)-2) | 5 9 x - 2 - = | 5:seashell 9:seashell x:seashell -:seashell 2:seashell -:seashell =:seashell
EXPR: 0 | POS | INT | 27 | 7 | 2 | 5=((9-2)-x) | 5 9 2 - x - = | 5:seashell 9:seashell 2:seashell -:seashell x:seashell -:seashell =:seashell
EXPR: 0 | POS | INT | 37 | 7 | 12 | (x-9)=(5-2) | x 9 - 5 2 - = | x:seashell 9:seashell -:seashell 5:seashell 2:seashell -:seashell =:seashell
EXPR: 0 | POS | INT | 37 | 7 | 2 | (x+5)=(9-2) | x 5 + 9 2 - = | x:seashell 5:seashell +:seashell 9:seashell 2:seashell -:seashell =:seashell
EXPR: 0 | POS | INT | 37 | 7 | 6 | (9-x)=(5-2) | 9 x - 5 2 - = | 9:seashell x:seashell -:seashell 5:seashell 2:seashell -:seashell =:seashell
EXPR: 0 | POS | INT | 37 | 7 | 2 | (9-5)=(2+x) | 9 5 - 2 x + = | 9:seashell 5:seashell -:seashell 2:seashell x:seashell +:seashell =:seashell
EXPR: 0 | POS | INT | 37 | 7 | 6 | (5-9)=(2-x) | 5 9 - 2 x - = | 5:seashell 9:seashell -:seashell 2:seashell x:seashell -:seashell =:seashell
EXPR: 0 | POS | INT | 37 | 7 | 2 | (9-5)=(x+2) | 9 5 - x 2 + = | 9:seashell 5:seashell -:seashell x:seashell 2:seashell +:seashell =:seashell
EXPR: 0 | POS | INT | 37 | 7 | 12 | (x-5)=(9-2) | x 5 - 9 2 - = | x:seashell 5:seashell -:seashell 9:seashell 2:seashell -:seashell =:seashell
EXPR: 0 | POS | INT | 37 | 7 | 6 | (9-5)=(x-2) | 9 5 - x 2 - = | 9:seashell 5:seashell -:seashell x:seashell 2:seashell -:seashell =:seashell
EXPR: 0 | POS | INT | 37 | 7 | 2 | (5+x)=(9-2) | 5 x + 9 2 - = | 5:seashell x:seashell +:seashell 9:seashell 2:seashell -:seashell =:seashell
EXPR: 0 | POS | INT | 37 | 7 | 16 | (5+9)=(x-2) | 5 9 + x 2 - = | 5:seashell 9:seashell +:seashell x:seashell 2:seashell -:seashell =:seashell
EXPR: 0 | POS | INT | 37 | 7 | 12 | (5+9)=(x+2) | 5 9 + x 2 + = | 5:seashell 9:seashell +:seashell x:seashell 2:seashell +:seashell =:seashell
EXPR: 0 | POS | INT | 37 | 7 | 12 | (5+9)=(2+x) | 5 9 + 2 x + = | 5:seashell 9:seashell +:seashell 2:seashell x:seashell +:seashell =:seashell
NET 232 non-negative, integer-valued solutions found out of 408 total solutions
