parameters: n=9 l=4 k=1 p=5 q=1 m=10
TOTAL 1000 solutions found
SOLN: CORRECT | POS/NEG | INT/FRA | OBJ-SCORE | TRUE-ANS | ANS | INFIX | POSTFIX | TYPED-POSTFIX
EXPR: 0 | POS | FRA | 0 | 18 | 15.6 | x=(1.6+(7+(9-2))) | x 1.6 7 9 2 - + + = | x:nickel 1.6:nickel 7:nickel 9:nickel 2:nickel -:nickel +:nickel +:nickel =:nickel
EXPR: 0 | POS | FRA | 0 | 18 | 19.6 | x=(1.6+(7+(9+2))) | x 1.6 7 9 2 + + + = | x:nickel 1.6:nickel 7:nickel 9:nickel 2:nickel +:nickel +:nickel +:nickel =:nickel
EXPR: 0 | POS | FRA | 0 | 18 | 1.6 | x=(1.6+(7-(9-2))) | x 1.6 7 9 2 - - + = | x:nickel 1.6:nickel 7:nickel 9:nickel 2:nickel -:nickel -:nickel +:nickel =:nickel
EXPR: 0 | POS | FRA | 0 | 18 | 5.6 | x=(1.6-(7-(9+2))) | x 1.6 7 9 2 + - - = | x:nickel 1.6:nickel 7:nickel 9:nickel 2:nickel +:nickel -:nickel -:nickel =:nickel
EXPR: 0 | POS | FRA | 0 | 18 | 1.6 | x=(1.6-(7-(9-2))) | x 1.6 7 9 2 - - - = | x:nickel 1.6:nickel 7:nickel 9:nickel 2:nickel -:nickel -:nickel -:nickel =:nickel
EXPR: 0 | POS | FRA | 0 | 18 | 5.6 | x=((1.6-(7-9))+2) | x 1.6 7 9 - - 2 + = | x:nickel 1.6:nickel 7:nickel 9:nickel -:nickel -:nickel 2:nickel +:nickel =:nickel
EXPR: 0 | POS | FRA | 0 | 18 | 1.6 | x=((1.6-(7-9))-2) | x 1.6 7 9 - - 2 - = | x:nickel 1.6:nickel 7:nickel 9:nickel -:nickel -:nickel 2:nickel -:nickel =:nickel
EXPR: 0 | POS | FRA | 0 | 18 | 1.6 | x=((1.6+(7-9))+2) | x 1.6 7 9 - + 2 + = | x:nickel 1.6:nickel 7:nickel 9:nickel -:nickel +:nickel 2:nickel +:nickel =:nickel
EXPR: 0 | POS | FRA | 0 | 18 | 15.6 | x=((1.6+(7+9))-2) | x 1.6 7 9 + + 2 - = | x:nickel 1.6:nickel 7:nickel 9:nickel +:nickel +:nickel 2:nickel -:nickel =:nickel
EXPR: 0 | POS | FRA | 0 | 18 | 19.6 | x=((1.6+(7+9))+2) | x 1.6 7 9 + + 2 + = | x:nickel 1.6:nickel 7:nickel 9:nickel +:nickel +:nickel 2:nickel +:nickel =:nickel
EXPR: 0 | POS | FRA | 0 | 18 | 5.6 | x=((1.6-7)+(9+2)) | x 1.6 7 - 9 2 + + = | x:nickel 1.6:nickel 7:nickel -:nickel 9:nickel 2:nickel +:nickel +:nickel =:nickel
EXPR: 0 | POS | FRA | 0 | 18 | 1.6 | x=(((1.6+7)-9)+2) | x 1.6 7 + 9 - 2 + = | x:nickel 1.6:nickel 7:nickel +:nickel 9:nickel -:nickel 2:nickel +:nickel =:nickel
EXPR: 0 | POS | FRA | 0 | 18 | 1.6 | x=(((1.6-7)+9)-2) | x 1.6 7 - 9 + 2 - = | x:nickel 1.6:nickel 7:nickel -:nickel 9:nickel +:nickel 2:nickel -:nickel =:nickel
EXPR: 0 | POS | FRA | 0 | 18 | 15.6 | x=(((1.6+7)+9)-2) | x 1.6 7 + 9 + 2 - = | x:nickel 1.6:nickel 7:nickel +:nickel 9:nickel +:nickel 2:nickel -:nickel =:nickel
EXPR: 0 | POS | FRA | 0 | 18 | 1.6 | x=((1.6-7)+(9-2)) | x 1.6 7 - 9 2 - + = | x:nickel 1.6:nickel 7:nickel -:nickel 9:nickel 2:nickel -:nickel +:nickel =:nickel
EXPR: 0 | POS | FRA | 0 | 18 | 5.6 | x=(((1.6-7)+9)+2) | x 1.6 7 - 9 + 2 + = | x:nickel 1.6:nickel 7:nickel -:nickel 9:nickel +:nickel 2:nickel +:nickel =:nickel
EXPR: 0 | POS | FRA | 0 | 18 | 19.6 | x=(1.6+((7+9)+2)) | x 1.6 7 9 + 2 + + = | x:nickel 1.6:nickel 7:nickel 9:nickel +:nickel 2:nickel +:nickel +:nickel =:nickel
EXPR: 0 | POS | FRA | 0 | 18 | 5.6 | x=(1.6-((7-9)-2)) | x 1.6 7 9 - 2 - - = | x:nickel 1.6:nickel 7:nickel 9:nickel -:nickel 2:nickel -:nickel -:nickel =:nickel
EXPR: 0 | POS | FRA | 0 | 18 | 1.6 | x=(1.6+((7-9)+2)) | x 1.6 7 9 - 2 + + = | x:nickel 1.6:nickel 7:nickel 9:nickel -:nickel 2:nickel +:nickel +:nickel =:nickel
EXPR: 0 | POS | FRA | 0 | 18 | 15.6 | x=(1.6+((7+9)-2)) | x 1.6 7 9 + 2 - + = | x:nickel 1.6:nickel 7:nickel 9:nickel +:nickel 2:nickel -:nickel +:nickel =:nickel
EXPR: 0 | POS | FRA | 0 | 18 | 19.6 | x=(((1.6+7)+9)+2) | x 1.6 7 + 9 + 2 + = | x:nickel 1.6:nickel 7:nickel +:nickel 9:nickel +:nickel 2:nickel +:nickel =:nickel
EXPR: 0 | POS | FRA | 0 | 18 | 1.6 | x=((1.6+7)-(9-2)) | x 1.6 7 + 9 2 - - = | x:nickel 1.6:nickel 7:nickel +:nickel 9:nickel 2:nickel -:nickel -:nickel =:nickel
EXPR: 0 | POS | FRA | 0 | 18 | 15.6 | x=((1.6+7)+(9-2)) | x 1.6 7 + 9 2 - + = | x:nickel 1.6:nickel 7:nickel +:nickel 9:nickel 2:nickel -:nickel +:nickel =:nickel
EXPR: 0 | POS | FRA | 0 | 18 | 1.6 | x=(1.6-((7-9)+2)) | x 1.6 7 9 - 2 + - = | x:nickel 1.6:nickel 7:nickel 9:nickel -:nickel 2:nickel +:nickel -:nickel =:nickel
EXPR: 0 | POS | FRA | 0 | 18 | 19.6 | x=((1.6+7)+(9+2)) | x 1.6 7 + 9 2 + + = | x:nickel 1.6:nickel 7:nickel +:nickel 9:nickel 2:nickel +:nickel +:nickel =:nickel
EXPR: 0 | POS | FRA | 1 | 18 | 15.6 | x=(1.6+(7+(9-2))) | x 1.6 7 9 2 - + + = | x:nickel 1.6:nickel 7:nickel 9:nickel 2:nickel -:nickel +:nickel +:nickel =:nickel
EXPR: 0 | POS | FRA | 1 | 18 | 19.6 | x=(1.6+(7+(9+2))) | x 1.6 7 9 2 + + + = | x:nickel 1.6:nickel 7:nickel 9:nickel 2:nickel +:nickel +:nickel +:nickel =:nickel
EXPR: 0 | POS | FRA | 1 | 18 | 1.6 | x=(1.6+(7-(9-2))) | x 1.6 7 9 2 - - + = | x:nickel 1.6:nickel 7:nickel 9:nickel 2:nickel -:nickel -:nickel +:nickel =:nickel
EXPR: 0 | POS | FRA | 1 | 18 | 5.6 | x=(1.6-(7-(9+2))) | x 1.6 7 9 2 + - - = | x:nickel 1.6:nickel 7:nickel 9:nickel 2:nickel +:nickel -:nickel -:nickel =:nickel
EXPR: 0 | POS | FRA | 1 | 18 | 1.6 | x=(1.6-(7-(9-2))) | x 1.6 7 9 2 - - - = | x:nickel 1.6:nickel 7:nickel 9:nickel 2:nickel -:nickel -:nickel -:nickel =:nickel
EXPR: 0 | POS | FRA | 1 | 18 | 5.6 | x=((1.6-(7-9))+2) | x 1.6 7 9 - - 2 + = | x:nickel 1.6:nickel 7:nickel 9:nickel -:nickel -:nickel 2:nickel +:nickel =:nickel
EXPR: 0 | POS | FRA | 1 | 18 | 1.6 | x=((1.6-(7-9))-2) | x 1.6 7 9 - - 2 - = | x:nickel 1.6:nickel 7:nickel 9:nickel -:nickel -:nickel 2:nickel -:nickel =:nickel
EXPR: 0 | POS | FRA | 1 | 18 | 1.6 | x=((1.6+(7-9))+2) | x 1.6 7 9 - + 2 + = | x:nickel 1.6:nickel 7:nickel 9:nickel -:nickel +:nickel 2:nickel +:nickel =:nickel
EXPR: 0 | POS | FRA | 1 | 18 | 19.6 | x=((1.6+(7+9))+2) | x 1.6 7 9 + + 2 + = | x:nickel 1.6:nickel 7:nickel 9:nickel +:nickel +:nickel 2:nickel +:nickel =:nickel
EXPR: 0 | POS | FRA | 1 | 18 | 5.6 | x=((1.6-7)+(9+2)) | x 1.6 7 - 9 2 + + = | x:nickel 1.6:nickel 7:nickel -:nickel 9:nickel 2:nickel +:nickel +:nickel =:nickel
EXPR: 0 | POS | FRA | 1 | 18 | 1.6 | x=(((1.6+7)-9)+2) | x 1.6 7 + 9 - 2 + = | x:nickel 1.6:nickel 7:nickel +:nickel 9:nickel -:nickel 2:nickel +:nickel =:nickel
EXPR: 0 | POS | FRA | 1 | 18 | 15.6 | x=(((1.6+7)+9)-2) | x 1.6 7 + 9 + 2 - = | x:nickel 1.6:nickel 7:nickel +:nickel 9:nickel +:nickel 2:nickel -:nickel =:nickel
EXPR: 0 | POS | FRA | 1 | 18 | 5.6 | x=(((1.6-7)+9)+2) | x 1.6 7 - 9 + 2 + = | x:nickel 1.6:nickel 7:nickel -:nickel 9:nickel +:nickel 2:nickel +:nickel =:nickel
EXPR: 0 | POS | FRA | 1 | 18 | 15.6 | x=((1.6+(7+9))-2) | x 1.6 7 9 + + 2 - = | x:nickel 1.6:nickel 7:nickel 9:nickel +:nickel +:nickel 2:nickel -:nickel =:nickel
EXPR: 0 | POS | FRA | 1 | 18 | 1.6 | x=((1.6-7)+(9-2)) | x 1.6 7 - 9 2 - + = | x:nickel 1.6:nickel 7:nickel -:nickel 9:nickel 2:nickel -:nickel +:nickel =:nickel
EXPR: 0 | POS | FRA | 1 | 18 | 19.6 | x=(1.6+((7+9)+2)) | x 1.6 7 9 + 2 + + = | x:nickel 1.6:nickel 7:nickel 9:nickel +:nickel 2:nickel +:nickel +:nickel =:nickel
EXPR: 0 | POS | FRA | 1 | 18 | 1.6 | x=(1.6+((7-9)+2)) | x 1.6 7 9 - 2 + + = | x:nickel 1.6:nickel 7:nickel 9:nickel -:nickel 2:nickel +:nickel +:nickel =:nickel
EXPR: 0 | POS | FRA | 1 | 18 | 15.6 | x=(1.6+((7+9)-2)) | x 1.6 7 9 + 2 - + = | x:nickel 1.6:nickel 7:nickel 9:nickel +:nickel 2:nickel -:nickel +:nickel =:nickel
EXPR: 0 | POS | FRA | 1 | 18 | 19.6 | x=(((1.6+7)+9)+2) | x 1.6 7 + 9 + 2 + = | x:nickel 1.6:nickel 7:nickel +:nickel 9:nickel +:nickel 2:nickel +:nickel =:nickel
EXPR: 0 | POS | FRA | 1 | 18 | 1.6 | x=(((1.6-7)+9)-2) | x 1.6 7 - 9 + 2 - = | x:nickel 1.6:nickel 7:nickel -:nickel 9:nickel +:nickel 2:nickel -:nickel =:nickel
EXPR: 0 | POS | FRA | 1 | 18 | 5.6 | x=(1.6-((7-9)-2)) | x 1.6 7 9 - 2 - - = | x:nickel 1.6:nickel 7:nickel 9:nickel -:nickel 2:nickel -:nickel -:nickel =:nickel
EXPR: 0 | POS | FRA | 1 | 18 | 1.6 | x=((1.6+7)-(9-2)) | x 1.6 7 + 9 2 - - = | x:nickel 1.6:nickel 7:nickel +:nickel 9:nickel 2:nickel -:nickel -:nickel =:nickel
EXPR: 0 | POS | FRA | 1 | 18 | 1.6 | x=(1.6-((7-9)+2)) | x 1.6 7 9 - 2 + - = | x:nickel 1.6:nickel 7:nickel 9:nickel -:nickel 2:nickel +:nickel -:nickel =:nickel
EXPR: 0 | POS | FRA | 1 | 18 | 19.6 | x=((1.6+7)+(9+2)) | x 1.6 7 + 9 2 + + = | x:nickel 1.6:nickel 7:nickel +:nickel 9:nickel 2:nickel +:nickel +:nickel =:nickel
EXPR: 0 | POS | FRA | 1 | 18 | 15.6 | x=((1.6+7)+(9-2)) | x 1.6 7 + 9 2 - + = | x:nickel 1.6:nickel 7:nickel +:nickel 9:nickel 2:nickel -:nickel +:nickel =:nickel
EXPR: 0 | POS | FRA | 2 | 18 | 12.4 | 1.6=(((7+9)-2)-x) | 1.6 7 9 + 2 - x - = | 1.6:nickel 7:nickel 9:nickel +:nickel 2:nickel -:nickel x:nickel -:nickel =:nickel
EXPR: 0 | POS | FRA | 2 | 18 | 16.4 | 1.6=(7+(9-(x-2))) | 1.6 7 9 x 2 - - + = | 1.6:nickel 7:nickel 9:nickel x:nickel 2:nickel -:nickel -:nickel +:nickel =:nickel
EXPR: 0 | POS | FRA | 2 | 18 | 12.4 | 1.6=(((7+9)-x)-2) | 1.6 7 9 + x - 2 - = | 1.6:nickel 7:nickel 9:nickel +:nickel x:nickel -:nickel 2:nickel -:nickel =:nickel
EXPR: 0 | POS | FRA | 2 | 18 | 12.4 | 1.6=(7+((9-2)-x)) | 1.6 7 9 2 - x - + = | 1.6:nickel 7:nickel 9:nickel 2:nickel -:nickel x:nickel -:nickel +:nickel =:nickel
EXPR: 0 | POS | FRA | 2 | 18 | 15.6 | 1.6=((x-7)-(9-2)) | 1.6 x 7 - 9 2 - - = | 1.6:nickel x:nickel 7:nickel -:nickel 9:nickel 2:nickel -:nickel -:nickel =:nickel
EXPR: 0 | POS | FRA | 2 | 18 | 1.6 | 1.6=((x+7)-(9-2)) | 1.6 x 7 + 9 2 - - = | 1.6:nickel x:nickel 7:nickel +:nickel 9:nickel 2:nickel -:nickel -:nickel =:nickel
EXPR: 0 | POS | FRA | 2 | 18 | 5.6 | 1.6=((x+7)-(9+2)) | 1.6 x 7 + 9 2 + - = | 1.6:nickel x:nickel 7:nickel +:nickel 9:nickel 2:nickel +:nickel -:nickel =:nickel
EXPR: 0 | POS | FRA | 2 | 18 | 1.6 | 1.6=((x-7)+(9-2)) | 1.6 x 7 - 9 2 - + = | 1.6:nickel x:nickel 7:nickel -:nickel 9:nickel 2:nickel -:nickel +:nickel =:nickel
EXPR: 0 | POS | FRA | 2 | 18 | 1.6 | 1.6=(7+(x-(9-2))) | 1.6 7 x 9 2 - - + = | 1.6:nickel 7:nickel x:nickel 9:nickel 2:nickel -:nickel -:nickel +:nickel =:nickel
EXPR: 0 | POS | FRA | 2 | 18 | 1.6 | 1.6=(7-(9-(x+2))) | 1.6 7 9 x 2 + - - = | 1.6:nickel 7:nickel 9:nickel x:nickel 2:nickel +:nickel -:nickel -:nickel =:nickel
EXPR: 0 | POS | FRA | 2 | 18 | 5.6 | 1.6=(7+((x-9)-2)) | 1.6 7 x 9 - 2 - + = | 1.6:nickel 7:nickel x:nickel 9:nickel -:nickel 2:nickel -:nickel +:nickel =:nickel
EXPR: 0 | POS | FRA | 2 | 18 | 19.6 | (((x-1.6)-7)-9)=2 | x 1.6 - 7 - 9 - 2 = | x:nickel 1.6:nickel -:nickel 7:nickel -:nickel 9:nickel -:nickel 2:nickel =:nickel
EXPR: 0 | POS | FRA | 2 | 18 | 12.4 | 1.6=(7-(x-(9-2))) | 1.6 7 x 9 2 - - - = | 1.6:nickel 7:nickel x:nickel 9:nickel 2:nickel -:nickel -:nickel -:nickel =:nickel
EXPR: 0 | POS | FRA | 2 | 18 | 2.4 | (((1.6+7)-9)+x)=2 | 1.6 7 + 9 - x + 2 = | 1.6:nickel 7:nickel +:nickel 9:nickel -:nickel x:nickel +:nickel 2:nickel =:nickel
EXPR: 0 | POS | FRA | 2 | 18 | 1.6 | (((x-1.6)-7)+9)=2 | x 1.6 - 7 - 9 + 2 = | x:nickel 1.6:nickel -:nickel 7:nickel -:nickel 9:nickel +:nickel 2:nickel =:nickel
EXPR: 0 | POS | FRA | 2 | 18 | 5.6 | (((x-1.6)+7)-9)=2 | x 1.6 - 7 + 9 - 2 = | x:nickel 1.6:nickel -:nickel 7:nickel +:nickel 9:nickel -:nickel 2:nickel =:nickel
EXPR: 0 | POS | FRA | 2 | 18 | 1.6 | (((1.6-7)+9)-x)=2 | 1.6 7 - 9 + x - 2 = | 1.6:nickel 7:nickel -:nickel 9:nickel +:nickel x:nickel -:nickel 2:nickel =:nickel
EXPR: 0 | POS | FRA | 2 | 18 | 1.6 | (((1.6-7)-x)+9)=2 | 1.6 7 - x - 9 + 2 = | 1.6:nickel 7:nickel -:nickel x:nickel -:nickel 9:nickel +:nickel 2:nickel =:nickel
EXPR: 0 | POS | FRA | 2 | 18 | 16.4 | (((1.6-7)+x)-9)=2 | 1.6 7 - x + 9 - 2 = | 1.6:nickel 7:nickel -:nickel x:nickel +:nickel 9:nickel -:nickel 2:nickel =:nickel
EXPR: 0 | POS | FRA | 2 | 18 | 15.6 | (((1.6+7)-x)+9)=2 | 1.6 7 + x - 9 + 2 = | 1.6:nickel 7:nickel +:nickel x:nickel -:nickel 9:nickel +:nickel 2:nickel =:nickel
EXPR: 0 | POS | FRA | 2 | 18 | 15.6 | (((1.6+7)+9)-x)=2 | 1.6 7 + 9 + x - 2 = | 1.6:nickel 7:nickel +:nickel 9:nickel +:nickel x:nickel -:nickel 2:nickel =:nickel
EXPR: 0 | POS | FRA | 2 | 18 | 15.6 | (1.6+((7-x)+9))=2 | 1.6 7 x - 9 + + 2 = | 1.6:nickel 7:nickel x:nickel -:nickel 9:nickel +:nickel +:nickel 2:nickel =:nickel
EXPR: 0 | POS | FRA | 2 | 18 | 2.4 | (1.6+((7+x)-9))=2 | 1.6 7 x + 9 - + 2 = | 1.6:nickel 7:nickel x:nickel +:nickel 9:nickel -:nickel +:nickel 2:nickel =:nickel
EXPR: 0 | POS | FRA | 2 | 18 | 5.6 | 1.6=(x+((7-9)-2)) | 1.6 x 7 9 - 2 - + = | 1.6:nickel x:nickel 7:nickel 9:nickel -:nickel 2:nickel -:nickel +:nickel =:nickel
EXPR: 0 | POS | FRA | 2 | 18 | 15.6 | 1.6=(x-((7+9)-2)) | 1.6 x 7 9 + 2 - - = | 1.6:nickel x:nickel 7:nickel 9:nickel +:nickel 2:nickel -:nickel -:nickel =:nickel
EXPR: 0 | POS | FRA | 2 | 18 | 16.4 | (((x+1.6)-7)-9)=2 | x 1.6 + 7 - 9 - 2 = | x:nickel 1.6:nickel +:nickel 7:nickel -:nickel 9:nickel -:nickel 2:nickel =:nickel
EXPR: 0 | POS | FRA | 2 | 18 | 2.4 | (((x+1.6)+7)-9)=2 | x 1.6 + 7 + 9 - 2 = | x:nickel 1.6:nickel +:nickel 7:nickel +:nickel 9:nickel -:nickel 2:nickel =:nickel
EXPR: 0 | POS | FRA | 2 | 18 | 1.6 | 1.6=(x+((7-9)+2)) | 1.6 x 7 9 - 2 + + = | 1.6:nickel x:nickel 7:nickel 9:nickel -:nickel 2:nickel +:nickel +:nickel =:nickel
EXPR: 0 | POS | FRA | 2 | 18 | 1.6 | 1.6=(x-((7-9)+2)) | 1.6 x 7 9 - 2 + - = | 1.6:nickel x:nickel 7:nickel 9:nickel -:nickel 2:nickel +:nickel -:nickel =:nickel
EXPR: 0 | POS | FRA | 2 | 18 | 1.6 | 1.6=((7-9)+(2+x)) | 1.6 7 9 - 2 x + + = | 1.6:nickel 7:nickel 9:nickel -:nickel 2:nickel x:nickel +:nickel +:nickel =:nickel
EXPR: 0 | POS | FRA | 2 | 18 | 5.6 | 1.6=((7+(x-9))-2) | 1.6 7 x 9 - + 2 - = | 1.6:nickel 7:nickel x:nickel 9:nickel -:nickel +:nickel 2:nickel -:nickel =:nickel
EXPR: 0 | POS | FRA | 2 | 18 | 1.6 | 1.6=((7-(9-x))+2) | 1.6 7 9 x - - 2 + = | 1.6:nickel 7:nickel 9:nickel x:nickel -:nickel -:nickel 2:nickel +:nickel =:nickel
EXPR: 0 | POS | FRA | 2 | 18 | 16.4 | 1.6=((7-(x-9))+2) | 1.6 7 x 9 - - 2 + = | 1.6:nickel 7:nickel x:nickel 9:nickel -:nickel -:nickel 2:nickel +:nickel =:nickel
EXPR: 0 | POS | FRA | 2 | 18 | 16.4 | 1.6=((7+9)+(2-x)) | 1.6 7 9 + 2 x - + = | 1.6:nickel 7:nickel 9:nickel +:nickel 2:nickel x:nickel -:nickel +:nickel =:nickel
EXPR: 0 | POS | FRA | 2 | 18 | 5.6 | 1.6=((7-(9-x))-2) | 1.6 7 9 x - - 2 - = | 1.6:nickel 7:nickel 9:nickel x:nickel -:nickel -:nickel 2:nickel -:nickel =:nickel
EXPR: 0 | POS | FRA | 2 | 18 | 1.6 | 1.6=(x+(7-(9-2))) | 1.6 x 7 9 2 - - + = | 1.6:nickel x:nickel 7:nickel 9:nickel 2:nickel -:nickel -:nickel +:nickel =:nickel
EXPR: 0 | POS | FRA | 2 | 18 | 16.4 | 1.6=(7+(9+(2-x))) | 1.6 7 9 2 x - + + = | 1.6:nickel 7:nickel 9:nickel 2:nickel x:nickel -:nickel +:nickel +:nickel =:nickel
EXPR: 0 | POS | FRA | 2 | 18 | 5.6 | 1.6=(7-(9+(2-x))) | 1.6 7 9 2 x - + - = | 1.6:nickel 7:nickel 9:nickel 2:nickel x:nickel -:nickel +:nickel -:nickel =:nickel
EXPR: 0 | POS | FRA | 2 | 18 | 12.4 | 1.6=((7+(9-x))-2) | 1.6 7 9 x - + 2 - = | 1.6:nickel 7:nickel 9:nickel x:nickel -:nickel +:nickel 2:nickel -:nickel =:nickel
EXPR: 0 | POS | FRA | 2 | 18 | 5.6 | 1.6=(x+(7-(9+2))) | 1.6 x 7 9 2 + - + = | 1.6:nickel x:nickel 7:nickel 9:nickel 2:nickel +:nickel -:nickel +:nickel =:nickel
EXPR: 0 | POS | FRA | 2 | 18 | 16.4 | (1.6-(7-(x-9)))=2 | 1.6 7 x 9 - - - 2 = | 1.6:nickel 7:nickel x:nickel 9:nickel -:nickel -:nickel -:nickel 2:nickel =:nickel
EXPR: 0 | POS | FRA | 2 | 18 | 1.6 | 1.6=(7-(9-(2+x))) | 1.6 7 9 2 x + - - = | 1.6:nickel 7:nickel 9:nickel 2:nickel x:nickel +:nickel -:nickel -:nickel =:nickel
EXPR: 0 | POS | FRA | 2 | 18 | 5.6 | 1.6=((7-9)-(2-x)) | 1.6 7 9 - 2 x - - = | 1.6:nickel 7:nickel 9:nickel -:nickel 2:nickel x:nickel -:nickel -:nickel =:nickel
EXPR: 0 | POS | FRA | 2 | 18 | 16.4 | (1.6-(7+(9-x)))=2 | 1.6 7 9 x - + - 2 = | 1.6:nickel 7:nickel 9:nickel x:nickel -:nickel +:nickel -:nickel 2:nickel =:nickel
EXPR: 0 | POS | FRA | 2 | 18 | 12.4 | 1.6=((7-(x-9))-2) | 1.6 7 x 9 - - 2 - = | 1.6:nickel 7:nickel x:nickel 9:nickel -:nickel -:nickel 2:nickel -:nickel =:nickel
EXPR: 0 | POS | FRA | 2 | 18 | 1.6 | (1.6-(7-(9-x)))=2 | 1.6 7 9 x - - - 2 = | 1.6:nickel 7:nickel 9:nickel x:nickel -:nickel -:nickel -:nickel 2:nickel =:nickel
EXPR: 0 | POS | FRA | 2 | 18 | 1.6 | 1.6=(x-(7-(9-2))) | 1.6 x 7 9 2 - - - = | 1.6:nickel x:nickel 7:nickel 9:nickel 2:nickel -:nickel -:nickel -:nickel =:nickel
EXPR: 0 | POS | FRA | 2 | 18 | 15.6 | (1.6+(7-(x-9)))=2 | 1.6 7 x 9 - - + 2 = | 1.6:nickel 7:nickel x:nickel 9:nickel -:nickel -:nickel +:nickel 2:nickel =:nickel
EXPR: 0 | POS | FRA | 2 | 18 | 16.4 | 1.6=(7-(x-(9+2))) | 1.6 7 x 9 2 + - - = | 1.6:nickel 7:nickel x:nickel 9:nickel 2:nickel +:nickel -:nickel -:nickel =:nickel
EXPR: 0 | POS | FRA | 2 | 18 | 5.6 | 1.6=(7+(x-(9+2))) | 1.6 7 x 9 2 + - + = | 1.6:nickel 7:nickel x:nickel 9:nickel 2:nickel +:nickel -:nickel +:nickel =:nickel
EXPR: 0 | POS | FRA | 2 | 18 | 15.6 | 1.6=(x-(7+(9-2))) | 1.6 x 7 9 2 - + - = | 1.6:nickel x:nickel 7:nickel 9:nickel 2:nickel -:nickel +:nickel -:nickel =:nickel
EXPR: 0 | POS | FRA | 2 | 18 | 19.6 | 1.6=(x-(7+(9+2))) | 1.6 x 7 9 2 + + - = | 1.6:nickel x:nickel 7:nickel 9:nickel 2:nickel +:nickel +:nickel -:nickel =:nickel
EXPR: 0 | POS | FRA | 2 | 18 | 16.4 | 1.6=(7+((9+2)-x)) | 1.6 7 9 2 + x - + = | 1.6:nickel 7:nickel 9:nickel 2:nickel +:nickel x:nickel -:nickel +:nickel =:nickel
EXPR: 0 | POS | FRA | 2 | 18 | 5.6 | 1.6=(7-((9+2)-x)) | 1.6 7 9 2 + x - - = | 1.6:nickel 7:nickel 9:nickel 2:nickel +:nickel x:nickel -:nickel -:nickel =:nickel
EXPR: 0 | POS | FRA | 2 | 18 | 5.6 | (x-((1.6-7)+9))=2 | x 1.6 7 - 9 + - 2 = | x:nickel 1.6:nickel 7:nickel -:nickel 9:nickel +:nickel -:nickel 2:nickel =:nickel
EXPR: 0 | POS | FRA | 2 | 18 | 16.4 | 1.6=((7+9)-(x-2)) | 1.6 7 9 + x 2 - - = | 1.6:nickel 7:nickel 9:nickel +:nickel x:nickel 2:nickel -:nickel -:nickel =:nickel
EXPR: 0 | POS | FRA | 2 | 18 | 5.6 | 1.6=(((7-9)-2)+x) | 1.6 7 9 - 2 - x + = | 1.6:nickel 7:nickel 9:nickel -:nickel 2:nickel -:nickel x:nickel +:nickel =:nickel
EXPR: 0 | POS | FRA | 2 | 18 | 12.4 | 1.6=((7+9)-(x+2)) | 1.6 7 9 + x 2 + - = | 1.6:nickel 7:nickel 9:nickel +:nickel x:nickel 2:nickel +:nickel -:nickel =:nickel
EXPR: 0 | POS | FRA | 2 | 18 | 5.6 | 1.6=(7-(9-(x-2))) | 1.6 7 9 x 2 - - - = | 1.6:nickel 7:nickel 9:nickel x:nickel 2:nickel -:nickel -:nickel -:nickel =:nickel
EXPR: 0 | POS | FRA | 2 | 18 | 1.6 | 1.6=(((7-9)+2)+x) | 1.6 7 9 - 2 + x + = | 1.6:nickel 7:nickel 9:nickel -:nickel 2:nickel +:nickel x:nickel +:nickel =:nickel
EXPR: 0 | POS | FRA | 2 | 18 | 12.4 | 1.6=(7+(9-(x+2))) | 1.6 7 9 x 2 + - + = | 1.6:nickel 7:nickel 9:nickel x:nickel 2:nickel +:nickel -:nickel +:nickel =:nickel
EXPR: 0 | POS | FRA | 2 | 18 | 12.4 | 1.6=(((7-x)+9)-2) | 1.6 7 x - 9 + 2 - = | 1.6:nickel 7:nickel x:nickel -:nickel 9:nickel +:nickel 2:nickel -:nickel =:nickel
EXPR: 0 | POS | FRA | 2 | 18 | 2.4 | (((1.6+7)+x)-9)=2 | 1.6 7 + x + 9 - 2 = | 1.6:nickel 7:nickel +:nickel x:nickel +:nickel 9:nickel -:nickel 2:nickel =:nickel
EXPR: 0 | POS | FRA | 2 | 18 | 19.6 | ((x-(1.6+7))-9)=2 | x 1.6 7 + - 9 - 2 = | x:nickel 1.6:nickel 7:nickel +:nickel -:nickel 9:nickel -:nickel 2:nickel =:nickel
EXPR: 0 | POS | FRA | 2 | 18 | 12.4 | 1.6=((7-x)+(9-2)) | 1.6 7 x - 9 2 - + = | 1.6:nickel 7:nickel x:nickel -:nickel 9:nickel 2:nickel -:nickel +:nickel =:nickel
EXPR: 0 | POS | FRA | 2 | 18 | 16.4 | (((1.6-7)-9)+x)=2 | 1.6 7 - 9 - x + 2 = | 1.6:nickel 7:nickel -:nickel 9:nickel -:nickel x:nickel +:nickel 2:nickel =:nickel
EXPR: 0 | POS | FRA | 2 | 18 | 16.4 | 1.6=(((7-x)+9)+2) | 1.6 7 x - 9 + 2 + = | 1.6:nickel 7:nickel x:nickel -:nickel 9:nickel +:nickel 2:nickel +:nickel =:nickel
EXPR: 0 | POS | FRA | 2 | 18 | 1.6 | ((1.6-(x+7))+9)=2 | 1.6 x 7 + - 9 + 2 = | 1.6:nickel x:nickel 7:nickel +:nickel -:nickel 9:nickel +:nickel 2:nickel =:nickel
EXPR: 0 | POS | FRA | 2 | 18 | 1.6 | (x-((1.6+7)-9))=2 | x 1.6 7 + 9 - - 2 = | x:nickel 1.6:nickel 7:nickel +:nickel 9:nickel -:nickel -:nickel 2:nickel =:nickel
EXPR: 0 | POS | FRA | 2 | 18 | 1.6 | 1.6=(((x-7)+9)-2) | 1.6 x 7 - 9 + 2 - = | 1.6:nickel x:nickel 7:nickel -:nickel 9:nickel +:nickel 2:nickel -:nickel =:nickel
EXPR: 0 | POS | FRA | 2 | 18 | 19.6 | 1.6=(((x-7)-9)-2) | 1.6 x 7 - 9 - 2 - = | 1.6:nickel x:nickel 7:nickel -:nickel 9:nickel -:nickel 2:nickel -:nickel =:nickel
EXPR: 0 | POS | FRA | 2 | 18 | 2.4 | (x+((1.6+7)-9))=2 | x 1.6 7 + 9 - + 2 = | x:nickel 1.6:nickel 7:nickel +:nickel 9:nickel -:nickel +:nickel 2:nickel =:nickel
EXPR: 0 | POS | FRA | 2 | 18 | 1.6 | 1.6=((7+x)-(9-2)) | 1.6 7 x + 9 2 - - = | 1.6:nickel 7:nickel x:nickel +:nickel 9:nickel 2:nickel -:nickel -:nickel =:nickel
EXPR: 0 | POS | FRA | 2 | 18 | 5.6 | 1.6=((7+x)-(9+2)) | 1.6 7 x + 9 2 + - = | 1.6:nickel 7:nickel x:nickel +:nickel 9:nickel 2:nickel +:nickel -:nickel =:nickel
EXPR: 0 | POS | FRA | 2 | 18 | 5.6 | 1.6=(((x+7)-9)-2) | 1.6 x 7 + 9 - 2 - = | 1.6:nickel x:nickel 7:nickel +:nickel 9:nickel -:nickel 2:nickel -:nickel =:nickel
EXPR: 0 | POS | FRA | 2 | 18 | 1.6 | 1.6=(((x+7)-9)+2) | 1.6 x 7 + 9 - 2 + = | 1.6:nickel x:nickel 7:nickel +:nickel 9:nickel -:nickel 2:nickel +:nickel =:nickel
EXPR: 0 | POS | FRA | 2 | 18 | 1.6 | (1.6-((7-9)+x))=2 | 1.6 7 9 - x + - 2 = | 1.6:nickel 7:nickel 9:nickel -:nickel x:nickel +:nickel -:nickel 2:nickel =:nickel
EXPR: 0 | POS | FRA | 2 | 18 | 1.6 | ((1.6-7)-(x-9))=2 | 1.6 7 - x 9 - - 2 = | 1.6:nickel 7:nickel -:nickel x:nickel 9:nickel -:nickel -:nickel 2:nickel =:nickel
EXPR: 0 | POS | FRA | 2 | 18 | 16.4 | 1.6=((7+(9-x))+2) | 1.6 7 9 x - + 2 + = | 1.6:nickel 7:nickel 9:nickel x:nickel -:nickel +:nickel 2:nickel +:nickel =:nickel
EXPR: 0 | POS | FRA | 2 | 18 | 2.4 | ((1.6+7)-(9-x))=2 | 1.6 7 + 9 x - - 2 = | 1.6:nickel 7:nickel +:nickel 9:nickel x:nickel -:nickel -:nickel 2:nickel =:nickel
EXPR: 0 | POS | FRA | 2 | 18 | 19.6 | (x-((1.6+7)+9))=2 | x 1.6 7 + 9 + - 2 = | x:nickel 1.6:nickel 7:nickel +:nickel 9:nickel +:nickel -:nickel 2:nickel =:nickel
EXPR: 0 | POS | FRA | 2 | 18 | 2.4 | ((1.6+7)+(x-9))=2 | 1.6 7 + x 9 - + 2 = | 1.6:nickel 7:nickel +:nickel x:nickel 9:nickel -:nickel +:nickel 2:nickel =:nickel
EXPR: 0 | POS | FRA | 2 | 18 | 15.6 | (1.6+(7+(9-x)))=2 | 1.6 7 9 x - + + 2 = | 1.6:nickel 7:nickel 9:nickel x:nickel -:nickel +:nickel +:nickel 2:nickel =:nickel
EXPR: 0 | POS | FRA | 2 | 18 | 16.4 | ((1.6-7)+(x-9))=2 | 1.6 7 - x 9 - + 2 = | 1.6:nickel 7:nickel -:nickel x:nickel 9:nickel -:nickel +:nickel 2:nickel =:nickel
EXPR: 0 | POS | FRA | 2 | 18 | 16.4 | ((1.6-7)-(9-x))=2 | 1.6 7 - 9 x - - 2 = | 1.6:nickel 7:nickel -:nickel 9:nickel x:nickel -:nickel -:nickel 2:nickel =:nickel
EXPR: 0 | POS | FRA | 2 | 18 | 1.6 | 1.6=((7+(x-9))+2) | 1.6 7 x 9 - + 2 + = | 1.6:nickel 7:nickel x:nickel 9:nickel -:nickel +:nickel 2:nickel +:nickel =:nickel
EXPR: 0 | POS | FRA | 2 | 18 | 1.6 | ((1.6-7)+(9-x))=2 | 1.6 7 - 9 x - + 2 = | 1.6:nickel 7:nickel -:nickel 9:nickel x:nickel -:nickel +:nickel 2:nickel =:nickel
EXPR: 0 | POS | FRA | 2 | 18 | 2.4 | ((1.6+(7+x))-9)=2 | 1.6 7 x + + 9 - 2 = | 1.6:nickel 7:nickel x:nickel +:nickel +:nickel 9:nickel -:nickel 2:nickel =:nickel
EXPR: 0 | POS | FRA | 2 | 18 | 16.4 | ((1.6-(7+9))+x)=2 | 1.6 7 9 + - x + 2 = | 1.6:nickel 7:nickel 9:nickel +:nickel -:nickel x:nickel +:nickel 2:nickel =:nickel
EXPR: 0 | POS | FRA | 10 | 18 | 15.6 | x=(7+(1.6+(9-2))) | x 7 1.6 9 2 - + + = | x:nickel 7:nickel 1.6:nickel 9:nickel 2:nickel -:nickel +:nickel +:nickel =:nickel
EXPR: 0 | POS | FRA | 10 | 18 | 1.6 | x=(7+(1.6-(9-2))) | x 7 1.6 9 2 - - + = | x:nickel 7:nickel 1.6:nickel 9:nickel 2:nickel -:nickel -:nickel +:nickel =:nickel
EXPR: 0 | POS | FRA | 10 | 18 | 12.4 | x=((7-(1.6-9))-2) | x 7 1.6 9 - - 2 - = | x:nickel 7:nickel 1.6:nickel 9:nickel -:nickel -:nickel 2:nickel -:nickel =:nickel
EXPR: 0 | POS | FRA | 10 | 18 | 15.6 | x=((7+(1.6+9))-2) | x 7 1.6 9 + + 2 - = | x:nickel 7:nickel 1.6:nickel 9:nickel +:nickel +:nickel 2:nickel -:nickel =:nickel
EXPR: 0 | POS | FRA | 10 | 18 | 1.6 | x=(7+((1.6-9)+2)) | x 7 1.6 9 - 2 + + = | x:nickel 7:nickel 1.6:nickel 9:nickel -:nickel 2:nickel +:nickel +:nickel =:nickel
EXPR: 0 | POS | FRA | 10 | 18 | 19.6 | x=(7+((1.6+9)+2)) | x 7 1.6 9 + 2 + + = | x:nickel 7:nickel 1.6:nickel 9:nickel +:nickel 2:nickel +:nickel +:nickel =:nickel
EXPR: 0 | POS | FRA | 10 | 18 | 16.4 | x=((7-1.6)+(9+2)) | x 7 1.6 - 9 2 + + = | x:nickel 7:nickel 1.6:nickel -:nickel 9:nickel 2:nickel +:nickel +:nickel =:nickel
EXPR: 0 | POS | FRA | 10 | 18 | 15.6 | x=(7+((1.6+9)-2)) | x 7 1.6 9 + 2 - + = | x:nickel 7:nickel 1.6:nickel 9:nickel +:nickel 2:nickel -:nickel +:nickel =:nickel
EXPR: 0 | POS | FRA | 10 | 18 | 12.4 | x=(((7-1.6)+9)-2) | x 7 1.6 - 9 + 2 - = | x:nickel 7:nickel 1.6:nickel -:nickel 9:nickel +:nickel 2:nickel -:nickel =:nickel
EXPR: 0 | POS | FRA | 10 | 18 | 16.4 | x=(((7-1.6)+9)+2) | x 7 1.6 - 9 + 2 + = | x:nickel 7:nickel 1.6:nickel -:nickel 9:nickel +:nickel 2:nickel +:nickel =:nickel
EXPR: 0 | POS | FRA | 10 | 18 | 12.4 | x=((7-1.6)+(9-2)) | x 7 1.6 - 9 2 - + = | x:nickel 7:nickel 1.6:nickel -:nickel 9:nickel 2:nickel -:nickel +:nickel =:nickel
EXPR: 0 | POS | FRA | 10 | 18 | 19.6 | x=((7+(1.6+9))+2) | x 7 1.6 9 + + 2 + = | x:nickel 7:nickel 1.6:nickel 9:nickel +:nickel +:nickel 2:nickel +:nickel =:nickel
EXPR: 0 | POS | FRA | 10 | 18 | 19.6 | x=(7+(1.6+(9+2))) | x 7 1.6 9 2 + + + = | x:nickel 7:nickel 1.6:nickel 9:nickel 2:nickel +:nickel +:nickel +:nickel =:nickel
EXPR: 0 | POS | FRA | 10 | 18 | 5.6 | x=((1.6-(7-2))+9) | x 1.6 7 2 - - 9 + = | x:nickel 1.6:nickel 7:nickel 2:nickel -:nickel -:nickel 9:nickel +:nickel =:nickel
EXPR: 0 | POS | FRA | 10 | 18 | 1.6 | x=((1.6+(7+2))-9) | x 1.6 7 2 + + 9 - = | x:nickel 1.6:nickel 7:nickel 2:nickel +:nickel +:nickel 9:nickel -:nickel =:nickel
EXPR: 0 | POS | FRA | 10 | 18 | 19.6 | x=((1.6+(7+2))+9) | x 1.6 7 2 + + 9 + = | x:nickel 1.6:nickel 7:nickel 2:nickel +:nickel +:nickel 9:nickel +:nickel =:nickel
EXPR: 0 | POS | FRA | 10 | 18 | 15.6 | x=((1.6+7)-(2-9)) | x 1.6 7 + 2 9 - - = | x:nickel 1.6:nickel 7:nickel +:nickel 2:nickel 9:nickel -:nickel -:nickel =:nickel
EXPR: 0 | POS | FRA | 10 | 18 | 1.6 | x=((1.6+7)+(2-9)) | x 1.6 7 + 2 9 - + = | x:nickel 1.6:nickel 7:nickel +:nickel 2:nickel 9:nickel -:nickel +:nickel =:nickel
EXPR: 0 | POS | FRA | 10 | 18 | 16.4 | x=(7-((1.6-9)-2)) | x 7 1.6 9 - 2 - - = | x:nickel 7:nickel 1.6:nickel 9:nickel -:nickel 2:nickel -:nickel -:nickel =:nickel
EXPR: 0 | POS | FRA | 10 | 18 | 1.6 | x=((1.6-(9-7))+2) | x 1.6 9 7 - - 2 + = | x:nickel 1.6:nickel 9:nickel 7:nickel -:nickel -:nickel 2:nickel +:nickel =:nickel
EXPR: 0 | POS | FRA | 10 | 18 | 5.6 | x=(1.6-((7-2)-9)) | x 1.6 7 2 - 9 - - = | x:nickel 1.6:nickel 7:nickel 2:nickel -:nickel 9:nickel -:nickel -:nickel =:nickel
EXPR: 0 | POS | FRA | 10 | 18 | 1.6 | x=(1.6+((7+2)-9)) | x 1.6 7 2 + 9 - + = | x:nickel 1.6:nickel 7:nickel 2:nickel +:nickel 9:nickel -:nickel +:nickel =:nickel
EXPR: 0 | POS | FRA | 10 | 18 | 1.6 | x=(1.6+((9-7)-2)) | x 1.6 9 7 - 2 - + = | x:nickel 1.6:nickel 9:nickel 7:nickel -:nickel 2:nickel -:nickel +:nickel =:nickel
EXPR: 0 | POS | FRA | 10 | 18 | 15.6 | x=(((1.6+7)-2)+9) | x 1.6 7 + 2 - 9 + = | x:nickel 1.6:nickel 7:nickel +:nickel 2:nickel -:nickel 9:nickel +:nickel =:nickel
EXPR: 0 | POS | FRA | 10 | 18 | 15.6 | x=(1.6+((7-2)+9)) | x 1.6 7 2 - 9 + + = | x:nickel 1.6:nickel 7:nickel 2:nickel -:nickel 9:nickel +:nickel +:nickel =:nickel
EXPR: 0 | POS | FRA | 10 | 18 | 19.6 | x=(1.6+((7+2)+9)) | x 1.6 7 2 + 9 + + = | x:nickel 1.6:nickel 7:nickel 2:nickel +:nickel 9:nickel +:nickel +:nickel =:nickel
EXPR: 0 | POS | FRA | 10 | 18 | 5.6 | x=(1.6+((9-7)+2)) | x 1.6 9 7 - 2 + + = | x:nickel 1.6:nickel 9:nickel 7:nickel -:nickel 2:nickel +:nickel +:nickel =:nickel
EXPR: 0 | POS | FRA | 10 | 18 | 1.6 | x=(1.6-((7+2)-9)) | x 1.6 7 2 + 9 - - = | x:nickel 1.6:nickel 7:nickel 2:nickel +:nickel 9:nickel -:nickel -:nickel =:nickel
EXPR: 0 | POS | FRA | 10 | 18 | 1.6 | x=(1.6-((9-7)-2)) | x 1.6 9 7 - 2 - - = | x:nickel 1.6:nickel 9:nickel 7:nickel -:nickel 2:nickel -:nickel -:nickel =:nickel
EXPR: 0 | POS | FRA | 10 | 18 | 15.6 | x=((1.6+(7-2))+9) | x 1.6 7 2 - + 9 + = | x:nickel 1.6:nickel 7:nickel 2:nickel -:nickel +:nickel 9:nickel +:nickel =:nickel
EXPR: 0 | POS | FRA | 10 | 18 | 1.6 | x=((1.6-7)-(2-9)) | x 1.6 7 - 2 9 - - = | x:nickel 1.6:nickel 7:nickel -:nickel 2:nickel 9:nickel -:nickel -:nickel =:nickel
EXPR: 0 | POS | FRA | 10 | 18 | 1.6 | x=((1.6+(9-7))-2) | x 1.6 9 7 - + 2 - = | x:nickel 1.6:nickel 9:nickel 7:nickel -:nickel +:nickel 2:nickel -:nickel =:nickel
EXPR: 0 | POS | FRA | 10 | 18 | 5.6 | x=((1.6+(9-7))+2) | x 1.6 9 7 - + 2 + = | x:nickel 1.6:nickel 9:nickel 7:nickel -:nickel +:nickel 2:nickel +:nickel =:nickel
EXPR: 0 | POS | FRA | 10 | 18 | 16.4 | x=((7-(1.6-9))+2) | x 7 1.6 9 - - 2 + = | x:nickel 7:nickel 1.6:nickel 9:nickel -:nickel -:nickel 2:nickel +:nickel =:nickel
EXPR: 0 | POS | FRA | 10 | 18 | 1.6 | x=(((1.6-7)-2)+9) | x 1.6 7 - 2 - 9 + = | x:nickel 1.6:nickel 7:nickel -:nickel 2:nickel -:nickel 9:nickel +:nickel =:nickel
EXPR: 0 | POS | FRA | 10 | 18 | 1.6 | x=((7+(1.6-9))+2) | x 7 1.6 9 - + 2 + = | x:nickel 7:nickel 1.6:nickel 9:nickel -:nickel +:nickel 2:nickel +:nickel =:nickel
EXPR: 0 | POS | FRA | 10 | 18 | 16.4 | x=(7-(1.6-(9+2))) | x 7 1.6 9 2 + - - = | x:nickel 7:nickel 1.6:nickel 9:nickel 2:nickel +:nickel -:nickel -:nickel =:nickel
EXPR: 0 | POS | FRA | 10 | 18 | 5.6 | x=(1.6+(9-(7-2))) | x 1.6 9 7 2 - - + = | x:nickel 1.6:nickel 9:nickel 7:nickel 2:nickel -:nickel -:nickel +:nickel =:nickel
EXPR: 0 | POS | FRA | 10 | 18 | 1.6 | x=(1.6-(9-(7+2))) | x 1.6 9 7 2 + - - = | x:nickel 1.6:nickel 9:nickel 7:nickel 2:nickel +:nickel -:nickel -:nickel =:nickel
EXPR: 0 | POS | FRA | 10 | 18 | 1.6 | x=(1.6+(9-(7+2))) | x 1.6 9 7 2 + - + = | x:nickel 1.6:nickel 9:nickel 7:nickel 2:nickel +:nickel -:nickel +:nickel =:nickel
EXPR: 0 | POS | FRA | 10 | 18 | 1.6 | x=((1.6-(7+2))+9) | x 1.6 7 2 + - 9 + = | x:nickel 1.6:nickel 7:nickel 2:nickel +:nickel -:nickel 9:nickel +:nickel =:nickel
EXPR: 0 | POS | FRA | 10 | 18 | 15.6 | x=(1.6+(9+(7-2))) | x 1.6 9 7 2 - + + = | x:nickel 1.6:nickel 9:nickel 7:nickel 2:nickel -:nickel +:nickel +:nickel =:nickel
EXPR: 0 | POS | FRA | 11 | 18 | 15.6 | x=((7+(1.6+9))-2) | x 7 1.6 9 + + 2 - = | x:nickel 7:nickel 1.6:nickel 9:nickel +:nickel +:nickel 2:nickel -:nickel =:nickel
EXPR: 0 | POS | FRA | 11 | 18 | 1.6 | x=(7+((1.6-9)+2)) | x 7 1.6 9 - 2 + + = | x:nickel 7:nickel 1.6:nickel 9:nickel -:nickel 2:nickel +:nickel +:nickel =:nickel
EXPR: 0 | POS | FRA | 11 | 18 | 19.6 | x=(7+((1.6+9)+2)) | x 7 1.6 9 + 2 + + = | x:nickel 7:nickel 1.6:nickel 9:nickel +:nickel 2:nickel +:nickel +:nickel =:nickel
EXPR: 0 | POS | FRA | 11 | 18 | 16.4 | x=((7-1.6)+(9+2)) | x 7 1.6 - 9 2 + + = | x:nickel 7:nickel 1.6:nickel -:nickel 9:nickel 2:nickel +:nickel +:nickel =:nickel
EXPR: 0 | POS | FRA | 11 | 18 | 15.6 | x=(7+((1.6+9)-2)) | x 7 1.6 9 + 2 - + = | x:nickel 7:nickel 1.6:nickel 9:nickel +:nickel 2:nickel -:nickel +:nickel =:nickel
EXPR: 0 | POS | FRA | 11 | 18 | 16.4 | x=(((7-1.6)+9)+2) | x 7 1.6 - 9 + 2 + = | x:nickel 7:nickel 1.6:nickel -:nickel 9:nickel +:nickel 2:nickel +:nickel =:nickel
EXPR: 0 | POS | FRA | 11 | 18 | 12.4 | x=(((7-1.6)+9)-2) | x 7 1.6 - 9 + 2 - = | x:nickel 7:nickel 1.6:nickel -:nickel 9:nickel +:nickel 2:nickel -:nickel =:nickel
EXPR: 0 | POS | FRA | 11 | 18 | 15.6 | x=(7+(1.6+(9-2))) | x 7 1.6 9 2 - + + = | x:nickel 7:nickel 1.6:nickel 9:nickel 2:nickel -:nickel +:nickel +:nickel =:nickel
EXPR: 0 | POS | FRA | 11 | 18 | 5.6 | x=((1.6-(7-2))+9) | x 1.6 7 2 - - 9 + = | x:nickel 1.6:nickel 7:nickel 2:nickel -:nickel -:nickel 9:nickel +:nickel =:nickel
EXPR: 0 | POS | FRA | 11 | 18 | 1.6 | x=((1.6+(7+2))-9) | x 1.6 7 2 + + 9 - = | x:nickel 1.6:nickel 7:nickel 2:nickel +:nickel +:nickel 9:nickel -:nickel =:nickel
EXPR: 0 | POS | FRA | 11 | 18 | 19.6 | x=(7+(1.6+(9+2))) | x 7 1.6 9 2 + + + = | x:nickel 7:nickel 1.6:nickel 9:nickel 2:nickel +:nickel +:nickel +:nickel =:nickel
EXPR: 0 | POS | FRA | 11 | 18 | 19.6 | x=((1.6+(7+2))+9) | x 1.6 7 2 + + 9 + = | x:nickel 1.6:nickel 7:nickel 2:nickel +:nickel +:nickel 9:nickel +:nickel =:nickel
EXPR: 0 | POS | FRA | 11 | 18 | 1.6 | x=((1.6+7)+(2-9)) | x 1.6 7 + 2 9 - + = | x:nickel 1.6:nickel 7:nickel +:nickel 2:nickel 9:nickel -:nickel +:nickel =:nickel
EXPR: 0 | POS | FRA | 11 | 18 | 16.4 | x=(7-((1.6-9)-2)) | x 7 1.6 9 - 2 - - = | x:nickel 7:nickel 1.6:nickel 9:nickel -:nickel 2:nickel -:nickel -:nickel =:nickel
EXPR: 0 | POS | FRA | 11 | 18 | 19.6 | x=((7+(1.6+9))+2) | x 7 1.6 9 + + 2 + = | x:nickel 7:nickel 1.6:nickel 9:nickel +:nickel +:nickel 2:nickel +:nickel =:nickel
EXPR: 0 | POS | FRA | 11 | 18 | 1.6 | x=((1.6-(9-7))+2) | x 1.6 9 7 - - 2 + = | x:nickel 1.6:nickel 9:nickel 7:nickel -:nickel -:nickel 2:nickel +:nickel =:nickel
EXPR: 0 | POS | FRA | 11 | 18 | 1.6 | x=(1.6+((9-7)-2)) | x 1.6 9 7 - 2 - + = | x:nickel 1.6:nickel 9:nickel 7:nickel -:nickel 2:nickel -:nickel +:nickel =:nickel
EXPR: 0 | POS | FRA | 11 | 18 | 15.6 | x=(((1.6+7)-2)+9) | x 1.6 7 + 2 - 9 + = | x:nickel 1.6:nickel 7:nickel +:nickel 2:nickel -:nickel 9:nickel +:nickel =:nickel
EXPR: 0 | POS | FRA | 11 | 18 | 15.6 | x=(1.6+((7-2)+9)) | x 1.6 7 2 - 9 + + = | x:nickel 1.6:nickel 7:nickel 2:nickel -:nickel 9:nickel +:nickel +:nickel =:nickel
EXPR: 0 | POS | FRA | 11 | 18 | 19.6 | x=(1.6+((7+2)+9)) | x 1.6 7 2 + 9 + + = | x:nickel 1.6:nickel 7:nickel 2:nickel +:nickel 9:nickel +:nickel +:nickel =:nickel
EXPR: 0 | POS | FRA | 11 | 18 | 1.6 | x=(1.6+((7+2)-9)) | x 1.6 7 2 + 9 - + = | x:nickel 1.6:nickel 7:nickel 2:nickel +:nickel 9:nickel -:nickel +:nickel =:nickel
EXPR: 0 | POS | FRA | 11 | 18 | 1.6 | x=(1.6-((7+2)-9)) | x 1.6 7 2 + 9 - - = | x:nickel 1.6:nickel 7:nickel 2:nickel +:nickel 9:nickel -:nickel -:nickel =:nickel
EXPR: 0 | POS | FRA | 11 | 18 | 1.6 | x=(1.6-((9-7)-2)) | x 1.6 9 7 - 2 - - = | x:nickel 1.6:nickel 9:nickel 7:nickel -:nickel 2:nickel -:nickel -:nickel =:nickel
EXPR: 0 | POS | FRA | 11 | 18 | 15.6 | x=((1.6+(7-2))+9) | x 1.6 7 2 - + 9 + = | x:nickel 1.6:nickel 7:nickel 2:nickel -:nickel +:nickel 9:nickel +:nickel =:nickel
EXPR: 0 | POS | FRA | 11 | 18 | 15.6 | x=((1.6+7)-(2-9)) | x 1.6 7 + 2 9 - - = | x:nickel 1.6:nickel 7:nickel +:nickel 2:nickel 9:nickel -:nickel -:nickel =:nickel
EXPR: 0 | POS | FRA | 11 | 18 | 5.6 | x=(1.6-((7-2)-9)) | x 1.6 7 2 - 9 - - = | x:nickel 1.6:nickel 7:nickel 2:nickel -:nickel 9:nickel -:nickel -:nickel =:nickel
EXPR: 0 | POS | FRA | 11 | 18 | 1.6 | x=((1.6-7)-(2-9)) | x 1.6 7 - 2 9 - - = | x:nickel 1.6:nickel 7:nickel -:nickel 2:nickel 9:nickel -:nickel -:nickel =:nickel
EXPR: 0 | POS | FRA | 11 | 18 | 1.6 | x=((1.6+(9-7))-2) | x 1.6 9 7 - + 2 - = | x:nickel 1.6:nickel 9:nickel 7:nickel -:nickel +:nickel 2:nickel -:nickel =:nickel
EXPR: 0 | POS | FRA | 11 | 18 | 5.6 | x=((1.6+(9-7))+2) | x 1.6 9 7 - + 2 + = | x:nickel 1.6:nickel 9:nickel 7:nickel -:nickel +:nickel 2:nickel +:nickel =:nickel
EXPR: 0 | POS | FRA | 11 | 18 | 16.4 | x=((7-(1.6-9))+2) | x 7 1.6 9 - - 2 + = | x:nickel 7:nickel 1.6:nickel 9:nickel -:nickel -:nickel 2:nickel +:nickel =:nickel
EXPR: 0 | POS | FRA | 11 | 18 | 5.6 | x=(1.6+((9-7)+2)) | x 1.6 9 7 - 2 + + = | x:nickel 1.6:nickel 9:nickel 7:nickel -:nickel 2:nickel +:nickel +:nickel =:nickel
EXPR: 0 | POS | FRA | 11 | 18 | 1.6 | x=((7+(1.6-9))+2) | x 7 1.6 9 - + 2 + = | x:nickel 7:nickel 1.6:nickel 9:nickel -:nickel +:nickel 2:nickel +:nickel =:nickel
EXPR: 0 | POS | FRA | 11 | 18 | 1.6 | x=(1.6-(9-(7+2))) | x 1.6 9 7 2 + - - = | x:nickel 1.6:nickel 9:nickel 7:nickel 2:nickel +:nickel -:nickel -:nickel =:nickel
EXPR: 0 | POS | FRA | 11 | 18 | 5.6 | x=(1.6+(9-(7-2))) | x 1.6 9 7 2 - - + = | x:nickel 1.6:nickel 9:nickel 7:nickel 2:nickel -:nickel -:nickel +:nickel =:nickel
EXPR: 0 | POS | FRA | 11 | 18 | 1.6 | x=((1.6-(7+2))+9) | x 1.6 7 2 + - 9 + = | x:nickel 1.6:nickel 7:nickel 2:nickel +:nickel -:nickel 9:nickel +:nickel =:nickel
EXPR: 0 | POS | FRA | 12 | 18 | 5.6 | ((x+7)-(1.6+9))=2 | x 7 + 1.6 9 + - 2 = | x:nickel 7:nickel +:nickel 1.6:nickel 9:nickel +:nickel -:nickel 2:nickel =:nickel
EXPR: 0 | POS | FRA | 12 | 18 | 12.4 | (1.6-((7-2)-x))=9 | 1.6 7 2 - x - - 9 = | 1.6:nickel 7:nickel 2:nickel -:nickel x:nickel -:nickel -:nickel 9:nickel =:nickel
EXPR: 0 | POS | FRA | 12 | 18 | 5.6 | 1.6=((7-2)+(x-9)) | 1.6 7 2 - x 9 - + = | 1.6:nickel 7:nickel 2:nickel -:nickel x:nickel 9:nickel -:nickel +:nickel =:nickel
EXPR: 0 | POS | FRA | 12 | 18 | 5.6 | 7=(1.6+(9-(x-2))) | 7 1.6 9 x 2 - - + = | 7:nickel 1.6:nickel 9:nickel x:nickel 2:nickel -:nickel -:nickel +:nickel =:nickel
EXPR: 0 | POS | FRA | 12 | 18 | 12.4 | 7=(x+(1.6-(9-2))) | 7 x 1.6 9 2 - - + = | 7:nickel x:nickel 1.6:nickel 9:nickel 2:nickel -:nickel -:nickel +:nickel =:nickel
EXPR: 0 | POS | FRA | 12 | 18 | 1.6 | 7=(((1.6+9)-2)-x) | 7 1.6 9 + 2 - x - = | 7:nickel 1.6:nickel 9:nickel +:nickel 2:nickel -:nickel x:nickel -:nickel =:nickel
EXPR: 0 | POS | FRA | 12 | 18 | 1.6 | 7=(((1.6-x)+9)-2) | 7 1.6 x - 9 + 2 - = | 7:nickel 1.6:nickel x:nickel -:nickel 9:nickel +:nickel 2:nickel -:nickel =:nickel
EXPR: 0 | POS | FRA | 12 | 18 | 5.6 | 7=(((1.6-x)+9)+2) | 7 1.6 x - 9 + 2 + = | 7:nickel 1.6:nickel x:nickel -:nickel 9:nickel +:nickel 2:nickel +:nickel =:nickel
EXPR: 0 | POS | FRA | 12 | 18 | 2.4 | 1.6=((9-7)-(x-2)) | 1.6 9 7 - x 2 - - = | 1.6:nickel 9:nickel 7:nickel -:nickel x:nickel 2:nickel -:nickel -:nickel =:nickel
EXPR: 0 | POS | FRA | 12 | 18 | 1.6 | 1.6=((x-7)-(2-9)) | 1.6 x 7 - 2 9 - - = | 1.6:nickel x:nickel 7:nickel -:nickel 2:nickel 9:nickel -:nickel -:nickel =:nickel
EXPR: 0 | POS | FRA | 12 | 18 | 5.6 | 1.6=(((7+x)-2)-9) | 1.6 7 x + 2 - 9 - = | 1.6:nickel 7:nickel x:nickel +:nickel 2:nickel -:nickel 9:nickel -:nickel =:nickel
EXPR: 0 | POS | FRA | 12 | 18 | 2.4 | 1.6=(((9-7)+2)-x) | 1.6 9 7 - 2 + x - = | 1.6:nickel 9:nickel 7:nickel -:nickel 2:nickel +:nickel x:nickel -:nickel =:nickel
EXPR: 0 | POS | FRA | 12 | 18 | 16.4 | (1.6-7)=((9-x)+2) | 1.6 7 - 9 x - 2 + = | 1.6:nickel 7:nickel -:nickel 9:nickel x:nickel -:nickel 2:nickel +:nickel =:nickel
EXPR: 0 | POS | FRA | 12 | 18 | 1.6 | 1.6=(9+((x-7)-2)) | 1.6 9 x 7 - 2 - + = | 1.6:nickel 9:nickel x:nickel 7:nickel -:nickel 2:nickel -:nickel +:nickel =:nickel
EXPR: 0 | POS | FRA | 12 | 18 | 2.4 | 1.6=(((9-7)-x)+2) | 1.6 9 7 - x - 2 + = | 1.6:nickel 9:nickel 7:nickel -:nickel x:nickel -:nickel 2:nickel +:nickel =:nickel
EXPR: 0 | POS | FRA | 12 | 18 | 12.4 | (1.6-7)=((9-x)-2) | 1.6 7 - 9 x - 2 - = | 1.6:nickel 7:nickel -:nickel 9:nickel x:nickel -:nickel 2:nickel -:nickel =:nickel
EXPR: 0 | POS | FRA | 12 | 18 | 1.6 | 1.6=(((9-7)+x)-2) | 1.6 9 7 - x + 2 - = | 1.6:nickel 9:nickel 7:nickel -:nickel x:nickel +:nickel 2:nickel -:nickel =:nickel
EXPR: 0 | POS | FRA | 12 | 18 | 12.4 | 1.6=(9+((7-2)-x)) | 1.6 9 7 2 - x - + = | 1.6:nickel 9:nickel 7:nickel 2:nickel -:nickel x:nickel -:nickel +:nickel =:nickel
EXPR: 0 | POS | FRA | 12 | 18 | 16.4 | 1.6=(9-(x-(7+2))) | 1.6 9 x 7 2 + - - = | 1.6:nickel 9:nickel x:nickel 7:nickel 2:nickel +:nickel -:nickel -:nickel =:nickel
EXPR: 0 | POS | FRA | 12 | 18 | 1.6 | 1.6=(9+(x-(7+2))) | 1.6 9 x 7 2 + - + = | 1.6:nickel 9:nickel x:nickel 7:nickel 2:nickel +:nickel -:nickel +:nickel =:nickel
EXPR: 0 | POS | FRA | 12 | 18 | 12.4 | 1.6=(9-(x-(7-2))) | 1.6 9 x 7 2 - - - = | 1.6:nickel 9:nickel x:nickel 7:nickel 2:nickel -:nickel -:nickel -:nickel =:nickel
EXPR: 0 | POS | FRA | 12 | 18 | 2.4 | 1.6=(9-(x+(7-2))) | 1.6 9 x 7 2 - + - = | 1.6:nickel 9:nickel x:nickel 7:nickel 2:nickel -:nickel +:nickel -:nickel =:nickel
EXPR: 0 | POS | FRA | 12 | 18 | 16.4 | 7=(((1.6-9)-2)+x) | 7 1.6 9 - 2 - x + = | 7:nickel 1.6:nickel 9:nickel -:nickel 2:nickel -:nickel x:nickel +:nickel =:nickel
EXPR: 0 | POS | FRA | 12 | 18 | 1.6 | 1.6=(x-(9-(7+2))) | 1.6 x 9 7 2 + - - = | 1.6:nickel x:nickel 9:nickel 7:nickel 2:nickel +:nickel -:nickel -:nickel =:nickel
EXPR: 0 | POS | FRA | 12 | 18 | 19.6 | (((x-1.6)-9)-7)=2 | x 1.6 - 9 - 7 - 2 = | x:nickel 1.6:nickel -:nickel 9:nickel -:nickel 7:nickel -:nickel 2:nickel =:nickel
EXPR: 0 | POS | FRA | 12 | 18 | 19.6 | ((x-1.6)-7)=(9+2) | x 1.6 - 7 - 9 2 + = | x:nickel 1.6:nickel -:nickel 7:nickel -:nickel 9:nickel 2:nickel +:nickel =:nickel
EXPR: 0 | POS | FRA | 12 | 18 | 12.4 | ((x+1.6)-7)=(9-2) | x 1.6 + 7 - 9 2 - = | x:nickel 1.6:nickel +:nickel 7:nickel -:nickel 9:nickel 2:nickel -:nickel =:nickel
EXPR: 0 | POS | FRA | 12 | 18 | 15.6 | (((1.6+9)-x)+7)=2 | 1.6 9 + x - 7 + 2 = | 1.6:nickel 9:nickel +:nickel x:nickel -:nickel 7:nickel +:nickel 2:nickel =:nickel
EXPR: 0 | POS | FRA | 12 | 18 | 19.6 | 1.6=(x-(9+(7+2))) | 1.6 x 9 7 2 + + - = | 1.6:nickel x:nickel 9:nickel 7:nickel 2:nickel +:nickel +:nickel -:nickel =:nickel
EXPR: 0 | POS | FRA | 12 | 18 | 16.4 | ((x+1.6)-7)=(9+2) | x 1.6 + 7 - 9 2 + = | x:nickel 1.6:nickel +:nickel 7:nickel -:nickel 9:nickel 2:nickel +:nickel =:nickel
EXPR: 0 | POS | FRA | 12 | 18 | 5.6 | (((7-1.6)+x)-9)=2 | 7 1.6 - x + 9 - 2 = | 7:nickel 1.6:nickel -:nickel x:nickel +:nickel 9:nickel -:nickel 2:nickel =:nickel
EXPR: 0 | POS | FRA | 12 | 18 | 12.4 | (((7-1.6)-x)+9)=2 | 7 1.6 - x - 9 + 2 = | 7:nickel 1.6:nickel -:nickel x:nickel -:nickel 9:nickel +:nickel 2:nickel =:nickel
EXPR: 0 | POS | FRA | 12 | 18 | 12.4 | (((7-1.6)+9)-x)=2 | 7 1.6 - 9 + x - 2 = | 7:nickel 1.6:nickel -:nickel 9:nickel +:nickel x:nickel -:nickel 2:nickel =:nickel
EXPR: 0 | POS | FRA | 12 | 18 | 5.6 | (((7-1.6)-9)+x)=2 | 7 1.6 - 9 - x + 2 = | 7:nickel 1.6:nickel -:nickel 9:nickel -:nickel x:nickel +:nickel 2:nickel =:nickel
EXPR: 0 | POS | FRA | 12 | 18 | 16.4 | (1.6-7)=(9-(x-2)) | 1.6 7 - 9 x 2 - - = | 1.6:nickel 7:nickel -:nickel 9:nickel x:nickel 2:nickel -:nickel -:nickel =:nickel
EXPR: 0 | POS | FRA | 12 | 18 | 12.4 | (1.6-7)=(9-(x+2)) | 1.6 7 - 9 x 2 + - = | 1.6:nickel 7:nickel -:nickel 9:nickel x:nickel 2:nickel +:nickel -:nickel =:nickel
EXPR: 0 | POS | FRA | 12 | 18 | 16.4 | (((x+1.6)-9)-7)=2 | x 1.6 + 9 - 7 - 2 = | x:nickel 1.6:nickel +:nickel 9:nickel -:nickel 7:nickel -:nickel 2:nickel =:nickel
EXPR: 0 | POS | FRA | 12 | 18 | 5.6 | ((x-1.6)+7)=(9+2) | x 1.6 - 7 + 9 2 + = | x:nickel 1.6:nickel -:nickel 7:nickel +:nickel 9:nickel 2:nickel +:nickel =:nickel
EXPR: 0 | POS | FRA | 12 | 18 | 1.6 | (1.6-7)=((x-9)+2) | 1.6 7 - x 9 - 2 + = | 1.6:nickel 7:nickel -:nickel x:nickel 9:nickel -:nickel 2:nickel +:nickel =:nickel
EXPR: 0 | POS | FRA | 12 | 18 | 2.4 | 1.6=((9-(x+7))+2) | 1.6 9 x 7 + - 2 + = | 1.6:nickel 9:nickel x:nickel 7:nickel +:nickel -:nickel 2:nickel +:nickel =:nickel
EXPR: 0 | POS | FRA | 12 | 18 | 16.4 | 1.6=(9+((7+2)-x)) | 1.6 9 7 2 + x - + = | 1.6:nickel 9:nickel 7:nickel 2:nickel +:nickel x:nickel -:nickel +:nickel =:nickel
EXPR: 0 | POS | FRA | 12 | 18 | 16.4 | 1.6=((9-(x-7))+2) | 1.6 9 x 7 - - 2 + = | 1.6:nickel 9:nickel x:nickel 7:nickel -:nickel -:nickel 2:nickel +:nickel =:nickel
EXPR: 0 | POS | FRA | 12 | 18 | 16.4 | 1.6=(9-((x-7)-2)) | 1.6 9 x 7 - 2 - - = | 1.6:nickel 9:nickel x:nickel 7:nickel -:nickel 2:nickel -:nickel -:nickel =:nickel
EXPR: 0 | POS | FRA | 12 | 18 | 2.4 | 1.6=(9-((7-2)+x)) | 1.6 9 7 2 - x + - = | 1.6:nickel 9:nickel 7:nickel 2:nickel -:nickel x:nickel +:nickel -:nickel =:nickel
EXPR: 0 | POS | FRA | 12 | 18 | 1.6 | (((1.6+9)-7)-x)=2 | 1.6 9 + 7 - x - 2 = | 1.6:nickel 9:nickel +:nickel 7:nickel -:nickel x:nickel -:nickel 2:nickel =:nickel
EXPR: 0 | POS | FRA | 12 | 18 | 15.6 | (((1.6+9)+7)-x)=2 | 1.6 9 + 7 + x - 2 = | 1.6:nickel 9:nickel +:nickel 7:nickel +:nickel x:nickel -:nickel 2:nickel =:nickel
EXPR: 0 | POS | FRA | 12 | 18 | 2.4 | (((x+1.6)-9)+7)=2 | x 1.6 + 9 - 7 + 2 = | x:nickel 1.6:nickel +:nickel 9:nickel -:nickel 7:nickel +:nickel 2:nickel =:nickel
EXPR: 0 | POS | FRA | 12 | 18 | 5.6 | 7=(1.6-((x-9)-2)) | 7 1.6 x 9 - 2 - - = | 7:nickel 1.6:nickel x:nickel 9:nickel -:nickel 2:nickel -:nickel -:nickel =:nickel
EXPR: 0 | POS | FRA | 12 | 18 | 5.6 | (7-((1.6-x)+9))=2 | 7 1.6 x - 9 + - 2 = | 7:nickel 1.6:nickel x:nickel -:nickel 9:nickel +:nickel -:nickel 2:nickel =:nickel
EXPR: 0 | POS | FRA | 12 | 18 | 1.6 | ((x-1.6)+7)=(9-2) | x 1.6 - 7 + 9 2 - = | x:nickel 1.6:nickel -:nickel 7:nickel +:nickel 9:nickel 2:nickel -:nickel =:nickel
EXPR: 0 | POS | FRA | 12 | 18 | 16.4 | (((1.6-9)+x)-7)=2 | 1.6 9 - x + 7 - 2 = | 1.6:nickel 9:nickel -:nickel x:nickel +:nickel 7:nickel -:nickel 2:nickel =:nickel
EXPR: 0 | POS | FRA | 12 | 18 | 15.6 | (7+((1.6-x)+9))=2 | 7 1.6 x - 9 + + 2 = | 7:nickel 1.6:nickel x:nickel -:nickel 9:nickel +:nickel +:nickel 2:nickel =:nickel
EXPR: 0 | POS | FRA | 12 | 18 | 12.4 | (7-((1.6+x)-9))=2 | 7 1.6 x + 9 - - 2 = | 7:nickel 1.6:nickel x:nickel +:nickel 9:nickel -:nickel -:nickel 2:nickel =:nickel
EXPR: 0 | POS | FRA | 12 | 18 | 1.6 | (1.6+((7-x)+2))=9 | 1.6 7 x - 2 + + 9 = | 1.6:nickel 7:nickel x:nickel -:nickel 2:nickel +:nickel +:nickel 9:nickel =:nickel
EXPR: 0 | POS | FRA | 12 | 18 | 1.6 | 1.6=(x+(9-(7+2))) | 1.6 x 9 7 2 + - + = | 1.6:nickel x:nickel 9:nickel 7:nickel 2:nickel +:nickel -:nickel +:nickel =:nickel
EXPR: 0 | POS | FRA | 12 | 18 | 12.4 | 1.6=((7-2)-(x-9)) | 1.6 7 2 - x 9 - - = | 1.6:nickel 7:nickel 2:nickel -:nickel x:nickel 9:nickel -:nickel -:nickel =:nickel
EXPR: 0 | POS | FRA | 12 | 18 | 2.4 | (7+((1.6+x)-9))=2 | 7 1.6 x + 9 - + 2 = | 7:nickel 1.6:nickel x:nickel +:nickel 9:nickel -:nickel +:nickel 2:nickel =:nickel
EXPR: 0 | POS | FRA | 12 | 18 | 1.6 | 1.6=(x+((9-7)-2)) | 1.6 x 9 7 - 2 - + = | 1.6:nickel x:nickel 9:nickel 7:nickel -:nickel 2:nickel -:nickel +:nickel =:nickel
EXPR: 0 | POS | FRA | 12 | 18 | 19.6 | 7=((x-1.6)-(9+2)) | 7 x 1.6 - 9 2 + - = | 7:nickel x:nickel 1.6:nickel -:nickel 9:nickel 2:nickel +:nickel -:nickel =:nickel
EXPR: 0 | POS | FRA | 12 | 18 | 1.6 | 1.6=(x-((9-7)-2)) | 1.6 x 9 7 - 2 - - = | 1.6:nickel x:nickel 9:nickel 7:nickel -:nickel 2:nickel -:nickel -:nickel =:nickel
EXPR: 0 | POS | FRA | 12 | 18 | 15.6 | 1.6=(x-(9+(7-2))) | 1.6 x 9 7 2 - + - = | 1.6:nickel x:nickel 9:nickel 7:nickel 2:nickel -:nickel +:nickel -:nickel =:nickel
EXPR: 0 | POS | FRA | 12 | 18 | 5.6 | 7=(((1.6+9)+2)-x) | 7 1.6 9 + 2 + x - = | 7:nickel 1.6:nickel 9:nickel +:nickel 2:nickel +:nickel x:nickel -:nickel =:nickel
EXPR: 0 | POS | FRA | 12 | 18 | 5.6 | 1.6=(x+((7-2)-9)) | 1.6 x 7 2 - 9 - + = | 1.6:nickel x:nickel 7:nickel 2:nickel -:nickel 9:nickel -:nickel +:nickel =:nickel
EXPR: 0 | POS | FRA | 12 | 18 | 16.4 | (1.6-((7-x)+2))=9 | 1.6 7 x - 2 + - 9 = | 1.6:nickel 7:nickel x:nickel -:nickel 2:nickel +:nickel -:nickel 9:nickel =:nickel
EXPR: 0 | POS | FRA | 12 | 18 | 16.4 | 7=(x+((1.6-9)-2)) | 7 x 1.6 9 - 2 - + = | 7:nickel x:nickel 1.6:nickel 9:nickel -:nickel 2:nickel -:nickel +:nickel =:nickel
EXPR: 0 | POS | FRA | 12 | 18 | 5.6 | 1.6=((7-2)-(9-x)) | 1.6 7 2 - 9 x - - = | 1.6:nickel 7:nickel 2:nickel -:nickel 9:nickel x:nickel -:nickel -:nickel =:nickel
EXPR: 0 | POS | FRA | 12 | 18 | 19.6 | (x-(1.6+7))=(9+2) | x 1.6 7 + - 9 2 + = | x:nickel 1.6:nickel 7:nickel +:nickel -:nickel 9:nickel 2:nickel +:nickel =:nickel
EXPR: 0 | POS | FRA | 12 | 18 | 5.6 | 1.6=(x-((9-7)+2)) | 1.6 x 9 7 - 2 + - = | 1.6:nickel x:nickel 9:nickel 7:nickel -:nickel 2:nickel +:nickel -:nickel =:nickel
EXPR: 0 | POS | FRA | 12 | 18 | 12.4 | 1.6=((7-2)+(9-x)) | 1.6 7 2 - 9 x - + = | 1.6:nickel 7:nickel 2:nickel -:nickel 9:nickel x:nickel -:nickel +:nickel =:nickel
EXPR: 0 | POS | FRA | 12 | 18 | 12.4 | (1.6-((7-x)-2))=9 | 1.6 7 x - 2 - - 9 = | 1.6:nickel 7:nickel x:nickel -:nickel 2:nickel -:nickel -:nickel 9:nickel =:nickel
EXPR: 0 | POS | FRA | 12 | 18 | 16.4 | (((x-7)+1.6)-9)=2 | x 7 - 1.6 + 9 - 2 = | x:nickel 7:nickel -:nickel 1.6:nickel +:nickel 9:nickel -:nickel 2:nickel =:nickel
EXPR: 0 | POS | FRA | 12 | 18 | 15.6 | ((x-1.6)-7)=(9-2) | x 1.6 - 7 - 9 2 - = | x:nickel 1.6:nickel -:nickel 7:nickel -:nickel 9:nickel 2:nickel -:nickel =:nickel
EXPR: 0 | POS | FRA | 12 | 18 | 2.4 | (1.6+((7+x)-2))=9 | 1.6 7 x + 2 - + 9 = | 1.6:nickel 7:nickel x:nickel +:nickel 2:nickel -:nickel +:nickel 9:nickel =:nickel
EXPR: 0 | POS | FRA | 12 | 18 | 16.4 | (x-(7-(1.6-9)))=2 | x 7 1.6 9 - - - 2 = | x:nickel 7:nickel 1.6:nickel 9:nickel -:nickel -:nickel -:nickel 2:nickel =:nickel
EXPR: 0 | POS | FRA | 12 | 18 | 1.6 | (x-(7+(1.6-9)))=2 | x 7 1.6 9 - + - 2 = | x:nickel 7:nickel 1.6:nickel 9:nickel -:nickel +:nickel -:nickel 2:nickel =:nickel
EXPR: 0 | POS | FRA | 12 | 18 | 19.6 | (x-(7+(1.6+9)))=2 | x 7 1.6 9 + + - 2 = | x:nickel 7:nickel 1.6:nickel 9:nickel +:nickel +:nickel -:nickel 2:nickel =:nickel
EXPR: 0 | POS | FRA | 12 | 18 | 2.4 | ((1.6-9)+(x+7))=2 | 1.6 9 - x 7 + + 2 = | 1.6:nickel 9:nickel -:nickel x:nickel 7:nickel +:nickel +:nickel 2:nickel =:nickel
EXPR: 0 | POS | FRA | 12 | 18 | 12.4 | 7=(x+((1.6-9)+2)) | 7 x 1.6 9 - 2 + + = | 7:nickel x:nickel 1.6:nickel 9:nickel -:nickel 2:nickel +:nickel +:nickel =:nickel
EXPR: 0 | POS | FRA | 12 | 18 | 5.6 | 7=((1.6+9)+(2-x)) | 7 1.6 9 + 2 x - + = | 7:nickel 1.6:nickel 9:nickel +:nickel 2:nickel x:nickel -:nickel +:nickel =:nickel
EXPR: 0 | POS | FRA | 12 | 18 | 15.6 | (x-1.6)=(7+(9-2)) | x 1.6 - 7 9 2 - + = | x:nickel 1.6:nickel -:nickel 7:nickel 9:nickel 2:nickel -:nickel +:nickel =:nickel
EXPR: 0 | POS | FRA | 12 | 18 | 12.4 | 7=((1.6-9)+(2+x)) | 7 1.6 9 - 2 x + + = | 7:nickel 1.6:nickel 9:nickel -:nickel 2:nickel x:nickel +:nickel +:nickel =:nickel
EXPR: 0 | POS | FRA | 12 | 18 | 2.4 | 1.6=(9-((x+7)-2)) | 1.6 9 x 7 + 2 - - = | 1.6:nickel 9:nickel x:nickel 7:nickel +:nickel 2:nickel -:nickel -:nickel =:nickel
EXPR: 0 | POS | FRA | 12 | 18 | 16.4 | ((1.6-9)+(x-7))=2 | 1.6 9 - x 7 - + 2 = | 1.6:nickel 9:nickel -:nickel x:nickel 7:nickel -:nickel +:nickel 2:nickel =:nickel
EXPR: 0 | POS | FRA | 12 | 18 | 15.6 | (7-((x-1.6)-9))=2 | 7 x 1.6 - 9 - - 2 = | 7:nickel x:nickel 1.6:nickel -:nickel 9:nickel -:nickel -:nickel 2:nickel =:nickel
EXPR: 0 | POS | FRA | 12 | 18 | 1.6 | 1.6=((x+7)+(2-9)) | 1.6 x 7 + 2 9 - + = | 1.6:nickel x:nickel 7:nickel +:nickel 2:nickel 9:nickel -:nickel +:nickel =:nickel
EXPR: 0 | POS | FRA | 12 | 18 | 19.6 | (x-1.6)=(7+(9+2)) | x 1.6 - 7 9 2 + + = | x:nickel 1.6:nickel -:nickel 7:nickel 9:nickel 2:nickel +:nickel +:nickel =:nickel
EXPR: 0 | POS | FRA | 12 | 18 | 1.6 | (x-1.6)=((7-9)+2) | x 1.6 - 7 9 - 2 + = | x:nickel 1.6:nickel -:nickel 7:nickel 9:nickel -:nickel 2:nickel +:nickel =:nickel
EXPR: 0 | POS | FRA | 12 | 18 | 12.4 | (1.6+(x-7))=(9-2) | 1.6 x 7 - + 9 2 - = | 1.6:nickel x:nickel 7:nickel -:nickel +:nickel 9:nickel 2:nickel -:nickel =:nickel
EXPR: 0 | POS | FRA | 12 | 18 | 16.4 | (1.6+(x-7))=(9+2) | 1.6 x 7 - + 9 2 + = | 1.6:nickel x:nickel 7:nickel -:nickel +:nickel 9:nickel 2:nickel +:nickel =:nickel
EXPR: 0 | POS | FRA | 12 | 18 | 2.4 | (x+(1.6+7))=(9+2) | x 1.6 7 + + 9 2 + = | x:nickel 1.6:nickel 7:nickel +:nickel +:nickel 9:nickel 2:nickel +:nickel =:nickel
EXPR: 0 | POS | FRA | 12 | 18 | 12.4 | 1.6=((7-(2+x))+9) | 1.6 7 2 x + - 9 + = | 1.6:nickel 7:nickel 2:nickel x:nickel +:nickel -:nickel 9:nickel +:nickel =:nickel
EXPR: 0 | POS | FRA | 12 | 18 | 12.4 | (x+1.6)=(7+(9-2)) | x 1.6 + 7 9 2 - + = | x:nickel 1.6:nickel +:nickel 7:nickel 9:nickel 2:nickel -:nickel +:nickel =:nickel
EXPR: 0 | POS | FRA | 12 | 18 | 5.6 | (((x-1.6)-9)+7)=2 | x 1.6 - 9 - 7 + 2 = | x:nickel 1.6:nickel -:nickel 9:nickel -:nickel 7:nickel +:nickel 2:nickel =:nickel
EXPR: 0 | POS | FRA | 12 | 18 | 1.6 | 1.6=((7+2)-(9-x)) | 1.6 7 2 + 9 x - - = | 1.6:nickel 7:nickel 2:nickel +:nickel 9:nickel x:nickel -:nickel -:nickel =:nickel
EXPR: 0 | POS | FRA | 12 | 18 | 16.4 | (x+1.6)=(7+(9+2)) | x 1.6 + 7 9 2 + + = | x:nickel 1.6:nickel +:nickel 7:nickel 9:nickel 2:nickel +:nickel +:nickel =:nickel
EXPR: 0 | POS | FRA | 12 | 18 | 1.6 | 1.6=((7+(2+x))-9) | 1.6 7 2 x + + 9 - = | 1.6:nickel 7:nickel 2:nickel x:nickel +:nickel +:nickel 9:nickel -:nickel =:nickel
EXPR: 0 | POS | FRA | 12 | 18 | 12.4 | 1.6=(((7-2)-x)+9) | 1.6 7 2 - x - 9 + = | 1.6:nickel 7:nickel 2:nickel -:nickel x:nickel -:nickel 9:nickel +:nickel =:nickel
EXPR: 0 | POS | FRA | 12 | 18 | 1.6 | (x-(1.6-(9-7)))=2 | x 1.6 9 7 - - - 2 = | x:nickel 1.6:nickel 9:nickel 7:nickel -:nickel -:nickel -:nickel 2:nickel =:nickel
EXPR: 0 | POS | FRA | 12 | 18 | 16.4 | 1.6=((7+(2-x))+9) | 1.6 7 2 x - + 9 + = | 1.6:nickel 7:nickel 2:nickel x:nickel -:nickel +:nickel 9:nickel +:nickel =:nickel
EXPR: 0 | POS | FRA | 12 | 18 | 1.6 | (1.6-(x-7))=(9-2) | 1.6 x 7 - - 9 2 - = | 1.6:nickel x:nickel 7:nickel -:nickel -:nickel 9:nickel 2:nickel -:nickel =:nickel
EXPR: 0 | POS | FRA | 12 | 18 | 12.4 | 1.6=(((9-x)+7)-2) | 1.6 9 x - 7 + 2 - = | 1.6:nickel 9:nickel x:nickel -:nickel 7:nickel +:nickel 2:nickel -:nickel =:nickel
EXPR: 0 | POS | FRA | 12 | 18 | 16.4 | 7=((1.6-9)-(2-x)) | 7 1.6 9 - 2 x - - = | 7:nickel 1.6:nickel 9:nickel -:nickel 2:nickel x:nickel -:nickel -:nickel =:nickel
EXPR: 0 | POS | FRA | 12 | 18 | 16.4 | 7=(1.6+((x-9)-2)) | 7 1.6 x 9 - 2 - + = | 7:nickel 1.6:nickel x:nickel 9:nickel -:nickel 2:nickel -:nickel +:nickel =:nickel
EXPR: 0 | POS | FRA | 12 | 18 | 1.6 | (1.6-7)=(x-(9-2)) | 1.6 7 - x 9 2 - - = | 1.6:nickel 7:nickel -:nickel x:nickel 9:nickel 2:nickel -:nickel -:nickel =:nickel
EXPR: 0 | POS | FRA | 12 | 18 | 2.4 | 1.6=(((9-x)-7)+2) | 1.6 9 x - 7 - 2 + = | 1.6:nickel 9:nickel x:nickel -:nickel 7:nickel -:nickel 2:nickel +:nickel =:nickel
EXPR: 0 | POS | FRA | 12 | 18 | 12.4 | 1.6=((7-(x+2))+9) | 1.6 7 x 2 + - 9 + = | 1.6:nickel 7:nickel x:nickel 2:nickel +:nickel -:nickel 9:nickel +:nickel =:nickel
EXPR: 0 | POS | FRA | 12 | 18 | 16.4 | 1.6=((7+2)+(9-x)) | 1.6 7 2 + 9 x - + = | 1.6:nickel 7:nickel 2:nickel +:nickel 9:nickel x:nickel -:nickel +:nickel =:nickel
EXPR: 0 | POS | FRA | 12 | 18 | 12.4 | 7=(1.6+((x-9)+2)) | 7 1.6 x 9 - 2 + + = | 7:nickel 1.6:nickel x:nickel 9:nickel -:nickel 2:nickel +:nickel +:nickel =:nickel
EXPR: 0 | POS | FRA | 12 | 18 | 12.4 | (7-(1.6-(9-x)))=2 | 7 1.6 9 x - - - 2 = | 7:nickel 1.6:nickel 9:nickel x:nickel -:nickel -:nickel -:nickel 2:nickel =:nickel
EXPR: 0 | POS | FRA | 12 | 18 | 5.6 | 1.6=((7+(x-2))-9) | 1.6 7 x 2 - + 9 - = | 1.6:nickel 7:nickel x:nickel 2:nickel -:nickel +:nickel 9:nickel -:nickel =:nickel
EXPR: 0 | POS | FRA | 12 | 18 | 5.6 | (x-(1.6+(9-7)))=2 | x 1.6 9 7 - + - 2 = | x:nickel 1.6:nickel 9:nickel 7:nickel -:nickel +:nickel -:nickel 2:nickel =:nickel
EXPR: 0 | POS | FRA | 12 | 18 | 2.4 | (x+(1.6-(9-7)))=2 | x 1.6 9 7 - - + 2 = | x:nickel 1.6:nickel 9:nickel 7:nickel -:nickel -:nickel +:nickel 2:nickel =:nickel
EXPR: 0 | POS | FRA | 12 | 18 | 16.4 | 1.6=(((9-x)+7)+2) | 1.6 9 x - 7 + 2 + = | 1.6:nickel 9:nickel x:nickel -:nickel 7:nickel +:nickel 2:nickel +:nickel =:nickel
EXPR: 0 | POS | FRA | 12 | 18 | 5.6 | (7-(1.6+(9-x)))=2 | 7 1.6 9 x - + - 2 = | 7:nickel 1.6:nickel 9:nickel x:nickel -:nickel +:nickel -:nickel 2:nickel =:nickel
EXPR: 0 | POS | FRA | 12 | 18 | 1.6 | 7=(1.6+((9-2)-x)) | 7 1.6 9 2 - x - + = | 7:nickel 1.6:nickel 9:nickel 2:nickel -:nickel x:nickel -:nickel +:nickel =:nickel
EXPR: 0 | POS | FRA | 12 | 18 | 16.4 | (1.6-(9-(x-7)))=2 | 1.6 9 x 7 - - - 2 = | 1.6:nickel 9:nickel x:nickel 7:nickel -:nickel -:nickel -:nickel 2:nickel =:nickel
EXPR: 0 | POS | FRA | 12 | 18 | 5.6 | (7-(1.6-(x-9)))=2 | 7 1.6 x 9 - - - 2 = | 7:nickel 1.6:nickel x:nickel 9:nickel -:nickel -:nickel -:nickel 2:nickel =:nickel
EXPR: 0 | POS | FRA | 12 | 18 | 16.4 | 7=((1.6-(9+2))+x) | 7 1.6 9 2 + - x + = | 7:nickel 1.6:nickel 9:nickel 2:nickel +:nickel -:nickel x:nickel +:nickel =:nickel
EXPR: 0 | POS | FRA | 12 | 18 | 5.6 | (1.6-7)=(x-(9+2)) | 1.6 7 - x 9 2 + - = | 1.6:nickel 7:nickel -:nickel x:nickel 9:nickel 2:nickel +:nickel -:nickel =:nickel
EXPR: 0 | POS | FRA | 12 | 18 | 1.6 | 1.6=((7+(x+2))-9) | 1.6 7 x 2 + + 9 - = | 1.6:nickel 7:nickel x:nickel 2:nickel +:nickel +:nickel 9:nickel -:nickel =:nickel
EXPR: 0 | POS | FRA | 12 | 18 | 15.6 | (7+(1.6+(9-x)))=2 | 7 1.6 9 x - + + 2 = | 7:nickel 1.6:nickel 9:nickel x:nickel -:nickel +:nickel +:nickel 2:nickel =:nickel
EXPR: 0 | POS | FRA | 12 | 18 | 15.6 | (7+(1.6-(x-9)))=2 | 7 1.6 x 9 - - + 2 = | 7:nickel 1.6:nickel x:nickel 9:nickel -:nickel -:nickel +:nickel 2:nickel =:nickel
EXPR: 0 | POS | FRA | 12 | 18 | 16.4 | 1.6=((7-(x-2))+9) | 1.6 7 x 2 - - 9 + = | 1.6:nickel 7:nickel x:nickel 2:nickel -:nickel -:nickel 9:nickel +:nickel =:nickel
EXPR: 0 | POS | FRA | 12 | 18 | 12.4 | 7=(1.6-((9-2)-x)) | 7 1.6 9 2 - x - - = | 7:nickel 1.6:nickel 9:nickel 2:nickel -:nickel x:nickel -:nickel -:nickel =:nickel
EXPR: 0 | POS | FRA | 12 | 18 | 5.6 | 7=(1.6+(9+(2-x))) | 7 1.6 9 2 x - + + = | 7:nickel 1.6:nickel 9:nickel 2:nickel x:nickel -:nickel +:nickel +:nickel =:nickel
EXPR: 0 | POS | FRA | 12 | 18 | 16.4 | 7=(1.6-(9+(2-x))) | 7 1.6 9 2 x - + - = | 7:nickel 1.6:nickel 9:nickel 2:nickel x:nickel -:nickel +:nickel -:nickel =:nickel
EXPR: 0 | POS | FRA | 12 | 18 | 2.4 | (1.6+(7-(2-x)))=9 | 1.6 7 2 x - - + 9 = | 1.6:nickel 7:nickel 2:nickel x:nickel -:nickel -:nickel +:nickel 9:nickel =:nickel
EXPR: 0 | POS | FRA | 12 | 18 | 15.6 | ((1.6+9)-(x-7))=2 | 1.6 9 + x 7 - - 2 = | 1.6:nickel 9:nickel +:nickel x:nickel 7:nickel -:nickel -:nickel 2:nickel =:nickel
EXPR: 0 | POS | FRA | 12 | 18 | 19.6 | 7=(x-((1.6+9)+2)) | 7 x 1.6 9 + 2 + - = | 7:nickel x:nickel 1.6:nickel 9:nickel +:nickel 2:nickel +:nickel -:nickel =:nickel
EXPR: 0 | POS | FRA | 12 | 18 | 5.6 | ((x-1.6)-(9-7))=2 | x 1.6 - 9 7 - - 2 = | x:nickel 1.6:nickel -:nickel 9:nickel 7:nickel -:nickel -:nickel 2:nickel =:nickel
EXPR: 0 | POS | FRA | 12 | 18 | 16.4 | (1.6-(7+(2-x)))=9 | 1.6 7 2 x - + - 9 = | 1.6:nickel 7:nickel 2:nickel x:nickel -:nickel +:nickel -:nickel 9:nickel =:nickel
EXPR: 0 | POS | FRA | 12 | 18 | 1.6 | 1.6=(7+((2+x)-9)) | 1.6 7 2 x + 9 - + = | 1.6:nickel 7:nickel 2:nickel x:nickel +:nickel 9:nickel -:nickel +:nickel =:nickel
EXPR: 0 | POS | FRA | 12 | 18 | 12.4 | 7=((1.6-(9-2))+x) | 7 1.6 9 2 - - x + = | 7:nickel 1.6:nickel 9:nickel 2:nickel -:nickel -:nickel x:nickel +:nickel =:nickel
EXPR: 0 | POS | FRA | 12 | 18 | 1.6 | (1.6+(7+(2-x)))=9 | 1.6 7 2 x - + + 9 = | 1.6:nickel 7:nickel 2:nickel x:nickel -:nickel +:nickel +:nickel 9:nickel =:nickel
EXPR: 0 | POS | FRA | 12 | 18 | 1.6 | 7=((1.6+(9-2))-x) | 7 1.6 9 2 - + x - = | 7:nickel 1.6:nickel 9:nickel 2:nickel -:nickel +:nickel x:nickel -:nickel =:nickel
EXPR: 0 | POS | FRA | 12 | 18 | 16.4 | 7=((1.6+(x-9))-2) | 7 1.6 x 9 - + 2 - = | 7:nickel 1.6:nickel x:nickel 9:nickel -:nickel +:nickel 2:nickel -:nickel =:nickel
EXPR: 0 | POS | FRA | 12 | 18 | 12.4 | 1.6=(7-((2+x)-9)) | 1.6 7 2 x + 9 - - = | 1.6:nickel 7:nickel 2:nickel x:nickel +:nickel 9:nickel -:nickel -:nickel =:nickel
EXPR: 0 | POS | FRA | 12 | 18 | 12.4 | 1.6=(9+((7-x)-2)) | 1.6 9 7 x - 2 - + = | 1.6:nickel 9:nickel 7:nickel x:nickel -:nickel 2:nickel -:nickel +:nickel =:nickel
EXPR: 0 | POS | FRA | 12 | 18 | 12.4 | (1.6-(7-(2+x)))=9 | 1.6 7 2 x + - - 9 = | 1.6:nickel 7:nickel 2:nickel x:nickel +:nickel -:nickel -:nickel 9:nickel =:nickel
EXPR: 0 | POS | FRA | 12 | 18 | 12.4 | 7=(1.6-(9-(2+x))) | 7 1.6 9 2 x + - - = | 7:nickel 1.6:nickel 9:nickel 2:nickel x:nickel +:nickel -:nickel -:nickel =:nickel
EXPR: 0 | POS | FRA | 12 | 18 | 5.6 | 7=((1.6+9)-(x-2)) | 7 1.6 9 + x 2 - - = | 7:nickel 1.6:nickel 9:nickel +:nickel x:nickel 2:nickel -:nickel -:nickel =:nickel
EXPR: 0 | POS | FRA | 12 | 18 | 1.6 | (1.6-x)=((7-9)+2) | 1.6 x - 7 9 - 2 + = | 1.6:nickel x:nickel -:nickel 7:nickel 9:nickel -:nickel 2:nickel +:nickel =:nickel
EXPR: 0 | POS | FRA | 12 | 18 | 16.4 | (1.6-(7-x))=(9+2) | 1.6 7 x - - 9 2 + = | 1.6:nickel 7:nickel x:nickel -:nickel -:nickel 9:nickel 2:nickel +:nickel =:nickel
EXPR: 0 | POS | FRA | 12 | 18 | 12.4 | 1.6=(((7-x)-2)+9) | 1.6 7 x - 2 - 9 + = | 1.6:nickel 7:nickel x:nickel -:nickel 2:nickel -:nickel 9:nickel +:nickel =:nickel
EXPR: 0 | POS | FRA | 12 | 18 | 1.6 | (1.6-(7-9))=(x+2) | 1.6 7 9 - - x 2 + = | 1.6:nickel 7:nickel 9:nickel -:nickel -:nickel x:nickel 2:nickel +:nickel =:nickel
EXPR: 0 | POS | FRA | 12 | 18 | 5.6 | (1.6-x)=((7-9)-2) | 1.6 x - 7 9 - 2 - = | 1.6:nickel x:nickel -:nickel 7:nickel 9:nickel -:nickel 2:nickel -:nickel =:nickel
EXPR: 0 | POS | FRA | 12 | 18 | 5.6 | (1.6-(7-9))=(x-2) | 1.6 7 9 - - x 2 - = | 1.6:nickel 7:nickel 9:nickel -:nickel -:nickel x:nickel 2:nickel -:nickel =:nickel
EXPR: 0 | POS | FRA | 12 | 18 | 15.6 | 7=(((x-1.6)-9)+2) | 7 x 1.6 - 9 - 2 + = | 7:nickel x:nickel 1.6:nickel -:nickel 9:nickel -:nickel 2:nickel +:nickel =:nickel
EXPR: 0 | POS | FRA | 12 | 18 | 12.4 | 7=(1.6-(9-(x+2))) | 7 1.6 9 x 2 + - - = | 7:nickel 1.6:nickel 9:nickel x:nickel 2:nickel +:nickel -:nickel -:nickel =:nickel
EXPR: 0 | POS | FRA | 12 | 18 | 1.6 | 7=(((x-1.6)+9)-2) | 7 x 1.6 - 9 + 2 - = | 7:nickel x:nickel 1.6:nickel -:nickel 9:nickel +:nickel 2:nickel -:nickel =:nickel
EXPR: 0 | POS | FRA | 12 | 18 | 16.4 | 1.6=(((7-x)+2)+9) | 1.6 7 x - 2 + 9 + = | 1.6:nickel 7:nickel x:nickel -:nickel 2:nickel +:nickel 9:nickel +:nickel =:nickel
EXPR: 0 | POS | FRA | 12 | 18 | 16.4 | 7=(x+(1.6-(9+2))) | 7 x 1.6 9 2 + - + = | 7:nickel x:nickel 1.6:nickel 9:nickel 2:nickel +:nickel -:nickel +:nickel =:nickel
EXPR: 0 | POS | FRA | 12 | 18 | 19.6 | 7=(((x-1.6)-9)-2) | 7 x 1.6 - 9 - 2 - = | 7:nickel x:nickel 1.6:nickel -:nickel 9:nickel -:nickel 2:nickel -:nickel =:nickel
EXPR: 0 | POS | FRA | 12 | 18 | 1.6 | (x-1.6)=(7-(9-2)) | x 1.6 - 7 9 2 - - = | x:nickel 1.6:nickel -:nickel 7:nickel 9:nickel 2:nickel -:nickel -:nickel =:nickel
EXPR: 0 | POS | FRA | 12 | 18 | 1.6 | 7=(1.6+(9-(x+2))) | 7 1.6 9 x 2 + - + = | 7:nickel 1.6:nickel 9:nickel x:nickel 2:nickel +:nickel -:nickel +:nickel =:nickel
EXPR: 0 | POS | FRA | 12 | 18 | 12.4 | 1.6=(9-((x-7)+2)) | 1.6 9 x 7 - 2 + - = | 1.6:nickel 9:nickel x:nickel 7:nickel -:nickel 2:nickel +:nickel -:nickel =:nickel
EXPR: 0 | POS | FRA | 12 | 18 | 1.6 | 7=((x-1.6)+(9-2)) | 7 x 1.6 - 9 2 - + = | 7:nickel x:nickel 1.6:nickel -:nickel 9:nickel 2:nickel -:nickel +:nickel =:nickel
EXPR: 0 | POS | FRA | 12 | 18 | 1.6 | 1.6=(((7+x)+2)-9) | 1.6 7 x + 2 + 9 - = | 1.6:nickel 7:nickel x:nickel +:nickel 2:nickel +:nickel 9:nickel -:nickel =:nickel
EXPR: 0 | POS | FRA | 12 | 18 | 16.4 | 7=(1.6-(9-(x-2))) | 7 1.6 9 x 2 - - - = | 7:nickel 1.6:nickel 9:nickel x:nickel 2:nickel -:nickel -:nickel -:nickel =:nickel
EXPR: 0 | POS | FRA | 12 | 18 | 1.6 | (((1.6+9)-x)-7)=2 | 1.6 9 + x - 7 - 2 = | 1.6:nickel 9:nickel +:nickel x:nickel -:nickel 7:nickel -:nickel 2:nickel =:nickel
EXPR: 0 | POS | FRA | 12 | 18 | 2.4 | ((x+7)+(1.6-9))=2 | x 7 + 1.6 9 - + 2 = | x:nickel 7:nickel +:nickel 1.6:nickel 9:nickel -:nickel +:nickel 2:nickel =:nickel
EXPR: 0 | POS | FRA | 12 | 18 | 12.4 | (1.6+x)=((7+9)-2) | 1.6 x + 7 9 + 2 - = | 1.6:nickel x:nickel +:nickel 7:nickel 9:nickel +:nickel 2:nickel -:nickel =:nickel
EXPR: 0 | POS | FRA | 12 | 18 | 5.6 | 1.6=(((7-2)-9)+x) | 1.6 7 2 - 9 - x + = | 1.6:nickel 7:nickel 2:nickel -:nickel 9:nickel -:nickel x:nickel +:nickel =:nickel
EXPR: 0 | POS | FRA | 12 | 18 | 1.6 | 7=((1.6-x)+(9-2)) | 7 1.6 x - 9 2 - + = | 7:nickel 1.6:nickel x:nickel -:nickel 9:nickel 2:nickel -:nickel +:nickel =:nickel
EXPR: 0 | POS | FRA | 12 | 18 | 16.4 | (1.6+x)=((7+9)+2) | 1.6 x + 7 9 + 2 + = | 1.6:nickel x:nickel +:nickel 7:nickel 9:nickel +:nickel 2:nickel +:nickel =:nickel
EXPR: 0 | POS | FRA | 12 | 18 | 15.6 | 7=((x-1.6)-(9-2)) | 7 x 1.6 - 9 2 - - = | 7:nickel x:nickel 1.6:nickel -:nickel 9:nickel 2:nickel -:nickel -:nickel =:nickel
EXPR: 0 | POS | FRA | 12 | 18 | 19.6 | ((x-(1.6+9))-7)=2 | x 1.6 9 + - 7 - 2 = | x:nickel 1.6:nickel 9:nickel +:nickel -:nickel 7:nickel -:nickel 2:nickel =:nickel
EXPR: 0 | POS | FRA | 12 | 18 | 16.4 | 1.6=(9+((7-x)+2)) | 1.6 9 7 x - 2 + + = | 1.6:nickel 9:nickel 7:nickel x:nickel -:nickel 2:nickel +:nickel +:nickel =:nickel
EXPR: 0 | POS | FRA | 12 | 18 | 1.6 | 7=(x-(1.6-(9-2))) | 7 x 1.6 9 2 - - - = | 7:nickel x:nickel 1.6:nickel 9:nickel 2:nickel -:nickel -:nickel -:nickel =:nickel
EXPR: 0 | POS | FRA | 12 | 18 | 1.6 | (1.6+(7-9))=(x-2) | 1.6 7 9 - + x 2 - = | 1.6:nickel 7:nickel 9:nickel -:nickel +:nickel x:nickel 2:nickel -:nickel =:nickel
EXPR: 0 | POS | FRA | 12 | 18 | 5.6 | ((x-(1.6+9))+7)=2 | x 1.6 9 + - 7 + 2 = | x:nickel 1.6:nickel 9:nickel +:nickel -:nickel 7:nickel +:nickel 2:nickel =:nickel
EXPR: 0 | POS | FRA | 12 | 18 | 2.4 | (x+(7+(1.6-9)))=2 | x 7 1.6 9 - + + 2 = | x:nickel 7:nickel 1.6:nickel 9:nickel -:nickel +:nickel +:nickel 2:nickel =:nickel
EXPR: 0 | POS | FRA | 12 | 18 | 5.6 | 7=((1.6+(9+2))-x) | 7 1.6 9 2 + + x - = | 7:nickel 1.6:nickel 9:nickel 2:nickel +:nickel +:nickel x:nickel -:nickel =:nickel
EXPR: 0 | POS | FRA | 12 | 18 | 12.4 | 7=((1.6+x)-(9-2)) | 7 1.6 x + 9 2 - - = | 7:nickel 1.6:nickel x:nickel +:nickel 9:nickel 2:nickel -:nickel -:nickel =:nickel
EXPR: 0 | POS | FRA | 12 | 18 | 16.4 | 7=((1.6+x)-(9+2)) | 7 1.6 x + 9 2 + - = | 7:nickel 1.6:nickel x:nickel +:nickel 9:nickel 2:nickel +:nickel -:nickel =:nickel
EXPR: 0 | POS | FRA | 12 | 18 | 12.4 | 1.6=(((7-2)+9)-x) | 1.6 7 2 - 9 + x - = | 1.6:nickel 7:nickel 2:nickel -:nickel 9:nickel +:nickel x:nickel -:nickel =:nickel
EXPR: 0 | POS | FRA | 12 | 18 | 1.6 | (1.6-x)=(7-(9-2)) | 1.6 x - 7 9 2 - - = | 1.6:nickel x:nickel -:nickel 7:nickel 9:nickel 2:nickel -:nickel -:nickel =:nickel
EXPR: 0 | POS | FRA | 12 | 18 | 19.6 | ((x-(1.6+7))-2)=9 | x 1.6 7 + - 2 - 9 = | x:nickel 1.6:nickel 7:nickel +:nickel -:nickel 2:nickel -:nickel 9:nickel =:nickel
EXPR: 0 | POS | FRA | 12 | 18 | 1.6 | ((1.6+9)-(x+7))=2 | 1.6 9 + x 7 + - 2 = | 1.6:nickel 9:nickel +:nickel x:nickel 7:nickel +:nickel -:nickel 2:nickel =:nickel
EXPR: 0 | POS | FRA | 12 | 18 | 12.4 | ((x+1.6)-(7-2))=9 | x 1.6 + 7 2 - - 9 = | x:nickel 1.6:nickel +:nickel 7:nickel 2:nickel -:nickel -:nickel 9:nickel =:nickel
EXPR: 0 | POS | FRA | 12 | 18 | 16.4 | ((x+1.6)-(7+2))=9 | x 1.6 + 7 2 + - 9 = | x:nickel 1.6:nickel +:nickel 7:nickel 2:nickel +:nickel -:nickel 9:nickel =:nickel
EXPR: 0 | POS | FRA | 12 | 18 | 5.6 | 7=(1.6+((9+2)-x)) | 7 1.6 9 2 + x - + = | 7:nickel 1.6:nickel 9:nickel 2:nickel +:nickel x:nickel -:nickel +:nickel =:nickel
EXPR: 0 | POS | FRA | 12 | 18 | 2.4 | (1.6+7)=(9-(x-2)) | 1.6 7 + 9 x 2 - - = | 1.6:nickel 7:nickel +:nickel 9:nickel x:nickel 2:nickel -:nickel -:nickel =:nickel
EXPR: 0 | POS | FRA | 12 | 18 | 5.6 | (7+((x-1.6)-9))=2 | 7 x 1.6 - 9 - + 2 = | 7:nickel x:nickel 1.6:nickel -:nickel 9:nickel -:nickel +:nickel 2:nickel =:nickel
EXPR: 0 | POS | FRA | 12 | 18 | 16.4 | 1.6=(9+(7-(x-2))) | 1.6 9 7 x 2 - - + = | 1.6:nickel 9:nickel 7:nickel x:nickel 2:nickel -:nickel -:nickel +:nickel =:nickel
EXPR: 0 | POS | FRA | 12 | 18 | 19.6 | ((x-1.6)-(7+2))=9 | x 1.6 - 7 2 + - 9 = | x:nickel 1.6:nickel -:nickel 7:nickel 2:nickel +:nickel -:nickel 9:nickel =:nickel
EXPR: 0 | POS | FRA | 12 | 18 | 1.6 | ((1.6-x)+7)=(9-2) | 1.6 x - 7 + 9 2 - = | 1.6:nickel x:nickel -:nickel 7:nickel +:nickel 9:nickel 2:nickel -:nickel =:nickel
EXPR: 0 | POS | FRA | 12 | 18 | 5.6 | (x+(7-(1.6+9)))=2 | x 7 1.6 9 + - + 2 = | x:nickel 7:nickel 1.6:nickel 9:nickel +:nickel -:nickel +:nickel 2:nickel =:nickel
EXPR: 0 | POS | FRA | 12 | 18 | 16.4 | ((1.6-(7+2))+x)=9 | 1.6 7 2 + - x + 9 = | 1.6:nickel 7:nickel 2:nickel +:nickel -:nickel x:nickel +:nickel 9:nickel =:nickel
EXPR: 0 | POS | FRA | 12 | 18 | 16.4 | 1.6=(9+(7+(2-x))) | 1.6 9 7 2 x - + + = | 1.6:nickel 9:nickel 7:nickel 2:nickel x:nickel -:nickel +:nickel +:nickel =:nickel
EXPR: 0 | POS | FRA | 12 | 18 | 1.6 | 1.6=(9-(7+(2-x))) | 1.6 9 7 2 x - + - = | 1.6:nickel 9:nickel 7:nickel 2:nickel x:nickel -:nickel +:nickel -:nickel =:nickel
EXPR: 0 | POS | FRA | 12 | 18 | 12.4 | (7-((1.6-9)+x))=2 | 7 1.6 9 - x + - 2 = | 7:nickel 1.6:nickel 9:nickel -:nickel x:nickel +:nickel -:nickel 2:nickel =:nickel
EXPR: 0 | POS | FRA | 12 | 18 | 12.4 | 1.6=(9+(7-(x+2))) | 1.6 9 7 x 2 + - + = | 1.6:nickel 9:nickel 7:nickel x:nickel 2:nickel +:nickel -:nickel +:nickel =:nickel
EXPR: 0 | POS | FRA | 12 | 18 | 5.6 | 1.6=(((7-2)+x)-9) | 1.6 7 2 - x + 9 - = | 1.6:nickel 7:nickel 2:nickel -:nickel x:nickel +:nickel 9:nickel -:nickel =:nickel
EXPR: 0 | POS | FRA | 12 | 18 | 5.6 | (1.6-7)=((x-9)-2) | 1.6 7 - x 9 - 2 - = | 1.6:nickel 7:nickel -:nickel x:nickel 9:nickel -:nickel 2:nickel -:nickel =:nickel
EXPR: 0 | POS | FRA | 12 | 18 | 15.6 | ((x-(1.6+7))+2)=9 | x 1.6 7 + - 2 + 9 = | x:nickel 1.6:nickel 7:nickel +:nickel -:nickel 2:nickel +:nickel 9:nickel =:nickel
EXPR: 0 | POS | FRA | 12 | 18 | 1.6 | 7=((1.6+9)-(x+2)) | 7 1.6 9 + x 2 + - = | 7:nickel 1.6:nickel 9:nickel +:nickel x:nickel 2:nickel +:nickel -:nickel =:nickel
EXPR: 0 | POS | FRA | 12 | 18 | 16.4 | ((1.6+x)-(7+2))=9 | 1.6 x + 7 2 + - 9 = | 1.6:nickel x:nickel +:nickel 7:nickel 2:nickel +:nickel -:nickel 9:nickel =:nickel
EXPR: 0 | POS | FRA | 12 | 18 | 1.6 | 1.6=((7+x)+(2-9)) | 1.6 7 x + 2 9 - + = | 1.6:nickel 7:nickel x:nickel +:nickel 2:nickel 9:nickel -:nickel +:nickel =:nickel
EXPR: 0 | POS | FRA | 12 | 18 | 1.6 | 1.6=(9-((7+2)-x)) | 1.6 9 7 2 + x - - = | 1.6:nickel 9:nickel 7:nickel 2:nickel +:nickel x:nickel -:nickel -:nickel =:nickel
EXPR: 0 | POS | FRA | 12 | 18 | 15.6 | 1.6=(((x-7)+2)-9) | 1.6 x 7 - 2 + 9 - = | 1.6:nickel x:nickel 7:nickel -:nickel 2:nickel +:nickel 9:nickel -:nickel =:nickel
EXPR: 0 | POS | FRA | 12 | 18 | 16.4 | ((1.6-9)-(7-x))=2 | 1.6 9 - 7 x - - 2 = | 1.6:nickel 9:nickel -:nickel 7:nickel x:nickel -:nickel -:nickel 2:nickel =:nickel
EXPR: 0 | POS | FRA | 12 | 18 | 1.6 | 7=(((1.6+9)-x)-2) | 7 1.6 9 + x - 2 - = | 7:nickel 1.6:nickel 9:nickel +:nickel x:nickel -:nickel 2:nickel -:nickel =:nickel
EXPR: 0 | POS | FRA | 12 | 18 | 1.6 | ((1.6-x)+(7+2))=9 | 1.6 x - 7 2 + + 9 = | 1.6:nickel x:nickel -:nickel 7:nickel 2:nickel +:nickel +:nickel 9:nickel =:nickel
EXPR: 0 | POS | FRA | 12 | 18 | 15.6 | ((1.6+9)+(7-x))=2 | 1.6 9 + 7 x - + 2 = | 1.6:nickel 9:nickel +:nickel 7:nickel x:nickel -:nickel +:nickel 2:nickel =:nickel
EXPR: 0 | POS | FRA | 12 | 18 | 5.6 | 7=(((1.6+9)-x)+2) | 7 1.6 9 + x - 2 + = | 7:nickel 1.6:nickel 9:nickel +:nickel x:nickel -:nickel 2:nickel +:nickel =:nickel
EXPR: 0 | POS | FRA | 12 | 18 | 2.4 | 1.6=(9-(7-(2-x))) | 1.6 9 7 2 x - - - = | 1.6:nickel 9:nickel 7:nickel 2:nickel x:nickel -:nickel -:nickel -:nickel =:nickel
EXPR: 0 | POS | FRA | 12 | 18 | 1.6 | (1.6-(7-9))=(2+x) | 1.6 7 9 - - 2 x + = | 1.6:nickel 7:nickel 9:nickel -:nickel -:nickel 2:nickel x:nickel +:nickel =:nickel
EXPR: 0 | POS | FRA | 12 | 18 | 19.6 | 1.6=(((x-7)-2)-9) | 1.6 x 7 - 2 - 9 - = | 1.6:nickel x:nickel 7:nickel -:nickel 2:nickel -:nickel 9:nickel -:nickel =:nickel
EXPR: 0 | POS | FRA | 12 | 18 | 12.4 | ((1.6+x)-(7-2))=9 | 1.6 x + 7 2 - - 9 = | 1.6:nickel x:nickel +:nickel 7:nickel 2:nickel -:nickel -:nickel 9:nickel =:nickel
EXPR: 0 | POS | FRA | 12 | 18 | 5.6 | 7=((1.6-(x-9))+2) | 7 1.6 x 9 - - 2 + = | 7:nickel 1.6:nickel x:nickel 9:nickel -:nickel -:nickel 2:nickel +:nickel =:nickel
EXPR: 0 | POS | FRA | 12 | 18 | 1.6 | ((1.6+9)-(7+x))=2 | 1.6 9 + 7 x + - 2 = | 1.6:nickel 9:nickel +:nickel 7:nickel x:nickel +:nickel -:nickel 2:nickel =:nickel
EXPR: 0 | POS | FRA | 12 | 18 | 16.4 | ((1.6-7)-(2-x))=9 | 1.6 7 - 2 x - - 9 = | 1.6:nickel 7:nickel -:nickel 2:nickel x:nickel -:nickel -:nickel 9:nickel =:nickel
EXPR: 0 | POS | FRA | 12 | 18 | 12.4 | 1.6=(9+(7-(2+x))) | 1.6 9 7 2 x + - + = | 1.6:nickel 9:nickel 7:nickel 2:nickel x:nickel +:nickel -:nickel +:nickel =:nickel
EXPR: 0 | POS | FRA | 12 | 18 | 2.4 | ((1.6+7)-(2-x))=9 | 1.6 7 + 2 x - - 9 = | 1.6:nickel 7:nickel +:nickel 2:nickel x:nickel -:nickel -:nickel 9:nickel =:nickel
EXPR: 0 | POS | FRA | 12 | 18 | 5.6 | ((7-1.6)-(9-x))=2 | 7 1.6 - 9 x - - 2 = | 7:nickel 1.6:nickel -:nickel 9:nickel x:nickel -:nickel -:nickel 2:nickel =:nickel
EXPR: 0 | POS | FRA | 12 | 18 | 2.4 | (1.6+(7-9))=(2-x) | 1.6 7 9 - + 2 x - = | 1.6:nickel 7:nickel 9:nickel -:nickel +:nickel 2:nickel x:nickel -:nickel =:nickel
EXPR: 0 | POS | FRA | 12 | 18 | 16.4 | (1.6-((9-x)+7))=2 | 1.6 9 x - 7 + - 2 = | 1.6:nickel 9:nickel x:nickel -:nickel 7:nickel +:nickel -:nickel 2:nickel =:nickel
EXPR: 0 | POS | FRA | 12 | 18 | 12.4 | 1.6=((9-(x-7))-2) | 1.6 9 x 7 - - 2 - = | 1.6:nickel 9:nickel x:nickel 7:nickel -:nickel -:nickel 2:nickel -:nickel =:nickel
EXPR: 0 | POS | FRA | 12 | 18 | 2.4 | (7+(1.6-(9-x)))=2 | 7 1.6 9 x - - + 2 = | 7:nickel 1.6:nickel 9:nickel x:nickel -:nickel -:nickel +:nickel 2:nickel =:nickel
EXPR: 0 | POS | FRA | 12 | 18 | 2.4 | ((x+1.6)+7)=(9+2) | x 1.6 + 7 + 9 2 + = | x:nickel 1.6:nickel +:nickel 7:nickel +:nickel 9:nickel 2:nickel +:nickel =:nickel
EXPR: 0 | POS | FRA | 12 | 18 | 5.6 | (1.6-x)=(7-(9+2)) | 1.6 x - 7 9 2 + - = | 1.6:nickel x:nickel -:nickel 7:nickel 9:nickel 2:nickel +:nickel -:nickel =:nickel
EXPR: 0 | POS | FRA | 12 | 18 | 15.6 | 1.6=((x-7)+(2-9)) | 1.6 x 7 - 2 9 - + = | 1.6:nickel x:nickel 7:nickel -:nickel 2:nickel 9:nickel -:nickel +:nickel =:nickel
EXPR: 0 | POS | FRA | 12 | 18 | 2.4 | (1.6-((9-x)-7))=2 | 1.6 9 x - 7 - - 2 = | 1.6:nickel 9:nickel x:nickel -:nickel 7:nickel -:nickel -:nickel 2:nickel =:nickel
EXPR: 0 | POS | FRA | 12 | 18 | 16.4 | 7=(1.6-((9+2)-x)) | 7 1.6 9 2 + x - - = | 7:nickel 1.6:nickel 9:nickel 2:nickel +:nickel x:nickel -:nickel -:nickel =:nickel
EXPR: 0 | POS | FRA | 12 | 18 | 1.6 | (((1.6+7)-x)+2)=9 | 1.6 7 + x - 2 + 9 = | 1.6:nickel 7:nickel +:nickel x:nickel -:nickel 2:nickel +:nickel 9:nickel =:nickel
EXPR: 0 | POS | FRA | 12 | 18 | 16.4 | ((x+(1.6-9))-7)=2 | x 1.6 9 - + 7 - 2 = | x:nickel 1.6:nickel 9:nickel -:nickel +:nickel 7:nickel -:nickel 2:nickel =:nickel
EXPR: 0 | POS | FRA | 12 | 18 | 12.4 | 7=((1.6+(x-9))+2) | 7 1.6 x 9 - + 2 + = | 7:nickel 1.6:nickel x:nickel 9:nickel -:nickel +:nickel 2:nickel +:nickel =:nickel
EXPR: 0 | POS | FRA | 12 | 18 | 1.6 | 1.6=(x+((7+2)-9)) | 1.6 x 7 2 + 9 - + = | 1.6:nickel x:nickel 7:nickel 2:nickel +:nickel 9:nickel -:nickel +:nickel =:nickel
EXPR: 0 | POS | FRA | 12 | 18 | 1.6 | ((1.6+7)-x)=(9-2) | 1.6 7 + x - 9 2 - = | 1.6:nickel 7:nickel +:nickel x:nickel -:nickel 9:nickel 2:nickel -:nickel =:nickel
EXPR: 0 | POS | FRA | 12 | 18 | 2.4 | ((1.6+7)+(x-2))=9 | 1.6 7 + x 2 - + 9 = | 1.6:nickel 7:nickel +:nickel x:nickel 2:nickel -:nickel +:nickel 9:nickel =:nickel
EXPR: 0 | POS | FRA | 12 | 18 | 2.4 | ((1.6-9)+(7+x))=2 | 1.6 9 - 7 x + + 2 = | 1.6:nickel 9:nickel -:nickel 7:nickel x:nickel +:nickel +:nickel 2:nickel =:nickel
EXPR: 0 | POS | FRA | 12 | 18 | 1.6 | ((1.6+7)+(2-x))=9 | 1.6 7 + 2 x - + 9 = | 1.6:nickel 7:nickel +:nickel 2:nickel x:nickel -:nickel +:nickel 9:nickel =:nickel
EXPR: 0 | POS | FRA | 12 | 18 | 12.4 | ((7-1.6)+(9-x))=2 | 7 1.6 - 9 x - + 2 = | 7:nickel 1.6:nickel -:nickel 9:nickel x:nickel -:nickel +:nickel 2:nickel =:nickel
EXPR: 0 | POS | FRA | 12 | 18 | 15.6 | (1.6+((9-x)+7))=2 | 1.6 9 x - 7 + + 2 = | 1.6:nickel 9:nickel x:nickel -:nickel 7:nickel +:nickel +:nickel 2:nickel =:nickel
EXPR: 0 | POS | FRA | 12 | 18 | 1.6 | ((x-(1.6-9))-7)=2 | x 1.6 9 - - 7 - 2 = | x:nickel 1.6:nickel 9:nickel -:nickel -:nickel 7:nickel -:nickel 2:nickel =:nickel
EXPR: 0 | POS | FRA | 12 | 18 | 19.6 | 1.6=(x-((7+2)+9)) | 1.6 x 7 2 + 9 + - = | 1.6:nickel x:nickel 7:nickel 2:nickel +:nickel 9:nickel +:nickel -:nickel =:nickel
EXPR: 0 | POS | FRA | 12 | 18 | 1.6 | ((1.6+(9-7))-x)=2 | 1.6 9 7 - + x - 2 = | 1.6:nickel 9:nickel 7:nickel -:nickel +:nickel x:nickel -:nickel 2:nickel =:nickel
EXPR: 0 | POS | FRA | 12 | 18 | 12.4 | ((1.6-7)+(2+x))=9 | 1.6 7 - 2 x + + 9 = | 1.6:nickel 7:nickel -:nickel 2:nickel x:nickel +:nickel +:nickel 9:nickel =:nickel
EXPR: 0 | POS | FRA | 12 | 18 | 12.4 | ((1.6-(7-2))+x)=9 | 1.6 7 2 - - x + 9 = | 1.6:nickel 7:nickel 2:nickel -:nickel -:nickel x:nickel +:nickel 9:nickel =:nickel
EXPR: 0 | POS | FRA | 12 | 18 | 15.6 | ((7-(x-1.6))+9)=2 | 7 x 1.6 - - 9 + 2 = | 7:nickel x:nickel 1.6:nickel -:nickel -:nickel 9:nickel +:nickel 2:nickel =:nickel
EXPR: 0 | POS | FRA | 12 | 18 | 1.6 | 7=((1.6-(x-9))-2) | 7 1.6 x 9 - - 2 - = | 7:nickel 1.6:nickel x:nickel 9:nickel -:nickel -:nickel 2:nickel -:nickel =:nickel
EXPR: 0 | POS | FRA | 12 | 18 | 5.6 | ((7-1.6)+(x-9))=2 | 7 1.6 - x 9 - + 2 = | 7:nickel 1.6:nickel -:nickel x:nickel 9:nickel -:nickel +:nickel 2:nickel =:nickel
EXPR: 0 | POS | FRA | 12 | 18 | 2.4 | ((x+(1.6-9))+7)=2 | x 1.6 9 - + 7 + 2 = | x:nickel 1.6:nickel 9:nickel -:nickel +:nickel 7:nickel +:nickel 2:nickel =:nickel
EXPR: 0 | POS | FRA | 12 | 18 | 2.4 | ((1.6-(9-7))+x)=2 | 1.6 9 7 - - x + 2 = | 1.6:nickel 9:nickel 7:nickel -:nickel -:nickel x:nickel +:nickel 2:nickel =:nickel
EXPR: 0 | POS | FRA | 12 | 18 | 16.4 | ((1.6-(7-x))-2)=9 | 1.6 7 x - - 2 - 9 = | 1.6:nickel 7:nickel x:nickel -:nickel -:nickel 2:nickel -:nickel 9:nickel =:nickel
EXPR: 0 | POS | FRA | 12 | 18 | 16.4 | ((x-(7-1.6))-9)=2 | x 7 1.6 - - 9 - 2 = | x:nickel 7:nickel 1.6:nickel -:nickel -:nickel 9:nickel -:nickel 2:nickel =:nickel
EXPR: 0 | POS | FRA | 12 | 18 | 2.4 | ((7+(x+1.6))-9)=2 | 7 x 1.6 + + 9 - 2 = | 7:nickel x:nickel 1.6:nickel +:nickel +:nickel 9:nickel -:nickel 2:nickel =:nickel
EXPR: 0 | POS | FRA | 12 | 18 | 2.4 | ((1.6+(7+x))-2)=9 | 1.6 7 x + + 2 - 9 = | 1.6:nickel 7:nickel x:nickel +:nickel +:nickel 2:nickel -:nickel 9:nickel =:nickel
EXPR: 0 | POS | FRA | 12 | 18 | 2.4 | ((7+(1.6+x))-9)=2 | 7 1.6 x + + 9 - 2 = | 7:nickel 1.6:nickel x:nickel +:nickel +:nickel 9:nickel -:nickel 2:nickel =:nickel
EXPR: 0 | POS | FRA | 12 | 18 | 5.6 | ((x+(7-1.6))-9)=2 | x 7 1.6 - + 9 - 2 = | x:nickel 7:nickel 1.6:nickel -:nickel +:nickel 9:nickel -:nickel 2:nickel =:nickel
EXPR: 0 | POS | FRA | 12 | 18 | 1.6 | ((1.6+(7+2))-x)=9 | 1.6 7 2 + + x - 9 = | 1.6:nickel 7:nickel 2:nickel +:nickel +:nickel x:nickel -:nickel 9:nickel =:nickel
EXPR: 0 | POS | FRA | 12 | 18 | 16.4 | (1.6+x)=(7+(9+2)) | 1.6 x + 7 9 2 + + = | 1.6:nickel x:nickel +:nickel 7:nickel 9:nickel 2:nickel +:nickel +:nickel =:nickel
EXPR: 0 | POS | FRA | 12 | 18 | 5.6 | ((x-(1.6-7))-2)=9 | x 1.6 7 - - 2 - 9 = | x:nickel 1.6:nickel 7:nickel -:nickel -:nickel 2:nickel -:nickel 9:nickel =:nickel
EXPR: 0 | POS | FRA | 12 | 18 | 1.6 | 1.6=(x-((7+2)-9)) | 1.6 x 7 2 + 9 - - = | 1.6:nickel x:nickel 7:nickel 2:nickel +:nickel 9:nickel -:nickel -:nickel =:nickel
EXPR: 0 | POS | FRA | 12 | 18 | 12.4 | ((1.6-(7-x))+2)=9 | 1.6 7 x - - 2 + 9 = | 1.6:nickel 7:nickel x:nickel -:nickel -:nickel 2:nickel +:nickel 9:nickel =:nickel
EXPR: 0 | POS | FRA | 12 | 18 | 12.4 | (((1.6-7)+x)+2)=9 | 1.6 7 - x + 2 + 9 = | 1.6:nickel 7:nickel -:nickel x:nickel +:nickel 2:nickel +:nickel 9:nickel =:nickel
EXPR: 0 | POS | FRA | 12 | 18 | 1.6 | ((x-1.6)+(9-7))=2 | x 1.6 - 9 7 - + 2 = | x:nickel 1.6:nickel -:nickel 9:nickel 7:nickel -:nickel +:nickel 2:nickel =:nickel
EXPR: 0 | POS | FRA | 12 | 18 | 1.6 | (1.6+((9-x)-7))=2 | 1.6 9 x - 7 - + 2 = | 1.6:nickel 9:nickel x:nickel -:nickel 7:nickel -:nickel +:nickel 2:nickel =:nickel
EXPR: 0 | POS | FRA | 12 | 18 | 12.4 | 7=(((1.6-9)+2)+x) | 7 1.6 9 - 2 + x + = | 7:nickel 1.6:nickel 9:nickel -:nickel 2:nickel +:nickel x:nickel +:nickel =:nickel
EXPR: 0 | POS | FRA | 12 | 18 | 2.4 | ((1.6+7)-9)=(2-x) | 1.6 7 + 9 - 2 x - = | 1.6:nickel 7:nickel +:nickel 9:nickel -:nickel 2:nickel x:nickel -:nickel =:nickel
EXPR: 0 | POS | FRA | 12 | 18 | 5.6 | ((7-(1.6+9))+x)=2 | 7 1.6 9 + - x + 2 = | 7:nickel 1.6:nickel 9:nickel +:nickel -:nickel x:nickel +:nickel 2:nickel =:nickel
EXPR: 0 | POS | FRA | 12 | 18 | 2.4 | (((1.6+7)+x)-2)=9 | 1.6 7 + x + 2 - 9 = | 1.6:nickel 7:nickel +:nickel x:nickel +:nickel 2:nickel -:nickel 9:nickel =:nickel
EXPR: 0 | POS | FRA | 12 | 18 | 1.6 | (x-((1.6-7)-2))=9 | x 1.6 7 - 2 - - 9 = | x:nickel 1.6:nickel 7:nickel -:nickel 2:nickel -:nickel -:nickel 9:nickel =:nickel
EXPR: 0 | POS | FRA | 12 | 18 | 15.6 | (x-((1.6+7)-2))=9 | x 1.6 7 + 2 - - 9 = | x:nickel 1.6:nickel 7:nickel +:nickel 2:nickel -:nickel -:nickel 9:nickel =:nickel
EXPR: 0 | POS | FRA | 12 | 18 | 2.4 | ((1.6+(x+7))-2)=9 | 1.6 x 7 + + 2 - 9 = | 1.6:nickel x:nickel 7:nickel +:nickel +:nickel 2:nickel -:nickel 9:nickel =:nickel
EXPR: 0 | POS | FRA | 15 | 18 | 2.4 | x=(((9-1.6)-7)+2) | x 9 1.6 - 7 - 2 + = | x:nickel 9:nickel 1.6:nickel -:nickel 7:nickel -:nickel 2:nickel +:nickel =:nickel
EXPR: 0 | POS | FRA | 15 | 18 | 2.4 | x=((9-(1.6+7))+2) | x 9 1.6 7 + - 2 + = | x:nickel 9:nickel 1.6:nickel 7:nickel +:nickel -:nickel 2:nickel +:nickel =:nickel
EXPR: 0 | POS | FRA | 15 | 18 | 1.6 | x=(9+((1.6-7)-2)) | x 9 1.6 7 - 2 - + = | x:nickel 9:nickel 1.6:nickel 7:nickel -:nickel 2:nickel -:nickel +:nickel =:nickel
EXPR: 0 | POS | FRA | 15 | 18 | 5.6 | x=(1.6+(2-(7-9))) | x 1.6 2 7 9 - - + = | x:nickel 1.6:nickel 2:nickel 7:nickel 9:nickel -:nickel -:nickel +:nickel =:nickel
EXPR: 0 | POS | FRA | 15 | 18 | 1.6 | x=(1.6+(2+(7-9))) | x 1.6 2 7 9 - + + = | x:nickel 1.6:nickel 2:nickel 7:nickel 9:nickel -:nickel +:nickel +:nickel =:nickel
EXPR: 0 | POS | FRA | 15 | 18 | 16.4 | x=((9-(1.6-7))+2) | x 9 1.6 7 - - 2 + = | x:nickel 9:nickel 1.6:nickel 7:nickel -:nickel -:nickel 2:nickel +:nickel =:nickel
EXPR: 0 | POS | FRA | 15 | 18 | 15.6 | x=((9+(1.6+7))-2) | x 9 1.6 7 + + 2 - = | x:nickel 9:nickel 1.6:nickel 7:nickel +:nickel +:nickel 2:nickel -:nickel =:nickel
EXPR: 0 | POS | FRA | 15 | 18 | 12.4 | x=((9-(1.6-7))-2) | x 9 1.6 7 - - 2 - = | x:nickel 9:nickel 1.6:nickel 7:nickel -:nickel -:nickel 2:nickel -:nickel =:nickel
EXPR: 0 | POS | FRA | 15 | 18 | 19.6 | x=((9+(1.6+7))+2) | x 9 1.6 7 + + 2 + = | x:nickel 9:nickel 1.6:nickel 7:nickel +:nickel +:nickel 2:nickel +:nickel =:nickel
EXPR: 0 | POS | FRA | 15 | 18 | 1.6 | x=((9+(1.6-7))-2) | x 9 1.6 7 - + 2 - = | x:nickel 9:nickel 1.6:nickel 7:nickel -:nickel +:nickel 2:nickel -:nickel =:nickel
EXPR: 0 | POS | FRA | 15 | 18 | 5.6 | x=((9+(1.6-7))+2) | x 9 1.6 7 - + 2 + = | x:nickel 9:nickel 1.6:nickel 7:nickel -:nickel +:nickel 2:nickel +:nickel =:nickel
EXPR: 0 | POS | FRA | 15 | 18 | 5.6 | x=(9+((1.6-7)+2)) | x 9 1.6 7 - 2 + + = | x:nickel 9:nickel 1.6:nickel 7:nickel -:nickel 2:nickel +:nickel +:nickel =:nickel
EXPR: 0 | POS | FRA | 15 | 18 | 19.6 | x=(9+((1.6+7)+2)) | x 9 1.6 7 + 2 + + = | x:nickel 9:nickel 1.6:nickel 7:nickel +:nickel 2:nickel +:nickel +:nickel =:nickel
EXPR: 0 | POS | FRA | 15 | 18 | 15.6 | x=(1.6-(2-(7+9))) | x 1.6 2 7 9 + - - = | x:nickel 1.6:nickel 2:nickel 7:nickel 9:nickel +:nickel -:nickel -:nickel =:nickel
EXPR: 0 | POS | FRA | 15 | 18 | 12.4 | x=(9-((1.6-7)+2)) | x 9 1.6 7 - 2 + - = | x:nickel 9:nickel 1.6:nickel 7:nickel -:nickel 2:nickel +:nickel -:nickel =:nickel
EXPR: 0 | POS | FRA | 15 | 18 | 19.6 | x=(1.6+(2+(7+9))) | x 1.6 2 7 9 + + + = | x:nickel 1.6:nickel 2:nickel 7:nickel 9:nickel +:nickel +:nickel +:nickel =:nickel
EXPR: 0 | POS | FRA | 15 | 18 | 1.6 | x=(1.6-(2+(7-9))) | x 1.6 2 7 9 - + - = | x:nickel 1.6:nickel 2:nickel 7:nickel 9:nickel -:nickel +:nickel -:nickel =:nickel
EXPR: 0 | POS | FRA | 15 | 18 | 16.4 | x=(9-((1.6-7)-2)) | x 9 1.6 7 - 2 - - = | x:nickel 9:nickel 1.6:nickel 7:nickel -:nickel 2:nickel -:nickel -:nickel =:nickel
EXPR: 0 | POS | FRA | 15 | 18 | 15.6 | x=((1.6-(2-7))+9) | x 1.6 2 7 - - 9 + = | x:nickel 1.6:nickel 2:nickel 7:nickel -:nickel -:nickel 9:nickel +:nickel =:nickel
EXPR: 0 | POS | FRA | 15 | 18 | 15.6 | x=(9+((1.6+7)-2)) | x 9 1.6 7 + 2 - + = | x:nickel 9:nickel 1.6:nickel 7:nickel +:nickel 2:nickel -:nickel +:nickel =:nickel
EXPR: 0 | POS | FRA | 15 | 18 | 2.4 | x=(9-((1.6+7)-2)) | x 9 1.6 7 + 2 - - = | x:nickel 9:nickel 1.6:nickel 7:nickel +:nickel 2:nickel -:nickel -:nickel =:nickel
EXPR: 0 | POS | FRA | 16 | 18 | 2.4 | x=(((9-1.6)-7)+2) | x 9 1.6 - 7 - 2 + = | x:nickel 9:nickel 1.6:nickel -:nickel 7:nickel -:nickel 2:nickel +:nickel =:nickel
EXPR: 0 | POS | FRA | 16 | 18 | 1.6 | x=(9+((1.6-7)-2)) | x 9 1.6 7 - 2 - + = | x:nickel 9:nickel 1.6:nickel 7:nickel -:nickel 2:nickel -:nickel +:nickel =:nickel
EXPR: 0 | POS | FRA | 16 | 18 | 1.6 | x=(1.6+(2+(7-9))) | x 1.6 2 7 9 - + + = | x:nickel 1.6:nickel 2:nickel 7:nickel 9:nickel -:nickel +:nickel +:nickel =:nickel
EXPR: 0 | POS | FRA | 16 | 18 | 15.6 | x=((9+(1.6+7))-2) | x 9 1.6 7 + + 2 - = | x:nickel 9:nickel 1.6:nickel 7:nickel +:nickel +:nickel 2:nickel -:nickel =:nickel
EXPR: 0 | POS | FRA | 16 | 18 | 16.4 | x=((9-(1.6-7))+2) | x 9 1.6 7 - - 2 + = | x:nickel 9:nickel 1.6:nickel 7:nickel -:nickel -:nickel 2:nickel +:nickel =:nickel
EXPR: 0 | POS | FRA | 16 | 18 | 19.6 | x=((9+(1.6+7))+2) | x 9 1.6 7 + + 2 + = | x:nickel 9:nickel 1.6:nickel 7:nickel +:nickel +:nickel 2:nickel +:nickel =:nickel
EXPR: 0 | POS | FRA | 16 | 18 | 12.4 | x=((9-(1.6-7))-2) | x 9 1.6 7 - - 2 - = | x:nickel 9:nickel 1.6:nickel 7:nickel -:nickel -:nickel 2:nickel -:nickel =:nickel
EXPR: 0 | POS | FRA | 16 | 18 | 2.4 | x=((9-(1.6+7))+2) | x 9 1.6 7 + - 2 + = | x:nickel 9:nickel 1.6:nickel 7:nickel +:nickel -:nickel 2:nickel +:nickel =:nickel
EXPR: 0 | POS | FRA | 16 | 18 | 1.6 | x=((9+(1.6-7))-2) | x 9 1.6 7 - + 2 - = | x:nickel 9:nickel 1.6:nickel 7:nickel -:nickel +:nickel 2:nickel -:nickel =:nickel
EXPR: 0 | POS | FRA | 16 | 18 | 5.6 | x=((9+(1.6-7))+2) | x 9 1.6 7 - + 2 + = | x:nickel 9:nickel 1.6:nickel 7:nickel -:nickel +:nickel 2:nickel +:nickel =:nickel
EXPR: 0 | POS | FRA | 16 | 18 | 5.6 | x=(1.6+(2-(7-9))) | x 1.6 2 7 9 - - + = | x:nickel 1.6:nickel 2:nickel 7:nickel 9:nickel -:nickel -:nickel +:nickel =:nickel
EXPR: 0 | POS | FRA | 16 | 18 | 19.6 | x=(9+((1.6+7)+2)) | x 9 1.6 7 + 2 + + = | x:nickel 9:nickel 1.6:nickel 7:nickel +:nickel 2:nickel +:nickel +:nickel =:nickel
EXPR: 0 | POS | FRA | 16 | 18 | 15.6 | x=(1.6-(2-(7+9))) | x 1.6 2 7 9 + - - = | x:nickel 1.6:nickel 2:nickel 7:nickel 9:nickel +:nickel -:nickel -:nickel =:nickel
EXPR: 0 | POS | FRA | 16 | 18 | 12.4 | x=(9-((1.6-7)+2)) | x 9 1.6 7 - 2 + - = | x:nickel 9:nickel 1.6:nickel 7:nickel -:nickel 2:nickel +:nickel -:nickel =:nickel
EXPR: 0 | POS | FRA | 16 | 18 | 16.4 | x=(9-((1.6-7)-2)) | x 9 1.6 7 - 2 - - = | x:nickel 9:nickel 1.6:nickel 7:nickel -:nickel 2:nickel -:nickel -:nickel =:nickel
EXPR: 0 | POS | FRA | 16 | 18 | 19.6 | x=(1.6+(2+(7+9))) | x 1.6 2 7 9 + + + = | x:nickel 1.6:nickel 2:nickel 7:nickel 9:nickel +:nickel +:nickel +:nickel =:nickel
EXPR: 0 | POS | FRA | 16 | 18 | 1.6 | x=(1.6-(2+(7-9))) | x 1.6 2 7 9 - + - = | x:nickel 1.6:nickel 2:nickel 7:nickel 9:nickel -:nickel +:nickel -:nickel =:nickel
EXPR: 0 | POS | FRA | 16 | 18 | 15.6 | x=((1.6-(2-7))+9) | x 1.6 2 7 - - 9 + = | x:nickel 1.6:nickel 2:nickel 7:nickel -:nickel -:nickel 9:nickel +:nickel =:nickel
EXPR: 0 | POS | FRA | 16 | 18 | 2.4 | x=(9-((1.6+7)-2)) | x 9 1.6 7 + 2 - - = | x:nickel 9:nickel 1.6:nickel 7:nickel +:nickel 2:nickel -:nickel -:nickel =:nickel
EXPR: 0 | POS | FRA | 17 | 18 | 16.4 | 9=((1.6-7)+(x-2)) | 9 1.6 7 - x 2 - + = | 9:nickel 1.6:nickel 7:nickel -:nickel x:nickel 2:nickel -:nickel +:nickel =:nickel
EXPR: 0 | POS | FRA | 17 | 18 | 16.4 | 9=(x+((1.6-7)-2)) | 9 x 1.6 7 - 2 - + = | 9:nickel x:nickel 1.6:nickel 7:nickel -:nickel 2:nickel -:nickel +:nickel =:nickel
EXPR: 0 | POS | FRA | 17 | 18 | 12.4 | 9=(x+((1.6-7)+2)) | 9 x 1.6 7 - 2 + + = | 9:nickel x:nickel 1.6:nickel 7:nickel -:nickel 2:nickel +:nickel +:nickel =:nickel
EXPR: 0 | POS | FRA | 17 | 18 | 5.6 | 9=(x-((1.6-7)+2)) | 9 x 1.6 7 - 2 + - = | 9:nickel x:nickel 1.6:nickel 7:nickel -:nickel 2:nickel +:nickel -:nickel =:nickel
EXPR: 0 | POS | FRA | 17 | 18 | 2.4 | 9=(x+((1.6+7)-2)) | 9 x 1.6 7 + 2 - + = | 9:nickel x:nickel 1.6:nickel 7:nickel +:nickel 2:nickel -:nickel +:nickel =:nickel
EXPR: 0 | POS | FRA | 17 | 18 | 1.6 | 9=(x-((1.6-7)-2)) | 9 x 1.6 7 - 2 - - = | 9:nickel x:nickel 1.6:nickel 7:nickel -:nickel 2:nickel -:nickel -:nickel =:nickel
EXPR: 0 | POS | FRA | 17 | 18 | 2.4 | 9=(((1.6+7)-2)+x) | 9 1.6 7 + 2 - x + = | 9:nickel 1.6:nickel 7:nickel +:nickel 2:nickel -:nickel x:nickel +:nickel =:nickel
EXPR: 0 | POS | FRA | 17 | 18 | 2.4 | 1.6=((2-7)-(x-9)) | 1.6 2 7 - x 9 - - = | 1.6:nickel 2:nickel 7:nickel -:nickel x:nickel 9:nickel -:nickel -:nickel =:nickel
EXPR: 0 | POS | FRA | 17 | 18 | 19.6 | 9=(x-((1.6+7)+2)) | 9 x 1.6 7 + 2 + - = | 9:nickel x:nickel 1.6:nickel 7:nickel +:nickel 2:nickel +:nickel -:nickel =:nickel
EXPR: 0 | POS | FRA | 17 | 18 | 12.4 | 9=(1.6-((7-x)-2)) | 9 1.6 7 x - 2 - - = | 9:nickel 1.6:nickel 7:nickel x:nickel -:nickel 2:nickel -:nickel -:nickel =:nickel
EXPR: 0 | POS | FRA | 17 | 18 | 16.4 | 1.6=(2+(7-(x-9))) | 1.6 2 7 x 9 - - + = | 1.6:nickel 2:nickel 7:nickel x:nickel 9:nickel -:nickel -:nickel +:nickel =:nickel
EXPR: 0 | POS | FRA | 17 | 18 | 1.6 | 1.6=(2+(7+(x-9))) | 1.6 2 7 x 9 - + + = | 1.6:nickel 2:nickel 7:nickel x:nickel 9:nickel -:nickel +:nickel +:nickel =:nickel
EXPR: 0 | POS | FRA | 17 | 18 | 1.6 | 9=(1.6+(7+(2-x))) | 9 1.6 7 2 x - + + = | 9:nickel 1.6:nickel 7:nickel 2:nickel x:nickel -:nickel +:nickel +:nickel =:nickel
EXPR: 0 | POS | FRA | 17 | 18 | 16.4 | 9=((1.6-(7+2))+x) | 9 1.6 7 2 + - x + = | 9:nickel 1.6:nickel 7:nickel 2:nickel +:nickel -:nickel x:nickel +:nickel =:nickel
EXPR: 0 | POS | FRA | 17 | 18 | 1.6 | 9=(((1.6+7)+2)-x) | 9 1.6 7 + 2 + x - = | 9:nickel 1.6:nickel 7:nickel +:nickel 2:nickel +:nickel x:nickel -:nickel =:nickel
EXPR: 0 | POS | FRA | 17 | 18 | 2.4 | 1.6=(((2-7)+9)-x) | 1.6 2 7 - 9 + x - = | 1.6:nickel 2:nickel 7:nickel -:nickel 9:nickel +:nickel x:nickel -:nickel =:nickel
EXPR: 0 | POS | FRA | 17 | 18 | 16.4 | 9=(1.6-(7+(2-x))) | 9 1.6 7 2 x - + - = | 9:nickel 1.6:nickel 7:nickel 2:nickel x:nickel -:nickel +:nickel -:nickel =:nickel
EXPR: 0 | POS | FRA | 17 | 18 | 15.6 | 1.6=(((2-7)+x)-9) | 1.6 2 7 - x + 9 - = | 1.6:nickel 2:nickel 7:nickel -:nickel x:nickel +:nickel 9:nickel -:nickel =:nickel
EXPR: 0 | POS | FRA | 17 | 18 | 12.4 | 9=((1.6-(7-2))+x) | 9 1.6 7 2 - - x + = | 9:nickel 1.6:nickel 7:nickel 2:nickel -:nickel -:nickel x:nickel +:nickel =:nickel
EXPR: 0 | POS | FRA | 17 | 18 | 2.4 | 1.6=(((2-7)-x)+9) | 1.6 2 7 - x - 9 + = | 1.6:nickel 2:nickel 7:nickel -:nickel x:nickel -:nickel 9:nickel +:nickel =:nickel
EXPR: 0 | POS | FRA | 17 | 18 | 2.4 | 9=(1.6+((7+x)-2)) | 9 1.6 7 x + 2 - + = | 9:nickel 1.6:nickel 7:nickel x:nickel +:nickel 2:nickel -:nickel +:nickel =:nickel
EXPR: 0 | POS | FRA | 17 | 18 | 2.4 | 1.6=(2-(7+(x-9))) | 1.6 2 7 x 9 - + - = | 1.6:nickel 2:nickel 7:nickel x:nickel 9:nickel -:nickel +:nickel -:nickel =:nickel
EXPR: 0 | POS | FRA | 17 | 18 | 2.4 | 9=(1.6+(7-(2-x))) | 9 1.6 7 2 x - - + = | 9:nickel 1.6:nickel 7:nickel 2:nickel x:nickel -:nickel -:nickel +:nickel =:nickel
EXPR: 0 | POS | FRA | 17 | 18 | 1.6 | 9=((1.6+(7+2))-x) | 9 1.6 7 2 + + x - = | 9:nickel 1.6:nickel 7:nickel 2:nickel +:nickel +:nickel x:nickel -:nickel =:nickel
EXPR: 0 | POS | FRA | 17 | 18 | 1.6 | 9=(1.6+(7-(x-2))) | 9 1.6 7 x 2 - - + = | 9:nickel 1.6:nickel 7:nickel x:nickel 2:nickel -:nickel -:nickel +:nickel =:nickel
EXPR: 0 | POS | FRA | 17 | 18 | 2.4 | 9=(1.6+(7+(x-2))) | 9 1.6 7 x 2 - + + = | 9:nickel 1.6:nickel 7:nickel x:nickel 2:nickel -:nickel +:nickel +:nickel =:nickel
EXPR: 0 | POS | FRA | 17 | 18 | 12.4 | (((9-1.6)+7)-x)=2 | 9 1.6 - 7 + x - 2 = | 9:nickel 1.6:nickel -:nickel 7:nickel +:nickel x:nickel -:nickel 2:nickel =:nickel
EXPR: 0 | POS | FRA | 17 | 18 | 15.6 | 9=(x-((1.6+7)-2)) | 9 x 1.6 7 + 2 - - = | 9:nickel x:nickel 1.6:nickel 7:nickel +:nickel 2:nickel -:nickel -:nickel =:nickel
EXPR: 0 | POS | FRA | 17 | 18 | 12.4 | 9=((x+1.6)-(7-2)) | 9 x 1.6 + 7 2 - - = | 9:nickel x:nickel 1.6:nickel +:nickel 7:nickel 2:nickel -:nickel -:nickel =:nickel
EXPR: 0 | POS | FRA | 17 | 18 | 1.6 | 1.6=(2+((7+x)-9)) | 1.6 2 7 x + 9 - + = | 1.6:nickel 2:nickel 7:nickel x:nickel +:nickel 9:nickel -:nickel +:nickel =:nickel
EXPR: 0 | POS | FRA | 17 | 18 | 1.6 | (((9-1.6)+x)-7)=2 | 9 1.6 - x + 7 - 2 = | 9:nickel 1.6:nickel -:nickel x:nickel +:nickel 7:nickel -:nickel 2:nickel =:nickel
EXPR: 0 | POS | FRA | 17 | 18 | 15.6 | 9=((x-1.6)-(7-2)) | 9 x 1.6 - 7 2 - - = | 9:nickel x:nickel 1.6:nickel -:nickel 7:nickel 2:nickel -:nickel -:nickel =:nickel
EXPR: 0 | POS | FRA | 17 | 18 | 16.4 | 9=((x+1.6)-(7+2)) | 9 x 1.6 + 7 2 + - = | 9:nickel x:nickel 1.6:nickel +:nickel 7:nickel 2:nickel +:nickel -:nickel =:nickel
EXPR: 0 | POS | FRA | 17 | 18 | 5.6 | 9=((x-1.6)+(7-2)) | 9 x 1.6 - 7 2 - + = | 9:nickel x:nickel 1.6:nickel -:nickel 7:nickel 2:nickel -:nickel +:nickel =:nickel
EXPR: 0 | POS | FRA | 17 | 18 | 19.6 | 9=((x-1.6)-(7+2)) | 9 x 1.6 - 7 2 + - = | 9:nickel x:nickel 1.6:nickel -:nickel 7:nickel 2:nickel +:nickel -:nickel =:nickel
EXPR: 0 | POS | FRA | 17 | 18 | 15.6 | 1.6=((2-7)-(9-x)) | 1.6 2 7 - 9 x - - = | 1.6:nickel 2:nickel 7:nickel -:nickel 9:nickel x:nickel -:nickel -:nickel =:nickel
EXPR: 0 | POS | FRA | 17 | 18 | 2.4 | 1.6=((2-7)+(9-x)) | 1.6 2 7 - 9 x - + = | 1.6:nickel 2:nickel 7:nickel -:nickel 9:nickel x:nickel -:nickel +:nickel =:nickel
EXPR: 0 | POS | FRA | 17 | 18 | 12.4 | 9=(1.6-((7-2)-x)) | 9 1.6 7 2 - x - - = | 9:nickel 1.6:nickel 7:nickel 2:nickel -:nickel x:nickel -:nickel -:nickel =:nickel
EXPR: 0 | POS | FRA | 17 | 18 | 2.4 | 9=((1.6+(7-2))+x) | 9 1.6 7 2 - + x + = | 9:nickel 1.6:nickel 7:nickel 2:nickel -:nickel +:nickel x:nickel +:nickel =:nickel
EXPR: 0 | POS | FRA | 17 | 18 | 1.6 | 1.6=(2+((7-9)+x)) | 1.6 2 7 9 - x + + = | 1.6:nickel 2:nickel 7:nickel 9:nickel -:nickel x:nickel +:nickel +:nickel =:nickel
EXPR: 0 | POS | FRA | 17 | 18 | 5.6 | ((x-9)-(1.6-7))=2 | x 9 - 1.6 7 - - 2 = | x:nickel 9:nickel -:nickel 1.6:nickel 7:nickel -:nickel -:nickel 2:nickel =:nickel
EXPR: 0 | POS | FRA | 17 | 18 | 1.6 | 9=((x-1.6)+(7+2)) | 9 x 1.6 - 7 2 + + = | 9:nickel x:nickel 1.6:nickel -:nickel 7:nickel 2:nickel +:nickel +:nickel =:nickel
EXPR: 0 | POS | FRA | 17 | 18 | 16.4 | (x-(9-(1.6-7)))=2 | x 9 1.6 7 - - - 2 = | x:nickel 9:nickel 1.6:nickel 7:nickel -:nickel -:nickel -:nickel 2:nickel =:nickel
EXPR: 0 | POS | FRA | 17 | 18 | 19.6 | ((x-9)-(1.6+7))=2 | x 9 - 1.6 7 + - 2 = | x:nickel 9:nickel -:nickel 1.6:nickel 7:nickel +:nickel -:nickel 2:nickel =:nickel
EXPR: 0 | POS | FRA | 17 | 18 | 16.4 | 1.6=(2+((7+9)-x)) | 1.6 2 7 9 + x - + = | 1.6:nickel 2:nickel 7:nickel 9:nickel +:nickel x:nickel -:nickel +:nickel =:nickel
EXPR: 0 | POS | FRA | 17 | 18 | 1.6 | ((x+9)-(1.6+7))=2 | x 9 + 1.6 7 + - 2 = | x:nickel 9:nickel +:nickel 1.6:nickel 7:nickel +:nickel -:nickel 2:nickel =:nickel
EXPR: 0 | POS | FRA | 17 | 18 | 5.6 | (x-(9+(1.6-7)))=2 | x 9 1.6 7 - + - 2 = | x:nickel 9:nickel 1.6:nickel 7:nickel -:nickel +:nickel -:nickel 2:nickel =:nickel
EXPR: 0 | POS | FRA | 17 | 18 | 2.4 | 1.6=(2-((7-9)+x)) | 1.6 2 7 9 - x + - = | 1.6:nickel 2:nickel 7:nickel 9:nickel -:nickel x:nickel +:nickel -:nickel =:nickel
EXPR: 0 | POS | FRA | 17 | 18 | 16.4 | (((x-9)+1.6)-7)=2 | x 9 - 1.6 + 7 - 2 = | x:nickel 9:nickel -:nickel 1.6:nickel +:nickel 7:nickel -:nickel 2:nickel =:nickel
EXPR: 0 | POS | FRA | 17 | 18 | 19.6 | (x-(9+(1.6+7)))=2 | x 9 1.6 7 + + - 2 = | x:nickel 9:nickel 1.6:nickel 7:nickel +:nickel +:nickel -:nickel 2:nickel =:nickel
EXPR: 0 | POS | FRA | 17 | 18 | 12.4 | ((9-1.6)-(x-7))=2 | 9 1.6 - x 7 - - 2 = | 9:nickel 1.6:nickel -:nickel x:nickel 7:nickel -:nickel -:nickel 2:nickel =:nickel
EXPR: 0 | POS | FRA | 17 | 18 | 15.6 | 1.6=(((2+x)-7)-9) | 1.6 2 x + 7 - 9 - = | 1.6:nickel 2:nickel x:nickel +:nickel 7:nickel -:nickel 9:nickel -:nickel =:nickel
EXPR: 0 | POS | FRA | 17 | 18 | 2.4 | 1.6=(((2-x)-7)+9) | 1.6 2 x - 7 - 9 + = | 1.6:nickel 2:nickel x:nickel -:nickel 7:nickel -:nickel 9:nickel +:nickel =:nickel
EXPR: 0 | POS | FRA | 17 | 18 | 1.6 | 1.6=(((2+x)+7)-9) | 1.6 2 x + 7 + 9 - = | 1.6:nickel 2:nickel x:nickel +:nickel 7:nickel +:nickel 9:nickel -:nickel =:nickel
EXPR: 0 | POS | FRA | 17 | 18 | 1.6 | 9=(1.6-((x-7)-2)) | 9 1.6 x 7 - 2 - - = | 9:nickel 1.6:nickel x:nickel 7:nickel -:nickel 2:nickel -:nickel -:nickel =:nickel
EXPR: 0 | POS | FRA | 17 | 18 | 1.6 | (9-((1.6-x)+7))=2 | 9 1.6 x - 7 + - 2 = | 9:nickel 1.6:nickel x:nickel -:nickel 7:nickel +:nickel -:nickel 2:nickel =:nickel
EXPR: 0 | POS | FRA | 17 | 18 | 2.4 | (((x-9)+1.6)+7)=2 | x 9 - 1.6 + 7 + 2 = | x:nickel 9:nickel -:nickel 1.6:nickel +:nickel 7:nickel +:nickel 2:nickel =:nickel
EXPR: 0 | POS | FRA | 17 | 18 | 2.4 | 1.6=(2-((7+x)-9)) | 1.6 2 7 x + 9 - - = | 1.6:nickel 2:nickel 7:nickel x:nickel +:nickel 9:nickel -:nickel -:nickel =:nickel
EXPR: 0 | POS | FRA | 17 | 18 | 15.6 | (9+((1.6-x)+7))=2 | 9 1.6 x - 7 + + 2 = | 9:nickel 1.6:nickel x:nickel -:nickel 7:nickel +:nickel +:nickel 2:nickel =:nickel
EXPR: 0 | POS | FRA | 17 | 18 | 12.4 | (((9-1.6)-x)+7)=2 | 9 1.6 - x - 7 + 2 = | 9:nickel 1.6:nickel -:nickel x:nickel -:nickel 7:nickel +:nickel 2:nickel =:nickel
EXPR: 0 | POS | FRA | 17 | 18 | 2.4 | 9=((1.6+7)-(2-x)) | 9 1.6 7 + 2 x - - = | 9:nickel 1.6:nickel 7:nickel +:nickel 2:nickel x:nickel -:nickel -:nickel =:nickel
EXPR: 0 | POS | FRA | 17 | 18 | 16.4 | 9=(1.6+((x-7)-2)) | 9 1.6 x 7 - 2 - + = | 9:nickel 1.6:nickel x:nickel 7:nickel -:nickel 2:nickel -:nickel +:nickel =:nickel
EXPR: 0 | POS | FRA | 17 | 18 | 1.6 | (9+((1.6-x)-7))=2 | 9 1.6 x - 7 - + 2 = | 9:nickel 1.6:nickel x:nickel -:nickel 7:nickel -:nickel +:nickel 2:nickel =:nickel
EXPR: 0 | POS | FRA | 17 | 18 | 15.6 | 1.6=(2-(7-(x-9))) | 1.6 2 7 x 9 - - - = | 1.6:nickel 2:nickel 7:nickel x:nickel 9:nickel -:nickel -:nickel -:nickel =:nickel
EXPR: 0 | POS | FRA | 17 | 18 | 12.4 | (9-((1.6+x)-7))=2 | 9 1.6 x + 7 - - 2 = | 9:nickel 1.6:nickel x:nickel +:nickel 7:nickel -:nickel -:nickel 2:nickel =:nickel
EXPR: 0 | POS | FRA | 17 | 18 | 12.4 | ((9-(1.6+x))+7)=2 | 9 1.6 x + - 7 + 2 = | 9:nickel 1.6:nickel x:nickel +:nickel -:nickel 7:nickel +:nickel 2:nickel =:nickel
EXPR: 0 | POS | FRA | 17 | 18 | 2.4 | ((1.6-2)+(x+7))=9 | 1.6 2 - x 7 + + 9 = | 1.6:nickel 2:nickel -:nickel x:nickel 7:nickel +:nickel +:nickel 9:nickel =:nickel
EXPR: 0 | POS | FRA | 17 | 18 | 1.6 | 9=((1.6+7)-(x-2)) | 9 1.6 7 + x 2 - - = | 9:nickel 1.6:nickel 7:nickel +:nickel x:nickel 2:nickel -:nickel -:nickel =:nickel
EXPR: 0 | POS | FRA | 17 | 18 | 5.6 | ((x-1.6)-(2-7))=9 | x 1.6 - 2 7 - - 9 = | x:nickel 1.6:nickel -:nickel 2:nickel 7:nickel -:nickel -:nickel 9:nickel =:nickel
EXPR: 0 | POS | FRA | 17 | 18 | 16.4 | ((1.6-2)+(x-7))=9 | 1.6 2 - x 7 - + 9 = | 1.6:nickel 2:nickel -:nickel x:nickel 7:nickel -:nickel +:nickel 9:nickel =:nickel
EXPR: 0 | POS | FRA | 17 | 18 | 12.4 | ((1.6+2)+(x-7))=9 | 1.6 2 + x 7 - + 9 = | 1.6:nickel 2:nickel +:nickel x:nickel 7:nickel -:nickel +:nickel 9:nickel =:nickel
NET 593 non-negative solutions found out of 1000 total solutions
