parameters: n=7 l=3 k=1 p=5 q=1 m=9
TOTAL 408 solutions found
SOLN: CORRECT | POS/NEG | INT/FRA | OBJ-SCORE | TRUE-ANS | ANS | INFIX | POSTFIX | TYPED-POSTFIX
EXPR: 0 | POS | INT | 0 | 18 | 4 | x=(5+(6-7)) | x 5 6 7 - + = | x:balloon 5:balloon 6:balloon 7:balloon -:balloon +:balloon =:balloon
EXPR: 0 | POS | INT | 0 | 18 | 6 | x=(5-(6-7)) | x 5 6 7 - - = | x:balloon 5:balloon 6:balloon 7:balloon -:balloon -:balloon =:balloon
EXPR: 1 | POS | INT | 0 | 18 | 18 | x=(5+(6+7)) | x 5 6 7 + + = | x:balloon 5:balloon 6:balloon 7:balloon +:balloon +:balloon =:balloon
EXPR: 0 | POS | INT | 0 | 18 | 6 | x=((5-6)+7) | x 5 6 - 7 + = | x:balloon 5:balloon 6:balloon -:balloon 7:balloon +:balloon =:balloon
EXPR: 0 | POS | INT | 0 | 18 | 4 | x=((5+6)-7) | x 5 6 + 7 - = | x:balloon 5:balloon 6:balloon +:balloon 7:balloon -:balloon =:balloon
EXPR: 1 | POS | INT | 0 | 18 | 18 | x=((5+6)+7) | x 5 6 + 7 + = | x:balloon 5:balloon 6:balloon +:balloon 7:balloon +:balloon =:balloon
EXPR: 0 | POS | INT | 1 | 18 | 4 | x=(5+(6-7)) | x 5 6 7 - + = | x:balloon 5:balloon 6:balloon 7:balloon -:balloon +:balloon =:balloon
EXPR: 0 | POS | INT | 1 | 18 | 6 | x=(5-(6-7)) | x 5 6 7 - - = | x:balloon 5:balloon 6:balloon 7:balloon -:balloon -:balloon =:balloon
EXPR: 0 | POS | INT | 1 | 18 | 6 | x=((5-6)+7) | x 5 6 - 7 + = | x:balloon 5:balloon 6:balloon -:balloon 7:balloon +:balloon =:balloon
EXPR: 1 | POS | INT | 1 | 18 | 18 | x=(5+(6+7)) | x 5 6 7 + + = | x:balloon 5:balloon 6:balloon 7:balloon +:balloon +:balloon =:balloon
EXPR: 1 | POS | INT | 1 | 18 | 18 | x=((5+6)+7) | x 5 6 + 7 + = | x:balloon 5:balloon 6:balloon +:balloon 7:balloon +:balloon =:balloon
EXPR: 0 | POS | INT | 1 | 18 | 4 | x=((5+6)-7) | x 5 6 + 7 - = | x:balloon 5:balloon 6:balloon +:balloon 7:balloon -:balloon =:balloon
EXPR: 0 | POS | INT | 2 | 18 | 6 | ((x-5)+6)=7 | x 5 - 6 + 7 = | x:balloon 5:balloon -:balloon 6:balloon +:balloon 7:balloon =:balloon
EXPR: 0 | POS | INT | 2 | 18 | 8 | 5=(6-(x-7)) | 5 6 x 7 - - = | 5:balloon 6:balloon x:balloon 7:balloon -:balloon -:balloon =:balloon
EXPR: 0 | POS | INT | 2 | 18 | 6 | (x-(5-6))=7 | x 5 6 - - 7 = | x:balloon 5:balloon 6:balloon -:balloon -:balloon 7:balloon =:balloon
EXPR: 1 | POS | INT | 2 | 18 | 18 | (x-(5+6))=7 | x 5 6 + - 7 = | x:balloon 5:balloon 6:balloon +:balloon -:balloon 7:balloon =:balloon
EXPR: 0 | POS | INT | 2 | 18 | 8 | (x+(5-6))=7 | x 5 6 - + 7 = | x:balloon 5:balloon 6:balloon -:balloon +:balloon 7:balloon =:balloon
EXPR: 0 | POS | INT | 2 | 18 | 8 | (5-(6-x))=7 | 5 6 x - - 7 = | 5:balloon 6:balloon x:balloon -:balloon -:balloon 7:balloon =:balloon
EXPR: 0 | POS | INT | 2 | 18 | 4 | (5+(6-x))=7 | 5 6 x - + 7 = | 5:balloon 6:balloon x:balloon -:balloon +:balloon 7:balloon =:balloon
EXPR: 0 | POS | INT | 2 | 18 | 8 | 5=(6+(7-x)) | 5 6 7 x - + = | 5:balloon 6:balloon 7:balloon x:balloon -:balloon +:balloon =:balloon
EXPR: 1 | POS | INT | 2 | 18 | 18 | ((x-5)-6)=7 | x 5 - 6 - 7 = | x:balloon 5:balloon -:balloon 6:balloon -:balloon 7:balloon =:balloon
EXPR: 0 | POS | INT | 2 | 18 | 4 | (5-(x-6))=7 | 5 x 6 - - 7 = | 5:balloon x:balloon 6:balloon -:balloon -:balloon 7:balloon =:balloon
EXPR: 0 | POS | INT | 2 | 18 | 4 | ((5-x)+6)=7 | 5 x - 6 + 7 = | 5:balloon x:balloon -:balloon 6:balloon +:balloon 7:balloon =:balloon
EXPR: 0 | POS | INT | 2 | 18 | 4 | 5=((x-6)+7) | 5 x 6 - 7 + = | 5:balloon x:balloon 6:balloon -:balloon 7:balloon +:balloon =:balloon
EXPR: 0 | POS | INT | 2 | 18 | 6 | 5=((x+6)-7) | 5 x 6 + 7 - = | 5:balloon x:balloon 6:balloon +:balloon 7:balloon -:balloon =:balloon
EXPR: 1 | POS | INT | 2 | 18 | 18 | 5=((x-6)-7) | 5 x 6 - 7 - = | 5:balloon x:balloon 6:balloon -:balloon 7:balloon -:balloon =:balloon
EXPR: 0 | POS | INT | 2 | 18 | 6 | 5=(6-(7-x)) | 5 6 7 x - - = | 5:balloon 6:balloon 7:balloon x:balloon -:balloon -:balloon =:balloon
EXPR: 0 | POS | INT | 2 | 18 | 8 | ((5-6)+x)=7 | 5 6 - x + 7 = | 5:balloon 6:balloon -:balloon x:balloon +:balloon 7:balloon =:balloon
EXPR: 0 | POS | INT | 2 | 18 | 8 | ((5+x)-6)=7 | 5 x + 6 - 7 = | 5:balloon x:balloon +:balloon 6:balloon -:balloon 7:balloon =:balloon
EXPR: 0 | POS | INT | 2 | 18 | 6 | 5=(x+(6-7)) | 5 x 6 7 - + = | 5:balloon x:balloon 6:balloon 7:balloon -:balloon +:balloon =:balloon
EXPR: 0 | POS | INT | 2 | 18 | 4 | 5=(x-(6-7)) | 5 x 6 7 - - = | 5:balloon x:balloon 6:balloon 7:balloon -:balloon -:balloon =:balloon
EXPR: 0 | POS | INT | 2 | 18 | 8 | (5+(x-6))=7 | 5 x 6 - + 7 = | 5:balloon x:balloon 6:balloon -:balloon +:balloon 7:balloon =:balloon
EXPR: 1 | POS | INT | 2 | 18 | 18 | 5=(x-(6+7)) | 5 x 6 7 + - = | 5:balloon x:balloon 6:balloon 7:balloon +:balloon -:balloon =:balloon
EXPR: 0 | POS | INT | 2 | 18 | 8 | 5=((6-x)+7) | 5 6 x - 7 + = | 5:balloon 6:balloon x:balloon -:balloon 7:balloon +:balloon =:balloon
EXPR: 0 | POS | INT | 2 | 18 | 6 | 5=(6+(x-7)) | 5 6 x 7 - + = | 5:balloon 6:balloon x:balloon 7:balloon -:balloon +:balloon =:balloon
EXPR: 0 | POS | INT | 2 | 18 | 8 | ((x+5)-6)=7 | x 5 + 6 - 7 = | x:balloon 5:balloon +:balloon 6:balloon -:balloon 7:balloon =:balloon
EXPR: 0 | POS | INT | 2 | 18 | 6 | 5=((6+x)-7) | 5 6 x + 7 - = | 5:balloon 6:balloon x:balloon +:balloon 7:balloon -:balloon =:balloon
EXPR: 0 | POS | INT | 2 | 18 | 4 | ((5+6)-x)=7 | 5 6 + x - 7 = | 5:balloon 6:balloon +:balloon x:balloon -:balloon 7:balloon =:balloon
EXPR: 0 | POS | INT | 2 | 18 | 6 | 5=((6-7)+x) | 5 6 7 - x + = | 5:balloon 6:balloon 7:balloon -:balloon x:balloon +:balloon =:balloon
EXPR: 0 | POS | INT | 2 | 18 | 8 | 5=((6+7)-x) | 5 6 7 + x - = | 5:balloon 6:balloon 7:balloon +:balloon x:balloon -:balloon =:balloon
EXPR: 0 | POS | INT | 10 | 18 | 4 | x=(6+(5-7)) | x 6 5 7 - + = | x:balloon 6:balloon 5:balloon 7:balloon -:balloon +:balloon =:balloon
EXPR: 0 | POS | INT | 10 | 18 | 6 | x=((5+7)-6) | x 5 7 + 6 - = | x:balloon 5:balloon 7:balloon +:balloon 6:balloon -:balloon =:balloon
EXPR: 0 | POS | INT | 10 | 18 | 8 | x=((6-5)+7) | x 6 5 - 7 + = | x:balloon 6:balloon 5:balloon -:balloon 7:balloon +:balloon =:balloon
EXPR: 1 | POS | INT | 10 | 18 | 18 | x=((5+7)+6) | x 5 7 + 6 + = | x:balloon 5:balloon 7:balloon +:balloon 6:balloon +:balloon =:balloon
EXPR: 0 | POS | INT | 10 | 18 | 4 | x=(5-(7-6)) | x 5 7 6 - - = | x:balloon 5:balloon 7:balloon 6:balloon -:balloon -:balloon =:balloon
EXPR: 1 | POS | INT | 10 | 18 | 18 | x=(6+(5+7)) | x 6 5 7 + + = | x:balloon 6:balloon 5:balloon 7:balloon +:balloon +:balloon =:balloon
EXPR: 0 | POS | INT | 10 | 18 | 6 | x=(5+(7-6)) | x 5 7 6 - + = | x:balloon 5:balloon 7:balloon 6:balloon -:balloon +:balloon =:balloon
EXPR: 0 | POS | INT | 10 | 18 | 4 | x=((5-7)+6) | x 5 7 - 6 + = | x:balloon 5:balloon 7:balloon -:balloon 6:balloon +:balloon =:balloon
EXPR: 0 | POS | INT | 10 | 18 | 8 | x=(6-(5-7)) | x 6 5 7 - - = | x:balloon 6:balloon 5:balloon 7:balloon -:balloon -:balloon =:balloon
EXPR: 0 | POS | INT | 11 | 18 | 8 | x=(6-(5-7)) | x 6 5 7 - - = | x:balloon 6:balloon 5:balloon 7:balloon -:balloon -:balloon =:balloon
EXPR: 0 | POS | INT | 11 | 18 | 4 | x=(6+(5-7)) | x 6 5 7 - + = | x:balloon 6:balloon 5:balloon 7:balloon -:balloon +:balloon =:balloon
EXPR: 0 | POS | INT | 11 | 18 | 6 | x=((5+7)-6) | x 5 7 + 6 - = | x:balloon 5:balloon 7:balloon +:balloon 6:balloon -:balloon =:balloon
EXPR: 1 | POS | INT | 11 | 18 | 18 | x=((5+7)+6) | x 5 7 + 6 + = | x:balloon 5:balloon 7:balloon +:balloon 6:balloon +:balloon =:balloon
EXPR: 0 | POS | INT | 11 | 18 | 8 | x=((6-5)+7) | x 6 5 - 7 + = | x:balloon 6:balloon 5:balloon -:balloon 7:balloon +:balloon =:balloon
EXPR: 0 | POS | INT | 11 | 18 | 4 | x=(5-(7-6)) | x 5 7 6 - - = | x:balloon 5:balloon 7:balloon 6:balloon -:balloon -:balloon =:balloon
EXPR: 1 | POS | INT | 11 | 18 | 18 | x=(6+(5+7)) | x 6 5 7 + + = | x:balloon 6:balloon 5:balloon 7:balloon +:balloon +:balloon =:balloon
EXPR: 0 | POS | INT | 11 | 18 | 6 | x=(5+(7-6)) | x 5 7 6 - + = | x:balloon 5:balloon 7:balloon 6:balloon -:balloon +:balloon =:balloon
EXPR: 0 | POS | INT | 11 | 18 | 4 | x=((5-7)+6) | x 5 7 - 6 + = | x:balloon 5:balloon 7:balloon -:balloon 6:balloon +:balloon =:balloon
EXPR: 0 | POS | INT | 12 | 18 | 6 | 6=((5-x)+7) | 6 5 x - 7 + = | 6:balloon 5:balloon x:balloon -:balloon 7:balloon +:balloon =:balloon
EXPR: 0 | POS | INT | 12 | 18 | 8 | 6=((5+x)-7) | 6 5 x + 7 - = | 6:balloon 5:balloon x:balloon +:balloon 7:balloon -:balloon =:balloon
EXPR: 0 | POS | INT | 12 | 18 | 8 | ((x-6)+5)=7 | x 6 - 5 + 7 = | x:balloon 6:balloon -:balloon 5:balloon +:balloon 7:balloon =:balloon
EXPR: 0 | POS | INT | 12 | 18 | 6 | ((5-x)+7)=6 | 5 x - 7 + 6 = | 5:balloon x:balloon -:balloon 7:balloon +:balloon 6:balloon =:balloon
EXPR: 0 | POS | INT | 12 | 18 | 8 | 5=(7-(x-6)) | 5 7 x 6 - - = | 5:balloon 7:balloon x:balloon 6:balloon -:balloon -:balloon =:balloon
EXPR: 1 | POS | INT | 12 | 18 | 18 | (x-5)=(6+7) | x 5 - 6 7 + = | x:balloon 5:balloon -:balloon 6:balloon 7:balloon +:balloon =:balloon
EXPR: 0 | POS | INT | 12 | 18 | 6 | 6=(5-(x-7)) | 6 5 x 7 - - = | 6:balloon 5:balloon x:balloon 7:balloon -:balloon -:balloon =:balloon
EXPR: 0 | POS | INT | 12 | 18 | 8 | (x-(6-5))=7 | x 6 5 - - 7 = | x:balloon 6:balloon 5:balloon -:balloon -:balloon 7:balloon =:balloon
EXPR: 0 | POS | INT | 12 | 18 | 4 | (x-(5-7))=6 | x 5 7 - - 6 = | x:balloon 5:balloon 7:balloon -:balloon -:balloon 6:balloon =:balloon
EXPR: 1 | POS | INT | 12 | 18 | 18 | ((x-6)-5)=7 | x 6 - 5 - 7 = | x:balloon 6:balloon -:balloon 5:balloon -:balloon 7:balloon =:balloon
EXPR: 1 | POS | INT | 12 | 18 | 18 | (x-(5+7))=6 | x 5 7 + - 6 = | x:balloon 5:balloon 7:balloon +:balloon -:balloon 6:balloon =:balloon
EXPR: 0 | POS | INT | 12 | 18 | 6 | (x+(6-5))=7 | x 6 5 - + 7 = | x:balloon 6:balloon 5:balloon -:balloon +:balloon 7:balloon =:balloon
EXPR: 0 | POS | INT | 12 | 18 | 8 | (x+(5-7))=6 | x 5 7 - + 6 = | x:balloon 5:balloon 7:balloon -:balloon +:balloon 6:balloon =:balloon
EXPR: 0 | POS | INT | 12 | 18 | 8 | (5-(7-x))=6 | 5 7 x - - 6 = | 5:balloon 7:balloon x:balloon -:balloon -:balloon 6:balloon =:balloon
EXPR: 0 | POS | INT | 12 | 18 | 4 | ((x-5)+7)=6 | x 5 - 7 + 6 = | x:balloon 5:balloon -:balloon 7:balloon +:balloon 6:balloon =:balloon
EXPR: 0 | POS | INT | 12 | 18 | 6 | ((6+x)-5)=7 | 6 x + 5 - 7 = | 6:balloon x:balloon +:balloon 5:balloon -:balloon 7:balloon =:balloon
EXPR: 0 | POS | INT | 12 | 18 | 6 | (6-(5-x))=7 | 6 5 x - - 7 = | 6:balloon 5:balloon x:balloon -:balloon -:balloon 7:balloon =:balloon
EXPR: 0 | POS | INT | 12 | 18 | 4 | (x-5)=(6-7) | x 5 - 6 7 - = | x:balloon 5:balloon -:balloon 6:balloon 7:balloon -:balloon =:balloon
EXPR: 1 | POS | INT | 12 | 18 | 18 | ((x-5)-7)=6 | x 5 - 7 - 6 = | x:balloon 5:balloon -:balloon 7:balloon -:balloon 6:balloon =:balloon
EXPR: 0 | POS | INT | 12 | 18 | 6 | (5-x)=(6-7) | 5 x - 6 7 - = | 5:balloon x:balloon -:balloon 6:balloon 7:balloon -:balloon =:balloon
EXPR: 0 | POS | INT | 12 | 18 | 8 | 6=((5-7)+x) | 6 5 7 - x + = | 6:balloon 5:balloon 7:balloon -:balloon x:balloon +:balloon =:balloon
EXPR: 0 | POS | INT | 12 | 18 | 4 | (6-(x-5))=7 | 6 x 5 - - 7 = | 6:balloon x:balloon 5:balloon -:balloon -:balloon 7:balloon =:balloon
EXPR: 0 | POS | INT | 12 | 18 | 6 | 5=((x-7)+6) | 5 x 7 - 6 + = | 5:balloon x:balloon 7:balloon -:balloon 6:balloon +:balloon =:balloon
EXPR: 0 | POS | INT | 12 | 18 | 4 | 5=((x+7)-6) | 5 x 7 + 6 - = | 5:balloon x:balloon 7:balloon +:balloon 6:balloon -:balloon =:balloon
EXPR: 0 | POS | INT | 12 | 18 | 6 | 6=((5+7)-x) | 6 5 7 + x - = | 6:balloon 5:balloon 7:balloon +:balloon x:balloon -:balloon =:balloon
EXPR: 0 | POS | INT | 12 | 18 | 4 | 6=((x-5)+7) | 6 x 5 - 7 + = | 6:balloon x:balloon 5:balloon -:balloon 7:balloon +:balloon =:balloon
EXPR: 0 | POS | INT | 12 | 18 | 4 | (6+(5-x))=7 | 6 5 x - + 7 = | 6:balloon 5:balloon x:balloon -:balloon +:balloon 7:balloon =:balloon
EXPR: 0 | POS | INT | 12 | 18 | 6 | (5-(x-7))=6 | 5 x 7 - - 6 = | 5:balloon x:balloon 7:balloon -:balloon -:balloon 6:balloon =:balloon
EXPR: 0 | POS | INT | 12 | 18 | 8 | 5=(7+(6-x)) | 5 7 6 x - + = | 5:balloon 7:balloon 6:balloon x:balloon -:balloon +:balloon =:balloon
EXPR: 0 | POS | INT | 12 | 18 | 4 | 5=(7-(6-x)) | 5 7 6 x - - = | 5:balloon 7:balloon 6:balloon x:balloon -:balloon -:balloon =:balloon
EXPR: 0 | POS | INT | 12 | 18 | 8 | ((5-7)+x)=6 | 5 7 - x + 6 = | 5:balloon 7:balloon -:balloon x:balloon +:balloon 6:balloon =:balloon
EXPR: 0 | POS | INT | 12 | 18 | 6 | (5-6)=(x-7) | 5 6 - x 7 - = | 5:balloon 6:balloon -:balloon x:balloon 7:balloon -:balloon =:balloon
EXPR: 0 | POS | INT | 12 | 18 | 6 | 6=(5+(7-x)) | 6 5 7 x - + = | 6:balloon 5:balloon 7:balloon x:balloon -:balloon +:balloon =:balloon
EXPR: 0 | POS | INT | 12 | 18 | 8 | 6=(5-(7-x)) | 6 5 7 x - - = | 6:balloon 5:balloon 7:balloon x:balloon -:balloon -:balloon =:balloon
EXPR: 0 | POS | INT | 12 | 18 | 4 | ((6-x)+5)=7 | 6 x - 5 + 7 = | 6:balloon x:balloon -:balloon 5:balloon +:balloon 7:balloon =:balloon
EXPR: 0 | POS | INT | 12 | 18 | 8 | 6=((x+5)-7) | 6 x 5 + 7 - = | 6:balloon x:balloon 5:balloon +:balloon 7:balloon -:balloon =:balloon
EXPR: 0 | POS | INT | 12 | 18 | 8 | (5-6)=(7-x) | 5 6 - 7 x - = | 5:balloon 6:balloon -:balloon 7:balloon x:balloon -:balloon =:balloon
EXPR: 0 | POS | INT | 12 | 18 | 6 | ((x+6)-5)=7 | x 6 + 5 - 7 = | x:balloon 6:balloon +:balloon 5:balloon -:balloon 7:balloon =:balloon
EXPR: 1 | POS | INT | 12 | 18 | 18 | 5=((x-7)-6) | 5 x 7 - 6 - = | 5:balloon x:balloon 7:balloon -:balloon 6:balloon -:balloon =:balloon
EXPR: 0 | POS | INT | 12 | 18 | 4 | 5=(x+(7-6)) | 5 x 7 6 - + = | 5:balloon x:balloon 7:balloon 6:balloon -:balloon +:balloon =:balloon
EXPR: 0 | POS | INT | 12 | 18 | 8 | (5+(x-7))=6 | 5 x 7 - + 6 = | 5:balloon x:balloon 7:balloon -:balloon +:balloon 6:balloon =:balloon
EXPR: 0 | POS | INT | 12 | 18 | 8 | 5=((7-x)+6) | 5 7 x - 6 + = | 5:balloon 7:balloon x:balloon -:balloon 6:balloon +:balloon =:balloon
EXPR: 1 | POS | INT | 12 | 18 | 18 | 6=((x-5)-7) | 6 x 5 - 7 - = | 6:balloon x:balloon 5:balloon -:balloon 7:balloon -:balloon =:balloon
EXPR: 0 | POS | INT | 12 | 18 | 4 | 5=(7+(x-6)) | 5 7 x 6 - + = | 5:balloon 7:balloon x:balloon 6:balloon -:balloon +:balloon =:balloon
EXPR: 0 | POS | INT | 12 | 18 | 8 | 6=(x+(5-7)) | 6 x 5 7 - + = | 6:balloon x:balloon 5:balloon 7:balloon -:balloon +:balloon =:balloon
EXPR: 0 | POS | INT | 12 | 18 | 4 | 6=(x-(5-7)) | 6 x 5 7 - - = | 6:balloon x:balloon 5:balloon 7:balloon -:balloon -:balloon =:balloon
EXPR: 0 | POS | INT | 12 | 18 | 6 | ((6-5)+x)=7 | 6 5 - x + 7 = | 6:balloon 5:balloon -:balloon x:balloon +:balloon 7:balloon =:balloon
EXPR: 0 | POS | INT | 12 | 18 | 6 | 5=(x-(7-6)) | 5 x 7 6 - - = | 5:balloon x:balloon 7:balloon 6:balloon -:balloon -:balloon =:balloon
EXPR: 0 | POS | INT | 12 | 18 | 8 | 6=(5+(x-7)) | 6 5 x 7 - + = | 6:balloon 5:balloon x:balloon 7:balloon -:balloon +:balloon =:balloon
EXPR: 0 | POS | INT | 12 | 18 | 8 | ((5+x)-7)=6 | 5 x + 7 - 6 = | 5:balloon x:balloon +:balloon 7:balloon -:balloon 6:balloon =:balloon
EXPR: 1 | POS | INT | 12 | 18 | 18 | 6=(x-(5+7)) | 6 x 5 7 + - = | 6:balloon x:balloon 5:balloon 7:balloon +:balloon -:balloon =:balloon
EXPR: 0 | POS | INT | 12 | 18 | 4 | 5=((7+x)-6) | 5 7 x + 6 - = | 5:balloon 7:balloon x:balloon +:balloon 6:balloon -:balloon =:balloon
EXPR: 0 | POS | INT | 12 | 18 | 6 | (6+(x-5))=7 | 6 x 5 - + 7 = | 6:balloon x:balloon 5:balloon -:balloon +:balloon 7:balloon =:balloon
EXPR: 0 | POS | INT | 12 | 18 | 6 | (5+(7-x))=6 | 5 7 x - + 6 = | 5:balloon 7:balloon x:balloon -:balloon +:balloon 6:balloon =:balloon
EXPR: 0 | POS | INT | 12 | 18 | 6 | ((5+7)-x)=6 | 5 7 + x - 6 = | 5:balloon 7:balloon +:balloon x:balloon -:balloon 6:balloon =:balloon
EXPR: 0 | POS | INT | 12 | 18 | 8 | (5+x)=(6+7) | 5 x + 6 7 + = | 5:balloon x:balloon +:balloon 6:balloon 7:balloon +:balloon =:balloon
EXPR: 0 | POS | INT | 12 | 18 | 8 | ((x+5)-7)=6 | x 5 + 7 - 6 = | x:balloon 5:balloon +:balloon 7:balloon -:balloon 6:balloon =:balloon
EXPR: 0 | POS | INT | 12 | 18 | 8 | (x+5)=(6+7) | x 5 + 6 7 + = | x:balloon 5:balloon +:balloon 6:balloon 7:balloon +:balloon =:balloon
EXPR: 0 | POS | INT | 12 | 18 | 4 | 5=((7-6)+x) | 5 7 6 - x + = | 5:balloon 7:balloon 6:balloon -:balloon x:balloon +:balloon =:balloon
EXPR: 1 | POS | INT | 12 | 18 | 18 | (5+6)=(x-7) | 5 6 + x 7 - = | 5:balloon 6:balloon +:balloon x:balloon 7:balloon -:balloon =:balloon
EXPR: 0 | POS | INT | 12 | 18 | 4 | (5+6)=(x+7) | 5 6 + x 7 + = | 5:balloon 6:balloon +:balloon x:balloon 7:balloon +:balloon =:balloon
EXPR: 0 | POS | INT | 12 | 18 | 4 | (5+6)=(7+x) | 5 6 + 7 x + = | 5:balloon 6:balloon +:balloon 7:balloon x:balloon +:balloon =:balloon
EXPR: 0 | POS | INT | 15 | 18 | 8 | x=((7-5)+6) | x 7 5 - 6 + = | x:balloon 7:balloon 5:balloon -:balloon 6:balloon +:balloon =:balloon
EXPR: 0 | POS | INT | 15 | 18 | 6 | x=(7+(5-6)) | x 7 5 6 - + = | x:balloon 7:balloon 5:balloon 6:balloon -:balloon +:balloon =:balloon
EXPR: 0 | POS | INT | 15 | 18 | 8 | x=(7-(5-6)) | x 7 5 6 - - = | x:balloon 7:balloon 5:balloon 6:balloon -:balloon -:balloon =:balloon
EXPR: 1 | POS | INT | 15 | 18 | 18 | x=(7+(5+6)) | x 7 5 6 + + = | x:balloon 7:balloon 5:balloon 6:balloon +:balloon +:balloon =:balloon
EXPR: 0 | POS | INT | 16 | 18 | 8 | x=((7-5)+6) | x 7 5 - 6 + = | x:balloon 7:balloon 5:balloon -:balloon 6:balloon +:balloon =:balloon
EXPR: 0 | POS | INT | 16 | 18 | 6 | x=(7+(5-6)) | x 7 5 6 - + = | x:balloon 7:balloon 5:balloon 6:balloon -:balloon +:balloon =:balloon
EXPR: 0 | POS | INT | 16 | 18 | 8 | x=(7-(5-6)) | x 7 5 6 - - = | x:balloon 7:balloon 5:balloon 6:balloon -:balloon -:balloon =:balloon
EXPR: 1 | POS | INT | 16 | 18 | 18 | x=(7+(5+6)) | x 7 5 6 + + = | x:balloon 7:balloon 5:balloon 6:balloon +:balloon +:balloon =:balloon
EXPR: 0 | POS | INT | 17 | 18 | 4 | 7=((5-x)+6) | 7 5 x - 6 + = | 7:balloon 5:balloon x:balloon -:balloon 6:balloon +:balloon =:balloon
EXPR: 0 | POS | INT | 17 | 18 | 6 | (7-(x-5))=6 | 7 x 5 - - 6 = | 7:balloon x:balloon 5:balloon -:balloon -:balloon 6:balloon =:balloon
EXPR: 0 | POS | INT | 17 | 18 | 8 | ((x-7)+5)=6 | x 7 - 5 + 6 = | x:balloon 7:balloon -:balloon 5:balloon +:balloon 6:balloon =:balloon
EXPR: 0 | POS | INT | 17 | 18 | 4 | 7=(5+(6-x)) | 7 5 6 x - + = | 7:balloon 5:balloon 6:balloon x:balloon -:balloon +:balloon =:balloon
EXPR: 0 | POS | INT | 17 | 18 | 4 | (7-(5-x))=6 | 7 5 x - - 6 = | 7:balloon 5:balloon x:balloon -:balloon -:balloon 6:balloon =:balloon
EXPR: 0 | POS | INT | 17 | 18 | 8 | (x-(7-5))=6 | x 7 5 - - 6 = | x:balloon 7:balloon 5:balloon -:balloon -:balloon 6:balloon =:balloon
EXPR: 0 | POS | INT | 17 | 18 | 6 | (7+(5-x))=6 | 7 5 x - + 6 = | 7:balloon 5:balloon x:balloon -:balloon +:balloon 6:balloon =:balloon
EXPR: 0 | POS | INT | 17 | 18 | 8 | 7=(5-(6-x)) | 7 5 6 x - - = | 7:balloon 5:balloon 6:balloon x:balloon -:balloon -:balloon =:balloon
EXPR: 0 | POS | INT | 17 | 18 | 8 | 7=((5+x)-6) | 7 5 x + 6 - = | 7:balloon 5:balloon x:balloon +:balloon 6:balloon -:balloon =:balloon
EXPR: 1 | POS | INT | 17 | 18 | 18 | ((x-7)-5)=6 | x 7 - 5 - 6 = | x:balloon 7:balloon -:balloon 5:balloon -:balloon 6:balloon =:balloon
EXPR: 0 | POS | INT | 17 | 18 | 6 | 7=((x-5)+6) | 7 x 5 - 6 + = | 7:balloon x:balloon 5:balloon -:balloon 6:balloon +:balloon =:balloon
EXPR: 0 | POS | INT | 17 | 18 | 4 | (7+(x-5))=6 | 7 x 5 - + 6 = | 7:balloon x:balloon 5:balloon -:balloon +:balloon 6:balloon =:balloon
EXPR: 1 | POS | INT | 17 | 18 | 18 | 7=((x-5)-6) | 7 x 5 - 6 - = | 7:balloon x:balloon 5:balloon -:balloon 6:balloon -:balloon =:balloon
EXPR: 0 | POS | INT | 17 | 18 | 4 | ((7-5)+x)=6 | 7 5 - x + 6 = | 7:balloon 5:balloon -:balloon x:balloon +:balloon 6:balloon =:balloon
EXPR: 0 | POS | INT | 17 | 18 | 4 | (x+(7-5))=6 | x 7 5 - + 6 = | x:balloon 7:balloon 5:balloon -:balloon +:balloon 6:balloon =:balloon
EXPR: 0 | POS | INT | 17 | 18 | 6 | ((7-x)+5)=6 | 7 x - 5 + 6 = | 7:balloon x:balloon -:balloon 5:balloon +:balloon 6:balloon =:balloon
EXPR: 0 | POS | INT | 17 | 18 | 4 | ((7+x)-5)=6 | 7 x + 5 - 6 = | 7:balloon x:balloon +:balloon 5:balloon -:balloon 6:balloon =:balloon
EXPR: 0 | POS | INT | 17 | 18 | 8 | 7=((x+5)-6) | 7 x 5 + 6 - = | 7:balloon x:balloon 5:balloon +:balloon 6:balloon -:balloon =:balloon
EXPR: 0 | POS | INT | 17 | 18 | 8 | 7=(5+(x-6)) | 7 5 x 6 - + = | 7:balloon 5:balloon x:balloon 6:balloon -:balloon +:balloon =:balloon
EXPR: 0 | POS | INT | 17 | 18 | 4 | ((x+7)-5)=6 | x 7 + 5 - 6 = | x:balloon 7:balloon +:balloon 5:balloon -:balloon 6:balloon =:balloon
EXPR: 0 | POS | INT | 17 | 18 | 4 | 7=(5-(x-6)) | 7 5 x 6 - - = | 7:balloon 5:balloon x:balloon 6:balloon -:balloon -:balloon =:balloon
EXPR: 1 | POS | INT | 17 | 18 | 18 | 7=(x-(5+6)) | 7 x 5 6 + - = | 7:balloon x:balloon 5:balloon 6:balloon +:balloon -:balloon =:balloon
EXPR: 0 | POS | INT | 17 | 18 | 4 | 7=((5+6)-x) | 7 5 6 + x - = | 7:balloon 5:balloon 6:balloon +:balloon x:balloon -:balloon =:balloon
EXPR: 0 | POS | INT | 17 | 18 | 8 | 7=((5-6)+x) | 7 5 6 - x + = | 7:balloon 5:balloon 6:balloon -:balloon x:balloon +:balloon =:balloon
EXPR: 0 | POS | INT | 17 | 18 | 8 | 7=(x+(5-6)) | 7 x 5 6 - + = | 7:balloon x:balloon 5:balloon 6:balloon -:balloon +:balloon =:balloon
EXPR: 0 | POS | INT | 17 | 18 | 6 | 7=(x-(5-6)) | 7 x 5 6 - - = | 7:balloon x:balloon 5:balloon 6:balloon -:balloon -:balloon =:balloon
EXPR: 0 | POS | INT | 22 | 18 | 4 | (5-x)=(7-6) | 5 x - 7 6 - = | 5:balloon x:balloon -:balloon 7:balloon 6:balloon -:balloon =:balloon
EXPR: 0 | POS | INT | 22 | 18 | 8 | (5-7)=(6-x) | 5 7 - 6 x - = | 5:balloon 7:balloon -:balloon 6:balloon x:balloon -:balloon =:balloon
EXPR: 0 | POS | INT | 22 | 18 | 6 | (x+6)=(5+7) | x 6 + 5 7 + = | x:balloon 6:balloon +:balloon 5:balloon 7:balloon +:balloon =:balloon
EXPR: 0 | POS | INT | 22 | 18 | 6 | (x-5)=(7-6) | x 5 - 7 6 - = | x:balloon 5:balloon -:balloon 7:balloon 6:balloon -:balloon =:balloon
EXPR: 1 | POS | INT | 22 | 18 | 18 | (x-6)=(5+7) | x 6 - 5 7 + = | x:balloon 6:balloon -:balloon 5:balloon 7:balloon +:balloon =:balloon
EXPR: 0 | POS | INT | 22 | 18 | 4 | (x-6)=(5-7) | x 6 - 5 7 - = | x:balloon 6:balloon -:balloon 5:balloon 7:balloon -:balloon =:balloon
EXPR: 0 | POS | INT | 22 | 18 | 8 | (6-x)=(5-7) | 6 x - 5 7 - = | 6:balloon x:balloon -:balloon 5:balloon 7:balloon -:balloon =:balloon
EXPR: 0 | POS | INT | 22 | 18 | 6 | (6-5)=(7-x) | 6 5 - 7 x - = | 6:balloon 5:balloon -:balloon 7:balloon x:balloon -:balloon =:balloon
EXPR: 0 | POS | INT | 22 | 18 | 4 | (5-7)=(x-6) | 5 7 - x 6 - = | 5:balloon 7:balloon -:balloon x:balloon 6:balloon -:balloon =:balloon
EXPR: 0 | POS | INT | 22 | 18 | 8 | (6-5)=(x-7) | 6 5 - x 7 - = | 6:balloon 5:balloon -:balloon x:balloon 7:balloon -:balloon =:balloon
EXPR: 0 | POS | INT | 22 | 18 | 6 | (6+x)=(5+7) | 6 x + 5 7 + = | 6:balloon x:balloon +:balloon 5:balloon 7:balloon +:balloon =:balloon
EXPR: 1 | POS | INT | 22 | 18 | 18 | (5+7)=(x-6) | 5 7 + x 6 - = | 5:balloon 7:balloon +:balloon x:balloon 6:balloon -:balloon =:balloon
EXPR: 0 | POS | INT | 22 | 18 | 6 | (5+7)=(x+6) | 5 7 + x 6 + = | 5:balloon 7:balloon +:balloon x:balloon 6:balloon +:balloon =:balloon
EXPR: 0 | POS | INT | 22 | 18 | 6 | (5+7)=(6+x) | 5 7 + 6 x + = | 5:balloon 7:balloon +:balloon 6:balloon x:balloon +:balloon =:balloon
EXPR: 0 | POS | INT | 25 | 18 | 8 | x=((6+7)-5) | x 6 7 + 5 - = | x:balloon 6:balloon 7:balloon +:balloon 5:balloon -:balloon =:balloon
EXPR: 1 | POS | INT | 25 | 18 | 18 | x=((6+7)+5) | x 6 7 + 5 + = | x:balloon 6:balloon 7:balloon +:balloon 5:balloon +:balloon =:balloon
EXPR: 0 | POS | INT | 25 | 18 | 6 | x=((7-6)+5) | x 7 6 - 5 + = | x:balloon 7:balloon 6:balloon -:balloon 5:balloon +:balloon =:balloon
EXPR: 0 | POS | INT | 25 | 18 | 8 | x=(6+(7-5)) | x 6 7 5 - + = | x:balloon 6:balloon 7:balloon 5:balloon -:balloon +:balloon =:balloon
EXPR: 0 | POS | INT | 25 | 18 | 8 | x=(7+(6-5)) | x 7 6 5 - + = | x:balloon 7:balloon 6:balloon 5:balloon -:balloon +:balloon =:balloon
EXPR: 0 | POS | INT | 25 | 18 | 4 | x=(6-(7-5)) | x 6 7 5 - - = | x:balloon 6:balloon 7:balloon 5:balloon -:balloon -:balloon =:balloon
EXPR: 0 | POS | INT | 25 | 18 | 6 | x=(7-(6-5)) | x 7 6 5 - - = | x:balloon 7:balloon 6:balloon 5:balloon -:balloon -:balloon =:balloon
EXPR: 0 | POS | INT | 25 | 18 | 4 | x=((6-7)+5) | x 6 7 - 5 + = | x:balloon 6:balloon 7:balloon -:balloon 5:balloon +:balloon =:balloon
EXPR: 0 | POS | INT | 26 | 18 | 6 | x=((7-6)+5) | x 7 6 - 5 + = | x:balloon 7:balloon 6:balloon -:balloon 5:balloon +:balloon =:balloon
EXPR: 1 | POS | INT | 26 | 18 | 18 | x=((6+7)+5) | x 6 7 + 5 + = | x:balloon 6:balloon 7:balloon +:balloon 5:balloon +:balloon =:balloon
EXPR: 0 | POS | INT | 26 | 18 | 8 | x=(6+(7-5)) | x 6 7 5 - + = | x:balloon 6:balloon 7:balloon 5:balloon -:balloon +:balloon =:balloon
EXPR: 0 | POS | INT | 26 | 18 | 8 | x=((6+7)-5) | x 6 7 + 5 - = | x:balloon 6:balloon 7:balloon +:balloon 5:balloon -:balloon =:balloon
EXPR: 0 | POS | INT | 26 | 18 | 8 | x=(7+(6-5)) | x 7 6 5 - + = | x:balloon 7:balloon 6:balloon 5:balloon -:balloon +:balloon =:balloon
EXPR: 0 | POS | INT | 26 | 18 | 4 | x=(6-(7-5)) | x 6 7 5 - - = | x:balloon 6:balloon 7:balloon 5:balloon -:balloon -:balloon =:balloon
EXPR: 0 | POS | INT | 26 | 18 | 6 | x=(7-(6-5)) | x 7 6 5 - - = | x:balloon 7:balloon 6:balloon 5:balloon -:balloon -:balloon =:balloon
EXPR: 0 | POS | INT | 26 | 18 | 4 | x=((6-7)+5) | x 6 7 - 5 + = | x:balloon 6:balloon 7:balloon -:balloon 5:balloon +:balloon =:balloon
EXPR: 0 | POS | INT | 27 | 18 | 4 | 7=((6-x)+5) | 7 6 x - 5 + = | 7:balloon 6:balloon x:balloon -:balloon 5:balloon +:balloon =:balloon
EXPR: 0 | POS | INT | 27 | 18 | 8 | ((6-x)+7)=5 | 6 x - 7 + 5 = | 6:balloon x:balloon -:balloon 7:balloon +:balloon 5:balloon =:balloon
EXPR: 0 | POS | INT | 27 | 18 | 4 | 7=(6-(x-5)) | 7 6 x 5 - - = | 7:balloon 6:balloon x:balloon 5:balloon -:balloon -:balloon =:balloon
EXPR: 1 | POS | INT | 27 | 18 | 18 | (x-7)=(5+6) | x 7 - 5 6 + = | x:balloon 7:balloon -:balloon 5:balloon 6:balloon +:balloon =:balloon
EXPR: 0 | POS | INT | 27 | 18 | 8 | ((7-x)+6)=5 | 7 x - 6 + 5 = | 7:balloon x:balloon -:balloon 6:balloon +:balloon 5:balloon =:balloon
EXPR: 0 | POS | INT | 27 | 18 | 6 | ((x-7)+6)=5 | x 7 - 6 + 5 = | x:balloon 7:balloon -:balloon 6:balloon +:balloon 5:balloon =:balloon
EXPR: 0 | POS | INT | 27 | 18 | 4 | (x+7)=(5+6) | x 7 + 5 6 + = | x:balloon 7:balloon +:balloon 5:balloon 6:balloon +:balloon =:balloon
EXPR: 0 | POS | INT | 27 | 18 | 8 | (7-(x-6))=5 | 7 x 6 - - 5 = | 7:balloon x:balloon 6:balloon -:balloon -:balloon 5:balloon =:balloon
EXPR: 0 | POS | INT | 27 | 18 | 4 | (x-(6-7))=5 | x 6 7 - - 5 = | x:balloon 6:balloon 7:balloon -:balloon -:balloon 5:balloon =:balloon
EXPR: 1 | POS | INT | 27 | 18 | 18 | (x-(6+7))=5 | x 6 7 + - 5 = | x:balloon 6:balloon 7:balloon +:balloon -:balloon 5:balloon =:balloon
EXPR: 0 | POS | INT | 27 | 18 | 6 | (x-(7-6))=5 | x 7 6 - - 5 = | x:balloon 7:balloon 6:balloon -:balloon -:balloon 5:balloon =:balloon
EXPR: 0 | POS | INT | 27 | 18 | 6 | (x+(6-7))=5 | x 6 7 - + 5 = | x:balloon 6:balloon 7:balloon -:balloon +:balloon 5:balloon =:balloon
EXPR: 0 | POS | INT | 27 | 18 | 8 | (7+(6-x))=5 | 7 6 x - + 5 = | 7:balloon 6:balloon x:balloon -:balloon +:balloon 5:balloon =:balloon
EXPR: 0 | POS | INT | 27 | 18 | 6 | (x-7)=(5-6) | x 7 - 5 6 - = | x:balloon 7:balloon -:balloon 5:balloon 6:balloon -:balloon =:balloon
EXPR: 0 | POS | INT | 27 | 18 | 4 | ((7+x)-6)=5 | 7 x + 6 - 5 = | 7:balloon x:balloon +:balloon 6:balloon -:balloon 5:balloon =:balloon
EXPR: 1 | POS | INT | 27 | 18 | 18 | ((x-7)-6)=5 | x 7 - 6 - 5 = | x:balloon 7:balloon -:balloon 6:balloon -:balloon 5:balloon =:balloon
EXPR: 1 | POS | INT | 27 | 18 | 18 | ((x-6)-7)=5 | x 6 - 7 - 5 = | x:balloon 6:balloon -:balloon 7:balloon -:balloon 5:balloon =:balloon
EXPR: 0 | POS | INT | 27 | 18 | 6 | 7=((6+x)-5) | 7 6 x + 5 - = | 7:balloon 6:balloon x:balloon +:balloon 5:balloon -:balloon =:balloon
EXPR: 0 | POS | INT | 27 | 18 | 4 | (7-(6-x))=5 | 7 6 x - - 5 = | 7:balloon 6:balloon x:balloon -:balloon -:balloon 5:balloon =:balloon
EXPR: 0 | POS | INT | 27 | 18 | 4 | 7=(6+(5-x)) | 7 6 5 x - + = | 7:balloon 6:balloon 5:balloon x:balloon -:balloon +:balloon =:balloon
EXPR: 1 | POS | INT | 27 | 18 | 18 | 6=((x-7)-5) | 6 x 7 - 5 - = | 6:balloon x:balloon 7:balloon -:balloon 5:balloon -:balloon =:balloon
EXPR: 0 | POS | INT | 27 | 18 | 8 | (6-(x-7))=5 | 6 x 7 - - 5 = | 6:balloon x:balloon 7:balloon -:balloon -:balloon 5:balloon =:balloon
EXPR: 0 | POS | INT | 27 | 18 | 4 | (7-5)=(6-x) | 7 5 - 6 x - = | 7:balloon 5:balloon -:balloon 6:balloon x:balloon -:balloon =:balloon
EXPR: 0 | POS | INT | 27 | 18 | 8 | 7=((x-6)+5) | 7 x 6 - 5 + = | 7:balloon x:balloon 6:balloon -:balloon 5:balloon +:balloon =:balloon
EXPR: 0 | POS | INT | 27 | 18 | 4 | 6=((x+7)-5) | 6 x 7 + 5 - = | 6:balloon x:balloon 7:balloon +:balloon 5:balloon -:balloon =:balloon
EXPR: 0 | POS | INT | 27 | 18 | 4 | (7+(x-6))=5 | 7 x 6 - + 5 = | 7:balloon x:balloon 6:balloon -:balloon +:balloon 5:balloon =:balloon
EXPR: 0 | POS | INT | 27 | 18 | 6 | 7=(6-(5-x)) | 7 6 5 x - - = | 7:balloon 6:balloon 5:balloon x:balloon -:balloon -:balloon =:balloon
EXPR: 1 | POS | INT | 27 | 18 | 18 | 7=((x-6)-5) | 7 x 6 - 5 - = | 7:balloon x:balloon 6:balloon -:balloon 5:balloon -:balloon =:balloon
EXPR: 0 | POS | INT | 27 | 18 | 8 | (6+(7-x))=5 | 6 7 x - + 5 = | 6:balloon 7:balloon x:balloon -:balloon +:balloon 5:balloon =:balloon
EXPR: 0 | POS | INT | 27 | 18 | 4 | (x+(7-6))=5 | x 7 6 - + 5 = | x:balloon 7:balloon 6:balloon -:balloon +:balloon 5:balloon =:balloon
EXPR: 0 | POS | INT | 27 | 18 | 8 | 6=((x-7)+5) | 6 x 7 - 5 + = | 6:balloon x:balloon 7:balloon -:balloon 5:balloon +:balloon =:balloon
EXPR: 0 | POS | INT | 27 | 18 | 8 | (7-5)=(x-6) | 7 5 - x 6 - = | 7:balloon 5:balloon -:balloon x:balloon 6:balloon -:balloon =:balloon
EXPR: 0 | POS | INT | 27 | 18 | 6 | 7=((x+6)-5) | 7 x 6 + 5 - = | 7:balloon x:balloon 6:balloon +:balloon 5:balloon -:balloon =:balloon
EXPR: 0 | POS | INT | 27 | 18 | 6 | 7=(6+(x-5)) | 7 6 x 5 - + = | 7:balloon 6:balloon x:balloon 5:balloon -:balloon +:balloon =:balloon
EXPR: 0 | POS | INT | 27 | 18 | 8 | (7-x)=(5-6) | 7 x - 5 6 - = | 7:balloon x:balloon -:balloon 5:balloon 6:balloon -:balloon =:balloon
EXPR: 0 | POS | INT | 27 | 18 | 6 | (6-(7-x))=5 | 6 7 x - - 5 = | 6:balloon 7:balloon x:balloon -:balloon -:balloon 5:balloon =:balloon
EXPR: 0 | POS | INT | 27 | 18 | 6 | 6=(7-(x-5)) | 6 7 x 5 - - = | 6:balloon 7:balloon x:balloon 5:balloon -:balloon -:balloon =:balloon
EXPR: 0 | POS | INT | 27 | 18 | 6 | 6=(7+(5-x)) | 6 7 5 x - + = | 6:balloon 7:balloon 5:balloon x:balloon -:balloon +:balloon =:balloon
EXPR: 0 | POS | INT | 27 | 18 | 4 | 6=(x+(7-5)) | 6 x 7 5 - + = | 6:balloon x:balloon 7:balloon 5:balloon -:balloon +:balloon =:balloon
EXPR: 0 | POS | INT | 27 | 18 | 8 | 6=(x-(7-5)) | 6 x 7 5 - - = | 6:balloon x:balloon 7:balloon 5:balloon -:balloon -:balloon =:balloon
EXPR: 0 | POS | INT | 27 | 18 | 4 | 6=(7+(x-5)) | 6 7 x 5 - + = | 6:balloon 7:balloon x:balloon 5:balloon -:balloon +:balloon =:balloon
EXPR: 0 | POS | INT | 27 | 18 | 4 | ((x+7)-6)=5 | x 7 + 6 - 5 = | x:balloon 7:balloon +:balloon 6:balloon -:balloon 5:balloon =:balloon
EXPR: 0 | POS | INT | 27 | 18 | 4 | ((7-6)+x)=5 | 7 6 - x + 5 = | 7:balloon 6:balloon -:balloon x:balloon +:balloon 5:balloon =:balloon
EXPR: 0 | POS | INT | 27 | 18 | 6 | ((6+x)-7)=5 | 6 x + 7 - 5 = | 6:balloon x:balloon +:balloon 7:balloon -:balloon 5:balloon =:balloon
EXPR: 0 | POS | INT | 27 | 18 | 4 | 6=((7+x)-5) | 6 7 x + 5 - = | 6:balloon 7:balloon x:balloon +:balloon 5:balloon -:balloon =:balloon
EXPR: 0 | POS | INT | 27 | 18 | 6 | 6=((7-x)+5) | 6 7 x - 5 + = | 6:balloon 7:balloon x:balloon -:balloon 5:balloon +:balloon =:balloon
EXPR: 0 | POS | INT | 27 | 18 | 6 | 7=(x+(6-5)) | 7 x 6 5 - + = | 7:balloon x:balloon 6:balloon 5:balloon -:balloon +:balloon =:balloon
EXPR: 0 | POS | INT | 27 | 18 | 4 | 6=(7-(5-x)) | 6 7 5 x - - = | 6:balloon 7:balloon 5:balloon x:balloon -:balloon -:balloon =:balloon
EXPR: 0 | POS | INT | 27 | 18 | 8 | ((6+7)-x)=5 | 6 7 + x - 5 = | 6:balloon 7:balloon +:balloon x:balloon -:balloon 5:balloon =:balloon
EXPR: 0 | POS | INT | 27 | 18 | 4 | (7+x)=(5+6) | 7 x + 5 6 + = | 7:balloon x:balloon +:balloon 5:balloon 6:balloon +:balloon =:balloon
EXPR: 0 | POS | INT | 27 | 18 | 6 | (6+(x-7))=5 | 6 x 7 - + 5 = | 6:balloon x:balloon 7:balloon -:balloon +:balloon 5:balloon =:balloon
EXPR: 0 | POS | INT | 27 | 18 | 6 | ((x+6)-7)=5 | x 6 + 7 - 5 = | x:balloon 6:balloon +:balloon 7:balloon -:balloon 5:balloon =:balloon
EXPR: 0 | POS | INT | 27 | 18 | 6 | 7=((6-5)+x) | 7 6 5 - x + = | 7:balloon 6:balloon 5:balloon -:balloon x:balloon +:balloon =:balloon
EXPR: 0 | POS | INT | 27 | 18 | 8 | 7=(x-(6-5)) | 7 x 6 5 - - = | 7:balloon x:balloon 6:balloon 5:balloon -:balloon -:balloon =:balloon
EXPR: 0 | POS | INT | 27 | 18 | 4 | ((x-6)+7)=5 | x 6 - 7 + 5 = | x:balloon 6:balloon -:balloon 7:balloon +:balloon 5:balloon =:balloon
EXPR: 0 | POS | INT | 27 | 18 | 6 | ((6-7)+x)=5 | 6 7 - x + 5 = | 6:balloon 7:balloon -:balloon x:balloon +:balloon 5:balloon =:balloon
EXPR: 0 | POS | INT | 27 | 18 | 4 | 6=((7-5)+x) | 6 7 5 - x + = | 6:balloon 7:balloon 5:balloon -:balloon x:balloon +:balloon =:balloon
EXPR: 0 | POS | INT | 37 | 18 | 8 | (x-7)=(6-5) | x 7 - 6 5 - = | x:balloon 7:balloon -:balloon 6:balloon 5:balloon -:balloon =:balloon
EXPR: 0 | POS | INT | 37 | 18 | 4 | (6-x)=(7-5) | 6 x - 7 5 - = | 6:balloon x:balloon -:balloon 7:balloon 5:balloon -:balloon =:balloon
EXPR: 0 | POS | INT | 37 | 18 | 6 | (7-x)=(6-5) | 7 x - 6 5 - = | 7:balloon x:balloon -:balloon 6:balloon 5:balloon -:balloon =:balloon
EXPR: 0 | POS | INT | 37 | 18 | 6 | (6-7)=(5-x) | 6 7 - 5 x - = | 6:balloon 7:balloon -:balloon 5:balloon x:balloon -:balloon =:balloon
EXPR: 0 | POS | INT | 37 | 18 | 4 | (7-6)=(5-x) | 7 6 - 5 x - = | 7:balloon 6:balloon -:balloon 5:balloon x:balloon -:balloon =:balloon
EXPR: 0 | POS | INT | 37 | 18 | 8 | (x-6)=(7-5) | x 6 - 7 5 - = | x:balloon 6:balloon -:balloon 7:balloon 5:balloon -:balloon =:balloon
EXPR: 0 | POS | INT | 37 | 18 | 4 | (6-7)=(x-5) | 6 7 - x 5 - = | 6:balloon 7:balloon -:balloon x:balloon 5:balloon -:balloon =:balloon
EXPR: 0 | POS | INT | 37 | 18 | 6 | (7-6)=(x-5) | 7 6 - x 5 - = | 7:balloon 6:balloon -:balloon x:balloon 5:balloon -:balloon =:balloon
EXPR: 1 | POS | INT | 37 | 18 | 18 | (6+7)=(x-5) | 6 7 + x 5 - = | 6:balloon 7:balloon +:balloon x:balloon 5:balloon -:balloon =:balloon
EXPR: 0 | POS | INT | 37 | 18 | 8 | (6+7)=(x+5) | 6 7 + x 5 + = | 6:balloon 7:balloon +:balloon x:balloon 5:balloon +:balloon =:balloon
EXPR: 0 | POS | INT | 37 | 18 | 8 | (6+7)=(5+x) | 6 7 + 5 x + = | 6:balloon 7:balloon +:balloon 5:balloon x:balloon +:balloon =:balloon
NET 252 non-negative, integer-valued solutions found out of 408 total solutions
