parameters: n=7 l=3 k=1 p=5 q=1 m=9
TOTAL 408 solutions found
SOLN: CORRECT | POS/NEG | INT/FRA | OBJ-SCORE | TRUE-ANS | ANS | INFIX | POSTFIX | TYPED-POSTFIX
EXPR: 0 | POS | INT | 0 | 54 | 17 | x=(15+(41-39)) | x 15 41 39 - + = | x:game 15:game 41:game 39:game -:game +:game =:game
EXPR: 0 | POS | INT | 0 | 54 | 13 | x=(15-(41-39)) | x 15 41 39 - - = | x:game 15:game 41:game 39:game -:game -:game =:game
EXPR: 0 | POS | INT | 0 | 54 | 95 | x=(15+(41+39)) | x 15 41 39 + + = | x:game 15:game 41:game 39:game +:game +:game =:game
EXPR: 0 | POS | INT | 0 | 54 | 13 | x=((15-41)+39) | x 15 41 - 39 + = | x:game 15:game 41:game -:game 39:game +:game =:game
EXPR: 0 | POS | INT | 0 | 54 | 17 | x=((15+41)-39) | x 15 41 + 39 - = | x:game 15:game 41:game +:game 39:game -:game =:game
EXPR: 0 | POS | INT | 0 | 54 | 95 | x=((15+41)+39) | x 15 41 + 39 + = | x:game 15:game 41:game +:game 39:game +:game =:game
EXPR: 0 | POS | INT | 1 | 54 | 17 | x=(15+(41-39)) | x 15 41 39 - + = | x:game 15:game 41:game 39:game -:game +:game =:game
EXPR: 0 | POS | INT | 1 | 54 | 13 | x=(15-(41-39)) | x 15 41 39 - - = | x:game 15:game 41:game 39:game -:game -:game =:game
EXPR: 0 | POS | INT | 1 | 54 | 13 | x=((15-41)+39) | x 15 41 - 39 + = | x:game 15:game 41:game -:game 39:game +:game =:game
EXPR: 0 | POS | INT | 1 | 54 | 95 | x=(15+(41+39)) | x 15 41 39 + + = | x:game 15:game 41:game 39:game +:game +:game =:game
EXPR: 0 | POS | INT | 1 | 54 | 95 | x=((15+41)+39) | x 15 41 + 39 + = | x:game 15:game 41:game +:game 39:game +:game =:game
EXPR: 0 | POS | INT | 1 | 54 | 17 | x=((15+41)-39) | x 15 41 + 39 - = | x:game 15:game 41:game +:game 39:game -:game =:game
EXPR: 0 | POS | INT | 2 | 54 | 13 | ((x-15)+41)=39 | x 15 - 41 + 39 = | x:game 15:game -:game 41:game +:game 39:game =:game
EXPR: 0 | POS | INT | 2 | 54 | 65 | 15=(41-(x-39)) | 15 41 x 39 - - = | 15:game 41:game x:game 39:game -:game -:game =:game
EXPR: 0 | POS | INT | 2 | 54 | 13 | (x-(15-41))=39 | x 15 41 - - 39 = | x:game 15:game 41:game -:game -:game 39:game =:game
EXPR: 0 | POS | INT | 2 | 54 | 95 | (x-(15+41))=39 | x 15 41 + - 39 = | x:game 15:game 41:game +:game -:game 39:game =:game
EXPR: 0 | POS | INT | 2 | 54 | 65 | (x+(15-41))=39 | x 15 41 - + 39 = | x:game 15:game 41:game -:game +:game 39:game =:game
EXPR: 0 | POS | INT | 2 | 54 | 65 | (15-(41-x))=39 | 15 41 x - - 39 = | 15:game 41:game x:game -:game -:game 39:game =:game
EXPR: 0 | POS | INT | 2 | 54 | 17 | (15+(41-x))=39 | 15 41 x - + 39 = | 15:game 41:game x:game -:game +:game 39:game =:game
EXPR: 0 | POS | INT | 2 | 54 | 65 | 15=(41+(39-x)) | 15 41 39 x - + = | 15:game 41:game 39:game x:game -:game +:game =:game
EXPR: 0 | POS | INT | 2 | 54 | 95 | ((x-15)-41)=39 | x 15 - 41 - 39 = | x:game 15:game -:game 41:game -:game 39:game =:game
EXPR: 0 | POS | INT | 2 | 54 | 17 | (15-(x-41))=39 | 15 x 41 - - 39 = | 15:game x:game 41:game -:game -:game 39:game =:game
EXPR: 0 | POS | INT | 2 | 54 | 17 | ((15-x)+41)=39 | 15 x - 41 + 39 = | 15:game x:game -:game 41:game +:game 39:game =:game
EXPR: 0 | POS | INT | 2 | 54 | 17 | 15=((x-41)+39) | 15 x 41 - 39 + = | 15:game x:game 41:game -:game 39:game +:game =:game
EXPR: 0 | POS | INT | 2 | 54 | 13 | 15=((x+41)-39) | 15 x 41 + 39 - = | 15:game x:game 41:game +:game 39:game -:game =:game
EXPR: 0 | POS | INT | 2 | 54 | 95 | 15=((x-41)-39) | 15 x 41 - 39 - = | 15:game x:game 41:game -:game 39:game -:game =:game
EXPR: 0 | POS | INT | 2 | 54 | 13 | 15=(41-(39-x)) | 15 41 39 x - - = | 15:game 41:game 39:game x:game -:game -:game =:game
EXPR: 0 | POS | INT | 2 | 54 | 65 | ((15-41)+x)=39 | 15 41 - x + 39 = | 15:game 41:game -:game x:game +:game 39:game =:game
EXPR: 0 | POS | INT | 2 | 54 | 65 | ((15+x)-41)=39 | 15 x + 41 - 39 = | 15:game x:game +:game 41:game -:game 39:game =:game
EXPR: 0 | POS | INT | 2 | 54 | 13 | 15=(x+(41-39)) | 15 x 41 39 - + = | 15:game x:game 41:game 39:game -:game +:game =:game
EXPR: 0 | POS | INT | 2 | 54 | 17 | 15=(x-(41-39)) | 15 x 41 39 - - = | 15:game x:game 41:game 39:game -:game -:game =:game
EXPR: 0 | POS | INT | 2 | 54 | 65 | (15+(x-41))=39 | 15 x 41 - + 39 = | 15:game x:game 41:game -:game +:game 39:game =:game
EXPR: 0 | POS | INT | 2 | 54 | 95 | 15=(x-(41+39)) | 15 x 41 39 + - = | 15:game x:game 41:game 39:game +:game -:game =:game
EXPR: 0 | POS | INT | 2 | 54 | 65 | 15=((41-x)+39) | 15 41 x - 39 + = | 15:game 41:game x:game -:game 39:game +:game =:game
EXPR: 0 | POS | INT | 2 | 54 | 13 | 15=(41+(x-39)) | 15 41 x 39 - + = | 15:game 41:game x:game 39:game -:game +:game =:game
EXPR: 0 | POS | INT | 2 | 54 | 65 | ((x+15)-41)=39 | x 15 + 41 - 39 = | x:game 15:game +:game 41:game -:game 39:game =:game
EXPR: 0 | POS | INT | 2 | 54 | 13 | 15=((41+x)-39) | 15 41 x + 39 - = | 15:game 41:game x:game +:game 39:game -:game =:game
EXPR: 0 | POS | INT | 2 | 54 | 17 | ((15+41)-x)=39 | 15 41 + x - 39 = | 15:game 41:game +:game x:game -:game 39:game =:game
EXPR: 0 | POS | INT | 2 | 54 | 13 | 15=((41-39)+x) | 15 41 39 - x + = | 15:game 41:game 39:game -:game x:game +:game =:game
EXPR: 0 | POS | INT | 2 | 54 | 65 | 15=((41+39)-x) | 15 41 39 + x - = | 15:game 41:game 39:game +:game x:game -:game =:game
EXPR: 0 | POS | INT | 10 | 54 | 17 | x=(41+(15-39)) | x 41 15 39 - + = | x:game 41:game 15:game 39:game -:game +:game =:game
EXPR: 0 | POS | INT | 10 | 54 | 13 | x=((15+39)-41) | x 15 39 + 41 - = | x:game 15:game 39:game +:game 41:game -:game =:game
EXPR: 0 | POS | INT | 10 | 54 | 65 | x=((41-15)+39) | x 41 15 - 39 + = | x:game 41:game 15:game -:game 39:game +:game =:game
EXPR: 0 | POS | INT | 10 | 54 | 95 | x=((15+39)+41) | x 15 39 + 41 + = | x:game 15:game 39:game +:game 41:game +:game =:game
EXPR: 0 | POS | INT | 10 | 54 | 17 | x=(15-(39-41)) | x 15 39 41 - - = | x:game 15:game 39:game 41:game -:game -:game =:game
EXPR: 0 | POS | INT | 10 | 54 | 95 | x=(41+(15+39)) | x 41 15 39 + + = | x:game 41:game 15:game 39:game +:game +:game =:game
EXPR: 0 | POS | INT | 10 | 54 | 13 | x=(15+(39-41)) | x 15 39 41 - + = | x:game 15:game 39:game 41:game -:game +:game =:game
EXPR: 0 | POS | INT | 10 | 54 | 17 | x=((15-39)+41) | x 15 39 - 41 + = | x:game 15:game 39:game -:game 41:game +:game =:game
EXPR: 0 | POS | INT | 10 | 54 | 65 | x=(41-(15-39)) | x 41 15 39 - - = | x:game 41:game 15:game 39:game -:game -:game =:game
EXPR: 0 | POS | INT | 11 | 54 | 65 | x=(41-(15-39)) | x 41 15 39 - - = | x:game 41:game 15:game 39:game -:game -:game =:game
EXPR: 0 | POS | INT | 11 | 54 | 17 | x=(41+(15-39)) | x 41 15 39 - + = | x:game 41:game 15:game 39:game -:game +:game =:game
EXPR: 0 | POS | INT | 11 | 54 | 13 | x=((15+39)-41) | x 15 39 + 41 - = | x:game 15:game 39:game +:game 41:game -:game =:game
EXPR: 0 | POS | INT | 11 | 54 | 95 | x=((15+39)+41) | x 15 39 + 41 + = | x:game 15:game 39:game +:game 41:game +:game =:game
EXPR: 0 | POS | INT | 11 | 54 | 65 | x=((41-15)+39) | x 41 15 - 39 + = | x:game 41:game 15:game -:game 39:game +:game =:game
EXPR: 0 | POS | INT | 11 | 54 | 17 | x=(15-(39-41)) | x 15 39 41 - - = | x:game 15:game 39:game 41:game -:game -:game =:game
EXPR: 0 | POS | INT | 11 | 54 | 95 | x=(41+(15+39)) | x 41 15 39 + + = | x:game 41:game 15:game 39:game +:game +:game =:game
EXPR: 0 | POS | INT | 11 | 54 | 13 | x=(15+(39-41)) | x 15 39 41 - + = | x:game 15:game 39:game 41:game -:game +:game =:game
EXPR: 0 | POS | INT | 11 | 54 | 17 | x=((15-39)+41) | x 15 39 - 41 + = | x:game 15:game 39:game -:game 41:game +:game =:game
EXPR: 0 | POS | INT | 12 | 54 | 13 | 41=((15-x)+39) | 41 15 x - 39 + = | 41:game 15:game x:game -:game 39:game +:game =:game
EXPR: 0 | POS | INT | 12 | 54 | 65 | 41=((15+x)-39) | 41 15 x + 39 - = | 41:game 15:game x:game +:game 39:game -:game =:game
EXPR: 0 | POS | INT | 12 | 54 | 65 | ((x-41)+15)=39 | x 41 - 15 + 39 = | x:game 41:game -:game 15:game +:game 39:game =:game
EXPR: 0 | POS | INT | 12 | 54 | 13 | ((15-x)+39)=41 | 15 x - 39 + 41 = | 15:game x:game -:game 39:game +:game 41:game =:game
EXPR: 0 | POS | INT | 12 | 54 | 65 | 15=(39-(x-41)) | 15 39 x 41 - - = | 15:game 39:game x:game 41:game -:game -:game =:game
EXPR: 0 | POS | INT | 12 | 54 | 95 | (x-15)=(41+39) | x 15 - 41 39 + = | x:game 15:game -:game 41:game 39:game +:game =:game
EXPR: 0 | POS | INT | 12 | 54 | 13 | 41=(15-(x-39)) | 41 15 x 39 - - = | 41:game 15:game x:game 39:game -:game -:game =:game
EXPR: 0 | POS | INT | 12 | 54 | 65 | (x-(41-15))=39 | x 41 15 - - 39 = | x:game 41:game 15:game -:game -:game 39:game =:game
EXPR: 0 | POS | INT | 12 | 54 | 17 | (x-(15-39))=41 | x 15 39 - - 41 = | x:game 15:game 39:game -:game -:game 41:game =:game
EXPR: 0 | POS | INT | 12 | 54 | 95 | ((x-41)-15)=39 | x 41 - 15 - 39 = | x:game 41:game -:game 15:game -:game 39:game =:game
EXPR: 0 | POS | INT | 12 | 54 | 95 | (x-(15+39))=41 | x 15 39 + - 41 = | x:game 15:game 39:game +:game -:game 41:game =:game
EXPR: 0 | POS | INT | 12 | 54 | 13 | (x+(41-15))=39 | x 41 15 - + 39 = | x:game 41:game 15:game -:game +:game 39:game =:game
EXPR: 0 | POS | INT | 12 | 54 | 65 | (x+(15-39))=41 | x 15 39 - + 41 = | x:game 15:game 39:game -:game +:game 41:game =:game
EXPR: 0 | POS | INT | 12 | 54 | 65 | (15-(39-x))=41 | 15 39 x - - 41 = | 15:game 39:game x:game -:game -:game 41:game =:game
EXPR: 0 | POS | INT | 12 | 54 | 17 | ((x-15)+39)=41 | x 15 - 39 + 41 = | x:game 15:game -:game 39:game +:game 41:game =:game
EXPR: 0 | POS | INT | 12 | 54 | 13 | ((41+x)-15)=39 | 41 x + 15 - 39 = | 41:game x:game +:game 15:game -:game 39:game =:game
EXPR: 0 | POS | INT | 12 | 54 | 13 | (41-(15-x))=39 | 41 15 x - - 39 = | 41:game 15:game x:game -:game -:game 39:game =:game
EXPR: 0 | POS | INT | 12 | 54 | 17 | (x-15)=(41-39) | x 15 - 41 39 - = | x:game 15:game -:game 41:game 39:game -:game =:game
EXPR: 0 | POS | INT | 12 | 54 | 95 | ((x-15)-39)=41 | x 15 - 39 - 41 = | x:game 15:game -:game 39:game -:game 41:game =:game
EXPR: 0 | POS | INT | 12 | 54 | 13 | (15-x)=(41-39) | 15 x - 41 39 - = | 15:game x:game -:game 41:game 39:game -:game =:game
EXPR: 0 | POS | INT | 12 | 54 | 65 | 41=((15-39)+x) | 41 15 39 - x + = | 41:game 15:game 39:game -:game x:game +:game =:game
EXPR: 0 | POS | INT | 12 | 54 | 17 | (41-(x-15))=39 | 41 x 15 - - 39 = | 41:game x:game 15:game -:game -:game 39:game =:game
EXPR: 0 | POS | INT | 12 | 54 | 13 | 15=((x-39)+41) | 15 x 39 - 41 + = | 15:game x:game 39:game -:game 41:game +:game =:game
EXPR: 0 | POS | INT | 12 | 54 | 17 | 15=((x+39)-41) | 15 x 39 + 41 - = | 15:game x:game 39:game +:game 41:game -:game =:game
EXPR: 0 | POS | INT | 12 | 54 | 13 | 41=((15+39)-x) | 41 15 39 + x - = | 41:game 15:game 39:game +:game x:game -:game =:game
EXPR: 0 | POS | INT | 12 | 54 | 17 | 41=((x-15)+39) | 41 x 15 - 39 + = | 41:game x:game 15:game -:game 39:game +:game =:game
EXPR: 0 | POS | INT | 12 | 54 | 17 | (41+(15-x))=39 | 41 15 x - + 39 = | 41:game 15:game x:game -:game +:game 39:game =:game
EXPR: 0 | POS | INT | 12 | 54 | 13 | (15-(x-39))=41 | 15 x 39 - - 41 = | 15:game x:game 39:game -:game -:game 41:game =:game
EXPR: 0 | POS | INT | 12 | 54 | 65 | 15=(39+(41-x)) | 15 39 41 x - + = | 15:game 39:game 41:game x:game -:game +:game =:game
EXPR: 0 | POS | INT | 12 | 54 | 17 | 15=(39-(41-x)) | 15 39 41 x - - = | 15:game 39:game 41:game x:game -:game -:game =:game
EXPR: 0 | POS | INT | 12 | 54 | 65 | ((15-39)+x)=41 | 15 39 - x + 41 = | 15:game 39:game -:game x:game +:game 41:game =:game
EXPR: 0 | POS | INT | 12 | 54 | 13 | (15-41)=(x-39) | 15 41 - x 39 - = | 15:game 41:game -:game x:game 39:game -:game =:game
EXPR: 0 | POS | INT | 12 | 54 | 13 | 41=(15+(39-x)) | 41 15 39 x - + = | 41:game 15:game 39:game x:game -:game +:game =:game
EXPR: 0 | POS | INT | 12 | 54 | 65 | 41=(15-(39-x)) | 41 15 39 x - - = | 41:game 15:game 39:game x:game -:game -:game =:game
EXPR: 0 | POS | INT | 12 | 54 | 17 | ((41-x)+15)=39 | 41 x - 15 + 39 = | 41:game x:game -:game 15:game +:game 39:game =:game
EXPR: 0 | POS | INT | 12 | 54 | 65 | 41=((x+15)-39) | 41 x 15 + 39 - = | 41:game x:game 15:game +:game 39:game -:game =:game
EXPR: 0 | POS | INT | 12 | 54 | 65 | (15-41)=(39-x) | 15 41 - 39 x - = | 15:game 41:game -:game 39:game x:game -:game =:game
EXPR: 0 | POS | INT | 12 | 54 | 13 | ((x+41)-15)=39 | x 41 + 15 - 39 = | x:game 41:game +:game 15:game -:game 39:game =:game
EXPR: 0 | POS | INT | 12 | 54 | 95 | 15=((x-39)-41) | 15 x 39 - 41 - = | 15:game x:game 39:game -:game 41:game -:game =:game
EXPR: 0 | POS | INT | 12 | 54 | 17 | 15=(x+(39-41)) | 15 x 39 41 - + = | 15:game x:game 39:game 41:game -:game +:game =:game
EXPR: 0 | POS | INT | 12 | 54 | 65 | (15+(x-39))=41 | 15 x 39 - + 41 = | 15:game x:game 39:game -:game +:game 41:game =:game
EXPR: 0 | POS | INT | 12 | 54 | 65 | 15=((39-x)+41) | 15 39 x - 41 + = | 15:game 39:game x:game -:game 41:game +:game =:game
EXPR: 0 | POS | INT | 12 | 54 | 95 | 41=((x-15)-39) | 41 x 15 - 39 - = | 41:game x:game 15:game -:game 39:game -:game =:game
EXPR: 0 | POS | INT | 12 | 54 | 17 | 15=(39+(x-41)) | 15 39 x 41 - + = | 15:game 39:game x:game 41:game -:game +:game =:game
EXPR: 0 | POS | INT | 12 | 54 | 65 | 41=(x+(15-39)) | 41 x 15 39 - + = | 41:game x:game 15:game 39:game -:game +:game =:game
EXPR: 0 | POS | INT | 12 | 54 | 17 | 41=(x-(15-39)) | 41 x 15 39 - - = | 41:game x:game 15:game 39:game -:game -:game =:game
EXPR: 0 | POS | INT | 12 | 54 | 13 | ((41-15)+x)=39 | 41 15 - x + 39 = | 41:game 15:game -:game x:game +:game 39:game =:game
EXPR: 0 | POS | INT | 12 | 54 | 13 | 15=(x-(39-41)) | 15 x 39 41 - - = | 15:game x:game 39:game 41:game -:game -:game =:game
EXPR: 0 | POS | INT | 12 | 54 | 65 | 41=(15+(x-39)) | 41 15 x 39 - + = | 41:game 15:game x:game 39:game -:game +:game =:game
EXPR: 0 | POS | INT | 12 | 54 | 65 | ((15+x)-39)=41 | 15 x + 39 - 41 = | 15:game x:game +:game 39:game -:game 41:game =:game
EXPR: 0 | POS | INT | 12 | 54 | 95 | 41=(x-(15+39)) | 41 x 15 39 + - = | 41:game x:game 15:game 39:game +:game -:game =:game
EXPR: 0 | POS | INT | 12 | 54 | 17 | 15=((39+x)-41) | 15 39 x + 41 - = | 15:game 39:game x:game +:game 41:game -:game =:game
EXPR: 0 | POS | INT | 12 | 54 | 13 | (41+(x-15))=39 | 41 x 15 - + 39 = | 41:game x:game 15:game -:game +:game 39:game =:game
EXPR: 0 | POS | INT | 12 | 54 | 13 | (15+(39-x))=41 | 15 39 x - + 41 = | 15:game 39:game x:game -:game +:game 41:game =:game
EXPR: 0 | POS | INT | 12 | 54 | 13 | ((15+39)-x)=41 | 15 39 + x - 41 = | 15:game 39:game +:game x:game -:game 41:game =:game
EXPR: 0 | POS | INT | 12 | 54 | 65 | (15+x)=(41+39) | 15 x + 41 39 + = | 15:game x:game +:game 41:game 39:game +:game =:game
EXPR: 0 | POS | INT | 12 | 54 | 65 | ((x+15)-39)=41 | x 15 + 39 - 41 = | x:game 15:game +:game 39:game -:game 41:game =:game
EXPR: 0 | POS | INT | 12 | 54 | 65 | (x+15)=(41+39) | x 15 + 41 39 + = | x:game 15:game +:game 41:game 39:game +:game =:game
EXPR: 0 | POS | INT | 12 | 54 | 17 | 15=((39-41)+x) | 15 39 41 - x + = | 15:game 39:game 41:game -:game x:game +:game =:game
EXPR: 0 | POS | INT | 12 | 54 | 95 | (15+41)=(x-39) | 15 41 + x 39 - = | 15:game 41:game +:game x:game 39:game -:game =:game
EXPR: 0 | POS | INT | 12 | 54 | 17 | (15+41)=(x+39) | 15 41 + x 39 + = | 15:game 41:game +:game x:game 39:game +:game =:game
EXPR: 0 | POS | INT | 12 | 54 | 17 | (15+41)=(39+x) | 15 41 + 39 x + = | 15:game 41:game +:game 39:game x:game +:game =:game
EXPR: 0 | POS | INT | 15 | 54 | 65 | x=((39-15)+41) | x 39 15 - 41 + = | x:game 39:game 15:game -:game 41:game +:game =:game
EXPR: 0 | POS | INT | 15 | 54 | 13 | x=(39+(15-41)) | x 39 15 41 - + = | x:game 39:game 15:game 41:game -:game +:game =:game
EXPR: 0 | POS | INT | 15 | 54 | 65 | x=(39-(15-41)) | x 39 15 41 - - = | x:game 39:game 15:game 41:game -:game -:game =:game
EXPR: 0 | POS | INT | 15 | 54 | 95 | x=(39+(15+41)) | x 39 15 41 + + = | x:game 39:game 15:game 41:game +:game +:game =:game
EXPR: 0 | POS | INT | 16 | 54 | 65 | x=((39-15)+41) | x 39 15 - 41 + = | x:game 39:game 15:game -:game 41:game +:game =:game
EXPR: 0 | POS | INT | 16 | 54 | 13 | x=(39+(15-41)) | x 39 15 41 - + = | x:game 39:game 15:game 41:game -:game +:game =:game
EXPR: 0 | POS | INT | 16 | 54 | 65 | x=(39-(15-41)) | x 39 15 41 - - = | x:game 39:game 15:game 41:game -:game -:game =:game
EXPR: 0 | POS | INT | 16 | 54 | 95 | x=(39+(15+41)) | x 39 15 41 + + = | x:game 39:game 15:game 41:game +:game +:game =:game
EXPR: 0 | POS | INT | 17 | 54 | 17 | 39=((15-x)+41) | 39 15 x - 41 + = | 39:game 15:game x:game -:game 41:game +:game =:game
EXPR: 0 | POS | INT | 17 | 54 | 13 | (39-(x-15))=41 | 39 x 15 - - 41 = | 39:game x:game 15:game -:game -:game 41:game =:game
EXPR: 0 | POS | INT | 17 | 54 | 65 | ((x-39)+15)=41 | x 39 - 15 + 41 = | x:game 39:game -:game 15:game +:game 41:game =:game
EXPR: 0 | POS | INT | 17 | 54 | 17 | 39=(15+(41-x)) | 39 15 41 x - + = | 39:game 15:game 41:game x:game -:game +:game =:game
EXPR: 0 | POS | INT | 17 | 54 | 17 | (39-(15-x))=41 | 39 15 x - - 41 = | 39:game 15:game x:game -:game -:game 41:game =:game
EXPR: 0 | POS | INT | 17 | 54 | 65 | (x-(39-15))=41 | x 39 15 - - 41 = | x:game 39:game 15:game -:game -:game 41:game =:game
EXPR: 0 | POS | INT | 17 | 54 | 13 | (39+(15-x))=41 | 39 15 x - + 41 = | 39:game 15:game x:game -:game +:game 41:game =:game
EXPR: 0 | POS | INT | 17 | 54 | 65 | 39=(15-(41-x)) | 39 15 41 x - - = | 39:game 15:game 41:game x:game -:game -:game =:game
EXPR: 0 | POS | INT | 17 | 54 | 65 | 39=((15+x)-41) | 39 15 x + 41 - = | 39:game 15:game x:game +:game 41:game -:game =:game
EXPR: 0 | POS | INT | 17 | 54 | 95 | ((x-39)-15)=41 | x 39 - 15 - 41 = | x:game 39:game -:game 15:game -:game 41:game =:game
EXPR: 0 | POS | INT | 17 | 54 | 13 | 39=((x-15)+41) | 39 x 15 - 41 + = | 39:game x:game 15:game -:game 41:game +:game =:game
EXPR: 0 | POS | INT | 17 | 54 | 17 | (39+(x-15))=41 | 39 x 15 - + 41 = | 39:game x:game 15:game -:game +:game 41:game =:game
EXPR: 0 | POS | INT | 17 | 54 | 95 | 39=((x-15)-41) | 39 x 15 - 41 - = | 39:game x:game 15:game -:game 41:game -:game =:game
EXPR: 0 | POS | INT | 17 | 54 | 17 | ((39-15)+x)=41 | 39 15 - x + 41 = | 39:game 15:game -:game x:game +:game 41:game =:game
EXPR: 0 | POS | INT | 17 | 54 | 17 | (x+(39-15))=41 | x 39 15 - + 41 = | x:game 39:game 15:game -:game +:game 41:game =:game
EXPR: 0 | POS | INT | 17 | 54 | 13 | ((39-x)+15)=41 | 39 x - 15 + 41 = | 39:game x:game -:game 15:game +:game 41:game =:game
EXPR: 0 | POS | INT | 17 | 54 | 17 | ((39+x)-15)=41 | 39 x + 15 - 41 = | 39:game x:game +:game 15:game -:game 41:game =:game
EXPR: 0 | POS | INT | 17 | 54 | 65 | 39=((x+15)-41) | 39 x 15 + 41 - = | 39:game x:game 15:game +:game 41:game -:game =:game
EXPR: 0 | POS | INT | 17 | 54 | 65 | 39=(15+(x-41)) | 39 15 x 41 - + = | 39:game 15:game x:game 41:game -:game +:game =:game
EXPR: 0 | POS | INT | 17 | 54 | 17 | ((x+39)-15)=41 | x 39 + 15 - 41 = | x:game 39:game +:game 15:game -:game 41:game =:game
EXPR: 0 | POS | INT | 17 | 54 | 17 | 39=(15-(x-41)) | 39 15 x 41 - - = | 39:game 15:game x:game 41:game -:game -:game =:game
EXPR: 0 | POS | INT | 17 | 54 | 95 | 39=(x-(15+41)) | 39 x 15 41 + - = | 39:game x:game 15:game 41:game +:game -:game =:game
EXPR: 0 | POS | INT | 17 | 54 | 17 | 39=((15+41)-x) | 39 15 41 + x - = | 39:game 15:game 41:game +:game x:game -:game =:game
EXPR: 0 | POS | INT | 17 | 54 | 65 | 39=((15-41)+x) | 39 15 41 - x + = | 39:game 15:game 41:game -:game x:game +:game =:game
EXPR: 0 | POS | INT | 17 | 54 | 65 | 39=(x+(15-41)) | 39 x 15 41 - + = | 39:game x:game 15:game 41:game -:game +:game =:game
EXPR: 0 | POS | INT | 17 | 54 | 13 | 39=(x-(15-41)) | 39 x 15 41 - - = | 39:game x:game 15:game 41:game -:game -:game =:game
EXPR: 0 | POS | INT | 22 | 54 | 17 | (15-x)=(39-41) | 15 x - 39 41 - = | 15:game x:game -:game 39:game 41:game -:game =:game
EXPR: 0 | POS | INT | 22 | 54 | 65 | (15-39)=(41-x) | 15 39 - 41 x - = | 15:game 39:game -:game 41:game x:game -:game =:game
EXPR: 0 | POS | INT | 22 | 54 | 13 | (x+41)=(15+39) | x 41 + 15 39 + = | x:game 41:game +:game 15:game 39:game +:game =:game
EXPR: 0 | POS | INT | 22 | 54 | 13 | (x-15)=(39-41) | x 15 - 39 41 - = | x:game 15:game -:game 39:game 41:game -:game =:game
EXPR: 0 | POS | INT | 22 | 54 | 95 | (x-41)=(15+39) | x 41 - 15 39 + = | x:game 41:game -:game 15:game 39:game +:game =:game
EXPR: 0 | POS | INT | 22 | 54 | 17 | (x-41)=(15-39) | x 41 - 15 39 - = | x:game 41:game -:game 15:game 39:game -:game =:game
EXPR: 0 | POS | INT | 22 | 54 | 65 | (41-x)=(15-39) | 41 x - 15 39 - = | 41:game x:game -:game 15:game 39:game -:game =:game
EXPR: 0 | POS | INT | 22 | 54 | 13 | (41-15)=(39-x) | 41 15 - 39 x - = | 41:game 15:game -:game 39:game x:game -:game =:game
EXPR: 0 | POS | INT | 22 | 54 | 17 | (15-39)=(x-41) | 15 39 - x 41 - = | 15:game 39:game -:game x:game 41:game -:game =:game
EXPR: 0 | POS | INT | 22 | 54 | 65 | (41-15)=(x-39) | 41 15 - x 39 - = | 41:game 15:game -:game x:game 39:game -:game =:game
EXPR: 0 | POS | INT | 22 | 54 | 13 | (41+x)=(15+39) | 41 x + 15 39 + = | 41:game x:game +:game 15:game 39:game +:game =:game
EXPR: 0 | POS | INT | 22 | 54 | 95 | (15+39)=(x-41) | 15 39 + x 41 - = | 15:game 39:game +:game x:game 41:game -:game =:game
EXPR: 0 | POS | INT | 22 | 54 | 13 | (15+39)=(x+41) | 15 39 + x 41 + = | 15:game 39:game +:game x:game 41:game +:game =:game
EXPR: 0 | POS | INT | 22 | 54 | 13 | (15+39)=(41+x) | 15 39 + 41 x + = | 15:game 39:game +:game 41:game x:game +:game =:game
EXPR: 0 | POS | INT | 25 | 54 | 65 | x=((41+39)-15) | x 41 39 + 15 - = | x:game 41:game 39:game +:game 15:game -:game =:game
EXPR: 0 | POS | INT | 25 | 54 | 95 | x=((41+39)+15) | x 41 39 + 15 + = | x:game 41:game 39:game +:game 15:game +:game =:game
EXPR: 0 | POS | INT | 25 | 54 | 13 | x=((39-41)+15) | x 39 41 - 15 + = | x:game 39:game 41:game -:game 15:game +:game =:game
EXPR: 0 | POS | INT | 25 | 54 | 65 | x=(41+(39-15)) | x 41 39 15 - + = | x:game 41:game 39:game 15:game -:game +:game =:game
EXPR: 0 | POS | INT | 25 | 54 | 65 | x=(39+(41-15)) | x 39 41 15 - + = | x:game 39:game 41:game 15:game -:game +:game =:game
EXPR: 0 | POS | INT | 25 | 54 | 17 | x=(41-(39-15)) | x 41 39 15 - - = | x:game 41:game 39:game 15:game -:game -:game =:game
EXPR: 0 | POS | INT | 25 | 54 | 13 | x=(39-(41-15)) | x 39 41 15 - - = | x:game 39:game 41:game 15:game -:game -:game =:game
EXPR: 0 | POS | INT | 25 | 54 | 17 | x=((41-39)+15) | x 41 39 - 15 + = | x:game 41:game 39:game -:game 15:game +:game =:game
EXPR: 0 | POS | INT | 26 | 54 | 13 | x=((39-41)+15) | x 39 41 - 15 + = | x:game 39:game 41:game -:game 15:game +:game =:game
EXPR: 0 | POS | INT | 26 | 54 | 95 | x=((41+39)+15) | x 41 39 + 15 + = | x:game 41:game 39:game +:game 15:game +:game =:game
EXPR: 0 | POS | INT | 26 | 54 | 65 | x=(41+(39-15)) | x 41 39 15 - + = | x:game 41:game 39:game 15:game -:game +:game =:game
EXPR: 0 | POS | INT | 26 | 54 | 65 | x=((41+39)-15) | x 41 39 + 15 - = | x:game 41:game 39:game +:game 15:game -:game =:game
EXPR: 0 | POS | INT | 26 | 54 | 65 | x=(39+(41-15)) | x 39 41 15 - + = | x:game 39:game 41:game 15:game -:game +:game =:game
EXPR: 0 | POS | INT | 26 | 54 | 17 | x=(41-(39-15)) | x 41 39 15 - - = | x:game 41:game 39:game 15:game -:game -:game =:game
EXPR: 0 | POS | INT | 26 | 54 | 13 | x=(39-(41-15)) | x 39 41 15 - - = | x:game 39:game 41:game 15:game -:game -:game =:game
EXPR: 0 | POS | INT | 26 | 54 | 17 | x=((41-39)+15) | x 41 39 - 15 + = | x:game 41:game 39:game -:game 15:game +:game =:game
EXPR: 0 | POS | INT | 27 | 54 | 17 | 39=((41-x)+15) | 39 41 x - 15 + = | 39:game 41:game x:game -:game 15:game +:game =:game
EXPR: 0 | POS | INT | 27 | 54 | 65 | ((41-x)+39)=15 | 41 x - 39 + 15 = | 41:game x:game -:game 39:game +:game 15:game =:game
EXPR: 0 | POS | INT | 27 | 54 | 17 | 39=(41-(x-15)) | 39 41 x 15 - - = | 39:game 41:game x:game 15:game -:game -:game =:game
EXPR: 0 | POS | INT | 27 | 54 | 95 | (x-39)=(15+41) | x 39 - 15 41 + = | x:game 39:game -:game 15:game 41:game +:game =:game
EXPR: 0 | POS | INT | 27 | 54 | 65 | ((39-x)+41)=15 | 39 x - 41 + 15 = | 39:game x:game -:game 41:game +:game 15:game =:game
EXPR: 0 | POS | INT | 27 | 54 | 13 | ((x-39)+41)=15 | x 39 - 41 + 15 = | x:game 39:game -:game 41:game +:game 15:game =:game
EXPR: 0 | POS | INT | 27 | 54 | 17 | (x+39)=(15+41) | x 39 + 15 41 + = | x:game 39:game +:game 15:game 41:game +:game =:game
EXPR: 0 | POS | INT | 27 | 54 | 65 | (39-(x-41))=15 | 39 x 41 - - 15 = | 39:game x:game 41:game -:game -:game 15:game =:game
EXPR: 0 | POS | INT | 27 | 54 | 17 | (x-(41-39))=15 | x 41 39 - - 15 = | x:game 41:game 39:game -:game -:game 15:game =:game
EXPR: 0 | POS | INT | 27 | 54 | 95 | (x-(41+39))=15 | x 41 39 + - 15 = | x:game 41:game 39:game +:game -:game 15:game =:game
EXPR: 0 | POS | INT | 27 | 54 | 13 | (x-(39-41))=15 | x 39 41 - - 15 = | x:game 39:game 41:game -:game -:game 15:game =:game
EXPR: 0 | POS | INT | 27 | 54 | 13 | (x+(41-39))=15 | x 41 39 - + 15 = | x:game 41:game 39:game -:game +:game 15:game =:game
EXPR: 0 | POS | INT | 27 | 54 | 65 | (39+(41-x))=15 | 39 41 x - + 15 = | 39:game 41:game x:game -:game +:game 15:game =:game
EXPR: 0 | POS | INT | 27 | 54 | 13 | (x-39)=(15-41) | x 39 - 15 41 - = | x:game 39:game -:game 15:game 41:game -:game =:game
EXPR: 0 | POS | INT | 27 | 54 | 17 | ((39+x)-41)=15 | 39 x + 41 - 15 = | 39:game x:game +:game 41:game -:game 15:game =:game
EXPR: 0 | POS | INT | 27 | 54 | 95 | ((x-39)-41)=15 | x 39 - 41 - 15 = | x:game 39:game -:game 41:game -:game 15:game =:game
EXPR: 0 | POS | INT | 27 | 54 | 95 | ((x-41)-39)=15 | x 41 - 39 - 15 = | x:game 41:game -:game 39:game -:game 15:game =:game
EXPR: 0 | POS | INT | 27 | 54 | 13 | 39=((41+x)-15) | 39 41 x + 15 - = | 39:game 41:game x:game +:game 15:game -:game =:game
EXPR: 0 | POS | INT | 27 | 54 | 17 | (39-(41-x))=15 | 39 41 x - - 15 = | 39:game 41:game x:game -:game -:game 15:game =:game
EXPR: 0 | POS | INT | 27 | 54 | 17 | 39=(41+(15-x)) | 39 41 15 x - + = | 39:game 41:game 15:game x:game -:game +:game =:game
EXPR: 0 | POS | INT | 27 | 54 | 95 | 41=((x-39)-15) | 41 x 39 - 15 - = | 41:game x:game 39:game -:game 15:game -:game =:game
EXPR: 0 | POS | INT | 27 | 54 | 65 | (41-(x-39))=15 | 41 x 39 - - 15 = | 41:game x:game 39:game -:game -:game 15:game =:game
EXPR: 0 | POS | INT | 27 | 54 | 17 | (39-15)=(41-x) | 39 15 - 41 x - = | 39:game 15:game -:game 41:game x:game -:game =:game
EXPR: 0 | POS | INT | 27 | 54 | 65 | 39=((x-41)+15) | 39 x 41 - 15 + = | 39:game x:game 41:game -:game 15:game +:game =:game
EXPR: 0 | POS | INT | 27 | 54 | 17 | 41=((x+39)-15) | 41 x 39 + 15 - = | 41:game x:game 39:game +:game 15:game -:game =:game
EXPR: 0 | POS | INT | 27 | 54 | 17 | (39+(x-41))=15 | 39 x 41 - + 15 = | 39:game x:game 41:game -:game +:game 15:game =:game
EXPR: 0 | POS | INT | 27 | 54 | 13 | 39=(41-(15-x)) | 39 41 15 x - - = | 39:game 41:game 15:game x:game -:game -:game =:game
EXPR: 0 | POS | INT | 27 | 54 | 95 | 39=((x-41)-15) | 39 x 41 - 15 - = | 39:game x:game 41:game -:game 15:game -:game =:game
EXPR: 0 | POS | INT | 27 | 54 | 65 | (41+(39-x))=15 | 41 39 x - + 15 = | 41:game 39:game x:game -:game +:game 15:game =:game
EXPR: 0 | POS | INT | 27 | 54 | 17 | (x+(39-41))=15 | x 39 41 - + 15 = | x:game 39:game 41:game -:game +:game 15:game =:game
EXPR: 0 | POS | INT | 27 | 54 | 65 | 41=((x-39)+15) | 41 x 39 - 15 + = | 41:game x:game 39:game -:game 15:game +:game =:game
EXPR: 0 | POS | INT | 27 | 54 | 65 | (39-15)=(x-41) | 39 15 - x 41 - = | 39:game 15:game -:game x:game 41:game -:game =:game
EXPR: 0 | POS | INT | 27 | 54 | 13 | 39=((x+41)-15) | 39 x 41 + 15 - = | 39:game x:game 41:game +:game 15:game -:game =:game
EXPR: 0 | POS | INT | 27 | 54 | 13 | 39=(41+(x-15)) | 39 41 x 15 - + = | 39:game 41:game x:game 15:game -:game +:game =:game
EXPR: 0 | POS | INT | 27 | 54 | 65 | (39-x)=(15-41) | 39 x - 15 41 - = | 39:game x:game -:game 15:game 41:game -:game =:game
EXPR: 0 | POS | INT | 27 | 54 | 13 | (41-(39-x))=15 | 41 39 x - - 15 = | 41:game 39:game x:game -:game -:game 15:game =:game
EXPR: 0 | POS | INT | 27 | 54 | 13 | 41=(39-(x-15)) | 41 39 x 15 - - = | 41:game 39:game x:game 15:game -:game -:game =:game
EXPR: 0 | POS | INT | 27 | 54 | 13 | 41=(39+(15-x)) | 41 39 15 x - + = | 41:game 39:game 15:game x:game -:game +:game =:game
EXPR: 0 | POS | INT | 27 | 54 | 17 | 41=(x+(39-15)) | 41 x 39 15 - + = | 41:game x:game 39:game 15:game -:game +:game =:game
EXPR: 0 | POS | INT | 27 | 54 | 65 | 41=(x-(39-15)) | 41 x 39 15 - - = | 41:game x:game 39:game 15:game -:game -:game =:game
EXPR: 0 | POS | INT | 27 | 54 | 17 | 41=(39+(x-15)) | 41 39 x 15 - + = | 41:game 39:game x:game 15:game -:game +:game =:game
EXPR: 0 | POS | INT | 27 | 54 | 17 | ((x+39)-41)=15 | x 39 + 41 - 15 = | x:game 39:game +:game 41:game -:game 15:game =:game
EXPR: 0 | POS | INT | 27 | 54 | 17 | ((39-41)+x)=15 | 39 41 - x + 15 = | 39:game 41:game -:game x:game +:game 15:game =:game
EXPR: 0 | POS | INT | 27 | 54 | 13 | ((41+x)-39)=15 | 41 x + 39 - 15 = | 41:game x:game +:game 39:game -:game 15:game =:game
EXPR: 0 | POS | INT | 27 | 54 | 17 | 41=((39+x)-15) | 41 39 x + 15 - = | 41:game 39:game x:game +:game 15:game -:game =:game
EXPR: 0 | POS | INT | 27 | 54 | 13 | 41=((39-x)+15) | 41 39 x - 15 + = | 41:game 39:game x:game -:game 15:game +:game =:game
EXPR: 0 | POS | INT | 27 | 54 | 13 | 39=(x+(41-15)) | 39 x 41 15 - + = | 39:game x:game 41:game 15:game -:game +:game =:game
EXPR: 0 | POS | INT | 27 | 54 | 17 | 41=(39-(15-x)) | 41 39 15 x - - = | 41:game 39:game 15:game x:game -:game -:game =:game
EXPR: 0 | POS | INT | 27 | 54 | 65 | ((41+39)-x)=15 | 41 39 + x - 15 = | 41:game 39:game +:game x:game -:game 15:game =:game
EXPR: 0 | POS | INT | 27 | 54 | 17 | (39+x)=(15+41) | 39 x + 15 41 + = | 39:game x:game +:game 15:game 41:game +:game =:game
EXPR: 0 | POS | INT | 27 | 54 | 13 | (41+(x-39))=15 | 41 x 39 - + 15 = | 41:game x:game 39:game -:game +:game 15:game =:game
EXPR: 0 | POS | INT | 27 | 54 | 13 | ((x+41)-39)=15 | x 41 + 39 - 15 = | x:game 41:game +:game 39:game -:game 15:game =:game
EXPR: 0 | POS | INT | 27 | 54 | 13 | 39=((41-15)+x) | 39 41 15 - x + = | 39:game 41:game 15:game -:game x:game +:game =:game
EXPR: 0 | POS | INT | 27 | 54 | 65 | 39=(x-(41-15)) | 39 x 41 15 - - = | 39:game x:game 41:game 15:game -:game -:game =:game
EXPR: 0 | POS | INT | 27 | 54 | 17 | ((x-41)+39)=15 | x 41 - 39 + 15 = | x:game 41:game -:game 39:game +:game 15:game =:game
EXPR: 0 | POS | INT | 27 | 54 | 13 | ((41-39)+x)=15 | 41 39 - x + 15 = | 41:game 39:game -:game x:game +:game 15:game =:game
EXPR: 0 | POS | INT | 27 | 54 | 17 | 41=((39-15)+x) | 41 39 15 - x + = | 41:game 39:game 15:game -:game x:game +:game =:game
EXPR: 0 | POS | INT | 37 | 54 | 65 | (x-39)=(41-15) | x 39 - 41 15 - = | x:game 39:game -:game 41:game 15:game -:game =:game
EXPR: 0 | POS | INT | 37 | 54 | 17 | (41-x)=(39-15) | 41 x - 39 15 - = | 41:game x:game -:game 39:game 15:game -:game =:game
EXPR: 0 | POS | INT | 37 | 54 | 13 | (39-x)=(41-15) | 39 x - 41 15 - = | 39:game x:game -:game 41:game 15:game -:game =:game
EXPR: 0 | POS | INT | 37 | 54 | 13 | (41-39)=(15-x) | 41 39 - 15 x - = | 41:game 39:game -:game 15:game x:game -:game =:game
EXPR: 0 | POS | INT | 37 | 54 | 17 | (39-41)=(15-x) | 39 41 - 15 x - = | 39:game 41:game -:game 15:game x:game -:game =:game
EXPR: 0 | POS | INT | 37 | 54 | 65 | (x-41)=(39-15) | x 41 - 39 15 - = | x:game 41:game -:game 39:game 15:game -:game =:game
EXPR: 0 | POS | INT | 37 | 54 | 17 | (41-39)=(x-15) | 41 39 - x 15 - = | 41:game 39:game -:game x:game 15:game -:game =:game
EXPR: 0 | POS | INT | 37 | 54 | 13 | (39-41)=(x-15) | 39 41 - x 15 - = | 39:game 41:game -:game x:game 15:game -:game =:game
EXPR: 0 | POS | INT | 37 | 54 | 95 | (41+39)=(x-15) | 41 39 + x 15 - = | 41:game 39:game +:game x:game 15:game -:game =:game
EXPR: 0 | POS | INT | 37 | 54 | 65 | (41+39)=(x+15) | 41 39 + x 15 + = | 41:game 39:game +:game x:game 15:game +:game =:game
EXPR: 0 | POS | INT | 37 | 54 | 65 | (41+39)=(15+x) | 41 39 + 15 x + = | 41:game 39:game +:game 15:game x:game +:game =:game
NET 252 non-negative, integer-valued solutions found out of 408 total solutions
