parameters: n=7 l=3 k=1 p=5 q=1 m=9
TOTAL 408 solutions found
SOLN: CORRECT | POS/NEG | INT/FRA | OBJ-SCORE | TRUE-ANS | ANS | INFIX | POSTFIX | TYPED-POSTFIX
EXPR: 0 | POS | INT | 0 | 79 | 53 | x=(24+(42-13)) | x 24 42 13 - + = | x:pumpkin 24:pumpkin 42:pumpkin 13:pumpkin -:pumpkin +:pumpkin =:pumpkin
EXPR: 1 | POS | INT | 0 | 79 | 79 | x=(24+(42+13)) | x 24 42 13 + + = | x:pumpkin 24:pumpkin 42:pumpkin 13:pumpkin +:pumpkin +:pumpkin =:pumpkin
EXPR: 0 | POS | INT | 0 | 79 | 53 | x=((24+42)-13) | x 24 42 + 13 - = | x:pumpkin 24:pumpkin 42:pumpkin +:pumpkin 13:pumpkin -:pumpkin =:pumpkin
EXPR: 1 | POS | INT | 0 | 79 | 79 | x=((24+42)+13) | x 24 42 + 13 + = | x:pumpkin 24:pumpkin 42:pumpkin +:pumpkin 13:pumpkin +:pumpkin =:pumpkin
EXPR: 0 | POS | INT | 1 | 79 | 53 | x=(24+(42-13)) | x 24 42 13 - + = | x:pumpkin 24:pumpkin 42:pumpkin 13:pumpkin -:pumpkin +:pumpkin =:pumpkin
EXPR: 1 | POS | INT | 1 | 79 | 79 | x=(24+(42+13)) | x 24 42 13 + + = | x:pumpkin 24:pumpkin 42:pumpkin 13:pumpkin +:pumpkin +:pumpkin =:pumpkin
EXPR: 1 | POS | INT | 1 | 79 | 79 | x=((24+42)+13) | x 24 42 + 13 + = | x:pumpkin 24:pumpkin 42:pumpkin +:pumpkin 13:pumpkin +:pumpkin =:pumpkin
EXPR: 0 | POS | INT | 1 | 79 | 53 | x=((24+42)-13) | x 24 42 + 13 - = | x:pumpkin 24:pumpkin 42:pumpkin +:pumpkin 13:pumpkin -:pumpkin =:pumpkin
EXPR: 0 | POS | INT | 2 | 79 | 31 | 24=(42-(x-13)) | 24 42 x 13 - - = | 24:pumpkin 42:pumpkin x:pumpkin 13:pumpkin -:pumpkin -:pumpkin =:pumpkin
EXPR: 1 | POS | INT | 2 | 79 | 79 | (x-(24+42))=13 | x 24 42 + - 13 = | x:pumpkin 24:pumpkin 42:pumpkin +:pumpkin -:pumpkin 13:pumpkin =:pumpkin
EXPR: 0 | POS | INT | 2 | 79 | 31 | (x+(24-42))=13 | x 24 42 - + 13 = | x:pumpkin 24:pumpkin 42:pumpkin -:pumpkin +:pumpkin 13:pumpkin =:pumpkin
EXPR: 0 | POS | INT | 2 | 79 | 31 | (24-(42-x))=13 | 24 42 x - - 13 = | 24:pumpkin 42:pumpkin x:pumpkin -:pumpkin -:pumpkin 13:pumpkin =:pumpkin
EXPR: 0 | POS | INT | 2 | 79 | 53 | (24+(42-x))=13 | 24 42 x - + 13 = | 24:pumpkin 42:pumpkin x:pumpkin -:pumpkin +:pumpkin 13:pumpkin =:pumpkin
EXPR: 0 | POS | INT | 2 | 79 | 31 | 24=(42+(13-x)) | 24 42 13 x - + = | 24:pumpkin 42:pumpkin 13:pumpkin x:pumpkin -:pumpkin +:pumpkin =:pumpkin
EXPR: 1 | POS | INT | 2 | 79 | 79 | ((x-24)-42)=13 | x 24 - 42 - 13 = | x:pumpkin 24:pumpkin -:pumpkin 42:pumpkin -:pumpkin 13:pumpkin =:pumpkin
EXPR: 0 | POS | INT | 2 | 79 | 53 | (24-(x-42))=13 | 24 x 42 - - 13 = | 24:pumpkin x:pumpkin 42:pumpkin -:pumpkin -:pumpkin 13:pumpkin =:pumpkin
EXPR: 0 | POS | INT | 2 | 79 | 5 | 24=(42-(x+13)) | 24 42 x 13 + - = | 24:pumpkin 42:pumpkin x:pumpkin 13:pumpkin +:pumpkin -:pumpkin =:pumpkin
EXPR: 0 | POS | INT | 2 | 79 | 53 | ((24-x)+42)=13 | 24 x - 42 + 13 = | 24:pumpkin x:pumpkin -:pumpkin 42:pumpkin +:pumpkin 13:pumpkin =:pumpkin
EXPR: 0 | POS | INT | 2 | 79 | 53 | 24=((x-42)+13) | 24 x 42 - 13 + = | 24:pumpkin x:pumpkin 42:pumpkin -:pumpkin 13:pumpkin +:pumpkin =:pumpkin
EXPR: 1 | POS | INT | 2 | 79 | 79 | 24=((x-42)-13) | 24 x 42 - 13 - = | 24:pumpkin x:pumpkin 42:pumpkin -:pumpkin 13:pumpkin -:pumpkin =:pumpkin
EXPR: 0 | POS | INT | 2 | 79 | 31 | ((24-42)+x)=13 | 24 42 - x + 13 = | 24:pumpkin 42:pumpkin -:pumpkin x:pumpkin +:pumpkin 13:pumpkin =:pumpkin
EXPR: 0 | POS | INT | 2 | 79 | 5 | 24=(42-(13+x)) | 24 42 13 x + - = | 24:pumpkin 42:pumpkin 13:pumpkin x:pumpkin +:pumpkin -:pumpkin =:pumpkin
EXPR: 0 | POS | INT | 2 | 79 | 31 | ((24+x)-42)=13 | 24 x + 42 - 13 = | 24:pumpkin x:pumpkin +:pumpkin 42:pumpkin -:pumpkin 13:pumpkin =:pumpkin
EXPR: 0 | POS | INT | 2 | 79 | 53 | 24=(x-(42-13)) | 24 x 42 13 - - = | 24:pumpkin x:pumpkin 42:pumpkin 13:pumpkin -:pumpkin -:pumpkin =:pumpkin
EXPR: 0 | POS | INT | 2 | 79 | 31 | (24+(x-42))=13 | 24 x 42 - + 13 = | 24:pumpkin x:pumpkin 42:pumpkin -:pumpkin +:pumpkin 13:pumpkin =:pumpkin
EXPR: 1 | POS | INT | 2 | 79 | 79 | 24=(x-(42+13)) | 24 x 42 13 + - = | 24:pumpkin x:pumpkin 42:pumpkin 13:pumpkin +:pumpkin -:pumpkin =:pumpkin
EXPR: 0 | POS | INT | 2 | 79 | 31 | 24=((42-x)+13) | 24 42 x - 13 + = | 24:pumpkin 42:pumpkin x:pumpkin -:pumpkin 13:pumpkin +:pumpkin =:pumpkin
EXPR: 0 | POS | INT | 2 | 79 | 31 | ((x+24)-42)=13 | x 24 + 42 - 13 = | x:pumpkin 24:pumpkin +:pumpkin 42:pumpkin -:pumpkin 13:pumpkin =:pumpkin
EXPR: 0 | POS | INT | 2 | 79 | 5 | 24=((42-x)-13) | 24 42 x - 13 - = | 24:pumpkin 42:pumpkin x:pumpkin -:pumpkin 13:pumpkin -:pumpkin =:pumpkin
EXPR: 0 | POS | INT | 2 | 79 | 53 | ((24+42)-x)=13 | 24 42 + x - 13 = | 24:pumpkin 42:pumpkin +:pumpkin x:pumpkin -:pumpkin 13:pumpkin =:pumpkin
EXPR: 0 | POS | INT | 2 | 79 | 31 | 24=((42+13)-x) | 24 42 13 + x - = | 24:pumpkin 42:pumpkin 13:pumpkin +:pumpkin x:pumpkin -:pumpkin =:pumpkin
EXPR: 0 | POS | INT | 2 | 79 | 5 | 24=((42-13)-x) | 24 42 13 - x - = | 24:pumpkin 42:pumpkin 13:pumpkin -:pumpkin x:pumpkin -:pumpkin =:pumpkin
EXPR: 0 | POS | INT | 10 | 79 | 53 | x=(42+(24-13)) | x 42 24 13 - + = | x:pumpkin 42:pumpkin 24:pumpkin 13:pumpkin -:pumpkin +:pumpkin =:pumpkin
EXPR: 0 | POS | INT | 10 | 79 | 31 | x=((42-24)+13) | x 42 24 - 13 + = | x:pumpkin 42:pumpkin 24:pumpkin -:pumpkin 13:pumpkin +:pumpkin =:pumpkin
EXPR: 0 | POS | INT | 10 | 79 | 5 | x=((42-24)-13) | x 42 24 - 13 - = | x:pumpkin 42:pumpkin 24:pumpkin -:pumpkin 13:pumpkin -:pumpkin =:pumpkin
EXPR: 1 | POS | INT | 10 | 79 | 79 | x=((24+13)+42) | x 24 13 + 42 + = | x:pumpkin 24:pumpkin 13:pumpkin +:pumpkin 42:pumpkin +:pumpkin =:pumpkin
EXPR: 0 | POS | INT | 10 | 79 | 5 | x=(42-(24+13)) | x 42 24 13 + - = | x:pumpkin 42:pumpkin 24:pumpkin 13:pumpkin +:pumpkin -:pumpkin =:pumpkin
EXPR: 0 | POS | INT | 10 | 79 | 53 | x=(24-(13-42)) | x 24 13 42 - - = | x:pumpkin 24:pumpkin 13:pumpkin 42:pumpkin -:pumpkin -:pumpkin =:pumpkin
EXPR: 1 | POS | INT | 10 | 79 | 79 | x=(42+(24+13)) | x 42 24 13 + + = | x:pumpkin 42:pumpkin 24:pumpkin 13:pumpkin +:pumpkin +:pumpkin =:pumpkin
EXPR: 0 | POS | INT | 10 | 79 | 53 | x=((24-13)+42) | x 24 13 - 42 + = | x:pumpkin 24:pumpkin 13:pumpkin -:pumpkin 42:pumpkin +:pumpkin =:pumpkin
EXPR: 0 | POS | INT | 10 | 79 | 31 | x=(42-(24-13)) | x 42 24 13 - - = | x:pumpkin 42:pumpkin 24:pumpkin 13:pumpkin -:pumpkin -:pumpkin =:pumpkin
EXPR: 0 | POS | INT | 11 | 79 | 31 | x=(42-(24-13)) | x 42 24 13 - - = | x:pumpkin 42:pumpkin 24:pumpkin 13:pumpkin -:pumpkin -:pumpkin =:pumpkin
EXPR: 0 | POS | INT | 11 | 79 | 53 | x=(42+(24-13)) | x 42 24 13 - + = | x:pumpkin 42:pumpkin 24:pumpkin 13:pumpkin -:pumpkin +:pumpkin =:pumpkin
EXPR: 1 | POS | INT | 11 | 79 | 79 | x=((24+13)+42) | x 24 13 + 42 + = | x:pumpkin 24:pumpkin 13:pumpkin +:pumpkin 42:pumpkin +:pumpkin =:pumpkin
EXPR: 0 | POS | INT | 11 | 79 | 5 | x=((42-24)-13) | x 42 24 - 13 - = | x:pumpkin 42:pumpkin 24:pumpkin -:pumpkin 13:pumpkin -:pumpkin =:pumpkin
EXPR: 0 | POS | INT | 11 | 79 | 31 | x=((42-24)+13) | x 42 24 - 13 + = | x:pumpkin 42:pumpkin 24:pumpkin -:pumpkin 13:pumpkin +:pumpkin =:pumpkin
EXPR: 0 | POS | INT | 11 | 79 | 53 | x=(24-(13-42)) | x 24 13 42 - - = | x:pumpkin 24:pumpkin 13:pumpkin 42:pumpkin -:pumpkin -:pumpkin =:pumpkin
EXPR: 1 | POS | INT | 11 | 79 | 79 | x=(42+(24+13)) | x 42 24 13 + + = | x:pumpkin 42:pumpkin 24:pumpkin 13:pumpkin +:pumpkin +:pumpkin =:pumpkin
EXPR: 0 | POS | INT | 11 | 79 | 53 | x=((24-13)+42) | x 24 13 - 42 + = | x:pumpkin 24:pumpkin 13:pumpkin -:pumpkin 42:pumpkin +:pumpkin =:pumpkin
EXPR: 0 | POS | INT | 11 | 79 | 5 | x=(42-(24+13)) | x 42 24 13 + - = | x:pumpkin 42:pumpkin 24:pumpkin 13:pumpkin +:pumpkin -:pumpkin =:pumpkin
EXPR: 0 | POS | INT | 12 | 79 | 31 | 42=((24+x)-13) | 42 24 x + 13 - = | 42:pumpkin 24:pumpkin x:pumpkin +:pumpkin 13:pumpkin -:pumpkin =:pumpkin
EXPR: 0 | POS | INT | 12 | 79 | 31 | ((x-42)+24)=13 | x 42 - 24 + 13 = | x:pumpkin 42:pumpkin -:pumpkin 24:pumpkin +:pumpkin 13:pumpkin =:pumpkin
EXPR: 0 | POS | INT | 12 | 79 | 31 | 24=(13-(x-42)) | 24 13 x 42 - - = | 24:pumpkin 13:pumpkin x:pumpkin 42:pumpkin -:pumpkin -:pumpkin =:pumpkin
EXPR: 0 | POS | INT | 12 | 79 | 5 | 42=((24+x)+13) | 42 24 x + 13 + = | 42:pumpkin 24:pumpkin x:pumpkin +:pumpkin 13:pumpkin +:pumpkin =:pumpkin
EXPR: 1 | POS | INT | 12 | 79 | 79 | (x-24)=(42+13) | x 24 - 42 13 + = | x:pumpkin 24:pumpkin -:pumpkin 42:pumpkin 13:pumpkin +:pumpkin =:pumpkin
EXPR: 0 | POS | INT | 12 | 79 | 31 | (x-(42-24))=13 | x 42 24 - - 13 = | x:pumpkin 42:pumpkin 24:pumpkin -:pumpkin -:pumpkin 13:pumpkin =:pumpkin
EXPR: 0 | POS | INT | 12 | 79 | 53 | (x-(24-13))=42 | x 24 13 - - 42 = | x:pumpkin 24:pumpkin 13:pumpkin -:pumpkin -:pumpkin 42:pumpkin =:pumpkin
EXPR: 1 | POS | INT | 12 | 79 | 79 | ((x-42)-24)=13 | x 42 - 24 - 13 = | x:pumpkin 42:pumpkin -:pumpkin 24:pumpkin -:pumpkin 13:pumpkin =:pumpkin
EXPR: 1 | POS | INT | 12 | 79 | 79 | (x-(24+13))=42 | x 24 13 + - 42 = | x:pumpkin 24:pumpkin 13:pumpkin +:pumpkin -:pumpkin 42:pumpkin =:pumpkin
EXPR: 0 | POS | INT | 12 | 79 | 31 | (x+(24-13))=42 | x 24 13 - + 42 = | x:pumpkin 24:pumpkin 13:pumpkin -:pumpkin +:pumpkin 42:pumpkin =:pumpkin
EXPR: 0 | POS | INT | 12 | 79 | 31 | (24-(13-x))=42 | 24 13 x - - 42 = | 24:pumpkin 13:pumpkin x:pumpkin -:pumpkin -:pumpkin 42:pumpkin =:pumpkin
EXPR: 0 | POS | INT | 12 | 79 | 53 | ((x-24)+13)=42 | x 24 - 13 + 42 = | x:pumpkin 24:pumpkin -:pumpkin 13:pumpkin +:pumpkin 42:pumpkin =:pumpkin
EXPR: 0 | POS | INT | 12 | 79 | 5 | 42=(24+(x+13)) | 42 24 x 13 + + = | 42:pumpkin 24:pumpkin x:pumpkin 13:pumpkin +:pumpkin +:pumpkin =:pumpkin
EXPR: 0 | POS | INT | 12 | 79 | 53 | (x-24)=(42-13) | x 24 - 42 13 - = | x:pumpkin 24:pumpkin -:pumpkin 42:pumpkin 13:pumpkin -:pumpkin =:pumpkin
EXPR: 1 | POS | INT | 12 | 79 | 79 | ((x-24)-13)=42 | x 24 - 13 - 42 = | x:pumpkin 24:pumpkin -:pumpkin 13:pumpkin -:pumpkin 42:pumpkin =:pumpkin
EXPR: 0 | POS | INT | 12 | 79 | 31 | 42=((24-13)+x) | 42 24 13 - x + = | 42:pumpkin 24:pumpkin 13:pumpkin -:pumpkin x:pumpkin +:pumpkin =:pumpkin
EXPR: 0 | POS | INT | 12 | 79 | 5 | ((42-x)-24)=13 | 42 x - 24 - 13 = | 42:pumpkin x:pumpkin -:pumpkin 24:pumpkin -:pumpkin 13:pumpkin =:pumpkin
EXPR: 0 | POS | INT | 12 | 79 | 53 | (42-(x-24))=13 | 42 x 24 - - 13 = | 42:pumpkin x:pumpkin 24:pumpkin -:pumpkin -:pumpkin 13:pumpkin =:pumpkin
EXPR: 0 | POS | INT | 12 | 79 | 5 | (24+(13+x))=42 | 24 13 x + + 42 = | 24:pumpkin 13:pumpkin x:pumpkin +:pumpkin +:pumpkin 42:pumpkin =:pumpkin
EXPR: 0 | POS | INT | 12 | 79 | 5 | (x+(24+13))=42 | x 24 13 + + 42 = | x:pumpkin 24:pumpkin 13:pumpkin +:pumpkin +:pumpkin 42:pumpkin =:pumpkin
EXPR: 0 | POS | INT | 12 | 79 | 53 | 24=((x+13)-42) | 24 x 13 + 42 - = | 24:pumpkin x:pumpkin 13:pumpkin +:pumpkin 42:pumpkin -:pumpkin =:pumpkin
EXPR: 0 | POS | INT | 12 | 79 | 53 | 42=((x-24)+13) | 42 x 24 - 13 + = | 42:pumpkin x:pumpkin 24:pumpkin -:pumpkin 13:pumpkin +:pumpkin =:pumpkin
EXPR: 0 | POS | INT | 12 | 79 | 53 | (42+(24-x))=13 | 42 24 x - + 13 = | 42:pumpkin 24:pumpkin x:pumpkin -:pumpkin +:pumpkin 13:pumpkin =:pumpkin
EXPR: 0 | POS | INT | 12 | 79 | 31 | 24=(13+(42-x)) | 24 13 42 x - + = | 24:pumpkin 13:pumpkin 42:pumpkin x:pumpkin -:pumpkin +:pumpkin =:pumpkin
EXPR: 0 | POS | INT | 12 | 79 | 53 | 24=(13-(42-x)) | 24 13 42 x - - = | 24:pumpkin 13:pumpkin 42:pumpkin x:pumpkin -:pumpkin -:pumpkin =:pumpkin
EXPR: 0 | POS | INT | 12 | 79 | 31 | ((24-13)+x)=42 | 24 13 - x + 42 = | 24:pumpkin 13:pumpkin -:pumpkin x:pumpkin +:pumpkin 42:pumpkin =:pumpkin
EXPR: 0 | POS | INT | 12 | 79 | 31 | 42=(24-(13-x)) | 42 24 13 x - - = | 42:pumpkin 24:pumpkin 13:pumpkin x:pumpkin -:pumpkin -:pumpkin =:pumpkin
EXPR: 0 | POS | INT | 12 | 79 | 53 | ((42-x)+24)=13 | 42 x - 24 + 13 = | 42:pumpkin x:pumpkin -:pumpkin 24:pumpkin +:pumpkin 13:pumpkin =:pumpkin
EXPR: 0 | POS | INT | 12 | 79 | 5 | 42=(24+(13+x)) | 42 24 13 x + + = | 42:pumpkin 24:pumpkin 13:pumpkin x:pumpkin +:pumpkin +:pumpkin =:pumpkin
EXPR: 0 | POS | INT | 12 | 79 | 31 | 42=((x+24)-13) | 42 x 24 + 13 - = | 42:pumpkin x:pumpkin 24:pumpkin +:pumpkin 13:pumpkin -:pumpkin =:pumpkin
EXPR: 0 | POS | INT | 12 | 79 | 31 | (24-42)=(13-x) | 24 42 - 13 x - = | 24:pumpkin 42:pumpkin -:pumpkin 13:pumpkin x:pumpkin -:pumpkin =:pumpkin
EXPR: 0 | POS | INT | 12 | 79 | 5 | 42=((24+13)+x) | 42 24 13 + x + = | 42:pumpkin 24:pumpkin 13:pumpkin +:pumpkin x:pumpkin +:pumpkin =:pumpkin
EXPR: 0 | POS | INT | 12 | 79 | 5 | (42-(24+x))=13 | 42 24 x + - 13 = | 42:pumpkin 24:pumpkin x:pumpkin +:pumpkin -:pumpkin 13:pumpkin =:pumpkin
EXPR: 0 | POS | INT | 12 | 79 | 5 | (x+24)=(42-13) | x 24 + 42 13 - = | x:pumpkin 24:pumpkin +:pumpkin 42:pumpkin 13:pumpkin -:pumpkin =:pumpkin
EXPR: 1 | POS | INT | 12 | 79 | 79 | 24=((x-13)-42) | 24 x 13 - 42 - = | 24:pumpkin x:pumpkin 13:pumpkin -:pumpkin 42:pumpkin -:pumpkin =:pumpkin
EXPR: 0 | POS | INT | 12 | 79 | 53 | 24=(x+(13-42)) | 24 x 13 42 - + = | 24:pumpkin x:pumpkin 13:pumpkin 42:pumpkin -:pumpkin +:pumpkin =:pumpkin
EXPR: 0 | POS | INT | 12 | 79 | 31 | (24+(x-13))=42 | 24 x 13 - + 42 = | 24:pumpkin x:pumpkin 13:pumpkin -:pumpkin +:pumpkin 42:pumpkin =:pumpkin
EXPR: 0 | POS | INT | 12 | 79 | 5 | (24+(x+13))=42 | 24 x 13 + + 42 = | 24:pumpkin x:pumpkin 13:pumpkin +:pumpkin +:pumpkin 42:pumpkin =:pumpkin
EXPR: 0 | POS | INT | 12 | 79 | 31 | 24=((13-x)+42) | 24 13 x - 42 + = | 24:pumpkin 13:pumpkin x:pumpkin -:pumpkin 42:pumpkin +:pumpkin =:pumpkin
EXPR: 1 | POS | INT | 12 | 79 | 79 | 42=((x-24)-13) | 42 x 24 - 13 - = | 42:pumpkin x:pumpkin 24:pumpkin -:pumpkin 13:pumpkin -:pumpkin =:pumpkin
EXPR: 0 | POS | INT | 12 | 79 | 53 | 24=(13+(x-42)) | 24 13 x 42 - + = | 24:pumpkin 13:pumpkin x:pumpkin 42:pumpkin -:pumpkin +:pumpkin =:pumpkin
EXPR: 0 | POS | INT | 12 | 79 | 31 | 42=(x+(24-13)) | 42 x 24 13 - + = | 42:pumpkin x:pumpkin 24:pumpkin 13:pumpkin -:pumpkin +:pumpkin =:pumpkin
EXPR: 0 | POS | INT | 12 | 79 | 53 | 42=(x-(24-13)) | 42 x 24 13 - - = | 42:pumpkin x:pumpkin 24:pumpkin 13:pumpkin -:pumpkin -:pumpkin =:pumpkin
EXPR: 0 | POS | INT | 12 | 79 | 31 | 42=(24+(x-13)) | 42 24 x 13 - + = | 42:pumpkin 24:pumpkin x:pumpkin 13:pumpkin -:pumpkin +:pumpkin =:pumpkin
EXPR: 0 | POS | INT | 12 | 79 | 5 | ((24+x)+13)=42 | 24 x + 13 + 42 = | 24:pumpkin x:pumpkin +:pumpkin 13:pumpkin +:pumpkin 42:pumpkin =:pumpkin
EXPR: 0 | POS | INT | 12 | 79 | 31 | ((24+x)-13)=42 | 24 x + 13 - 42 = | 24:pumpkin x:pumpkin +:pumpkin 13:pumpkin -:pumpkin 42:pumpkin =:pumpkin
EXPR: 1 | POS | INT | 12 | 79 | 79 | 42=(x-(24+13)) | 42 x 24 13 + - = | 42:pumpkin x:pumpkin 24:pumpkin 13:pumpkin +:pumpkin -:pumpkin =:pumpkin
EXPR: 0 | POS | INT | 12 | 79 | 5 | (42-(x+24))=13 | 42 x 24 + - 13 = | 42:pumpkin x:pumpkin 24:pumpkin +:pumpkin -:pumpkin 13:pumpkin =:pumpkin
EXPR: 0 | POS | INT | 12 | 79 | 53 | 24=((13+x)-42) | 24 13 x + 42 - = | 24:pumpkin 13:pumpkin x:pumpkin +:pumpkin 42:pumpkin -:pumpkin =:pumpkin
EXPR: 0 | POS | INT | 12 | 79 | 5 | 42=((x+24)+13) | 42 x 24 + 13 + = | 42:pumpkin x:pumpkin 24:pumpkin +:pumpkin 13:pumpkin +:pumpkin =:pumpkin
EXPR: 0 | POS | INT | 12 | 79 | 5 | ((42-24)-x)=13 | 42 24 - x - 13 = | 42:pumpkin 24:pumpkin -:pumpkin x:pumpkin -:pumpkin 13:pumpkin =:pumpkin
EXPR: 0 | POS | INT | 12 | 79 | 5 | ((24+13)+x)=42 | 24 13 + x + 42 = | 24:pumpkin 13:pumpkin +:pumpkin x:pumpkin +:pumpkin 42:pumpkin =:pumpkin
EXPR: 0 | POS | INT | 12 | 79 | 31 | (24+x)=(42+13) | 24 x + 42 13 + = | 24:pumpkin x:pumpkin +:pumpkin 42:pumpkin 13:pumpkin +:pumpkin =:pumpkin
EXPR: 0 | POS | INT | 12 | 79 | 31 | ((x+24)-13)=42 | x 24 + 13 - 42 = | x:pumpkin 24:pumpkin +:pumpkin 13:pumpkin -:pumpkin 42:pumpkin =:pumpkin
EXPR: 0 | POS | INT | 12 | 79 | 5 | ((x+24)+13)=42 | x 24 + 13 + 42 = | x:pumpkin 24:pumpkin +:pumpkin 13:pumpkin +:pumpkin 42:pumpkin =:pumpkin
EXPR: 0 | POS | INT | 12 | 79 | 31 | (x+24)=(42+13) | x 24 + 42 13 + = | x:pumpkin 24:pumpkin +:pumpkin 42:pumpkin 13:pumpkin +:pumpkin =:pumpkin
EXPR: 0 | POS | INT | 12 | 79 | 53 | 24=((13-42)+x) | 24 13 42 - x + = | 24:pumpkin 13:pumpkin 42:pumpkin -:pumpkin x:pumpkin +:pumpkin =:pumpkin
EXPR: 0 | POS | INT | 12 | 79 | 5 | (24+x)=(42-13) | 24 x + 42 13 - = | 24:pumpkin x:pumpkin +:pumpkin 42:pumpkin 13:pumpkin -:pumpkin =:pumpkin
EXPR: 0 | POS | INT | 12 | 79 | 5 | 42=(x+(24+13)) | 42 x 24 13 + + = | 42:pumpkin x:pumpkin 24:pumpkin 13:pumpkin +:pumpkin +:pumpkin =:pumpkin
EXPR: 1 | POS | INT | 12 | 79 | 79 | (24+42)=(x-13) | 24 42 + x 13 - = | 24:pumpkin 42:pumpkin +:pumpkin x:pumpkin 13:pumpkin -:pumpkin =:pumpkin
EXPR: 0 | POS | INT | 12 | 79 | 53 | (24+42)=(x+13) | 24 42 + x 13 + = | 24:pumpkin 42:pumpkin +:pumpkin x:pumpkin 13:pumpkin +:pumpkin =:pumpkin
EXPR: 0 | POS | INT | 12 | 79 | 53 | (24+42)=(13+x) | 24 42 + 13 x + = | 24:pumpkin 42:pumpkin +:pumpkin 13:pumpkin x:pumpkin +:pumpkin =:pumpkin
EXPR: 0 | POS | INT | 15 | 79 | 31 | x=((13-24)+42) | x 13 24 - 42 + = | x:pumpkin 13:pumpkin 24:pumpkin -:pumpkin 42:pumpkin +:pumpkin =:pumpkin
EXPR: 0 | POS | INT | 15 | 79 | 31 | x=(13-(24-42)) | x 13 24 42 - - = | x:pumpkin 13:pumpkin 24:pumpkin 42:pumpkin -:pumpkin -:pumpkin =:pumpkin
EXPR: 1 | POS | INT | 15 | 79 | 79 | x=(13+(24+42)) | x 13 24 42 + + = | x:pumpkin 13:pumpkin 24:pumpkin 42:pumpkin +:pumpkin +:pumpkin =:pumpkin
EXPR: 0 | POS | INT | 16 | 79 | 31 | x=((13-24)+42) | x 13 24 - 42 + = | x:pumpkin 13:pumpkin 24:pumpkin -:pumpkin 42:pumpkin +:pumpkin =:pumpkin
EXPR: 0 | POS | INT | 16 | 79 | 31 | x=(13-(24-42)) | x 13 24 42 - - = | x:pumpkin 13:pumpkin 24:pumpkin 42:pumpkin -:pumpkin -:pumpkin =:pumpkin
EXPR: 1 | POS | INT | 16 | 79 | 79 | x=(13+(24+42)) | x 13 24 42 + + = | x:pumpkin 13:pumpkin 24:pumpkin 42:pumpkin +:pumpkin +:pumpkin =:pumpkin
EXPR: 0 | POS | INT | 17 | 79 | 53 | 13=((24-x)+42) | 13 24 x - 42 + = | 13:pumpkin 24:pumpkin x:pumpkin -:pumpkin 42:pumpkin +:pumpkin =:pumpkin
EXPR: 0 | POS | INT | 17 | 79 | 31 | ((x-13)+24)=42 | x 13 - 24 + 42 = | x:pumpkin 13:pumpkin -:pumpkin 24:pumpkin +:pumpkin 42:pumpkin =:pumpkin
EXPR: 0 | POS | INT | 17 | 79 | 53 | 13=(24+(42-x)) | 13 24 42 x - + = | 13:pumpkin 24:pumpkin 42:pumpkin x:pumpkin -:pumpkin +:pumpkin =:pumpkin
EXPR: 0 | POS | INT | 17 | 79 | 53 | (13-(24-x))=42 | 13 24 x - - 42 = | 13:pumpkin 24:pumpkin x:pumpkin -:pumpkin -:pumpkin 42:pumpkin =:pumpkin
EXPR: 0 | POS | INT | 17 | 79 | 31 | (x-(13-24))=42 | x 13 24 - - 42 = | x:pumpkin 13:pumpkin 24:pumpkin -:pumpkin -:pumpkin 42:pumpkin =:pumpkin
EXPR: 0 | POS | INT | 17 | 79 | 31 | 13=(24-(42-x)) | 13 24 42 x - - = | 13:pumpkin 24:pumpkin 42:pumpkin x:pumpkin -:pumpkin -:pumpkin =:pumpkin
EXPR: 0 | POS | INT | 17 | 79 | 31 | 13=((24+x)-42) | 13 24 x + 42 - = | 13:pumpkin 24:pumpkin x:pumpkin +:pumpkin 42:pumpkin -:pumpkin =:pumpkin
EXPR: 1 | POS | INT | 17 | 79 | 79 | ((x-13)-24)=42 | x 13 - 24 - 42 = | x:pumpkin 13:pumpkin -:pumpkin 24:pumpkin -:pumpkin 42:pumpkin =:pumpkin
EXPR: 0 | POS | INT | 17 | 79 | 5 | (13+(x+24))=42 | 13 x 24 + + 42 = | 13:pumpkin x:pumpkin 24:pumpkin +:pumpkin +:pumpkin 42:pumpkin =:pumpkin
EXPR: 0 | POS | INT | 17 | 79 | 53 | (13+(x-24))=42 | 13 x 24 - + 42 = | 13:pumpkin x:pumpkin 24:pumpkin -:pumpkin +:pumpkin 42:pumpkin =:pumpkin
EXPR: 1 | POS | INT | 17 | 79 | 79 | 13=((x-24)-42) | 13 x 24 - 42 - = | 13:pumpkin x:pumpkin 24:pumpkin -:pumpkin 42:pumpkin -:pumpkin =:pumpkin
EXPR: 0 | POS | INT | 17 | 79 | 53 | ((13-24)+x)=42 | 13 24 - x + 42 = | 13:pumpkin 24:pumpkin -:pumpkin x:pumpkin +:pumpkin 42:pumpkin =:pumpkin
EXPR: 0 | POS | INT | 17 | 79 | 53 | (x+(13-24))=42 | x 13 24 - + 42 = | x:pumpkin 13:pumpkin 24:pumpkin -:pumpkin +:pumpkin 42:pumpkin =:pumpkin
EXPR: 0 | POS | INT | 17 | 79 | 53 | ((13+x)-24)=42 | 13 x + 24 - 42 = | 13:pumpkin x:pumpkin +:pumpkin 24:pumpkin -:pumpkin 42:pumpkin =:pumpkin
EXPR: 0 | POS | INT | 17 | 79 | 5 | ((13+x)+24)=42 | 13 x + 24 + 42 = | 13:pumpkin x:pumpkin +:pumpkin 24:pumpkin +:pumpkin 42:pumpkin =:pumpkin
EXPR: 0 | POS | INT | 17 | 79 | 31 | 13=((x+24)-42) | 13 x 24 + 42 - = | 13:pumpkin x:pumpkin 24:pumpkin +:pumpkin 42:pumpkin -:pumpkin =:pumpkin
EXPR: 0 | POS | INT | 17 | 79 | 31 | 13=(24+(x-42)) | 13 24 x 42 - + = | 13:pumpkin 24:pumpkin x:pumpkin 42:pumpkin -:pumpkin +:pumpkin =:pumpkin
EXPR: 0 | POS | INT | 17 | 79 | 5 | (13+(24+x))=42 | 13 24 x + + 42 = | 13:pumpkin 24:pumpkin x:pumpkin +:pumpkin +:pumpkin 42:pumpkin =:pumpkin
EXPR: 0 | POS | INT | 17 | 79 | 53 | ((x+13)-24)=42 | x 13 + 24 - 42 = | x:pumpkin 13:pumpkin +:pumpkin 24:pumpkin -:pumpkin 42:pumpkin =:pumpkin
EXPR: 0 | POS | INT | 17 | 79 | 53 | 13=(24-(x-42)) | 13 24 x 42 - - = | 13:pumpkin 24:pumpkin x:pumpkin 42:pumpkin -:pumpkin -:pumpkin =:pumpkin
EXPR: 1 | POS | INT | 17 | 79 | 79 | 13=(x-(24+42)) | 13 x 24 42 + - = | 13:pumpkin x:pumpkin 24:pumpkin 42:pumpkin +:pumpkin -:pumpkin =:pumpkin
EXPR: 0 | POS | INT | 17 | 79 | 5 | ((x+13)+24)=42 | x 13 + 24 + 42 = | x:pumpkin 13:pumpkin +:pumpkin 24:pumpkin +:pumpkin 42:pumpkin =:pumpkin
EXPR: 0 | POS | INT | 17 | 79 | 53 | 13=((24+42)-x) | 13 24 42 + x - = | 13:pumpkin 24:pumpkin 42:pumpkin +:pumpkin x:pumpkin -:pumpkin =:pumpkin
EXPR: 0 | POS | INT | 17 | 79 | 31 | 13=((24-42)+x) | 13 24 42 - x + = | 13:pumpkin 24:pumpkin 42:pumpkin -:pumpkin x:pumpkin +:pumpkin =:pumpkin
EXPR: 0 | POS | INT | 17 | 79 | 31 | 13=(x+(24-42)) | 13 x 24 42 - + = | 13:pumpkin x:pumpkin 24:pumpkin 42:pumpkin -:pumpkin +:pumpkin =:pumpkin
EXPR: 0 | POS | INT | 22 | 79 | 53 | (24-x)=(13-42) | 24 x - 13 42 - = | 24:pumpkin x:pumpkin -:pumpkin 13:pumpkin 42:pumpkin -:pumpkin =:pumpkin
EXPR: 0 | POS | INT | 22 | 79 | 31 | (24-13)=(42-x) | 24 13 - 42 x - = | 24:pumpkin 13:pumpkin -:pumpkin 42:pumpkin x:pumpkin -:pumpkin =:pumpkin
EXPR: 1 | POS | INT | 22 | 79 | 79 | (x-42)=(24+13) | x 42 - 24 13 + = | x:pumpkin 42:pumpkin -:pumpkin 24:pumpkin 13:pumpkin +:pumpkin =:pumpkin
EXPR: 0 | POS | INT | 22 | 79 | 53 | (x-42)=(24-13) | x 42 - 24 13 - = | x:pumpkin 42:pumpkin -:pumpkin 24:pumpkin 13:pumpkin -:pumpkin =:pumpkin
EXPR: 0 | POS | INT | 22 | 79 | 5 | (42-24)=(13+x) | 42 24 - 13 x + = | 42:pumpkin 24:pumpkin -:pumpkin 13:pumpkin x:pumpkin +:pumpkin =:pumpkin
EXPR: 0 | POS | INT | 22 | 79 | 5 | (42-x)=(24+13) | 42 x - 24 13 + = | 42:pumpkin x:pumpkin -:pumpkin 24:pumpkin 13:pumpkin +:pumpkin =:pumpkin
EXPR: 0 | POS | INT | 22 | 79 | 31 | (42-x)=(24-13) | 42 x - 24 13 - = | 42:pumpkin x:pumpkin -:pumpkin 24:pumpkin 13:pumpkin -:pumpkin =:pumpkin
EXPR: 0 | POS | INT | 22 | 79 | 53 | (24-13)=(x-42) | 24 13 - x 42 - = | 24:pumpkin 13:pumpkin -:pumpkin x:pumpkin 42:pumpkin -:pumpkin =:pumpkin
EXPR: 0 | POS | INT | 22 | 79 | 31 | (42-24)=(x-13) | 42 24 - x 13 - = | 42:pumpkin 24:pumpkin -:pumpkin x:pumpkin 13:pumpkin -:pumpkin =:pumpkin
EXPR: 0 | POS | INT | 22 | 79 | 5 | (42-24)=(x+13) | 42 24 - x 13 + = | 42:pumpkin 24:pumpkin -:pumpkin x:pumpkin 13:pumpkin +:pumpkin =:pumpkin
EXPR: 1 | POS | INT | 22 | 79 | 79 | (24+13)=(x-42) | 24 13 + x 42 - = | 24:pumpkin 13:pumpkin +:pumpkin x:pumpkin 42:pumpkin -:pumpkin =:pumpkin
EXPR: 0 | POS | INT | 22 | 79 | 5 | (24+13)=(42-x) | 24 13 + 42 x - = | 24:pumpkin 13:pumpkin +:pumpkin 42:pumpkin x:pumpkin -:pumpkin =:pumpkin
EXPR: 0 | POS | INT | 25 | 79 | 31 | x=((42+13)-24) | x 42 13 + 24 - = | x:pumpkin 42:pumpkin 13:pumpkin +:pumpkin 24:pumpkin -:pumpkin =:pumpkin
EXPR: 1 | POS | INT | 25 | 79 | 79 | x=((42+13)+24) | x 42 13 + 24 + = | x:pumpkin 42:pumpkin 13:pumpkin +:pumpkin 24:pumpkin +:pumpkin =:pumpkin
EXPR: 0 | POS | INT | 25 | 79 | 5 | x=((42-13)-24) | x 42 13 - 24 - = | x:pumpkin 42:pumpkin 13:pumpkin -:pumpkin 24:pumpkin -:pumpkin =:pumpkin
EXPR: 0 | POS | INT | 25 | 79 | 31 | x=(42+(13-24)) | x 42 13 24 - + = | x:pumpkin 42:pumpkin 13:pumpkin 24:pumpkin -:pumpkin +:pumpkin =:pumpkin
EXPR: 0 | POS | INT | 25 | 79 | 31 | x=(13+(42-24)) | x 13 42 24 - + = | x:pumpkin 13:pumpkin 42:pumpkin 24:pumpkin -:pumpkin +:pumpkin =:pumpkin
EXPR: 0 | POS | INT | 25 | 79 | 53 | x=(42-(13-24)) | x 42 13 24 - - = | x:pumpkin 42:pumpkin 13:pumpkin 24:pumpkin -:pumpkin -:pumpkin =:pumpkin
EXPR: 0 | POS | INT | 25 | 79 | 53 | x=((42-13)+24) | x 42 13 - 24 + = | x:pumpkin 42:pumpkin 13:pumpkin -:pumpkin 24:pumpkin +:pumpkin =:pumpkin
EXPR: 1 | POS | INT | 26 | 79 | 79 | x=((42+13)+24) | x 42 13 + 24 + = | x:pumpkin 42:pumpkin 13:pumpkin +:pumpkin 24:pumpkin +:pumpkin =:pumpkin
EXPR: 0 | POS | INT | 26 | 79 | 31 | x=(42+(13-24)) | x 42 13 24 - + = | x:pumpkin 42:pumpkin 13:pumpkin 24:pumpkin -:pumpkin +:pumpkin =:pumpkin
EXPR: 0 | POS | INT | 26 | 79 | 5 | x=((42-13)-24) | x 42 13 - 24 - = | x:pumpkin 42:pumpkin 13:pumpkin -:pumpkin 24:pumpkin -:pumpkin =:pumpkin
EXPR: 0 | POS | INT | 26 | 79 | 31 | x=((42+13)-24) | x 42 13 + 24 - = | x:pumpkin 42:pumpkin 13:pumpkin +:pumpkin 24:pumpkin -:pumpkin =:pumpkin
EXPR: 0 | POS | INT | 26 | 79 | 31 | x=(13+(42-24)) | x 13 42 24 - + = | x:pumpkin 13:pumpkin 42:pumpkin 24:pumpkin -:pumpkin +:pumpkin =:pumpkin
EXPR: 0 | POS | INT | 26 | 79 | 53 | x=(42-(13-24)) | x 42 13 24 - - = | x:pumpkin 42:pumpkin 13:pumpkin 24:pumpkin -:pumpkin -:pumpkin =:pumpkin
EXPR: 0 | POS | INT | 26 | 79 | 53 | x=((42-13)+24) | x 42 13 - 24 + = | x:pumpkin 42:pumpkin 13:pumpkin -:pumpkin 24:pumpkin +:pumpkin =:pumpkin
EXPR: 0 | POS | INT | 27 | 79 | 5 | 13=(42-(x+24)) | 13 42 x 24 + - = | 13:pumpkin 42:pumpkin x:pumpkin 24:pumpkin +:pumpkin -:pumpkin =:pumpkin
EXPR: 0 | POS | INT | 27 | 79 | 53 | 13=((42-x)+24) | 13 42 x - 24 + = | 13:pumpkin 42:pumpkin x:pumpkin -:pumpkin 24:pumpkin +:pumpkin =:pumpkin
EXPR: 0 | POS | INT | 27 | 79 | 31 | ((42-x)+13)=24 | 42 x - 13 + 24 = | 42:pumpkin x:pumpkin -:pumpkin 13:pumpkin +:pumpkin 24:pumpkin =:pumpkin
EXPR: 0 | POS | INT | 27 | 79 | 53 | 13=(42-(x-24)) | 13 42 x 24 - - = | 13:pumpkin 42:pumpkin x:pumpkin 24:pumpkin -:pumpkin -:pumpkin =:pumpkin
EXPR: 1 | POS | INT | 27 | 79 | 79 | (x-13)=(24+42) | x 13 - 24 42 + = | x:pumpkin 13:pumpkin -:pumpkin 24:pumpkin 42:pumpkin +:pumpkin =:pumpkin
EXPR: 0 | POS | INT | 27 | 79 | 31 | ((13-x)+42)=24 | 13 x - 42 + 24 = | 13:pumpkin x:pumpkin -:pumpkin 42:pumpkin +:pumpkin 24:pumpkin =:pumpkin
EXPR: 0 | POS | INT | 27 | 79 | 5 | ((42-x)-13)=24 | 42 x - 13 - 24 = | 42:pumpkin x:pumpkin -:pumpkin 13:pumpkin -:pumpkin 24:pumpkin =:pumpkin
EXPR: 0 | POS | INT | 27 | 79 | 53 | (x+13)=(24+42) | x 13 + 24 42 + = | x:pumpkin 13:pumpkin +:pumpkin 24:pumpkin 42:pumpkin +:pumpkin =:pumpkin
EXPR: 0 | POS | INT | 27 | 79 | 31 | (13-(x-42))=24 | 13 x 42 - - 24 = | 13:pumpkin x:pumpkin 42:pumpkin -:pumpkin -:pumpkin 24:pumpkin =:pumpkin
EXPR: 0 | POS | INT | 27 | 79 | 53 | (x-(42-13))=24 | x 42 13 - - 24 = | x:pumpkin 42:pumpkin 13:pumpkin -:pumpkin -:pumpkin 24:pumpkin =:pumpkin
EXPR: 1 | POS | INT | 27 | 79 | 79 | (x-(42+13))=24 | x 42 13 + - 24 = | x:pumpkin 42:pumpkin 13:pumpkin +:pumpkin -:pumpkin 24:pumpkin =:pumpkin
EXPR: 0 | POS | INT | 27 | 79 | 31 | (13+(42-x))=24 | 13 42 x - + 24 = | 13:pumpkin 42:pumpkin x:pumpkin -:pumpkin +:pumpkin 24:pumpkin =:pumpkin
EXPR: 0 | POS | INT | 27 | 79 | 53 | ((13+x)-42)=24 | 13 x + 42 - 24 = | 13:pumpkin x:pumpkin +:pumpkin 42:pumpkin -:pumpkin 24:pumpkin =:pumpkin
EXPR: 1 | POS | INT | 27 | 79 | 79 | ((x-13)-42)=24 | x 13 - 42 - 24 = | x:pumpkin 13:pumpkin -:pumpkin 42:pumpkin -:pumpkin 24:pumpkin =:pumpkin
EXPR: 1 | POS | INT | 27 | 79 | 79 | ((x-42)-13)=24 | x 42 - 13 - 24 = | x:pumpkin 42:pumpkin -:pumpkin 13:pumpkin -:pumpkin 24:pumpkin =:pumpkin
EXPR: 0 | POS | INT | 27 | 79 | 5 | 42=(13+(x+24)) | 42 13 x 24 + + = | 42:pumpkin 13:pumpkin x:pumpkin 24:pumpkin +:pumpkin +:pumpkin =:pumpkin
EXPR: 0 | POS | INT | 27 | 79 | 53 | (13-(42-x))=24 | 13 42 x - - 24 = | 13:pumpkin 42:pumpkin x:pumpkin -:pumpkin -:pumpkin 24:pumpkin =:pumpkin
EXPR: 0 | POS | INT | 27 | 79 | 53 | 13=(42+(24-x)) | 13 42 24 x - + = | 13:pumpkin 42:pumpkin 24:pumpkin x:pumpkin -:pumpkin +:pumpkin =:pumpkin
EXPR: 1 | POS | INT | 27 | 79 | 79 | 42=((x-13)-24) | 42 x 13 - 24 - = | 42:pumpkin x:pumpkin 13:pumpkin -:pumpkin 24:pumpkin -:pumpkin =:pumpkin
EXPR: 0 | POS | INT | 27 | 79 | 31 | (42-(x-13))=24 | 42 x 13 - - 24 = | 42:pumpkin x:pumpkin 13:pumpkin -:pumpkin -:pumpkin 24:pumpkin =:pumpkin
EXPR: 0 | POS | INT | 27 | 79 | 53 | (13-24)=(42-x) | 13 24 - 42 x - = | 13:pumpkin 24:pumpkin -:pumpkin 42:pumpkin x:pumpkin -:pumpkin =:pumpkin
EXPR: 0 | POS | INT | 27 | 79 | 31 | 13=((x-42)+24) | 13 x 42 - 24 + = | 13:pumpkin x:pumpkin 42:pumpkin -:pumpkin 24:pumpkin +:pumpkin =:pumpkin
EXPR: 0 | POS | INT | 27 | 79 | 53 | 42=((x+13)-24) | 42 x 13 + 24 - = | 42:pumpkin x:pumpkin 13:pumpkin +:pumpkin 24:pumpkin -:pumpkin =:pumpkin
EXPR: 0 | POS | INT | 27 | 79 | 53 | (13+(x-42))=24 | 13 x 42 - + 24 = | 13:pumpkin x:pumpkin 42:pumpkin -:pumpkin +:pumpkin 24:pumpkin =:pumpkin
EXPR: 1 | POS | INT | 27 | 79 | 79 | 13=((x-42)-24) | 13 x 42 - 24 - = | 13:pumpkin x:pumpkin 42:pumpkin -:pumpkin 24:pumpkin -:pumpkin =:pumpkin
EXPR: 0 | POS | INT | 27 | 79 | 31 | (42+(13-x))=24 | 42 13 x - + 24 = | 42:pumpkin 13:pumpkin x:pumpkin -:pumpkin +:pumpkin 24:pumpkin =:pumpkin
EXPR: 0 | POS | INT | 27 | 79 | 5 | 13=(42-(24+x)) | 13 42 24 x + - = | 13:pumpkin 42:pumpkin 24:pumpkin x:pumpkin +:pumpkin -:pumpkin =:pumpkin
EXPR: 0 | POS | INT | 27 | 79 | 53 | (x+(13-42))=24 | x 13 42 - + 24 = | x:pumpkin 13:pumpkin 42:pumpkin -:pumpkin +:pumpkin 24:pumpkin =:pumpkin
EXPR: 0 | POS | INT | 27 | 79 | 31 | 42=((x-13)+24) | 42 x 13 - 24 + = | 42:pumpkin x:pumpkin 13:pumpkin -:pumpkin 24:pumpkin +:pumpkin =:pumpkin
EXPR: 0 | POS | INT | 27 | 79 | 31 | (13-24)=(x-42) | 13 24 - x 42 - = | 13:pumpkin 24:pumpkin -:pumpkin x:pumpkin 42:pumpkin -:pumpkin =:pumpkin
EXPR: 0 | POS | INT | 27 | 79 | 5 | 13=((42-x)-24) | 13 42 x - 24 - = | 13:pumpkin 42:pumpkin x:pumpkin -:pumpkin 24:pumpkin -:pumpkin =:pumpkin
EXPR: 0 | POS | INT | 27 | 79 | 5 | (42-(13+x))=24 | 42 13 x + - 24 = | 42:pumpkin 13:pumpkin x:pumpkin +:pumpkin -:pumpkin 24:pumpkin =:pumpkin
EXPR: 0 | POS | INT | 27 | 79 | 31 | (13-x)=(24-42) | 13 x - 24 42 - = | 13:pumpkin x:pumpkin -:pumpkin 24:pumpkin 42:pumpkin -:pumpkin =:pumpkin
EXPR: 0 | POS | INT | 27 | 79 | 5 | (42-(x+13))=24 | 42 x 13 + - 24 = | 42:pumpkin x:pumpkin 13:pumpkin +:pumpkin -:pumpkin 24:pumpkin =:pumpkin
EXPR: 0 | POS | INT | 27 | 79 | 53 | 42=(x+(13-24)) | 42 x 13 24 - + = | 42:pumpkin x:pumpkin 13:pumpkin 24:pumpkin -:pumpkin +:pumpkin =:pumpkin
EXPR: 0 | POS | INT | 27 | 79 | 31 | 42=(x-(13-24)) | 42 x 13 24 - - = | 42:pumpkin x:pumpkin 13:pumpkin 24:pumpkin -:pumpkin -:pumpkin =:pumpkin
EXPR: 0 | POS | INT | 27 | 79 | 53 | 42=(13+(x-24)) | 42 13 x 24 - + = | 42:pumpkin 13:pumpkin x:pumpkin 24:pumpkin -:pumpkin +:pumpkin =:pumpkin
EXPR: 0 | POS | INT | 27 | 79 | 53 | ((x+13)-42)=24 | x 13 + 42 - 24 = | x:pumpkin 13:pumpkin +:pumpkin 42:pumpkin -:pumpkin 24:pumpkin =:pumpkin
EXPR: 0 | POS | INT | 27 | 79 | 5 | 42=((x+13)+24) | 42 x 13 + 24 + = | 42:pumpkin x:pumpkin 13:pumpkin +:pumpkin 24:pumpkin +:pumpkin =:pumpkin
EXPR: 0 | POS | INT | 27 | 79 | 53 | ((13-42)+x)=24 | 13 42 - x + 24 = | 13:pumpkin 42:pumpkin -:pumpkin x:pumpkin +:pumpkin 24:pumpkin =:pumpkin
EXPR: 0 | POS | INT | 27 | 79 | 5 | 42=(13+(24+x)) | 42 13 24 x + + = | 42:pumpkin 13:pumpkin 24:pumpkin x:pumpkin +:pumpkin +:pumpkin =:pumpkin
EXPR: 0 | POS | INT | 27 | 79 | 53 | 42=((13+x)-24) | 42 13 x + 24 - = | 42:pumpkin 13:pumpkin x:pumpkin +:pumpkin 24:pumpkin -:pumpkin =:pumpkin
EXPR: 0 | POS | INT | 27 | 79 | 53 | 42=(13-(24-x)) | 42 13 24 x - - = | 42:pumpkin 13:pumpkin 24:pumpkin x:pumpkin -:pumpkin -:pumpkin =:pumpkin
EXPR: 0 | POS | INT | 27 | 79 | 31 | ((42+13)-x)=24 | 42 13 + x - 24 = | 42:pumpkin 13:pumpkin +:pumpkin x:pumpkin -:pumpkin 24:pumpkin =:pumpkin
EXPR: 0 | POS | INT | 27 | 79 | 53 | (13+x)=(24+42) | 13 x + 24 42 + = | 13:pumpkin x:pumpkin +:pumpkin 24:pumpkin 42:pumpkin +:pumpkin =:pumpkin
EXPR: 0 | POS | INT | 27 | 79 | 31 | 13=(x-(42-24)) | 13 x 42 24 - - = | 13:pumpkin x:pumpkin 42:pumpkin 24:pumpkin -:pumpkin -:pumpkin =:pumpkin
EXPR: 0 | POS | INT | 27 | 79 | 53 | ((x-42)+13)=24 | x 42 - 13 + 24 = | x:pumpkin 42:pumpkin -:pumpkin 13:pumpkin +:pumpkin 24:pumpkin =:pumpkin
EXPR: 0 | POS | INT | 27 | 79 | 53 | 42=((13-24)+x) | 42 13 24 - x + = | 42:pumpkin 13:pumpkin 24:pumpkin -:pumpkin x:pumpkin +:pumpkin =:pumpkin
EXPR: 0 | POS | INT | 27 | 79 | 5 | ((42-13)-x)=24 | 42 13 - x - 24 = | 42:pumpkin 13:pumpkin -:pumpkin x:pumpkin -:pumpkin 24:pumpkin =:pumpkin
EXPR: 0 | POS | INT | 27 | 79 | 5 | 42=((13+x)+24) | 42 13 x + 24 + = | 42:pumpkin 13:pumpkin x:pumpkin +:pumpkin 24:pumpkin +:pumpkin =:pumpkin
EXPR: 0 | POS | INT | 27 | 79 | 5 | 13=((42-24)-x) | 13 42 24 - x - = | 13:pumpkin 42:pumpkin 24:pumpkin -:pumpkin x:pumpkin -:pumpkin =:pumpkin
EXPR: 0 | POS | INT | 37 | 79 | 31 | (x-13)=(42-24) | x 13 - 42 24 - = | x:pumpkin 13:pumpkin -:pumpkin 42:pumpkin 24:pumpkin -:pumpkin =:pumpkin
EXPR: 0 | POS | INT | 37 | 79 | 5 | (42-13)=(24+x) | 42 13 - 24 x + = | 42:pumpkin 13:pumpkin -:pumpkin 24:pumpkin x:pumpkin +:pumpkin =:pumpkin
EXPR: 0 | POS | INT | 37 | 79 | 53 | (42-x)=(13-24) | 42 x - 13 24 - = | 42:pumpkin x:pumpkin -:pumpkin 13:pumpkin 24:pumpkin -:pumpkin =:pumpkin
EXPR: 0 | POS | INT | 37 | 79 | 5 | (x+13)=(42-24) | x 13 + 42 24 - = | x:pumpkin 13:pumpkin +:pumpkin 42:pumpkin 24:pumpkin -:pumpkin =:pumpkin
EXPR: 0 | POS | INT | 37 | 79 | 53 | (13-42)=(24-x) | 13 42 - 24 x - = | 13:pumpkin 42:pumpkin -:pumpkin 24:pumpkin x:pumpkin -:pumpkin =:pumpkin
EXPR: 0 | POS | INT | 37 | 79 | 31 | (x-42)=(13-24) | x 42 - 13 24 - = | x:pumpkin 42:pumpkin -:pumpkin 13:pumpkin 24:pumpkin -:pumpkin =:pumpkin
EXPR: 0 | POS | INT | 37 | 79 | 53 | (42-13)=(x-24) | 42 13 - x 24 - = | 42:pumpkin 13:pumpkin -:pumpkin x:pumpkin 24:pumpkin -:pumpkin =:pumpkin
EXPR: 0 | POS | INT | 37 | 79 | 5 | (42-13)=(x+24) | 42 13 - x 24 + = | 42:pumpkin 13:pumpkin -:pumpkin x:pumpkin 24:pumpkin +:pumpkin =:pumpkin
EXPR: 0 | POS | INT | 37 | 79 | 5 | (13+x)=(42-24) | 13 x + 42 24 - = | 13:pumpkin x:pumpkin +:pumpkin 42:pumpkin 24:pumpkin -:pumpkin =:pumpkin
EXPR: 1 | POS | INT | 37 | 79 | 79 | (42+13)=(x-24) | 42 13 + x 24 - = | 42:pumpkin 13:pumpkin +:pumpkin x:pumpkin 24:pumpkin -:pumpkin =:pumpkin
EXPR: 0 | POS | INT | 37 | 79 | 31 | (42+13)=(x+24) | 42 13 + x 24 + = | 42:pumpkin 13:pumpkin +:pumpkin x:pumpkin 24:pumpkin +:pumpkin =:pumpkin
EXPR: 0 | POS | INT | 37 | 79 | 31 | (42+13)=(24+x) | 42 13 + 24 x + = | 42:pumpkin 13:pumpkin +:pumpkin 24:pumpkin x:pumpkin +:pumpkin =:pumpkin
NET 232 non-negative, integer-valued solutions found out of 408 total solutions
