parameters: n=7 l=3 k=1 p=5 q=1 m=9
TOTAL 408 solutions found
SOLN: CORRECT | POS/NEG | INT/FRA | OBJ-SCORE | TRUE-ANS | ANS | INFIX | POSTFIX | TYPED-POSTFIX
EXPR: 0 | POS | INT | 0 | 20 | 230 | x=(210.0+(38-18)) | x 210.0 38 18 - + = | x:penny 210.0:penny 38:penny 18:penny -:penny +:penny =:penny
EXPR: 0 | POS | INT | 0 | 20 | 190 | x=(210.0-(38-18)) | x 210.0 38 18 - - = | x:penny 210.0:penny 38:penny 18:penny -:penny -:penny =:penny
EXPR: 0 | POS | INT | 0 | 20 | 266 | x=(210.0+(38+18)) | x 210.0 38 18 + + = | x:penny 210.0:penny 38:penny 18:penny +:penny +:penny =:penny
EXPR: 0 | POS | INT | 0 | 20 | 154 | x=(210.0-(38+18)) | x 210.0 38 18 + - = | x:penny 210.0:penny 38:penny 18:penny +:penny -:penny =:penny
EXPR: 0 | POS | INT | 0 | 20 | 190 | x=((210.0-38)+18) | x 210.0 38 - 18 + = | x:penny 210.0:penny 38:penny -:penny 18:penny +:penny =:penny
EXPR: 0 | POS | INT | 0 | 20 | 154 | x=((210.0-38)-18) | x 210.0 38 - 18 - = | x:penny 210.0:penny 38:penny -:penny 18:penny -:penny =:penny
EXPR: 0 | POS | INT | 0 | 20 | 230 | x=((210.0+38)-18) | x 210.0 38 + 18 - = | x:penny 210.0:penny 38:penny +:penny 18:penny -:penny =:penny
EXPR: 0 | POS | INT | 0 | 20 | 266 | x=((210.0+38)+18) | x 210.0 38 + 18 + = | x:penny 210.0:penny 38:penny +:penny 18:penny +:penny =:penny
EXPR: 0 | POS | INT | 1 | 20 | 230 | x=(210.0+(38-18)) | x 210.0 38 18 - + = | x:penny 210.0:penny 38:penny 18:penny -:penny +:penny =:penny
EXPR: 0 | POS | INT | 1 | 20 | 190 | x=(210.0-(38-18)) | x 210.0 38 18 - - = | x:penny 210.0:penny 38:penny 18:penny -:penny -:penny =:penny
EXPR: 0 | POS | INT | 1 | 20 | 154 | x=(210.0-(38+18)) | x 210.0 38 18 + - = | x:penny 210.0:penny 38:penny 18:penny +:penny -:penny =:penny
EXPR: 0 | POS | INT | 1 | 20 | 190 | x=((210.0-38)+18) | x 210.0 38 - 18 + = | x:penny 210.0:penny 38:penny -:penny 18:penny +:penny =:penny
EXPR: 0 | POS | INT | 1 | 20 | 266 | x=(210.0+(38+18)) | x 210.0 38 18 + + = | x:penny 210.0:penny 38:penny 18:penny +:penny +:penny =:penny
EXPR: 0 | POS | INT | 1 | 20 | 154 | x=((210.0-38)-18) | x 210.0 38 - 18 - = | x:penny 210.0:penny 38:penny -:penny 18:penny -:penny =:penny
EXPR: 0 | POS | INT | 1 | 20 | 266 | x=((210.0+38)+18) | x 210.0 38 + 18 + = | x:penny 210.0:penny 38:penny +:penny 18:penny +:penny =:penny
EXPR: 0 | POS | INT | 1 | 20 | 230 | x=((210.0+38)-18) | x 210.0 38 + 18 - = | x:penny 210.0:penny 38:penny +:penny 18:penny -:penny =:penny
EXPR: 0 | POS | INT | 2 | 20 | 190 | ((x-210.0)+38)=18 | x 210.0 - 38 + 18 = | x:penny 210.0:penny -:penny 38:penny +:penny 18:penny =:penny
EXPR: 0 | POS | INT | 2 | 20 | 154 | ((210.0-x)-38)=18 | 210.0 x - 38 - 18 = | 210.0:penny x:penny -:penny 38:penny -:penny 18:penny =:penny
EXPR: 0 | POS | INT | 2 | 20 | 190 | (x-(210.0-38))=18 | x 210.0 38 - - 18 = | x:penny 210.0:penny 38:penny -:penny -:penny 18:penny =:penny
EXPR: 0 | POS | INT | 2 | 20 | 154 | 210.0=(38+(x+18)) | 210.0 38 x 18 + + = | 210.0:penny 38:penny x:penny 18:penny +:penny +:penny =:penny
EXPR: 0 | POS | INT | 2 | 20 | 266 | (x-(210.0+38))=18 | x 210.0 38 + - 18 = | x:penny 210.0:penny 38:penny +:penny -:penny 18:penny =:penny
EXPR: 0 | POS | INT | 2 | 20 | 230 | (210.0+(38-x))=18 | 210.0 38 x - + 18 = | 210.0:penny 38:penny x:penny -:penny +:penny 18:penny =:penny
EXPR: 0 | POS | INT | 2 | 20 | 266 | ((x-210.0)-38)=18 | x 210.0 - 38 - 18 = | x:penny 210.0:penny -:penny 38:penny -:penny 18:penny =:penny
EXPR: 0 | POS | INT | 2 | 20 | 154 | (210.0-(38+x))=18 | 210.0 38 x + - 18 = | 210.0:penny 38:penny x:penny +:penny -:penny 18:penny =:penny
EXPR: 0 | POS | INT | 2 | 20 | 230 | (210.0-(x-38))=18 | 210.0 x 38 - - 18 = | 210.0:penny x:penny 38:penny -:penny -:penny 18:penny =:penny
EXPR: 0 | POS | INT | 2 | 20 | 230 | ((210.0-x)+38)=18 | 210.0 x - 38 + 18 = | 210.0:penny x:penny -:penny 38:penny +:penny 18:penny =:penny
EXPR: 0 | POS | INT | 2 | 20 | 230 | 210.0=((x-38)+18) | 210.0 x 38 - 18 + = | 210.0:penny x:penny 38:penny -:penny 18:penny +:penny =:penny
EXPR: 0 | POS | INT | 2 | 20 | 190 | 210.0=((x+38)-18) | 210.0 x 38 + 18 - = | 210.0:penny x:penny 38:penny +:penny 18:penny -:penny =:penny
EXPR: 0 | POS | INT | 2 | 20 | 266 | 210.0=((x-38)-18) | 210.0 x 38 - 18 - = | 210.0:penny x:penny 38:penny -:penny 18:penny -:penny =:penny
EXPR: 0 | POS | INT | 2 | 20 | 154 | ((210.0-38)-x)=18 | 210.0 38 - x - 18 = | 210.0:penny 38:penny -:penny x:penny -:penny 18:penny =:penny
EXPR: 0 | POS | INT | 2 | 20 | 190 | 210.0=(38-(18-x)) | 210.0 38 18 x - - = | 210.0:penny 38:penny 18:penny x:penny -:penny -:penny =:penny
EXPR: 0 | POS | INT | 2 | 20 | 154 | (210.0-(x+38))=18 | 210.0 x 38 + - 18 = | 210.0:penny x:penny 38:penny +:penny -:penny 18:penny =:penny
EXPR: 0 | POS | INT | 2 | 20 | 154 | 210.0=(38+(18+x)) | 210.0 38 18 x + + = | 210.0:penny 38:penny 18:penny x:penny +:penny +:penny =:penny
EXPR: 0 | POS | INT | 2 | 20 | 190 | 210.0=(x+(38-18)) | 210.0 x 38 18 - + = | 210.0:penny x:penny 38:penny 18:penny -:penny +:penny =:penny
EXPR: 0 | POS | INT | 2 | 20 | 230 | 210.0=(x-(38-18)) | 210.0 x 38 18 - - = | 210.0:penny x:penny 38:penny 18:penny -:penny -:penny =:penny
EXPR: 0 | POS | INT | 2 | 20 | 266 | 210.0=(x-(38+18)) | 210.0 x 38 18 + - = | 210.0:penny x:penny 38:penny 18:penny +:penny -:penny =:penny
EXPR: 0 | POS | INT | 2 | 20 | 154 | 210.0=((x+38)+18) | 210.0 x 38 + 18 + = | 210.0:penny x:penny 38:penny +:penny 18:penny +:penny =:penny
EXPR: 0 | POS | INT | 2 | 20 | 190 | 210.0=(38+(x-18)) | 210.0 38 x 18 - + = | 210.0:penny 38:penny x:penny 18:penny -:penny +:penny =:penny
EXPR: 0 | POS | INT | 2 | 20 | 190 | 210.0=((38+x)-18) | 210.0 38 x + 18 - = | 210.0:penny 38:penny x:penny +:penny 18:penny -:penny =:penny
EXPR: 0 | POS | INT | 2 | 20 | 230 | ((210.0+38)-x)=18 | 210.0 38 + x - 18 = | 210.0:penny 38:penny +:penny x:penny -:penny 18:penny =:penny
EXPR: 0 | POS | INT | 2 | 20 | 154 | 210.0=((38+x)+18) | 210.0 38 x + 18 + = | 210.0:penny 38:penny x:penny +:penny 18:penny +:penny =:penny
EXPR: 0 | POS | INT | 2 | 20 | 154 | 210.0=(x+(38+18)) | 210.0 x 38 18 + + = | 210.0:penny x:penny 38:penny 18:penny +:penny +:penny =:penny
EXPR: 0 | POS | INT | 2 | 20 | 190 | 210.0=((38-18)+x) | 210.0 38 18 - x + = | 210.0:penny 38:penny 18:penny -:penny x:penny +:penny =:penny
EXPR: 0 | POS | INT | 2 | 20 | 154 | 210.0=((38+18)+x) | 210.0 38 18 + x + = | 210.0:penny 38:penny 18:penny +:penny x:penny +:penny =:penny
EXPR: 0 | POS | INT | 10 | 20 | 230 | x=(38+(210.0-18)) | x 38 210.0 18 - + = | x:penny 38:penny 210.0:penny 18:penny -:penny +:penny =:penny
EXPR: 0 | POS | INT | 10 | 20 | 190 | x=((210.0+18)-38) | x 210.0 18 + 38 - = | x:penny 210.0:penny 18:penny +:penny 38:penny -:penny =:penny
EXPR: 0 | POS | INT | 10 | 20 | 154 | x=((210.0-18)-38) | x 210.0 18 - 38 - = | x:penny 210.0:penny 18:penny -:penny 38:penny -:penny =:penny
EXPR: 0 | POS | INT | 10 | 20 | 266 | x=((210.0+18)+38) | x 210.0 18 + 38 + = | x:penny 210.0:penny 18:penny +:penny 38:penny +:penny =:penny
EXPR: 0 | POS | INT | 10 | 20 | 230 | x=(210.0-(18-38)) | x 210.0 18 38 - - = | x:penny 210.0:penny 18:penny 38:penny -:penny -:penny =:penny
EXPR: 0 | POS | INT | 10 | 20 | 266 | x=(38+(210.0+18)) | x 38 210.0 18 + + = | x:penny 38:penny 210.0:penny 18:penny +:penny +:penny =:penny
EXPR: 0 | POS | INT | 10 | 20 | 190 | x=(210.0+(18-38)) | x 210.0 18 38 - + = | x:penny 210.0:penny 18:penny 38:penny -:penny +:penny =:penny
EXPR: 0 | POS | INT | 10 | 20 | 230 | x=((210.0-18)+38) | x 210.0 18 - 38 + = | x:penny 210.0:penny 18:penny -:penny 38:penny +:penny =:penny
EXPR: 0 | POS | INT | 11 | 20 | 230 | x=(38+(210.0-18)) | x 38 210.0 18 - + = | x:penny 38:penny 210.0:penny 18:penny -:penny +:penny =:penny
EXPR: 0 | POS | INT | 11 | 20 | 190 | x=((210.0+18)-38) | x 210.0 18 + 38 - = | x:penny 210.0:penny 18:penny +:penny 38:penny -:penny =:penny
EXPR: 0 | POS | INT | 11 | 20 | 266 | x=((210.0+18)+38) | x 210.0 18 + 38 + = | x:penny 210.0:penny 18:penny +:penny 38:penny +:penny =:penny
EXPR: 0 | POS | INT | 11 | 20 | 154 | x=((210.0-18)-38) | x 210.0 18 - 38 - = | x:penny 210.0:penny 18:penny -:penny 38:penny -:penny =:penny
EXPR: 0 | POS | INT | 11 | 20 | 230 | x=(210.0-(18-38)) | x 210.0 18 38 - - = | x:penny 210.0:penny 18:penny 38:penny -:penny -:penny =:penny
EXPR: 0 | POS | INT | 11 | 20 | 266 | x=(38+(210.0+18)) | x 38 210.0 18 + + = | x:penny 38:penny 210.0:penny 18:penny +:penny +:penny =:penny
EXPR: 0 | POS | INT | 11 | 20 | 190 | x=(210.0+(18-38)) | x 210.0 18 38 - + = | x:penny 210.0:penny 18:penny 38:penny -:penny +:penny =:penny
EXPR: 0 | POS | INT | 11 | 20 | 230 | x=((210.0-18)+38) | x 210.0 18 - 38 + = | x:penny 210.0:penny 18:penny -:penny 38:penny +:penny =:penny
EXPR: 0 | POS | INT | 12 | 20 | 154 | ((210.0-x)-18)=38 | 210.0 x - 18 - 38 = | 210.0:penny x:penny -:penny 18:penny -:penny 38:penny =:penny
EXPR: 0 | POS | INT | 12 | 20 | 190 | 38=((210.0-x)+18) | 38 210.0 x - 18 + = | 38:penny 210.0:penny x:penny -:penny 18:penny +:penny =:penny
EXPR: 0 | POS | INT | 12 | 20 | 154 | 38=((210.0-x)-18) | 38 210.0 x - 18 - = | 38:penny 210.0:penny x:penny -:penny 18:penny -:penny =:penny
EXPR: 0 | POS | INT | 12 | 20 | 190 | ((210.0-x)+18)=38 | 210.0 x - 18 + 38 = | 210.0:penny x:penny -:penny 18:penny +:penny 38:penny =:penny
EXPR: 0 | POS | INT | 12 | 20 | 266 | (x-210.0)=(38+18) | x 210.0 - 38 18 + = | x:penny 210.0:penny -:penny 38:penny 18:penny +:penny =:penny
EXPR: 0 | POS | INT | 12 | 20 | 190 | 38=(210.0-(x-18)) | 38 210.0 x 18 - - = | 38:penny 210.0:penny x:penny 18:penny -:penny -:penny =:penny
EXPR: 0 | POS | INT | 12 | 20 | 230 | (x-(210.0-18))=38 | x 210.0 18 - - 38 = | x:penny 210.0:penny 18:penny -:penny -:penny 38:penny =:penny
EXPR: 0 | POS | INT | 12 | 20 | 154 | 210.0=(18+(x+38)) | 210.0 18 x 38 + + = | 210.0:penny 18:penny x:penny 38:penny +:penny +:penny =:penny
EXPR: 0 | POS | INT | 12 | 20 | 266 | ((x-38)-210.0)=18 | x 38 - 210.0 - 18 = | x:penny 38:penny -:penny 210.0:penny -:penny 18:penny =:penny
EXPR: 0 | POS | INT | 12 | 20 | 266 | (x-(210.0+18))=38 | x 210.0 18 + - 38 = | x:penny 210.0:penny 18:penny +:penny -:penny 38:penny =:penny
EXPR: 0 | POS | INT | 12 | 20 | 190 | (x+(38-210.0))=18 | x 38 210.0 - + 18 = | x:penny 38:penny 210.0:penny -:penny +:penny 18:penny =:penny
EXPR: 0 | POS | INT | 12 | 20 | 154 | (210.0-x)=(38+18) | 210.0 x - 38 18 + = | 210.0:penny x:penny -:penny 38:penny 18:penny +:penny =:penny
EXPR: 0 | POS | INT | 12 | 20 | 154 | (210.0-38)=(18+x) | 210.0 38 - 18 x + = | 210.0:penny 38:penny -:penny 18:penny x:penny +:penny =:penny
EXPR: 0 | POS | INT | 12 | 20 | 230 | ((x-210.0)+18)=38 | x 210.0 - 18 + 38 = | x:penny 210.0:penny -:penny 18:penny +:penny 38:penny =:penny
EXPR: 0 | POS | INT | 12 | 20 | 190 | ((38+x)-210.0)=18 | 38 x + 210.0 - 18 = | 38:penny x:penny +:penny 210.0:penny -:penny 18:penny =:penny
EXPR: 0 | POS | INT | 12 | 20 | 154 | (210.0-(18+x))=38 | 210.0 18 x + - 38 = | 210.0:penny 18:penny x:penny +:penny -:penny 38:penny =:penny
EXPR: 0 | POS | INT | 12 | 20 | 190 | (38-(210.0-x))=18 | 38 210.0 x - - 18 = | 38:penny 210.0:penny x:penny -:penny -:penny 18:penny =:penny
EXPR: 0 | POS | INT | 12 | 20 | 230 | (x-210.0)=(38-18) | x 210.0 - 38 18 - = | x:penny 210.0:penny -:penny 38:penny 18:penny -:penny =:penny
EXPR: 0 | POS | INT | 12 | 20 | 266 | ((x-210.0)-18)=38 | x 210.0 - 18 - 38 = | x:penny 210.0:penny -:penny 18:penny -:penny 38:penny =:penny
EXPR: 0 | POS | INT | 12 | 20 | 190 | (210.0-x)=(38-18) | 210.0 x - 38 18 - = | 210.0:penny x:penny -:penny 38:penny 18:penny -:penny =:penny
EXPR: 0 | POS | INT | 12 | 20 | 154 | 38=(210.0-(x+18)) | 38 210.0 x 18 + - = | 38:penny 210.0:penny x:penny 18:penny +:penny -:penny =:penny
EXPR: 0 | POS | INT | 12 | 20 | 230 | (38-(x-210.0))=18 | 38 x 210.0 - - 18 = | 38:penny x:penny 210.0:penny -:penny -:penny 18:penny =:penny
EXPR: 0 | POS | INT | 12 | 20 | 190 | 210.0=((x-18)+38) | 210.0 x 18 - 38 + = | 210.0:penny x:penny 18:penny -:penny 38:penny +:penny =:penny
EXPR: 0 | POS | INT | 12 | 20 | 230 | 210.0=((x+18)-38) | 210.0 x 18 + 38 - = | 210.0:penny x:penny 18:penny +:penny 38:penny -:penny =:penny
EXPR: 0 | POS | INT | 12 | 20 | 190 | 38=((210.0+18)-x) | 38 210.0 18 + x - = | 38:penny 210.0:penny 18:penny +:penny x:penny -:penny =:penny
EXPR: 0 | POS | INT | 12 | 20 | 230 | 38=((x-210.0)+18) | 38 x 210.0 - 18 + = | 38:penny x:penny 210.0:penny -:penny 18:penny +:penny =:penny
EXPR: 0 | POS | INT | 12 | 20 | 154 | ((210.0-18)-x)=38 | 210.0 18 - x - 38 = | 210.0:penny 18:penny -:penny x:penny -:penny 38:penny =:penny
EXPR: 0 | POS | INT | 12 | 20 | 230 | (38+(210.0-x))=18 | 38 210.0 x - + 18 = | 38:penny 210.0:penny x:penny -:penny +:penny 18:penny =:penny
EXPR: 0 | POS | INT | 12 | 20 | 190 | (210.0-(x-18))=38 | 210.0 x 18 - - 38 = | 210.0:penny x:penny 18:penny -:penny -:penny 38:penny =:penny
EXPR: 0 | POS | INT | 12 | 20 | 154 | (210.0-38)=(x+18) | 210.0 38 - x 18 + = | 210.0:penny 38:penny -:penny x:penny 18:penny +:penny =:penny
EXPR: 0 | POS | INT | 12 | 20 | 230 | 210.0=(18-(38-x)) | 210.0 18 38 x - - = | 210.0:penny 18:penny 38:penny x:penny -:penny -:penny =:penny
EXPR: 0 | POS | INT | 12 | 20 | 190 | (210.0-38)=(x-18) | 210.0 38 - x 18 - = | 210.0:penny 38:penny -:penny x:penny 18:penny -:penny =:penny
EXPR: 0 | POS | INT | 12 | 20 | 190 | 38=(210.0+(18-x)) | 38 210.0 18 x - + = | 38:penny 210.0:penny 18:penny x:penny -:penny +:penny =:penny
EXPR: 0 | POS | INT | 12 | 20 | 230 | ((38-x)+210.0)=18 | 38 x - 210.0 + 18 = | 38:penny x:penny -:penny 210.0:penny +:penny 18:penny =:penny
EXPR: 0 | POS | INT | 12 | 20 | 190 | ((x+38)-210.0)=18 | x 38 + 210.0 - 18 = | x:penny 38:penny +:penny 210.0:penny -:penny 18:penny =:penny
EXPR: 0 | POS | INT | 12 | 20 | 154 | 210.0=(18+(38+x)) | 210.0 18 38 x + + = | 210.0:penny 18:penny 38:penny x:penny +:penny +:penny =:penny
EXPR: 0 | POS | INT | 12 | 20 | 266 | 210.0=((x-18)-38) | 210.0 x 18 - 38 - = | 210.0:penny x:penny 18:penny -:penny 38:penny -:penny =:penny
EXPR: 0 | POS | INT | 12 | 20 | 230 | 210.0=(x+(18-38)) | 210.0 x 18 38 - + = | 210.0:penny x:penny 18:penny 38:penny -:penny +:penny =:penny
EXPR: 0 | POS | INT | 12 | 20 | 154 | (210.0-(x+18))=38 | 210.0 x 18 + - 38 = | 210.0:penny x:penny 18:penny +:penny -:penny 38:penny =:penny
EXPR: 0 | POS | INT | 12 | 20 | 154 | 210.0=((x+18)+38) | 210.0 x 18 + 38 + = | 210.0:penny x:penny 18:penny +:penny 38:penny +:penny =:penny
EXPR: 0 | POS | INT | 12 | 20 | 266 | 38=((x-210.0)-18) | 38 x 210.0 - 18 - = | 38:penny x:penny 210.0:penny -:penny 18:penny -:penny =:penny
EXPR: 0 | POS | INT | 12 | 20 | 230 | 210.0=(18+(x-38)) | 210.0 18 x 38 - + = | 210.0:penny 18:penny x:penny 38:penny -:penny +:penny =:penny
EXPR: 0 | POS | INT | 12 | 20 | 154 | 38=(210.0-(18+x)) | 38 210.0 18 x + - = | 38:penny 210.0:penny 18:penny x:penny +:penny -:penny =:penny
EXPR: 0 | POS | INT | 12 | 20 | 154 | 38=((210.0-18)-x) | 38 210.0 18 - x - = | 38:penny 210.0:penny 18:penny -:penny x:penny -:penny =:penny
EXPR: 0 | POS | INT | 12 | 20 | 230 | 38=(x-(210.0-18)) | 38 x 210.0 18 - - = | 38:penny x:penny 210.0:penny 18:penny -:penny -:penny =:penny
EXPR: 0 | POS | INT | 12 | 20 | 190 | ((38-210.0)+x)=18 | 38 210.0 - x + 18 = | 38:penny 210.0:penny -:penny x:penny +:penny 18:penny =:penny
EXPR: 0 | POS | INT | 12 | 20 | 190 | 210.0=(x-(18-38)) | 210.0 x 18 38 - - = | 210.0:penny x:penny 18:penny 38:penny -:penny -:penny =:penny
EXPR: 0 | POS | INT | 12 | 20 | 266 | 38=(x-(210.0+18)) | 38 x 210.0 18 + - = | 38:penny x:penny 210.0:penny 18:penny +:penny -:penny =:penny
EXPR: 0 | POS | INT | 12 | 20 | 230 | 210.0=((18+x)-38) | 210.0 18 x + 38 - = | 210.0:penny 18:penny x:penny +:penny 38:penny -:penny =:penny
EXPR: 0 | POS | INT | 12 | 20 | 190 | (38+(x-210.0))=18 | 38 x 210.0 - + 18 = | 38:penny x:penny 210.0:penny -:penny +:penny 18:penny =:penny
EXPR: 0 | POS | INT | 12 | 20 | 190 | (210.0+(18-x))=38 | 210.0 18 x - + 38 = | 210.0:penny 18:penny x:penny -:penny +:penny 38:penny =:penny
EXPR: 0 | POS | INT | 12 | 20 | 190 | ((210.0+18)-x)=38 | 210.0 18 + x - 38 = | 210.0:penny 18:penny +:penny x:penny -:penny 38:penny =:penny
EXPR: 0 | POS | INT | 12 | 20 | 154 | 210.0=((18+x)+38) | 210.0 18 x + 38 + = | 210.0:penny 18:penny x:penny +:penny 38:penny +:penny =:penny
EXPR: 0 | POS | INT | 12 | 20 | 230 | 210.0=((18-38)+x) | 210.0 18 38 - x + = | 210.0:penny 18:penny 38:penny -:penny x:penny +:penny =:penny
EXPR: 0 | POS | INT | 12 | 20 | 266 | (210.0+38)=(x-18) | 210.0 38 + x 18 - = | 210.0:penny 38:penny +:penny x:penny 18:penny -:penny =:penny
EXPR: 0 | POS | INT | 12 | 20 | 230 | (210.0+38)=(x+18) | 210.0 38 + x 18 + = | 210.0:penny 38:penny +:penny x:penny 18:penny +:penny =:penny
EXPR: 0 | POS | INT | 12 | 20 | 230 | (210.0+38)=(18+x) | 210.0 38 + 18 x + = | 210.0:penny 38:penny +:penny 18:penny x:penny +:penny =:penny
EXPR: 0 | POS | INT | 15 | 20 | 190 | x=(18+(210.0-38)) | x 18 210.0 38 - + = | x:penny 18:penny 210.0:penny 38:penny -:penny +:penny =:penny
EXPR: 0 | POS | INT | 15 | 20 | 266 | x=(18+(210.0+38)) | x 18 210.0 38 + + = | x:penny 18:penny 210.0:penny 38:penny +:penny +:penny =:penny
EXPR: 0 | POS | INT | 16 | 20 | 190 | x=(18+(210.0-38)) | x 18 210.0 38 - + = | x:penny 18:penny 210.0:penny 38:penny -:penny +:penny =:penny
EXPR: 0 | POS | INT | 16 | 20 | 266 | x=(18+(210.0+38)) | x 18 210.0 38 + + = | x:penny 18:penny 210.0:penny 38:penny +:penny +:penny =:penny
EXPR: 0 | POS | INT | 17 | 20 | 230 | 18=((210.0-x)+38) | 18 210.0 x - 38 + = | 18:penny 210.0:penny x:penny -:penny 38:penny +:penny =:penny
EXPR: 0 | POS | INT | 17 | 20 | 154 | 18=(210.0-(x+38)) | 18 210.0 x 38 + - = | 18:penny 210.0:penny x:penny 38:penny +:penny -:penny =:penny
EXPR: 0 | POS | INT | 17 | 20 | 190 | (18-(x-210.0))=38 | 18 x 210.0 - - 38 = | 18:penny x:penny 210.0:penny -:penny -:penny 38:penny =:penny
EXPR: 0 | POS | INT | 17 | 20 | 230 | 18=(210.0+(38-x)) | 18 210.0 38 x - + = | 18:penny 210.0:penny 38:penny x:penny -:penny +:penny =:penny
EXPR: 0 | POS | INT | 17 | 20 | 230 | (18-(210.0-x))=38 | 18 210.0 x - - 38 = | 18:penny 210.0:penny x:penny -:penny -:penny 38:penny =:penny
EXPR: 0 | POS | INT | 17 | 20 | 190 | (18+(210.0-x))=38 | 18 210.0 x - + 38 = | 18:penny 210.0:penny x:penny -:penny +:penny 38:penny =:penny
EXPR: 0 | POS | INT | 17 | 20 | 154 | 18=(210.0-(38+x)) | 18 210.0 38 x + - = | 18:penny 210.0:penny 38:penny x:penny +:penny -:penny =:penny
EXPR: 0 | POS | INT | 17 | 20 | 266 | ((x-18)-210.0)=38 | x 18 - 210.0 - 38 = | x:penny 18:penny -:penny 210.0:penny -:penny 38:penny =:penny
EXPR: 0 | POS | INT | 17 | 20 | 190 | 18=((x-210.0)+38) | 18 x 210.0 - 38 + = | 18:penny x:penny 210.0:penny -:penny 38:penny +:penny =:penny
EXPR: 0 | POS | INT | 17 | 20 | 230 | (18+(x-210.0))=38 | 18 x 210.0 - + 38 = | 18:penny x:penny 210.0:penny -:penny +:penny 38:penny =:penny
EXPR: 0 | POS | INT | 17 | 20 | 266 | 18=((x-210.0)-38) | 18 x 210.0 - 38 - = | 18:penny x:penny 210.0:penny -:penny 38:penny -:penny =:penny
EXPR: 0 | POS | INT | 17 | 20 | 230 | ((18-210.0)+x)=38 | 18 210.0 - x + 38 = | 18:penny 210.0:penny -:penny x:penny +:penny 38:penny =:penny
EXPR: 0 | POS | INT | 17 | 20 | 230 | (x+(18-210.0))=38 | x 18 210.0 - + 38 = | x:penny 18:penny 210.0:penny -:penny +:penny 38:penny =:penny
EXPR: 0 | POS | INT | 17 | 20 | 190 | ((18-x)+210.0)=38 | 18 x - 210.0 + 38 = | 18:penny x:penny -:penny 210.0:penny +:penny 38:penny =:penny
EXPR: 0 | POS | INT | 17 | 20 | 154 | 18=((210.0-x)-38) | 18 210.0 x - 38 - = | 18:penny 210.0:penny x:penny -:penny 38:penny -:penny =:penny
EXPR: 0 | POS | INT | 17 | 20 | 230 | ((18+x)-210.0)=38 | 18 x + 210.0 - 38 = | 18:penny x:penny +:penny 210.0:penny -:penny 38:penny =:penny
EXPR: 0 | POS | INT | 17 | 20 | 230 | ((x+18)-210.0)=38 | x 18 + 210.0 - 38 = | x:penny 18:penny +:penny 210.0:penny -:penny 38:penny =:penny
EXPR: 0 | POS | INT | 17 | 20 | 230 | 18=(210.0-(x-38)) | 18 210.0 x 38 - - = | 18:penny 210.0:penny x:penny 38:penny -:penny -:penny =:penny
EXPR: 0 | POS | INT | 17 | 20 | 266 | 18=(x-(210.0+38)) | 18 x 210.0 38 + - = | 18:penny x:penny 210.0:penny 38:penny +:penny -:penny =:penny
EXPR: 0 | POS | INT | 17 | 20 | 230 | 18=((210.0+38)-x) | 18 210.0 38 + x - = | 18:penny 210.0:penny 38:penny +:penny x:penny -:penny =:penny
EXPR: 0 | POS | INT | 17 | 20 | 190 | 18=(x-(210.0-38)) | 18 x 210.0 38 - - = | 18:penny x:penny 210.0:penny 38:penny -:penny -:penny =:penny
EXPR: 0 | POS | INT | 17 | 20 | 154 | 18=((210.0-38)-x) | 18 210.0 38 - x - = | 18:penny 210.0:penny 38:penny -:penny x:penny -:penny =:penny
EXPR: 0 | POS | INT | 22 | 20 | 230 | (210.0-x)=(18-38) | 210.0 x - 18 38 - = | 210.0:penny x:penny -:penny 18:penny 38:penny -:penny =:penny
EXPR: 0 | POS | INT | 22 | 20 | 154 | (210.0-18)=(38+x) | 210.0 18 - 38 x + = | 210.0:penny 18:penny -:penny 38:penny x:penny +:penny =:penny
EXPR: 0 | POS | INT | 22 | 20 | 154 | (x+38)=(210.0-18) | x 38 + 210.0 18 - = | x:penny 38:penny +:penny 210.0:penny 18:penny -:penny =:penny
EXPR: 0 | POS | INT | 22 | 20 | 190 | (x+38)=(210.0+18) | x 38 + 210.0 18 + = | x:penny 38:penny +:penny 210.0:penny 18:penny +:penny =:penny
EXPR: 0 | POS | INT | 22 | 20 | 190 | (x-210.0)=(18-38) | x 210.0 - 18 38 - = | x:penny 210.0:penny -:penny 18:penny 38:penny -:penny =:penny
EXPR: 0 | POS | INT | 22 | 20 | 266 | (x-38)=(210.0+18) | x 38 - 210.0 18 + = | x:penny 38:penny -:penny 210.0:penny 18:penny +:penny =:penny
EXPR: 0 | POS | INT | 22 | 20 | 230 | (x-38)=(210.0-18) | x 38 - 210.0 18 - = | x:penny 38:penny -:penny 210.0:penny 18:penny -:penny =:penny
EXPR: 0 | POS | INT | 22 | 20 | 154 | (210.0-18)=(x+38) | 210.0 18 - x 38 + = | 210.0:penny 18:penny -:penny x:penny 38:penny +:penny =:penny
EXPR: 0 | POS | INT | 22 | 20 | 190 | (38-210.0)=(18-x) | 38 210.0 - 18 x - = | 38:penny 210.0:penny -:penny 18:penny x:penny -:penny =:penny
EXPR: 0 | POS | INT | 22 | 20 | 230 | (210.0-18)=(x-38) | 210.0 18 - x 38 - = | 210.0:penny 18:penny -:penny x:penny 38:penny -:penny =:penny
EXPR: 0 | POS | INT | 22 | 20 | 154 | (38+x)=(210.0-18) | 38 x + 210.0 18 - = | 38:penny x:penny +:penny 210.0:penny 18:penny -:penny =:penny
EXPR: 0 | POS | INT | 22 | 20 | 190 | (38+x)=(210.0+18) | 38 x + 210.0 18 + = | 38:penny x:penny +:penny 210.0:penny 18:penny +:penny =:penny
EXPR: 0 | POS | INT | 22 | 20 | 266 | (210.0+18)=(x-38) | 210.0 18 + x 38 - = | 210.0:penny 18:penny +:penny x:penny 38:penny -:penny =:penny
EXPR: 0 | POS | INT | 22 | 20 | 190 | (210.0+18)=(x+38) | 210.0 18 + x 38 + = | 210.0:penny 18:penny +:penny x:penny 38:penny +:penny =:penny
EXPR: 0 | POS | INT | 22 | 20 | 190 | (210.0+18)=(38+x) | 210.0 18 + 38 x + = | 210.0:penny 18:penny +:penny 38:penny x:penny +:penny =:penny
EXPR: 0 | POS | INT | 25 | 20 | 266 | x=((38+18)+210.0) | x 38 18 + 210.0 + = | x:penny 38:penny 18:penny +:penny 210.0:penny +:penny =:penny
EXPR: 0 | POS | INT | 25 | 20 | 190 | x=((18-38)+210.0) | x 18 38 - 210.0 + = | x:penny 18:penny 38:penny -:penny 210.0:penny +:penny =:penny
EXPR: 0 | POS | INT | 25 | 20 | 230 | x=(38-(18-210.0)) | x 38 18 210.0 - - = | x:penny 38:penny 18:penny 210.0:penny -:penny -:penny =:penny
EXPR: 0 | POS | INT | 25 | 20 | 190 | x=(18-(38-210.0)) | x 18 38 210.0 - - = | x:penny 18:penny 38:penny 210.0:penny -:penny -:penny =:penny
EXPR: 0 | POS | INT | 25 | 20 | 230 | x=((38-18)+210.0) | x 38 18 - 210.0 + = | x:penny 38:penny 18:penny -:penny 210.0:penny +:penny =:penny
EXPR: 0 | POS | INT | 26 | 20 | 190 | x=((18-38)+210.0) | x 18 38 - 210.0 + = | x:penny 18:penny 38:penny -:penny 210.0:penny +:penny =:penny
EXPR: 0 | POS | INT | 26 | 20 | 266 | x=((38+18)+210.0) | x 38 18 + 210.0 + = | x:penny 38:penny 18:penny +:penny 210.0:penny +:penny =:penny
EXPR: 0 | POS | INT | 26 | 20 | 230 | x=(38-(18-210.0)) | x 38 18 210.0 - - = | x:penny 38:penny 18:penny 210.0:penny -:penny -:penny =:penny
EXPR: 0 | POS | INT | 26 | 20 | 190 | x=(18-(38-210.0)) | x 18 38 210.0 - - = | x:penny 18:penny 38:penny 210.0:penny -:penny -:penny =:penny
EXPR: 0 | POS | INT | 26 | 20 | 230 | x=((38-18)+210.0) | x 38 18 - 210.0 + = | x:penny 38:penny 18:penny -:penny 210.0:penny +:penny =:penny
EXPR: 0 | POS | INT | 27 | 20 | 154 | (x+18)=(210.0-38) | x 18 + 210.0 38 - = | x:penny 18:penny +:penny 210.0:penny 38:penny -:penny =:penny
EXPR: 0 | POS | INT | 27 | 20 | 230 | 18=((38-x)+210.0) | 18 38 x - 210.0 + = | 18:penny 38:penny x:penny -:penny 210.0:penny +:penny =:penny
EXPR: 0 | POS | INT | 27 | 20 | 230 | 18=(38-(x-210.0)) | 18 38 x 210.0 - - = | 18:penny 38:penny x:penny 210.0:penny -:penny -:penny =:penny
EXPR: 0 | POS | INT | 27 | 20 | 266 | (x-18)=(210.0+38) | x 18 - 210.0 38 + = | x:penny 18:penny -:penny 210.0:penny 38:penny +:penny =:penny
EXPR: 0 | POS | INT | 27 | 20 | 190 | ((x-18)+38)=210.0 | x 18 - 38 + 210.0 = | x:penny 18:penny -:penny 38:penny +:penny 210.0:penny =:penny
EXPR: 0 | POS | INT | 27 | 20 | 230 | (x+18)=(210.0+38) | x 18 + 210.0 38 + = | x:penny 18:penny +:penny 210.0:penny 38:penny +:penny =:penny
EXPR: 0 | POS | INT | 27 | 20 | 230 | (x-(38-18))=210.0 | x 38 18 - - 210.0 = | x:penny 38:penny 18:penny -:penny -:penny 210.0:penny =:penny
EXPR: 0 | POS | INT | 27 | 20 | 266 | (x-(38+18))=210.0 | x 38 18 + - 210.0 = | x:penny 38:penny 18:penny +:penny -:penny 210.0:penny =:penny
EXPR: 0 | POS | INT | 27 | 20 | 190 | (x-(18-38))=210.0 | x 18 38 - - 210.0 = | x:penny 18:penny 38:penny -:penny -:penny 210.0:penny =:penny
EXPR: 0 | POS | INT | 27 | 20 | 190 | (x+(38-18))=210.0 | x 38 18 - + 210.0 = | x:penny 38:penny 18:penny -:penny +:penny 210.0:penny =:penny
EXPR: 0 | POS | INT | 27 | 20 | 190 | (x-18)=(210.0-38) | x 18 - 210.0 38 - = | x:penny 18:penny -:penny 210.0:penny 38:penny -:penny =:penny
EXPR: 0 | POS | INT | 27 | 20 | 230 | ((18+x)-38)=210.0 | 18 x + 38 - 210.0 = | 18:penny x:penny +:penny 38:penny -:penny 210.0:penny =:penny
EXPR: 0 | POS | INT | 27 | 20 | 266 | ((x-18)-38)=210.0 | x 18 - 38 - 210.0 = | x:penny 18:penny -:penny 38:penny -:penny 210.0:penny =:penny
EXPR: 0 | POS | INT | 27 | 20 | 266 | ((x-38)-18)=210.0 | x 38 - 18 - 210.0 = | x:penny 38:penny -:penny 18:penny -:penny 210.0:penny =:penny
EXPR: 0 | POS | INT | 27 | 20 | 190 | 18=((38+x)-210.0) | 18 38 x + 210.0 - = | 18:penny 38:penny x:penny +:penny 210.0:penny -:penny =:penny
EXPR: 0 | POS | INT | 27 | 20 | 230 | (18-(38-x))=210.0 | 18 38 x - - 210.0 = | 18:penny 38:penny x:penny -:penny -:penny 210.0:penny =:penny
EXPR: 0 | POS | INT | 27 | 20 | 154 | (38+(18+x))=210.0 | 38 18 x + + 210.0 = | 38:penny 18:penny x:penny +:penny +:penny 210.0:penny =:penny
EXPR: 0 | POS | INT | 27 | 20 | 154 | (x+(38+18))=210.0 | x 38 18 + + 210.0 = | x:penny 38:penny 18:penny +:penny +:penny 210.0:penny =:penny
EXPR: 0 | POS | INT | 27 | 20 | 230 | 18=(38+(210.0-x)) | 18 38 210.0 x - + = | 18:penny 38:penny 210.0:penny x:penny -:penny +:penny =:penny
EXPR: 0 | POS | INT | 27 | 20 | 266 | 38=((x-18)-210.0) | 38 x 18 - 210.0 - = | 38:penny x:penny 18:penny -:penny 210.0:penny -:penny =:penny
EXPR: 0 | POS | INT | 27 | 20 | 230 | (18-210.0)=(38-x) | 18 210.0 - 38 x - = | 18:penny 210.0:penny -:penny 38:penny x:penny -:penny =:penny
EXPR: 0 | POS | INT | 27 | 20 | 230 | 38=((x+18)-210.0) | 38 x 18 + 210.0 - = | 38:penny x:penny 18:penny +:penny 210.0:penny -:penny =:penny
EXPR: 0 | POS | INT | 27 | 20 | 154 | (18+(x+38))=210.0 | 18 x 38 + + 210.0 = | 18:penny x:penny 38:penny +:penny +:penny 210.0:penny =:penny
EXPR: 0 | POS | INT | 27 | 20 | 230 | (18+(x-38))=210.0 | 18 x 38 - + 210.0 = | 18:penny x:penny 38:penny -:penny +:penny 210.0:penny =:penny
EXPR: 0 | POS | INT | 27 | 20 | 190 | 18=(38-(210.0-x)) | 18 38 210.0 x - - = | 18:penny 38:penny 210.0:penny x:penny -:penny -:penny =:penny
EXPR: 0 | POS | INT | 27 | 20 | 266 | 18=((x-38)-210.0) | 18 x 38 - 210.0 - = | 18:penny x:penny 38:penny -:penny 210.0:penny -:penny =:penny
EXPR: 0 | POS | INT | 27 | 20 | 154 | ((18+x)+38)=210.0 | 18 x + 38 + 210.0 = | 18:penny x:penny +:penny 38:penny +:penny 210.0:penny =:penny
EXPR: 0 | POS | INT | 27 | 20 | 230 | (x+(18-38))=210.0 | x 18 38 - + 210.0 = | x:penny 18:penny 38:penny -:penny +:penny 210.0:penny =:penny
EXPR: 0 | POS | INT | 27 | 20 | 190 | 18=((x+38)-210.0) | 18 x 38 + 210.0 - = | 18:penny x:penny 38:penny +:penny 210.0:penny -:penny =:penny
EXPR: 0 | POS | INT | 27 | 20 | 190 | 18=(38+(x-210.0)) | 18 38 x 210.0 - + = | 18:penny 38:penny x:penny 210.0:penny -:penny +:penny =:penny
EXPR: 0 | POS | INT | 27 | 20 | 190 | (38-(18-x))=210.0 | 38 18 x - - 210.0 = | 38:penny 18:penny x:penny -:penny -:penny 210.0:penny =:penny
EXPR: 0 | POS | INT | 27 | 20 | 190 | 38=(18-(x-210.0)) | 38 18 x 210.0 - - = | 38:penny 18:penny x:penny 210.0:penny -:penny -:penny =:penny
EXPR: 0 | POS | INT | 27 | 20 | 190 | 38=(18+(210.0-x)) | 38 18 210.0 x - + = | 38:penny 18:penny 210.0:penny x:penny -:penny +:penny =:penny
EXPR: 0 | POS | INT | 27 | 20 | 230 | 38=(x+(18-210.0)) | 38 x 18 210.0 - + = | 38:penny x:penny 18:penny 210.0:penny -:penny +:penny =:penny
EXPR: 0 | POS | INT | 27 | 20 | 154 | ((38+18)+x)=210.0 | 38 18 + x + 210.0 = | 38:penny 18:penny +:penny x:penny +:penny 210.0:penny =:penny
EXPR: 0 | POS | INT | 27 | 20 | 154 | (18+(38+x))=210.0 | 18 38 x + + 210.0 = | 18:penny 38:penny x:penny +:penny +:penny 210.0:penny =:penny
EXPR: 0 | POS | INT | 27 | 20 | 154 | (38+(x+18))=210.0 | 38 x 18 + + 210.0 = | 38:penny x:penny 18:penny +:penny +:penny 210.0:penny =:penny
EXPR: 0 | POS | INT | 27 | 20 | 230 | 38=(18+(x-210.0)) | 38 18 x 210.0 - + = | 38:penny 18:penny x:penny 210.0:penny -:penny +:penny =:penny
EXPR: 0 | POS | INT | 27 | 20 | 230 | ((x+18)-38)=210.0 | x 18 + 38 - 210.0 = | x:penny 18:penny +:penny 38:penny -:penny 210.0:penny =:penny
EXPR: 0 | POS | INT | 27 | 20 | 154 | ((x+18)+38)=210.0 | x 18 + 38 + 210.0 = | x:penny 18:penny +:penny 38:penny +:penny 210.0:penny =:penny
EXPR: 0 | POS | INT | 27 | 20 | 230 | ((18-38)+x)=210.0 | 18 38 - x + 210.0 = | 18:penny 38:penny -:penny x:penny +:penny 210.0:penny =:penny
EXPR: 0 | POS | INT | 27 | 20 | 154 | ((38+x)+18)=210.0 | 38 x + 18 + 210.0 = | 38:penny x:penny +:penny 18:penny +:penny 210.0:penny =:penny
EXPR: 0 | POS | INT | 27 | 20 | 190 | ((38+x)-18)=210.0 | 38 x + 18 - 210.0 = | 38:penny x:penny +:penny 18:penny -:penny 210.0:penny =:penny
EXPR: 0 | POS | INT | 27 | 20 | 230 | 38=((18+x)-210.0) | 38 18 x + 210.0 - = | 38:penny 18:penny x:penny +:penny 210.0:penny -:penny =:penny
EXPR: 0 | POS | INT | 27 | 20 | 154 | (18+x)=(210.0-38) | 18 x + 210.0 38 - = | 18:penny x:penny +:penny 210.0:penny 38:penny -:penny =:penny
EXPR: 0 | POS | INT | 27 | 20 | 190 | 38=((18-x)+210.0) | 38 18 x - 210.0 + = | 38:penny 18:penny x:penny -:penny 210.0:penny +:penny =:penny
EXPR: 0 | POS | INT | 27 | 20 | 190 | 18=(x+(38-210.0)) | 18 x 38 210.0 - + = | 18:penny x:penny 38:penny 210.0:penny -:penny +:penny =:penny
EXPR: 0 | POS | INT | 27 | 20 | 230 | 38=(18-(210.0-x)) | 38 18 210.0 x - - = | 38:penny 18:penny 210.0:penny x:penny -:penny -:penny =:penny
EXPR: 0 | POS | INT | 27 | 20 | 230 | (18+x)=(210.0+38) | 18 x + 210.0 38 + = | 18:penny x:penny +:penny 210.0:penny 38:penny +:penny =:penny
EXPR: 0 | POS | INT | 27 | 20 | 190 | (38+(x-18))=210.0 | 38 x 18 - + 210.0 = | 38:penny x:penny 18:penny -:penny +:penny 210.0:penny =:penny
EXPR: 0 | POS | INT | 27 | 20 | 190 | ((x+38)-18)=210.0 | x 38 + 18 - 210.0 = | x:penny 38:penny +:penny 18:penny -:penny 210.0:penny =:penny
EXPR: 0 | POS | INT | 27 | 20 | 154 | ((x+38)+18)=210.0 | x 38 + 18 + 210.0 = | x:penny 38:penny +:penny 18:penny +:penny 210.0:penny =:penny
EXPR: 0 | POS | INT | 27 | 20 | 190 | 18=((38-210.0)+x) | 18 38 210.0 - x + = | 18:penny 38:penny 210.0:penny -:penny x:penny +:penny =:penny
EXPR: 0 | POS | INT | 27 | 20 | 230 | ((x-38)+18)=210.0 | x 38 - 18 + 210.0 = | x:penny 38:penny -:penny 18:penny +:penny 210.0:penny =:penny
EXPR: 0 | POS | INT | 27 | 20 | 190 | ((38-18)+x)=210.0 | 38 18 - x + 210.0 = | 38:penny 18:penny -:penny x:penny +:penny 210.0:penny =:penny
EXPR: 0 | POS | INT | 27 | 20 | 230 | 38=((18-210.0)+x) | 38 18 210.0 - x + = | 38:penny 18:penny 210.0:penny -:penny x:penny +:penny =:penny
EXPR: 0 | POS | INT | 37 | 20 | 230 | (38-x)=(18-210.0) | 38 x - 18 210.0 - = | 38:penny x:penny -:penny 18:penny 210.0:penny -:penny =:penny
EXPR: 0 | POS | INT | 37 | 20 | 190 | (18-x)=(38-210.0) | 18 x - 38 210.0 - = | 18:penny x:penny -:penny 38:penny 210.0:penny -:penny =:penny
EXPR: 0 | POS | INT | 37 | 20 | 190 | (38-18)=(210.0-x) | 38 18 - 210.0 x - = | 38:penny 18:penny -:penny 210.0:penny x:penny -:penny =:penny
EXPR: 0 | POS | INT | 37 | 20 | 230 | (18-38)=(210.0-x) | 18 38 - 210.0 x - = | 18:penny 38:penny -:penny 210.0:penny x:penny -:penny =:penny
EXPR: 0 | POS | INT | 37 | 20 | 230 | (38-18)=(x-210.0) | 38 18 - x 210.0 - = | 38:penny 18:penny -:penny x:penny 210.0:penny -:penny =:penny
EXPR: 0 | POS | INT | 37 | 20 | 190 | (18-38)=(x-210.0) | 18 38 - x 210.0 - = | 18:penny 38:penny -:penny x:penny 210.0:penny -:penny =:penny
EXPR: 0 | POS | INT | 37 | 20 | 266 | (38+18)=(x-210.0) | 38 18 + x 210.0 - = | 38:penny 18:penny +:penny x:penny 210.0:penny -:penny =:penny
EXPR: 0 | POS | INT | 37 | 20 | 154 | (38+18)=(210.0-x) | 38 18 + 210.0 x - = | 38:penny 18:penny +:penny 210.0:penny x:penny -:penny =:penny
NET 232 non-negative, integer-valued solutions found out of 408 total solutions
