parameters: n=7 l=3 k=1 p=5 q=3 m=9
TOTAL 1000 solutions found
EXPR: 1 | POS | INT | 2 | 56 | 56 | 84=((x/8)*12) | 84 x 8 / 12 * = | 84:marble x:dozen 8:melanie /:dozen 12:marble *:marble =:marble
EXPR: 1 | POS | INT | 2 | 56 | 56 | ((84*8)/x)=12 | 84 8 * x / 12 = | 84:marble 8:melanie *:marble x:dozen /:marble 12:marble =:marble
EXPR: 1 | POS | INT | 2 | 56 | 56 | ((84/x)*8)=12 | 84 x / 8 * 12 = | 84:marble x:dozen /:marble 8:melanie *:marble 12:marble =:marble
EXPR: 1 | POS | INT | 2 | 56 | 56 | (84*(8/x))=12 | 84 8 x / * 12 = | 84:marble 8:melanie x:dozen /:melanie *:marble 12:marble =:marble
EXPR: 1 | POS | INT | 4 | 56 | 56 | 84=((12/8)*x) | 84 12 8 / x * = | 84:marble 12:marble 8:melanie /:marble x:dozen *:marble =:marble
EXPR: 1 | POS | INT | 7 | 56 | 56 | ((x/8)*12)=84 | x 8 / 12 * 84 = | x:dozen 8:melanie /:dozen 12:marble *:marble 84:marble =:marble
EXPR: 1 | POS | INT | 7 | 56 | 56 | 12=(84*(8/x)) | 12 84 8 x / * = | 12:marble 84:marble 8:melanie x:dozen /:melanie *:marble =:marble
EXPR: 1 | POS | INT | 9 | 56 | 56 | (x*(12/8))=84 | x 12 8 / * 84 = | x:dozen 12:marble 8:melanie /:marble *:marble 84:marble =:marble
EXPR: 1 | POS | INT | 9 | 56 | 56 | ((x*12)/8)=84 | x 12 * 8 / 84 = | x:dozen 12:marble *:marble 8:melanie /:marble 84:marble =:marble
EXPR: 1 | POS | INT | 9 | 56 | 56 | 12=((8/x)*84) | 12 8 x / 84 * = | 12:marble 8:melanie x:dozen /:melanie 84:marble *:marble =:marble
EXPR: 1 | POS | INT | 9 | 56 | 56 | ((12/8)*x)=84 | 12 8 / x * 84 = | 12:marble 8:melanie /:marble x:dozen *:marble 84:marble =:marble
EXPR: 1 | POS | INT | 9 | 56 | 56 | (12*(x/8))=84 | 12 x 8 / * 84 = | 12:marble x:dozen 8:melanie /:dozen *:marble 84:marble =:marble
EXPR: 1 | POS | INT | 9 | 56 | 56 | 12=(8*(84/x)) | 12 8 84 x / * = | 12:marble 8:melanie 84:marble x:dozen /:marble *:marble =:marble
EXPR: 0 | POS | INT | 10 | 56 | 180 | x=(84+(8*12)) | x 84 8 12 * + = | x:marble 84:marble 8:melanie 12:marble *:marble +:marble =:marble
EXPR: 1 | POS | INT | 10 | 56 | 56 | ((84*8)/12)=x | 84 8 * 12 / x = | 84:marble 8:melanie *:melanie 12:marble /:melanie x:melanie =:melanie
EXPR: 1 | POS | INT | 10 | 56 | 56 | x=((84*8)/12) | x 84 8 * 12 / = | x:dozen 84:dozen 8:melanie *:dozen 12:marble /:dozen =:dozen
EXPR: 0 | POS | INT | 10 | 56 | 126 | x=((84/8)*12) | x 84 8 / 12 * = | x:dozen 84:dozen 8:melanie /:dozen 12:marble *:dozen =:dozen
EXPR: 0 | POS | INT | 10 | 56 | 126 | x=((84/8)*12) | x 84 8 / 12 * = | x:dozen 84:marble 8:melanie /:marble 12:dozen *:dozen =:dozen
EXPR: 1 | POS | INT | 10 | 56 | 56 | (84*(8/12))=x | 84 8 12 / * x = | 84:marble 8:dozen 12:marble /:dozen *:dozen x:dozen =:dozen
EXPR: 1 | POS | INT | 10 | 56 | 56 | x=(84*(8/12)) | x 84 8 12 / * = | x:dozen 84:dozen 8:melanie 12:marble /:melanie *:dozen =:dozen
EXPR: 1 | POS | INT | 10 | 56 | 56 | ((84*8)/12)=x | 84 8 * 12 / x = | 84:dozen 8:melanie *:dozen 12:marble /:dozen x:dozen =:dozen
EXPR: 0 | POS | INT | 10 | 56 | 126 | ((84/8)*12)=x | 84 8 / 12 * x = | 84:dozen 8:melanie /:dozen 12:marble *:dozen x:dozen =:dozen
EXPR: 1 | POS | INT | 10 | 56 | 56 | x=(84*(8/12)) | x 84 8 12 / * = | x:marble 84:marble 8:melanie 12:marble /:melanie *:marble =:marble
EXPR: 1 | POS | INT | 10 | 56 | 56 | x=(84*(8/12)) | x 84 8 12 / * = | x:dozen 84:marble 8:dozen 12:marble /:dozen *:dozen =:dozen
EXPR: 0 | POS | INT | 10 | 56 | 660 | ((84*8)-12)=x | 84 8 * 12 - x = | 84:marble 8:melanie *:marble 12:marble -:marble x:marble =:marble
EXPR: 0 | POS | INT | 10 | 56 | 684 | ((84*8)+12)=x | 84 8 * 12 + x = | 84:marble 8:melanie *:marble 12:marble +:marble x:marble =:marble
EXPR: 1 | POS | INT | 10 | 56 | 56 | x=((84*8)/12) | x 84 8 * 12 / = | x:melanie 84:marble 8:melanie *:melanie 12:marble /:melanie =:melanie
EXPR: 1 | POS | INT | 10 | 56 | 56 | ((84*8)/12)=x | 84 8 * 12 / x = | 84:marble 8:dozen *:dozen 12:marble /:dozen x:dozen =:dozen
EXPR: 1 | POS | INT | 11 | 56 | 56 | ((84*8)/12)=x | 84 8 * 12 / x = | 84:marble 8:melanie *:melanie 12:marble /:melanie x:melanie =:melanie
EXPR: 1 | POS | INT | 11 | 56 | 56 | x=((84*8)/12) | x 84 8 * 12 / = | x:dozen 84:dozen 8:melanie *:dozen 12:marble /:dozen =:dozen
EXPR: 0 | POS | INT | 11 | 56 | 126 | x=((84/8)*12) | x 84 8 / 12 * = | x:dozen 84:dozen 8:melanie /:dozen 12:marble *:dozen =:dozen
EXPR: 1 | POS | INT | 11 | 56 | 56 | x=(84*(8/12)) | x 84 8 12 / * = | x:dozen 84:dozen 8:melanie 12:marble /:melanie *:dozen =:dozen
EXPR: 1 | POS | INT | 11 | 56 | 56 | (84*(8/12))=x | 84 8 12 / * x = | 84:marble 8:dozen 12:marble /:dozen *:dozen x:dozen =:dozen
EXPR: 1 | POS | INT | 11 | 56 | 56 | ((84*8)/12)=x | 84 8 * 12 / x = | 84:dozen 8:melanie *:dozen 12:marble /:dozen x:dozen =:dozen
EXPR: 0 | POS | INT | 11 | 56 | 126 | ((84/8)*12)=x | 84 8 / 12 * x = | 84:dozen 8:melanie /:dozen 12:marble *:dozen x:dozen =:dozen
EXPR: 1 | POS | INT | 11 | 56 | 56 | x=(84*(8/12)) | x 84 8 12 / * = | x:dozen 84:marble 8:dozen 12:marble /:dozen *:dozen =:dozen
EXPR: 1 | POS | INT | 11 | 56 | 56 | x=(84*(8/12)) | x 84 8 12 / * = | x:marble 84:marble 8:melanie 12:marble /:melanie *:marble =:marble
EXPR: 1 | POS | INT | 11 | 56 | 56 | x=((84*8)/12) | x 84 8 * 12 / = | x:melanie 84:marble 8:melanie *:melanie 12:marble /:melanie =:melanie
EXPR: 0 | POS | INT | 11 | 56 | 126 | x=((84/8)*12) | x 84 8 / 12 * = | x:dozen 84:marble 8:melanie /:marble 12:dozen *:dozen =:dozen
EXPR: 0 | POS | INT | 11 | 56 | 180 | x=(84+(8*12)) | x 84 8 12 * + = | x:marble 84:marble 8:melanie 12:marble *:marble +:marble =:marble
EXPR: 0 | POS | INT | 11 | 56 | 684 | ((84*8)+12)=x | 84 8 * 12 + x = | 84:marble 8:melanie *:marble 12:marble +:marble x:marble =:marble
EXPR: 0 | POS | INT | 12 | 56 | 576 | x=(8*(84-12)) | x 8 84 12 - * = | x:dozen 8:dozen 84:marble 12:marble -:marble *:dozen =:dozen
EXPR: 0 | POS | INT | 12 | 56 | 15 | 84=((x-8)*12) | 84 x 8 - 12 * = | 84:marble x:melanie 8:melanie -:melanie 12:marble *:marble =:marble
EXPR: 0 | POS | INT | 12 | 56 | 576 | x=((84-12)*8) | x 84 12 - 8 * = | x:dozen 84:marble 12:marble -:marble 8:dozen *:dozen =:dozen
EXPR: 0 | POS | INT | 12 | 56 | 126 | ((84*12)/8)=x | 84 12 * 8 / x = | 84:marble 12:dozen *:dozen 8:melanie /:dozen x:dozen =:dozen
EXPR: 0 | POS | INT | 12 | 56 | 768 | x=((84+12)*8) | x 84 12 + 8 * = | x:dozen 84:marble 12:marble +:marble 8:dozen *:dozen =:dozen
EXPR: 0 | POS | INT | 12 | 56 | 126 | 84=(8*(x/12)) | 84 8 x 12 / * = | 84:melanie 8:melanie x:dozen 12:marble /:dozen *:melanie =:melanie
EXPR: 0 | POS | INT | 12 | 56 | 9 | 84=((8*x)+12) | 84 8 x * 12 + = | 84:marble 8:melanie x:marble *:marble 12:marble +:marble =:marble
EXPR: 0 | POS | INT | 12 | 56 | 126 | 84=(8*(x/12)) | 84 8 x 12 / * = | 84:dozen 8:melanie x:dozen 12:marble /:dozen *:dozen =:dozen
EXPR: 0 | POS | INT | 12 | 56 | 126 | 84=(8*(x/12)) | 84 8 x 12 / * = | 84:marble 8:marble x:dozen 12:marble /:dozen *:marble =:marble
EXPR: 0 | POS | INT | 12 | 56 | 126 | x=((84*12)/8) | x 84 12 * 8 / = | x:dozen 84:marble 12:dozen *:dozen 8:melanie /:dozen =:dozen
EXPR: 1 | POS | INT | 12 | 56 | 56 | ((84/x)*8)=12 | 84 x / 8 * 12 = | 84:marble x:melanie /:marble 8:melanie *:marble 12:marble =:marble
EXPR: 1 | POS | INT | 12 | 56 | 56 | ((84/x)*8)=12 | 84 x / 8 * 12 = | 84:marble x:dozen /:marble 8:dozen *:marble 12:marble =:marble
EXPR: 1 | POS | INT | 12 | 56 | 56 | ((84*8)/x)=12 | 84 8 * x / 12 = | 84:marble 8:melanie *:marble x:melanie /:marble 12:marble =:marble
EXPR: 0 | POS | INT | 12 | 56 | 126 | ((x/84)*8)=12 | x 84 / 8 * 12 = | x:dozen 84:marble /:dozen 8:melanie *:dozen 12:dozen =:dozen
EXPR: 0 | POS | INT | 12 | 56 | 576 | (84-(x/8))=12 | 84 x 8 / - 12 = | 84:marble x:marble 8:melanie /:marble -:marble 12:marble =:marble
EXPR: 1 | POS | INT | 12 | 56 | 56 | ((84*8)/x)=12 | 84 8 * x / 12 = | 84:marble 8:melanie *:melanie x:dozen /:melanie 12:melanie =:melanie
EXPR: 0 | POS | INT | 12 | 56 | 126 | (84*(12/8))=x | 84 12 8 / * x = | 84:marble 12:dozen 8:melanie /:dozen *:dozen x:dozen =:dozen
EXPR: 0 | POS | INT | 12 | 56 | 126 | ((x/84)*8)=12 | x 84 / 8 * 12 = | x:dozen 84:marble /:dozen 8:marble *:marble 12:marble =:marble
EXPR: 1 | POS | INT | 12 | 56 | 56 | ((84/x)*8)=12 | 84 x / 8 * 12 = | 84:marble x:dozen /:marble 8:melanie *:melanie 12:melanie =:melanie
EXPR: 0 | POS | INT | 12 | 56 | 126 | 84=(x*(8/12)) | 84 x 8 12 / * = | 84:melanie x:dozen 8:melanie 12:marble /:melanie *:melanie =:melanie
EXPR: 0 | POS | INT | 12 | 56 | 768 | 84=((x/8)-12) | 84 x 8 / 12 - = | 84:marble x:marble 8:melanie /:marble 12:marble -:marble =:marble
EXPR: 0 | POS | INT | 12 | 56 | 576 | 84=((x/8)+12) | 84 x 8 / 12 + = | 84:marble x:marble 8:melanie /:marble 12:marble +:marble =:marble
EXPR: 0 | POS | INT | 12 | 56 | 576 | x=(8*(84-12)) | x 8 84 12 - * = | x:melanie 8:melanie 84:marble 12:marble -:marble *:melanie =:melanie
EXPR: 0 | POS | INT | 12 | 56 | 576 | x=(8*(84-12)) | x 8 84 12 - * = | x:marble 8:melanie 84:marble 12:marble -:marble *:marble =:marble
EXPR: 0 | POS | INT | 12 | 56 | 126 | x=(84*(12/8)) | x 84 12 8 / * = | x:dozen 84:dozen 12:marble 8:melanie /:marble *:dozen =:dozen
EXPR: 1 | POS | INT | 12 | 56 | 56 | (84*(8/x))=12 | 84 8 x / * 12 = | 84:marble 8:melanie x:marble /:melanie *:marble 12:marble =:marble
EXPR: 0 | POS | INT | 12 | 56 | 12 | 84=((x*8)-12) | 84 x 8 * 12 - = | 84:marble x:marble 8:melanie *:marble 12:marble -:marble =:marble
EXPR: 1 | POS | INT | 12 | 56 | 56 | (84*8)=(x*12) | 84 8 * x 12 * = | 84:marble 8:melanie *:marble x:dozen 12:marble *:marble =:marble
EXPR: 1 | POS | INT | 12 | 56 | 56 | (84*(8/x))=12 | 84 8 x / * 12 = | 84:marble 8:melanie x:dozen /:melanie *:melanie 12:melanie =:melanie
EXPR: 0 | POS | INT | 12 | 56 | 126 | ((x/84)*8)=12 | x 84 / 8 * 12 = | x:dozen 84:marble /:dozen 8:melanie *:melanie 12:melanie =:melanie
EXPR: 0 | POS | INT | 12 | 56 | 768 | x=(8*(84+12)) | x 8 84 12 + * = | x:marble 8:melanie 84:marble 12:marble +:marble *:marble =:marble
EXPR: 0 | POS | INT | 12 | 56 | 9 | 84=((x*8)+12) | 84 x 8 * 12 + = | 84:marble x:marble 8:melanie *:marble 12:marble +:marble =:marble
EXPR: 0 | POS | INT | 12 | 56 | 126 | 84=(x*(8/12)) | 84 x 8 12 / * = | 84:marble x:marble 8:melanie 12:marble /:melanie *:marble =:marble
EXPR: 0 | POS | INT | 12 | 56 | 9 | (84-(8*x))=12 | 84 8 x * - 12 = | 84:marble 8:marble x:dozen *:marble -:marble 12:marble =:marble
EXPR: 0 | POS | INT | 12 | 56 | 660 | ((84*8)-x)=12 | 84 8 * x - 12 = | 84:marble 8:melanie *:marble x:marble -:marble 12:marble =:marble
EXPR: 0 | POS | INT | 12 | 56 | 576 | x=((84-12)*8) | x 84 12 - 8 * = | x:marble 84:marble 12:marble -:marble 8:melanie *:marble =:marble
EXPR: 0 | POS | INT | 12 | 56 | 768 | x=((84+12)*8) | x 84 12 + 8 * = | x:marble 84:marble 12:marble +:marble 8:melanie *:marble =:marble
EXPR: 1 | POS | INT | 12 | 56 | 56 | x=(8*(84/12)) | x 8 84 12 / * = | x:dozen 8:melanie 84:dozen 12:marble /:dozen *:dozen =:dozen
EXPR: 0 | POS | INT | 12 | 56 | 1 | 84=((8-x)*12) | 84 8 x - 12 * = | 84:marble 8:dozen x:dozen -:dozen 12:marble *:marble =:marble
EXPR: 0 | POS | INT | 12 | 56 | 768 | x=(8*(84+12)) | x 8 84 12 + * = | x:melanie 8:melanie 84:marble 12:marble +:marble *:melanie =:melanie
EXPR: 1 | POS | INT | 12 | 56 | 56 | (8*(84/12))=x | 8 84 12 / * x = | 8:melanie 84:dozen 12:marble /:dozen *:dozen x:dozen =:dozen
EXPR: 0 | POS | INT | 12 | 56 | 12 | 84=((x*8)-12) | 84 x 8 * 12 - = | 84:marble x:dozen 8:marble *:marble 12:marble -:marble =:marble
EXPR: 1 | POS | INT | 12 | 56 | 56 | ((84/12)*8)=x | 84 12 / 8 * x = | 84:dozen 12:marble /:dozen 8:melanie *:dozen x:dozen =:dozen
EXPR: 0 | POS | INT | 12 | 56 | 126 | ((84*12)/8)=x | 84 12 * 8 / x = | 84:dozen 12:marble *:dozen 8:melanie /:dozen x:dozen =:dozen
EXPR: 0 | POS | INT | 12 | 56 | 9 | (84-(x*8))=12 | 84 x 8 * - 12 = | 84:marble x:marble 8:melanie *:marble -:marble 12:marble =:marble
EXPR: 0 | POS | INT | 12 | 56 | 126 | x=((84*12)/8) | x 84 12 * 8 / = | x:dozen 84:dozen 12:marble *:dozen 8:melanie /:dozen =:dozen
EXPR: 0 | POS | INT | 12 | 56 | 180 | ((x-84)/8)=12 | x 84 - 8 / 12 = | x:marble 84:marble -:marble 8:melanie /:marble 12:marble =:marble
EXPR: 0 | POS | INT | 12 | 56 | 12 | ((x+84)/8)=12 | x 84 + 8 / 12 = | x:marble 84:marble +:marble 8:melanie /:marble 12:marble =:marble
EXPR: 0 | POS | INT | 12 | 56 | 9 | ((84-12)/8)=x | 84 12 - 8 / x = | 84:marble 12:marble -:marble 8:melanie /:marble x:marble =:marble
EXPR: 0 | POS | INT | 12 | 56 | 12 | ((84+12)/8)=x | 84 12 + 8 / x = | 84:marble 12:marble +:marble 8:melanie /:marble x:marble =:marble
EXPR: 0 | POS | INT | 12 | 56 | 180 | 84=(x-(8*12)) | 84 x 8 12 * - = | 84:marble x:marble 8:melanie 12:marble *:marble -:marble =:marble
EXPR: 0 | POS | INT | 12 | 56 | 9 | x=((84-12)/8) | x 84 12 - 8 / = | x:marble 84:marble 12:marble -:marble 8:melanie /:marble =:marble
EXPR: 0 | POS | INT | 12 | 56 | 12 | x=((84+12)/8) | x 84 12 + 8 / = | x:marble 84:marble 12:marble +:marble 8:melanie /:marble =:marble
EXPR: 0 | POS | INT | 12 | 56 | 8064 | 84=(x/(8*12)) | 84 x 8 12 * / = | 84:marble x:marble 8:melanie 12:marble *:melanie /:marble =:marble
EXPR: 0 | POS | INT | 12 | 56 | 126 | 84=((8/12)*x) | 84 8 12 / x * = | 84:marble 8:melanie 12:marble /:melanie x:marble *:marble =:marble
EXPR: 0 | POS | INT | 12 | 56 | 576 | (8*(84-12))=x | 8 84 12 - * x = | 8:melanie 84:marble 12:marble -:marble *:melanie x:melanie =:melanie
EXPR: 0 | POS | INT | 12 | 56 | 126 | 84=((8/12)*x) | 84 8 12 / x * = | 84:melanie 8:melanie 12:marble /:melanie x:dozen *:melanie =:melanie
EXPR: 0 | POS | INT | 12 | 56 | 12 | ((84+x)/8)=12 | 84 x + 8 / 12 = | 84:marble x:marble +:marble 8:melanie /:marble 12:marble =:marble
EXPR: 0 | POS | INT | 12 | 56 | 9 | (84-(8*x))=12 | 84 8 x * - 12 = | 84:marble 8:melanie x:marble *:marble -:marble 12:marble =:marble
EXPR: 0 | POS | INT | 12 | 56 | 21 | ((84/x)+8)=12 | 84 x / 8 + 12 = | 84:marble x:dozen /:marble 8:marble +:marble 12:marble =:marble
EXPR: 0 | POS | INT | 12 | 56 | 126 | x=(84*(12/8)) | x 84 12 8 / * = | x:dozen 84:marble 12:dozen 8:melanie /:dozen *:dozen =:dozen
EXPR: 0 | POS | INT | 12 | 56 | 768 | (8*(84+12))=x | 8 84 12 + * x = | 8:dozen 84:marble 12:marble +:marble *:dozen x:dozen =:dozen
EXPR: 0 | POS | INT | 12 | 56 | 576 | (8*(84-12))=x | 8 84 12 - * x = | 8:dozen 84:marble 12:marble -:marble *:dozen x:dozen =:dozen
EXPR: 0 | POS | INT | 12 | 56 | 1 | 84=((8-x)*12) | 84 8 x - 12 * = | 84:marble 8:melanie x:melanie -:melanie 12:marble *:marble =:marble
EXPR: 0 | POS | INT | 12 | 56 | 126 | 84=((8*x)/12) | 84 8 x * 12 / = | 84:melanie 8:melanie x:dozen *:melanie 12:marble /:melanie =:melanie
EXPR: 0 | POS | INT | 13 | 56 | 126 | ((84*12)/8)=x | 84 12 * 8 / x = | 84:marble 12:dozen *:dozen 8:melanie /:dozen x:dozen =:dozen
EXPR: 0 | POS | INT | 13 | 56 | 576 | x=(8*(84-12)) | x 8 84 12 - * = | x:melanie 8:melanie 84:marble 12:marble -:marble *:melanie =:melanie
EXPR: 0 | POS | INT | 13 | 56 | 126 | x=(84*(12/8)) | x 84 12 8 / * = | x:dozen 84:dozen 12:marble 8:melanie /:marble *:dozen =:dozen
EXPR: 0 | POS | INT | 13 | 56 | 576 | x=(8*(84-12)) | x 8 84 12 - * = | x:marble 8:melanie 84:marble 12:marble -:marble *:marble =:marble
EXPR: 0 | POS | INT | 13 | 56 | 768 | x=((84+12)*8) | x 84 12 + 8 * = | x:marble 84:marble 12:marble +:marble 8:melanie *:marble =:marble
EXPR: 0 | POS | INT | 13 | 56 | 576 | x=(8*(84-12)) | x 8 84 12 - * = | x:dozen 8:dozen 84:marble 12:marble -:marble *:dozen =:dozen
EXPR: 0 | POS | INT | 13 | 56 | 768 | x=(8*(84+12)) | x 8 84 12 + * = | x:melanie 8:melanie 84:marble 12:marble +:marble *:melanie =:melanie
EXPR: 1 | POS | INT | 13 | 56 | 56 | (8*(84/12))=x | 8 84 12 / * x = | 8:melanie 84:dozen 12:marble /:dozen *:dozen x:dozen =:dozen
EXPR: 1 | POS | INT | 13 | 56 | 56 | ((84/12)*8)=x | 84 12 / 8 * x = | 84:dozen 12:marble /:dozen 8:melanie *:dozen x:dozen =:dozen
EXPR: 0 | POS | INT | 13 | 56 | 126 | ((84*12)/8)=x | 84 12 * 8 / x = | 84:dozen 12:marble *:dozen 8:melanie /:dozen x:dozen =:dozen
EXPR: 0 | POS | INT | 13 | 56 | 126 | x=((84*12)/8) | x 84 12 * 8 / = | x:dozen 84:dozen 12:marble *:dozen 8:melanie /:dozen =:dozen
EXPR: 0 | POS | INT | 13 | 56 | 12 | ((84+12)/8)=x | 84 12 + 8 / x = | 84:marble 12:marble +:marble 8:melanie /:marble x:marble =:marble
EXPR: 0 | POS | INT | 13 | 56 | 126 | (84*(12/8))=x | 84 12 8 / * x = | 84:marble 12:dozen 8:melanie /:dozen *:dozen x:dozen =:dozen
EXPR: 0 | POS | INT | 13 | 56 | 9 | ((84-12)/8)=x | 84 12 - 8 / x = | 84:marble 12:marble -:marble 8:melanie /:marble x:marble =:marble
EXPR: 0 | POS | INT | 13 | 56 | 12 | x=((84+12)/8) | x 84 12 + 8 / = | x:marble 84:marble 12:marble +:marble 8:melanie /:marble =:marble
EXPR: 0 | POS | INT | 13 | 56 | 9 | x=((84-12)/8) | x 84 12 - 8 / = | x:marble 84:marble 12:marble -:marble 8:melanie /:marble =:marble
EXPR: 0 | POS | INT | 13 | 56 | 576 | (8*(84-12))=x | 8 84 12 - * x = | 8:melanie 84:marble 12:marble -:marble *:melanie x:melanie =:melanie
EXPR: 0 | POS | INT | 13 | 56 | 126 | x=(84*(12/8)) | x 84 12 8 / * = | x:dozen 84:marble 12:dozen 8:melanie /:dozen *:dozen =:dozen
EXPR: 0 | POS | INT | 13 | 56 | 768 | (8*(84+12))=x | 8 84 12 + * x = | 8:dozen 84:marble 12:marble +:marble *:dozen x:dozen =:dozen
EXPR: 0 | POS | INT | 13 | 56 | 576 | (8*(84-12))=x | 8 84 12 - * x = | 8:dozen 84:marble 12:marble -:marble *:dozen x:dozen =:dozen
EXPR: 0 | POS | INT | 13 | 56 | 126 | x=((84*12)/8) | x 84 12 * 8 / = | x:dozen 84:marble 12:dozen *:dozen 8:melanie /:dozen =:dozen
EXPR: 0 | POS | INT | 14 | 56 | 126 | 8=((84*12)/x) | 8 84 12 * x / = | 8:melanie 84:marble 12:melanie *:melanie x:dozen /:melanie =:melanie
EXPR: 1 | POS | INT | 14 | 56 | 56 | 84=((12/8)*x) | 84 12 8 / x * = | 84:marble 12:marble 8:dozen /:marble x:dozen *:marble =:marble
EXPR: 1 | POS | INT | 14 | 56 | 56 | 84=(12*(x/8)) | 84 12 x 8 / * = | 84:marble 12:marble x:dozen 8:marble /:dozen *:marble =:marble
EXPR: 0 | POS | INT | 14 | 56 | 9 | 84=(12+(x*8)) | 84 12 x 8 * + = | 84:marble 12:marble x:dozen 8:marble *:marble +:marble =:marble
EXPR: 0 | POS | INT | 14 | 56 | 12 | ((8*x)-84)=12 | 8 x * 84 - 12 = | 8:marble x:dozen *:marble 84:marble -:marble 12:marble =:marble
EXPR: 0 | POS | INT | 14 | 56 | 9 | ((84-12)/x)=8 | 84 12 - x / 8 = | 84:marble 12:marble -:marble x:dozen /:marble 8:marble =:marble
EXPR: 0 | POS | INT | 14 | 56 | 12 | ((x*8)-84)=12 | x 8 * 84 - 12 = | x:dozen 8:marble *:marble 84:marble -:marble 12:marble =:marble
EXPR: 0 | POS | INT | 14 | 56 | 12 | 8=((84+12)/x) | 8 84 12 + x / = | 8:marble 84:marble 12:marble +:marble x:dozen /:marble =:marble
EXPR: 0 | POS | INT | 14 | 56 | 126 | ((84/x)*12)=8 | 84 x / 12 * 8 = | 84:marble x:dozen /:marble 12:melanie *:melanie 8:melanie =:melanie
EXPR: 1 | POS | INT | 14 | 56 | 56 | 84=((12/8)*x) | 84 12 8 / x * = | 84:marble 12:marble 8:melanie /:marble x:melanie *:marble =:marble
EXPR: 0 | POS | INT | 14 | 56 | 126 | ((84*12)/x)=8 | 84 12 * x / 8 = | 84:marble 12:melanie *:melanie x:dozen /:melanie 8:melanie =:melanie
EXPR: 1 | POS | INT | 14 | 56 | 56 | 84=(x*(12/8)) | 84 x 12 8 / * = | 84:dozen x:dozen 12:marble 8:melanie /:marble *:dozen =:dozen
EXPR: 0 | POS | INT | 14 | 56 | 126 | ((84*12)/x)=8 | 84 12 * x / 8 = | 84:melanie 12:marble *:melanie x:dozen /:melanie 8:melanie =:melanie
EXPR: 1 | POS | INT | 14 | 56 | 56 | (84/x)=(12/8) | 84 x / 12 8 / = | 84:marble x:dozen /:marble 12:marble 8:melanie /:marble =:marble
EXPR: 1 | POS | INT | 14 | 56 | 56 | ((x/84)*12)=8 | x 84 / 12 * 8 = | x:melanie 84:marble /:melanie 12:marble *:melanie 8:melanie =:melanie
EXPR: 0 | POS | INT | 14 | 56 | 21 | (8+(84/x))=12 | 8 84 x / + 12 = | 8:marble 84:marble x:dozen /:marble +:marble 12:marble =:marble
EXPR: 0 | POS | INT | 14 | 56 | 126 | ((x*8)/84)=12 | x 8 * 84 / 12 = | x:dozen 8:melanie *:melanie 84:marble /:melanie 12:melanie =:melanie
EXPR: 0 | POS | INT | 14 | 56 | 126 | ((8*x)/84)=12 | 8 x * 84 / 12 = | 8:melanie x:dozen *:dozen 84:marble /:dozen 12:dozen =:dozen
EXPR: 0 | POS | INT | 14 | 56 | 126 | 8=(84*(12/x)) | 8 84 12 x / * = | 8:melanie 84:melanie 12:marble x:dozen /:marble *:melanie =:melanie
EXPR: 0 | POS | INT | 14 | 56 | 15 | 84=(12*(x-8)) | 84 12 x 8 - * = | 84:marble 12:marble x:dozen 8:dozen -:dozen *:marble =:marble
EXPR: 0 | POS | INT | 14 | 56 | 15 | 84=(12*(x-8)) | 84 12 x 8 - * = | 84:marble 12:marble x:melanie 8:melanie -:melanie *:marble =:marble
EXPR: 0 | POS | INT | 14 | 56 | 576 | 84=(12+(x/8)) | 84 12 x 8 / + = | 84:marble 12:marble x:marble 8:melanie /:marble +:marble =:marble
EXPR: 0 | POS | INT | 14 | 56 | 126 | 8=(84*(12/x)) | 8 84 12 x / * = | 8:melanie 84:marble 12:melanie x:dozen /:melanie *:melanie =:melanie
EXPR: 0 | POS | INT | 14 | 56 | 9 | 84=(12+(x*8)) | 84 12 x 8 * + = | 84:marble 12:marble x:marble 8:melanie *:marble +:marble =:marble
EXPR: 0 | POS | INT | 14 | 56 | 1 | 84=(12*(8-x)) | 84 12 8 x - * = | 84:marble 12:marble 8:melanie x:melanie -:melanie *:marble =:marble
EXPR: 0 | POS | INT | 14 | 56 | 126 | (84*(12/x))=8 | 84 12 x / * 8 = | 84:marble 12:melanie x:dozen /:melanie *:melanie 8:melanie =:melanie
EXPR: 0 | POS | INT | 14 | 56 | 126 | (x*(8/84))=12 | x 8 84 / * 12 = | x:dozen 8:melanie 84:marble /:melanie *:melanie 12:melanie =:melanie
EXPR: 0 | POS | INT | 14 | 56 | 126 | ((8/84)*x)=12 | 8 84 / x * 12 = | 8:melanie 84:marble /:melanie x:dozen *:melanie 12:melanie =:melanie
EXPR: 1 | POS | INT | 14 | 56 | 56 | 84=((12/8)*x) | 84 12 8 / x * = | 84:dozen 12:marble 8:melanie /:marble x:dozen *:dozen =:dozen
EXPR: 0 | POS | INT | 14 | 56 | 126 | 8=((84*12)/x) | 8 84 12 * x / = | 8:melanie 84:melanie 12:marble *:melanie x:dozen /:melanie =:melanie
EXPR: 0 | POS | INT | 14 | 56 | 126 | (8*(x/84))=12 | 8 x 84 / * 12 = | 8:melanie x:dozen 84:marble /:dozen *:melanie 12:melanie =:melanie
EXPR: 0 | POS | INT | 14 | 56 | 12 | ((8*x)-84)=12 | 8 x * 84 - 12 = | 8:melanie x:marble *:marble 84:marble -:marble 12:marble =:marble
EXPR: 0 | POS | INT | 14 | 56 | 126 | ((8/84)*x)=12 | 8 84 / x * 12 = | 8:melanie 84:marble /:melanie x:dozen *:dozen 12:dozen =:dozen
EXPR: 0 | POS | INT | 14 | 56 | 9 | 84=(12+(8*x)) | 84 12 8 x * + = | 84:marble 12:marble 8:melanie x:marble *:marble +:marble =:marble
EXPR: 0 | POS | INT | 14 | 56 | 684 | 84=((x-12)/8) | 84 x 12 - 8 / = | 84:marble x:marble 12:marble -:marble 8:melanie /:marble =:marble
EXPR: 0 | POS | INT | 14 | 56 | 660 | 84=((x+12)/8) | 84 x 12 + 8 / = | 84:marble x:marble 12:marble +:marble 8:melanie /:marble =:marble
EXPR: 0 | POS | INT | 14 | 56 | 768 | (x/(84+12))=8 | x 84 12 + / 8 = | x:melanie 84:marble 12:marble +:marble /:melanie 8:melanie =:melanie
EXPR: 0 | POS | INT | 14 | 56 | 9 | 8=((84-12)/x) | 8 84 12 - x / = | 8:marble 84:marble 12:marble -:marble x:dozen /:marble =:marble
EXPR: 0 | POS | INT | 14 | 56 | 126 | ((x*8)/84)=12 | x 8 * 84 / 12 = | x:dozen 8:melanie *:dozen 84:marble /:dozen 12:dozen =:dozen
EXPR: 0 | POS | INT | 14 | 56 | 768 | ((x/8)-84)=12 | x 8 / 84 - 12 = | x:marble 8:melanie /:marble 84:marble -:marble 12:marble =:marble
EXPR: 0 | POS | INT | 14 | 56 | 126 | 8=((84/x)*12) | 8 84 x / 12 * = | 8:melanie 84:marble x:dozen /:marble 12:melanie *:melanie =:melanie
EXPR: 1 | POS | INT | 14 | 56 | 56 | ((x/84)*12)=8 | x 84 / 12 * 8 = | x:dozen 84:marble /:dozen 12:marble *:marble 8:marble =:marble
EXPR: 0 | POS | INT | 15 | 56 | 12 | ((8*12)-84)=x | 8 12 * 84 - x = | 8:melanie 12:marble *:marble 84:marble -:marble x:marble =:marble
EXPR: 0 | POS | INT | 15 | 56 | 180 | ((8*12)+84)=x | 8 12 * 84 + x = | 8:melanie 12:marble *:marble 84:marble +:marble x:marble =:marble
EXPR: 0 | POS | INT | 15 | 56 | 12 | x=((8*12)-84) | x 8 12 * 84 - = | x:marble 8:melanie 12:marble *:marble 84:marble -:marble =:marble
EXPR: 0 | POS | INT | 15 | 56 | 126 | x=(12*(84/8)) | x 12 84 8 / * = | x:dozen 12:dozen 84:marble 8:melanie /:marble *:dozen =:dozen
EXPR: 0 | POS | INT | 15 | 56 | 126 | x=(12*(84/8)) | x 12 84 8 / * = | x:dozen 12:marble 84:dozen 8:melanie /:dozen *:dozen =:dozen
EXPR: 1 | POS | INT | 15 | 56 | 56 | ((8/12)*84)=x | 8 12 / 84 * x = | 8:dozen 12:marble /:dozen 84:marble *:dozen x:dozen =:dozen
EXPR: 1 | POS | INT | 15 | 56 | 56 | x=((8/12)*84) | x 8 12 / 84 * = | x:melanie 8:melanie 12:marble /:melanie 84:marble *:melanie =:melanie
EXPR: 0 | POS | INT | 15 | 56 | 126 | (12*(84/8))=x | 12 84 8 / * x = | 12:marble 84:dozen 8:melanie /:dozen *:dozen x:dozen =:dozen
EXPR: 0 | POS | INT | 15 | 56 | 126 | (12*(84/8))=x | 12 84 8 / * x = | 12:dozen 84:marble 8:melanie /:marble *:dozen x:dozen =:dozen
EXPR: 0 | POS | INT | 15 | 56 | 684 | x=(12+(84*8)) | x 12 84 8 * + = | x:marble 12:marble 84:marble 8:melanie *:marble +:marble =:marble
EXPR: 0 | POS | INT | 15 | 56 | 180 | x=((8*12)+84) | x 8 12 * 84 + = | x:marble 8:melanie 12:marble *:marble 84:marble +:marble =:marble
EXPR: 1 | POS | INT | 15 | 56 | 56 | x=((8/12)*84) | x 8 12 / 84 * = | x:dozen 8:melanie 12:marble /:melanie 84:dozen *:dozen =:dozen
EXPR: 1 | POS | INT | 15 | 56 | 56 | ((8/12)*84)=x | 8 12 / 84 * x = | 8:melanie 12:marble /:melanie 84:marble *:marble x:marble =:marble
EXPR: 0 | POS | INT | 16 | 56 | 180 | ((8*12)+84)=x | 8 12 * 84 + x = | 8:melanie 12:marble *:marble 84:marble +:marble x:marble =:marble
EXPR: 0 | POS | INT | 16 | 56 | 126 | x=(12*(84/8)) | x 12 84 8 / * = | x:dozen 12:marble 84:dozen 8:melanie /:dozen *:dozen =:dozen
EXPR: 1 | POS | INT | 16 | 56 | 56 | ((8/12)*84)=x | 8 12 / 84 * x = | 8:dozen 12:marble /:dozen 84:marble *:dozen x:dozen =:dozen
EXPR: 0 | POS | INT | 16 | 56 | 126 | (12*(84/8))=x | 12 84 8 / * x = | 12:dozen 84:marble 8:melanie /:marble *:dozen x:dozen =:dozen
EXPR: 0 | POS | INT | 16 | 56 | 12 | ((8*12)-84)=x | 8 12 * 84 - x = | 8:melanie 12:marble *:marble 84:marble -:marble x:marble =:marble
EXPR: 0 | POS | INT | 16 | 56 | 126 | (12*(84/8))=x | 12 84 8 / * x = | 12:marble 84:dozen 8:melanie /:dozen *:dozen x:dozen =:dozen
EXPR: 0 | POS | INT | 16 | 56 | 12 | x=((8*12)-84) | x 8 12 * 84 - = | x:marble 8:melanie 12:marble *:marble 84:marble -:marble =:marble
EXPR: 0 | POS | INT | 16 | 56 | 684 | x=(12+(84*8)) | x 12 84 8 * + = | x:marble 12:marble 84:marble 8:melanie *:marble +:marble =:marble
EXPR: 0 | POS | INT | 17 | 56 | 126 | (8*(x/12))=84 | 8 x 12 / * 84 = | 8:melanie x:dozen 12:marble /:dozen *:dozen 84:dozen =:dozen
EXPR: 0 | POS | INT | 17 | 56 | 12 | ((8*x)-12)=84 | 8 x * 12 - 84 = | 8:melanie x:marble *:marble 12:marble -:marble 84:marble =:marble
EXPR: 0 | POS | INT | 17 | 56 | 15 | ((x-8)*12)=84 | x 8 - 12 * 84 = | x:melanie 8:melanie -:melanie 12:marble *:marble 84:marble =:marble
EXPR: 0 | POS | INT | 17 | 56 | 126 | (8*(x/12))=84 | 8 x 12 / * 84 = | 8:melanie x:dozen 12:marble /:dozen *:melanie 84:melanie =:melanie
EXPR: 0 | POS | INT | 17 | 56 | 12 | ((x*8)-12)=84 | x 8 * 12 - 84 = | x:dozen 8:marble *:marble 12:marble -:marble 84:marble =:marble
EXPR: 0 | POS | INT | 17 | 56 | 9 | ((x*8)+12)=84 | x 8 * 12 + 84 = | x:dozen 8:marble *:marble 12:marble +:marble 84:marble =:marble
EXPR: 0 | POS | INT | 17 | 56 | 126 | ((8/12)*x)=84 | 8 12 / x * 84 = | 8:melanie 12:marble /:melanie x:dozen *:melanie 84:melanie =:melanie
EXPR: 1 | POS | INT | 17 | 56 | 56 | ((x/8)*12)=84 | x 8 / 12 * 84 = | x:dozen 8:marble /:dozen 12:marble *:marble 84:marble =:marble
EXPR: 0 | POS | INT | 17 | 56 | 15 | ((x-8)*12)=84 | x 8 - 12 * 84 = | x:dozen 8:dozen -:dozen 12:marble *:marble 84:marble =:marble
EXPR: 1 | POS | INT | 17 | 56 | 56 | ((12*x)/84)=8 | 12 x * 84 / 8 = | 12:marble x:melanie *:melanie 84:marble /:melanie 8:melanie =:melanie
EXPR: 0 | POS | INT | 17 | 56 | 126 | ((8/12)*x)=84 | 8 12 / x * 84 = | 8:melanie 12:marble /:melanie x:marble *:marble 84:marble =:marble
EXPR: 0 | POS | INT | 17 | 56 | 21 | (12-(84/x))=8 | 12 84 x / - 8 = | 12:marble 84:marble x:dozen /:marble -:marble 8:marble =:marble
EXPR: 0 | POS | INT | 17 | 56 | 9 | ((8*x)+12)=84 | 8 x * 12 + 84 = | 8:melanie x:marble *:marble 12:marble +:marble 84:marble =:marble
EXPR: 0 | POS | INT | 17 | 56 | 1 | ((8-x)*12)=84 | 8 x - 12 * 84 = | 8:dozen x:dozen -:dozen 12:marble *:marble 84:marble =:marble
EXPR: 1 | POS | INT | 17 | 56 | 56 | 8=(12*(x/84)) | 8 12 x 84 / * = | 8:melanie 12:marble x:melanie 84:marble /:melanie *:melanie =:melanie
EXPR: 1 | POS | INT | 17 | 56 | 56 | 8=((12*x)/84) | 8 12 x * 84 / = | 8:melanie 12:melanie x:dozen *:melanie 84:marble /:melanie =:melanie
EXPR: 0 | POS | INT | 17 | 56 | 126 | (12*(84/x))=8 | 12 84 x / * 8 = | 12:marble 84:melanie x:dozen /:melanie *:melanie 8:melanie =:melanie
EXPR: 0 | POS | INT | 17 | 56 | 9 | ((8*x)+12)=84 | 8 x * 12 + 84 = | 8:marble x:dozen *:marble 12:marble +:marble 84:marble =:marble
EXPR: 1 | POS | INT | 17 | 56 | 56 | (12*x)=(84*8) | 12 x * 84 8 * = | 12:marble x:dozen *:marble 84:marble 8:melanie *:marble =:marble
EXPR: 0 | POS | INT | 17 | 56 | 126 | (8*(x/12))=84 | 8 x 12 / * 84 = | 8:marble x:dozen 12:marble /:dozen *:marble 84:marble =:marble
EXPR: 1 | POS | INT | 17 | 56 | 56 | ((x/8)*12)=84 | x 8 / 12 * 84 = | x:dozen 8:melanie /:dozen 12:marble *:dozen 84:dozen =:dozen
EXPR: 0 | POS | INT | 17 | 56 | 126 | ((8*x)/12)=84 | 8 x * 12 / 84 = | 8:melanie x:dozen *:melanie 12:marble /:melanie 84:melanie =:melanie
EXPR: 0 | POS | INT | 17 | 56 | 126 | ((12/8)*84)=x | 12 8 / 84 * x = | 12:dozen 8:melanie /:dozen 84:marble *:dozen x:dozen =:dozen
EXPR: 1 | POS | INT | 17 | 56 | 56 | ((12*x)/84)=8 | 12 x * 84 / 8 = | 12:melanie x:dozen *:melanie 84:marble /:melanie 8:melanie =:melanie
EXPR: 1 | POS | INT | 17 | 56 | 56 | 8=(12*(x/84)) | 8 12 x 84 / * = | 8:melanie 12:melanie x:dozen 84:marble /:dozen *:melanie =:melanie
EXPR: 0 | POS | INT | 17 | 56 | 12 | ((8*x)-12)=84 | 8 x * 12 - 84 = | 8:marble x:dozen *:marble 12:marble -:marble 84:marble =:marble
EXPR: 0 | POS | INT | 17 | 56 | 126 | ((x*8)/12)=84 | x 8 * 12 / 84 = | x:dozen 8:melanie *:dozen 12:marble /:dozen 84:dozen =:dozen
EXPR: 1 | POS | INT | 17 | 56 | 56 | 8=((x*12)/84) | 8 x 12 * 84 / = | 8:melanie x:melanie 12:marble *:melanie 84:marble /:melanie =:melanie
EXPR: 1 | POS | INT | 17 | 56 | 56 | (x*12)=(84*8) | x 12 * 84 8 * = | x:dozen 12:marble *:marble 84:marble 8:melanie *:marble =:marble
EXPR: 0 | POS | INT | 17 | 56 | 9 | 12=(84-(x*8)) | 12 84 x 8 * - = | 12:marble 84:marble x:dozen 8:marble *:marble -:marble =:marble
EXPR: 1 | POS | INT | 17 | 56 | 56 | 8=(12*(x/84)) | 8 12 x 84 / * = | 8:marble 12:marble x:dozen 84:marble /:dozen *:marble =:marble
EXPR: 0 | POS | INT | 17 | 56 | 126 | x=((12/8)*84) | x 12 8 / 84 * = | x:dozen 12:dozen 8:melanie /:dozen 84:marble *:dozen =:dozen
EXPR: 0 | POS | INT | 17 | 56 | 126 | ((8*x)/12)=84 | 8 x * 12 / 84 = | 8:melanie x:dozen *:dozen 12:marble /:dozen 84:dozen =:dozen
EXPR: 1 | POS | INT | 17 | 56 | 56 | ((x*12)/84)=8 | x 12 * 84 / 8 = | x:melanie 12:marble *:melanie 84:marble /:melanie 8:melanie =:melanie
EXPR: 1 | POS | INT | 17 | 56 | 56 | 8=(x*(12/84)) | 8 x 12 84 / * = | 8:melanie x:dozen 12:melanie 84:marble /:melanie *:melanie =:melanie
EXPR: 1 | POS | INT | 17 | 56 | 56 | (12*(x/84))=8 | 12 x 84 / * 8 = | 12:melanie x:dozen 84:marble /:dozen *:melanie 8:melanie =:melanie
EXPR: 1 | POS | INT | 17 | 56 | 56 | ((12*x)/84)=8 | 12 x * 84 / 8 = | 12:marble x:dozen *:dozen 84:marble /:dozen 8:dozen =:dozen
EXPR: 1 | POS | INT | 17 | 56 | 56 | 8=((12*x)/84) | 8 12 x * 84 / = | 8:melanie 12:marble x:melanie *:melanie 84:marble /:melanie =:melanie
EXPR: 0 | POS | INT | 17 | 56 | 126 | ((12/x)*84)=8 | 12 x / 84 * 8 = | 12:marble x:dozen /:marble 84:melanie *:melanie 8:melanie =:melanie
EXPR: 1 | POS | INT | 17 | 56 | 56 | ((12/84)*x)=8 | 12 84 / x * 8 = | 12:melanie 84:marble /:melanie x:dozen *:melanie 8:melanie =:melanie
EXPR: 0 | POS | INT | 17 | 56 | 126 | (12*(84/x))=8 | 12 84 x / * 8 = | 12:melanie 84:marble x:dozen /:marble *:melanie 8:melanie =:melanie
EXPR: 0 | POS | INT | 17 | 56 | 126 | ((x*8)/12)=84 | x 8 * 12 / 84 = | x:dozen 8:melanie *:melanie 12:marble /:melanie 84:melanie =:melanie
EXPR: 1 | POS | INT | 17 | 56 | 56 | 12=((84/x)*8) | 12 84 x / 8 * = | 12:melanie 84:marble x:dozen /:marble 8:melanie *:melanie =:melanie
EXPR: 0 | POS | INT | 17 | 56 | 126 | ((8/12)*x)=84 | 8 12 / x * 84 = | 8:melanie 12:marble /:melanie x:dozen *:dozen 84:dozen =:dozen
EXPR: 1 | POS | INT | 17 | 56 | 56 | (12*(x/84))=8 | 12 x 84 / * 8 = | 12:marble x:dozen 84:marble /:dozen *:marble 8:marble =:marble
EXPR: 1 | POS | INT | 17 | 56 | 56 | ((x*12)/84)=8 | x 12 * 84 / 8 = | x:dozen 12:melanie *:melanie 84:marble /:melanie 8:melanie =:melanie
EXPR: 0 | POS | INT | 18 | 56 | 126 | ((12/8)*84)=x | 12 8 / 84 * x = | 12:dozen 8:melanie /:dozen 84:marble *:dozen x:dozen =:dozen
EXPR: 0 | POS | INT | 18 | 56 | 126 | x=((12/8)*84) | x 12 8 / 84 * = | x:dozen 12:dozen 8:melanie /:dozen 84:marble *:dozen =:dozen
EXPR: 0 | POS | INT | 19 | 56 | 126 | ((x/12)*8)=84 | x 12 / 8 * 84 = | x:dozen 12:marble /:dozen 8:marble *:marble 84:marble =:marble
EXPR: 0 | POS | INT | 19 | 56 | 21 | ((12-8)*x)=84 | 12 8 - x * 84 = | 12:marble 8:marble -:marble x:dozen *:marble 84:marble =:marble
EXPR: 1 | POS | INT | 19 | 56 | 56 | ((12/8)*x)=84 | 12 8 / x * 84 = | 12:marble 8:dozen /:marble x:dozen *:marble 84:marble =:marble
EXPR: 0 | POS | INT | 19 | 56 | 9 | (12+(8*x))=84 | 12 8 x * + 84 = | 12:marble 8:marble x:dozen *:marble +:marble 84:marble =:marble
EXPR: 1 | POS | INT | 19 | 56 | 56 | ((x*12)/8)=84 | x 12 * 8 / 84 = | x:dozen 12:marble *:marble 8:dozen /:marble 84:marble =:marble
EXPR: 1 | POS | INT | 19 | 56 | 56 | ((x*12)/8)=84 | x 12 * 8 / 84 = | x:melanie 12:marble *:marble 8:melanie /:marble 84:marble =:marble
EXPR: 0 | POS | INT | 19 | 56 | 126 | 12=((8*x)/84) | 12 8 x * 84 / = | 12:melanie 8:melanie x:dozen *:melanie 84:marble /:melanie =:melanie
EXPR: 0 | POS | INT | 19 | 56 | 126 | 12=(8*(x/84)) | 12 8 x 84 / * = | 12:marble 8:marble x:dozen 84:marble /:dozen *:marble =:marble
EXPR: 0 | POS | INT | 19 | 56 | 1 | (12*(8-x))=84 | 12 8 x - * 84 = | 12:marble 8:dozen x:dozen -:dozen *:marble 84:marble =:marble
EXPR: 1 | POS | INT | 19 | 56 | 56 | ((12/8)*x)=84 | 12 8 / x * 84 = | 12:marble 8:melanie /:marble x:melanie *:marble 84:marble =:marble
EXPR: 1 | POS | INT | 19 | 56 | 56 | ((12*x)/8)=84 | 12 x * 8 / 84 = | 12:marble x:dozen *:dozen 8:melanie /:dozen 84:dozen =:dozen
EXPR: 1 | POS | INT | 19 | 56 | 56 | 12=((8/x)*84) | 12 8 x / 84 * = | 12:marble 8:melanie x:marble /:melanie 84:marble *:marble =:marble
EXPR: 0 | POS | INT | 19 | 56 | 9 | (12+(x*8))=84 | 12 x 8 * + 84 = | 12:marble x:dozen 8:marble *:marble +:marble 84:marble =:marble
EXPR: 1 | POS | INT | 19 | 56 | 56 | ((12*x)/8)=84 | 12 x * 8 / 84 = | 12:marble x:dozen *:marble 8:dozen /:marble 84:marble =:marble
EXPR: 1 | POS | INT | 19 | 56 | 56 | (12*(x/8))=84 | 12 x 8 / * 84 = | 12:marble x:dozen 8:marble /:dozen *:marble 84:marble =:marble
EXPR: 1 | POS | INT | 19 | 56 | 56 | 12=(8*(84/x)) | 12 8 84 x / * = | 12:melanie 8:melanie 84:marble x:dozen /:marble *:melanie =:melanie
EXPR: 0 | POS | INT | 19 | 56 | 126 | 12=(8*(x/84)) | 12 8 x 84 / * = | 12:dozen 8:melanie x:dozen 84:marble /:dozen *:dozen =:dozen
EXPR: 0 | POS | INT | 19 | 56 | 15 | (12*(x-8))=84 | 12 x 8 - * 84 = | 12:marble x:dozen 8:dozen -:dozen *:marble 84:marble =:marble
EXPR: 0 | POS | INT | 19 | 56 | 15 | (12*(x-8))=84 | 12 x 8 - * 84 = | 12:marble x:melanie 8:melanie -:melanie *:marble 84:marble =:marble
EXPR: 0 | POS | INT | 19 | 56 | 576 | (12+(x/8))=84 | 12 x 8 / + 84 = | 12:marble x:marble 8:melanie /:marble +:marble 84:marble =:marble
EXPR: 1 | POS | INT | 19 | 56 | 56 | ((12/8)*x)=84 | 12 8 / x * 84 = | 12:marble 8:melanie /:marble x:dozen *:dozen 84:dozen =:dozen
EXPR: 0 | POS | INT | 19 | 56 | 9 | (12+(x*8))=84 | 12 x 8 * + 84 = | 12:marble x:marble 8:melanie *:marble +:marble 84:marble =:marble
EXPR: 0 | POS | INT | 19 | 56 | 21 | (x*(12-8))=84 | x 12 8 - * 84 = | x:dozen 12:marble 8:marble -:marble *:marble 84:marble =:marble
EXPR: 0 | POS | INT | 19 | 56 | 12 | 12=((8*x)-84) | 12 8 x * 84 - = | 12:marble 8:melanie x:marble *:marble 84:marble -:marble =:marble
EXPR: 1 | POS | INT | 19 | 56 | 56 | ((x*12)/8)=84 | x 12 * 8 / 84 = | x:dozen 12:marble *:dozen 8:melanie /:dozen 84:dozen =:dozen
EXPR: 0 | POS | INT | 19 | 56 | 126 | 12=((8*x)/84) | 12 8 x * 84 / = | 12:dozen 8:melanie x:dozen *:dozen 84:marble /:dozen =:dozen
EXPR: 0 | POS | INT | 20 | 56 | 660 | ((84*8)-12)=x | 84 8 * 12 - x = | 84:marble 8:dozen *:dozen 12:dozen -:dozen x:dozen =:dozen
EXPR: 0 | POS | INT | 20 | 56 | 660 | ((84*8)-12)=x | 84 8 * 12 - x = | 84:dozen 8:melanie *:dozen 12:dozen -:dozen x:dozen =:dozen
EXPR: 1 | POS | INT | 20 | 56 | 56 | ((84*8)/12)=x | 84 8 * 12 / x = | 84:marble 8:melanie *:melanie 12:dozen /:melanie x:melanie =:melanie
EXPR: 0 | POS | INT | 20 | 56 | 684 | ((84*8)+12)=x | 84 8 * 12 + x = | 84:marble 8:melanie *:melanie 12:melanie +:melanie x:melanie =:melanie
EXPR: 1 | POS | INT | 20 | 56 | 56 | x=((84*8)/12) | x 84 8 * 12 / = | x:dozen 84:dozen 8:melanie *:dozen 12:melanie /:dozen =:dozen
EXPR: 0 | POS | INT | 20 | 56 | 126 | ((84/8)*12)=x | 84 8 / 12 * x = | 84:marble 8:melanie /:marble 12:melanie *:melanie x:melanie =:melanie
EXPR: 0 | POS | INT | 20 | 56 | 88 | x=((84-8)+12) | x 84 8 - 12 + = | x:marble 84:marble 8:marble -:marble 12:marble +:marble =:marble
EXPR: 0 | POS | INT | 20 | 56 | 1104 | ((84+8)*12)=x | 84 8 + 12 * x = | 84:dozen 8:dozen +:dozen 12:marble *:dozen x:dozen =:dozen
EXPR: 0 | POS | INT | 20 | 56 | 180 | x=(84+(8*12)) | x 84 8 12 * + = | x:dozen 84:dozen 8:melanie 12:dozen *:dozen +:dozen =:dozen
EXPR: 0 | POS | INT | 20 | 56 | 126 | x=((84/8)*12) | x 84 8 / 12 * = | x:dozen 84:dozen 8:melanie /:dozen 12:melanie *:dozen =:dozen
EXPR: 0 | POS | INT | 20 | 56 | 1104 | x=((84+8)*12) | x 84 8 + 12 * = | x:dozen 84:dozen 8:dozen +:dozen 12:marble *:dozen =:dozen
EXPR: 0 | POS | INT | 20 | 56 | 912 | x=((84-8)*12) | x 84 8 - 12 * = | x:dozen 84:dozen 8:dozen -:dozen 12:marble *:dozen =:dozen
EXPR: 1 | POS | INT | 20 | 56 | 56 | ((84*8)/12)=x | 84 8 * 12 / x = | 84:marble 8:dozen *:dozen 12:melanie /:dozen x:dozen =:dozen
EXPR: 0 | POS | INT | 20 | 56 | 126 | x=((84/8)*12) | x 84 8 / 12 * = | x:dozen 84:dozen 8:marble /:dozen 12:marble *:dozen =:dozen
EXPR: 1 | POS | INT | 20 | 56 | 56 | ((84*8)/12)=x | 84 8 * 12 / x = | 84:melanie 8:dozen *:dozen 12:marble /:dozen x:dozen =:dozen
EXPR: 0 | POS | INT | 20 | 56 | 660 | x=((84*8)-12) | x 84 8 * 12 - = | x:melanie 84:marble 8:melanie *:melanie 12:melanie -:melanie =:melanie
EXPR: 0 | POS | INT | 20 | 56 | 684 | x=((84*8)+12) | x 84 8 * 12 + = | x:melanie 84:marble 8:melanie *:melanie 12:melanie +:melanie =:melanie
EXPR: 0 | POS | INT | 20 | 56 | 912 | ((84-8)*12)=x | 84 8 - 12 * x = | 84:dozen 8:dozen -:dozen 12:marble *:dozen x:dozen =:dozen
EXPR: 1 | POS | INT | 20 | 56 | 56 | x=((84*8)/12) | x 84 8 * 12 / = | x:melanie 84:marble 8:melanie *:melanie 12:dozen /:melanie =:melanie
EXPR: 1 | POS | INT | 20 | 56 | 56 | x=((84*8)/12) | x 84 8 * 12 / = | x:melanie 84:dozen 8:melanie *:melanie 12:marble /:melanie =:melanie
EXPR: 0 | POS | INT | 20 | 56 | 1680 | x=(84*(8+12)) | x 84 8 12 + * = | x:dozen 84:dozen 8:melanie 12:melanie +:melanie *:dozen =:dozen
EXPR: 0 | POS | INT | 20 | 56 | 126 | x=((84/8)*12) | x 84 8 / 12 * = | x:melanie 84:marble 8:melanie /:marble 12:melanie *:melanie =:melanie
EXPR: 0 | POS | INT | 20 | 56 | 1680 | x=(84*(8+12)) | x 84 8 12 + * = | x:dozen 84:marble 8:dozen 12:dozen +:dozen *:dozen =:dozen
EXPR: 0 | POS | INT | 20 | 56 | 660 | ((84*8)-12)=x | 84 8 * 12 - x = | 84:marble 8:melanie *:melanie 12:melanie -:melanie x:melanie =:melanie
EXPR: 1 | POS | INT | 20 | 56 | 56 | ((84*8)/12)=x | 84 8 * 12 / x = | 84:dozen 8:marble *:dozen 12:marble /:dozen x:dozen =:dozen
EXPR: 1 | POS | INT | 20 | 56 | 56 | ((84*8)/12)=x | 84 8 * 12 / x = | 84:dozen 8:melanie *:dozen 12:melanie /:dozen x:dozen =:dozen
EXPR: 0 | POS | INT | 20 | 56 | 126 | ((84/8)*12)=x | 84 8 / 12 * x = | 84:dozen 8:marble /:dozen 12:marble *:dozen x:dozen =:dozen
EXPR: 0 | POS | INT | 20 | 56 | 126 | ((84/8)*12)=x | 84 8 / 12 * x = | 84:dozen 8:melanie /:dozen 12:melanie *:dozen x:dozen =:dozen
EXPR: 0 | POS | INT | 20 | 56 | 80 | x=(84+(8-12)) | x 84 8 12 - + = | x:marble 84:marble 8:marble 12:marble -:marble +:marble =:marble
EXPR: 0 | POS | INT | 20 | 56 | 88 | x=(84-(8-12)) | x 84 8 12 - - = | x:marble 84:marble 8:marble 12:marble -:marble -:marble =:marble
EXPR: 1 | POS | INT | 20 | 56 | 56 | (84*(8/12))=x | 84 8 12 / * x = | 84:melanie 8:dozen 12:marble /:dozen *:dozen x:dozen =:dozen
EXPR: 1 | POS | INT | 20 | 56 | 56 | x=(84*(8/12)) | x 84 8 12 / * = | x:marble 84:marble 8:dozen 12:marble /:dozen *:marble =:marble
EXPR: 1 | POS | INT | 20 | 56 | 56 | (84*(8/12))=x | 84 8 12 / * x = | 84:marble 8:dozen 12:melanie /:dozen *:dozen x:dozen =:dozen
EXPR: 0 | POS | INT | 20 | 56 | 64 | x=((84-8)-12) | x 84 8 - 12 - = | x:marble 84:marble 8:marble -:marble 12:marble -:marble =:marble
EXPR: 1 | POS | INT | 20 | 56 | 56 | x=(84*(8/12)) | x 84 8 12 / * = | x:dozen 84:marble 8:dozen 12:melanie /:dozen *:dozen =:dozen
EXPR: 1 | POS | INT | 20 | 56 | 56 | x=(84*(8/12)) | x 84 8 12 / * = | x:dozen 84:melanie 8:dozen 12:marble /:dozen *:dozen =:dozen
EXPR: 0 | POS | INT | 20 | 56 | 684 | ((84*8)+12)=x | 84 8 * 12 + x = | 84:marble 8:dozen *:marble 12:marble +:marble x:marble =:marble
EXPR: 0 | POS | INT | 20 | 56 | 64 | ((84-8)-12)=x | 84 8 - 12 - x = | 84:marble 8:marble -:marble 12:marble -:marble x:marble =:marble
EXPR: 0 | POS | INT | 20 | 56 | 88 | ((84-8)+12)=x | 84 8 - 12 + x = | 84:marble 8:marble -:marble 12:marble +:marble x:marble =:marble
EXPR: 1 | POS | INT | 20 | 56 | 56 | x=(84*(8/12)) | x 84 8 12 / * = | x:marble 84:marble 8:melanie 12:dozen /:melanie *:marble =:marble
EXPR: 0 | POS | INT | 20 | 56 | 180 | x=(84+(8*12)) | x 84 8 12 * + = | x:dozen 84:dozen 8:dozen 12:marble *:dozen +:dozen =:dozen
EXPR: 0 | POS | INT | 20 | 56 | 104 | x=(84+(8+12)) | x 84 8 12 + + = | x:marble 84:marble 8:marble 12:marble +:marble +:marble =:marble
EXPR: 0 | POS | INT | 20 | 56 | 64 | x=(84-(8+12)) | x 84 8 12 + - = | x:marble 84:marble 8:marble 12:marble +:marble -:marble =:marble
EXPR: 0 | POS | INT | 20 | 56 | 684 | ((84*8)+12)=x | 84 8 * 12 + x = | 84:marble 8:dozen *:dozen 12:dozen +:dozen x:dozen =:dozen
EXPR: 0 | POS | INT | 20 | 56 | 1104 | x=((84+8)*12) | x 84 8 + 12 * = | x:dozen 84:melanie 8:melanie +:melanie 12:dozen *:dozen =:dozen
EXPR: 0 | POS | INT | 20 | 56 | 1104 | x=((84+8)*12) | x 84 8 + 12 * = | x:dozen 84:marble 8:marble +:marble 12:dozen *:dozen =:dozen
EXPR: 0 | POS | INT | 20 | 56 | 912 | x=((84-8)*12) | x 84 8 - 12 * = | x:dozen 84:melanie 8:melanie -:melanie 12:dozen *:dozen =:dozen
EXPR: 0 | POS | INT | 20 | 56 | 912 | x=((84-8)*12) | x 84 8 - 12 * = | x:dozen 84:marble 8:marble -:marble 12:dozen *:dozen =:dozen
EXPR: 0 | POS | INT | 20 | 56 | 126 | x=((84/8)*12) | x 84 8 / 12 * = | x:marble 84:dozen 8:melanie /:dozen 12:marble *:marble =:marble
EXPR: 1 | POS | INT | 20 | 56 | 56 | ((84*8)/12)=x | 84 8 * 12 / x = | 84:marble 8:melanie *:marble 12:melanie /:marble x:marble =:marble
EXPR: 1 | POS | INT | 20 | 56 | 56 | ((84*8)/12)=x | 84 8 * 12 / x = | 84:marble 8:melanie *:marble 12:dozen /:marble x:marble =:marble
EXPR: 0 | POS | INT | 20 | 56 | 1104 | ((84+8)*12)=x | 84 8 + 12 * x = | 84:melanie 8:melanie +:melanie 12:dozen *:dozen x:dozen =:dozen
EXPR: 0 | POS | INT | 20 | 56 | 1104 | ((84+8)*12)=x | 84 8 + 12 * x = | 84:marble 8:marble +:marble 12:dozen *:dozen x:dozen =:dozen
EXPR: 0 | POS | INT | 20 | 56 | 912 | x=((84-8)*12) | x 84 8 - 12 * = | x:marble 84:melanie 8:melanie -:melanie 12:marble *:marble =:marble
EXPR: 0 | POS | INT | 20 | 56 | 1104 | x=((84+8)*12) | x 84 8 + 12 * = | x:marble 84:melanie 8:melanie +:melanie 12:marble *:marble =:marble
EXPR: 0 | POS | INT | 20 | 56 | 80 | x=((84+8)-12) | x 84 8 + 12 - = | x:marble 84:marble 8:marble +:marble 12:marble -:marble =:marble
EXPR: 0 | POS | INT | 20 | 56 | 180 | x=(84+(8*12)) | x 84 8 12 * + = | x:marble 84:marble 8:dozen 12:marble *:marble +:marble =:marble
EXPR: 0 | POS | INT | 20 | 56 | 1680 | x=(84*(8+12)) | x 84 8 12 + * = | x:marble 84:marble 8:melanie 12:melanie +:melanie *:marble =:marble
EXPR: 0 | POS | INT | 20 | 56 | 1680 | x=(84*(8+12)) | x 84 8 12 + * = | x:melanie 84:marble 8:melanie 12:melanie +:melanie *:melanie =:melanie
EXPR: 0 | POS | INT | 20 | 56 | 126 | x=((84/8)*12) | x 84 8 / 12 * = | x:dozen 84:marble 8:dozen /:marble 12:dozen *:dozen =:dozen
EXPR: 0 | POS | INT | 20 | 56 | 1680 | (84*(8+12))=x | 84 8 12 + * x = | 84:dozen 8:marble 12:marble +:marble *:dozen x:dozen =:dozen
EXPR: 0 | POS | INT | 20 | 56 | 660 | x=((84*8)-12) | x 84 8 * 12 - = | x:dozen 84:marble 8:dozen *:dozen 12:dozen -:dozen =:dozen
EXPR: 0 | POS | INT | 20 | 56 | 684 | x=((84*8)+12) | x 84 8 * 12 + = | x:dozen 84:marble 8:dozen *:dozen 12:dozen +:dozen =:dozen
EXPR: 1 | POS | INT | 20 | 56 | 56 | x=((84*8)/12) | x 84 8 * 12 / = | x:dozen 84:dozen 8:marble *:dozen 12:marble /:dozen =:dozen
EXPR: 1 | POS | INT | 20 | 56 | 56 | ((84*8)/12)=x | 84 8 * 12 / x = | 84:dozen 8:melanie *:melanie 12:marble /:melanie x:melanie =:melanie
EXPR: 0 | POS | INT | 20 | 56 | 660 | x=((84*8)-12) | x 84 8 * 12 - = | x:dozen 84:dozen 8:melanie *:dozen 12:dozen -:dozen =:dozen
EXPR: 0 | POS | INT | 21 | 56 | 684 | ((84*8)+12)=x | 84 8 * 12 + x = | 84:marble 8:melanie *:melanie 12:melanie +:melanie x:melanie =:melanie
EXPR: 0 | POS | INT | 21 | 56 | 126 | ((84/8)*12)=x | 84 8 / 12 * x = | 84:marble 8:melanie /:marble 12:melanie *:melanie x:melanie =:melanie
EXPR: 0 | POS | INT | 21 | 56 | 1104 | x=((84+8)*12) | x 84 8 + 12 * = | x:dozen 84:dozen 8:dozen +:dozen 12:marble *:dozen =:dozen
EXPR: 1 | POS | INT | 21 | 56 | 56 | ((84*8)/12)=x | 84 8 * 12 / x = | 84:marble 8:dozen *:dozen 12:melanie /:dozen x:dozen =:dozen
EXPR: 0 | POS | INT | 21 | 56 | 684 | x=((84*8)+12) | x 84 8 * 12 + = | x:melanie 84:marble 8:melanie *:melanie 12:melanie +:melanie =:melanie
EXPR: 1 | POS | INT | 21 | 56 | 56 | ((84*8)/12)=x | 84 8 * 12 / x = | 84:melanie 8:dozen *:dozen 12:marble /:dozen x:dozen =:dozen
EXPR: 0 | POS | INT | 21 | 56 | 1104 | ((84+8)*12)=x | 84 8 + 12 * x = | 84:dozen 8:dozen +:dozen 12:marble *:dozen x:dozen =:dozen
EXPR: 0 | POS | INT | 21 | 56 | 126 | x=((84/8)*12) | x 84 8 / 12 * = | x:dozen 84:dozen 8:marble /:dozen 12:marble *:dozen =:dozen
EXPR: 0 | POS | INT | 21 | 56 | 1680 | x=(84*(8+12)) | x 84 8 12 + * = | x:dozen 84:dozen 8:melanie 12:melanie +:melanie *:dozen =:dozen
EXPR: 1 | POS | INT | 21 | 56 | 56 | x=((84*8)/12) | x 84 8 * 12 / = | x:melanie 84:marble 8:melanie *:melanie 12:dozen /:melanie =:melanie
EXPR: 1 | POS | INT | 21 | 56 | 56 | x=((84*8)/12) | x 84 8 * 12 / = | x:melanie 84:dozen 8:melanie *:melanie 12:marble /:melanie =:melanie
EXPR: 0 | POS | INT | 21 | 56 | 912 | x=((84-8)*12) | x 84 8 - 12 * = | x:dozen 84:dozen 8:dozen -:dozen 12:marble *:dozen =:dozen
EXPR: 0 | POS | INT | 21 | 56 | 660 | ((84*8)-12)=x | 84 8 * 12 - x = | 84:marble 8:melanie *:melanie 12:melanie -:melanie x:melanie =:melanie
EXPR: 0 | POS | INT | 21 | 56 | 1680 | x=(84*(8+12)) | x 84 8 12 + * = | x:dozen 84:marble 8:dozen 12:dozen +:dozen *:dozen =:dozen
EXPR: 1 | POS | INT | 21 | 56 | 56 | ((84*8)/12)=x | 84 8 * 12 / x = | 84:dozen 8:marble *:dozen 12:marble /:dozen x:dozen =:dozen
EXPR: 1 | POS | INT | 21 | 56 | 56 | ((84*8)/12)=x | 84 8 * 12 / x = | 84:dozen 8:melanie *:dozen 12:melanie /:dozen x:dozen =:dozen
EXPR: 0 | POS | INT | 21 | 56 | 88 | x=(84-(8-12)) | x 84 8 12 - - = | x:marble 84:marble 8:marble 12:marble -:marble -:marble =:marble
EXPR: 0 | POS | INT | 21 | 56 | 126 | ((84/8)*12)=x | 84 8 / 12 * x = | 84:dozen 8:marble /:dozen 12:marble *:dozen x:dozen =:dozen
EXPR: 1 | POS | INT | 21 | 56 | 56 | x=(84*(8/12)) | x 84 8 12 / * = | x:marble 84:marble 8:dozen 12:marble /:dozen *:marble =:marble
EXPR: 0 | POS | INT | 21 | 56 | 80 | x=(84+(8-12)) | x 84 8 12 - + = | x:marble 84:marble 8:marble 12:marble -:marble +:marble =:marble
EXPR: 1 | POS | INT | 21 | 56 | 56 | (84*(8/12))=x | 84 8 12 / * x = | 84:melanie 8:dozen 12:marble /:dozen *:dozen x:dozen =:dozen
EXPR: 1 | POS | INT | 21 | 56 | 56 | (84*(8/12))=x | 84 8 12 / * x = | 84:marble 8:dozen 12:melanie /:dozen *:dozen x:dozen =:dozen
EXPR: 0 | POS | INT | 21 | 56 | 64 | x=((84-8)-12) | x 84 8 - 12 - = | x:marble 84:marble 8:marble -:marble 12:marble -:marble =:marble
EXPR: 0 | POS | INT | 21 | 56 | 88 | x=((84-8)+12) | x 84 8 - 12 + = | x:marble 84:marble 8:marble -:marble 12:marble +:marble =:marble
EXPR: 0 | POS | INT | 21 | 56 | 180 | x=(84+(8*12)) | x 84 8 12 * + = | x:dozen 84:dozen 8:melanie 12:dozen *:dozen +:dozen =:dozen
EXPR: 1 | POS | INT | 21 | 56 | 56 | x=(84*(8/12)) | x 84 8 12 / * = | x:dozen 84:marble 8:dozen 12:melanie /:dozen *:dozen =:dozen
EXPR: 0 | POS | INT | 21 | 56 | 684 | ((84*8)+12)=x | 84 8 * 12 + x = | 84:marble 8:dozen *:marble 12:marble +:marble x:marble =:marble
EXPR: 0 | POS | INT | 21 | 56 | 912 | ((84-8)*12)=x | 84 8 - 12 * x = | 84:dozen 8:dozen -:dozen 12:marble *:dozen x:dozen =:dozen
EXPR: 0 | POS | INT | 21 | 56 | 64 | ((84-8)-12)=x | 84 8 - 12 - x = | 84:marble 8:marble -:marble 12:marble -:marble x:marble =:marble
EXPR: 0 | POS | INT | 21 | 56 | 88 | ((84-8)+12)=x | 84 8 - 12 + x = | 84:marble 8:marble -:marble 12:marble +:marble x:marble =:marble
EXPR: 1 | POS | INT | 21 | 56 | 56 | x=(84*(8/12)) | x 84 8 12 / * = | x:marble 84:marble 8:melanie 12:dozen /:melanie *:marble =:marble
EXPR: 0 | POS | INT | 21 | 56 | 104 | x=(84+(8+12)) | x 84 8 12 + + = | x:marble 84:marble 8:marble 12:marble +:marble +:marble =:marble
EXPR: 0 | POS | INT | 21 | 56 | 684 | ((84*8)+12)=x | 84 8 * 12 + x = | 84:marble 8:dozen *:dozen 12:dozen +:dozen x:dozen =:dozen
EXPR: 0 | POS | INT | 21 | 56 | 1104 | x=((84+8)*12) | x 84 8 + 12 * = | x:dozen 84:melanie 8:melanie +:melanie 12:dozen *:dozen =:dozen
EXPR: 0 | POS | INT | 21 | 56 | 126 | x=((84/8)*12) | x 84 8 / 12 * = | x:marble 84:dozen 8:melanie /:dozen 12:marble *:marble =:marble
EXPR: 0 | POS | INT | 21 | 56 | 180 | x=(84+(8*12)) | x 84 8 12 * + = | x:dozen 84:dozen 8:dozen 12:marble *:dozen +:dozen =:dozen
EXPR: 0 | POS | INT | 21 | 56 | 1104 | x=((84+8)*12) | x 84 8 + 12 * = | x:dozen 84:marble 8:marble +:marble 12:dozen *:dozen =:dozen
EXPR: 0 | POS | INT | 21 | 56 | 912 | x=((84-8)*12) | x 84 8 - 12 * = | x:dozen 84:marble 8:marble -:marble 12:dozen *:dozen =:dozen
EXPR: 1 | POS | INT | 21 | 56 | 56 | ((84*8)/12)=x | 84 8 * 12 / x = | 84:marble 8:melanie *:marble 12:melanie /:marble x:marble =:marble
EXPR: 0 | POS | INT | 21 | 56 | 1104 | x=((84+8)*12) | x 84 8 + 12 * = | x:marble 84:melanie 8:melanie +:melanie 12:marble *:marble =:marble
EXPR: 0 | POS | INT | 21 | 56 | 912 | x=((84-8)*12) | x 84 8 - 12 * = | x:marble 84:melanie 8:melanie -:melanie 12:marble *:marble =:marble
EXPR: 0 | POS | INT | 21 | 56 | 1104 | ((84+8)*12)=x | 84 8 + 12 * x = | 84:melanie 8:melanie +:melanie 12:dozen *:dozen x:dozen =:dozen
EXPR: 0 | POS | INT | 21 | 56 | 912 | x=((84-8)*12) | x 84 8 - 12 * = | x:dozen 84:melanie 8:melanie -:melanie 12:dozen *:dozen =:dozen
EXPR: 1 | POS | INT | 21 | 56 | 56 | ((84*8)/12)=x | 84 8 * 12 / x = | 84:marble 8:melanie *:melanie 12:dozen /:melanie x:melanie =:melanie
EXPR: 0 | POS | INT | 21 | 56 | 660 | ((84*8)-12)=x | 84 8 * 12 - x = | 84:marble 8:dozen *:dozen 12:dozen -:dozen x:dozen =:dozen
EXPR: 0 | POS | INT | 21 | 56 | 1104 | ((84+8)*12)=x | 84 8 + 12 * x = | 84:marble 8:marble +:marble 12:dozen *:dozen x:dozen =:dozen
EXPR: 0 | POS | INT | 21 | 56 | 660 | x=((84*8)-12) | x 84 8 * 12 - = | x:melanie 84:marble 8:melanie *:melanie 12:melanie -:melanie =:melanie
EXPR: 0 | POS | INT | 21 | 56 | 180 | x=(84+(8*12)) | x 84 8 12 * + = | x:marble 84:marble 8:dozen 12:marble *:marble +:marble =:marble
EXPR: 1 | POS | INT | 21 | 56 | 56 | x=((84*8)/12) | x 84 8 * 12 / = | x:dozen 84:dozen 8:melanie *:dozen 12:melanie /:dozen =:dozen
EXPR: 0 | POS | INT | 21 | 56 | 126 | x=((84/8)*12) | x 84 8 / 12 * = | x:melanie 84:marble 8:melanie /:marble 12:melanie *:melanie =:melanie
EXPR: 0 | POS | INT | 21 | 56 | 684 | x=((84*8)+12) | x 84 8 * 12 + = | x:dozen 84:marble 8:dozen *:dozen 12:dozen +:dozen =:dozen
EXPR: 0 | POS | INT | 21 | 56 | 660 | x=((84*8)-12) | x 84 8 * 12 - = | x:dozen 84:marble 8:dozen *:dozen 12:dozen -:dozen =:dozen
EXPR: 1 | POS | INT | 21 | 56 | 56 | x=((84*8)/12) | x 84 8 * 12 / = | x:dozen 84:dozen 8:marble *:dozen 12:marble /:dozen =:dozen
EXPR: 0 | POS | INT | 21 | 56 | 126 | x=((84/8)*12) | x 84 8 / 12 * = | x:dozen 84:marble 8:dozen /:marble 12:dozen *:dozen =:dozen
EXPR: 1 | POS | INT | 21 | 56 | 56 | ((84*8)/12)=x | 84 8 * 12 / x = | 84:dozen 8:melanie *:melanie 12:marble /:melanie x:melanie =:melanie
EXPR: 0 | POS | INT | 21 | 56 | 1680 | x=(84*(8+12)) | x 84 8 12 + * = | x:marble 84:marble 8:melanie 12:melanie +:melanie *:marble =:marble
EXPR: 1 | POS | INT | 22 | 56 | 56 | x=(8*(84/12)) | x 8 84 12 / * = | x:dozen 8:dozen 84:marble 12:dozen /:marble *:dozen =:dozen
EXPR: 0 | POS | INT | 22 | 56 | 8064 | (x/84)=(8*12) | x 84 / 8 12 * = | x:dozen 84:marble /:dozen 8:melanie 12:dozen *:dozen =:dozen
EXPR: 1 | POS | INT | 22 | 56 | 56 | x=(8*(84/12)) | x 8 84 12 / * = | x:melanie 8:melanie 84:marble 12:dozen /:marble *:melanie =:melanie
EXPR: 0 | POS | INT | 22 | 56 | 1000 | 84=((8+x)/12) | 84 8 x + 12 / = | 84:melanie 8:melanie x:melanie +:melanie 12:marble /:melanie =:melanie
EXPR: 0 | POS | INT | 22 | 56 | 660 | ((84*8)-x)=12 | 84 8 * x - 12 = | 84:dozen 8:melanie *:dozen x:dozen -:dozen 12:dozen =:dozen
EXPR: 1 | POS | INT | 22 | 56 | 56 | x=((84/12)*8) | x 84 12 / 8 * = | x:melanie 84:marble 12:dozen /:marble 8:melanie *:melanie =:melanie
EXPR: 1 | POS | INT | 22 | 56 | 56 | 84=((x/8)*12) | 84 x 8 / 12 * = | 84:marble x:marble 8:melanie /:marble 12:melanie *:marble =:marble
EXPR: 0 | POS | INT | 22 | 56 | 126 | 84=(8*(x/12)) | 84 8 x 12 / * = | 84:marble 8:marble x:melanie 12:marble /:melanie *:marble =:marble
EXPR: 0 | POS | INT | 22 | 56 | 126 | 84=((x*8)/12) | 84 x 8 * 12 / = | 84:melanie x:marble 8:melanie *:melanie 12:marble /:melanie =:melanie
EXPR: 0 | POS | INT | 22 | 56 | 126 | ((84*12)/8)=x | 84 12 * 8 / x = | 84:melanie 12:marble *:marble 8:melanie /:marble x:marble =:marble
EXPR: 0 | POS | INT | 22 | 56 | 80 | ((84-x)+8)=12 | 84 x - 8 + 12 = | 84:marble x:marble -:marble 8:marble +:marble 12:marble =:marble
EXPR: 0 | POS | INT | 22 | 56 | 12 | 84=((x*8)-12) | 84 x 8 * 12 - = | 84:melanie x:dozen 8:melanie *:melanie 12:melanie -:melanie =:melanie
EXPR: 0 | POS | INT | 22 | 56 | 912 | 84=(8+(x/12)) | 84 8 x 12 / + = | 84:melanie 8:melanie x:melanie 12:marble /:melanie +:melanie =:melanie
EXPR: 0 | POS | INT | 22 | 56 | 9 | (84-(8*x))=12 | 84 8 x * - 12 = | 84:melanie 8:melanie x:dozen *:melanie -:melanie 12:melanie =:melanie
EXPR: 1 | POS | INT | 22 | 56 | 56 | ((84/x)*8)=12 | 84 x / 8 * 12 = | 84:marble x:melanie /:marble 8:dozen *:marble 12:marble =:marble
EXPR: 0 | POS | INT | 22 | 56 | 126 | ((x/84)*8)=12 | x 84 / 8 * 12 = | x:dozen 84:marble /:dozen 8:marble *:dozen 12:dozen =:dozen
EXPR: 0 | POS | INT | 22 | 56 | 1000 | x=((84*12)-8) | x 84 12 * 8 - = | x:dozen 84:marble 12:dozen *:dozen 8:dozen -:dozen =:dozen
EXPR: 0 | POS | INT | 22 | 56 | 1016 | x=((84*12)+8) | x 84 12 * 8 + = | x:dozen 84:marble 12:dozen *:dozen 8:dozen +:dozen =:dozen
EXPR: 0 | POS | INT | 22 | 56 | 576 | x=((84-12)*8) | x 84 12 - 8 * = | x:dozen 84:dozen 12:dozen -:dozen 8:melanie *:dozen =:dozen
EXPR: 0 | POS | INT | 22 | 56 | 768 | x=((84+12)*8) | x 84 12 + 8 * = | x:dozen 84:dozen 12:dozen +:dozen 8:melanie *:dozen =:dozen
EXPR: 0 | POS | INT | 22 | 56 | 768 | ((84+12)*8)=x | 84 12 + 8 * x = | 84:dozen 12:dozen +:dozen 8:melanie *:dozen x:dozen =:dozen
EXPR: 0 | POS | INT | 22 | 56 | 12 | ((84+12)/8)=x | 84 12 + 8 / x = | 84:dozen 12:dozen +:dozen 8:melanie /:dozen x:dozen =:dozen
EXPR: 0 | POS | INT | 22 | 56 | 21 | ((84/x)+8)=12 | 84 x / 8 + 12 = | 84:melanie x:dozen /:melanie 8:melanie +:melanie 12:melanie =:melanie
EXPR: 0 | POS | INT | 22 | 56 | 9 | 84=((x*8)+12) | 84 x 8 * 12 + = | 84:melanie x:dozen 8:melanie *:melanie 12:melanie +:melanie =:melanie
EXPR: 1 | POS | INT | 22 | 56 | 56 | ((84/12)*8)=x | 84 12 / 8 * x = | 84:marble 12:dozen /:marble 8:melanie *:melanie x:melanie =:melanie
EXPR: 1 | POS | INT | 22 | 56 | 56 | ((84/x)*8)=12 | 84 x / 8 * 12 = | 84:melanie x:dozen /:melanie 8:marble *:marble 12:marble =:marble
EXPR: 0 | POS | INT | 22 | 56 | 576 | ((84-12)*8)=x | 84 12 - 8 * x = | 84:dozen 12:dozen -:dozen 8:melanie *:dozen x:dozen =:dozen
EXPR: 0 | POS | INT | 22 | 56 | 64 | 84=((8+12)+x) | 84 8 12 + x + = | 84:marble 8:marble 12:marble +:marble x:marble +:marble =:marble
EXPR: 0 | POS | INT | 22 | 56 | 126 | (84*(12/8))=x | 84 12 8 / * x = | 84:marble 12:dozen 8:marble /:dozen *:dozen x:dozen =:dozen
EXPR: 0 | POS | INT | 22 | 56 | 1000 | x=((84*12)-8) | x 84 12 * 8 - = | x:melanie 84:marble 12:melanie *:melanie 8:melanie -:melanie =:melanie
EXPR: 0 | POS | INT | 22 | 56 | 336 | x=(84*(12-8)) | x 84 12 8 - * = | x:dozen 84:dozen 12:melanie 8:melanie -:melanie *:dozen =:dozen
EXPR: 0 | POS | INT | 22 | 56 | 126 | 84=(8*(x/12)) | 84 8 x 12 / * = | 84:dozen 8:marble x:dozen 12:marble /:dozen *:dozen =:dozen
EXPR: 0 | POS | INT | 22 | 56 | 1016 | x=((84*12)+8) | x 84 12 * 8 + = | x:melanie 84:marble 12:melanie *:melanie 8:melanie +:melanie =:melanie
EXPR: 1 | POS | INT | 22 | 56 | 56 | ((84/12)*8)=x | 84 12 / 8 * x = | 84:marble 12:melanie /:marble 8:melanie *:melanie x:melanie =:melanie
EXPR: 0 | POS | INT | 22 | 56 | 126 | ((84*12)/8)=x | 84 12 * 8 / x = | 84:dozen 12:melanie *:dozen 8:melanie /:dozen x:dozen =:dozen
EXPR: 1 | POS | INT | 22 | 56 | 56 | x=((84/12)*8) | x 84 12 / 8 * = | x:melanie 84:marble 12:melanie /:marble 8:melanie *:melanie =:melanie
EXPR: 0 | POS | INT | 22 | 56 | 9 | ((84-12)/8)=x | 84 12 - 8 / x = | 84:dozen 12:dozen -:dozen 8:melanie /:dozen x:dozen =:dozen
EXPR: 0 | POS | INT | 22 | 56 | 126 | 84=(8*(x/12)) | 84 8 x 12 / * = | 84:marble 8:melanie x:marble 12:dozen /:marble *:marble =:marble
EXPR: 0 | POS | INT | 22 | 56 | 21 | x=(84/(12-8)) | x 84 12 8 - / = | x:dozen 84:dozen 12:melanie 8:melanie -:melanie /:dozen =:dozen
EXPR: 1 | POS | INT | 22 | 56 | 56 | (84*(8/x))=12 | 84 8 x / * 12 = | 84:marble 8:dozen x:marble /:dozen *:marble 12:marble =:marble
EXPR: 0 | POS | INT | 22 | 56 | 684 | (84*8)=(x-12) | 84 8 * x 12 - = | 84:marble 8:melanie *:marble x:marble 12:marble -:marble =:marble
EXPR: 0 | POS | INT | 22 | 56 | 660 | (84*8)=(x+12) | 84 8 * x 12 + = | 84:marble 8:melanie *:marble x:marble 12:marble +:marble =:marble
EXPR: 0 | POS | INT | 22 | 56 | 126 | 84=(x*(8/12)) | 84 x 8 12 / * = | 84:dozen x:dozen 8:melanie 12:dozen /:melanie *:dozen =:dozen
EXPR: 0 | POS | INT | 22 | 56 | 126 | 84=((8/12)*x) | 84 8 12 / x * = | 84:marble 8:marble 12:dozen /:marble x:dozen *:marble =:marble
EXPR: 0 | POS | INT | 22 | 56 | 126 | 84=((8/12)*x) | 84 8 12 / x * = | 84:marble 8:marble 12:melanie /:marble x:dozen *:marble =:marble
EXPR: 0 | POS | INT | 22 | 56 | 180 | ((x-84)/8)=12 | x 84 - 8 / 12 = | x:dozen 84:dozen -:dozen 8:melanie /:dozen 12:dozen =:dozen
EXPR: 0 | POS | INT | 22 | 56 | 576 | 84=((x/8)+12) | 84 x 8 / 12 + = | 84:marble x:marble 8:dozen /:marble 12:marble +:marble =:marble
EXPR: 1 | POS | INT | 22 | 56 | 56 | (84*8)=(12*x) | 84 8 * 12 x * = | 84:marble 8:melanie *:melanie 12:marble x:melanie *:melanie =:melanie
EXPR: 0 | POS | INT | 22 | 56 | 126 | x=(84*(12/8)) | x 84 12 8 / * = | x:marble 84:marble 12:dozen 8:melanie /:dozen *:marble =:marble
EXPR: 0 | POS | INT | 22 | 56 | 12 | 84=((8*12)-x) | 84 8 12 * x - = | 84:dozen 8:melanie 12:dozen *:dozen x:dozen -:dozen =:dozen
EXPR: 0 | POS | INT | 22 | 56 | 12 | ((84+x)/8)=12 | 84 x + 8 / 12 = | 84:marble x:marble +:marble 8:dozen /:marble 12:marble =:marble
EXPR: 1 | POS | INT | 22 | 56 | 56 | (84*8)=(12*x) | 84 8 * 12 x * = | 84:dozen 8:melanie *:dozen 12:marble x:dozen *:dozen =:dozen
EXPR: 0 | POS | INT | 22 | 56 | 12 | (x+84)=(8*12) | x 84 + 8 12 * = | x:marble 84:marble +:marble 8:melanie 12:marble *:marble =:marble
EXPR: 0 | POS | INT | 22 | 56 | 180 | (x-84)=(8*12) | x 84 - 8 12 * = | x:marble 84:marble -:marble 8:melanie 12:marble *:marble =:marble
EXPR: 0 | POS | INT | 22 | 56 | 576 | x=(8*(84-12)) | x 8 84 12 - * = | x:marble 8:dozen 84:marble 12:marble -:marble *:marble =:marble
EXPR: 0 | POS | INT | 22 | 56 | 126 | 84=(8*(x/12)) | 84 8 x 12 / * = | 84:marble 8:melanie x:marble 12:melanie /:marble *:marble =:marble
EXPR: 0 | POS | INT | 22 | 56 | 88 | x=((84+12)-8) | x 84 12 + 8 - = | x:marble 84:marble 12:marble +:marble 8:marble -:marble =:marble
EXPR: 0 | POS | INT | 22 | 56 | 768 | x=(8*(84+12)) | x 8 84 12 + * = | x:dozen 8:melanie 84:dozen 12:dozen +:dozen *:dozen =:dozen
EXPR: 0 | POS | INT | 22 | 56 | 80 | x=(8+(84-12)) | x 8 84 12 - + = | x:marble 8:marble 84:marble 12:marble -:marble +:marble =:marble
EXPR: 0 | POS | INT | 22 | 56 | 126 | 84=((8/12)*x) | 84 8 12 / x * = | 84:marble 8:melanie 12:dozen /:melanie x:marble *:marble =:marble
EXPR: 0 | POS | INT | 22 | 56 | 64 | x=((84-12)-8) | x 84 12 - 8 - = | x:marble 84:marble 12:marble -:marble 8:marble -:marble =:marble
EXPR: 0 | POS | INT | 22 | 56 | 104 | x=((84+12)+8) | x 84 12 + 8 + = | x:marble 84:marble 12:marble +:marble 8:marble +:marble =:marble
EXPR: 0 | POS | INT | 22 | 56 | 1016 | x=(8+(84*12)) | x 8 84 12 * + = | x:dozen 8:dozen 84:marble 12:dozen *:dozen +:dozen =:dozen
EXPR: 0 | POS | INT | 22 | 56 | 9 | (84-(x*8))=12 | 84 x 8 * - 12 = | 84:melanie x:dozen 8:melanie *:melanie -:melanie 12:melanie =:melanie
EXPR: 1 | POS | INT | 22 | 56 | 56 | x=(8*(84/12)) | x 8 84 12 / * = | x:dozen 8:dozen 84:melanie 12:marble /:melanie *:dozen =:dozen
EXPR: 1 | POS | INT | 22 | 56 | 56 | x=((84/12)*8) | x 84 12 / 8 * = | x:dozen 84:marble 12:melanie /:marble 8:dozen *:dozen =:dozen
EXPR: 0 | POS | INT | 22 | 56 | 660 | (84*8)=(12+x) | 84 8 * 12 x + = | 84:marble 8:melanie *:marble 12:marble x:marble +:marble =:marble
EXPR: 1 | POS | INT | 22 | 56 | 56 | x=((84/12)*8) | x 84 12 / 8 * = | x:dozen 84:marble 12:dozen /:marble 8:dozen *:dozen =:dozen
EXPR: 1 | POS | INT | 22 | 56 | 56 | x=(8*(84/12)) | x 8 84 12 / * = | x:dozen 8:dozen 84:marble 12:melanie /:marble *:dozen =:dozen
EXPR: 1 | POS | INT | 22 | 56 | 56 | 84=((x/8)*12) | 84 x 8 / 12 * = | 84:marble x:marble 8:melanie /:marble 12:dozen *:marble =:marble
EXPR: 0 | POS | INT | 22 | 56 | 768 | 84=((x/8)-12) | 84 x 8 / 12 - = | 84:marble x:marble 8:dozen /:marble 12:marble -:marble =:marble
EXPR: 0 | POS | INT | 22 | 56 | 15 | x=(8+(84/12)) | x 8 84 12 / + = | x:dozen 8:dozen 84:dozen 12:marble /:dozen +:dozen =:dozen
EXPR: 0 | POS | INT | 22 | 56 | 1 | x=(8-(84/12)) | x 8 84 12 / - = | x:dozen 8:dozen 84:dozen 12:marble /:dozen -:dozen =:dozen
EXPR: 1 | POS | INT | 22 | 56 | 56 | (84*8)=(x*12) | 84 8 * x 12 * = | 84:marble 8:melanie *:melanie x:dozen 12:melanie *:melanie =:melanie
EXPR: 1 | POS | INT | 22 | 56 | 56 | x=((84/12)*8) | x 84 12 / 8 * = | x:dozen 84:melanie 12:marble /:melanie 8:dozen *:dozen =:dozen
EXPR: 1 | POS | INT | 22 | 56 | 56 | 84=((x/8)*12) | 84 x 8 / 12 * = | 84:melanie x:dozen 8:melanie /:dozen 12:melanie *:melanie =:melanie
EXPR: 0 | POS | INT | 22 | 56 | 1680 | 84=(x/(8+12)) | 84 x 8 12 + / = | 84:marble x:marble 8:melanie 12:melanie +:melanie /:marble =:marble
EXPR: 0 | POS | INT | 22 | 56 | 88 | 84=(8+(x-12)) | 84 8 x 12 - + = | 84:marble 8:marble x:marble 12:marble -:marble +:marble =:marble
EXPR: 0 | POS | INT | 22 | 56 | 8064 | 84=(x/(8*12)) | 84 x 8 12 * / = | 84:dozen x:dozen 8:dozen 12:marble *:marble /:dozen =:dozen
EXPR: 0 | POS | INT | 22 | 56 | 80 | (84+(8-x))=12 | 84 8 x - + 12 = | 84:marble 8:marble x:marble -:marble +:marble 12:marble =:marble
EXPR: 1 | POS | INT | 22 | 56 | 56 | (84*(8/x))=12 | 84 8 x / * 12 = | 84:marble 8:melanie x:marble /:melanie *:melanie 12:melanie =:melanie
EXPR: 0 | POS | INT | 22 | 56 | 64 | 84=(8+(x+12)) | 84 8 x 12 + + = | 84:marble 8:marble x:marble 12:marble +:marble +:marble =:marble
EXPR: 0 | POS | INT | 22 | 56 | 126 | ((x/84)*8)=12 | x 84 / 8 * 12 = | x:dozen 84:melanie /:dozen 8:melanie *:melanie 12:melanie =:melanie
EXPR: 0 | POS | INT | 22 | 56 | 684 | (x-(84*8))=12 | x 84 8 * - 12 = | x:melanie 84:marble 8:melanie *:melanie -:melanie 12:melanie =:melanie
NET 470 non-negative, integer-valued solutions found out of 1000 total solutions
