parameters: n=7 l=3 k=1 p=5 q=1 m=9
TOTAL 480 solutions found
SOLN: CORRECT | POS/NEG | INT/FRA | OBJ-SCORE | TRUE-ANS | ANS | INFIX | POSTFIX | TYPED-POSTFIX
EXPR: 0 | POS | INT | 0 | 47 | 82 | (36+(35+11))=x | 36 35 11 + + x = | 36:game 35:game 11:game +:game +:game x:game =:game
EXPR: 0 | POS | INT | 0 | 47 | 12 | x=(36-(35-11)) | x 36 35 11 - - = | x:game 36:game 35:game 11:game -:game -:game =:game
EXPR: 0 | POS | INT | 0 | 47 | 60 | x=(36+(35-11)) | x 36 35 11 - + = | x:game 36:game 35:game 11:game -:game +:game =:game
EXPR: 0 | POS | INT | 0 | 47 | 60 | x=((36+35)-11) | x 36 35 + 11 - = | x:game 36:game 35:game +:game 11:game -:game =:game
EXPR: 0 | POS | INT | 0 | 47 | 82 | x=((36+35)+11) | x 36 35 + 11 + = | x:game 36:game 35:game +:game 11:game +:game =:game
EXPR: 0 | POS | INT | 0 | 47 | 60 | (36+(35-11))=x | 36 35 11 - + x = | 36:game 35:game 11:game -:game +:game x:game =:game
EXPR: 0 | POS | INT | 0 | 47 | 82 | x=(36+(35+11)) | x 36 35 11 + + = | x:game 36:game 35:game 11:game +:game +:game =:game
EXPR: 0 | POS | INT | 0 | 47 | 12 | x=((36-35)+11) | x 36 35 - 11 + = | x:game 36:game 35:game -:game 11:game +:game =:game
EXPR: 0 | POS | INT | 0 | 47 | 12 | (36-(35-11))=x | 36 35 11 - - x = | 36:game 35:game 11:game -:game -:game x:game =:game
EXPR: 0 | POS | INT | 0 | 47 | 60 | ((36+35)-11)=x | 36 35 + 11 - x = | 36:game 35:game +:game 11:game -:game x:game =:game
EXPR: 0 | POS | INT | 0 | 47 | 12 | ((36-35)+11)=x | 36 35 - 11 + x = | 36:game 35:game -:game 11:game +:game x:game =:game
EXPR: 0 | POS | INT | 0 | 47 | 82 | ((36+35)+11)=x | 36 35 + 11 + x = | 36:game 35:game +:game 11:game +:game x:game =:game
EXPR: 0 | POS | INT | 2 | 47 | 10 | 36=((35-x)+11) | 36 35 x - 11 + = | 36:game 35:game x:game -:game 11:game +:game =:game
EXPR: 0 | POS | INT | 2 | 47 | 60 | x=(36-(11-35)) | x 36 11 35 - - = | x:game 36:game 11:game 35:game -:game -:game =:game
EXPR: 0 | POS | INT | 2 | 47 | 10 | 36=(35-(x-11)) | 36 35 x 11 - - = | 36:game 35:game x:game 11:game -:game -:game =:game
EXPR: 0 | POS | INT | 2 | 47 | 12 | x=(36+(11-35)) | x 36 11 35 - + = | x:game 36:game 11:game 35:game -:game +:game =:game
EXPR: 0 | POS | INT | 2 | 47 | 60 | (35+(36-11))=x | 35 36 11 - + x = | 35:game 36:game 11:game -:game +:game x:game =:game
EXPR: 0 | POS | INT | 2 | 47 | 82 | (x-(36+35))=11 | x 36 35 + - 11 = | x:game 36:game 35:game +:game -:game 11:game =:game
EXPR: 0 | POS | INT | 2 | 47 | 10 | x=(35-(36-11)) | x 35 36 11 - - = | x:game 35:game 36:game 11:game -:game -:game =:game
EXPR: 0 | POS | INT | 2 | 47 | 12 | (36+(11-35))=x | 36 11 35 - + x = | 36:game 11:game 35:game -:game +:game x:game =:game
EXPR: 0 | POS | INT | 2 | 47 | 60 | ((36-11)+35)=x | 36 11 - 35 + x = | 36:game 11:game -:game 35:game +:game x:game =:game
EXPR: 0 | POS | INT | 2 | 47 | 10 | (35-(36-11))=x | 35 36 11 - - x = | 35:game 36:game 11:game -:game -:game x:game =:game
EXPR: 0 | POS | INT | 2 | 47 | 60 | (36-(11-35))=x | 36 11 35 - - x = | 36:game 11:game 35:game -:game -:game x:game =:game
EXPR: 0 | POS | INT | 2 | 47 | 82 | (35+(36+11))=x | 35 36 11 + + x = | 35:game 36:game 11:game +:game +:game x:game =:game
EXPR: 0 | POS | INT | 2 | 47 | 10 | ((35-36)+11)=x | 35 36 - 11 + x = | 35:game 36:game -:game 11:game +:game x:game =:game
EXPR: 0 | POS | INT | 2 | 47 | 12 | 36=((35-11)+x) | 36 35 11 - x + = | 36:game 35:game 11:game -:game x:game +:game =:game
EXPR: 0 | POS | INT | 2 | 47 | 12 | ((36+11)-35)=x | 36 11 + 35 - x = | 36:game 11:game +:game 35:game -:game x:game =:game
EXPR: 0 | POS | INT | 2 | 47 | 10 | x=((35-36)+11) | x 35 36 - 11 + = | x:game 35:game 36:game -:game 11:game +:game =:game
EXPR: 0 | POS | INT | 2 | 47 | 12 | 36=((35+x)-11) | 36 35 x + 11 - = | 36:game 35:game x:game +:game 11:game -:game =:game
EXPR: 0 | POS | INT | 2 | 47 | 60 | x=(35+(36-11)) | x 35 36 11 - + = | x:game 35:game 36:game 11:game -:game +:game =:game
EXPR: 0 | POS | INT | 2 | 47 | 60 | (36-(x-35))=11 | 36 x 35 - - 11 = | 36:game x:game 35:game -:game -:game 11:game =:game
EXPR: 0 | POS | INT | 2 | 47 | 12 | 36=(35+(x-11)) | 36 35 x 11 - + = | 36:game 35:game x:game 11:game -:game +:game =:game
EXPR: 0 | POS | INT | 2 | 47 | 82 | ((x-36)-35)=11 | x 36 - 35 - 11 = | x:game 36:game -:game 35:game -:game 11:game =:game
EXPR: 0 | POS | INT | 2 | 47 | 12 | ((x-36)+35)=11 | x 36 - 35 + 11 = | x:game 36:game -:game 35:game +:game 11:game =:game
EXPR: 0 | POS | INT | 2 | 47 | 10 | 36=((35+11)-x) | 36 35 11 + x - = | 36:game 35:game 11:game +:game x:game -:game =:game
EXPR: 0 | POS | INT | 2 | 47 | 12 | (x-(36-35))=11 | x 36 35 - - 11 = | x:game 36:game 35:game -:game -:game 11:game =:game
EXPR: 0 | POS | INT | 2 | 47 | 10 | 36=(35+(11-x)) | 36 35 11 x - + = | 36:game 35:game 11:game x:game -:game +:game =:game
EXPR: 0 | POS | INT | 2 | 47 | 10 | (36-(35-x))=11 | 36 35 x - - 11 = | 36:game 35:game x:game -:game -:game 11:game =:game
EXPR: 0 | POS | INT | 2 | 47 | 82 | ((36+11)+35)=x | 36 11 + 35 + x = | 36:game 11:game +:game 35:game +:game x:game =:game
EXPR: 0 | POS | INT | 2 | 47 | 10 | (36+(x-35))=11 | 36 x 35 - + 11 = | 36:game x:game 35:game -:game +:game 11:game =:game
EXPR: 0 | POS | INT | 2 | 47 | 10 | ((36-35)+x)=11 | 36 35 - x + 11 = | 36:game 35:game -:game x:game +:game 11:game =:game
EXPR: 0 | POS | INT | 2 | 47 | 10 | (x+(36-35))=11 | x 36 35 - + 11 = | x:game 36:game 35:game -:game +:game 11:game =:game
EXPR: 0 | POS | INT | 2 | 47 | 60 | x=((36-11)+35) | x 36 11 - 35 + = | x:game 36:game 11:game -:game 35:game +:game =:game
EXPR: 0 | POS | INT | 2 | 47 | 12 | x=((36+11)-35) | x 36 11 + 35 - = | x:game 36:game 11:game +:game 35:game -:game =:game
EXPR: 0 | POS | INT | 2 | 47 | 82 | x=((36+11)+35) | x 36 11 + 35 + = | x:game 36:game 11:game +:game 35:game +:game =:game
EXPR: 0 | POS | INT | 2 | 47 | 60 | ((36+35)-x)=11 | 36 35 + x - 11 = | 36:game 35:game +:game x:game -:game 11:game =:game
EXPR: 0 | POS | INT | 2 | 47 | 10 | ((x+36)-35)=11 | x 36 + 35 - 11 = | x:game 36:game +:game 35:game -:game 11:game =:game
EXPR: 0 | POS | INT | 2 | 47 | 60 | (36+(35-x))=11 | 36 35 x - + 11 = | 36:game 35:game x:game -:game +:game 11:game =:game
EXPR: 0 | POS | INT | 2 | 47 | 82 | x=(35+(36+11)) | x 35 36 11 + + = | x:game 35:game 36:game 11:game +:game +:game =:game
EXPR: 0 | POS | INT | 2 | 47 | 60 | 36=(x-(35-11)) | 36 x 35 11 - - = | 36:game x:game 35:game 11:game -:game -:game =:game
EXPR: 0 | POS | INT | 2 | 47 | 82 | 36=(x-(35+11)) | 36 x 35 11 + - = | 36:game x:game 35:game 11:game +:game -:game =:game
EXPR: 0 | POS | INT | 2 | 47 | 60 | ((36-x)+35)=11 | 36 x - 35 + 11 = | 36:game x:game -:game 35:game +:game 11:game =:game
EXPR: 0 | POS | INT | 2 | 47 | 10 | ((36+x)-35)=11 | 36 x + 35 - 11 = | 36:game x:game +:game 35:game -:game 11:game =:game
EXPR: 0 | POS | INT | 2 | 47 | 12 | 36=(x+(35-11)) | 36 x 35 11 - + = | 36:game x:game 35:game 11:game -:game +:game =:game
EXPR: 0 | POS | INT | 2 | 47 | 12 | 36=(35-(11-x)) | 36 35 11 x - - = | 36:game 35:game 11:game x:game -:game -:game =:game
EXPR: 0 | POS | INT | 2 | 47 | 82 | 36=((x-35)-11) | 36 x 35 - 11 - = | 36:game x:game 35:game -:game 11:game -:game =:game
EXPR: 0 | POS | INT | 2 | 47 | 60 | 36=((x-35)+11) | 36 x 35 - 11 + = | 36:game x:game 35:game -:game 11:game +:game =:game
EXPR: 0 | POS | INT | 2 | 47 | 12 | 36=((x+35)-11) | 36 x 35 + 11 - = | 36:game x:game 35:game +:game 11:game -:game =:game
EXPR: 0 | POS | INT | 4 | 47 | 10 | 35=((36+x)-11) | 35 36 x + 11 - = | 35:game 36:game x:game +:game 11:game -:game =:game
EXPR: 0 | POS | INT | 4 | 47 | 60 | 36=(11-(35-x)) | 36 11 35 x - - = | 36:game 11:game 35:game x:game -:game -:game =:game
EXPR: 0 | POS | INT | 4 | 47 | 10 | 36=(11-(x-35)) | 36 11 x 35 - - = | 36:game 11:game x:game 35:game -:game -:game =:game
EXPR: 0 | POS | INT | 4 | 47 | 12 | (36+(11-x))=35 | 36 11 x - + 35 = | 36:game 11:game x:game -:game +:game 35:game =:game
EXPR: 0 | POS | INT | 4 | 47 | 10 | ((x-35)+36)=11 | x 35 - 36 + 11 = | x:game 35:game -:game 36:game +:game 11:game =:game
EXPR: 0 | POS | INT | 4 | 47 | 10 | 36=((11-x)+35) | 36 11 x - 35 + = | 36:game 11:game x:game -:game 35:game +:game =:game
EXPR: 0 | POS | INT | 4 | 47 | 12 | (36-(x-11))=35 | 36 x 11 - - 35 = | 36:game x:game 11:game -:game -:game 35:game =:game
EXPR: 0 | POS | INT | 4 | 47 | 60 | (35+(36-x))=11 | 35 36 x - + 11 = | 35:game 36:game x:game -:game +:game 11:game =:game
EXPR: 0 | POS | INT | 4 | 47 | 12 | ((36+11)-x)=35 | 36 11 + x - 35 = | 36:game 11:game +:game x:game -:game 35:game =:game
EXPR: 0 | POS | INT | 4 | 47 | 60 | 36=(11+(x-35)) | 36 11 x 35 - + = | 36:game 11:game x:game 35:game -:game +:game =:game
EXPR: 0 | POS | INT | 4 | 47 | 82 | (x-(36+11))=35 | x 36 11 + - 35 = | x:game 36:game 11:game +:game -:game 35:game =:game
EXPR: 0 | POS | INT | 4 | 47 | 10 | (36+(x-11))=35 | 36 x 11 - + 35 = | 36:game x:game 11:game -:game +:game 35:game =:game
EXPR: 0 | POS | INT | 4 | 47 | 12 | 35=((36-x)+11) | 35 36 x - 11 + = | 35:game 36:game x:game -:game 11:game +:game =:game
EXPR: 0 | POS | INT | 4 | 47 | 82 | ((x-35)-36)=11 | x 35 - 36 - 11 = | x:game 35:game -:game 36:game -:game 11:game =:game
EXPR: 0 | POS | INT | 4 | 47 | 60 | 36=((11+x)-35) | 36 11 x + 35 - = | 36:game 11:game x:game +:game 35:game -:game =:game
EXPR: 0 | POS | INT | 4 | 47 | 12 | ((35-36)+x)=11 | 35 36 - x + 11 = | 35:game 36:game -:game x:game +:game 11:game =:game
EXPR: 0 | POS | INT | 4 | 47 | 60 | 36=((11-35)+x) | 36 11 35 - x + = | 36:game 11:game 35:game -:game x:game +:game =:game
EXPR: 0 | POS | INT | 4 | 47 | 12 | (35-(36-x))=11 | 35 36 x - - 11 = | 35:game 36:game x:game -:game -:game 11:game =:game
EXPR: 0 | POS | INT | 4 | 47 | 12 | 35=(36-(x-11)) | 35 36 x 11 - - = | 35:game 36:game x:game 11:game -:game -:game =:game
EXPR: 0 | POS | INT | 4 | 47 | 60 | (35-(x-36))=11 | 35 x 36 - - 11 = | 35:game x:game 36:game -:game -:game 11:game =:game
EXPR: 0 | POS | INT | 4 | 47 | 60 | (x-(36-11))=35 | x 36 11 - - 35 = | x:game 36:game 11:game -:game -:game 35:game =:game
EXPR: 0 | POS | INT | 4 | 47 | 10 | (36-(11-x))=35 | 36 11 x - - 35 = | 36:game 11:game x:game -:game -:game 35:game =:game
EXPR: 0 | POS | INT | 4 | 47 | 10 | 35=(36-(11-x)) | 35 36 11 x - - = | 35:game 36:game 11:game x:game -:game -:game =:game
EXPR: 0 | POS | INT | 4 | 47 | 10 | 36=(11+(35-x)) | 36 11 35 x - + = | 36:game 11:game 35:game x:game -:game +:game =:game
EXPR: 0 | POS | INT | 4 | 47 | 10 | ((36-11)+x)=35 | 36 11 - x + 35 = | 36:game 11:game -:game x:game +:game 35:game =:game
EXPR: 0 | POS | INT | 4 | 47 | 12 | ((x+35)-36)=11 | x 35 + 36 - 11 = | x:game 35:game +:game 36:game -:game 11:game =:game
EXPR: 0 | POS | INT | 4 | 47 | 10 | (x-(35-36))=11 | x 35 36 - - 11 = | x:game 35:game 36:game -:game -:game 11:game =:game
EXPR: 0 | POS | INT | 4 | 47 | 12 | (x+(35-36))=11 | x 35 36 - + 11 = | x:game 35:game 36:game -:game +:game 11:game =:game
EXPR: 0 | POS | INT | 4 | 47 | 10 | (x+(36-11))=35 | x 36 11 - + 35 = | x:game 36:game 11:game -:game +:game 35:game =:game
EXPR: 0 | POS | INT | 4 | 47 | 10 | 35=(36+(x-11)) | 35 36 x 11 - + = | 35:game 36:game x:game 11:game -:game +:game =:game
EXPR: 0 | POS | INT | 4 | 47 | 12 | 35=(36+(11-x)) | 35 36 11 x - + = | 35:game 36:game 11:game x:game -:game +:game =:game
EXPR: 0 | POS | INT | 4 | 47 | 60 | 35=(x-(36-11)) | 35 x 36 11 - - = | 35:game x:game 36:game 11:game -:game -:game =:game
EXPR: 0 | POS | INT | 4 | 47 | 12 | 36=(x-(11-35)) | 36 x 11 35 - - = | 36:game x:game 11:game 35:game -:game -:game =:game
EXPR: 0 | POS | INT | 4 | 47 | 60 | 36=(x+(11-35)) | 36 x 11 35 - + = | 36:game x:game 11:game 35:game -:game +:game =:game
EXPR: 0 | POS | INT | 4 | 47 | 10 | 35=(x+(36-11)) | 35 x 36 11 - + = | 35:game x:game 36:game 11:game -:game +:game =:game
EXPR: 0 | POS | INT | 4 | 47 | 12 | (35+(x-36))=11 | 35 x 36 - + 11 = | 35:game x:game 36:game -:game +:game 11:game =:game
EXPR: 0 | POS | INT | 4 | 47 | 82 | 35=(x-(36+11)) | 35 x 36 11 + - = | 35:game x:game 36:game 11:game +:game -:game =:game
EXPR: 0 | POS | INT | 4 | 47 | 82 | ((x-36)-11)=35 | x 36 - 11 - 35 = | x:game 36:game -:game 11:game -:game 35:game =:game
EXPR: 0 | POS | INT | 4 | 47 | 10 | ((36+x)-11)=35 | 36 x + 11 - 35 = | 36:game x:game +:game 11:game -:game 35:game =:game
EXPR: 0 | POS | INT | 4 | 47 | 10 | ((x+36)-11)=35 | x 36 + 11 - 35 = | x:game 36:game +:game 11:game -:game 35:game =:game
EXPR: 0 | POS | INT | 4 | 47 | 60 | ((x-36)+11)=35 | x 36 - 11 + 35 = | x:game 36:game -:game 11:game +:game 35:game =:game
EXPR: 0 | POS | INT | 4 | 47 | 12 | 35=((36+11)-x) | 35 36 11 + x - = | 35:game 36:game 11:game +:game x:game -:game =:game
EXPR: 0 | POS | INT | 4 | 47 | 82 | 35=((x-36)-11) | 35 x 36 - 11 - = | 35:game x:game 36:game -:game 11:game -:game =:game
EXPR: 0 | POS | INT | 4 | 47 | 12 | ((36-x)+11)=35 | 36 x - 11 + 35 = | 36:game x:game -:game 11:game +:game 35:game =:game
EXPR: 0 | POS | INT | 4 | 47 | 10 | 35=((36-11)+x) | 35 36 11 - x + = | 35:game 36:game 11:game -:game x:game +:game =:game
EXPR: 0 | POS | INT | 4 | 47 | 10 | 35=((x+36)-11) | 35 x 36 + 11 - = | 35:game x:game 36:game +:game 11:game -:game =:game
EXPR: 0 | POS | INT | 4 | 47 | 60 | 35=((x-36)+11) | 35 x 36 - 11 + = | 35:game x:game 36:game -:game 11:game +:game =:game
EXPR: 0 | POS | INT | 4 | 47 | 12 | ((35+x)-36)=11 | 35 x + 36 - 11 = | 35:game x:game +:game 36:game -:game 11:game =:game
EXPR: 0 | POS | INT | 4 | 47 | 60 | ((35-x)+36)=11 | 35 x - 36 + 11 = | 35:game x:game -:game 36:game +:game 11:game =:game
EXPR: 0 | POS | INT | 4 | 47 | 60 | 36=((x+11)-35) | 36 x 11 + 35 - = | 36:game x:game 11:game +:game 35:game -:game =:game
EXPR: 0 | POS | INT | 4 | 47 | 82 | 36=((x-11)-35) | 36 x 11 - 35 - = | 36:game x:game 11:game -:game 35:game -:game =:game
EXPR: 0 | POS | INT | 4 | 47 | 12 | 36=((x-11)+35) | 36 x 11 - 35 + = | 36:game x:game 11:game -:game 35:game +:game =:game
EXPR: 0 | POS | INT | 5 | 47 | 10 | x=((11-36)+35) | x 11 36 - 35 + = | x:game 11:game 36:game -:game 35:game +:game =:game
EXPR: 0 | POS | INT | 5 | 47 | 60 | x=(35-(11-36)) | x 35 11 36 - - = | x:game 35:game 11:game 36:game -:game -:game =:game
EXPR: 0 | POS | INT | 5 | 47 | 12 | x=(11+(36-35)) | x 11 36 35 - + = | x:game 11:game 36:game 35:game -:game +:game =:game
EXPR: 0 | POS | INT | 5 | 47 | 10 | x=((35+11)-36) | x 35 11 + 36 - = | x:game 35:game 11:game +:game 36:game -:game =:game
EXPR: 0 | POS | INT | 5 | 47 | 60 | (35-(11-36))=x | 35 11 36 - - x = | 35:game 11:game 36:game -:game -:game x:game =:game
EXPR: 0 | POS | INT | 5 | 47 | 10 | (11-(36-35))=x | 11 36 35 - - x = | 11:game 36:game 35:game -:game -:game x:game =:game
EXPR: 0 | POS | INT | 5 | 47 | 60 | x=((35-11)+36) | x 35 11 - 36 + = | x:game 35:game 11:game -:game 36:game +:game =:game
EXPR: 0 | POS | INT | 5 | 47 | 12 | (11+(36-35))=x | 11 36 35 - + x = | 11:game 36:game 35:game -:game +:game x:game =:game
EXPR: 0 | POS | INT | 5 | 47 | 82 | (11+(36+35))=x | 11 36 35 + + x = | 11:game 36:game 35:game +:game +:game x:game =:game
EXPR: 0 | POS | INT | 5 | 47 | 10 | x=(35+(11-36)) | x 35 11 36 - + = | x:game 35:game 11:game 36:game -:game +:game =:game
EXPR: 0 | POS | INT | 5 | 47 | 10 | x=(11-(36-35)) | x 11 36 35 - - = | x:game 11:game 36:game 35:game -:game -:game =:game
EXPR: 0 | POS | INT | 5 | 47 | 10 | (35+(11-36))=x | 35 11 36 - + x = | 35:game 11:game 36:game -:game +:game x:game =:game
EXPR: 0 | POS | INT | 5 | 47 | 82 | x=((35+11)+36) | x 35 11 + 36 + = | x:game 35:game 11:game +:game 36:game +:game =:game
EXPR: 0 | POS | INT | 5 | 47 | 10 | ((11-36)+35)=x | 11 36 - 35 + x = | 11:game 36:game -:game 35:game +:game x:game =:game
EXPR: 0 | POS | INT | 5 | 47 | 82 | x=(11+(36+35)) | x 11 36 35 + + = | x:game 11:game 36:game 35:game +:game +:game =:game
EXPR: 0 | POS | INT | 5 | 47 | 60 | ((35-11)+36)=x | 35 11 - 36 + x = | 35:game 11:game -:game 36:game +:game x:game =:game
EXPR: 0 | POS | INT | 5 | 47 | 10 | ((35+11)-36)=x | 35 11 + 36 - x = | 35:game 11:game +:game 36:game -:game x:game =:game
EXPR: 0 | POS | INT | 5 | 47 | 82 | ((35+11)+36)=x | 35 11 + 36 + x = | 35:game 11:game +:game 36:game +:game x:game =:game
EXPR: 0 | POS | INT | 7 | 47 | 82 | 11=(x-(36+35)) | 11 x 36 35 + - = | 11:game x:game 36:game 35:game +:game -:game =:game
EXPR: 0 | POS | INT | 7 | 47 | 82 | (x-(35+11))=36 | x 35 11 + - 36 = | x:game 35:game 11:game +:game -:game 36:game =:game
EXPR: 0 | POS | INT | 7 | 47 | 12 | x=((11-35)+36) | x 11 35 - 36 + = | x:game 11:game 35:game -:game 36:game +:game =:game
EXPR: 0 | POS | INT | 7 | 47 | 10 | (35+(11-x))=36 | 35 11 x - + 36 = | 35:game 11:game x:game -:game +:game 36:game =:game
EXPR: 0 | POS | INT | 7 | 47 | 12 | ((35-11)+x)=36 | 35 11 - x + 36 = | 35:game 11:game -:game x:game +:game 36:game =:game
EXPR: 0 | POS | INT | 7 | 47 | 10 | (x-(11-36))=35 | x 11 36 - - 35 = | x:game 11:game 36:game -:game -:game 35:game =:game
EXPR: 0 | POS | INT | 7 | 47 | 60 | (11-(36-x))=35 | 11 36 x - - 35 = | 11:game 36:game x:game -:game -:game 35:game =:game
EXPR: 0 | POS | INT | 7 | 47 | 60 | 11=(36+(35-x)) | 11 36 35 x - + = | 11:game 36:game 35:game x:game -:game +:game =:game
EXPR: 0 | POS | INT | 7 | 47 | 60 | ((x-35)+11)=36 | x 35 - 11 + 36 = | x:game 35:game -:game 11:game +:game 36:game =:game
EXPR: 0 | POS | INT | 7 | 47 | 60 | (11+(x-36))=35 | 11 x 36 - + 35 = | 11:game x:game 36:game -:game +:game 35:game =:game
EXPR: 0 | POS | INT | 7 | 47 | 60 | (x-(35-11))=36 | x 35 11 - - 36 = | x:game 35:game 11:game -:game -:game 36:game =:game
EXPR: 0 | POS | INT | 7 | 47 | 60 | 35=((11+x)-36) | 35 11 x + 36 - = | 35:game 11:game x:game +:game 36:game -:game =:game
EXPR: 0 | POS | INT | 7 | 47 | 10 | 35=(x-(11-36)) | 35 x 11 36 - - = | 35:game x:game 11:game 36:game -:game -:game =:game
EXPR: 0 | POS | INT | 7 | 47 | 12 | (35+(x-11))=36 | 35 x 11 - + 36 = | 35:game x:game 11:game -:game +:game 36:game =:game
EXPR: 0 | POS | INT | 7 | 47 | 60 | 35=(11-(36-x)) | 35 11 36 x - - = | 35:game 11:game 36:game x:game -:game -:game =:game
EXPR: 0 | POS | INT | 7 | 47 | 10 | (35-(x-11))=36 | 35 x 11 - - 36 = | 35:game x:game 11:game -:game -:game 36:game =:game
EXPR: 0 | POS | INT | 7 | 47 | 12 | 35=(11+(36-x)) | 35 11 36 x - + = | 35:game 11:game 36:game x:game -:game +:game =:game
EXPR: 0 | POS | INT | 7 | 47 | 10 | x=(11+(35-36)) | x 11 35 36 - + = | x:game 11:game 35:game 36:game -:game +:game =:game
EXPR: 0 | POS | INT | 7 | 47 | 12 | (11+(36-x))=35 | 11 36 x - + 35 = | 11:game 36:game x:game -:game +:game 35:game =:game
EXPR: 0 | POS | INT | 7 | 47 | 10 | 11=(36-(35-x)) | 11 36 35 x - - = | 11:game 36:game 35:game x:game -:game -:game =:game
EXPR: 0 | POS | INT | 7 | 47 | 10 | ((35+11)-x)=36 | 35 11 + x - 36 = | 35:game 11:game +:game x:game -:game 36:game =:game
EXPR: 0 | POS | INT | 7 | 47 | 12 | (11-(35-36))=x | 11 35 36 - - x = | 11:game 35:game 36:game -:game -:game x:game =:game
EXPR: 0 | POS | INT | 7 | 47 | 82 | ((x-35)-11)=36 | x 35 - 11 - 36 = | x:game 35:game -:game 11:game -:game 36:game =:game
EXPR: 0 | POS | INT | 7 | 47 | 10 | 11=(36+(x-35)) | 11 36 x 35 - + = | 11:game 36:game x:game 35:game -:game +:game =:game
EXPR: 0 | POS | INT | 7 | 47 | 60 | ((11+x)-36)=35 | 11 x + 36 - 35 = | 11:game x:game +:game 36:game -:game 35:game =:game
EXPR: 0 | POS | INT | 7 | 47 | 12 | (11-(x-36))=35 | 11 x 36 - - 35 = | 11:game x:game 36:game -:game -:game 35:game =:game
EXPR: 0 | POS | INT | 7 | 47 | 60 | 11=(36-(x-35)) | 11 36 x 35 - - = | 11:game 36:game x:game 35:game -:game -:game =:game
EXPR: 0 | POS | INT | 7 | 47 | 12 | x=(11-(35-36)) | x 11 35 36 - - = | x:game 11:game 35:game 36:game -:game -:game =:game
EXPR: 0 | POS | INT | 7 | 47 | 60 | (x+(11-36))=35 | x 11 36 - + 35 = | x:game 11:game 36:game -:game +:game 35:game =:game
EXPR: 0 | POS | INT | 7 | 47 | 10 | (11+(35-36))=x | 11 35 36 - + x = | 11:game 35:game 36:game -:game +:game x:game =:game
EXPR: 0 | POS | INT | 7 | 47 | 10 | 11=((36+x)-35) | 11 36 x + 35 - = | 11:game 36:game x:game +:game 35:game -:game =:game
EXPR: 0 | POS | INT | 7 | 47 | 12 | (x+(35-11))=36 | x 35 11 - + 36 = | x:game 35:game 11:game -:game +:game 36:game =:game
EXPR: 0 | POS | INT | 7 | 47 | 60 | 35=((11-36)+x) | 35 11 36 - x + = | 35:game 11:game 36:game -:game x:game +:game =:game
EXPR: 0 | POS | INT | 7 | 47 | 60 | ((11-36)+x)=35 | 11 36 - x + 35 = | 11:game 36:game -:game x:game +:game 35:game =:game
EXPR: 0 | POS | INT | 7 | 47 | 10 | 11=((36-35)+x) | 11 36 35 - x + = | 11:game 36:game 35:game -:game x:game +:game =:game
EXPR: 0 | POS | INT | 7 | 47 | 60 | 35=(x+(11-36)) | 35 x 11 36 - + = | 35:game x:game 11:game 36:game -:game +:game =:game
EXPR: 0 | POS | INT | 7 | 47 | 12 | 11=(x-(36-35)) | 11 x 36 35 - - = | 11:game x:game 36:game 35:game -:game -:game =:game
EXPR: 0 | POS | INT | 7 | 47 | 12 | 35=(11-(x-36)) | 35 11 x 36 - - = | 35:game 11:game x:game 36:game -:game -:game =:game
EXPR: 0 | POS | INT | 7 | 47 | 60 | 35=(11+(x-36)) | 35 11 x 36 - + = | 35:game 11:game x:game 36:game -:game +:game =:game
EXPR: 0 | POS | INT | 7 | 47 | 60 | 11=((36+35)-x) | 11 36 35 + x - = | 11:game 36:game 35:game +:game x:game -:game =:game
EXPR: 0 | POS | INT | 7 | 47 | 12 | 35=((11-x)+36) | 35 11 x - 36 + = | 35:game 11:game x:game -:game 36:game +:game =:game
EXPR: 0 | POS | INT | 7 | 47 | 12 | ((11-x)+36)=35 | 11 x - 36 + 35 = | 11:game x:game -:game 36:game +:game 35:game =:game
EXPR: 0 | POS | INT | 7 | 47 | 60 | 11=((36-x)+35) | 11 36 x - 35 + = | 11:game 36:game x:game -:game 35:game +:game =:game
EXPR: 0 | POS | INT | 7 | 47 | 82 | ((x-11)-36)=35 | x 11 - 36 - 35 = | x:game 11:game -:game 36:game -:game 35:game =:game
EXPR: 0 | POS | INT | 7 | 47 | 12 | (35-(11-x))=36 | 35 11 x - - 36 = | 35:game 11:game x:game -:game -:game 36:game =:game
EXPR: 0 | POS | INT | 7 | 47 | 10 | 11=((x+36)-35) | 11 x 36 + 35 - = | 11:game x:game 36:game +:game 35:game -:game =:game
EXPR: 0 | POS | INT | 7 | 47 | 12 | ((35+x)-11)=36 | 35 x + 11 - 36 = | 35:game x:game +:game 11:game -:game 36:game =:game
EXPR: 0 | POS | INT | 7 | 47 | 82 | 11=((x-36)-35) | 11 x 36 - 35 - = | 11:game x:game 36:game -:game 35:game -:game =:game
EXPR: 0 | POS | INT | 7 | 47 | 12 | 11=((x-36)+35) | 11 x 36 - 35 + = | 11:game x:game 36:game -:game 35:game +:game =:game
EXPR: 0 | POS | INT | 7 | 47 | 10 | 11=(x+(36-35)) | 11 x 36 35 - + = | 11:game x:game 36:game 35:game -:game +:game =:game
EXPR: 0 | POS | INT | 7 | 47 | 10 | ((35-x)+11)=36 | 35 x - 11 + 36 = | 35:game x:game -:game 11:game +:game 36:game =:game
EXPR: 0 | POS | INT | 7 | 47 | 10 | ((x-11)+36)=35 | x 11 - 36 + 35 = | x:game 11:game -:game 36:game +:game 35:game =:game
EXPR: 0 | POS | INT | 7 | 47 | 60 | ((x+11)-36)=35 | x 11 + 36 - 35 = | x:game 11:game +:game 36:game -:game 35:game =:game
EXPR: 0 | POS | INT | 7 | 47 | 12 | ((11-35)+36)=x | 11 35 - 36 + x = | 11:game 35:game -:game 36:game +:game x:game =:game
EXPR: 0 | POS | INT | 7 | 47 | 12 | ((x+35)-11)=36 | x 35 + 11 - 36 = | x:game 35:game +:game 11:game -:game 36:game =:game
EXPR: 0 | POS | INT | 7 | 47 | 82 | 35=((x-11)-36) | 35 x 11 - 36 - = | 35:game x:game 11:game -:game 36:game -:game =:game
EXPR: 0 | POS | INT | 7 | 47 | 60 | 35=((x+11)-36) | 35 x 11 + 36 - = | 35:game x:game 11:game +:game 36:game -:game =:game
EXPR: 0 | POS | INT | 7 | 47 | 10 | 35=((x-11)+36) | 35 x 11 - 36 + = | 35:game x:game 11:game -:game 36:game +:game =:game
EXPR: 0 | POS | INT | 9 | 47 | 60 | (11+(x-35))=36 | 11 x 35 - + 36 = | 11:game x:game 35:game -:game +:game 36:game =:game
EXPR: 0 | POS | INT | 9 | 47 | 12 | ((x-11)+35)=36 | x 11 - 35 + 36 = | x:game 11:game -:game 35:game +:game 36:game =:game
EXPR: 0 | POS | INT | 9 | 47 | 10 | ((11-x)+35)=36 | 11 x - 35 + 36 = | 11:game x:game -:game 35:game +:game 36:game =:game
EXPR: 0 | POS | INT | 9 | 47 | 60 | 11=(35+(36-x)) | 11 35 36 x - + = | 11:game 35:game 36:game x:game -:game +:game =:game
EXPR: 0 | POS | INT | 9 | 47 | 82 | ((x-11)-35)=36 | x 11 - 35 - 36 = | x:game 11:game -:game 35:game -:game 36:game =:game
EXPR: 0 | POS | INT | 9 | 47 | 12 | 11=(35-(36-x)) | 11 35 36 x - - = | 11:game 35:game 36:game x:game -:game -:game =:game
EXPR: 0 | POS | INT | 9 | 47 | 12 | 11=(35+(x-36)) | 11 35 x 36 - + = | 11:game 35:game x:game 36:game -:game +:game =:game
EXPR: 0 | POS | INT | 9 | 47 | 12 | (x-(11-35))=36 | x 11 35 - - 36 = | x:game 11:game 35:game -:game -:game 36:game =:game
EXPR: 0 | POS | INT | 9 | 47 | 60 | 11=(35-(x-36)) | 11 35 x 36 - - = | 11:game 35:game x:game 36:game -:game -:game =:game
EXPR: 0 | POS | INT | 9 | 47 | 60 | (x+(11-35))=36 | x 11 35 - + 36 = | x:game 11:game 35:game -:game +:game 36:game =:game
EXPR: 0 | POS | INT | 9 | 47 | 10 | (11-(x-35))=36 | 11 x 35 - - 36 = | 11:game x:game 35:game -:game -:game 36:game =:game
EXPR: 0 | POS | INT | 9 | 47 | 60 | ((11-35)+x)=36 | 11 35 - x + 36 = | 11:game 35:game -:game x:game +:game 36:game =:game
EXPR: 0 | POS | INT | 9 | 47 | 12 | 11=((35+x)-36) | 11 35 x + 36 - = | 11:game 35:game x:game +:game 36:game -:game =:game
EXPR: 0 | POS | INT | 9 | 47 | 60 | (11-(35-x))=36 | 11 35 x - - 36 = | 11:game 35:game x:game -:game -:game 36:game =:game
EXPR: 0 | POS | INT | 9 | 47 | 12 | 11=((35-36)+x) | 11 35 36 - x + = | 11:game 35:game 36:game -:game x:game +:game =:game
EXPR: 0 | POS | INT | 9 | 47 | 60 | ((11+x)-35)=36 | 11 x + 35 - 36 = | 11:game x:game +:game 35:game -:game 36:game =:game
EXPR: 0 | POS | INT | 9 | 47 | 60 | 11=((35-x)+36) | 11 35 x - 36 + = | 11:game 35:game x:game -:game 36:game +:game =:game
EXPR: 0 | POS | INT | 9 | 47 | 10 | (11+(35-x))=36 | 11 35 x - + 36 = | 11:game 35:game x:game -:game +:game 36:game =:game
EXPR: 0 | POS | INT | 9 | 47 | 82 | 11=((x-35)-36) | 11 x 35 - 36 - = | 11:game x:game 35:game -:game 36:game -:game =:game
EXPR: 0 | POS | INT | 9 | 47 | 10 | 11=((x-35)+36) | 11 x 35 - 36 + = | 11:game x:game 35:game -:game 36:game +:game =:game
EXPR: 0 | POS | INT | 9 | 47 | 10 | 11=(x-(35-36)) | 11 x 35 36 - - = | 11:game x:game 35:game 36:game -:game -:game =:game
EXPR: 0 | POS | INT | 9 | 47 | 12 | 11=(x+(35-36)) | 11 x 35 36 - + = | 11:game x:game 35:game 36:game -:game +:game =:game
EXPR: 0 | POS | INT | 9 | 47 | 60 | ((x+11)-35)=36 | x 11 + 35 - 36 = | x:game 11:game +:game 35:game -:game 36:game =:game
EXPR: 0 | POS | INT | 9 | 47 | 12 | 11=((x+35)-36) | 11 x 35 + 36 - = | 11:game x:game 35:game +:game 36:game -:game =:game
EXPR: 0 | POS | INT | 12 | 47 | 82 | (36+35)=(x-11) | 36 35 + x 11 - = | 36:game 35:game +:game x:game 11:game -:game =:game
EXPR: 0 | POS | INT | 12 | 47 | 12 | (36-x)=(35-11) | 36 x - 35 11 - = | 36:game x:game -:game 35:game 11:game -:game =:game
EXPR: 0 | POS | INT | 12 | 47 | 60 | (36+35)=(x+11) | 36 35 + x 11 + = | 36:game 35:game +:game x:game 11:game +:game =:game
EXPR: 0 | POS | INT | 12 | 47 | 12 | (36-35)=(x-11) | 36 35 - x 11 - = | 36:game 35:game -:game x:game 11:game -:game =:game
EXPR: 0 | POS | INT | 12 | 47 | 10 | (36+x)=(35+11) | 36 x + 35 11 + = | 36:game x:game +:game 35:game 11:game +:game =:game
EXPR: 0 | POS | INT | 12 | 47 | 10 | (36-35)=(11-x) | 36 35 - 11 x - = | 36:game 35:game -:game 11:game x:game -:game =:game
EXPR: 0 | POS | INT | 12 | 47 | 60 | (36+35)=(11+x) | 36 35 + 11 x + = | 36:game 35:game +:game 11:game x:game +:game =:game
EXPR: 0 | POS | INT | 12 | 47 | 10 | (x+36)=(35+11) | x 36 + 35 11 + = | x:game 36:game +:game 35:game 11:game +:game =:game
EXPR: 0 | POS | INT | 12 | 47 | 60 | (x-36)=(35-11) | x 36 - 35 11 - = | x:game 36:game -:game 35:game 11:game -:game =:game
EXPR: 0 | POS | INT | 12 | 47 | 82 | (x-36)=(35+11) | x 36 - 35 11 + = | x:game 36:game -:game 35:game 11:game +:game =:game
EXPR: 0 | POS | INT | 14 | 47 | 10 | (35-x)=(36-11) | 35 x - 36 11 - = | 35:game x:game -:game 36:game 11:game -:game =:game
EXPR: 0 | POS | INT | 14 | 47 | 10 | (36-11)=(35-x) | 36 11 - 35 x - = | 36:game 11:game -:game 35:game x:game -:game =:game
EXPR: 0 | POS | INT | 14 | 47 | 12 | (x-36)=(11-35) | x 36 - 11 35 - = | x:game 36:game -:game 11:game 35:game -:game =:game
EXPR: 0 | POS | INT | 14 | 47 | 60 | (36-11)=(x-35) | 36 11 - x 35 - = | 36:game 11:game -:game x:game 35:game -:game =:game
EXPR: 0 | POS | INT | 14 | 47 | 12 | (35+x)=(36+11) | 35 x + 36 11 + = | 35:game x:game +:game 36:game 11:game +:game =:game
EXPR: 0 | POS | INT | 14 | 47 | 60 | (36-x)=(11-35) | 36 x - 11 35 - = | 36:game x:game -:game 11:game 35:game -:game =:game
EXPR: 0 | POS | INT | 14 | 47 | 12 | (36+11)=(35+x) | 36 11 + 35 x + = | 36:game 11:game +:game 35:game x:game +:game =:game
EXPR: 0 | POS | INT | 14 | 47 | 10 | (35-36)=(x-11) | 35 36 - x 11 - = | 35:game 36:game -:game x:game 11:game -:game =:game
EXPR: 0 | POS | INT | 14 | 47 | 60 | (x-35)=(36-11) | x 35 - 36 11 - = | x:game 35:game -:game 36:game 11:game -:game =:game
EXPR: 0 | POS | INT | 14 | 47 | 82 | (x-35)=(36+11) | x 35 - 36 11 + = | x:game 35:game -:game 36:game 11:game +:game =:game
EXPR: 0 | POS | INT | 14 | 47 | 12 | (35-36)=(11-x) | 35 36 - 11 x - = | 35:game 36:game -:game 11:game x:game -:game =:game
EXPR: 0 | POS | INT | 14 | 47 | 12 | (x+35)=(36+11) | x 35 + 36 11 + = | x:game 35:game +:game 36:game 11:game +:game =:game
EXPR: 0 | POS | INT | 14 | 47 | 82 | (36+11)=(x-35) | 36 11 + x 35 - = | 36:game 11:game +:game x:game 35:game -:game =:game
EXPR: 0 | POS | INT | 14 | 47 | 12 | (36+11)=(x+35) | 36 11 + x 35 + = | 36:game 11:game +:game x:game 35:game +:game =:game
EXPR: 0 | POS | INT | 17 | 47 | 60 | (35-11)=(x-36) | 35 11 - x 36 - = | 35:game 11:game -:game x:game 36:game -:game =:game
EXPR: 0 | POS | INT | 17 | 47 | 82 | (35+11)=(x-36) | 35 11 + x 36 - = | 35:game 11:game +:game x:game 36:game -:game =:game
EXPR: 0 | POS | INT | 17 | 47 | 12 | (x-11)=(36-35) | x 11 - 36 35 - = | x:game 11:game -:game 36:game 35:game -:game =:game
EXPR: 0 | POS | INT | 17 | 47 | 60 | (35-x)=(11-36) | 35 x - 11 36 - = | 35:game x:game -:game 11:game 36:game -:game =:game
EXPR: 0 | POS | INT | 17 | 47 | 82 | (x-11)=(36+35) | x 11 - 36 35 + = | x:game 11:game -:game 36:game 35:game +:game =:game
EXPR: 0 | POS | INT | 17 | 47 | 10 | (35+11)=(x+36) | 35 11 + x 36 + = | 35:game 11:game +:game x:game 36:game +:game =:game
EXPR: 0 | POS | INT | 17 | 47 | 12 | (35-11)=(36-x) | 35 11 - 36 x - = | 35:game 11:game -:game 36:game x:game -:game =:game
EXPR: 0 | POS | INT | 17 | 47 | 10 | (11-x)=(36-35) | 11 x - 36 35 - = | 11:game x:game -:game 36:game 35:game -:game =:game
EXPR: 0 | POS | INT | 17 | 47 | 10 | (x-35)=(11-36) | x 35 - 11 36 - = | x:game 35:game -:game 11:game 36:game -:game =:game
EXPR: 0 | POS | INT | 17 | 47 | 10 | (11-36)=(x-35) | 11 36 - x 35 - = | 11:game 36:game -:game x:game 35:game -:game =:game
EXPR: 0 | POS | INT | 17 | 47 | 60 | (11-36)=(35-x) | 11 36 - 35 x - = | 11:game 36:game -:game 35:game x:game -:game =:game
EXPR: 0 | POS | INT | 17 | 47 | 60 | (x+11)=(36+35) | x 11 + 36 35 + = | x:game 11:game +:game 36:game 35:game +:game =:game
EXPR: 0 | POS | INT | 17 | 47 | 60 | (11+x)=(36+35) | 11 x + 36 35 + = | 11:game x:game +:game 36:game 35:game +:game =:game
EXPR: 0 | POS | INT | 17 | 47 | 10 | (35+11)=(36+x) | 35 11 + 36 x + = | 35:game 11:game +:game 36:game x:game +:game =:game
EXPR: 0 | POS | INT | 19 | 47 | 10 | (x-11)=(35-36) | x 11 - 35 36 - = | x:game 11:game -:game 35:game 36:game -:game =:game
EXPR: 0 | POS | INT | 19 | 47 | 12 | (11-x)=(35-36) | 11 x - 35 36 - = | 11:game x:game -:game 35:game 36:game -:game =:game
EXPR: 0 | POS | INT | 19 | 47 | 12 | (11-35)=(x-36) | 11 35 - x 36 - = | 11:game 35:game -:game x:game 36:game -:game =:game
EXPR: 0 | POS | INT | 19 | 47 | 60 | (11-35)=(36-x) | 11 35 - 36 x - = | 11:game 35:game -:game 36:game x:game -:game =:game
NET 252 unique, non-negative, integer-valued solutions found out of 480 total solutions
