parameters: n=9 l=4 k=1 p=5 q=2 m=10
TOTAL 536 solutions found
SOLN: CORRECT | POS/NEG | INT/FRA | OBJ-SCORE | TRUE-ANS | ANS | INFIX | POSTFIX | TYPED-POSTFIX
EXPR: 0 | POS | FRA | 0 | 1.37 | 25.05 | ((5.92*2)-(6.79-20))=x | 5.92 2 * 6.79 20 - - x = | 5.92:dollar 2:ticket *:dollar 6.79:dollar 20:dollar -:dollar -:dollar x:dollar =:dollar
EXPR: 0 | POS | FRA | 0 | 1.37 | 16.17 | ((5.92/2)-(6.79-20))=x | 5.92 2 / 6.79 20 - - x = | 5.92:dollar 2:ticket /:dollar 6.79:dollar 20:dollar -:dollar -:dollar x:dollar =:dollar
EXPR: 0 | POS | FRA | 0 | 1.37 | 12.34 | ((5.92-(2*6.79))+20)=x | 5.92 2 6.79 * - 20 + x = | 5.92:dollar 2:ticket 6.79:dollar *:dollar -:dollar 20:dollar +:dollar x:dollar =:dollar
EXPR: 0 | POS | FRA | 0 | 1.37 | 59.5 | (5.92+(2*(6.79+20)))=x | 5.92 2 6.79 20 + * + x = | 5.92:dollar 2:ticket 6.79:dollar 20:dollar +:dollar *:dollar +:dollar x:dollar =:dollar
EXPR: 0 | POS | FRA | 0 | 1.37 | 16.17 | (((5.92/2)-6.79)+20)=x | 5.92 2 / 6.79 - 20 + x = | 5.92:dollar 2:ticket /:dollar 6.79:dollar -:dollar 20:dollar +:dollar x:dollar =:dollar
EXPR: 0 | POS | FRA | 0 | 1.37 | 38.63 | ((5.92*2)+(6.79+20))=x | 5.92 2 * 6.79 20 + + x = | 5.92:dollar 2:ticket *:dollar 6.79:dollar 20:dollar +:dollar +:dollar x:dollar =:dollar
EXPR: 0 | POS | FRA | 0 | 1.37 | 29.75 | ((5.92/2)+(6.79+20))=x | 5.92 2 / 6.79 20 + + x = | 5.92:dollar 2:ticket /:dollar 6.79:dollar 20:dollar +:dollar +:dollar x:dollar =:dollar
EXPR: 0 | POS | FRA | 0 | 1.37 | 39.5 | ((5.92+(2*6.79))+20)=x | 5.92 2 6.79 * + 20 + x = | 5.92:dollar 2:ticket 6.79:dollar *:dollar +:dollar 20:dollar +:dollar x:dollar =:dollar
EXPR: 0 | POS | FRA | 0 | 1.37 | 32.34 | (5.92-(2*(6.79-20)))=x | 5.92 2 6.79 20 - * - x = | 5.92:dollar 2:ticket 6.79:dollar 20:dollar -:dollar *:dollar -:dollar x:dollar =:dollar
EXPR: 0 | POS | FRA | 0 | 1.37 | 38.63 | x=((5.92*2)+(6.79+20)) | x 5.92 2 * 6.79 20 + + = | x:dollar 5.92:dollar 2:ticket *:dollar 6.79:dollar 20:dollar +:dollar +:dollar =:dollar
EXPR: 0 | POS | FRA | 0 | 1.37 | 25.05 | (((5.92*2)-6.79)+20)=x | 5.92 2 * 6.79 - 20 + x = | 5.92:dollar 2:ticket *:dollar 6.79:dollar -:dollar 20:dollar +:dollar x:dollar =:dollar
EXPR: 0 | POS | FRA | 0 | 1.37 | 39.5 | (5.92+((2*6.79)+20))=x | 5.92 2 6.79 * 20 + + x = | 5.92:dollar 2:ticket 6.79:dollar *:dollar 20:dollar +:dollar +:dollar x:dollar =:dollar
EXPR: 0 | POS | FRA | 0 | 1.37 | 317.1936 | ((5.92*2)*(6.79+20))=x | 5.92 2 * 6.79 20 + * x = | 5.92:dollar 2:ticket *:ticket 6.79:dollar 20:dollar +:dollar *:dollar x:dollar =:dollar
EXPR: 0 | POS | FRA | 0 | 1.37 | 12.34 | (5.92-((2*6.79)-20))=x | 5.92 2 6.79 * 20 - - x = | 5.92:dollar 2:ticket 6.79:dollar *:dollar 20:dollar -:dollar -:dollar x:dollar =:dollar
EXPR: 0 | POS | FRA | 0 | 1.37 | 317.1936 | x=((5.92*2)*(6.79+20)) | x 5.92 2 * 6.79 20 + * = | x:dollar 5.92:dollar 2:ticket *:ticket 6.79:dollar 20:dollar +:dollar *:dollar =:dollar
EXPR: 0 | POS | FRA | 0 | 1.37 | 25.05 | x=(((5.92*2)-6.79)+20) | x 5.92 2 * 6.79 - 20 + = | x:dollar 5.92:dollar 2:ticket *:dollar 6.79:dollar -:dollar 20:dollar +:dollar =:dollar
EXPR: 0 | POS | FRA | 0 | 1.37 | 29.75 | x=((5.92/2)+(6.79+20)) | x 5.92 2 / 6.79 20 + + = | x:dollar 5.92:dollar 2:ticket /:dollar 6.79:dollar 20:dollar +:dollar +:dollar =:dollar
EXPR: 0 | POS | FRA | 0 | 1.37 | 12.34 | x=((5.92-(2*6.79))+20) | x 5.92 2 6.79 * - 20 + = | x:dollar 5.92:dollar 2:ticket 6.79:dollar *:dollar -:dollar 20:dollar +:dollar =:dollar
EXPR: 0 | POS | FRA | 0 | 1.37 | 39.5 | x=(5.92+((2*6.79)+20)) | x 5.92 2 6.79 * 20 + + = | x:dollar 5.92:dollar 2:ticket 6.79:dollar *:dollar 20:dollar +:dollar +:dollar =:dollar
EXPR: 0 | POS | FRA | 0 | 1.37 | 12.34 | x=(5.92-((2*6.79)-20)) | x 5.92 2 6.79 * 20 - - = | x:dollar 5.92:dollar 2:ticket 6.79:dollar *:dollar 20:dollar -:dollar -:dollar =:dollar
EXPR: 0 | POS | FRA | 0 | 1.37 | 38.63 | (((5.92*2)+6.79)+20)=x | 5.92 2 * 6.79 + 20 + x = | 5.92:dollar 2:ticket *:dollar 6.79:dollar +:dollar 20:dollar +:dollar x:dollar =:dollar
EXPR: 0 | POS | FRA | 0 | 1.37 | 29.75 | (((5.92/2)+6.79)+20)=x | 5.92 2 / 6.79 + 20 + x = | 5.92:dollar 2:ticket /:dollar 6.79:dollar +:dollar 20:dollar +:dollar x:dollar =:dollar
EXPR: 0 | POS | FRA | 0 | 1.37 | 59.5 | x=(5.92+(2*(6.79+20))) | x 5.92 2 6.79 20 + * + = | x:dollar 5.92:dollar 2:ticket 6.79:dollar 20:dollar +:dollar *:dollar +:dollar =:dollar
EXPR: 0 | POS | FRA | 0 | 1.37 | 32.34 | x=(5.92-(2*(6.79-20))) | x 5.92 2 6.79 20 - * - = | x:dollar 5.92:dollar 2:ticket 6.79:dollar 20:dollar -:dollar *:dollar -:dollar =:dollar
EXPR: 0 | POS | FRA | 0 | 1.37 | 16.17 | x=(((5.92/2)-6.79)+20) | x 5.92 2 / 6.79 - 20 + = | x:dollar 5.92:dollar 2:ticket /:dollar 6.79:dollar -:dollar 20:dollar +:dollar =:dollar
EXPR: 0 | POS | FRA | 0 | 1.37 | 39.5 | x=((5.92+(2*6.79))+20) | x 5.92 2 6.79 * + 20 + = | x:dollar 5.92:dollar 2:ticket 6.79:dollar *:dollar +:dollar 20:dollar +:dollar =:dollar
EXPR: 0 | POS | FRA | 0 | 1.37 | 38.63 | x=(((5.92*2)+6.79)+20) | x 5.92 2 * 6.79 + 20 + = | x:dollar 5.92:dollar 2:ticket *:dollar 6.79:dollar +:dollar 20:dollar +:dollar =:dollar
EXPR: 0 | POS | FRA | 0 | 1.37 | 25.05 | x=((5.92*2)-(6.79-20)) | x 5.92 2 * 6.79 20 - - = | x:dollar 5.92:dollar 2:ticket *:dollar 6.79:dollar 20:dollar -:dollar -:dollar =:dollar
EXPR: 0 | POS | FRA | 0 | 1.37 | 16.17 | x=((5.92/2)-(6.79-20)) | x 5.92 2 / 6.79 20 - - = | x:dollar 5.92:dollar 2:ticket /:dollar 6.79:dollar 20:dollar -:dollar -:dollar =:dollar
EXPR: 0 | POS | FRA | 0 | 1.37 | 29.75 | x=(((5.92/2)+6.79)+20) | x 5.92 2 / 6.79 + 20 + = | x:dollar 5.92:dollar 2:ticket /:dollar 6.79:dollar +:dollar 20:dollar +:dollar =:dollar
EXPR: 0 | POS | FRA | 2 | 1.37 | 14.95 | ((5.92*2)-(6.79-x))=20 | 5.92 2 * 6.79 x - - 20 = | 5.92:dollar 2:ticket *:dollar 6.79:dollar x:dollar -:dollar -:dollar 20:dollar =:dollar
EXPR: 0 | POS | FRA | 2 | 1.37 | 38.63 | (((5.92*2)+20)+6.79)=x | 5.92 2 * 20 + 6.79 + x = | 5.92:dollar 2:ticket *:dollar 20:dollar +:dollar 6.79:dollar +:dollar x:dollar =:dollar
EXPR: 0 | POS | FRA | 2 | 1.37 | 13.83 | (5.92-(2*(6.79-x)))=20 | 5.92 2 6.79 x - * - 20 = | 5.92:dollar 2:ticket 6.79:dollar x:dollar -:dollar *:dollar -:dollar 20:dollar =:dollar
EXPR: 0 | POS | FRA | 2 | 1.37 | 10.25 | ((5.92/2)+(6.79+x))=20 | 5.92 2 / 6.79 x + + 20 = | 5.92:dollar 2:ticket /:dollar 6.79:dollar x:dollar +:dollar +:dollar 20:dollar =:dollar
EXPR: 0 | POS | FRA | 2 | 1.37 | 8.47918918918919 | ((5.92*2)*(x-6.79))=20 | 5.92 2 * x 6.79 - * 20 = | 5.92:dollar 2:ticket *:ticket x:dollar 6.79:dollar -:dollar *:dollar 20:dollar =:dollar
EXPR: 0 | POS | FRA | 2 | 1.37 | 3.645 | ((5.92+(2*x))+6.79)=20 | 5.92 2 x * + 6.79 + 20 = | 5.92:dollar 2:ticket x:dollar *:dollar +:dollar 6.79:dollar +:dollar 20:dollar =:dollar
EXPR: 0 | POS | FRA | 2 | 1.37 | 5.10081081081081 | ((5.92*2)*(6.79-x))=20 | 5.92 2 * 6.79 x - * 20 = | 5.92:dollar 2:ticket *:ticket 6.79:dollar x:dollar -:dollar *:dollar 20:dollar =:dollar
EXPR: 0 | POS | FRA | 2 | 1.37 | 65.42 | x=(2*((5.92+6.79)+20)) | x 2 5.92 6.79 + 20 + * = | x:dollar 2:ticket 5.92:dollar 6.79:dollar +:dollar 20:dollar +:dollar *:dollar =:dollar
EXPR: 0 | POS | FRA | 2 | 1.37 | 27.66 | (5.92-((2*6.79)-x))=20 | 5.92 2 6.79 * x - - 20 = | 5.92:dollar 2:ticket 6.79:dollar *:dollar x:dollar -:dollar -:dollar 20:dollar =:dollar
EXPR: 0 | POS | FRA | 2 | 1.37 | 29.315 | x=(5.92+((6.79/2)+20)) | x 5.92 6.79 2 / 20 + + = | x:dollar 5.92:dollar 6.79:dollar 2:ticket /:dollar 20:dollar +:dollar +:dollar =:dollar
EXPR: 0 | POS | FRA | 2 | 1.37 | 25.05 | x=((5.92*2)+(20-6.79)) | x 5.92 2 * 20 6.79 - + = | x:dollar 5.92:dollar 2:ticket *:dollar 20:dollar 6.79:dollar -:dollar +:dollar =:dollar
EXPR: 0 | POS | FRA | 2 | 1.37 | 10.435 | ((5.92+(2*x))-6.79)=20 | 5.92 2 x * + 6.79 - 20 = | 5.92:dollar 2:ticket x:dollar *:dollar +:dollar 6.79:dollar -:dollar 20:dollar =:dollar
EXPR: 0 | POS | FRA | 2 | 1.37 | 156.4064 | x=((5.92*2)*(20-6.79)) | x 5.92 2 * 20 6.79 - * = | x:dollar 5.92:dollar 2:ticket *:ticket 20:dollar 6.79:dollar -:dollar *:dollar =:dollar
EXPR: 0 | POS | FRA | 4 | 1.37 | 41.74 | (5.92-(6.79-(x/2)))=20 | 5.92 6.79 x 2 / - - 20 = | 5.92:dollar 6.79:dollar x:dollar 2:ticket /:dollar -:dollar -:dollar 20:dollar =:dollar
EXPR: 0 | POS | FRA | 4 | 1.37 | 40.87 | ((5.92-(2*20))+x)=6.79 | 5.92 2 20 * - x + 6.79 = | 5.92:dollar 2:ticket 20:dollar *:dollar -:dollar x:dollar +:dollar 6.79:dollar =:dollar
EXPR: 0 | POS | FRA | 4 | 1.37 | 19.565 | (5.92+(2*(20-x)))=6.79 | 5.92 2 20 x - * + 6.79 = | 5.92:dollar 2:ticket 20:dollar x:dollar -:dollar *:dollar +:dollar 6.79:dollar =:dollar
EXPR: 0 | POS | FRA | 5 | 1.37 | 38.63 | x=(6.79+((5.92*2)+20)) | x 6.79 5.92 2 * 20 + + = | x:dollar 6.79:dollar 5.92:dollar 2:ticket *:dollar 20:dollar +:dollar +:dollar =:dollar
EXPR: 0 | POS | FRA | 5 | 1.37 | 14.95 | x=(6.79-((5.92*2)-20)) | x 6.79 5.92 2 * 20 - - = | x:dollar 6.79:dollar 5.92:dollar 2:ticket *:dollar 20:dollar -:dollar -:dollar =:dollar
EXPR: 0 | POS | FRA | 6 | 1.37 | 16.355 | ((x*2)-(5.92+20))=6.79 | x 2 * 5.92 20 + - 6.79 = | x:dollar 2:ticket *:dollar 5.92:dollar 20:dollar +:dollar -:dollar 6.79:dollar =:dollar
EXPR: 0 | POS | FRA | 7 | 1.37 | 29.315 | (((6.79/2)+5.92)+20)=x | 6.79 2 / 5.92 + 20 + x = | 6.79:dollar 2:ticket /:dollar 5.92:dollar +:dollar 20:dollar +:dollar x:dollar =:dollar
EXPR: 0 | POS | FRA | 7 | 1.37 | 29.315 | x=((6.79/2)+(5.92+20)) | x 6.79 2 / 5.92 20 + + = | x:dollar 6.79:dollar 2:ticket /:dollar 5.92:dollar 20:dollar +:dollar +:dollar =:dollar
EXPR: 0 | POS | FRA | 7 | 1.37 | 17.475 | x=((6.79/2)-(5.92-20)) | x 6.79 2 / 5.92 20 - - = | x:dollar 6.79:dollar 2:ticket /:dollar 5.92:dollar 20:dollar -:dollar -:dollar =:dollar
EXPR: 0 | POS | FRA | 10 | 1.37 | 73.7768 | x=(((5.92+2)*6.79)+20) | x 5.92 2 + 6.79 * 20 + = | x:dollar 5.92:ticket 2:ticket +:ticket 6.79:dollar *:dollar 20:dollar +:dollar =:dollar
EXPR: 0 | POS | FRA | 10 | 1.37 | 18.7640918580376 | ((5.92/(2-6.79))+20)=x | 5.92 2 6.79 - / 20 + x = | 5.92:dollar 2:ticket 6.79:ticket -:ticket /:dollar 20:dollar +:dollar x:dollar =:dollar
EXPR: 0 | POS | FRA | 10 | 1.37 | 10.435 | (((2*x)-20)+5.92)=6.79 | 2 x * 20 - 5.92 + 6.79 = | 2:ticket x:dollar *:dollar 20:dollar -:dollar 5.92:dollar +:dollar 6.79:dollar =:dollar
EXPR: 0 | POS | INT | 10 | 1.37 | 101 | x=(((5.92*2)-6.79)*20) | x 5.92 2 * 6.79 - 20 * = | x:dollar 5.92:dollar 2:ticket *:ticket 6.79:ticket -:ticket 20:dollar *:dollar =:dollar
EXPR: 0 | POS | FRA | 10 | 1.37 | 372.6 | x=(((5.92*2)+6.79)*20) | x 5.92 2 * 6.79 + 20 * = | x:dollar 5.92:dollar 2:ticket *:ticket 6.79:ticket +:ticket 20:dollar *:dollar =:dollar
EXPR: 0 | POS | FRA | 10 | 1.37 | 112.508983799705 | x=((5.92-(2/6.79))*20) | x 5.92 2 6.79 / - 20 * = | x:dollar 5.92:ticket 2:ticket 6.79:dollar /:ticket -:ticket 20:dollar *:dollar =:dollar
EXPR: 0 | POS | FRA | 10 | 1.37 | 124.291016200295 | x=((5.92+(2/6.79))*20) | x 5.92 2 6.79 / + 20 * = | x:dollar 5.92:ticket 2:ticket 6.79:dollar /:ticket +:ticket 20:dollar *:dollar =:dollar
EXPR: 0 | POS | FRA | 10 | 1.37 | 17.13 | x=(((5.92-2)-6.79)+20) | x 5.92 2 - 6.79 - 20 + = | x:dollar 5.92:dollar 2:dollar -:dollar 6.79:dollar -:dollar 20:dollar +:dollar =:dollar
EXPR: 0 | POS | FRA | 10 | 1.37 | 32.0368 | x=((5.92*(2+6.79))-20) | x 5.92 2 6.79 + * 20 - = | x:dollar 5.92:dollar 2:ticket 6.79:ticket +:ticket *:dollar 20:dollar -:dollar =:dollar
EXPR: 0 | POS | FRA | 10 | 1.37 | 198.7936 | x=(5.92*((2*6.79)+20)) | x 5.92 2 6.79 * 20 + * = | x:dollar 5.92:ticket 2:ticket 6.79:dollar *:dollar 20:dollar +:dollar *:dollar =:dollar
EXPR: 0 | POS | FRA | 11 | 1.37 | 17.475 | (((6.79/2)+20)-5.92)=x | 6.79 2 / 20 + 5.92 - x = | 6.79:dollar 2:ticket /:dollar 20:dollar +:dollar 5.92:dollar -:dollar x:dollar =:dollar
EXPR: 0 | POS | FRA | 11 | 1.37 | 22.71 | x=((20/2)+(5.92+6.79)) | x 20 2 / 5.92 6.79 + + = | x:dollar 20:dollar 2:ticket /:dollar 5.92:dollar 6.79:dollar +:dollar +:dollar =:dollar
EXPR: 0 | POS | FRA | 11 | 1.37 | 40.87 | x=(6.79+((2*20)-5.92)) | x 6.79 2 20 * 5.92 - + = | x:dollar 6.79:dollar 2:ticket 20:dollar *:dollar 5.92:dollar -:dollar +:dollar =:dollar
EXPR: 0 | POS | FRA | 12 | 1.37 | 34.71 | x=(5.92+(6.79+(2+20))) | x 5.92 6.79 2 20 + + + = | x:dollar 5.92:dollar 6.79:dollar 2:dollar 20:dollar +:dollar +:dollar +:dollar =:dollar
EXPR: 0 | POS | FRA | 12 | 1.37 | 17.13 | x=(5.92-(6.79+(2-20))) | x 5.92 6.79 2 20 - + - = | x:dollar 5.92:dollar 6.79:dollar 2:dollar 20:dollar -:dollar +:dollar -:dollar =:dollar
EXPR: 0 | POS | FRA | 12 | 1.37 | 22.87 | x=(2-(5.92-(6.79+20))) | x 2 5.92 6.79 20 + - - = | x:dollar 2:dollar 5.92:dollar 6.79:dollar 20:dollar +:dollar -:dollar -:dollar =:dollar
EXPR: 0 | POS | FRA | 12 | 1.37 | 1.60182025028441 | (5.92+((2+6.79)*x))=20 | 5.92 2 6.79 + x * + 20 = | 5.92:dollar 2:ticket 6.79:ticket +:ticket x:dollar *:dollar +:dollar 20:dollar =:dollar
EXPR: 0 | POS | FRA | 12 | 1.37 | 21.13 | x=(5.92-(6.79-(2+20))) | x 5.92 6.79 2 20 + - - = | x:dollar 5.92:dollar 6.79:dollar 2:dollar 20:dollar +:dollar -:dollar -:dollar =:dollar
EXPR: 0 | POS | FRA | 12 | 1.37 | 22.87 | (((x+5.92)-2)-6.79)=20 | x 5.92 + 2 - 6.79 - 20 = | x:dollar 5.92:dollar +:dollar 2:dollar -:dollar 6.79:dollar -:dollar 20:dollar =:dollar
EXPR: 0 | POS | FRA | 12 | 1.37 | 6.76288659793814 | ((5.92+(2*20))/6.79)=x | 5.92 2 20 * + 6.79 / x = | 5.92:dollar 2:ticket 20:dollar *:dollar +:dollar 6.79:ticket /:dollar x:dollar =:dollar
EXPR: 0 | POS | FRA | 12 | 1.37 | 0.975 | ((5.92+(2*6.79))/x)=20 | 5.92 2 6.79 * + x / 20 = | 5.92:dollar 2:ticket 6.79:dollar *:dollar +:dollar x:ticket /:dollar 20:dollar =:dollar
EXPR: 0 | POS | FRA | 12 | 1.37 | 1.02564102564103 | ((5.92+(2*6.79))*x)=20 | 5.92 2 6.79 * + x * 20 = | 5.92:dollar 2:ticket 6.79:dollar *:dollar +:dollar x:ticket *:dollar 20:dollar =:dollar
EXPR: 0 | POS | FRA | 12 | 1.37 | 2.93945720250522 | (5.92-((2-6.79)*x))=20 | 5.92 2 6.79 - x * - 20 = | 5.92:dollar 2:ticket 6.79:ticket -:ticket x:dollar *:dollar -:dollar 20:dollar =:dollar
EXPR: 0 | POS | FRA | 12 | 1.37 | 6.52533783783784 | ((5.92*(x-2))-6.79)=20 | 5.92 x 2 - * 6.79 - 20 = | 5.92:dollar x:ticket 2:ticket -:ticket *:dollar 6.79:dollar -:dollar 20:dollar =:dollar
EXPR: 0 | POS | FRA | 13 | 1.37 | 20.435 | (6.79+(2*(20-x)))=5.92 | 6.79 2 20 x - * + 5.92 = | 6.79:dollar 2:ticket 20:dollar x:dollar -:dollar *:dollar +:dollar 5.92:dollar =:dollar
EXPR: 0 | POS | FRA | 13 | 1.37 | 17.475 | (((6.79/2)+20)-x)=5.92 | 6.79 2 / 20 + x - 5.92 = | 6.79:dollar 2:ticket /:dollar 20:dollar +:dollar x:dollar -:dollar 5.92:dollar =:dollar
EXPR: 0 | POS | FRA | 13 | 1.37 | 16.355 | (((2*x)-20)-6.79)=5.92 | 2 x * 20 - 6.79 - 5.92 = | 2:ticket x:dollar *:dollar 20:dollar -:dollar 6.79:dollar -:dollar 5.92:dollar =:dollar
EXPR: 0 | POS | FRA | 14 | 1.37 | 0.213253768844221 | (((5.92*2)+20)*x)=6.79 | 5.92 2 * 20 + x * 6.79 = | 5.92:dollar 2:ticket *:dollar 20:dollar +:dollar x:ticket *:dollar 6.79:dollar =:dollar
EXPR: 0 | POS | FRA | 14 | 1.37 | 1.9565 | (5.92+((2-x)*20))=6.79 | 5.92 2 x - 20 * + 6.79 = | 5.92:dollar 2:ticket x:ticket -:ticket 20:dollar *:dollar +:dollar 6.79:dollar =:dollar
EXPR: 0 | POS | FRA | 14 | 1.37 | 2.6205 | (((5.92/2)-x)*20)=6.79 | 5.92 2 / x - 20 * 6.79 = | 5.92:dollar 2:ticket /:dollar x:dollar -:dollar 20:ticket *:dollar 6.79:dollar =:dollar
EXPR: 0 | POS | FRA | 14 | 1.37 | 2.93945720250522 | (5.92+((6.79-2)*x))=20 | 5.92 6.79 2 - x * + 20 = | 5.92:dollar 6.79:ticket 2:ticket -:ticket x:dollar *:dollar +:dollar 20:dollar =:dollar
EXPR: 0 | POS | FRA | 14 | 1.37 | 39.5 | x=(20+((2*6.79)+5.92)) | x 20 2 6.79 * 5.92 + + = | x:dollar 20:dollar 2:ticket 6.79:dollar *:dollar 5.92:dollar +:dollar +:dollar =:dollar
EXPR: 0 | POS | FRA | 14 | 1.37 | 30.71 | (((x+2)-5.92)-6.79)=20 | x 2 + 5.92 - 6.79 - 20 = | x:dollar 2:dollar +:dollar 5.92:dollar -:dollar 6.79:dollar -:dollar 20:dollar =:dollar
EXPR: 0 | POS | FRA | 14 | 1.37 | 9.13 | x=(((20/2)-6.79)+5.92) | x 20 2 / 6.79 - 5.92 + = | x:dollar 20:dollar 2:ticket /:dollar 6.79:dollar -:dollar 5.92:dollar +:dollar =:dollar
EXPR: 0 | POS | FRA | 14 | 1.37 | 27.66 | x=(20+((2*6.79)-5.92)) | x 20 2 6.79 * 5.92 - + = | x:dollar 20:dollar 2:ticket 6.79:dollar *:dollar 5.92:dollar -:dollar +:dollar =:dollar
EXPR: 0 | POS | FRA | 16 | 1.37 | 10.87 | ((6.79-x)+(20/2))=5.92 | 6.79 x - 20 2 / + 5.92 = | 6.79:dollar x:dollar -:dollar 20:dollar 2:ticket /:dollar +:dollar 5.92:dollar =:dollar
EXPR: 0 | POS | FRA | 16 | 1.37 | 14.3745508100147 | (2/((x+5.92)-20))=6.79 | 2 x 5.92 + 20 - / 6.79 = | 2:ticket x:dollar 5.92:dollar +:dollar 20:dollar -:dollar /:ticket 6.79:ticket =:ticket
EXPR: 0 | POS | FRA | 16 | 1.37 | 17.475 | x=(20+((6.79/2)-5.92)) | x 20 6.79 2 / 5.92 - + = | x:dollar 20:dollar 6.79:dollar 2:ticket /:dollar 5.92:dollar -:dollar +:dollar =:dollar
EXPR: 0 | POS | FRA | 16 | 1.37 | 29.315 | x=(20+((6.79/2)+5.92)) | x 20 6.79 2 / 5.92 + + = | x:dollar 20:dollar 6.79:dollar 2:ticket /:dollar 5.92:dollar +:dollar +:dollar =:dollar
EXPR: 0 | POS | FRA | 16 | 1.37 | 22.525 | x=(20-((6.79/2)-5.92)) | x 20 6.79 2 / 5.92 - - = | x:dollar 20:dollar 6.79:dollar 2:ticket /:dollar 5.92:dollar -:dollar -:dollar =:dollar
EXPR: 0 | POS | FRA | 16 | 1.37 | 10.685 | x=(20-((6.79/2)+5.92)) | x 20 6.79 2 / 5.92 + - = | x:dollar 20:dollar 6.79:dollar 2:ticket /:dollar 5.92:dollar +:dollar -:dollar =:dollar
EXPR: 0 | POS | FRA | 18 | 1.37 | 0.274348422496571 | x=(2/(20-(5.92+6.79))) | x 2 20 5.92 6.79 + - / = | x:ticket 2:ticket 20:dollar 5.92:dollar 6.79:dollar +:dollar -:dollar /:ticket =:ticket
EXPR: 0 | POS | FRA | 19 | 1.37 | 16.9583783783784 | x=((2*6.79)+(20/5.92)) | x 2 6.79 * 20 5.92 / + = | x:dollar 2:ticket 6.79:dollar *:dollar 20:dollar 5.92:ticket /:dollar +:dollar =:dollar
EXPR: 0 | POS | FRA | 19 | 1.37 | 18.7640918580376 | (20+(5.92/(2-6.79)))=x | 20 5.92 2 6.79 - / + x = | 20:dollar 5.92:dollar 2:ticket 6.79:ticket -:ticket /:dollar +:dollar x:dollar =:dollar
EXPR: 0 | POS | FRA | 19 | 1.37 | 9.29 | (((x+5.92)-20)+6.79)=2 | x 5.92 + 20 - 6.79 + 2 = | x:dollar 5.92:dollar +:dollar 20:dollar -:dollar 6.79:dollar +:dollar 2:dollar =:dollar
EXPR: 0 | POS | FRA | 20 | 1.37 | 90.0432 | x=(5.92*((2-6.79)+20)) | x 5.92 2 6.79 - 20 + * = | x:dollar 5.92:ticket 2:dollar 6.79:dollar -:dollar 20:dollar +:dollar *:dollar =:dollar
EXPR: 0 | POS | FRA | 20 | 1.37 | 5.99465472191116 | (5.92+(2/(6.79+20)))=x | 5.92 2 6.79 20 + / + x = | 5.92:ticket 2:ticket 6.79:dollar 20:dollar +:dollar /:ticket +:ticket x:ticket =:ticket
EXPR: 0 | POS | FRA | 21 | 1.37 | 4.23141891891892 | (20+(5.92*(2-x)))=6.79 | 20 5.92 2 x - * + 6.79 = | 20:dollar 5.92:dollar 2:ticket x:ticket -:ticket *:dollar +:dollar 6.79:dollar =:dollar
EXPR: 0 | POS | FRA | 21 | 1.37 | 108.0968 | (((20/2)+5.92)*6.79)=x | 20 2 / 5.92 + 6.79 * x = | 20:dollar 2:ticket /:dollar 5.92:dollar +:dollar 6.79:ticket *:dollar x:dollar =:dollar
EXPR: 0 | POS | FRA | 21 | 1.37 | 19.14 | ((2+20)*(6.79-5.92))=x | 2 20 + 6.79 5.92 - * x = | 2:ticket 20:ticket +:ticket 6.79:dollar 5.92:dollar -:dollar *:dollar x:dollar =:dollar
EXPR: 0 | POS | FRA | 21 | 1.37 | 5.6722972972973 | (((2*6.79)+20)/x)=5.92 | 2 6.79 * 20 + x / 5.92 = | 2:ticket 6.79:dollar *:dollar 20:dollar +:dollar x:ticket /:dollar 5.92:dollar =:dollar
EXPR: 0 | POS | FRA | 21 | 1.37 | 9.29 | x=(20-((5.92+6.79)-2)) | x 20 5.92 6.79 + 2 - - = | x:dollar 20:dollar 5.92:dollar 6.79:dollar +:dollar 2:dollar -:dollar -:dollar =:dollar
EXPR: 0 | POS | FRA | 21 | 1.37 | 9.29 | (((2-6.79)-x)+20)=5.92 | 2 6.79 - x - 20 + 5.92 = | 2:dollar 6.79:dollar -:dollar x:dollar -:dollar 20:dollar +:dollar 5.92:dollar =:dollar
EXPR: 0 | POS | FRA | 22 | 1.37 | 27.1278378378378 | ((2/5.92)+(6.79+20))=x | 2 5.92 / 6.79 20 + + x = | 2:dollar 5.92:ticket /:dollar 6.79:dollar 20:dollar +:dollar +:dollar x:dollar =:dollar
EXPR: 0 | POS | FRA | 22 | 1.37 | 18.87 | ((6.79+20)-(5.92+2))=x | 6.79 20 + 5.92 2 + - x = | 6.79:dollar 20:dollar +:dollar 5.92:dollar 2:dollar +:dollar -:dollar x:dollar =:dollar
EXPR: 0 | POS | FRA | 22 | 1.37 | 1.55185465556397 | (2+(5.92/(6.79-20)))=x | 2 5.92 6.79 20 - / + x = | 2:ticket 5.92:ticket 6.79:dollar 20:dollar -:dollar /:ticket +:ticket x:ticket =:ticket
EXPR: 0 | POS | FRA | 22 | 1.37 | 19.4226804123711 | (((2-5.92)/6.79)+20)=x | 2 5.92 - 6.79 / 20 + x = | 2:dollar 5.92:dollar -:dollar 6.79:ticket /:dollar 20:dollar +:dollar x:dollar =:dollar
EXPR: 0 | POS | FRA | 22 | 1.37 | 12.1795 | x=((6.79/20)+(5.92*2)) | x 6.79 20 / 5.92 2 * + = | x:dollar 6.79:dollar 20:ticket /:dollar 5.92:dollar 2:ticket *:dollar +:dollar =:dollar
EXPR: 0 | POS | FRA | 22 | 1.37 | 90.0432 | x=(5.92*(2+(20-6.79))) | x 5.92 2 20 6.79 - + * = | x:dollar 5.92:dollar 2:ticket 20:ticket 6.79:ticket -:ticket +:ticket *:dollar =:dollar
EXPR: 0 | POS | FRA | 22 | 1.37 | 0.231418918918919 | ((5.92*(2+x))+6.79)=20 | 5.92 2 x + * 6.79 + 20 = | 5.92:ticket 2:dollar x:dollar +:dollar *:dollar 6.79:dollar +:dollar 20:dollar =:dollar
EXPR: 0 | POS | FRA | 22 | 1.37 | 13.284 | (5.92/((2*6.79)-x))=20 | 5.92 2 6.79 * x - / 20 = | 5.92:ticket 2:ticket 6.79:dollar *:dollar x:dollar -:dollar /:ticket 20:ticket =:ticket
EXPR: 0 | POS | FRA | 22 | 1.37 | 10.435 | (5.92+((x*2)-6.79))=20 | 5.92 x 2 * 6.79 - + 20 = | 5.92:dollar x:ticket 2:dollar *:dollar 6.79:dollar -:dollar +:dollar 20:dollar =:dollar
EXPR: 0 | POS | FRA | 22 | 1.37 | 3.08382756836365 | (5.92*((2/6.79)+x))=20 | 5.92 2 6.79 / x + * 20 = | 5.92:dollar 2:ticket 6.79:dollar /:ticket x:ticket +:ticket *:ticket 20:ticket =:ticket
EXPR: 0 | POS | FRA | 22 | 1.37 | 5.086 | (5.92/((2-6.79)+x))=20 | 5.92 2 6.79 - x + / 20 = | 5.92:dollar 2:ticket 6.79:ticket -:ticket x:ticket +:ticket /:dollar 20:dollar =:dollar
EXPR: 0 | POS | FRA | 22 | 1.37 | 22.1968 | x=(2+((5.92*6.79)-20)) | x 2 5.92 6.79 * 20 - + = | x:dollar 2:dollar 5.92:ticket 6.79:dollar *:dollar 20:dollar -:dollar +:dollar =:dollar
EXPR: 0 | POS | FRA | 22 | 1.37 | 5.086 | (5.92/(2-(6.79-x)))=20 | 5.92 2 6.79 x - - / 20 = | 5.92:dollar 2:ticket 6.79:ticket x:ticket -:ticket -:ticket /:dollar 20:dollar =:dollar
EXPR: 0 | POS | FRA | 24 | 1.37 | 21.13 | x=(20+(2-(6.79-5.92))) | x 20 2 6.79 5.92 - - + = | x:dollar 20:dollar 2:dollar 6.79:dollar 5.92:dollar -:dollar -:dollar +:dollar =:dollar
EXPR: 0 | POS | FRA | 24 | 1.37 | 4.1875 | (((5.92*x)-6.79)+2)=20 | 5.92 x * 6.79 - 2 + 20 = | 5.92:dollar x:ticket *:dollar 6.79:dollar -:dollar 2:dollar +:dollar 20:dollar =:dollar
EXPR: 0 | POS | FRA | 24 | 1.37 | 0.238805970149254 | (((5.92/x)-6.79)+2)=20 | 5.92 x / 6.79 - 2 + 20 = | 5.92:dollar x:ticket /:dollar 6.79:dollar -:dollar 2:dollar +:dollar 20:dollar =:dollar
EXPR: 0 | POS | FRA | 24 | 1.37 | 2.10984 | ((2+(5.92*6.79))/x)=20 | 2 5.92 6.79 * + x / 20 = | 2:ticket 5.92:ticket 6.79:dollar *:ticket +:ticket x:dollar /:ticket 20:ticket =:ticket
EXPR: 0 | POS | FRA | 24 | 1.37 | 22.1968 | ((2+(5.92*6.79))-x)=20 | 2 5.92 6.79 * + x - 20 = | 2:dollar 5.92:dollar 6.79:ticket *:dollar +:dollar x:dollar -:dollar 20:dollar =:dollar
EXPR: 0 | POS | FRA | 24 | 1.37 | 39.13 | (5.92+((2*20)-x))=6.79 | 5.92 2 20 * x - + 6.79 = | 5.92:dollar 2:dollar 20:ticket *:dollar x:dollar -:dollar +:dollar 6.79:dollar =:dollar
EXPR: 0 | POS | FRA | 24 | 1.37 | 19.0032 | x=(((20/2)-6.79)*5.92) | x 20 2 / 6.79 - 5.92 * = | x:dollar 20:dollar 2:ticket /:dollar 6.79:dollar -:dollar 5.92:ticket *:dollar =:dollar
EXPR: 0 | POS | FRA | 24 | 1.37 | 99.3968 | x=(((20/2)+6.79)*5.92) | x 20 2 / 6.79 + 5.92 * = | x:dollar 20:dollar 2:ticket /:dollar 6.79:dollar +:dollar 5.92:ticket *:dollar =:dollar
EXPR: 0 | POS | FRA | 24 | 1.37 | 13.5478378378378 | x=((2/5.92)+(20-6.79)) | x 2 5.92 / 20 6.79 - + = | x:dollar 2:dollar 5.92:ticket /:dollar 20:dollar 6.79:dollar -:dollar +:dollar =:dollar
EXPR: 0 | POS | FRA | 24 | 1.37 | 4.1875 | ((2+(x*5.92))-6.79)=20 | 2 x 5.92 * + 6.79 - 20 = | 2:dollar x:ticket 5.92:dollar *:dollar +:dollar 6.79:dollar -:dollar 20:dollar =:dollar
EXPR: 0 | POS | FRA | 25 | 1.37 | 2.60184 | x=((5.92/20)*(2+6.79)) | x 5.92 20 / 2 6.79 + * = | x:dollar 5.92:dollar 20:ticket /:dollar 2:ticket 6.79:ticket +:ticket *:dollar =:dollar
EXPR: 0 | POS | FRA | 25 | 1.37 | 0.238805970149254 | x=(5.92/(20-(2-6.79))) | x 5.92 20 2 6.79 - - / = | x:dollar 5.92:dollar 20:ticket 2:ticket 6.79:ticket -:ticket -:ticket /:dollar =:dollar
EXPR: 0 | POS | FRA | 25 | 1.37 | 189.5768 | x=(6.79*((5.92+2)+20)) | x 6.79 5.92 2 + 20 + * = | x:dollar 6.79:dollar 5.92:ticket 2:ticket +:ticket 20:ticket +:ticket *:dollar =:dollar
EXPR: 0 | POS | FRA | 26 | 1.37 | 17.13 | ((x+6.79)-(20-2))=5.92 | x 6.79 + 20 2 - - 5.92 = | x:dollar 6.79:dollar +:dollar 20:dollar 2:dollar -:dollar -:dollar 5.92:dollar =:dollar
EXPR: 0 | POS | FRA | 26 | 1.37 | 5.29 | (((20-6.79)-2)-5.92)=x | 20 6.79 - 2 - 5.92 - x = | 20:dollar 6.79:dollar -:dollar 2:dollar -:dollar 5.92:dollar -:dollar x:dollar =:dollar
EXPR: 0 | POS | FRA | 26 | 1.37 | 18.2678571428571 | x=(20+(6.79/(2-5.92))) | x 20 6.79 2 5.92 - / + = | x:dollar 20:dollar 6.79:dollar 2:ticket 5.92:ticket -:ticket /:dollar +:dollar =:dollar
EXPR: 0 | POS | FRA | 26 | 1.37 | 186.3 | x=(20*((6.79/2)+5.92)) | x 20 6.79 2 / 5.92 + * = | x:dollar 20:ticket 6.79:dollar 2:ticket /:dollar 5.92:dollar +:dollar *:dollar =:dollar
EXPR: 0 | POS | FRA | 26 | 1.37 | 0.231418918918919 | 6.79=(20-((x+2)*5.92)) | 6.79 20 x 2 + 5.92 * - = | 6.79:dollar 20:dollar x:ticket 2:ticket +:ticket 5.92:dollar *:dollar -:dollar =:dollar
EXPR: 0 | POS | FRA | 26 | 1.37 | 4.23141891891892 | 6.79=(20-((x-2)*5.92)) | 6.79 20 x 2 - 5.92 * - = | 6.79:dollar 20:dollar x:ticket 2:ticket -:ticket 5.92:dollar *:dollar -:dollar =:dollar
EXPR: 0 | POS | FRA | 27 | 1.37 | 18.87 | ((5.92-6.79)+x)=(20-2) | 5.92 6.79 - x + 20 2 - = | 5.92:dollar 6.79:dollar -:dollar x:dollar +:dollar 20:dollar 2:dollar -:dollar =:dollar
EXPR: 0 | POS | FRA | 27 | 1.37 | 32.34 | x=(5.92+((20-6.79)*2)) | x 5.92 20 6.79 - 2 * + = | x:ticket 5.92:ticket 20:dollar 6.79:dollar -:dollar 2:ticket *:ticket +:ticket =:ticket
EXPR: 0 | POS | FRA | 27 | 1.37 | 3.52282768777614 | ((2+(x*6.79))-5.92)=20 | 2 x 6.79 * + 5.92 - 20 = | 2:dollar x:ticket 6.79:dollar *:dollar +:dollar 5.92:dollar -:dollar 20:dollar =:dollar
EXPR: 0 | POS | FRA | 28 | 1.37 | 127.19 | x=(6.79+((5.92*20)+2)) | x 6.79 5.92 20 * 2 + + = | x:dollar 6.79:dollar 5.92:ticket 20:dollar *:dollar 2:dollar +:dollar +:dollar =:dollar
EXPR: 0 | POS | FRA | 29 | 1.37 | 1.86741363211951 | x=(20/((5.92-2)+6.79)) | x 20 5.92 2 - 6.79 + / = | x:dollar 20:dollar 5.92:ticket 2:ticket -:ticket 6.79:ticket +:ticket /:dollar =:dollar
EXPR: 0 | POS | FRA | 29 | 1.37 | 143.72 | ((2+(6.79*20))+5.92)=x | 2 6.79 20 * + 5.92 + x = | 2:dollar 6.79:ticket 20:dollar *:dollar +:dollar 5.92:dollar +:dollar x:dollar =:dollar
EXPR: 0 | POS | FRA | 29 | 1.37 | 113.61 | (((6.79+x)-2)/5.92)=20 | 6.79 x + 2 - 5.92 / 20 = | 6.79:dollar x:dollar +:dollar 2:dollar -:dollar 5.92:ticket /:dollar 20:dollar =:dollar
EXPR: 0 | POS | FRA | 29 | 1.37 | 131.88 | x=(2+((6.79*20)-5.92)) | x 2 6.79 20 * 5.92 - + = | x:dollar 2:dollar 6.79:dollar 20:ticket *:dollar 5.92:dollar -:dollar +:dollar =:dollar
EXPR: 0 | POS | FRA | 29 | 1.37 | 143.72 | x=(2+((6.79*20)+5.92)) | x 2 6.79 20 * 5.92 + + = | x:dollar 2:dollar 6.79:dollar 20:ticket *:dollar 5.92:dollar +:dollar +:dollar =:dollar
EXPR: 0 | POS | FRA | 30 | 1.37 | 0.0565 | x=(((5.92+2)-6.79)/20) | x 5.92 2 + 6.79 - 20 / = | x:ticket 5.92:ticket 2:ticket +:ticket 6.79:ticket -:ticket 20:dollar /:ticket =:ticket
EXPR: 0 | POS | FRA | 30 | 1.37 | 5.29 | (2+x)=((20-5.92)-6.79) | 2 x + 20 5.92 - 6.79 - = | 2:dollar x:dollar +:dollar 20:dollar 5.92:dollar -:dollar 6.79:dollar -:dollar =:dollar
EXPR: 0 | POS | FRA | 30 | 1.37 | 0.205626953803404 | x=(5.92/((2+6.79)+20)) | x 5.92 2 6.79 + 20 + / = | x:ticket 5.92:ticket 2:dollar 6.79:dollar +:dollar 20:dollar +:dollar /:ticket =:ticket
EXPR: 0 | POS | FRA | 31 | 1.37 | 9.29 | ((2-6.79)+20)=(5.92+x) | 2 6.79 - 20 + 5.92 x + = | 2:dollar 6.79:dollar -:dollar 20:dollar +:dollar 5.92:dollar x:dollar +:dollar =:dollar
EXPR: 0 | POS | FRA | 31 | 1.37 | 131.88 | ((2-x)+(6.79*20))=5.92 | 2 x - 6.79 20 * + 5.92 = | 2:dollar x:dollar -:dollar 6.79:ticket 20:dollar *:dollar +:dollar 5.92:dollar =:dollar
EXPR: 0 | POS | FRA | 32 | 1.37 | 131.88 | x=((2-5.92)+(6.79*20)) | x 2 5.92 - 6.79 20 * + = | x:ticket 2:ticket 5.92:ticket -:ticket 6.79:dollar 20:ticket *:ticket +:ticket =:ticket
EXPR: 0 | POS | FRA | 32 | 1.37 | 127.88 | ((6.79*20)-(5.92+2))=x | 6.79 20 * 5.92 2 + - x = | 6.79:ticket 20:dollar *:dollar 5.92:dollar 2:dollar +:dollar -:dollar x:dollar =:dollar
EXPR: 0 | POS | FRA | 32 | 1.37 | 4.97449189985272 | x=(5.92+(2-(20/6.79))) | x 5.92 2 20 6.79 / - + = | x:ticket 5.92:ticket 2:ticket 20:ticket 6.79:dollar /:ticket -:ticket +:ticket =:ticket
EXPR: 0 | POS | FRA | 32 | 1.37 | 10.2016216216216 | (5.92*((2*6.79)-x))=20 | 5.92 2 6.79 * x - * 20 = | 5.92:dollar 2:dollar 6.79:ticket *:ticket x:ticket -:ticket *:dollar 20:dollar =:dollar
EXPR: 0 | POS | FRA | 32 | 1.37 | 143.72 | (2+(5.92+(6.79*20)))=x | 2 5.92 6.79 20 * + + x = | 2:ticket 5.92:ticket 6.79:ticket 20:dollar *:ticket +:ticket +:ticket x:ticket =:ticket
EXPR: 0 | POS | FRA | 33 | 1.37 | 6.986 | (2+(20*(x-6.79)))=5.92 | 2 20 x 6.79 - * + 5.92 = | 2:dollar 20:ticket x:dollar 6.79:dollar -:dollar *:dollar +:dollar 5.92:dollar =:dollar
EXPR: 0 | POS | FRA | 33 | 1.37 | 19.1469594594595 | (6.79/((x+2)-20))=5.92 | 6.79 x 2 + 20 - / 5.92 = | 6.79:dollar x:ticket 2:ticket +:ticket 20:ticket -:ticket /:dollar 5.92:dollar =:dollar
EXPR: 0 | POS | FRA | 33 | 1.37 | 4.1119293078056 | ((6.79*x)-(2+20))=5.92 | 6.79 x * 2 20 + - 5.92 = | 6.79:dollar x:ticket *:dollar 2:dollar 20:dollar +:dollar -:dollar 5.92:dollar =:dollar
EXPR: 0 | POS | FRA | 33 | 1.37 | 3.26904270986745 | 20=(2-((x-5.92)*6.79)) | 20 2 x 5.92 - 6.79 * - = | 20:ticket 2:ticket x:dollar 5.92:dollar -:dollar 6.79:ticket *:ticket -:ticket =:ticket
EXPR: 0 | POS | FRA | 34 | 1.37 | 132.84 | (6.79*20)=((5.92/2)+x) | 6.79 20 * 5.92 2 / x + = | 6.79:ticket 20:dollar *:dollar 5.92:dollar 2:ticket /:dollar x:dollar +:dollar =:dollar
EXPR: 0 | POS | FRA | 34 | 1.37 | 128.14 | x=(((20-2)*6.79)+5.92) | x 20 2 - 6.79 * 5.92 + = | x:dollar 20:dollar 2:dollar -:dollar 6.79:ticket *:dollar 5.92:dollar +:dollar =:dollar
EXPR: 0 | POS | FRA | 34 | 1.37 | 2.53045522547553 | (((5.92/x)-2)*20)=6.79 | 5.92 x / 2 - 20 * 6.79 = | 5.92:dollar x:ticket /:dollar 2:dollar -:dollar 20:ticket *:dollar 6.79:dollar =:dollar
EXPR: 0 | POS | FRA | 34 | 1.37 | 23.277027027027 | (((5.92*x)-2)/20)=6.79 | 5.92 x * 2 - 20 / 6.79 = | 5.92:dollar x:ticket *:dollar 2:dollar -:dollar 20:ticket /:dollar 6.79:dollar =:dollar
EXPR: 0 | POS | FRA | 34 | 1.37 | 1.77908689248895 | (2+(5.92+(6.79*x)))=20 | 2 5.92 6.79 x * + + 20 = | 2:ticket 5.92:ticket 6.79:ticket x:dollar *:ticket +:ticket +:ticket 20:ticket =:ticket
EXPR: 0 | POS | FRA | 34 | 1.37 | 22.6013513513514 | ((2+(x*5.92))/6.79)=20 | 2 x 5.92 * + 6.79 / 20 = | 2:dollar x:ticket 5.92:dollar *:dollar +:dollar 6.79:ticket /:dollar 20:dollar =:dollar
EXPR: 0 | POS | INT | 35 | 1.37 | 390 | (((2*6.79)+5.92)*20)=x | 2 6.79 * 5.92 + 20 * x = | 2:dollar 6.79:ticket *:dollar 5.92:dollar +:dollar 20:ticket *:dollar x:dollar =:dollar
EXPR: 0 | POS | FRA | 35 | 1.37 | 227.8368 | ((2+6.79)*(5.92+20))=x | 2 6.79 + 5.92 20 + * x = | 2:dollar 6.79:dollar +:dollar 5.92:ticket 20:ticket +:ticket *:dollar x:dollar =:dollar
EXPR: 0 | POS | FRA | 35 | 1.37 | 162.4168 | x=(6.79*((5.92-2)+20)) | x 6.79 5.92 2 - 20 + * = | x:ticket 6.79:dollar 5.92:ticket 2:ticket -:ticket 20:ticket +:ticket *:ticket =:ticket
EXPR: 0 | POS | FRA | 36 | 1.37 | 0.5355 | (((20*x)+2)-6.79)=5.92 | 20 x * 2 + 6.79 - 5.92 = | 20:ticket x:dollar *:dollar 2:dollar +:dollar 6.79:dollar -:dollar 5.92:dollar =:dollar
EXPR: 0 | POS | FRA | 36 | 1.37 | 1.35961930659415 | ((20/x)-(2+6.79))=5.92 | 20 x / 2 6.79 + - 5.92 = | 20:dollar x:ticket /:dollar 2:dollar 6.79:dollar +:dollar -:dollar 5.92:dollar =:dollar
EXPR: 0 | POS | FRA | 37 | 1.37 | 27.66 | (2*6.79)=((5.92-20)+x) | 2 6.79 * 5.92 20 - x + = | 2:dollar 6.79:ticket *:dollar 5.92:dollar 20:dollar -:dollar x:dollar +:dollar =:dollar
EXPR: 0 | POS | FRA | 37 | 1.37 | 14.3745508100147 | (2/6.79)=((5.92-20)+x) | 2 6.79 / 5.92 20 - x + = | 2:dollar 6.79:ticket /:dollar 5.92:dollar 20:dollar -:dollar x:dollar +:dollar =:dollar
EXPR: 0 | POS | FRA | 37 | 1.37 | 109.61 | (2+6.79)=((5.92*20)-x) | 2 6.79 + 5.92 20 * x - = | 2:dollar 6.79:dollar +:dollar 5.92:ticket 20:dollar *:dollar x:dollar -:dollar =:dollar
EXPR: 0 | POS | FRA | 37 | 1.37 | 1.77908689248895 | (2+((x*6.79)+5.92))=20 | 2 x 6.79 * 5.92 + + 20 = | 2:ticket x:ticket 6.79:dollar *:ticket 5.92:ticket +:ticket +:ticket 20:ticket =:ticket
EXPR: 0 | POS | FRA | 37 | 1.37 | 5.08418918918919 | (((2*x)-6.79)*5.92)=20 | 2 x * 6.79 - 5.92 * 20 = | 2:dollar x:ticket *:dollar 6.79:dollar -:dollar 5.92:ticket *:dollar 20:dollar =:dollar
EXPR: 0 | POS | FRA | 37 | 1.37 | 99.7699999999998 | (2+((6.79+x)/5.92))=20 | 2 6.79 x + 5.92 / + 20 = | 2:ticket 6.79:ticket x:ticket +:ticket 5.92:dollar /:ticket +:ticket 20:ticket =:ticket
EXPR: 0 | POS | FRA | 38 | 1.37 | 0.0565 | ((20*x)+(6.79-2))=5.92 | 20 x * 6.79 2 - + 5.92 = | 20:dollar x:ticket *:dollar 6.79:dollar 2:dollar -:dollar +:dollar 5.92:dollar =:dollar
EXPR: 0 | POS | FRA | 38 | 1.37 | 1.77908689248895 | (20-((x*6.79)+2))=5.92 | 20 x 6.79 * 2 + - 5.92 = | 20:dollar x:ticket 6.79:dollar *:dollar 2:dollar +:dollar -:dollar 5.92:dollar =:dollar
EXPR: 0 | POS | FRA | 39 | 1.37 | 47.66 | x=((2*(6.79+20))-5.92) | x 2 6.79 20 + * 5.92 - = | x:dollar 2:dollar 6.79:ticket 20:ticket +:ticket *:dollar 5.92:dollar -:dollar =:dollar
EXPR: 0 | POS | FRA | 40 | 1.37 | 12.1683783783784 | (x-2)=((20/5.92)+6.79) | x 2 - 20 5.92 / 6.79 + = | x:dollar 2:dollar -:dollar 20:dollar 5.92:ticket /:dollar 6.79:dollar +:dollar =:dollar
EXPR: 0 | POS | FRA | 40 | 1.37 | 3.08382756836365 | (2/((20/5.92)-x))=6.79 | 2 20 5.92 / x - / 6.79 = | 2:dollar 20:ticket 5.92:dollar /:ticket x:ticket -:ticket /:dollar 6.79:dollar =:dollar
EXPR: 0 | POS | FRA | 41 | 1.37 | 12.34 | (2*6.79)=((20-x)+5.92) | 2 6.79 * 20 x - 5.92 + = | 2:dollar 6.79:ticket *:dollar 20:dollar x:dollar -:dollar 5.92:dollar +:dollar =:dollar
EXPR: 0 | POS | FRA | 41 | 1.37 | 5.4805 | (2+6.79)=(20*(5.92-x)) | 2 6.79 + 20 5.92 x - * = | 2:dollar 6.79:dollar +:dollar 20:ticket 5.92:dollar x:dollar -:dollar *:dollar =:dollar
EXPR: 0 | POS | FRA | 41 | 1.37 | 127.1 | x=((20/2)*(5.92+6.79)) | x 20 2 / 5.92 6.79 + * = | x:ticket 20:dollar 2:ticket /:dollar 5.92:ticket 6.79:ticket +:ticket *:ticket =:ticket
EXPR: 0 | POS | FRA | 41 | 1.37 | 58.1968 | x=(20-(2-(5.92*6.79))) | x 20 2 5.92 6.79 * - - = | x:ticket 20:ticket 2:ticket 5.92:dollar 6.79:ticket *:ticket -:ticket -:ticket =:ticket
EXPR: 0 | POS | FRA | 41 | 1.37 | 0.5355 | ((2-6.79)+(x*20))=5.92 | 2 6.79 - x 20 * + 5.92 = | 2:ticket 6.79:ticket -:ticket x:dollar 20:ticket *:ticket +:ticket 5.92:ticket =:ticket
EXPR: 0 | POS | FRA | 41 | 1.37 | 0.146323254945875 | (2+((6.79+20)*x))=5.92 | 2 6.79 20 + x * + 5.92 = | 2:dollar 6.79:ticket 20:ticket +:ticket x:dollar *:dollar +:dollar 5.92:dollar =:dollar
EXPR: 0 | POS | FRA | 41 | 1.37 | 52.71 | x=(6.79+((2*20)+5.92)) | x 6.79 2 20 * 5.92 + + = | x:ticket 6.79:ticket 2:ticket 20:dollar *:ticket 5.92:ticket +:ticket +:ticket =:ticket
EXPR: 0 | POS | FRA | 41 | 1.37 | 311.7968 | x=(6.79*((2*20)+5.92)) | x 6.79 2 20 * 5.92 + * = | x:dollar 6.79:ticket 2:dollar 20:ticket *:dollar 5.92:dollar +:dollar *:dollar =:dollar
EXPR: 0 | POS | FRA | 42 | 1.37 | 34.95 | x=(6.79+((20-5.92)*2)) | x 6.79 20 5.92 - 2 * + = | x:dollar 6.79:dollar 20:ticket 5.92:ticket -:ticket 2:dollar *:dollar +:dollar =:dollar
EXPR: 0 | POS | FRA | 42 | 1.37 | 21.13 | ((5.92-6.79)+(2+20))=x | 5.92 6.79 - 2 20 + + x = | 5.92:ticket 6.79:ticket -:ticket 2:ticket 20:ticket +:ticket +:ticket x:ticket =:ticket
EXPR: 0 | POS | FRA | 43 | 1.37 | 18.8718703976436 | (6.79*(2-(20-x)))=5.92 | 6.79 2 20 x - - * 5.92 = | 6.79:dollar 2:ticket 20:ticket x:ticket -:ticket -:ticket *:ticket 5.92:ticket =:ticket
EXPR: 0 | POS | FRA | 44 | 1.37 | 2.36818851251841 | (6.79*x)=((20-5.92)+2) | 6.79 x * 20 5.92 - 2 + = | 6.79:dollar x:ticket *:dollar 20:dollar 5.92:dollar -:dollar 2:dollar +:dollar =:dollar
EXPR: 0 | POS | FRA | 44 | 1.37 | 0.42226368159204 | (6.79/x)=((20-5.92)+2) | 6.79 x / 20 5.92 - 2 + = | 6.79:dollar x:ticket /:dollar 20:dollar 5.92:dollar -:dollar 2:dollar +:dollar =:dollar
EXPR: 0 | POS | FRA | 44 | 1.37 | 26.2145508100147 | ((20+(2/6.79))+5.92)=x | 20 2 6.79 / + 5.92 + x = | 20:ticket 2:ticket 6.79:dollar /:ticket +:ticket 5.92:ticket +:ticket x:ticket =:ticket
EXPR: 0 | POS | FRA | 44 | 1.37 | 66.3632 | x=(((20-2)-6.79)*5.92) | x 20 2 - 6.79 - 5.92 * = | x:ticket 20:ticket 2:ticket -:ticket 6.79:ticket -:ticket 5.92:dollar *:ticket =:ticket
EXPR: 0 | POS | FRA | 44 | 1.37 | 108.0968 | x=(6.79*((20/2)+5.92)) | x 6.79 20 2 / 5.92 + * = | x:dollar 6.79:dollar 20:ticket 2:dollar /:ticket 5.92:ticket +:ticket *:dollar =:dollar
EXPR: 0 | POS | FRA | 46 | 1.37 | 2.10984 | (((x*20)-2)/6.79)=5.92 | x 20 * 2 - 6.79 / 5.92 = | x:ticket 20:dollar *:dollar 2:dollar -:dollar 6.79:ticket /:dollar 5.92:dollar =:dollar
EXPR: 0 | POS | FRA | 46 | 1.37 | 131.88 | (((6.79*20)-x)+2)=5.92 | 6.79 20 * x - 2 + 5.92 = | 6.79:dollar 20:ticket *:ticket x:ticket -:ticket 2:ticket +:ticket 5.92:ticket =:ticket
EXPR: 0 | POS | FRA | 46 | 1.37 | 2.04359351988218 | ((6.79*20)*(x-2))=5.92 | 6.79 20 * x 2 - * 5.92 = | 6.79:dollar 20:ticket *:ticket x:dollar 2:dollar -:dollar *:ticket 5.92:ticket =:ticket
EXPR: 0 | POS | FRA | 46 | 1.37 | 19.565 | (6.79-((20-x)*2))=5.92 | 6.79 20 x - 2 * - 5.92 = | 6.79:dollar 20:ticket x:ticket -:ticket 2:dollar *:dollar -:dollar 5.92:dollar =:dollar
EXPR: 0 | POS | FRA | 47 | 1.37 | 5.6722972972973 | (((5.92*x)-20)/2)=6.79 | 5.92 x * 20 - 2 / 6.79 = | 5.92:dollar x:ticket *:ticket 20:ticket -:ticket 2:dollar /:ticket 6.79:ticket =:ticket
EXPR: 0 | POS | FRA | 48 | 1.37 | 40.8758 | (((2/20)+5.92)*6.79)=x | 2 20 / 5.92 + 6.79 * x = | 2:dollar 20:ticket /:dollar 5.92:dollar +:dollar 6.79:ticket *:ticket x:ticket =:ticket
EXPR: 0 | POS | FRA | 48 | 1.37 | 1.271 | x=((2/20)*(5.92+6.79)) | x 2 20 / 5.92 6.79 + * = | x:dollar 2:dollar 20:ticket /:dollar 5.92:ticket 6.79:ticket +:ticket *:dollar =:dollar
EXPR: 0 | POS | FRA | 48 | 1.37 | 6.86550810014728 | 20=(6.79*((x+2)-5.92)) | 20 6.79 x 2 + 5.92 - * = | 20:ticket 6.79:dollar x:ticket 2:ticket +:ticket 5.92:ticket -:ticket *:ticket =:ticket
EXPR: 0 | POS | FRA | 51 | 1.37 | 2.6205 | (2*((6.79/20)+x))=5.92 | 2 6.79 20 / x + * 5.92 = | 2:dollar 6.79:ticket 20:dollar /:ticket x:ticket +:ticket *:ticket 5.92:ticket =:ticket
EXPR: 0 | POS | FRA | 51 | 1.37 | 0.250957290132548 | ((2-(x*6.79))*20)=5.92 | 2 x 6.79 * - 20 * 5.92 = | 2:dollar x:ticket 6.79:dollar *:dollar -:dollar 20:ticket *:ticket 5.92:ticket =:ticket
EXPR: 0 | POS | FRA | 53 | 1.37 | 30.0984 | (((2*x)-20)/6.79)=5.92 | 2 x * 20 - 6.79 / 5.92 = | 2:dollar x:ticket *:ticket 20:ticket -:ticket 6.79:dollar /:ticket 5.92:ticket =:ticket
EXPR: 0 | POS | FRA | 54 | 1.37 | 1.68795918367347 | x=(6.79+(20/(2-5.92))) | x 6.79 20 2 5.92 - / + = | x:ticket 6.79:ticket 20:ticket 2:dollar 5.92:dollar -:dollar /:ticket +:ticket =:ticket
EXPR: 0 | POS | FRA | 55 | 1.37 | 40.87 | x=((6.79-5.92)+(2*20)) | x 6.79 5.92 - 2 20 * + = | x:ticket 6.79:ticket 5.92:ticket -:ticket 2:dollar 20:ticket *:ticket +:ticket =:ticket
EXPR: 0 | POS | FRA | 55 | 1.37 | 39.5 | (((2*6.79)+5.92)+20)=x | 2 6.79 * 5.92 + 20 + x = | 2:dollar 6.79:ticket *:ticket 5.92:ticket +:ticket 20:ticket +:ticket x:ticket =:ticket
EXPR: 0 | POS | FRA | 56 | 1.37 | 9.13 | (20/((x+6.79)-5.92))=2 | 20 x 6.79 + 5.92 - / 2 = | 20:dollar x:ticket 6.79:ticket +:ticket 5.92:ticket -:ticket /:dollar 2:dollar =:dollar
EXPR: 0 | POS | FRA | 56 | 1.37 | 0.157347972972973 | (20*x)=(2+(6.79/5.92)) | 20 x * 2 6.79 5.92 / + = | 20:dollar x:ticket *:dollar 2:dollar 6.79:dollar 5.92:ticket /:dollar +:dollar =:dollar
EXPR: 0 | POS | FRA | 57 | 1.37 | 9.13 | (2*((6.79-5.92)+x))=20 | 2 6.79 5.92 - x + * 20 = | 2:dollar 6.79:ticket 5.92:ticket -:ticket x:ticket +:ticket *:ticket 20:ticket =:ticket
EXPR: 0 | POS | FRA | 61 | 1.37 | 12.34 | (((2*6.79)+x)-20)=5.92 | 2 6.79 * x + 20 - 5.92 = | 2:dollar 6.79:ticket *:ticket x:ticket +:ticket 20:ticket -:ticket 5.92:ticket =:ticket
EXPR: 0 | POS | FRA | 63 | 1.37 | 13.645 | ((2*(20-x))-6.79)=5.92 | 2 20 x - * 6.79 - 5.92 = | 2:dollar 20:ticket x:ticket -:ticket *:ticket 6.79:ticket -:ticket 5.92:ticket =:ticket
NET 217 unique, non-negative solutions found out of 536 total solutions
