parameters: n=9 l=4 k=1 p=5 q=2 m=10
TOTAL 410 solutions found
SOLN: CORRECT | POS/NEG | INT/FRA | OBJ-SCORE | TRUE-ANS | ANS | INFIX | POSTFIX | TYPED-POSTFIX
EXPR: 0 | POS | FRA | 0 | 36.78 | 33.6 | ((10.62*2)-(1.59-13.95))=x | 10.62 2 * 1.59 13.95 - - x = | 10.62:dollar 2:ticket *:dollar 1.59:dollar 13.95:dollar -:dollar -:dollar x:dollar =:dollar
EXPR: 0 | POS | FRA | 0 | 36.78 | 17.67 | ((10.62/2)-(1.59-13.95))=x | 10.62 2 / 1.59 13.95 - - x = | 10.62:dollar 2:ticket /:dollar 1.59:dollar 13.95:dollar -:dollar -:dollar x:dollar =:dollar
EXPR: 0 | POS | FRA | 0 | 36.78 | 21.39 | ((10.62-(2*1.59))+13.95)=x | 10.62 2 1.59 * - 13.95 + x = | 10.62:dollar 2:ticket 1.59:dollar *:dollar -:dollar 13.95:dollar +:dollar x:dollar =:dollar
EXPR: 0 | POS | FRA | 0 | 36.78 | 8.88 | ((10.62*2)+(1.59-13.95))=x | 10.62 2 * 1.59 13.95 - + x = | 10.62:dollar 2:ticket *:dollar 1.59:dollar 13.95:dollar -:dollar +:dollar x:dollar =:dollar
EXPR: 0 | POS | FRA | 0 | 36.78 | 41.7 | (10.62+(2*(1.59+13.95)))=x | 10.62 2 1.59 13.95 + * + x = | 10.62:dollar 2:ticket 1.59:dollar 13.95:dollar +:dollar *:dollar +:dollar x:dollar =:dollar
EXPR: 0 | POS | FRA | 0 | 36.78 | 17.67 | (((10.62/2)-1.59)+13.95)=x | 10.62 2 / 1.59 - 13.95 + x = | 10.62:dollar 2:ticket /:dollar 1.59:dollar -:dollar 13.95:dollar +:dollar x:dollar =:dollar
EXPR: 1 | POS | FRA | 0 | 36.78 | 36.78 | ((10.62*2)+(1.59+13.95))=x | 10.62 2 * 1.59 13.95 + + x = | 10.62:dollar 2:ticket *:dollar 1.59:dollar 13.95:dollar +:dollar +:dollar x:dollar =:dollar
EXPR: 0 | POS | FRA | 0 | 36.78 | 20.85 | ((10.62/2)+(1.59+13.95))=x | 10.62 2 / 1.59 13.95 + + x = | 10.62:dollar 2:ticket /:dollar 1.59:dollar 13.95:dollar +:dollar +:dollar x:dollar =:dollar
EXPR: 0 | POS | FRA | 0 | 36.78 | 27.75 | ((10.62+(2*1.59))+13.95)=x | 10.62 2 1.59 * + 13.95 + x = | 10.62:dollar 2:ticket 1.59:dollar *:dollar +:dollar 13.95:dollar +:dollar x:dollar =:dollar
EXPR: 0 | POS | FRA | 0 | 36.78 | 35.34 | (10.62-(2*(1.59-13.95)))=x | 10.62 2 1.59 13.95 - * - x = | 10.62:dollar 2:ticket 1.59:dollar 13.95:dollar -:dollar *:dollar -:dollar x:dollar =:dollar
EXPR: 1 | POS | FRA | 0 | 36.78 | 36.78 | x=((10.62*2)+(1.59+13.95)) | x 10.62 2 * 1.59 13.95 + + = | x:dollar 10.62:dollar 2:ticket *:dollar 1.59:dollar 13.95:dollar +:dollar +:dollar =:dollar
EXPR: 0 | POS | FRA | 0 | 36.78 | 5.7 | x=((10.62*2)-(1.59+13.95)) | x 10.62 2 * 1.59 13.95 + - = | x:dollar 10.62:dollar 2:ticket *:dollar 1.59:dollar 13.95:dollar +:dollar -:dollar =:dollar
EXPR: 0 | POS | FRA | 0 | 36.78 | 5.7 | ((10.62*2)-(1.59+13.95))=x | 10.62 2 * 1.59 13.95 + - x = | 10.62:dollar 2:ticket *:dollar 1.59:dollar 13.95:dollar +:dollar -:dollar x:dollar =:dollar
EXPR: 0 | POS | FRA | 0 | 36.78 | 33.6 | (((10.62*2)-1.59)+13.95)=x | 10.62 2 * 1.59 - 13.95 + x = | 10.62:dollar 2:ticket *:dollar 1.59:dollar -:dollar 13.95:dollar +:dollar x:dollar =:dollar
EXPR: 0 | POS | FRA | 0 | 36.78 | 27.75 | (10.62+((2*1.59)+13.95))=x | 10.62 2 1.59 * 13.95 + + x = | 10.62:dollar 2:ticket 1.59:dollar *:dollar 13.95:dollar +:dollar +:dollar x:dollar =:dollar
EXPR: 0 | POS | FRA | 0 | 36.78 | 330.0696 | ((10.62*2)*(1.59+13.95))=x | 10.62 2 * 1.59 13.95 + * x = | 10.62:dollar 2:ticket *:ticket 1.59:dollar 13.95:dollar +:dollar *:dollar x:dollar =:dollar
EXPR: 0 | POS | FRA | 0 | 36.78 | 21.39 | (10.62-((2*1.59)-13.95))=x | 10.62 2 1.59 * 13.95 - - x = | 10.62:dollar 2:ticket 1.59:dollar *:dollar 13.95:dollar -:dollar -:dollar x:dollar =:dollar
EXPR: 0 | POS | FRA | 0 | 36.78 | 33.6 | x=(((10.62*2)-1.59)+13.95) | x 10.62 2 * 1.59 - 13.95 + = | x:dollar 10.62:dollar 2:ticket *:dollar 1.59:dollar -:dollar 13.95:dollar +:dollar =:dollar
EXPR: 0 | POS | FRA | 0 | 36.78 | 8.88 | (((10.62*2)+1.59)-13.95)=x | 10.62 2 * 1.59 + 13.95 - x = | 10.62:dollar 2:ticket *:dollar 1.59:dollar +:dollar 13.95:dollar -:dollar x:dollar =:dollar
EXPR: 0 | POS | FRA | 0 | 36.78 | 21.39 | x=((10.62-(2*1.59))+13.95) | x 10.62 2 1.59 * - 13.95 + = | x:dollar 10.62:dollar 2:ticket 1.59:dollar *:dollar -:dollar 13.95:dollar +:dollar =:dollar
EXPR: 0 | POS | FRA | 0 | 36.78 | 5.7 | x=(((10.62*2)-1.59)-13.95) | x 10.62 2 * 1.59 - 13.95 - = | x:dollar 10.62:dollar 2:ticket *:dollar 1.59:dollar -:dollar 13.95:dollar -:dollar =:dollar
EXPR: 1 | POS | FRA | 0 | 36.78 | 36.78 | x=(((10.62*2)+1.59)+13.95) | x 10.62 2 * 1.59 + 13.95 + = | x:dollar 10.62:dollar 2:ticket *:dollar 1.59:dollar +:dollar 13.95:dollar +:dollar =:dollar
EXPR: 0 | POS | FRA | 0 | 36.78 | 27.75 | x=((10.62+(2*1.59))+13.95) | x 10.62 2 1.59 * + 13.95 + = | x:dollar 10.62:dollar 2:ticket 1.59:dollar *:dollar +:dollar 13.95:dollar +:dollar =:dollar
EXPR: 0 | POS | FRA | 0 | 36.78 | 17.67 | x=(((10.62/2)-1.59)+13.95) | x 10.62 2 / 1.59 - 13.95 + = | x:dollar 10.62:dollar 2:ticket /:dollar 1.59:dollar -:dollar 13.95:dollar +:dollar =:dollar
EXPR: 0 | POS | FRA | 0 | 36.78 | 330.0696 | x=((10.62*2)*(1.59+13.95)) | x 10.62 2 * 1.59 13.95 + * = | x:dollar 10.62:dollar 2:ticket *:ticket 1.59:dollar 13.95:dollar +:dollar *:dollar =:dollar
EXPR: 1 | POS | FRA | 2 | 36.78 | 36.78 | (((10.62*2)+13.95)+1.59)=x | 10.62 2 * 13.95 + 1.59 + x = | 10.62:dollar 2:ticket *:dollar 13.95:dollar +:dollar 1.59:dollar +:dollar x:dollar =:dollar
EXPR: 0 | POS | FRA | 2 | 36.78 | 3.255 | (10.62-(2*(1.59-x)))=13.95 | 10.62 2 1.59 x - * - 13.95 = | 10.62:dollar 2:ticket 1.59:dollar x:dollar -:dollar *:dollar -:dollar 13.95:dollar =:dollar
EXPR: 0 | POS | FRA | 2 | 36.78 | 7.05 | ((10.62/2)+(1.59+x))=13.95 | 10.62 2 / 1.59 x + + 13.95 = | 10.62:dollar 2:ticket /:dollar 1.59:dollar x:dollar +:dollar +:dollar 13.95:dollar =:dollar
EXPR: 0 | POS | FRA | 2 | 36.78 | 2.24677966101695 | ((10.62*2)*(x-1.59))=13.95 | 10.62 2 * x 1.59 - * 13.95 = | 10.62:dollar 2:ticket *:ticket x:dollar 1.59:dollar -:dollar *:dollar 13.95:dollar =:dollar
EXPR: 0 | POS | FRA | 2 | 36.78 | 5.7 | ((10.62*2)-(1.59+x))=13.95 | 10.62 2 * 1.59 x + - 13.95 = | 10.62:dollar 2:ticket *:dollar 1.59:dollar x:dollar +:dollar -:dollar 13.95:dollar =:dollar
EXPR: 0 | POS | FRA | 2 | 36.78 | 0.87 | ((10.62+(2*x))+1.59)=13.95 | 10.62 2 x * + 1.59 + 13.95 = | 10.62:dollar 2:ticket x:dollar *:dollar +:dollar 1.59:dollar +:dollar 13.95:dollar =:dollar
EXPR: 0 | POS | FRA | 2 | 36.78 | 0.933220338983051 | ((10.62*2)*(1.59-x))=13.95 | 10.62 2 * 1.59 x - * 13.95 = | 10.62:dollar 2:ticket *:ticket 1.59:dollar x:dollar -:dollar *:dollar 13.95:dollar =:dollar
EXPR: 0 | POS | FRA | 2 | 36.78 | 8.88 | ((10.62*2)+(1.59-x))=13.95 | 10.62 2 * 1.59 x - + 13.95 = | 10.62:dollar 2:ticket *:dollar 1.59:dollar x:dollar -:dollar +:dollar 13.95:dollar =:dollar
EXPR: 0 | POS | FRA | 2 | 36.78 | 4.11 | ((2*(10.62-1.59))-13.95)=x | 2 10.62 1.59 - * 13.95 - x = | 2:ticket 10.62:dollar 1.59:dollar -:dollar *:dollar 13.95:dollar -:dollar x:dollar =:dollar
EXPR: 0 | POS | FRA | 2 | 36.78 | 6.51 | (10.62-((2*1.59)-x))=13.95 | 10.62 2 1.59 * x - - 13.95 = | 10.62:dollar 2:ticket 1.59:dollar *:dollar x:dollar -:dollar -:dollar 13.95:dollar =:dollar
EXPR: 0 | POS | FRA | 2 | 36.78 | 36.93 | x=(10.62-(1.59-(2*13.95))) | x 10.62 1.59 2 13.95 * - - = | x:dollar 10.62:dollar 1.59:dollar 2:ticket 13.95:dollar *:dollar -:dollar -:dollar =:dollar
EXPR: 0 | POS | FRA | 2 | 36.78 | 35.34 | x=(10.62+(2*(13.95-1.59))) | x 10.62 2 13.95 1.59 - * + = | x:dollar 10.62:dollar 2:ticket 13.95:dollar 1.59:dollar -:dollar *:dollar +:dollar =:dollar
EXPR: 0 | POS | FRA | 4 | 36.78 | 9.84 | (10.62-(1.59-(x/2)))=13.95 | 10.62 1.59 x 2 / - - 13.95 = | 10.62:dollar 1.59:dollar x:dollar 2:ticket /:dollar -:dollar -:dollar 13.95:dollar =:dollar
EXPR: 0 | POS | FRA | 4 | 36.78 | 18.87 | ((10.62-(2*13.95))+x)=1.59 | 10.62 2 13.95 * - x + 1.59 = | 10.62:dollar 2:ticket 13.95:dollar *:dollar -:dollar x:dollar +:dollar 1.59:dollar =:dollar
EXPR: 0 | POS | FRA | 4 | 36.78 | 18.465 | (10.62+(2*(13.95-x)))=1.59 | 10.62 2 13.95 x - * + 1.59 = | 10.62:dollar 2:ticket 13.95:dollar x:dollar -:dollar *:dollar +:dollar 1.59:dollar =:dollar
EXPR: 0 | POS | FRA | 4 | 36.78 | 5.7 | ((10.62*2)-(13.95+x))=1.59 | 10.62 2 * 13.95 x + - 1.59 = | 10.62:dollar 2:ticket *:dollar 13.95:dollar x:dollar +:dollar -:dollar 1.59:dollar =:dollar
EXPR: 0 | POS | FRA | 6 | 36.78 | 13.08 | ((x*2)-(10.62+13.95))=1.59 | x 2 * 10.62 13.95 + - 1.59 = | x:dollar 2:ticket *:dollar 10.62:dollar 13.95:dollar +:dollar -:dollar 1.59:dollar =:dollar
EXPR: 0 | POS | FRA | 7 | 36.78 | 25.365 | (((1.59/2)+10.62)+13.95)=x | 1.59 2 / 10.62 + 13.95 + x = | 1.59:dollar 2:ticket /:dollar 10.62:dollar +:dollar 13.95:dollar +:dollar x:dollar =:dollar
EXPR: 0 | POS | FRA | 7 | 36.78 | 25.365 | x=((1.59/2)+(10.62+13.95)) | x 1.59 2 / 10.62 13.95 + + = | x:dollar 1.59:dollar 2:ticket /:dollar 10.62:dollar 13.95:dollar +:dollar +:dollar =:dollar
EXPR: 0 | POS | FRA | 9 | 36.78 | 52.32 | x=(2*((1.59+13.95)+10.62)) | x 2 1.59 13.95 + 10.62 + * = | x:dollar 2:ticket 1.59:dollar 13.95:dollar +:dollar 10.62:dollar +:dollar *:dollar =:dollar
EXPR: 0 | POS | FRA | 10 | 36.78 | 34.0158 | x=(((10.62+2)*1.59)+13.95) | x 10.62 2 + 1.59 * 13.95 + = | x:dollar 10.62:ticket 2:ticket +:ticket 1.59:dollar *:dollar 13.95:dollar +:dollar =:dollar
EXPR: 0 | POS | FRA | 10 | 36.78 | 39.8524390243902 | ((10.62/(2-1.59))+13.95)=x | 10.62 2 1.59 - / 13.95 + x = | 10.62:dollar 2:ticket 1.59:ticket -:ticket /:dollar 13.95:dollar +:dollar x:dollar =:dollar
EXPR: 0 | POS | FRA | 10 | 36.78 | 2.46 | (((2*x)-13.95)+10.62)=1.59 | 2 x * 13.95 - 10.62 + 1.59 = | 2:ticket x:dollar *:dollar 13.95:dollar -:dollar 10.62:dollar +:dollar 1.59:dollar =:dollar
EXPR: 0 | POS | FRA | 10 | 36.78 | 274.1175 | x=(((10.62*2)-1.59)*13.95) | x 10.62 2 * 1.59 - 13.95 * = | x:dollar 10.62:dollar 2:ticket *:ticket 1.59:ticket -:ticket 13.95:dollar *:dollar =:dollar
EXPR: 0 | POS | FRA | 10 | 36.78 | 318.4785 | x=(((10.62*2)+1.59)*13.95) | x 10.62 2 * 1.59 + 13.95 * = | x:dollar 10.62:dollar 2:ticket *:ticket 1.59:ticket +:ticket 13.95:dollar *:dollar =:dollar
EXPR: 0 | POS | FRA | 10 | 36.78 | 130.601830188679 | x=((10.62-(2/1.59))*13.95) | x 10.62 2 1.59 / - 13.95 * = | x:dollar 10.62:ticket 2:ticket 1.59:dollar /:ticket -:ticket 13.95:dollar *:dollar =:dollar
EXPR: 0 | POS | FRA | 10 | 36.78 | 165.696169811321 | x=((10.62+(2/1.59))*13.95) | x 10.62 2 1.59 / + 13.95 * = | x:dollar 10.62:ticket 2:ticket 1.59:dollar /:ticket +:ticket 13.95:dollar *:dollar =:dollar
EXPR: 0 | POS | FRA | 10 | 36.78 | 20.98 | x=(((10.62-2)-1.59)+13.95) | x 10.62 2 - 1.59 - 13.95 + = | x:dollar 10.62:dollar 2:dollar -:dollar 1.59:dollar -:dollar 13.95:dollar +:dollar =:dollar
EXPR: 0 | POS | FRA | 10 | 36.78 | 24.1758 | x=((10.62*(2+1.59))-13.95) | x 10.62 2 1.59 + * 13.95 - = | x:dollar 10.62:dollar 2:ticket 1.59:ticket +:ticket *:dollar 13.95:dollar -:dollar =:dollar
EXPR: 0 | POS | FRA | 10 | 36.78 | 60.7005 | (10.62+((2+1.59)*13.95))=x | 10.62 2 1.59 + 13.95 * + x = | 10.62:dollar 2:ticket 1.59:ticket +:ticket 13.95:dollar *:dollar +:dollar x:dollar =:dollar
EXPR: 0 | POS | FRA | 11 | 36.78 | 4.125 | (((1.59/2)+13.95)-10.62)=x | 1.59 2 / 13.95 + 10.62 - x = | 1.59:dollar 2:ticket /:dollar 13.95:dollar +:dollar 10.62:dollar -:dollar x:dollar =:dollar
EXPR: 0 | POS | FRA | 11 | 36.78 | 19.185 | x=((13.95/2)+(10.62+1.59)) | x 13.95 2 / 10.62 1.59 + + = | x:dollar 13.95:dollar 2:ticket /:dollar 10.62:dollar 1.59:dollar +:dollar +:dollar =:dollar
EXPR: 0 | POS | FRA | 12 | 36.78 | 28.16 | x=(10.62+(1.59+(2+13.95))) | x 10.62 1.59 2 13.95 + + + = | x:dollar 10.62:dollar 1.59:dollar 2:dollar 13.95:dollar +:dollar +:dollar +:dollar =:dollar
EXPR: 0 | POS | FRA | 12 | 36.78 | 20.98 | x=(10.62-(1.59+(2-13.95))) | x 10.62 1.59 2 13.95 - + - = | x:dollar 10.62:dollar 1.59:dollar 2:dollar 13.95:dollar -:dollar +:dollar -:dollar =:dollar
EXPR: 0 | POS | FRA | 12 | 36.78 | 6.92 | x=(2-(10.62-(1.59+13.95))) | x 2 10.62 1.59 13.95 + - - = | x:dollar 2:dollar 10.62:dollar 1.59:dollar 13.95:dollar +:dollar -:dollar -:dollar =:dollar
EXPR: 0 | POS | FRA | 12 | 36.78 | 1.17564516129032 | (10.62/((x*2)-1.59))=13.95 | 10.62 x 2 * 1.59 - / 13.95 = | 10.62:dollar x:dollar 2:ticket *:ticket 1.59:ticket -:ticket /:dollar 13.95:dollar =:dollar
EXPR: 0 | POS | FRA | 12 | 36.78 | 35.9805 | (10.62+((2+13.95)*1.59))=x | 10.62 2 13.95 + 1.59 * + x = | 10.62:dollar 2:ticket 13.95:ticket +:ticket 1.59:dollar *:dollar +:dollar x:dollar =:dollar
EXPR: 0 | POS | FRA | 12 | 36.78 | 2.41870967741936 | (10.62/((2*1.59)-x))=13.95 | 10.62 2 1.59 * x - / 13.95 = | 10.62:dollar 2:ticket 1.59:dollar *:ticket x:ticket -:ticket /:dollar 13.95:dollar =:dollar
EXPR: 0 | POS | FRA | 13 | 36.78 | 9.435 | (1.59+(2*(13.95-x)))=10.62 | 1.59 2 13.95 x - * + 10.62 = | 1.59:dollar 2:ticket 13.95:dollar x:dollar -:dollar *:dollar +:dollar 10.62:dollar =:dollar
EXPR: 0 | POS | FRA | 13 | 36.78 | 4.125 | (((1.59/2)+13.95)-x)=10.62 | 1.59 2 / 13.95 + x - 10.62 = | 1.59:dollar 2:ticket /:dollar 13.95:dollar +:dollar x:dollar -:dollar 10.62:dollar =:dollar
EXPR: 0 | POS | FRA | 14 | 36.78 | 0.0451832907075874 | (((10.62*2)+13.95)*x)=1.59 | 10.62 2 * 13.95 + x * 1.59 = | 10.62:dollar 2:ticket *:dollar 13.95:dollar +:dollar x:ticket *:dollar 1.59:dollar =:dollar
EXPR: 0 | POS | FRA | 14 | 36.78 | 2.64731182795699 | (10.62+((2-x)*13.95))=1.59 | 10.62 2 x - 13.95 * + 1.59 = | 10.62:dollar 2:ticket x:ticket -:ticket 13.95:dollar *:dollar +:dollar 1.59:dollar =:dollar
EXPR: 0 | POS | FRA | 14 | 36.78 | 4.58490566037736 | (((10.62*2)-13.95)/x)=1.59 | 10.62 2 * 13.95 - x / 1.59 = | 10.62:dollar 2:ticket *:dollar 13.95:dollar -:dollar x:ticket /:dollar 1.59:dollar =:dollar
EXPR: 0 | POS | FRA | 14 | 36.78 | 0.218106995884774 | (((10.62*2)-13.95)*x)=1.59 | 10.62 2 * 13.95 - x * 1.59 = | 10.62:dollar 2:ticket *:ticket 13.95:ticket -:ticket x:dollar *:dollar 1.59:dollar =:dollar
EXPR: 0 | POS | FRA | 14 | 36.78 | 5.19602150537634 | (((10.62/2)-x)*13.95)=1.59 | 10.62 2 / x - 13.95 * 1.59 = | 10.62:dollar 2:ticket /:dollar x:dollar -:dollar 13.95:ticket *:dollar 1.59:dollar =:dollar
EXPR: 0 | POS | FRA | 14 | 36.78 | 2.92 | (10.62+(2-(13.95-x)))=1.59 | 10.62 2 13.95 x - - + 1.59 = | 10.62:dollar 2:dollar 13.95:dollar x:dollar -:dollar -:dollar +:dollar 1.59:dollar =:dollar
EXPR: 0 | POS | FRA | 14 | 36.78 | 0.755648535564854 | (10.62+((2-13.95)*x))=1.59 | 10.62 2 13.95 - x * + 1.59 = | 10.62:dollar 2:ticket 13.95:ticket -:ticket x:dollar *:dollar +:dollar 1.59:dollar =:dollar
EXPR: 0 | POS | FRA | 14 | 36.78 | 16.005 | x=(((13.95/2)-1.59)+10.62) | x 13.95 2 / 1.59 - 10.62 + = | x:dollar 13.95:dollar 2:ticket /:dollar 1.59:dollar -:dollar 10.62:dollar +:dollar =:dollar
EXPR: 0 | POS | FRA | 16 | 36.78 | 5.7 | (((x+1.59)+13.95)/2)=10.62 | x 1.59 + 13.95 + 2 / 10.62 = | x:dollar 1.59:dollar +:dollar 13.95:dollar +:dollar 2:ticket /:dollar 10.62:dollar =:dollar
EXPR: 0 | POS | FRA | 16 | 36.78 | 4.58786163522013 | (2/((x+10.62)-13.95))=1.59 | 2 x 10.62 + 13.95 - / 1.59 = | 2:ticket x:dollar 10.62:dollar +:dollar 13.95:dollar -:dollar /:ticket 1.59:ticket =:ticket
EXPR: 0 | POS | FRA | 17 | 36.78 | 0.26 | (((2+1.59)-x)+10.62)=13.95 | 2 1.59 + x - 10.62 + 13.95 = | 2:dollar 1.59:dollar +:dollar x:dollar -:dollar 10.62:dollar +:dollar 13.95:dollar =:dollar
EXPR: 0 | POS | FRA | 17 | 36.78 | 20.98 | (((10.62-1.59)-x)+13.95)=2 | 10.62 1.59 - x - 13.95 + 2 = | 10.62:dollar 1.59:dollar -:dollar x:dollar -:dollar 13.95:dollar +:dollar 2:dollar =:dollar
EXPR: 0 | POS | FRA | 17 | 36.78 | 20.98 | (10.62+(13.95-(x+2)))=1.59 | 10.62 13.95 x 2 + - + 1.59 = | 10.62:dollar 13.95:dollar x:dollar 2:dollar +:dollar -:dollar +:dollar 1.59:dollar =:dollar
EXPR: 0 | POS | FRA | 18 | 36.78 | 1.14942528735632 | x=(2/(13.95-(10.62+1.59))) | x 2 13.95 10.62 1.59 + - / = | x:ticket 2:ticket 13.95:dollar 10.62:dollar 1.59:dollar +:dollar -:dollar /:ticket =:ticket
EXPR: 0 | POS | FRA | 19 | 36.78 | 4.4935593220339 | x=((2*1.59)+(13.95/10.62)) | x 2 1.59 * 13.95 10.62 / + = | x:dollar 2:ticket 1.59:dollar *:dollar 13.95:dollar 10.62:ticket /:dollar +:dollar =:dollar
EXPR: 0 | POS | FRA | 19 | 36.78 | 39.8524390243902 | (13.95+(10.62/(2-1.59)))=x | 13.95 10.62 2 1.59 - / + x = | 13.95:dollar 10.62:dollar 2:ticket 1.59:ticket -:ticket /:dollar +:dollar x:dollar =:dollar
EXPR: 0 | POS | FRA | 19 | 36.78 | 3.74 | (((x+10.62)-13.95)+1.59)=2 | x 10.62 + 13.95 - 1.59 + 2 = | x:dollar 10.62:dollar +:dollar 13.95:dollar -:dollar 1.59:dollar +:dollar 2:dollar =:dollar
EXPR: 0 | POS | FRA | 19 | 36.78 | 65.601 | x=(2*((1.59*13.95)+10.62)) | x 2 1.59 13.95 * 10.62 + * = | x:dollar 2:ticket 1.59:dollar 13.95:ticket *:dollar 10.62:dollar +:dollar *:dollar =:dollar
EXPR: 0 | POS | FRA | 19 | 36.78 | 23.121 | x=(2*((1.59*13.95)-10.62)) | x 2 1.59 13.95 * 10.62 - * = | x:dollar 2:ticket 1.59:dollar 13.95:ticket *:dollar 10.62:dollar -:dollar *:dollar =:dollar
EXPR: 0 | POS | FRA | 20 | 36.78 | 152.5032 | x=(10.62*((2-1.59)+13.95)) | x 10.62 2 1.59 - 13.95 + * = | x:dollar 10.62:ticket 2:dollar 1.59:dollar -:dollar 13.95:dollar +:dollar *:dollar =:dollar
EXPR: 0 | POS | FRA | 20 | 36.78 | 10.7487001287001 | (10.62+(2/(1.59+13.95)))=x | 10.62 2 1.59 13.95 + / + x = | 10.62:ticket 2:ticket 1.59:dollar 13.95:dollar +:dollar /:ticket +:ticket x:ticket =:ticket
EXPR: 0 | POS | FRA | 21 | 36.78 | 3.1638418079096 | (13.95+(10.62*(2-x)))=1.59 | 13.95 10.62 2 x - * + 1.59 = | 13.95:dollar 10.62:dollar 2:ticket x:ticket -:ticket *:dollar +:dollar 1.59:dollar =:dollar
EXPR: 0 | POS | FRA | 21 | 36.78 | 27.97605 | (((13.95/2)+10.62)*1.59)=x | 13.95 2 / 10.62 + 1.59 * x = | 13.95:dollar 2:ticket /:dollar 10.62:dollar +:dollar 1.59:ticket *:dollar x:dollar =:dollar
EXPR: 0 | POS | FRA | 21 | 36.78 | 1.61299435028249 | (((2*1.59)+13.95)/x)=10.62 | 2 1.59 * 13.95 + x / 10.62 = | 2:ticket 1.59:dollar *:dollar 13.95:dollar +:dollar x:ticket /:dollar 10.62:dollar =:dollar
EXPR: 0 | POS | FRA | 22 | 36.78 | 15.7283239171375 | ((2/10.62)+(1.59+13.95))=x | 2 10.62 / 1.59 13.95 + + x = | 2:dollar 10.62:ticket /:dollar 1.59:dollar 13.95:dollar +:dollar +:dollar x:dollar =:dollar
EXPR: 0 | POS | FRA | 22 | 36.78 | 2.92 | ((1.59+13.95)-(10.62+2))=x | 1.59 13.95 + 10.62 2 + - x = | 1.59:dollar 13.95:dollar +:dollar 10.62:dollar 2:dollar +:dollar -:dollar x:dollar =:dollar
EXPR: 0 | POS | FRA | 22 | 36.78 | 1.14077669902913 | (2+(10.62/(1.59-13.95)))=x | 2 10.62 1.59 13.95 - / + x = | 2:ticket 10.62:ticket 1.59:dollar 13.95:dollar -:dollar /:ticket +:ticket x:ticket =:ticket
EXPR: 0 | POS | FRA | 22 | 36.78 | 0.244199999999999 | (((2-10.62)*1.59)+13.95)=x | 2 10.62 - 1.59 * 13.95 + x = | 2:dollar 10.62:dollar -:dollar 1.59:ticket *:dollar 13.95:dollar +:dollar x:dollar =:dollar
EXPR: 0 | POS | FRA | 22 | 36.78 | 8.52861635220126 | (((2-10.62)/1.59)+13.95)=x | 2 10.62 - 1.59 / 13.95 + x = | 2:dollar 10.62:dollar -:dollar 1.59:ticket /:dollar 13.95:dollar +:dollar x:dollar =:dollar
EXPR: 0 | POS | FRA | 22 | 36.78 | 21.3539784946237 | x=((1.59/13.95)+(10.62*2)) | x 1.59 13.95 / 10.62 2 * + = | x:dollar 1.59:dollar 13.95:ticket /:dollar 10.62:dollar 2:ticket *:dollar +:dollar =:dollar
EXPR: 0 | POS | FRA | 22 | 36.78 | 152.5032 | x=(10.62*(2+(13.95-1.59))) | x 10.62 2 13.95 1.59 - + * = | x:dollar 10.62:dollar 2:ticket 13.95:ticket 1.59:ticket -:ticket +:ticket *:dollar =:dollar
EXPR: 0 | POS | FRA | 22 | 36.78 | 0.836158192090395 | ((10.62*(2-x))+1.59)=13.95 | 10.62 2 x - * 1.59 + 13.95 = | 10.62:ticket 2:dollar x:dollar -:dollar *:dollar 1.59:dollar +:dollar 13.95:dollar =:dollar
EXPR: 0 | POS | FRA | 22 | 36.78 | 2.46 | (10.62+((x*2)-1.59))=13.95 | 10.62 x 2 * 1.59 - + 13.95 = | 10.62:dollar x:ticket 2:dollar *:dollar 1.59:dollar -:dollar +:dollar 13.95:dollar =:dollar
EXPR: 0 | POS | FRA | 22 | 36.78 | 21.3935849056604 | (10.62+(2+(13.95/1.59)))=x | 10.62 2 13.95 1.59 / + + x = | 10.62:dollar 2:dollar 13.95:dollar 1.59:ticket /:dollar +:dollar +:dollar x:dollar =:dollar
EXPR: 0 | POS | FRA | 22 | 36.78 | 2.46 | (10.62+((2*x)-1.59))=13.95 | 10.62 2 x * 1.59 - + 13.95 = | 10.62:dollar 2:dollar x:ticket *:dollar 1.59:dollar -:dollar +:dollar 13.95:dollar =:dollar
EXPR: 0 | POS | FRA | 22 | 36.78 | 35.9805 | x=(10.62+(1.59*(2+13.95))) | x 10.62 1.59 2 13.95 + * + = | x:dollar 10.62:dollar 1.59:ticket 2:dollar 13.95:dollar +:dollar *:dollar +:dollar =:dollar
EXPR: 0 | POS | FRA | 22 | 36.78 | 29.6205 | x=(10.62-(1.59*(2-13.95))) | x 10.62 1.59 2 13.95 - * - = | x:dollar 10.62:dollar 1.59:ticket 2:dollar 13.95:dollar -:dollar *:dollar -:dollar =:dollar
EXPR: 0 | POS | FRA | 22 | 36.78 | 0.351290322580645 | (10.62/(2-(1.59-x)))=13.95 | 10.62 2 1.59 x - - / 13.95 = | 10.62:dollar 2:ticket 1.59:ticket x:ticket -:ticket -:ticket /:dollar 13.95:dollar =:dollar
EXPR: 0 | POS | FRA | 24 | 36.78 | 24.98 | x=(13.95+(2-(1.59-10.62))) | x 13.95 2 1.59 10.62 - - + = | x:dollar 13.95:dollar 2:dollar 1.59:dollar 10.62:dollar -:dollar -:dollar +:dollar =:dollar
EXPR: 0 | POS | FRA | 24 | 36.78 | 1.27495291902072 | (((10.62*x)-1.59)+2)=13.95 | 10.62 x * 1.59 - 2 + 13.95 = | 10.62:dollar x:ticket *:dollar 1.59:dollar -:dollar 2:dollar +:dollar 13.95:dollar =:dollar
EXPR: 0 | POS | FRA | 24 | 36.78 | 0.784342688330872 | (((10.62/x)-1.59)+2)=13.95 | 10.62 x / 1.59 - 2 + 13.95 = | 10.62:dollar x:ticket /:dollar 1.59:dollar -:dollar 2:dollar +:dollar 13.95:dollar =:dollar
EXPR: 0 | POS | FRA | 24 | 36.78 | 1.35382078853047 | ((2+(10.62*1.59))/x)=13.95 | 2 10.62 1.59 * + x / 13.95 = | 2:ticket 10.62:ticket 1.59:dollar *:ticket +:ticket x:dollar /:ticket 13.95:ticket =:ticket
EXPR: 0 | POS | FRA | 24 | 36.78 | 27.97605 | x=(1.59*((13.95/2)+10.62)) | x 1.59 13.95 2 / 10.62 + * = | x:dollar 1.59:ticket 13.95:dollar 2:ticket /:dollar 10.62:dollar +:dollar *:dollar =:dollar
EXPR: 0 | POS | FRA | 25 | 36.78 | 2.73303225806452 | x=((10.62/13.95)*(2+1.59)) | x 10.62 13.95 / 2 1.59 + * = | x:dollar 10.62:dollar 13.95:ticket /:dollar 2:ticket 1.59:ticket +:ticket *:dollar =:dollar
EXPR: 0 | POS | FRA | 25 | 36.78 | 0.784342688330872 | x=(10.62/(13.95-(2-1.59))) | x 10.62 13.95 2 1.59 - - / = | x:dollar 10.62:dollar 13.95:ticket 2:ticket 1.59:ticket -:ticket -:ticket /:dollar =:dollar
EXPR: 0 | POS | FRA | 25 | 36.78 | 42.2463 | x=(1.59*((10.62+2)+13.95)) | x 1.59 10.62 2 + 13.95 + * = | x:dollar 1.59:dollar 10.62:ticket 2:ticket +:ticket 13.95:ticket +:ticket *:dollar =:dollar
EXPR: 0 | POS | FRA | 26 | 36.78 | 20.98 | ((x+1.59)-(13.95-2))=10.62 | x 1.59 + 13.95 2 - - 10.62 = | x:dollar 1.59:dollar +:dollar 13.95:dollar 2:dollar -:dollar -:dollar 10.62:dollar =:dollar
EXPR: 0 | POS | FRA | 26 | 36.78 | 0.26 | (((13.95-2)-1.59)+x)=10.62 | 13.95 2 - 1.59 - x + 10.62 = | 13.95:dollar 2:dollar -:dollar 1.59:dollar -:dollar x:dollar +:dollar 10.62:dollar =:dollar
EXPR: 0 | POS | FRA | 26 | 36.78 | 13.7655452436195 | x=(13.95+(1.59/(2-10.62))) | x 13.95 1.59 2 10.62 - / + = | x:dollar 13.95:dollar 1.59:dollar 2:ticket 10.62:ticket -:ticket /:dollar +:dollar =:dollar
EXPR: 0 | POS | FRA | 26 | 36.78 | 3.1638418079096 | 1.59=(13.95-((x-2)*10.62)) | 1.59 13.95 x 2 - 10.62 * - = | 1.59:dollar 13.95:dollar x:ticket 2:ticket -:ticket 10.62:dollar *:dollar -:dollar =:dollar
EXPR: 0 | POS | FRA | 26 | 36.78 | 11.0660377358491 | 13.95=(2*((x*1.59)-10.62)) | 13.95 2 x 1.59 * 10.62 - * = | 13.95:dollar 2:ticket x:ticket 1.59:dollar *:dollar 10.62:dollar -:dollar *:dollar =:dollar
EXPR: 0 | POS | FRA | 27 | 36.78 | 2.92 | ((10.62-1.59)+x)=(13.95-2) | 10.62 1.59 - x + 13.95 2 - = | 10.62:dollar 1.59:dollar -:dollar x:dollar +:dollar 13.95:dollar 2:dollar -:dollar =:dollar
EXPR: 0 | POS | FRA | 27 | 36.78 | 35.34 | x=(10.62+((13.95-1.59)*2)) | x 10.62 13.95 1.59 - 2 * + = | x:ticket 10.62:ticket 13.95:dollar 1.59:dollar -:dollar 2:ticket *:ticket +:ticket =:ticket
EXPR: 0 | POS | FRA | 27 | 36.78 | 14.1949685534591 | ((2+(x*1.59))-10.62)=13.95 | 2 x 1.59 * + 10.62 - 13.95 = | 2:dollar x:ticket 1.59:dollar *:dollar +:dollar 10.62:dollar -:dollar 13.95:dollar =:dollar
EXPR: 0 | POS | FRA | 29 | 36.78 | 1.36630754162586 | x=(13.95/((10.62-2)+1.59)) | x 13.95 10.62 2 - 1.59 + / = | x:dollar 13.95:dollar 10.62:ticket 2:ticket -:ticket 1.59:ticket +:ticket /:dollar =:dollar
EXPR: 0 | POS | FRA | 29 | 36.78 | 34.8005 | ((2+(1.59*13.95))+10.62)=x | 2 1.59 13.95 * + 10.62 + x = | 2:dollar 1.59:ticket 13.95:dollar *:dollar +:dollar 10.62:dollar +:dollar x:dollar =:dollar
EXPR: 0 | POS | FRA | 29 | 36.78 | 12.5060215053763 | (1.59/(2-(x-10.62)))=13.95 | 1.59 2 x 10.62 - - / 13.95 = | 1.59:dollar 2:ticket x:ticket 10.62:ticket -:ticket -:ticket /:dollar 13.95:dollar =:dollar
EXPR: 0 | POS | FRA | 30 | 36.78 | 0.790681003584229 | x=(((10.62+2)-1.59)/13.95) | x 10.62 2 + 1.59 - 13.95 / = | x:ticket 10.62:ticket 2:ticket +:ticket 1.59:ticket -:ticket 13.95:dollar /:ticket =:ticket
EXPR: 0 | POS | FRA | 30 | 36.78 | 0.605473204104903 | x=(10.62/((2+1.59)+13.95)) | x 10.62 2 1.59 + 13.95 + / = | x:ticket 10.62:ticket 2:dollar 1.59:dollar +:dollar 13.95:dollar +:dollar /:ticket =:ticket
EXPR: 0 | POS | FRA | 31 | 36.78 | 3.74 | ((2-1.59)+13.95)=(10.62+x) | 2 1.59 - 13.95 + 10.62 x + = | 2:dollar 1.59:dollar -:dollar 13.95:dollar +:dollar 10.62:dollar x:dollar +:dollar =:dollar
EXPR: 0 | POS | FRA | 31 | 36.78 | 127.9685 | (2-(13.95*(1.59-10.62)))=x | 2 13.95 1.59 10.62 - * - x = | 2:dollar 13.95:ticket 1.59:dollar 10.62:dollar -:dollar *:dollar -:dollar x:dollar =:dollar
EXPR: 0 | POS | FRA | 31 | 36.78 | 13.5605 | ((2-x)+(1.59*13.95))=10.62 | 2 x - 1.59 13.95 * + 10.62 = | 2:dollar x:dollar -:dollar 1.59:ticket 13.95:dollar *:dollar +:dollar 10.62:dollar =:dollar
EXPR: 0 | POS | FRA | 32 | 36.78 | 13.5605 | x=((2-10.62)+(1.59*13.95)) | x 2 10.62 - 1.59 13.95 * + = | x:ticket 2:ticket 10.62:ticket -:ticket 1.59:dollar 13.95:ticket *:ticket +:ticket =:ticket
EXPR: 0 | POS | FRA | 32 | 36.78 | 9.5605 | ((1.59*13.95)-(10.62+2))=x | 1.59 13.95 * 10.62 2 + - x = | 1.59:ticket 13.95:dollar *:dollar 10.62:dollar 2:dollar +:dollar -:dollar x:dollar =:dollar
EXPR: 0 | POS | FRA | 32 | 36.78 | 4.58490566037736 | (((10.62*2)-13.95)/1.59)=x | 10.62 2 * 13.95 - 1.59 / x = | 10.62:ticket 2:dollar *:dollar 13.95:dollar -:dollar 1.59:ticket /:dollar x:dollar =:dollar
EXPR: 0 | POS | FRA | 32 | 36.78 | 3.84641509433962 | x=(10.62+(2-(13.95/1.59))) | x 10.62 2 13.95 1.59 / - + = | x:ticket 10.62:ticket 2:ticket 13.95:ticket 1.59:dollar /:ticket -:ticket +:ticket =:ticket
EXPR: 0 | POS | FRA | 32 | 36.78 | 9.17336917562724 | x=(10.62+((2/13.95)-1.59)) | x 10.62 2 13.95 / 1.59 - + = | x:ticket 10.62:ticket 2:ticket 13.95:dollar /:ticket 1.59:ticket -:ticket +:ticket =:ticket
EXPR: 0 | POS | FRA | 32 | 36.78 | 34.8005 | (2+(10.62+(1.59*13.95)))=x | 2 10.62 1.59 13.95 * + + x = | 2:ticket 10.62:ticket 1.59:ticket 13.95:dollar *:ticket +:ticket +:ticket x:ticket =:ticket
EXPR: 0 | POS | FRA | 33 | 36.78 | 2.2079211469534 | (2+(13.95*(x-1.59)))=10.62 | 2 13.95 x 1.59 - * + 10.62 = | 2:dollar 13.95:ticket x:dollar 1.59:dollar -:dollar *:dollar +:dollar 10.62:dollar =:dollar
EXPR: 0 | POS | FRA | 33 | 36.78 | 8.88663082437276 | (1.59+((2/13.95)+x))=10.62 | 1.59 2 13.95 / x + + 10.62 = | 1.59:dollar 2:dollar 13.95:ticket /:dollar x:dollar +:dollar +:dollar 10.62:dollar =:dollar
EXPR: 0 | POS | FRA | 33 | 36.78 | 12.0997175141243 | (1.59/((x+2)-13.95))=10.62 | 1.59 x 2 + 13.95 - / 10.62 = | 1.59:dollar x:ticket 2:ticket +:ticket 13.95:ticket -:ticket /:dollar 10.62:dollar =:dollar
EXPR: 0 | POS | FRA | 33 | 36.78 | 16.7106918238994 | ((1.59*x)-(2+13.95))=10.62 | 1.59 x * 2 13.95 + - 10.62 = | 1.59:dollar x:ticket *:dollar 2:dollar 13.95:dollar +:dollar -:dollar 10.62:dollar =:dollar
EXPR: 0 | POS | FRA | 33 | 36.78 | 3.10427672955975 | 13.95=(2-((x-10.62)*1.59)) | 13.95 2 x 10.62 - 1.59 * - = | 13.95:ticket 2:ticket x:dollar 10.62:dollar -:dollar 1.59:ticket *:ticket -:ticket =:ticket
EXPR: 0 | POS | FRA | 34 | 36.78 | 16.8705 | (1.59*13.95)=((10.62/2)+x) | 1.59 13.95 * 10.62 2 / x + = | 1.59:ticket 13.95:dollar *:dollar 10.62:dollar 2:ticket /:dollar x:dollar +:dollar =:dollar
EXPR: 0 | POS | FRA | 34 | 36.78 | 23.4043902439024 | (1.59+(13.95/(x+10.62)))=2 | 1.59 13.95 x 10.62 + / + 2 = | 1.59:ticket 13.95:ticket x:dollar 10.62:dollar +:dollar /:ticket +:ticket 2:ticket =:ticket
EXPR: 0 | POS | FRA | 34 | 36.78 | 29.6205 | x=(((13.95-2)*1.59)+10.62) | x 13.95 2 - 1.59 * 10.62 + = | x:dollar 13.95:dollar 2:dollar -:dollar 1.59:ticket *:dollar 10.62:dollar +:dollar =:dollar
EXPR: 0 | POS | FRA | 34 | 36.78 | 5.02370295015259 | (((10.62/x)-2)*13.95)=1.59 | 10.62 x / 2 - 13.95 * 1.59 = | 10.62:dollar x:ticket /:dollar 2:dollar -:dollar 13.95:ticket *:dollar 1.59:dollar =:dollar
EXPR: 0 | POS | FRA | 34 | 36.78 | 2.27688323917137 | (((10.62*x)-2)/13.95)=1.59 | 10.62 x * 2 - 13.95 / 1.59 = | 10.62:dollar x:ticket *:dollar 2:dollar -:dollar 13.95:ticket /:dollar 1.59:dollar =:dollar
EXPR: 0 | POS | FRA | 34 | 36.78 | 127.9685 | (10.62+((2-x)/13.95))=1.59 | 10.62 2 x - 13.95 / + 1.59 = | 10.62:ticket 2:ticket x:ticket -:ticket 13.95:dollar /:ticket +:ticket 1.59:ticket =:ticket
EXPR: 0 | POS | FRA | 34 | 36.78 | 21.3935849056604 | (2+(10.62+(13.95/1.59)))=x | 2 10.62 13.95 1.59 / + + x = | 2:ticket 10.62:ticket 13.95:ticket 1.59:dollar /:ticket +:ticket +:ticket x:ticket =:ticket
EXPR: 0 | POS | FRA | 35 | 36.78 | 192.51 | (((2*1.59)+10.62)*13.95)=x | 2 1.59 * 10.62 + 13.95 * x = | 2:dollar 1.59:ticket *:dollar 10.62:dollar +:dollar 13.95:ticket *:dollar x:dollar =:dollar
EXPR: 0 | POS | FRA | 35 | 36.78 | 88.2063 | ((2+1.59)*(10.62+13.95))=x | 2 1.59 + 10.62 13.95 + * x = | 2:dollar 1.59:dollar +:dollar 10.62:ticket 13.95:ticket +:ticket *:dollar x:dollar =:dollar
EXPR: 0 | POS | FRA | 35 | 36.78 | 35.8863 | x=(1.59*((10.62-2)+13.95)) | x 1.59 10.62 2 - 13.95 + * = | x:ticket 1.59:dollar 10.62:ticket 2:ticket -:ticket 13.95:ticket +:ticket *:ticket =:ticket
EXPR: 0 | POS | FRA | 36 | 36.78 | 0.731899641577061 | (((13.95*x)+2)-1.59)=10.62 | 13.95 x * 2 + 1.59 - 10.62 = | 13.95:ticket x:dollar *:dollar 2:dollar +:dollar 1.59:dollar -:dollar 10.62:dollar =:dollar
EXPR: 0 | POS | FRA | 36 | 36.78 | 0.981703026038001 | ((13.95/x)-(2+1.59))=10.62 | 13.95 x / 2 1.59 + - 10.62 = | 13.95:dollar x:ticket /:dollar 2:dollar 1.59:dollar +:dollar -:dollar 10.62:dollar =:dollar
EXPR: 0 | POS | FRA | 37 | 36.78 | 6.51 | (2*1.59)=((10.62-13.95)+x) | 2 1.59 * 10.62 13.95 - x + = | 2:dollar 1.59:ticket *:dollar 10.62:dollar 13.95:dollar -:dollar x:dollar +:dollar =:dollar
EXPR: 0 | POS | FRA | 37 | 36.78 | 4.58786163522013 | (2/1.59)=((10.62-13.95)+x) | 2 1.59 / 10.62 13.95 - x + = | 2:dollar 1.59:ticket /:dollar 10.62:dollar 13.95:dollar -:dollar x:dollar +:dollar =:dollar
EXPR: 0 | POS | FRA | 37 | 36.78 | 144.559 | (2+1.59)=((10.62*13.95)-x) | 2 1.59 + 10.62 13.95 * x - = | 2:dollar 1.59:dollar +:dollar 10.62:ticket 13.95:dollar *:dollar x:dollar -:dollar =:dollar
EXPR: 0 | POS | FRA | 37 | 36.78 | 0.836477987421384 | (2+((x*1.59)+10.62))=13.95 | 2 x 1.59 * 10.62 + + 13.95 = | 2:ticket x:ticket 1.59:dollar *:ticket 10.62:ticket +:ticket +:ticket 13.95:ticket =:ticket
EXPR: 0 | POS | FRA | 37 | 36.78 | 1.45177966101695 | (((2*x)-1.59)*10.62)=13.95 | 2 x * 1.59 - 10.62 * 13.95 = | 2:dollar x:ticket *:dollar 1.59:dollar -:dollar 10.62:ticket *:dollar 13.95:dollar =:dollar
EXPR: 0 | POS | FRA | 37 | 36.78 | 125.319 | (2+((1.59+x)/10.62))=13.95 | 2 1.59 x + 10.62 / + 13.95 = | 2:ticket 1.59:ticket x:ticket +:ticket 10.62:dollar /:ticket +:ticket 13.95:ticket =:ticket
EXPR: 0 | POS | FRA | 38 | 36.78 | 0.790681003584229 | ((13.95*x)+(1.59-2))=10.62 | 13.95 x * 1.59 2 - + 10.62 = | 13.95:dollar x:ticket *:dollar 1.59:dollar 2:dollar -:dollar +:dollar 10.62:dollar =:dollar
EXPR: 0 | POS | FRA | 38 | 36.78 | 0.836477987421384 | (13.95-((x*1.59)+2))=10.62 | 13.95 x 1.59 * 2 + - 10.62 = | 13.95:dollar x:ticket 1.59:dollar *:dollar 2:dollar +:dollar -:dollar 10.62:dollar =:dollar
EXPR: 0 | POS | FRA | 38 | 36.78 | 0.836477987421384 | ((13.95-(x*1.59))-2)=10.62 | 13.95 x 1.59 * - 2 - 10.62 = | 13.95:dollar x:ticket 1.59:dollar *:dollar -:dollar 2:dollar -:dollar 10.62:dollar =:dollar
EXPR: 0 | POS | FRA | 39 | 36.78 | 20.46 | x=((2*(1.59+13.95))-10.62) | x 2 1.59 13.95 + * 10.62 - = | x:dollar 2:dollar 1.59:ticket 13.95:ticket +:ticket *:dollar 10.62:dollar -:dollar =:dollar
EXPR: 0 | POS | FRA | 39 | 36.78 | 13.5605 | x=(2+((1.59*13.95)-10.62)) | x 2 1.59 13.95 * 10.62 - + = | x:ticket 2:ticket 1.59:dollar 13.95:ticket *:ticket 10.62:ticket -:ticket +:ticket =:ticket
EXPR: 0 | POS | FRA | 40 | 36.78 | 4.9035593220339 | (x-2)=((13.95/10.62)+1.59) | x 2 - 13.95 10.62 / 1.59 + = | x:dollar 2:dollar -:dollar 13.95:dollar 10.62:ticket /:dollar 1.59:dollar +:dollar =:dollar
EXPR: 0 | POS | FRA | 40 | 36.78 | 1.7235593220339 | (x-2)=((13.95/10.62)-1.59) | x 2 - 13.95 10.62 / 1.59 - = | x:dollar 2:dollar -:dollar 13.95:dollar 10.62:ticket /:dollar 1.59:dollar -:dollar =:dollar
EXPR: 0 | POS | FRA | 40 | 36.78 | 0.0556976868137725 | (2/((13.95/10.62)-x))=1.59 | 2 13.95 10.62 / x - / 1.59 = | 2:dollar 13.95:ticket 10.62:dollar /:ticket x:ticket -:ticket /:dollar 1.59:dollar =:dollar
EXPR: 0 | POS | FRA | 41 | 36.78 | 21.39 | (2*1.59)=((13.95-x)+10.62) | 2 1.59 * 13.95 x - 10.62 + = | 2:dollar 1.59:ticket *:dollar 13.95:dollar x:dollar -:dollar 10.62:dollar +:dollar =:dollar
EXPR: 0 | POS | FRA | 41 | 36.78 | 10.3626523297491 | (2+1.59)=(13.95*(10.62-x)) | 2 1.59 + 13.95 10.62 x - * = | 2:dollar 1.59:dollar +:dollar 13.95:ticket 10.62:dollar x:dollar -:dollar *:dollar =:dollar
EXPR: 0 | POS | FRA | 41 | 36.78 | 85.16475 | x=((13.95/2)*(10.62+1.59)) | x 13.95 2 / 10.62 1.59 + * = | x:ticket 13.95:dollar 2:ticket /:dollar 10.62:ticket 1.59:ticket +:ticket *:ticket =:ticket
EXPR: 0 | POS | FRA | 41 | 36.78 | 28.8358 | x=(13.95-(2-(10.62*1.59))) | x 13.95 2 10.62 1.59 * - - = | x:ticket 13.95:ticket 2:ticket 10.62:dollar 1.59:ticket *:ticket -:ticket -:ticket =:ticket
EXPR: 0 | POS | FRA | 41 | 36.78 | 0.731899641577061 | ((2-1.59)+(x*13.95))=10.62 | 2 1.59 - x 13.95 * + 10.62 = | 2:ticket 1.59:ticket -:ticket x:dollar 13.95:ticket *:ticket +:ticket 10.62:ticket =:ticket
EXPR: 0 | POS | FRA | 41 | 36.78 | 0.554697554697555 | (2+((1.59+13.95)*x))=10.62 | 2 1.59 13.95 + x * + 10.62 = | 2:dollar 1.59:ticket 13.95:ticket +:ticket x:dollar *:dollar +:dollar 10.62:dollar =:dollar
EXPR: 0 | POS | FRA | 42 | 36.78 | 8.25 | x=(1.59+((13.95-10.62)*2)) | x 1.59 13.95 10.62 - 2 * + = | x:dollar 1.59:dollar 13.95:ticket 10.62:ticket -:ticket 2:dollar *:dollar +:dollar =:dollar
EXPR: 0 | POS | FRA | 42 | 36.78 | 24.98 | ((10.62-1.59)+(2+13.95))=x | 10.62 1.59 - 2 13.95 + + x = | 10.62:ticket 1.59:ticket -:ticket 2:ticket 13.95:ticket +:ticket +:ticket x:ticket =:ticket
EXPR: 0 | POS | FRA | 43 | 36.78 | 18.6292452830189 | (1.59*(2-(13.95-x)))=10.62 | 1.59 2 13.95 x - - * 10.62 = | 1.59:dollar 2:ticket 13.95:ticket x:ticket -:ticket -:ticket *:ticket 10.62:ticket =:ticket
EXPR: 0 | POS | FRA | 44 | 36.78 | 3.35220125786164 | (1.59*x)=((13.95-10.62)+2) | 1.59 x * 13.95 10.62 - 2 + = | 1.59:dollar x:ticket *:dollar 13.95:dollar 10.62:dollar -:dollar 2:dollar +:dollar =:dollar
EXPR: 0 | POS | FRA | 44 | 36.78 | 0.298311444652908 | (1.59/x)=((13.95-10.62)+2) | 1.59 x / 13.95 10.62 - 2 + = | 1.59:dollar x:ticket /:dollar 13.95:dollar 10.62:dollar -:dollar 2:dollar +:dollar =:dollar
EXPR: 0 | POS | FRA | 44 | 36.78 | 25.8278616352201 | ((13.95+(2/1.59))+10.62)=x | 13.95 2 1.59 / + 10.62 + x = | 13.95:ticket 2:ticket 1.59:dollar /:ticket +:ticket 10.62:ticket +:ticket x:ticket =:ticket
EXPR: 0 | POS | FRA | 44 | 36.78 | 110.0232 | x=(((13.95-2)-1.59)*10.62) | x 13.95 2 - 1.59 - 10.62 * = | x:ticket 13.95:ticket 2:ticket -:ticket 1.59:ticket -:ticket 10.62:dollar *:ticket =:ticket
EXPR: 0 | POS | FRA | 46 | 36.78 | 1.35382078853046 | (((x*13.95)-2)/1.59)=10.62 | x 13.95 * 2 - 1.59 / 10.62 = | x:ticket 13.95:dollar *:dollar 2:dollar -:dollar 1.59:ticket /:dollar 10.62:dollar =:dollar
EXPR: 0 | POS | FRA | 46 | 36.78 | 13.5605 | (((1.59*13.95)-x)+2)=10.62 | 1.59 13.95 * x - 2 + 10.62 = | 1.59:dollar 13.95:ticket *:ticket x:ticket -:ticket 2:ticket +:ticket 10.62:ticket =:ticket
EXPR: 0 | POS | FRA | 46 | 36.78 | 18.465 | (1.59-((13.95-x)*2))=10.62 | 1.59 13.95 x - 2 * - 10.62 = | 1.59:dollar 13.95:ticket x:ticket -:ticket 2:dollar *:dollar -:dollar 10.62:dollar =:dollar
EXPR: 0 | POS | FRA | 46 | 36.78 | 2.47879894501927 | ((1.59*13.95)*(x-2))=10.62 | 1.59 13.95 * x 2 - * 10.62 = | 1.59:dollar 13.95:ticket *:ticket x:dollar 2:dollar -:dollar *:ticket 10.62:ticket =:ticket
EXPR: 0 | POS | FRA | 47 | 36.78 | 1.61299435028249 | (((10.62*x)-13.95)/2)=1.59 | 10.62 x * 13.95 - 2 / 1.59 = | 10.62:dollar x:ticket *:ticket 13.95:ticket -:ticket 2:dollar /:ticket 1.59:ticket =:ticket
EXPR: 0 | POS | FRA | 48 | 36.78 | 17.1137569892473 | (((2/13.95)+10.62)*1.59)=x | 2 13.95 / 10.62 + 1.59 * x = | 2:dollar 13.95:ticket /:dollar 10.62:dollar +:dollar 1.59:ticket *:ticket x:ticket =:ticket
EXPR: 0 | POS | FRA | 48 | 36.78 | 1.17129032258065 | (13.95*((x+1.59)-2))=10.62 | 13.95 x 1.59 + 2 - * 10.62 = | 13.95:dollar x:ticket 1.59:ticket +:ticket 2:ticket -:ticket *:ticket 10.62:ticket =:ticket
EXPR: 0 | POS | FRA | 48 | 36.78 | 1.7505376344086 | x=((2/13.95)*(10.62+1.59)) | x 2 13.95 / 10.62 1.59 + * = | x:dollar 2:dollar 13.95:ticket /:dollar 10.62:ticket 1.59:ticket +:ticket *:dollar =:dollar
EXPR: 0 | POS | FRA | 51 | 36.78 | 5.19602150537635 | (2*((1.59/13.95)+x))=10.62 | 2 1.59 13.95 / x + * 10.62 = | 2:dollar 1.59:ticket 13.95:dollar /:ticket x:ticket +:ticket *:ticket 10.62:ticket =:ticket
EXPR: 0 | POS | FRA | 53 | 36.78 | 15.4179 | (((2*x)-13.95)/1.59)=10.62 | 2 x * 13.95 - 1.59 / 10.62 = | 2:dollar x:ticket *:ticket 13.95:ticket -:ticket 1.59:dollar /:ticket 10.62:ticket =:ticket
EXPR: 0 | POS | FRA | 55 | 36.78 | 18.87 | x=((1.59-10.62)+(2*13.95)) | x 1.59 10.62 - 2 13.95 * + = | x:ticket 1.59:ticket 10.62:ticket -:ticket 2:dollar 13.95:ticket *:ticket +:ticket =:ticket
EXPR: 0 | POS | FRA | 55 | 36.78 | 27.75 | (((2*1.59)+10.62)+13.95)=x | 2 1.59 * 10.62 + 13.95 + x = | 2:dollar 1.59:ticket *:ticket 10.62:ticket +:ticket 13.95:ticket +:ticket x:ticket =:ticket
EXPR: 0 | POS | FRA | 56 | 36.78 | 0.244199999999999 | (13.95-x)=(1.59*(10.62-2)) | 13.95 x - 1.59 10.62 2 - * = | 13.95:ticket x:ticket -:ticket 1.59:dollar 10.62:ticket 2:ticket -:ticket *:ticket =:ticket
EXPR: 0 | POS | FRA | 56 | 36.78 | 16.005 | (13.95/((x+1.59)-10.62))=2 | 13.95 x 1.59 + 10.62 - / 2 = | 13.95:dollar x:ticket 1.59:ticket +:ticket 10.62:ticket -:ticket /:dollar 2:dollar =:dollar
EXPR: 0 | POS | FRA | 56 | 36.78 | 0.15410161391572 | (13.95*x)=(2+(1.59/10.62)) | 13.95 x * 2 1.59 10.62 / + = | 13.95:dollar x:ticket *:dollar 2:dollar 1.59:dollar 10.62:ticket /:dollar +:dollar =:dollar
EXPR: 0 | POS | FRA | 57 | 36.78 | 16.005 | (2*((1.59-10.62)+x))=13.95 | 2 1.59 10.62 - x + * 13.95 = | 2:dollar 1.59:ticket 10.62:ticket -:ticket x:ticket +:ticket *:ticket 13.95:ticket =:ticket
EXPR: 0 | POS | FRA | 63 | 36.78 | 0.772425249169435 | (13.95/x)=((10.62-1.59)*2) | 13.95 x / 10.62 1.59 - 2 * = | 13.95:dollar x:ticket /:dollar 10.62:ticket 1.59:ticket -:ticket 2:dollar *:dollar =:dollar
NET 194 unique, non-negative solutions found out of 410 total solutions
