parameters: n=9 l=4 k=1 p=5 q=2 m=10
TOTAL 408 solutions found
SOLN: CORRECT | POS/NEG | INT/FRA | OBJ-SCORE | TRUE-ANS | ANS | INFIX | POSTFIX | TYPED-POSTFIX
EXPR: 0 | POS | INT | 0 | 118 | 132 | x=((20+(2*1))*6) | x 20 2 1 * + 6 * = | x:dollar 20:carton 2:carton 1:dollar *:carton +:carton 6:dollar *:dollar =:dollar
EXPR: 0 | POS | INT | 0 | 118 | 160 | x=(20*((2*1)+6)) | x 20 2 1 * 6 + * = | x:dollar 20:carton 2:carton 1:dollar *:dollar 6:dollar +:dollar *:dollar =:dollar
EXPR: 0 | POS | INT | 0 | 118 | 108 | x=((20-(2*1))*6) | x 20 2 1 * - 6 * = | x:dollar 20:carton 2:carton 1:dollar *:carton -:carton 6:dollar *:dollar =:dollar
EXPR: 0 | POS | INT | 0 | 118 | 126 | ((20-2)*(1+6))=x | 20 2 - 1 6 + * x = | 20:carton 2:carton -:carton 1:dollar 6:dollar +:dollar *:dollar x:dollar =:dollar
EXPR: 0 | POS | INT | 0 | 118 | 160 | (20*((2*1)+6))=x | 20 2 1 * 6 + * x = | 20:carton 2:carton 1:dollar *:dollar 6:dollar +:dollar *:dollar x:dollar =:dollar
EXPR: 0 | POS | INT | 0 | 118 | 126 | x=((20-2)*(1+6)) | x 20 2 - 1 6 + * = | x:dollar 20:carton 2:carton -:carton 1:dollar 6:dollar +:dollar *:dollar =:dollar
EXPR: 0 | POS | INT | 0 | 118 | 108 | ((20-(2*1))*6)=x | 20 2 1 * - 6 * x = | 20:carton 2:carton 1:dollar *:carton -:carton 6:dollar *:dollar x:dollar =:dollar
EXPR: 0 | POS | INT | 0 | 118 | 132 | ((20+(2*1))*6)=x | 20 2 1 * + 6 * x = | 20:carton 2:carton 1:dollar *:carton +:carton 6:dollar *:dollar x:dollar =:dollar
EXPR: 0 | POS | INT | 0 | 118 | 154 | x=((20+2)*(1+6)) | x 20 2 + 1 6 + * = | x:dollar 20:carton 2:carton +:carton 1:dollar 6:dollar +:dollar *:dollar =:dollar
EXPR: 0 | POS | INT | 0 | 118 | 28 | x=(((20+2)*1)+6) | x 20 2 + 1 * 6 + = | x:dollar 20:carton 2:carton +:carton 1:dollar *:dollar 6:dollar +:dollar =:dollar
EXPR: 0 | POS | INT | 0 | 118 | 28 | (((20+2)*1)+6)=x | 20 2 + 1 * 6 + x = | 20:carton 2:carton +:carton 1:dollar *:dollar 6:dollar +:dollar x:dollar =:dollar
EXPR: 0 | POS | INT | 0 | 118 | 16 | (((20+2)*1)-6)=x | 20 2 + 1 * 6 - x = | 20:carton 2:carton +:carton 1:dollar *:dollar 6:dollar -:dollar x:dollar =:dollar
EXPR: 0 | POS | INT | 0 | 118 | 24 | x=(((20-2)*1)+6) | x 20 2 - 1 * 6 + = | x:dollar 20:carton 2:carton -:carton 1:dollar *:dollar 6:dollar +:dollar =:dollar
EXPR: 0 | POS | INT | 0 | 118 | 154 | ((20+2)*(1+6))=x | 20 2 + 1 6 + * x = | 20:carton 2:carton +:carton 1:dollar 6:dollar +:dollar *:dollar x:dollar =:dollar
EXPR: 0 | POS | INT | 0 | 118 | 16 | x=(((20+2)*1)-6) | x 20 2 + 1 * 6 - = | x:dollar 20:carton 2:carton +:carton 1:dollar *:dollar 6:dollar -:dollar =:dollar
EXPR: 0 | POS | INT | 0 | 118 | 12 | x=(((20-2)*1)-6) | x 20 2 - 1 * 6 - = | x:dollar 20:carton 2:carton -:carton 1:dollar *:dollar 6:dollar -:dollar =:dollar
EXPR: 0 | POS | INT | 0 | 118 | 24 | (((20-2)*1)+6)=x | 20 2 - 1 * 6 + x = | 20:carton 2:carton -:carton 1:dollar *:dollar 6:dollar +:dollar x:dollar =:dollar
EXPR: 0 | POS | INT | 0 | 118 | 12 | (((20-2)*1)-6)=x | 20 2 - 1 * 6 - x = | 20:carton 2:carton -:carton 1:dollar *:dollar 6:dollar -:dollar x:dollar =:dollar
EXPR: 0 | POS | INT | 2 | 118 | 260 | x=(20*((2*6)+1)) | x 20 2 6 * 1 + * = | x:dollar 20:carton 2:carton 6:dollar *:dollar 1:dollar +:dollar *:dollar =:dollar
EXPR: 0 | POS | INT | 2 | 118 | 220 | x=(20*((2*6)-1)) | x 20 2 6 * 1 - * = | x:dollar 20:carton 2:carton 6:dollar *:dollar 1:dollar -:dollar *:dollar =:dollar
EXPR: 0 | POS | INT | 2 | 118 | 52 | x=(2*((20*1)+6)) | x 2 20 1 * 6 + * = | x:dollar 2:carton 20:carton 1:dollar *:dollar 6:dollar +:dollar *:dollar =:dollar
EXPR: 0 | POS | INT | 2 | 118 | 32 | x=((20+(2*6))*1) | x 20 2 6 * + 1 * = | x:dollar 20:carton 2:carton 6:dollar *:carton +:carton 1:dollar *:dollar =:dollar
EXPR: 0 | POS | INT | 2 | 118 | 260 | (20*((2*6)+1))=x | 20 2 6 * 1 + * x = | 20:carton 2:carton 6:dollar *:dollar 1:dollar +:dollar *:dollar x:dollar =:dollar
EXPR: 0 | POS | INT | 2 | 118 | 28 | x=(2*((20*1)-6)) | x 2 20 1 * 6 - * = | x:dollar 2:carton 20:carton 1:dollar *:dollar 6:dollar -:dollar *:dollar =:dollar
EXPR: 0 | POS | INT | 2 | 118 | 131 | (((20+2)*6)-1)=x | 20 2 + 6 * 1 - x = | 20:carton 2:carton +:carton 6:dollar *:dollar 1:dollar -:dollar x:dollar =:dollar
EXPR: 0 | POS | INT | 2 | 118 | 32 | ((20+(2*6))*1)=x | 20 2 6 * + 1 * x = | 20:carton 2:carton 6:dollar *:carton +:carton 1:dollar *:dollar x:dollar =:dollar
EXPR: 0 | POS | INT | 2 | 118 | 133 | x=(((20+2)*6)+1) | x 20 2 + 6 * 1 + = | x:dollar 20:carton 2:carton +:carton 6:dollar *:dollar 1:dollar +:dollar =:dollar
EXPR: 0 | POS | INT | 2 | 118 | 8 | x=((20-(2*6))*1) | x 20 2 6 * - 1 * = | x:dollar 20:carton 2:carton 6:dollar *:carton -:carton 1:dollar *:dollar =:dollar
EXPR: 0 | POS | INT | 2 | 118 | 109 | x=(((20-2)*6)+1) | x 20 2 - 6 * 1 + = | x:dollar 20:carton 2:carton -:carton 6:dollar *:dollar 1:dollar +:dollar =:dollar
EXPR: 0 | POS | INT | 2 | 118 | 8 | ((20-(2*6))*1)=x | 20 2 6 * - 1 * x = | 20:carton 2:carton 6:dollar *:carton -:carton 1:dollar *:dollar x:dollar =:dollar
EXPR: 0 | POS | INT | 2 | 118 | 131 | x=(((20+2)*6)-1) | x 20 2 + 6 * 1 - = | x:dollar 20:carton 2:carton +:carton 6:dollar *:dollar 1:dollar -:dollar =:dollar
EXPR: 0 | POS | INT | 2 | 118 | 107 | x=(((20-2)*6)-1) | x 20 2 - 6 * 1 - = | x:dollar 20:carton 2:carton -:carton 6:dollar *:dollar 1:dollar -:dollar =:dollar
EXPR: 0 | POS | INT | 2 | 118 | 109 | (((20-2)*6)+1)=x | 20 2 - 6 * 1 + x = | 20:carton 2:carton -:carton 6:dollar *:dollar 1:dollar +:dollar x:dollar =:dollar
EXPR: 0 | POS | INT | 2 | 118 | 90 | x=((2-20)*(1-6)) | x 2 20 - 1 6 - * = | x:dollar 2:carton 20:carton -:carton 1:dollar 6:dollar -:dollar *:dollar =:dollar
EXPR: 0 | POS | INT | 2 | 118 | 133 | (((20+2)*6)+1)=x | 20 2 + 6 * 1 + x = | 20:carton 2:carton +:carton 6:dollar *:dollar 1:dollar +:dollar x:dollar =:dollar
EXPR: 0 | POS | INT | 4 | 118 | 242 | (2*((20*6)+1))=x | 2 20 6 * 1 + * x = | 2:carton 20:carton 6:dollar *:dollar 1:dollar +:dollar *:dollar x:dollar =:dollar
EXPR: 0 | POS | INT | 10 | 118 | 66 | x=((20*(2+1))+6) | x 20 2 1 + * 6 + = | x:dollar 20:carton 2:dollar 1:dollar +:dollar *:dollar 6:dollar +:dollar =:dollar
EXPR: 0 | POS | INT | 10 | 118 | 126 | (((20+2)-1)*6)=x | 20 2 + 1 - 6 * x = | 20:carton 2:carton +:carton 1:carton -:carton 6:dollar *:dollar x:dollar =:dollar
EXPR: 0 | POS | INT | 10 | 118 | 3 | ((20-(2*1))/6)=x | 20 2 1 * - 6 / x = | 20:carton 2:carton 1:dollar *:carton -:carton 6:dollar /:carton x:carton =:carton
EXPR: 0 | POS | INT | 10 | 118 | 180 | (20*(2+(1+6)))=x | 20 2 1 6 + + * x = | 20:carton 2:dollar 1:dollar 6:dollar +:dollar +:dollar *:dollar x:dollar =:dollar
EXPR: 0 | POS | INT | 10 | 118 | 140 | (20*(2-(1-6)))=x | 20 2 1 6 - - * x = | 20:carton 2:dollar 1:dollar 6:dollar -:dollar -:dollar *:dollar x:dollar =:dollar
EXPR: 0 | POS | INT | 12 | 118 | 24 | (((20*1)-2)+6)=x | 20 1 * 2 - 6 + x = | 20:carton 1:dollar *:dollar 2:dollar -:dollar 6:dollar +:dollar x:dollar =:dollar
EXPR: 0 | POS | INT | 12 | 118 | 15 | 20=(2*((x+1)-6)) | 20 2 x 1 + 6 - * = | 20:dollar 2:carton x:dollar 1:dollar +:dollar 6:dollar -:dollar *:dollar =:dollar
EXPR: 0 | POS | INT | 12 | 118 | 35 | (((20*2)-x)+1)=6 | 20 2 * x - 1 + 6 = | 20:carton 2:dollar *:dollar x:dollar -:dollar 1:dollar +:dollar 6:dollar =:dollar
EXPR: 0 | POS | INT | 12 | 118 | 30 | (2*(20+(1-6)))=x | 2 20 1 6 - + * x = | 2:carton 20:dollar 1:dollar 6:dollar -:dollar +:dollar *:dollar x:dollar =:dollar
EXPR: 0 | POS | INT | 12 | 118 | 24 | x=(((20-2)+6)*1) | x 20 2 - 6 + 1 * = | x:dollar 20:carton 2:carton -:carton 6:carton +:carton 1:dollar *:dollar =:dollar
EXPR: 0 | POS | INT | 12 | 118 | 16 | x=(((20+2)-6)*1) | x 20 2 + 6 - 1 * = | x:dollar 20:carton 2:carton +:carton 6:carton -:carton 1:dollar *:dollar =:dollar
EXPR: 0 | POS | INT | 12 | 118 | 12 | x=(((20-2)-6)*1) | x 20 2 - 6 - 1 * = | x:dollar 20:carton 2:carton -:carton 6:carton -:carton 1:dollar *:dollar =:dollar
EXPR: 0 | POS | INT | 12 | 118 | 138 | x=(((20+1)+2)*6) | x 20 1 + 2 + 6 * = | x:dollar 20:carton 1:carton +:carton 2:carton +:carton 6:dollar *:dollar =:dollar
EXPR: 0 | POS | INT | 12 | 118 | 28 | x=(((20+2)+6)*1) | x 20 2 + 6 + 1 * = | x:dollar 20:carton 2:carton +:carton 6:carton +:carton 1:dollar *:dollar =:dollar
EXPR: 0 | POS | INT | 12 | 118 | 33 | (((20*2)-x)-1)=6 | 20 2 * x - 1 - 6 = | 20:carton 2:dollar *:dollar x:dollar -:dollar 1:dollar -:dollar 6:dollar =:dollar
EXPR: 0 | POS | INT | 15 | 118 | 35 | x=((1+(20*2))-6) | x 1 20 2 * + 6 - = | x:dollar 1:dollar 20:dollar 2:carton *:dollar +:dollar 6:dollar -:dollar =:dollar
EXPR: 0 | POS | INT | 15 | 118 | 138 | x=(((2+1)+20)*6) | x 2 1 + 20 + 6 * = | x:dollar 2:carton 1:carton +:carton 20:carton +:carton 6:dollar *:dollar =:dollar
EXPR: 0 | POS | INT | 15 | 118 | 28 | x=(((20+6)+2)*1) | x 20 6 + 2 + 1 * = | x:dollar 20:carton 6:carton +:carton 2:carton +:carton 1:dollar *:dollar =:dollar
EXPR: 0 | POS | INT | 17 | 118 | 140 | (20*(6-(1-2)))=x | 20 6 1 2 - - * x = | 20:carton 6:dollar 1:dollar 2:dollar -:dollar -:dollar *:dollar x:dollar =:dollar
EXPR: 0 | POS | INT | 19 | 118 | 30 | (2*((1-6)+20))=x | 2 1 6 - 20 + * x = | 2:carton 1:dollar 6:dollar -:dollar 20:dollar +:dollar *:dollar x:dollar =:dollar
EXPR: 0 | POS | INT | 19 | 118 | 54 | x=(2*((1+6)+20)) | x 2 1 6 + 20 + * = | x:dollar 2:carton 1:dollar 6:dollar +:dollar 20:dollar +:dollar *:dollar =:dollar
EXPR: 0 | POS | INT | 20 | 118 | 234 | x=(((20*2)-1)*6) | x 20 2 * 1 - 6 * = | x:dollar 20:carton 2:dollar *:dollar 1:dollar -:dollar 6:carton *:dollar =:dollar
EXPR: 0 | POS | INT | 21 | 118 | 16 | (((6-20)+x)/2)=1 | 6 20 - x + 2 / 1 = | 6:dollar 20:dollar -:dollar x:dollar +:dollar 2:carton /:dollar 1:dollar =:dollar
EXPR: 0 | POS | INT | 22 | 118 | 48 | (((20+1)*2)+6)=x | 20 1 + 2 * 6 + x = | 20:carton 1:carton +:carton 2:dollar *:dollar 6:dollar +:dollar x:dollar =:dollar
EXPR: 0 | POS | INT | 22 | 118 | 36 | (((20+1)*2)-6)=x | 20 1 + 2 * 6 - x = | 20:carton 1:carton +:carton 2:dollar *:dollar 6:dollar -:dollar x:dollar =:dollar
EXPR: 0 | POS | INT | 22 | 118 | 44 | (((20-1)*2)+6)=x | 20 1 - 2 * 6 + x = | 20:carton 1:carton -:carton 2:dollar *:dollar 6:dollar +:dollar x:dollar =:dollar
EXPR: 0 | POS | INT | 22 | 118 | 23 | (((20-1)-2)+6)=x | 20 1 - 2 - 6 + x = | 20:dollar 1:dollar -:dollar 2:dollar -:dollar 6:dollar +:dollar x:dollar =:dollar
EXPR: 0 | POS | INT | 22 | 118 | 32 | (((20-1)*2)-6)=x | 20 1 - 2 * 6 - x = | 20:carton 1:carton -:carton 2:dollar *:dollar 6:dollar -:dollar x:dollar =:dollar
EXPR: 0 | POS | INT | 22 | 118 | 4 | (20/(1-(2-6)))=x | 20 1 2 6 - - / x = | 20:carton 1:dollar 2:dollar 6:dollar -:dollar -:dollar /:carton x:carton =:carton
EXPR: 0 | POS | INT | 22 | 118 | 13 | (((20-2)-6)+1)=x | 20 2 - 6 - 1 + x = | 20:dollar 2:dollar -:dollar 6:dollar -:dollar 1:dollar +:dollar x:dollar =:dollar
EXPR: 0 | POS | INT | 22 | 118 | 25 | (20-((2-6)-1))=x | 20 2 6 - 1 - - x = | 20:dollar 2:dollar 6:dollar -:dollar 1:dollar -:dollar -:dollar x:dollar =:dollar
EXPR: 0 | POS | INT | 22 | 118 | 17 | (((20+2)-6)+1)=x | 20 2 + 6 - 1 + x = | 20:dollar 2:dollar +:dollar 6:dollar -:dollar 1:dollar +:dollar x:dollar =:dollar
EXPR: 0 | POS | INT | 23 | 118 | 24 | 6=(((x+2)-20)*1) | 6 x 2 + 20 - 1 * = | 6:dollar x:carton 2:carton +:carton 20:carton -:carton 1:dollar *:dollar =:dollar
EXPR: 0 | POS | INT | 23 | 118 | 28 | 6=(((x-2)-20)*1) | 6 x 2 - 20 - 1 * = | 6:dollar x:carton 2:carton -:carton 20:carton -:carton 1:dollar *:dollar =:dollar
EXPR: 0 | POS | INT | 25 | 118 | 52 | x=((20+(1*6))*2) | x 20 1 6 * + 2 * = | x:dollar 20:carton 1:carton 6:dollar *:carton +:carton 2:dollar *:dollar =:dollar
EXPR: 0 | POS | INT | 25 | 118 | 28 | x=((20-(1*6))*2) | x 20 1 6 * - 2 * = | x:dollar 20:carton 1:carton 6:dollar *:carton -:carton 2:dollar *:dollar =:dollar
EXPR: 0 | POS | INT | 25 | 118 | 52 | ((20+(1*6))*2)=x | 20 1 6 * + 2 * x = | 20:carton 1:carton 6:dollar *:carton +:carton 2:dollar *:dollar x:dollar =:dollar
EXPR: 0 | POS | INT | 25 | 118 | 124 | (((20+1)*6)-2)=x | 20 1 + 6 * 2 - x = | 20:carton 1:carton +:carton 6:dollar *:dollar 2:dollar -:dollar x:dollar =:dollar
EXPR: 0 | POS | INT | 25 | 118 | 66 | x=(((2+1)*20)+6) | x 2 1 + 20 * 6 + = | x:dollar 2:carton 1:carton +:carton 20:dollar *:dollar 6:dollar +:dollar =:dollar
EXPR: 0 | POS | INT | 25 | 118 | 28 | ((20-(1*6))*2)=x | 20 1 6 * - 2 * x = | 20:carton 1:carton 6:dollar *:carton -:carton 2:dollar *:dollar x:dollar =:dollar
EXPR: 0 | POS | INT | 25 | 118 | 26 | x=(((2-1)*20)+6) | x 2 1 - 20 * 6 + = | x:dollar 2:carton 1:carton -:carton 20:dollar *:dollar 6:dollar +:dollar =:dollar
EXPR: 0 | POS | INT | 25 | 118 | 54 | x=(((2+1)*20)-6) | x 2 1 + 20 * 6 - = | x:dollar 2:carton 1:carton +:carton 20:dollar *:dollar 6:dollar -:dollar =:dollar
EXPR: 0 | POS | INT | 25 | 118 | 116 | (((20-1)*6)+2)=x | 20 1 - 6 * 2 + x = | 20:carton 1:carton -:carton 6:dollar *:dollar 2:dollar +:dollar x:dollar =:dollar
EXPR: 0 | POS | INT | 25 | 118 | 15 | (20-(1+(6-2)))=x | 20 1 6 2 - + - x = | 20:dollar 1:dollar 6:dollar 2:dollar -:dollar +:dollar -:dollar x:dollar =:dollar
EXPR: 0 | POS | INT | 25 | 118 | 14 | x=(((2-1)*20)-6) | x 2 1 - 20 * 6 - = | x:dollar 2:carton 1:carton -:carton 20:dollar *:dollar 6:dollar -:dollar =:dollar
EXPR: 0 | POS | INT | 25 | 118 | 128 | (((20+1)*6)+2)=x | 20 1 + 6 * 2 + x = | 20:carton 1:carton +:carton 6:dollar *:dollar 2:dollar +:dollar x:dollar =:dollar
EXPR: 0 | POS | INT | 26 | 118 | 35 | (((6+x)-1)/20)=2 | 6 x + 1 - 20 / 2 = | 6:dollar x:dollar +:dollar 1:dollar -:dollar 20:carton /:dollar 2:dollar =:dollar
EXPR: 0 | POS | INT | 26 | 118 | 79 | 6=(2+((x+1)/20)) | 6 2 x 1 + 20 / + = | 6:dollar 2:dollar x:dollar 1:dollar +:dollar 20:carton /:dollar +:dollar =:dollar
EXPR: 0 | POS | INT | 26 | 118 | 35 | (((6-1)+x)/20)=2 | 6 1 - x + 20 / 2 = | 6:dollar 1:dollar -:dollar x:dollar +:dollar 20:carton /:dollar 2:dollar =:dollar
EXPR: 0 | POS | INT | 27 | 118 | 24 | (((20+6)*1)-2)=x | 20 6 + 1 * 2 - x = | 20:carton 6:carton +:carton 1:dollar *:dollar 2:dollar -:dollar x:dollar =:dollar
EXPR: 0 | POS | INT | 27 | 118 | 23 | (((20+6)-1)-2)=x | 20 6 + 1 - 2 - x = | 20:dollar 6:dollar +:dollar 1:dollar -:dollar 2:dollar -:dollar x:dollar =:dollar
EXPR: 0 | POS | INT | 27 | 118 | 16 | x=(((20-6)*1)+2) | x 20 6 - 1 * 2 + = | x:dollar 20:carton 6:carton -:carton 1:dollar *:dollar 2:dollar +:dollar =:dollar
EXPR: 0 | POS | INT | 27 | 118 | 24 | x=(((20+6)*1)-2) | x 20 6 + 1 * 2 - = | x:dollar 20:carton 6:carton +:carton 1:dollar *:dollar 2:dollar -:dollar =:dollar
EXPR: 0 | POS | INT | 27 | 118 | 12 | x=(((20-6)*1)-2) | x 20 6 - 1 * 2 - = | x:dollar 20:carton 6:carton -:carton 1:dollar *:dollar 2:dollar -:dollar =:dollar
EXPR: 0 | POS | INT | 27 | 118 | 11 | (((20-6)-1)-2)=x | 20 6 - 1 - 2 - x = | 20:dollar 6:dollar -:dollar 1:dollar -:dollar 2:dollar -:dollar x:dollar =:dollar
EXPR: 0 | POS | INT | 27 | 118 | 28 | (((20+6)*1)+2)=x | 20 6 + 1 * 2 + x = | 20:carton 6:carton +:carton 1:dollar *:dollar 2:dollar +:dollar x:dollar =:dollar
EXPR: 0 | POS | INT | 27 | 118 | 28 | x=(((20+6)*1)+2) | x 20 6 + 1 * 2 + = | x:dollar 20:carton 6:carton +:carton 1:dollar *:dollar 2:dollar +:dollar =:dollar
EXPR: 0 | POS | INT | 28 | 118 | 159 | (((2+6)*20)-1)=x | 2 6 + 20 * 1 - x = | 2:carton 6:carton +:carton 20:dollar *:dollar 1:dollar -:dollar x:dollar =:dollar
EXPR: 0 | POS | INT | 28 | 118 | 161 | x=(((2+6)*20)+1) | x 2 6 + 20 * 1 + = | x:dollar 2:carton 6:carton +:carton 20:dollar *:dollar 1:dollar +:dollar =:dollar
EXPR: 0 | POS | INT | 28 | 118 | 159 | x=(((2+6)*20)-1) | x 2 6 + 20 * 1 - = | x:dollar 2:carton 6:carton +:carton 20:dollar *:dollar 1:dollar -:dollar =:dollar
EXPR: 0 | POS | INT | 28 | 118 | 161 | (((2+6)*20)+1)=x | 2 6 + 20 * 1 + x = | 2:carton 6:carton +:carton 20:dollar *:dollar 1:dollar +:dollar x:dollar =:dollar
EXPR: 0 | POS | INT | 29 | 118 | 160 | ((2+(1*6))*20)=x | 2 1 6 * + 20 * x = | 2:carton 1:carton 6:dollar *:carton +:carton 20:dollar *:dollar x:dollar =:dollar
EXPR: 0 | POS | INT | 29 | 118 | 28 | (6+((20+2)*1))=x | 6 20 2 + 1 * + x = | 6:carton 20:carton 2:carton +:carton 1:dollar *:carton +:carton x:carton =:carton
EXPR: 0 | POS | INT | 29 | 118 | 15 | (2-(1+(6-20)))=x | 2 1 6 20 - + - x = | 2:dollar 1:dollar 6:dollar 20:dollar -:dollar +:dollar -:dollar x:dollar =:dollar
EXPR: 0 | POS | INT | 31 | 118 | 28 | x=(((2+6)*1)+20) | x 2 6 + 1 * 20 + = | x:dollar 2:carton 6:carton +:carton 1:dollar *:dollar 20:dollar +:dollar =:dollar
EXPR: 0 | POS | INT | 31 | 118 | 79 | x=(((6-2)*20)-1) | x 6 2 - 20 * 1 - = | x:dollar 6:carton 2:carton -:carton 20:dollar *:dollar 1:dollar -:dollar =:dollar
EXPR: 0 | POS | INT | 31 | 118 | 76 | x=((2-6)*(1-20)) | x 2 6 - 1 20 - * = | x:dollar 2:carton 6:carton -:carton 1:dollar 20:dollar -:dollar *:dollar =:dollar
EXPR: 0 | POS | INT | 31 | 118 | 76 | x=((6-2)*(20-1)) | x 6 2 - 20 1 - * = | x:dollar 6:carton 2:carton -:carton 20:dollar 1:dollar -:dollar *:dollar =:dollar
EXPR: 0 | POS | INT | 31 | 118 | 81 | x=(((6-2)*20)+1) | x 6 2 - 20 * 1 + = | x:dollar 6:carton 2:carton -:carton 20:dollar *:dollar 1:dollar +:dollar =:dollar
EXPR: 0 | POS | INT | 31 | 118 | 32 | x=(1*((2*6)+20)) | x 1 2 6 * 20 + * = | x:dollar 1:carton 2:carton 6:dollar *:dollar 20:dollar +:dollar *:dollar =:dollar
EXPR: 0 | POS | INT | 32 | 118 | 220 | (20*((2*6)-1))=x | 20 2 6 * 1 - * x = | 20:carton 2:dollar 6:carton *:dollar 1:dollar -:dollar *:carton x:carton =:carton
EXPR: 0 | POS | INT | 32 | 118 | 17 | ((20+(2-6))+1)=x | 20 2 6 - + 1 + x = | 20:carton 2:carton 6:carton -:carton +:carton 1:carton +:carton x:carton =:carton
EXPR: 0 | POS | INT | 32 | 118 | 17 | ((1-(6-20))+2)=x | 1 6 20 - - 2 + x = | 1:dollar 6:dollar 20:dollar -:dollar -:dollar 2:dollar +:dollar x:dollar =:dollar
EXPR: 0 | POS | INT | 33 | 118 | 28 | 6=(((x-20)*1)-2) | 6 x 20 - 1 * 2 - = | 6:dollar x:carton 20:carton -:carton 1:dollar *:dollar 2:dollar -:dollar =:dollar
EXPR: 0 | POS | INT | 34 | 118 | 23 | (1*((6/2)+20))=x | 1 6 2 / 20 + * x = | 1:carton 6:dollar 2:carton /:dollar 20:dollar +:dollar *:dollar x:dollar =:dollar
EXPR: 0 | POS | INT | 34 | 118 | 24 | (((6-2)*1)+20)=x | 6 2 - 1 * 20 + x = | 6:carton 2:carton -:carton 1:dollar *:dollar 20:dollar +:dollar x:dollar =:dollar
EXPR: 0 | POS | INT | 34 | 118 | 132 | x=(6*((2*1)+20)) | x 6 2 1 * 20 + * = | x:dollar 6:carton 2:carton 1:dollar *:dollar 20:dollar +:dollar *:dollar =:dollar
EXPR: 0 | POS | INT | 34 | 118 | 17 | ((1-(6-2))+20)=x | 1 6 2 - - 20 + x = | 1:dollar 6:dollar 2:dollar -:dollar -:dollar 20:dollar +:dollar x:dollar =:dollar
EXPR: 0 | POS | INT | 35 | 118 | 26 | ((20-(1+6))*2)=x | 20 1 6 + - 2 * x = | 20:carton 1:carton 6:carton +:carton -:carton 2:dollar *:dollar x:dollar =:dollar
EXPR: 0 | POS | INT | 35 | 118 | 13 | ((20+(1*6))/2)=x | 20 1 6 * + 2 / x = | 20:carton 1:carton 6:dollar *:carton +:carton 2:dollar /:carton x:carton =:carton
EXPR: 0 | POS | INT | 35 | 118 | 50 | x=(((20-1)+6)*2) | x 20 1 - 6 + 2 * = | x:dollar 20:carton 1:carton -:carton 6:carton +:carton 2:dollar *:dollar =:dollar
EXPR: 0 | POS | INT | 35 | 118 | 54 | x=(((20+1)+6)*2) | x 20 1 + 6 + 2 * = | x:dollar 20:carton 1:carton +:carton 6:carton +:carton 2:dollar *:dollar =:dollar
EXPR: 0 | POS | INT | 35 | 118 | 30 | x=(((20+1)-6)*2) | x 20 1 + 6 - 2 * = | x:dollar 20:carton 1:carton +:carton 6:carton -:carton 2:dollar *:dollar =:dollar
EXPR: 0 | POS | INT | 35 | 118 | 34 | (1*((20*2)-6))=x | 1 20 2 * 6 - * x = | 1:carton 20:dollar 2:carton *:dollar 6:dollar -:dollar *:carton x:carton =:carton
EXPR: 0 | POS | INT | 35 | 118 | 46 | (1*((20*2)+6))=x | 1 20 2 * 6 + * x = | 1:carton 20:dollar 2:carton *:dollar 6:dollar +:dollar *:carton x:carton =:carton
EXPR: 0 | POS | INT | 35 | 118 | 16 | (2+(1*(20-6)))=x | 2 1 20 6 - * + x = | 2:carton 1:carton 20:dollar 6:dollar -:dollar *:carton +:carton x:carton =:carton
EXPR: 0 | POS | INT | 36 | 118 | 23 | 6=(2*((x*1)-20)) | 6 2 x 1 * 20 - * = | 6:dollar 2:carton x:carton 1:dollar *:dollar 20:dollar -:dollar *:dollar =:dollar
EXPR: 0 | POS | INT | 37 | 118 | 15 | (20-(6+(1-2)))=x | 20 6 1 2 - + - x = | 20:carton 6:carton 1:carton 2:carton -:carton +:carton -:carton x:carton =:carton
EXPR: 0 | POS | INT | 37 | 118 | 12 | 20=(((6+x)+2)*1) | 20 6 x + 2 + 1 * = | 20:dollar 6:carton x:carton +:carton 2:carton +:carton 1:dollar *:dollar =:dollar
EXPR: 0 | POS | INT | 38 | 118 | 26 | 6=((1-2)*(20-x)) | 6 1 2 - 20 x - * = | 6:dollar 1:carton 2:carton -:carton 20:dollar x:dollar -:dollar *:dollar =:dollar
EXPR: 0 | POS | INT | 38 | 118 | 29 | (1+((20+6)+2))=x | 1 20 6 + 2 + + x = | 1:carton 20:carton 6:carton +:carton 2:carton +:carton +:carton x:carton =:carton
EXPR: 0 | POS | INT | 39 | 118 | 29 | (2+((1+6)+20))=x | 2 1 6 + 20 + + x = | 2:carton 1:carton 6:carton +:carton 20:carton +:carton +:carton x:carton =:carton
EXPR: 0 | POS | INT | 41 | 118 | 29 | (((2+6)+1)+20)=x | 2 6 + 1 + 20 + x = | 2:carton 6:carton +:carton 1:carton +:carton 20:carton +:carton x:carton =:carton
EXPR: 0 | POS | INT | 41 | 118 | 29 | (1+((2+6)+20))=x | 1 2 6 + 20 + + x = | 1:carton 2:carton 6:carton +:carton 20:carton +:carton +:carton x:carton =:carton
EXPR: 0 | POS | INT | 44 | 118 | 138 | (6*((2+1)+20))=x | 6 2 1 + 20 + * x = | 6:carton 2:dollar 1:dollar +:dollar 20:dollar +:dollar *:dollar x:dollar =:dollar
EXPR: 0 | POS | INT | 44 | 118 | 180 | x=(((1+6)+2)*20) | x 1 6 + 2 + 20 * = | x:dollar 1:carton 6:carton +:carton 2:carton +:carton 20:dollar *:dollar =:dollar
EXPR: 0 | POS | INT | 46 | 118 | 100 | ((6+(1-2))*20)=x | 6 1 2 - + 20 * x = | 6:carton 1:carton 2:carton -:carton +:carton 20:dollar *:dollar x:dollar =:dollar
EXPR: 0 | POS | INT | 46 | 118 | 22 | 6=(((1-20)+x)*2) | 6 1 20 - x + 2 * = | 6:dollar 1:carton 20:carton -:carton x:carton +:carton 2:dollar *:dollar =:dollar
EXPR: 0 | POS | INT | 48 | 118 | 16 | (1*(20-(6-2)))=x | 1 20 6 2 - - * x = | 1:carton 20:dollar 6:dollar 2:dollar -:dollar -:dollar *:carton x:carton =:carton
EXPR: 0 | POS | INT | 52 | 118 | 142 | x=(((1+6)*20)+2) | x 1 6 + 20 * 2 + = | x:dollar 1:carton 6:carton +:carton 20:dollar *:dollar 2:dollar +:dollar =:dollar
EXPR: 0 | POS | INT | 52 | 118 | 138 | x=(((1+6)*20)-2) | x 1 6 + 20 * 2 - = | x:dollar 1:carton 6:carton +:carton 20:dollar *:dollar 2:dollar -:dollar =:dollar
EXPR: 0 | POS | INT | 54 | 118 | 80 | ((1+(6/2))*20)=x | 1 6 2 / + 20 * x = | 1:carton 6:carton 2:dollar /:carton +:carton 20:dollar *:dollar x:dollar =:dollar
EXPR: 0 | POS | INT | 54 | 118 | 98 | x=(((6-1)*20)-2) | x 6 1 - 20 * 2 - = | x:dollar 6:carton 1:carton -:carton 20:dollar *:dollar 2:dollar -:dollar =:dollar
EXPR: 0 | POS | INT | 54 | 118 | 102 | x=(((6-1)*20)+2) | x 6 1 - 20 * 2 + = | x:dollar 6:carton 1:carton -:carton 20:dollar *:dollar 2:dollar +:dollar =:dollar
EXPR: 0 | POS | INT | 56 | 118 | 30 | (((6-1)*2)+20)=x | 6 1 - 2 * 20 + x = | 6:carton 1:carton -:carton 2:dollar *:dollar 20:dollar +:dollar x:dollar =:dollar
EXPR: 0 | POS | INT | 64 | 118 | 154 | (x/(1+6))=(20+2) | x 1 6 + / 20 2 + = | x:dollar 1:carton 6:carton +:carton /:dollar 20:dollar 2:dollar +:dollar =:dollar
NET 142 unique, non-negative, integer-valued solutions found out of 408 total solutions
