parameters: n=7 l=3 k=1 p=5 q=4 m=9
TOTAL 1000 solutions found
SOLN: CORRECT | POS/NEG | INT/FRA | OBJ-SCORE | TRUE-ANS | ANS | INFIX | POSTFIX | TYPED-POSTFIX
EXPR: 0 | POS | INT | 0 | 156 | 3 | x=((2+13)-12) | x 2 13 + 12 - = | x:people 2:people 13:people +:people 12:people -:people =:people
EXPR: 0 | POS | INT | 0 | 156 | 38 | x=((2*13)+12) | x 2 13 * 12 + = | x:people 2:people 13:people *:people 12:people +:people =:people
EXPR: 0 | POS | INT | 0 | 156 | 1 | x=((2-13)+12) | x 2 13 - 12 + = | x:people 2:people 13:people -:people 12:people +:people =:people
EXPR: 0 | POS | INT | 0 | 156 | 180 | x=((2+13)*12) | x 2 13 + 12 * = | x:people 2:people 13:people +:people 12:people *:people =:people
EXPR: 0 | POS | INT | 0 | 156 | 27 | x=((2+13)+12) | x 2 13 + 12 + = | x:people 2:people 13:people +:people 12:people +:people =:people
EXPR: 0 | POS | INT | 0 | 156 | 2 | (2/(13-12))=x | 2 13 12 - / x = | 2:people 13:people 12:people -:people /:people x:people =:people
EXPR: 0 | POS | INT | 0 | 156 | 3 | ((2+13)-12)=x | 2 13 + 12 - x = | 2:people 13:people +:people 12:people -:people x:people =:people
EXPR: 0 | POS | INT | 0 | 156 | 180 | ((2+13)*12)=x | 2 13 + 12 * x = | 2:people 13:people +:people 12:people *:people x:people =:people
EXPR: 0 | POS | INT | 0 | 156 | 27 | ((2+13)+12)=x | 2 13 + 12 + x = | 2:people 13:people +:people 12:people +:people x:people =:people
EXPR: 0 | POS | INT | 0 | 156 | 2 | (2*(13-12))=x | 2 13 12 - * x = | 2:people 13:people 12:people -:people *:people x:people =:people
EXPR: 0 | POS | INT | 0 | 156 | 50 | (2*(13+12))=x | 2 13 12 + * x = | 2:people 13:people 12:people +:people *:people x:people =:people
EXPR: 0 | POS | INT | 0 | 156 | 14 | x=((2*13)-12) | x 2 13 * 12 - = | x:people 2:people 13:people *:people 12:people -:people =:people
EXPR: 0 | POS | INT | 0 | 156 | 312 | ((2*13)*12)=x | 2 13 * 12 * x = | 2:people 13:people *:people 12:people *:people x:people =:people
EXPR: 0 | POS | INT | 0 | 156 | 3 | (2+(13-12))=x | 2 13 12 - + x = | 2:people 13:people 12:people -:people +:people x:people =:people
EXPR: 0 | POS | INT | 0 | 156 | 158 | x=(2+(13*12)) | x 2 13 12 * + = | x:people 2:people 13:people 12:people *:people +:people =:people
EXPR: 0 | POS | INT | 0 | 156 | 1 | (2-(13-12))=x | 2 13 12 - - x = | 2:people 13:people 12:people -:people -:people x:people =:people
EXPR: 0 | POS | INT | 0 | 156 | 27 | (2+(13+12))=x | 2 13 12 + + x = | 2:people 13:people 12:people +:people +:people x:people =:people
EXPR: 0 | POS | INT | 0 | 156 | 27 | x=(2+(13+12)) | x 2 13 12 + + = | x:people 2:people 13:people 12:people +:people +:people =:people
EXPR: 0 | POS | INT | 0 | 156 | 14 | ((2*13)-12)=x | 2 13 * 12 - x = | 2:people 13:people *:people 12:people -:people x:people =:people
EXPR: 0 | POS | INT | 0 | 156 | 50 | x=(2*(13+12)) | x 2 13 12 + * = | x:people 2:people 13:people 12:people +:people *:people =:people
EXPR: 0 | POS | INT | 0 | 156 | 1 | ((2-13)+12)=x | 2 13 - 12 + x = | 2:people 13:people -:people 12:people +:people x:people =:people
EXPR: 0 | POS | INT | 0 | 156 | 312 | x=((2*13)*12) | x 2 13 * 12 * = | x:people 2:people 13:people *:people 12:people *:people =:people
EXPR: 0 | POS | INT | 0 | 156 | 1 | x=(2-(13-12)) | x 2 13 12 - - = | x:people 2:people 13:people 12:people -:people -:people =:people
EXPR: 0 | POS | INT | 0 | 156 | 2 | x=(2*(13-12)) | x 2 13 12 - * = | x:people 2:people 13:people 12:people -:people *:people =:people
EXPR: 0 | POS | INT | 0 | 156 | 38 | ((2*13)+12)=x | 2 13 * 12 + x = | 2:people 13:people *:people 12:people +:people x:people =:people
EXPR: 0 | POS | INT | 0 | 156 | 2 | x=(2/(13-12)) | x 2 13 12 - / = | x:people 2:people 13:people 12:people -:people /:people =:people
EXPR: 0 | POS | INT | 0 | 156 | 3 | x=(2+(13-12)) | x 2 13 12 - + = | x:people 2:people 13:people 12:people -:people +:people =:people
EXPR: 0 | POS | INT | 0 | 156 | 158 | (2+(13*12))=x | 2 13 12 * + x = | 2:people 13:people 12:people *:people +:people x:people =:people
EXPR: 0 | POS | INT | 2 | 156 | 23 | 2=(13+(12-x)) | 2 13 12 x - + = | 2:people 13:people 12:people x:people -:people +:people =:people
EXPR: 0 | POS | INT | 2 | 156 | 1 | x=((2+12)-13) | x 2 12 + 13 - = | x:people 2:people 12:people +:people 13:people -:people =:people
EXPR: 0 | POS | INT | 2 | 156 | 27 | (x-(2+13))=12 | x 2 13 + - 12 = | x:people 2:people 13:people +:people -:people 12:people =:people
EXPR: 0 | POS | INT | 2 | 156 | 3 | x=((2-12)+13) | x 2 12 - 13 + = | x:people 2:people 12:people -:people 13:people +:people =:people
EXPR: 0 | POS | INT | 2 | 156 | 27 | x=((2+12)+13) | x 2 12 + 13 + = | x:people 2:people 12:people +:people 13:people +:people =:people
EXPR: 0 | POS | INT | 2 | 156 | 23 | (x+(2-13))=12 | x 2 13 - + 12 = | x:people 2:people 13:people -:people +:people 12:people =:people
EXPR: 0 | POS | INT | 2 | 156 | 37 | x=((2*12)+13) | x 2 12 * 13 + = | x:people 2:people 12:people *:people 13:people +:people =:people
EXPR: 0 | POS | INT | 2 | 156 | 1 | ((2+12)-13)=x | 2 12 + 13 - x = | 2:people 12:people +:people 13:people -:people x:people =:people
EXPR: 0 | POS | INT | 2 | 156 | 154 | ((x+2)/13)=12 | x 2 + 13 / 12 = | x:people 2:people +:people 13:people /:people 12:people =:people
EXPR: 0 | POS | INT | 2 | 156 | 180 | (x/(2+13))=12 | x 2 13 + / 12 = | x:people 2:people 13:people +:people /:people 12:people =:people
EXPR: 0 | POS | INT | 2 | 156 | 182 | x=((2+12)*13) | x 2 12 + 13 * = | x:people 2:people 12:people +:people 13:people *:people =:people
EXPR: 0 | POS | INT | 2 | 156 | 182 | ((2+12)*13)=x | 2 12 + 13 * x = | 2:people 12:people +:people 13:people *:people x:people =:people
EXPR: 0 | POS | INT | 2 | 156 | 158 | ((x-2)/13)=12 | x 2 - 13 / 12 = | x:people 2:people -:people 13:people /:people 12:people =:people
EXPR: 0 | POS | INT | 2 | 156 | 23 | x=((13-2)+12) | x 13 2 - 12 + = | x:people 13:people 2:people -:people 12:people +:people =:people
EXPR: 0 | POS | INT | 2 | 156 | 27 | ((2+12)+13)=x | 2 12 + 13 + x = | 2:people 12:people +:people 13:people +:people x:people =:people
EXPR: 0 | POS | INT | 2 | 156 | 132 | x=((13-2)*12) | x 13 2 - 12 * = | x:people 13:people 2:people -:people 12:people *:people =:people
EXPR: 0 | POS | INT | 2 | 156 | 38 | (x-(2*13))=12 | x 2 13 * - 12 = | x:people 2:people 13:people *:people -:people 12:people =:people
EXPR: 0 | POS | INT | 2 | 156 | 11 | x=((2*12)-13) | x 2 12 * 13 - = | x:people 2:people 12:people *:people 13:people -:people =:people
EXPR: 0 | POS | INT | 2 | 156 | 1 | (2+(12-13))=x | 2 12 13 - + x = | 2:people 12:people 13:people -:people +:people x:people =:people
EXPR: 0 | POS | INT | 2 | 156 | 23 | (13-(2-12))=x | 13 2 12 - - x = | 13:people 2:people 12:people -:people -:people x:people =:people
EXPR: 0 | POS | INT | 2 | 156 | 11 | ((2*12)-13)=x | 2 12 * 13 - x = | 2:people 12:people *:people 13:people -:people x:people =:people
EXPR: 0 | POS | INT | 2 | 156 | 3 | (13+(2-12))=x | 13 2 12 - + x = | 13:people 2:people 12:people -:people +:people x:people =:people
EXPR: 0 | POS | INT | 2 | 156 | 312 | x=((2*12)*13) | x 2 12 * 13 * = | x:people 2:people 12:people *:people 13:people *:people =:people
EXPR: 0 | POS | INT | 2 | 156 | 3 | (2-(12-13))=x | 2 12 13 - - x = | 2:people 12:people 13:people -:people -:people x:people =:people
EXPR: 0 | POS | INT | 2 | 156 | 3 | x=(2-(12-13)) | x 2 12 13 - - = | x:people 2:people 12:people 13:people -:people -:people =:people
EXPR: 0 | POS | INT | 2 | 156 | 132 | ((13-2)*12)=x | 13 2 - 12 * x = | 13:people 2:people -:people 12:people *:people x:people =:people
EXPR: 0 | POS | INT | 2 | 156 | 37 | ((2*12)+13)=x | 2 12 * 13 + x = | 2:people 12:people *:people 13:people +:people x:people =:people
EXPR: 0 | POS | INT | 2 | 156 | 312 | ((2*12)*13)=x | 2 12 * 13 * x = | 2:people 12:people *:people 13:people *:people x:people =:people
EXPR: 0 | POS | INT | 2 | 156 | 3 | ((2-12)+13)=x | 2 12 - 13 + x = | 2:people 12:people -:people 13:people +:people x:people =:people
EXPR: 0 | POS | INT | 2 | 156 | 3 | 2=(x-(13-12)) | 2 x 13 12 - - = | 2:people x:people 13:people 12:people -:people -:people =:people
EXPR: 0 | POS | INT | 2 | 156 | 2 | 2=((13-12)*x) | 2 13 12 - x * = | 2:people 13:people 12:people -:people x:people *:people =:people
EXPR: 0 | POS | INT | 2 | 156 | 1 | x=(2+(12-13)) | x 2 12 13 - + = | x:people 2:people 12:people 13:people -:people +:people =:people
EXPR: 0 | POS | INT | 2 | 156 | 37 | (13+(2*12))=x | 13 2 12 * + x = | 13:people 2:people 12:people *:people +:people x:people =:people
EXPR: 0 | POS | INT | 2 | 156 | 1 | 2=(x+(13-12)) | 2 x 13 12 - + = | 2:people x:people 13:people 12:people -:people +:people =:people
EXPR: 0 | POS | INT | 2 | 156 | 27 | (13+(2+12))=x | 13 2 12 + + x = | 13:people 2:people 12:people +:people +:people x:people =:people
EXPR: 0 | POS | INT | 2 | 156 | 27 | x=(13+(2+12)) | x 13 2 12 + + = | x:people 13:people 2:people 12:people +:people +:people =:people
EXPR: 0 | POS | INT | 2 | 156 | 27 | ((x-2)-13)=12 | x 2 - 13 - 12 = | x:people 2:people -:people 13:people -:people 12:people =:people
EXPR: 0 | POS | INT | 2 | 156 | 1 | 2=((13-12)+x) | 2 13 12 - x + = | 2:people 13:people 12:people -:people x:people +:people =:people
EXPR: 0 | POS | INT | 2 | 156 | 23 | x=(13-(2-12)) | x 13 2 12 - - = | x:people 13:people 2:people 12:people -:people -:people =:people
EXPR: 0 | POS | INT | 2 | 156 | 182 | (13*(2+12))=x | 13 2 12 + * x = | 13:people 2:people 12:people +:people *:people x:people =:people
EXPR: 0 | POS | INT | 2 | 156 | 1 | (x-(2-13))=12 | x 2 13 - - 12 = | x:people 2:people 13:people -:people -:people 12:people =:people
EXPR: 0 | POS | INT | 2 | 156 | 50 | ((x/2)-13)=12 | x 2 / 13 - 12 = | x:people 2:people /:people 13:people -:people 12:people =:people
EXPR: 0 | POS | INT | 2 | 156 | 3 | (2+(13-x))=12 | 2 13 x - + 12 = | 2:people 13:people x:people -:people +:people 12:people =:people
EXPR: 0 | POS | INT | 2 | 156 | 37 | x=(13+(2*12)) | x 13 2 12 * + = | x:people 13:people 2:people 12:people *:people +:people =:people
EXPR: 0 | POS | INT | 2 | 156 | 27 | 2=(x-(13+12)) | 2 x 13 12 + - = | 2:people x:people 13:people 12:people +:people -:people =:people
EXPR: 0 | POS | INT | 2 | 156 | 23 | ((2+x)-13)=12 | 2 x + 13 - 12 = | 2:people x:people +:people 13:people -:people 12:people =:people
EXPR: 0 | POS | INT | 2 | 156 | 1 | 2=((x+13)-12) | 2 x 13 + 12 - = | 2:people x:people 13:people +:people 12:people -:people =:people
EXPR: 0 | POS | INT | 2 | 156 | 1 | 2=(13-(12-x)) | 2 13 12 x - - = | 2:people 13:people 12:people x:people -:people -:people =:people
EXPR: 0 | POS | INT | 2 | 156 | 158 | 2=(x-(13*12)) | 2 x 13 12 * - = | 2:people x:people 13:people 12:people *:people -:people =:people
EXPR: 0 | POS | INT | 2 | 156 | 1 | ((x-2)+13)=12 | x 2 - 13 + 12 = | x:people 2:people -:people 13:people +:people 12:people =:people
EXPR: 0 | POS | INT | 2 | 156 | 132 | 2=(13-(x/12)) | 2 13 x 12 / - = | 2:people 13:people x:people 12:people /:people -:people =:people
EXPR: 0 | POS | INT | 2 | 156 | 3 | x=(13+(2-12)) | x 13 2 12 - + = | x:people 13:people 2:people 12:people -:people +:people =:people
EXPR: 0 | POS | INT | 2 | 156 | 23 | ((x+2)-13)=12 | x 2 + 13 - 12 = | x:people 2:people +:people 13:people -:people 12:people =:people
EXPR: 0 | POS | INT | 2 | 156 | 3 | 2=((x-13)+12) | 2 x 13 - 12 + = | 2:people x:people 13:people -:people 12:people +:people =:people
EXPR: 0 | POS | INT | 2 | 156 | 23 | 2=((13+12)-x) | 2 13 12 + x - = | 2:people 13:people 12:people +:people x:people -:people =:people
EXPR: 0 | POS | INT | 2 | 156 | 182 | 2=((x/13)-12) | 2 x 13 / 12 - = | 2:people x:people 13:people /:people 12:people -:people =:people
EXPR: 0 | POS | INT | 2 | 156 | 3 | (2-(x-13))=12 | 2 x 13 - - 12 = | 2:people x:people 13:people -:people -:people 12:people =:people
EXPR: 0 | POS | INT | 2 | 156 | 11 | 2=((x+13)/12) | 2 x 13 + 12 / = | 2:people x:people 13:people +:people 12:people /:people =:people
EXPR: 0 | POS | INT | 2 | 156 | 37 | 2=((x-13)/12) | 2 x 13 - 12 / = | 2:people x:people 13:people -:people 12:people /:people =:people
EXPR: 0 | POS | INT | 2 | 156 | 2 | 2=(x/(13-12)) | 2 x 13 12 - / = | 2:people x:people 13:people 12:people -:people /:people =:people
EXPR: 0 | POS | INT | 2 | 156 | 27 | 2=((x-13)-12) | 2 x 13 - 12 - = | 2:people x:people 13:people -:people 12:people -:people =:people
EXPR: 0 | POS | INT | 2 | 156 | 154 | 2=((13*12)-x) | 2 13 12 * x - = | 2:people 13:people 12:people *:people x:people -:people =:people
EXPR: 0 | POS | INT | 2 | 156 | 23 | (2-(13-x))=12 | 2 13 x - - 12 = | 2:people 13:people x:people -:people -:people 12:people =:people
EXPR: 0 | POS | INT | 2 | 156 | 182 | x=(13*(2+12)) | x 13 2 12 + * = | x:people 13:people 2:people 12:people +:people *:people =:people
EXPR: 0 | POS | INT | 2 | 156 | 23 | (2+(x-13))=12 | 2 x 13 - + 12 = | 2:people x:people 13:people -:people +:people 12:people =:people
EXPR: 0 | POS | INT | 2 | 156 | 3 | ((2-x)+13)=12 | 2 x - 13 + 12 = | 2:people x:people -:people 13:people +:people 12:people =:people
EXPR: 0 | POS | INT | 2 | 156 | 11 | 2=((13+x)/12) | 2 13 x + 12 / = | 2:people 13:people x:people +:people 12:people /:people =:people
EXPR: 0 | POS | INT | 2 | 156 | 1 | 2=((13+x)-12) | 2 13 x + 12 - = | 2:people 13:people x:people +:people 12:people -:people =:people
EXPR: 0 | POS | INT | 2 | 156 | 3 | ((2+13)-x)=12 | 2 13 + x - 12 = | 2:people 13:people +:people x:people -:people 12:people =:people
EXPR: 0 | POS | INT | 2 | 156 | 154 | ((2+x)/13)=12 | 2 x + 13 / 12 = | 2:people x:people +:people 13:people /:people 12:people =:people
EXPR: 0 | POS | INT | 2 | 156 | 7 | (2*(13-x))=12 | 2 13 x - * 12 = | 2:people 13:people x:people -:people *:people 12:people =:people
EXPR: 0 | POS | INT | 2 | 156 | 19 | (2*(x-13))=12 | 2 x 13 - * 12 = | 2:people x:people 13:people -:people *:people 12:people =:people
EXPR: 0 | POS | INT | 2 | 156 | 23 | 2=((13-x)+12) | 2 13 x - 12 + = | 2:people 13:people x:people -:people 12:people +:people =:people
EXPR: 0 | POS | INT | 2 | 156 | 130 | (2+(x/13))=12 | 2 x 13 / + 12 = | 2:people x:people 13:people /:people +:people 12:people =:people
EXPR: 0 | POS | INT | 2 | 156 | 2 | 2=(x*(13-12)) | 2 x 13 12 - * = | 2:people x:people 13:people 12:people -:people *:people =:people
EXPR: 0 | POS | INT | 2 | 156 | 23 | ((13-2)+12)=x | 13 2 - 12 + x = | 13:people 2:people -:people 12:people +:people x:people =:people
EXPR: 0 | POS | INT | 2 | 156 | 23 | 2=(13-(x-12)) | 2 13 x 12 - - = | 2:people 13:people x:people 12:people -:people -:people =:people
EXPR: 0 | POS | INT | 2 | 156 | 14 | ((2*13)-x)=12 | 2 13 * x - 12 = | 2:people 13:people *:people x:people -:people 12:people =:people
EXPR: 0 | POS | INT | 2 | 156 | 50 | 2=(x/(13+12)) | 2 x 13 12 + / = | 2:people x:people 13:people 12:people +:people /:people =:people
EXPR: 0 | POS | INT | 2 | 156 | 1 | 2=(13+(x-12)) | 2 13 x 12 - + = | 2:people 13:people x:people 12:people -:people +:people =:people
EXPR: 0 | POS | INT | 2 | 156 | 23 | ((2-13)+x)=12 | 2 13 - x + 12 = | 2:people 13:people -:people x:people +:people 12:people =:people
EXPR: 0 | POS | INT | 4 | 156 | 19 | ((x-13)*2)=12 | x 13 - 2 * 12 = | x:people 13:people -:people 2:people *:people 12:people =:people
EXPR: 0 | POS | INT | 4 | 156 | 132 | (x/(13-2))=12 | x 13 2 - / 12 = | x:people 13:people 2:people -:people /:people 12:people =:people
EXPR: 0 | POS | INT | 4 | 156 | 182 | (x/(2+12))=13 | x 2 12 + / 13 = | x:people 2:people 12:people +:people /:people 13:people =:people
EXPR: 0 | POS | INT | 4 | 156 | 37 | ((x-13)/2)=12 | x 13 - 2 / 12 = | x:people 13:people -:people 2:people /:people 12:people =:people
EXPR: 0 | POS | INT | 4 | 156 | 1 | (x+(13-2))=12 | x 13 2 - + 12 = | x:people 13:people 2:people -:people +:people 12:people =:people
EXPR: 0 | POS | INT | 4 | 156 | 2 | (13-(2/x))=12 | 13 2 x / - 12 = | 13:people 2:people x:people /:people -:people 12:people =:people
EXPR: 0 | POS | INT | 4 | 156 | 3 | 13=(x-(2-12)) | 13 x 2 12 - - = | 13:people x:people 2:people 12:people -:people -:people =:people
EXPR: 0 | POS | INT | 4 | 156 | 3 | 2=(x+(12-13)) | 2 x 12 13 - + = | 2:people x:people 12:people 13:people -:people +:people =:people
EXPR: 0 | POS | INT | 4 | 156 | 23 | 13=(x+(2-12)) | 13 x 2 12 - + = | 13:people x:people 2:people 12:people -:people +:people =:people
EXPR: 0 | POS | INT | 4 | 156 | 154 | ((x+2)/12)=13 | x 2 + 12 / 13 = | x:people 2:people +:people 12:people /:people 13:people =:people
EXPR: 0 | POS | INT | 4 | 156 | 11 | ((x+13)/2)=12 | x 13 + 2 / 12 = | x:people 13:people +:people 2:people /:people 12:people =:people
EXPR: 0 | POS | INT | 4 | 156 | 2 | 13=((2/x)+12) | 13 2 x / 12 + = | 13:people 2:people x:people /:people 12:people +:people =:people
EXPR: 0 | POS | INT | 4 | 156 | 23 | 13=((2-12)+x) | 13 2 12 - x + = | 13:people 2:people 12:people -:people x:people +:people =:people
EXPR: 0 | POS | INT | 4 | 156 | 3 | (13+(2-x))=12 | 13 2 x - + 12 = | 13:people 2:people x:people -:people +:people 12:people =:people
EXPR: 0 | POS | INT | 4 | 156 | 27 | ((x-13)-2)=12 | x 13 - 2 - 12 = | x:people 13:people -:people 2:people -:people 12:people =:people
EXPR: 0 | POS | INT | 4 | 156 | 23 | 2=(12-(x-13)) | 2 12 x 13 - - = | 2:people 12:people x:people 13:people -:people -:people =:people
EXPR: 0 | POS | INT | 4 | 156 | 3 | 2=((12-13)+x) | 2 12 13 - x + = | 2:people 12:people 13:people -:people x:people +:people =:people
EXPR: 0 | POS | INT | 4 | 156 | 27 | ((x-2)-12)=13 | x 2 - 12 - 13 = | x:people 2:people -:people 12:people -:people 13:people =:people
EXPR: 0 | POS | INT | 4 | 156 | 3 | 2=(12+(x-13)) | 2 12 x 13 - + = | 2:people 12:people x:people 13:people -:people +:people =:people
EXPR: 0 | POS | INT | 4 | 156 | 23 | (x-(13-2))=12 | x 13 2 - - 12 = | x:people 13:people 2:people -:people -:people 12:people =:people
EXPR: 0 | POS | INT | 4 | 156 | 3 | (x-(2-12))=13 | x 2 12 - - 13 = | x:people 2:people 12:people -:people -:people 13:people =:people
EXPR: 0 | POS | INT | 4 | 156 | 1 | (2+(12-x))=13 | 2 12 x - + 13 = | 2:people 12:people x:people -:people +:people 13:people =:people
EXPR: 0 | POS | INT | 4 | 156 | 27 | 13=(x-(2+12)) | 13 x 2 12 + - = | 13:people x:people 2:people 12:people +:people -:people =:people
EXPR: 0 | POS | INT | 4 | 156 | 130 | 2=(12-(x/13)) | 2 12 x 13 / - = | 2:people 12:people x:people 13:people /:people -:people =:people
EXPR: 0 | POS | INT | 4 | 156 | 158 | ((x-2)/12)=13 | x 2 - 12 / 13 = | x:people 2:people -:people 12:people /:people 13:people =:people
EXPR: 0 | POS | INT | 4 | 156 | 50 | ((x/2)-12)=13 | x 2 / 12 - 13 = | x:people 2:people /:people 12:people -:people 13:people =:people
EXPR: 0 | POS | INT | 4 | 156 | 154 | 13=((2+x)/12) | 13 2 x + 12 / = | 13:people 2:people x:people +:people 12:people /:people =:people
EXPR: 0 | POS | INT | 4 | 156 | 1 | 13=((2-x)+12) | 13 2 x - 12 + = | 13:people 2:people x:people -:people 12:people +:people =:people
EXPR: 0 | POS | INT | 4 | 156 | 2 | 13=((x/2)+12) | 13 x 2 / 12 + = | 13:people x:people 2:people /:people 12:people +:people =:people
EXPR: 0 | POS | INT | 4 | 156 | 23 | 13=((x+2)-12) | 13 x 2 + 12 - = | 13:people x:people 2:people +:people 12:people -:people =:people
EXPR: 0 | POS | INT | 4 | 156 | 3 | 2=((x+12)-13) | 2 x 12 + 13 - = | 2:people x:people 12:people +:people 13:people -:people =:people
EXPR: 0 | POS | INT | 4 | 156 | 23 | 13=((2+x)-12) | 13 2 x + 12 - = | 13:people 2:people x:people +:people 12:people -:people =:people
EXPR: 0 | POS | INT | 4 | 156 | 23 | (x+(2-12))=13 | x 2 12 - + 13 = | x:people 2:people 12:people -:people +:people 13:people =:people
EXPR: 0 | POS | INT | 4 | 156 | 37 | 13=(x-(2*12)) | 13 x 2 12 * - = | 13:people x:people 2:people 12:people *:people -:people =:people
EXPR: 0 | POS | INT | 4 | 156 | 23 | ((x-13)+2)=12 | x 13 - 2 + 12 = | x:people 13:people -:people 2:people +:people 12:people =:people
EXPR: 0 | POS | INT | 4 | 156 | 2 | ((x/2)+12)=13 | x 2 / 12 + 13 = | x:people 2:people /:people 12:people +:people 13:people =:people
EXPR: 0 | POS | INT | 4 | 156 | 130 | ((x/13)+2)=12 | x 13 / 2 + 12 = | x:people 13:people /:people 2:people +:people 12:people =:people
EXPR: 0 | POS | INT | 4 | 156 | 182 | ((x/13)-2)=12 | x 13 / 2 - 12 = | x:people 13:people /:people 2:people -:people 12:people =:people
EXPR: 0 | POS | INT | 4 | 156 | 1 | ((x+13)-2)=12 | x 13 + 2 - 12 = | x:people 13:people +:people 2:people -:people 12:people =:people
EXPR: 0 | POS | INT | 4 | 156 | 3 | 13=((x-2)+12) | 13 x 2 - 12 + = | 13:people x:people 2:people -:people 12:people +:people =:people
EXPR: 0 | POS | INT | 4 | 156 | 1 | 2=((x-12)+13) | 2 x 12 - 13 + = | 2:people x:people 12:people -:people 13:people +:people =:people
EXPR: 0 | POS | INT | 4 | 156 | 1 | ((13+x)-2)=12 | 13 x + 2 - 12 = | 13:people x:people +:people 2:people -:people 12:people =:people
EXPR: 0 | POS | INT | 4 | 156 | 180 | 2=((x/12)-13) | 2 x 12 / 13 - = | 2:people x:people 12:people /:people 13:people -:people =:people
EXPR: 0 | POS | INT | 4 | 156 | 27 | (x-(2+12))=13 | x 2 12 + - 13 = | x:people 2:people 12:people +:people -:people 13:people =:people
EXPR: 0 | POS | INT | 4 | 156 | 158 | 13=((x-2)/12) | 13 x 2 - 12 / = | 13:people x:people 2:people -:people 12:people /:people =:people
EXPR: 0 | POS | INT | 4 | 156 | 38 | 2=((x-12)/13) | 2 x 12 - 13 / = | 2:people x:people 12:people -:people 13:people /:people =:people
EXPR: 0 | POS | INT | 4 | 156 | 27 | 2=((x-12)-13) | 2 x 12 - 13 - = | 2:people x:people 12:people -:people 13:people -:people =:people
EXPR: 0 | POS | INT | 4 | 156 | 27 | 13=((x-2)-12) | 13 x 2 - 12 - = | 13:people x:people 2:people -:people 12:people -:people =:people
EXPR: 0 | POS | INT | 4 | 156 | 1 | (13-(2-x))=12 | 13 2 x - - 12 = | 13:people 2:people x:people -:people -:people 12:people =:people
EXPR: 0 | POS | INT | 4 | 156 | 23 | 2=(12+(13-x)) | 2 12 13 x - + = | 2:people 12:people 13:people x:people -:people +:people =:people
EXPR: 0 | POS | INT | 4 | 156 | 7 | 2=(12/(13-x)) | 2 12 13 x - / = | 2:people 12:people 13:people x:people -:people /:people =:people
EXPR: 0 | POS | INT | 4 | 156 | 132 | 13=(2+(x/12)) | 13 2 x 12 / + = | 13:people 2:people x:people 12:people /:people +:people =:people
EXPR: 0 | POS | INT | 4 | 156 | 23 | ((2+x)-12)=13 | 2 x + 12 - 13 = | 2:people x:people +:people 12:people -:people 13:people =:people
EXPR: 0 | POS | INT | 4 | 156 | 23 | (2-(12-x))=13 | 2 12 x - - 13 = | 2:people 12:people x:people -:people -:people 13:people =:people
EXPR: 0 | POS | INT | 4 | 156 | 2 | (13-(x/2))=12 | 13 x 2 / - 12 = | 13:people x:people 2:people /:people -:people 12:people =:people
EXPR: 0 | POS | INT | 4 | 156 | 1 | (13+(x-2))=12 | 13 x 2 - + 12 = | 13:people x:people 2:people -:people +:people 12:people =:people
EXPR: 0 | POS | INT | 4 | 156 | 23 | (2+(x-12))=13 | 2 x 12 - + 13 = | 2:people x:people 12:people -:people +:people 13:people =:people
EXPR: 0 | POS | INT | 4 | 156 | 1 | ((2-x)+12)=13 | 2 x - 12 + 13 = | 2:people x:people -:people 12:people +:people 13:people =:people
EXPR: 0 | POS | INT | 4 | 156 | 3 | ((x-2)+12)=13 | x 2 - 12 + 13 = | x:people 2:people -:people 12:people +:people 13:people =:people
EXPR: 0 | POS | INT | 4 | 156 | 14 | 2=((12+x)/13) | 2 12 x + 13 / = | 2:people 12:people x:people +:people 13:people /:people =:people
EXPR: 0 | POS | INT | 4 | 156 | 14 | 2=((x+12)/13) | 2 x 12 + 13 / = | 2:people x:people 12:people +:people 13:people /:people =:people
EXPR: 0 | POS | INT | 4 | 156 | 1 | ((2+12)-x)=13 | 2 12 + x - 13 = | 2:people 12:people +:people x:people -:people 13:people =:people
EXPR: 0 | POS | INT | 4 | 156 | 3 | 2=(12-(13-x)) | 2 12 13 x - - = | 2:people 12:people 13:people x:people -:people -:people =:people
EXPR: 0 | POS | INT | 4 | 156 | 1 | 13=(2+(12-x)) | 13 2 12 x - + = | 13:people 2:people 12:people x:people -:people +:people =:people
EXPR: 0 | POS | INT | 4 | 156 | 3 | (13-(x-2))=12 | 13 x 2 - - 12 = | 13:people x:people 2:people -:people -:people 12:people =:people
EXPR: 0 | POS | INT | 4 | 156 | 1 | 2=(x-(12-13)) | 2 x 12 13 - - = | 2:people x:people 12:people 13:people -:people -:people =:people
EXPR: 0 | POS | INT | 4 | 156 | 23 | 2=((12-x)+13) | 2 12 x - 13 + = | 2:people 12:people x:people -:people 13:people +:people =:people
EXPR: 0 | POS | INT | 4 | 156 | 37 | (x-(2*12))=13 | x 2 12 * - 13 = | x:people 2:people 12:people *:people -:people 13:people =:people
EXPR: 0 | POS | INT | 4 | 156 | 1 | (2-(x-12))=13 | 2 x 12 - - 13 = | 2:people x:people 12:people -:people -:people 13:people =:people
EXPR: 0 | POS | INT | 4 | 156 | 154 | 13=((x+2)/12) | 13 x 2 + 12 / = | 13:people x:people 2:people +:people 12:people /:people =:people
EXPR: 0 | POS | INT | 4 | 156 | 132 | (2+(x/12))=13 | 2 x 12 / + 13 = | 2:people x:people 12:people /:people +:people 13:people =:people
EXPR: 0 | POS | INT | 4 | 156 | 3 | 2=((12+x)-13) | 2 12 x + 13 - = | 2:people 12:people x:people +:people 13:people -:people =:people
EXPR: 0 | POS | INT | 4 | 156 | 19 | 2=(12/(x-13)) | 2 12 x 13 - / = | 2:people 12:people x:people 13:people -:people /:people =:people
EXPR: 0 | POS | INT | 4 | 156 | 11 | 13=((2*12)-x) | 13 2 12 * x - = | 13:people 2:people 12:people *:people x:people -:people =:people
EXPR: 0 | POS | INT | 4 | 156 | 154 | ((2+x)/12)=13 | 2 x + 12 / 13 = | 2:people x:people +:people 12:people /:people 13:people =:people
EXPR: 0 | POS | INT | 4 | 156 | 3 | ((13-x)+2)=12 | 13 x - 2 + 12 = | 13:people x:people -:people 2:people +:people 12:people =:people
EXPR: 0 | POS | INT | 4 | 156 | 11 | ((13+x)/2)=12 | 13 x + 2 / 12 = | 13:people x:people +:people 2:people /:people 12:people =:people
EXPR: 0 | POS | INT | 4 | 156 | 1 | 13=((2+12)-x) | 13 2 12 + x - = | 13:people 2:people 12:people +:people x:people -:people =:people
EXPR: 0 | POS | INT | 4 | 156 | 2 | ((2/x)+12)=13 | 2 x / 12 + 13 = | 2:people x:people /:people 12:people +:people 13:people =:people
EXPR: 0 | POS | INT | 4 | 156 | 1 | 13=(2-(x-12)) | 13 2 x 12 - - = | 13:people 2:people x:people 12:people -:people -:people =:people
EXPR: 0 | POS | INT | 4 | 156 | 1 | ((13-2)+x)=12 | 13 2 - x + 12 = | 13:people 2:people -:people x:people +:people 12:people =:people
EXPR: 0 | POS | INT | 4 | 156 | 23 | 13=(2-(12-x)) | 13 2 12 x - - = | 13:people 2:people 12:people x:people -:people -:people =:people
EXPR: 0 | POS | INT | 4 | 156 | 7 | ((13-x)*2)=12 | 13 x - 2 * 12 = | 13:people x:people -:people 2:people *:people 12:people =:people
EXPR: 0 | POS | INT | 4 | 156 | 11 | ((2*12)-x)=13 | 2 12 * x - 13 = | 2:people 12:people *:people x:people -:people 13:people =:people
EXPR: 0 | POS | INT | 4 | 156 | 182 | 13=(x/(2+12)) | 13 x 2 12 + / = | 13:people x:people 2:people 12:people +:people /:people =:people
EXPR: 0 | POS | INT | 4 | 156 | 50 | 13=((x/2)-12) | 13 x 2 / 12 - = | 13:people x:people 2:people /:people 12:people -:people =:people
EXPR: 0 | POS | INT | 4 | 156 | 23 | ((x+2)-12)=13 | x 2 + 12 - 13 = | x:people 2:people +:people 12:people -:people 13:people =:people
EXPR: 0 | POS | INT | 4 | 156 | 23 | 13=(2+(x-12)) | 13 2 x 12 - + = | 13:people 2:people x:people 12:people -:people +:people =:people
EXPR: 0 | POS | INT | 4 | 156 | 23 | ((2-12)+x)=13 | 2 12 - x + 13 = | 2:people 12:people -:people x:people +:people 13:people =:people
EXPR: 0 | POS | INT | 5 | 156 | 23 | x=((13+12)-2) | x 13 12 + 2 - = | x:people 13:people 12:people +:people 2:people -:people =:people
EXPR: 0 | POS | INT | 5 | 156 | 50 | x=((13+12)*2) | x 13 12 + 2 * = | x:people 13:people 12:people +:people 2:people *:people =:people
EXPR: 0 | POS | INT | 5 | 156 | 27 | x=((13+12)+2) | x 13 12 + 2 + = | x:people 13:people 12:people +:people 2:people +:people =:people
EXPR: 0 | POS | INT | 5 | 156 | 3 | x=((13-12)+2) | x 13 12 - 2 + = | x:people 13:people 12:people -:people 2:people +:people =:people
EXPR: 0 | POS | INT | 5 | 156 | 50 | ((13+12)*2)=x | 13 12 + 2 * x = | 13:people 12:people +:people 2:people *:people x:people =:people
EXPR: 0 | POS | INT | 5 | 156 | 158 | x=((13*12)+2) | x 13 12 * 2 + = | x:people 13:people 12:people *:people 2:people +:people =:people
EXPR: 0 | POS | INT | 5 | 156 | 2 | x=((13-12)*2) | x 13 12 - 2 * = | x:people 13:people 12:people -:people 2:people *:people =:people
EXPR: 0 | POS | INT | 5 | 156 | 7 | x=(13-(12/2)) | x 13 12 2 / - = | x:people 13:people 12:people 2:people /:people -:people =:people
EXPR: 0 | POS | INT | 5 | 156 | 23 | ((13+12)-2)=x | 13 12 + 2 - x = | 13:people 12:people +:people 2:people -:people x:people =:people
EXPR: 0 | POS | INT | 5 | 156 | 130 | (13*(12-2))=x | 13 12 2 - * x = | 13:people 12:people 2:people -:people *:people x:people =:people
EXPR: 0 | POS | INT | 5 | 156 | 7 | (13-(12/2))=x | 13 12 2 / - x = | 13:people 12:people 2:people /:people -:people x:people =:people
EXPR: 0 | POS | INT | 5 | 156 | 154 | x=((13*12)-2) | x 13 12 * 2 - = | x:people 13:people 12:people *:people 2:people -:people =:people
EXPR: 0 | POS | INT | 5 | 156 | 27 | ((13+12)+2)=x | 13 12 + 2 + x = | 13:people 12:people +:people 2:people +:people x:people =:people
EXPR: 0 | POS | INT | 5 | 156 | 312 | ((13*12)*2)=x | 13 12 * 2 * x = | 13:people 12:people *:people 2:people *:people x:people =:people
EXPR: 0 | POS | INT | 5 | 156 | 19 | (13+(12/2))=x | 13 12 2 / + x = | 13:people 12:people 2:people /:people +:people x:people =:people
EXPR: 0 | POS | INT | 5 | 156 | 130 | ((12-2)*13)=x | 12 2 - 13 * x = | 12:people 2:people -:people 13:people *:people x:people =:people
EXPR: 0 | POS | INT | 5 | 156 | 154 | ((13*12)-2)=x | 13 12 * 2 - x = | 13:people 12:people *:people 2:people -:people x:people =:people
EXPR: 0 | POS | INT | 5 | 156 | 1 | (12+(2-13))=x | 12 2 13 - + x = | 12:people 2:people 13:people -:people +:people x:people =:people
EXPR: 0 | POS | INT | 5 | 156 | 312 | x=((13*12)*2) | x 13 12 * 2 * = | x:people 13:people 12:people *:people 2:people *:people =:people
EXPR: 0 | POS | INT | 5 | 156 | 3 | x=(13-(12-2)) | x 13 12 2 - - = | x:people 13:people 12:people 2:people -:people -:people =:people
EXPR: 0 | POS | INT | 5 | 156 | 23 | ((12-2)+13)=x | 12 2 - 13 + x = | 12:people 2:people -:people 13:people +:people x:people =:people
EXPR: 0 | POS | INT | 5 | 156 | 23 | x=(13+(12-2)) | x 13 12 2 - + = | x:people 13:people 12:people 2:people -:people +:people =:people
EXPR: 0 | POS | INT | 5 | 156 | 3 | (13-(12-2))=x | 13 12 2 - - x = | 13:people 12:people 2:people -:people -:people x:people =:people
EXPR: 0 | POS | INT | 5 | 156 | 27 | (12+(2+13))=x | 12 2 13 + + x = | 12:people 2:people 13:people +:people +:people x:people =:people
EXPR: 0 | POS | INT | 5 | 156 | 38 | (12+(2*13))=x | 12 2 13 * + x = | 12:people 2:people 13:people *:people +:people x:people =:people
EXPR: 0 | POS | INT | 5 | 156 | 27 | x=(12+(2+13)) | x 12 2 13 + + = | x:people 12:people 2:people 13:people +:people +:people =:people
EXPR: 0 | POS | INT | 5 | 156 | 3 | ((13-12)+2)=x | 13 12 - 2 + x = | 13:people 12:people -:people 2:people +:people x:people =:people
EXPR: 0 | POS | INT | 5 | 156 | 23 | x=(12-(2-13)) | x 12 2 13 - - = | x:people 12:people 2:people 13:people -:people -:people =:people
EXPR: 0 | POS | INT | 5 | 156 | 19 | x=(13+(12/2)) | x 13 12 2 / + = | x:people 13:people 12:people 2:people /:people +:people =:people
EXPR: 0 | POS | INT | 5 | 156 | 38 | x=(12+(2*13)) | x 12 2 13 * + = | x:people 12:people 2:people 13:people *:people +:people =:people
EXPR: 0 | POS | INT | 5 | 156 | 19 | ((12/2)+13)=x | 12 2 / 13 + x = | 12:people 2:people /:people 13:people +:people x:people =:people
EXPR: 0 | POS | INT | 5 | 156 | 130 | x=((12-2)*13) | x 12 2 - 13 * = | x:people 12:people 2:people -:people 13:people *:people =:people
EXPR: 0 | POS | INT | 5 | 156 | 1 | x=(12+(2-13)) | x 12 2 13 - + = | x:people 12:people 2:people 13:people -:people +:people =:people
EXPR: 0 | POS | INT | 5 | 156 | 180 | (12*(2+13))=x | 12 2 13 + * x = | 12:people 2:people 13:people +:people *:people x:people =:people
EXPR: 0 | POS | INT | 5 | 156 | 130 | x=(13*(12-2)) | x 13 12 2 - * = | x:people 13:people 12:people 2:people -:people *:people =:people
EXPR: 0 | POS | INT | 5 | 156 | 180 | x=(12*(2+13)) | x 12 2 13 + * = | x:people 12:people 2:people 13:people +:people *:people =:people
EXPR: 0 | POS | INT | 5 | 156 | 23 | x=((12-2)+13) | x 12 2 - 13 + = | x:people 12:people 2:people -:people 13:people +:people =:people
EXPR: 0 | POS | INT | 5 | 156 | 2 | ((13-12)*2)=x | 13 12 - 2 * x = | 13:people 12:people -:people 2:people *:people x:people =:people
EXPR: 0 | POS | INT | 5 | 156 | 23 | (12-(2-13))=x | 12 2 13 - - x = | 12:people 2:people 13:people -:people -:people x:people =:people
EXPR: 0 | POS | INT | 5 | 156 | 23 | (13+(12-2))=x | 13 12 2 - + x = | 13:people 12:people 2:people -:people +:people x:people =:people
EXPR: 0 | POS | INT | 5 | 156 | 158 | ((13*12)+2)=x | 13 12 * 2 + x = | 13:people 12:people *:people 2:people +:people x:people =:people
EXPR: 0 | POS | INT | 5 | 156 | 19 | x=((12/2)+13) | x 12 2 / 13 + = | x:people 12:people 2:people /:people 13:people +:people =:people
EXPR: 0 | POS | INT | 7 | 156 | 2 | (x*(13-12))=2 | x 13 12 - * 2 = | x:people 13:people 12:people -:people *:people 2:people =:people
EXPR: 0 | POS | INT | 7 | 156 | 2 | (x/(13-12))=2 | x 13 12 - / 2 = | x:people 13:people 12:people -:people /:people 2:people =:people
EXPR: 0 | POS | INT | 7 | 156 | 50 | (x/(13+12))=2 | x 13 12 + / 2 = | x:people 13:people 12:people +:people /:people 2:people =:people
EXPR: 0 | POS | INT | 7 | 156 | 158 | (x-(13*12))=2 | x 13 12 * - 2 = | x:people 13:people 12:people *:people -:people 2:people =:people
EXPR: 0 | POS | INT | 7 | 156 | 1 | (12-(13-2))=x | 12 13 2 - - x = | 12:people 13:people 2:people -:people -:people x:people =:people
EXPR: 0 | POS | INT | 7 | 156 | 27 | (x-(13+12))=2 | x 13 12 + - 2 = | x:people 13:people 12:people +:people -:people 2:people =:people
EXPR: 0 | POS | INT | 7 | 156 | 3 | (x+(12-2))=13 | x 12 2 - + 13 = | x:people 12:people 2:people -:people +:people 13:people =:people
EXPR: 0 | POS | INT | 7 | 156 | 11 | ((x+13)/12)=2 | x 13 + 12 / 2 = | x:people 13:people +:people 12:people /:people 2:people =:people
EXPR: 0 | POS | INT | 7 | 156 | 14 | ((x+12)/2)=13 | x 12 + 2 / 13 = | x:people 12:people +:people 2:people /:people 13:people =:people
EXPR: 0 | POS | INT | 7 | 156 | 23 | 12=((2-13)+x) | 12 2 13 - x + = | 12:people 2:people 13:people -:people x:people +:people =:people
EXPR: 0 | POS | INT | 7 | 156 | 1 | (x+(13-12))=2 | x 13 12 - + 2 = | x:people 13:people 12:people -:people +:people 2:people =:people
EXPR: 0 | POS | INT | 7 | 156 | 7 | 13=((12/2)+x) | 13 12 2 / x + = | 13:people 12:people 2:people /:people x:people +:people =:people
EXPR: 0 | POS | INT | 7 | 156 | 23 | 12=(x+(2-13)) | 12 x 2 13 - + = | 12:people x:people 2:people 13:people -:people +:people =:people
EXPR: 0 | POS | INT | 7 | 156 | 27 | ((x-13)-12)=2 | x 13 - 12 - 2 = | x:people 13:people -:people 12:people -:people 2:people =:people
EXPR: 0 | POS | INT | 7 | 156 | 23 | (12+(13-2))=x | 12 13 2 - + x = | 12:people 13:people 2:people -:people +:people x:people =:people
EXPR: 0 | POS | INT | 7 | 156 | 3 | (x-(13-12))=2 | x 13 12 - - 2 = | x:people 13:people 12:people -:people -:people 2:people =:people
EXPR: 0 | POS | INT | 7 | 156 | 1 | x=(12-(13-2)) | x 12 13 2 - - = | x:people 12:people 13:people 2:people -:people -:people =:people
EXPR: 0 | POS | INT | 7 | 156 | 1 | (12+(2-x))=13 | 12 2 x - + 13 = | 12:people 2:people x:people -:people +:people 13:people =:people
EXPR: 0 | POS | INT | 7 | 156 | 3 | 13=(12+(x-2)) | 13 12 x 2 - + = | 13:people 12:people x:people 2:people -:people +:people =:people
EXPR: 0 | POS | INT | 7 | 156 | 1 | ((12-13)+2)=x | 12 13 - 2 + x = | 12:people 13:people -:people 2:people +:people x:people =:people
EXPR: 0 | POS | INT | 7 | 156 | 132 | (12*(13-2))=x | 12 13 2 - * x = | 12:people 13:people 2:people -:people *:people x:people =:people
EXPR: 0 | POS | INT | 7 | 156 | 182 | ((x/13)-12)=2 | x 13 / 12 - 2 = | x:people 13:people /:people 12:people -:people 2:people =:people
EXPR: 0 | POS | INT | 7 | 156 | 37 | ((x-13)/12)=2 | x 13 - 12 / 2 = | x:people 13:people -:people 12:people /:people 2:people =:people
EXPR: 0 | POS | INT | 7 | 156 | 1 | 13=(12-(x-2)) | 13 12 x 2 - - = | 13:people 12:people x:people 2:people -:people -:people =:people
EXPR: 0 | POS | INT | 7 | 156 | 19 | (x-(12/2))=13 | x 12 2 / - 13 = | x:people 12:people 2:people /:people -:people 13:people =:people
EXPR: 0 | POS | INT | 7 | 156 | 23 | (13+(12-x))=2 | 13 12 x - + 2 = | 13:people 12:people x:people -:people +:people 2:people =:people
EXPR: 0 | POS | INT | 7 | 156 | 1 | 12=(x-(2-13)) | 12 x 2 13 - - = | 12:people x:people 2:people 13:people -:people -:people =:people
EXPR: 0 | POS | INT | 7 | 156 | 130 | 12=(2+(x/13)) | 12 2 x 13 / + = | 12:people 2:people x:people 13:people /:people +:people =:people
EXPR: 0 | POS | INT | 7 | 156 | 132 | x=(12*(13-2)) | x 12 13 2 - * = | x:people 12:people 13:people 2:people -:people *:people =:people
EXPR: 0 | POS | INT | 7 | 156 | 7 | (x+(12/2))=13 | x 12 2 / + 13 = | x:people 12:people 2:people /:people +:people 13:people =:people
EXPR: 0 | POS | INT | 7 | 156 | 3 | 13=(x+(12-2)) | 13 x 12 2 - + = | 13:people x:people 12:people 2:people -:people +:people =:people
EXPR: 0 | POS | INT | 7 | 156 | 132 | ((x/12)+2)=13 | x 12 / 2 + 13 = | x:people 12:people /:people 2:people +:people 13:people =:people
EXPR: 0 | POS | INT | 7 | 156 | 180 | ((x/12)-2)=13 | x 12 / 2 - 13 = | x:people 12:people /:people 2:people -:people 13:people =:people
EXPR: 0 | POS | INT | 7 | 156 | 23 | 12=((x+2)-13) | 12 x 2 + 13 - = | 12:people x:people 2:people +:people 13:people -:people =:people
EXPR: 0 | POS | INT | 7 | 156 | 23 | ((x-12)+2)=13 | x 12 - 2 + 13 = | x:people 12:people -:people 2:people +:people 13:people =:people
EXPR: 0 | POS | INT | 7 | 156 | 3 | 12=((2-x)+13) | 12 2 x - 13 + = | 12:people 2:people x:people -:people 13:people +:people =:people
EXPR: 0 | POS | INT | 7 | 156 | 1 | 12=((x-2)+13) | 12 x 2 - 13 + = | 12:people x:people 2:people -:people 13:people +:people =:people
EXPR: 0 | POS | INT | 7 | 156 | 38 | 12=(x-(2*13)) | 12 x 2 13 * - = | 12:people x:people 2:people 13:people *:people -:people =:people
EXPR: 0 | POS | INT | 7 | 156 | 7 | 13=(x+(12/2)) | 13 x 12 2 / + = | 13:people x:people 12:people 2:people /:people +:people =:people
EXPR: 0 | POS | INT | 7 | 156 | 27 | 12=(x-(2+13)) | 12 x 2 13 + - = | 12:people x:people 2:people 13:people +:people -:people =:people
EXPR: 0 | POS | INT | 7 | 156 | 3 | 13=((x+12)-2) | 13 x 12 + 2 - = | 13:people x:people 12:people +:people 2:people -:people =:people
EXPR: 0 | POS | INT | 7 | 156 | 23 | 13=(x-(12-2)) | 13 x 12 2 - - = | 13:people x:people 12:people 2:people -:people -:people =:people
EXPR: 0 | POS | INT | 7 | 156 | 14 | 13=((x+12)/2) | 13 x 12 + 2 / = | 13:people x:people 12:people +:people 2:people /:people =:people
EXPR: 0 | POS | INT | 7 | 156 | 38 | 13=((x-12)/2) | 13 x 12 - 2 / = | 13:people x:people 12:people -:people 2:people /:people =:people
EXPR: 0 | POS | INT | 7 | 156 | 27 | ((x-12)-2)=13 | x 12 - 2 - 13 = | x:people 12:people -:people 2:people -:people 13:people =:people
EXPR: 0 | POS | INT | 7 | 156 | 1 | ((13+x)-12)=2 | 13 x + 12 - 2 = | 13:people x:people +:people 12:people -:people 2:people =:people
EXPR: 0 | POS | INT | 7 | 156 | 130 | 13=(x/(12-2)) | 13 x 12 2 - / = | 13:people x:people 12:people 2:people -:people /:people =:people
EXPR: 0 | POS | INT | 7 | 156 | 1 | 13=(12+(2-x)) | 13 12 2 x - + = | 13:people 12:people 2:people x:people -:people +:people =:people
EXPR: 0 | POS | INT | 7 | 156 | 3 | ((x+12)-2)=13 | x 12 + 2 - 13 = | x:people 12:people +:people 2:people -:people 13:people =:people
EXPR: 0 | POS | INT | 7 | 156 | 19 | 13=(x-(12/2)) | 13 x 12 2 / - = | 13:people x:people 12:people 2:people /:people -:people =:people
EXPR: 0 | POS | INT | 7 | 156 | 180 | 12=(x/(2+13)) | 12 x 2 13 + / = | 12:people x:people 2:people 13:people +:people /:people =:people
EXPR: 0 | POS | INT | 7 | 156 | 38 | ((x-12)/2)=13 | x 12 - 2 / 13 = | x:people 12:people -:people 2:people /:people 13:people =:people
EXPR: 0 | POS | INT | 7 | 156 | 23 | 13=((x-12)+2) | 13 x 12 - 2 + = | 13:people x:people 12:people -:people 2:people +:people =:people
EXPR: 0 | POS | INT | 7 | 156 | 3 | (12-(2-x))=13 | 12 2 x - - 13 = | 12:people 2:people x:people -:people -:people 13:people =:people
EXPR: 0 | POS | INT | 7 | 156 | 2 | (12+(2/x))=13 | 12 2 x / + 13 = | 12:people 2:people x:people /:people +:people 13:people =:people
EXPR: 0 | POS | INT | 7 | 156 | 3 | ((x-13)+12)=2 | x 13 - 12 + 2 = | x:people 13:people -:people 12:people +:people 2:people =:people
EXPR: 0 | POS | INT | 7 | 156 | 154 | 12=((2+x)/13) | 12 2 x + 13 / = | 12:people 2:people x:people +:people 13:people /:people =:people
EXPR: 0 | POS | INT | 7 | 156 | 23 | 12=((2+x)-13) | 12 2 x + 13 - = | 12:people 2:people x:people +:people 13:people -:people =:people
EXPR: 0 | POS | INT | 7 | 156 | 23 | (x-(12-2))=13 | x 12 2 - - 13 = | x:people 12:people 2:people -:people -:people 13:people =:people
EXPR: 0 | POS | INT | 7 | 156 | 3 | 12=(2+(13-x)) | 12 2 13 x - + = | 12:people 2:people 13:people x:people -:people +:people =:people
EXPR: 0 | POS | INT | 7 | 156 | 11 | ((13+x)/12)=2 | 13 x + 12 / 2 = | 13:people x:people +:people 12:people /:people 2:people =:people
EXPR: 0 | POS | INT | 7 | 156 | 3 | 13=(12-(2-x)) | 13 12 2 x - - = | 13:people 12:people 2:people x:people -:people -:people =:people
EXPR: 0 | POS | INT | 7 | 156 | 130 | (x/(12-2))=13 | x 12 2 - / 13 = | x:people 12:people 2:people -:people /:people 13:people =:people
EXPR: 0 | POS | INT | 7 | 156 | 27 | 12=((x-2)-13) | 12 x 2 - 13 - = | 12:people x:people 2:people -:people 13:people -:people =:people
EXPR: 0 | POS | INT | 7 | 156 | 7 | 12=(2*(13-x)) | 12 2 13 x - * = | 12:people 2:people 13:people x:people -:people *:people =:people
EXPR: 0 | POS | INT | 7 | 156 | 1 | x=((12-13)+2) | x 12 13 - 2 + = | x:people 12:people 13:people -:people 2:people +:people =:people
EXPR: 0 | POS | INT | 7 | 156 | 1 | (12-(x-2))=13 | 12 x 2 - - 13 = | 12:people x:people 2:people -:people -:people 13:people =:people
EXPR: 0 | POS | INT | 7 | 156 | 2 | (12+(x/2))=13 | 12 x 2 / + 13 = | 12:people x:people 2:people /:people +:people 13:people =:people
EXPR: 0 | POS | INT | 7 | 156 | 50 | 12=((x/2)-13) | 12 x 2 / 13 - = | 12:people x:people 2:people /:people 13:people -:people =:people
EXPR: 0 | POS | INT | 7 | 156 | 23 | (13-(x-12))=2 | 13 x 12 - - 2 = | 13:people x:people 12:people -:people -:people 2:people =:people
EXPR: 0 | POS | INT | 7 | 156 | 2 | 13=(12+(2/x)) | 13 12 2 x / + = | 13:people 12:people 2:people x:people /:people +:people =:people
NET 311 unique, non-negative, integer-valued solutions found out of 1000 total solutions
