parameters: n=7 l=3 k=1 p=5 q=3 m=9
TOTAL 1000 solutions found
SOLN: CORRECT | POS/NEG | INT/FRA | OBJ-SCORE | TRUE-ANS | ANS | INFIX | POSTFIX | TYPED-POSTFIX
EXPR: 0 | POS | INT | 0 | 84 | 26 | x=((2*7)+12) | x 2 7 * 12 + = | x:people 2:people 7:people *:people 12:people +:people =:people
EXPR: 0 | POS | INT | 0 | 84 | 7 | x=((2-7)+12) | x 2 7 - 12 + = | x:people 2:people 7:people -:people 12:people +:people =:people
EXPR: 0 | POS | INT | 0 | 84 | 108 | x=((2+7)*12) | x 2 7 + 12 * = | x:people 2:people 7:people +:people 12:people *:people =:people
EXPR: 0 | POS | INT | 0 | 84 | 21 | x=((2+7)+12) | x 2 7 + 12 + = | x:people 2:people 7:people +:people 12:people +:people =:people
EXPR: 0 | POS | INT | 0 | 84 | 108 | ((2+7)*12)=x | 2 7 + 12 * x = | 2:people 7:people +:people 12:people *:people x:people =:people
EXPR: 0 | POS | INT | 0 | 84 | 21 | ((2+7)+12)=x | 2 7 + 12 + x = | 2:people 7:people +:people 12:people +:people x:people =:people
EXPR: 0 | POS | INT | 0 | 84 | 38 | (2*(7+12))=x | 2 7 12 + * x = | 2:people 7:people 12:people +:people *:people x:people =:people
EXPR: 0 | POS | INT | 0 | 84 | 2 | x=((2*7)-12) | x 2 7 * 12 - = | x:people 2:people 7:people *:people 12:people -:people =:people
EXPR: 0 | POS | INT | 0 | 84 | 168 | ((2*7)*12)=x | 2 7 * 12 * x = | 2:people 7:people *:people 12:people *:people x:people =:people
EXPR: 0 | POS | INT | 0 | 84 | 86 | x=(2+(7*12)) | x 2 7 12 * + = | x:people 2:people 7:people 12:people *:people +:people =:people
EXPR: 0 | POS | INT | 0 | 84 | 7 | (2-(7-12))=x | 2 7 12 - - x = | 2:people 7:people 12:people -:people -:people x:people =:people
EXPR: 0 | POS | INT | 0 | 84 | 21 | (2+(7+12))=x | 2 7 12 + + x = | 2:people 7:people 12:people +:people +:people x:people =:people
EXPR: 0 | POS | INT | 0 | 84 | 21 | x=(2+(7+12)) | x 2 7 12 + + = | x:people 2:people 7:people 12:people +:people +:people =:people
EXPR: 0 | POS | INT | 0 | 84 | 2 | ((2*7)-12)=x | 2 7 * 12 - x = | 2:people 7:people *:people 12:people -:people x:people =:people
EXPR: 0 | POS | INT | 0 | 84 | 38 | x=(2*(7+12)) | x 2 7 12 + * = | x:people 2:people 7:people 12:people +:people *:people =:people
EXPR: 0 | POS | INT | 0 | 84 | 7 | ((2-7)+12)=x | 2 7 - 12 + x = | 2:people 7:people -:people 12:people +:people x:people =:people
EXPR: 0 | POS | INT | 0 | 84 | 168 | x=((2*7)*12) | x 2 7 * 12 * = | x:people 2:people 7:people *:people 12:people *:people =:people
EXPR: 0 | POS | INT | 0 | 84 | 7 | x=(2-(7-12)) | x 2 7 12 - - = | x:people 2:people 7:people 12:people -:people -:people =:people
EXPR: 0 | POS | INT | 0 | 84 | 26 | ((2*7)+12)=x | 2 7 * 12 + x = | 2:people 7:people *:people 12:people +:people x:people =:people
EXPR: 0 | POS | INT | 0 | 84 | 86 | (2+(7*12))=x | 2 7 12 * + x = | 2:people 7:people 12:people *:people +:people x:people =:people
EXPR: 0 | POS | INT | 2 | 84 | 17 | 2=(7+(12-x)) | 2 7 12 x - + = | 2:people 7:people 12:people x:people -:people +:people =:people
EXPR: 0 | POS | INT | 2 | 84 | 7 | x=((2+12)-7) | x 2 12 + 7 - = | x:people 2:people 12:people +:people 7:people -:people =:people
EXPR: 0 | POS | INT | 2 | 84 | 21 | (x-(2+7))=12 | x 2 7 + - 12 = | x:people 2:people 7:people +:people -:people 12:people =:people
EXPR: 0 | POS | INT | 2 | 84 | 21 | x=((2+12)+7) | x 2 12 + 7 + = | x:people 2:people 12:people +:people 7:people +:people =:people
EXPR: 0 | POS | INT | 2 | 84 | 17 | (x+(2-7))=12 | x 2 7 - + 12 = | x:people 2:people 7:people -:people +:people 12:people =:people
EXPR: 0 | POS | INT | 2 | 84 | 31 | x=((2*12)+7) | x 2 12 * 7 + = | x:people 2:people 12:people *:people 7:people +:people =:people
EXPR: 0 | POS | INT | 2 | 84 | 7 | ((2+12)-7)=x | 2 12 + 7 - x = | 2:people 12:people +:people 7:people -:people x:people =:people
EXPR: 0 | POS | INT | 2 | 84 | 82 | ((x+2)/7)=12 | x 2 + 7 / 12 = | x:people 2:people +:people 7:people /:people 12:people =:people
EXPR: 0 | POS | INT | 2 | 84 | 108 | (x/(2+7))=12 | x 2 7 + / 12 = | x:people 2:people 7:people +:people /:people 12:people =:people
EXPR: 0 | POS | INT | 2 | 84 | 98 | x=((2+12)*7) | x 2 12 + 7 * = | x:people 2:people 12:people +:people 7:people *:people =:people
EXPR: 0 | POS | INT | 2 | 84 | 98 | ((2+12)*7)=x | 2 12 + 7 * x = | 2:people 12:people +:people 7:people *:people x:people =:people
EXPR: 0 | POS | INT | 2 | 84 | 86 | ((x-2)/7)=12 | x 2 - 7 / 12 = | x:people 2:people -:people 7:people /:people 12:people =:people
EXPR: 0 | POS | INT | 2 | 84 | 17 | x=((7-2)+12) | x 7 2 - 12 + = | x:people 7:people 2:people -:people 12:people +:people =:people
EXPR: 0 | POS | INT | 2 | 84 | 21 | ((2+12)+7)=x | 2 12 + 7 + x = | 2:people 12:people +:people 7:people +:people x:people =:people
EXPR: 0 | POS | INT | 2 | 84 | 60 | x=((7-2)*12) | x 7 2 - 12 * = | x:people 7:people 2:people -:people 12:people *:people =:people
EXPR: 0 | POS | INT | 2 | 84 | 26 | (x-(2*7))=12 | x 2 7 * - 12 = | x:people 2:people 7:people *:people -:people 12:people =:people
EXPR: 0 | POS | INT | 2 | 84 | 3 | (x+(2+7))=12 | x 2 7 + + 12 = | x:people 2:people 7:people +:people +:people 12:people =:people
EXPR: 0 | POS | INT | 2 | 84 | 10 | (2*(12-7))=x | 2 12 7 - * x = | 2:people 12:people 7:people -:people *:people x:people =:people
EXPR: 0 | POS | INT | 2 | 84 | 17 | x=((2*12)-7) | x 2 12 * 7 - = | x:people 2:people 12:people *:people 7:people -:people =:people
EXPR: 0 | POS | INT | 2 | 84 | 2 | x=((2+12)/7) | x 2 12 + 7 / = | x:people 2:people 12:people +:people 7:people /:people =:people
EXPR: 0 | POS | INT | 2 | 84 | 7 | (2+(12-7))=x | 2 12 7 - + x = | 2:people 12:people 7:people -:people +:people x:people =:people
EXPR: 0 | POS | INT | 2 | 84 | 17 | (7-(2-12))=x | 7 2 12 - - x = | 7:people 2:people 12:people -:people -:people x:people =:people
EXPR: 0 | POS | INT | 2 | 84 | 17 | ((2*12)-7)=x | 2 12 * 7 - x = | 2:people 12:people *:people 7:people -:people x:people =:people
EXPR: 0 | POS | INT | 2 | 84 | 168 | x=((2*12)*7) | x 2 12 * 7 * = | x:people 2:people 12:people *:people 7:people *:people =:people
EXPR: 0 | POS | INT | 2 | 84 | 2 | ((2+12)/7)=x | 2 12 + 7 / x = | 2:people 12:people +:people 7:people /:people x:people =:people
EXPR: 0 | POS | INT | 2 | 84 | 10 | x=(2*(12-7)) | x 2 12 7 - * = | x:people 2:people 12:people 7:people -:people *:people =:people
EXPR: 0 | POS | INT | 2 | 84 | 60 | ((7-2)*12)=x | 7 2 - 12 * x = | 7:people 2:people -:people 12:people *:people x:people =:people
EXPR: 0 | POS | INT | 2 | 84 | 31 | ((2*12)+7)=x | 2 12 * 7 + x = | 2:people 12:people *:people 7:people +:people x:people =:people
EXPR: 0 | POS | INT | 2 | 84 | 168 | ((2*12)*7)=x | 2 12 * 7 * x = | 2:people 12:people *:people 7:people *:people x:people =:people
EXPR: 0 | POS | INT | 2 | 84 | 7 | x=(2+(12-7)) | x 2 12 7 - + = | x:people 2:people 12:people 7:people -:people +:people =:people
EXPR: 0 | POS | INT | 2 | 84 | 31 | (7+(2*12))=x | 7 2 12 * + x = | 7:people 2:people 12:people *:people +:people x:people =:people
EXPR: 0 | POS | INT | 2 | 84 | 7 | 2=(x+(7-12)) | 2 x 7 12 - + = | 2:people x:people 7:people 12:people -:people +:people =:people
EXPR: 0 | POS | INT | 2 | 84 | 3 | ((2+x)+7)=12 | 2 x + 7 + 12 = | 2:people x:people +:people 7:people +:people 12:people =:people
EXPR: 0 | POS | INT | 2 | 84 | 21 | (7+(2+12))=x | 7 2 12 + + x = | 7:people 2:people 12:people +:people +:people x:people =:people
EXPR: 0 | POS | INT | 2 | 84 | 21 | x=(7+(2+12)) | x 7 2 12 + + = | x:people 7:people 2:people 12:people +:people +:people =:people
EXPR: 0 | POS | INT | 2 | 84 | 21 | ((x-2)-7)=12 | x 2 - 7 - 12 = | x:people 2:people -:people 7:people -:people 12:people =:people
EXPR: 0 | POS | INT | 2 | 84 | 7 | 2=((7-12)+x) | 2 7 12 - x + = | 2:people 7:people 12:people -:people x:people +:people =:people
EXPR: 0 | POS | INT | 2 | 84 | 17 | x=(7-(2-12)) | x 7 2 12 - - = | x:people 7:people 2:people 12:people -:people -:people =:people
EXPR: 0 | POS | INT | 2 | 84 | 98 | (7*(2+12))=x | 7 2 12 + * x = | 7:people 2:people 12:people +:people *:people x:people =:people
EXPR: 0 | POS | INT | 2 | 84 | 7 | (x-(2-7))=12 | x 2 7 - - 12 = | x:people 2:people 7:people -:people -:people 12:people =:people
EXPR: 0 | POS | INT | 2 | 84 | 38 | ((x/2)-7)=12 | x 2 / 7 - 12 = | x:people 2:people /:people 7:people -:people 12:people =:people
EXPR: 0 | POS | INT | 2 | 84 | 31 | x=(7+(2*12)) | x 7 2 12 * + = | x:people 7:people 2:people 12:people *:people +:people =:people
EXPR: 0 | POS | INT | 2 | 84 | 21 | 2=(x-(7+12)) | 2 x 7 12 + - = | 2:people x:people 7:people 12:people +:people -:people =:people
EXPR: 0 | POS | INT | 2 | 84 | 17 | ((2+x)-7)=12 | 2 x + 7 - 12 = | 2:people x:people +:people 7:people -:people 12:people =:people
EXPR: 0 | POS | INT | 2 | 84 | 7 | 2=((x+7)-12) | 2 x 7 + 12 - = | 2:people x:people 7:people +:people 12:people -:people =:people
EXPR: 0 | POS | INT | 2 | 84 | 7 | 2=(7-(12-x)) | 2 7 12 x - - = | 2:people 7:people 12:people x:people -:people -:people =:people
EXPR: 0 | POS | INT | 2 | 84 | 86 | 2=(x-(7*12)) | 2 x 7 12 * - = | 2:people x:people 7:people 12:people *:people -:people =:people
EXPR: 0 | POS | INT | 2 | 84 | 7 | ((x-2)+7)=12 | x 2 - 7 + 12 = | x:people 2:people -:people 7:people +:people 12:people =:people
EXPR: 0 | POS | INT | 2 | 84 | 60 | 2=(7-(x/12)) | 2 7 x 12 / - = | 2:people 7:people x:people 12:people /:people -:people =:people
EXPR: 0 | POS | INT | 2 | 84 | 3 | ((x+2)+7)=12 | x 2 + 7 + 12 = | x:people 2:people +:people 7:people +:people 12:people =:people
EXPR: 0 | POS | INT | 2 | 84 | 10 | ((x/2)+7)=12 | x 2 / 7 + 12 = | x:people 2:people /:people 7:people +:people 12:people =:people
EXPR: 0 | POS | INT | 2 | 84 | 17 | ((x+2)-7)=12 | x 2 + 7 - 12 = | x:people 2:people +:people 7:people -:people 12:people =:people
EXPR: 0 | POS | INT | 2 | 84 | 17 | 2=((7+12)-x) | 2 7 12 + x - = | 2:people 7:people 12:people +:people x:people -:people =:people
EXPR: 0 | POS | INT | 2 | 84 | 98 | 2=((x/7)-12) | 2 x 7 / 12 - = | 2:people x:people 7:people /:people 12:people -:people =:people
EXPR: 0 | POS | INT | 2 | 84 | 17 | 2=((x+7)/12) | 2 x 7 + 12 / = | 2:people x:people 7:people +:people 12:people /:people =:people
EXPR: 0 | POS | INT | 2 | 84 | 31 | 2=((x-7)/12) | 2 x 7 - 12 / = | 2:people x:people 7:people -:people 12:people /:people =:people
EXPR: 0 | POS | INT | 2 | 84 | 21 | 2=((x-7)-12) | 2 x 7 - 12 - = | 2:people x:people 7:people -:people 12:people -:people =:people
EXPR: 0 | POS | INT | 2 | 84 | 82 | 2=((7*12)-x) | 2 7 12 * x - = | 2:people 7:people 12:people *:people x:people -:people =:people
EXPR: 0 | POS | INT | 2 | 84 | 17 | (2-(7-x))=12 | 2 7 x - - 12 = | 2:people 7:people x:people -:people -:people 12:people =:people
EXPR: 0 | POS | INT | 2 | 84 | 98 | x=(7*(2+12)) | x 7 2 12 + * = | x:people 7:people 2:people 12:people +:people *:people =:people
EXPR: 0 | POS | INT | 2 | 84 | 3 | (2+(7+x))=12 | 2 7 x + + 12 = | 2:people 7:people x:people +:people +:people 12:people =:people
EXPR: 0 | POS | INT | 2 | 84 | 17 | (2+(x-7))=12 | 2 x 7 - + 12 = | 2:people x:people 7:people -:people +:people 12:people =:people
EXPR: 0 | POS | INT | 2 | 84 | 17 | 2=((7+x)/12) | 2 7 x + 12 / = | 2:people 7:people x:people +:people 12:people /:people =:people
EXPR: 0 | POS | INT | 2 | 84 | 7 | 2=((7+x)-12) | 2 7 x + 12 - = | 2:people 7:people x:people +:people 12:people -:people =:people
EXPR: 0 | POS | INT | 2 | 84 | 3 | (2+(x+7))=12 | 2 x 7 + + 12 = | 2:people x:people 7:people +:people +:people 12:people =:people
EXPR: 0 | POS | INT | 2 | 84 | 2 | 2=((7*x)-12) | 2 7 x * 12 - = | 2:people 7:people x:people *:people 12:people -:people =:people
EXPR: 0 | POS | INT | 2 | 84 | 82 | ((2+x)/7)=12 | 2 x + 7 / 12 = | 2:people x:people +:people 7:people /:people 12:people =:people
EXPR: 0 | POS | INT | 2 | 84 | 1 | (2*(7-x))=12 | 2 7 x - * 12 = | 2:people 7:people x:people -:people *:people 12:people =:people
EXPR: 0 | POS | INT | 2 | 84 | 2 | 2=((x*7)-12) | 2 x 7 * 12 - = | 2:people x:people 7:people *:people 12:people -:people =:people
EXPR: 0 | POS | INT | 2 | 84 | 13 | (2*(x-7))=12 | 2 x 7 - * 12 = | 2:people x:people 7:people -:people *:people 12:people =:people
EXPR: 0 | POS | INT | 2 | 84 | 17 | 2=((7-x)+12) | 2 7 x - 12 + = | 2:people 7:people x:people -:people 12:people +:people =:people
EXPR: 0 | POS | INT | 2 | 84 | 70 | (2+(x/7))=12 | 2 x 7 / + 12 = | 2:people x:people 7:people /:people +:people 12:people =:people
EXPR: 0 | POS | INT | 2 | 84 | 3 | ((2+7)+x)=12 | 2 7 + x + 12 = | 2:people 7:people +:people x:people +:people 12:people =:people
EXPR: 0 | POS | INT | 2 | 84 | 17 | ((7-2)+12)=x | 7 2 - 12 + x = | 7:people 2:people -:people 12:people +:people x:people =:people
EXPR: 0 | POS | INT | 2 | 84 | 17 | 2=(7-(x-12)) | 2 7 x 12 - - = | 2:people 7:people x:people 12:people -:people -:people =:people
EXPR: 0 | POS | INT | 2 | 84 | 2 | ((2*7)-x)=12 | 2 7 * x - 12 = | 2:people 7:people *:people x:people -:people 12:people =:people
EXPR: 0 | POS | INT | 2 | 84 | 38 | 2=(x/(7+12)) | 2 x 7 12 + / = | 2:people x:people 7:people 12:people +:people /:people =:people
EXPR: 0 | POS | INT | 2 | 84 | 7 | 2=(7+(x-12)) | 2 7 x 12 - + = | 2:people 7:people x:people 12:people -:people +:people =:people
EXPR: 0 | POS | INT | 2 | 84 | 17 | ((2-7)+x)=12 | 2 7 - x + 12 = | 2:people 7:people -:people x:people +:people 12:people =:people
EXPR: 0 | POS | INT | 4 | 84 | 13 | ((x-7)*2)=12 | x 7 - 2 * 12 = | x:people 7:people -:people 2:people *:people 12:people =:people
EXPR: 0 | POS | INT | 4 | 84 | 60 | (x/(7-2))=12 | x 7 2 - / 12 = | x:people 7:people 2:people -:people /:people 12:people =:people
EXPR: 0 | POS | INT | 4 | 84 | 98 | (x/(2+12))=7 | x 2 12 + / 7 = | x:people 2:people 12:people +:people /:people 7:people =:people
EXPR: 0 | POS | INT | 4 | 84 | 31 | ((x-7)/2)=12 | x 7 - 2 / 12 = | x:people 7:people -:people 2:people /:people 12:people =:people
EXPR: 0 | POS | INT | 4 | 84 | 7 | (x+(7-2))=12 | x 7 2 - + 12 = | x:people 7:people 2:people -:people +:people 12:people =:people
EXPR: 0 | POS | INT | 4 | 84 | 17 | 7=(x+(2-12)) | 7 x 2 12 - + = | 7:people x:people 2:people 12:people -:people +:people =:people
EXPR: 0 | POS | INT | 4 | 84 | 82 | ((x+2)/12)=7 | x 2 + 12 / 7 = | x:people 2:people +:people 12:people /:people 7:people =:people
EXPR: 0 | POS | INT | 4 | 84 | 17 | ((x+7)/2)=12 | x 7 + 2 / 12 = | x:people 7:people +:people 2:people /:people 12:people =:people
EXPR: 0 | POS | INT | 4 | 84 | 17 | 7=((2-12)+x) | 7 2 12 - x + = | 7:people 2:people 12:people -:people x:people +:people =:people
EXPR: 0 | POS | INT | 4 | 84 | 21 | ((x-7)-2)=12 | x 7 - 2 - 12 = | x:people 7:people -:people 2:people -:people 12:people =:people
EXPR: 0 | POS | INT | 4 | 84 | 17 | 2=(12-(x-7)) | 2 12 x 7 - - = | 2:people 12:people x:people 7:people -:people -:people =:people
EXPR: 0 | POS | INT | 4 | 84 | 21 | ((x-2)-12)=7 | x 2 - 12 - 7 = | x:people 2:people -:people 12:people -:people 7:people =:people
EXPR: 0 | POS | INT | 4 | 84 | 17 | (x-(7-2))=12 | x 7 2 - - 12 = | x:people 7:people 2:people -:people -:people 12:people =:people
EXPR: 0 | POS | INT | 4 | 84 | 3 | (7+(2+x))=12 | 7 2 x + + 12 = | 7:people 2:people x:people +:people +:people 12:people =:people
EXPR: 0 | POS | INT | 4 | 84 | 3 | 2=(12-(x+7)) | 2 12 x 7 + - = | 2:people 12:people x:people 7:people +:people -:people =:people
EXPR: 0 | POS | INT | 4 | 84 | 7 | (2+(12-x))=7 | 2 12 x - + 7 = | 2:people 12:people x:people -:people +:people 7:people =:people
EXPR: 0 | POS | INT | 4 | 84 | 3 | 2=((12-7)-x) | 2 12 7 - x - = | 2:people 12:people 7:people -:people x:people -:people =:people
EXPR: 0 | POS | INT | 4 | 84 | 21 | 7=(x-(2+12)) | 7 x 2 12 + - = | 7:people x:people 2:people 12:people +:people -:people =:people
EXPR: 0 | POS | INT | 4 | 84 | 70 | 2=(12-(x/7)) | 2 12 x 7 / - = | 2:people 12:people x:people 7:people /:people -:people =:people
EXPR: 0 | POS | INT | 4 | 84 | 86 | ((x-2)/12)=7 | x 2 - 12 / 7 = | x:people 2:people -:people 12:people /:people 7:people =:people
EXPR: 0 | POS | INT | 4 | 84 | 38 | ((x/2)-12)=7 | x 2 / 12 - 7 = | x:people 2:people /:people 12:people -:people 7:people =:people
EXPR: 0 | POS | INT | 4 | 84 | 82 | 7=((2+x)/12) | 7 2 x + 12 / = | 7:people 2:people x:people +:people 12:people /:people =:people
EXPR: 0 | POS | INT | 4 | 84 | 7 | 7=((2-x)+12) | 7 2 x - 12 + = | 7:people 2:people x:people -:people 12:people +:people =:people
EXPR: 0 | POS | INT | 4 | 84 | 2 | 7=((2+12)/x) | 7 2 12 + x / = | 7:people 2:people 12:people +:people x:people /:people =:people
EXPR: 0 | POS | INT | 4 | 84 | 17 | 7=((x+2)-12) | 7 x 2 + 12 - = | 7:people x:people 2:people +:people 12:people -:people =:people
EXPR: 0 | POS | INT | 4 | 84 | 17 | 7=((2+x)-12) | 7 2 x + 12 - = | 7:people 2:people x:people +:people 12:people -:people =:people
EXPR: 0 | POS | INT | 4 | 84 | 17 | (x+(2-12))=7 | x 2 12 - + 7 = | x:people 2:people 12:people -:people +:people 7:people =:people
EXPR: 0 | POS | INT | 4 | 84 | 31 | 7=(x-(2*12)) | 7 x 2 12 * - = | 7:people x:people 2:people 12:people *:people -:people =:people
EXPR: 0 | POS | INT | 4 | 84 | 17 | ((x-7)+2)=12 | x 7 - 2 + 12 = | x:people 7:people -:people 2:people +:people 12:people =:people
EXPR: 0 | POS | INT | 4 | 84 | 3 | ((x+7)+2)=12 | x 7 + 2 + 12 = | x:people 7:people +:people 2:people +:people 12:people =:people
EXPR: 0 | POS | INT | 4 | 84 | 70 | ((x/7)+2)=12 | x 7 / 2 + 12 = | x:people 7:people /:people 2:people +:people 12:people =:people
EXPR: 0 | POS | INT | 4 | 84 | 98 | ((x/7)-2)=12 | x 7 / 2 - 12 = | x:people 7:people /:people 2:people -:people 12:people =:people
EXPR: 0 | POS | INT | 4 | 84 | 7 | ((x+7)-2)=12 | x 7 + 2 - 12 = | x:people 7:people +:people 2:people -:people 12:people =:people
EXPR: 0 | POS | INT | 4 | 84 | 7 | 2=((x-12)+7) | 2 x 12 - 7 + = | 2:people x:people 12:people -:people 7:people +:people =:people
EXPR: 0 | POS | INT | 4 | 84 | 7 | ((7+x)-2)=12 | 7 x + 2 - 12 = | 7:people x:people +:people 2:people -:people 12:people =:people
EXPR: 0 | POS | INT | 4 | 84 | 108 | 2=((x/12)-7) | 2 x 12 / 7 - = | 2:people x:people 12:people /:people 7:people -:people =:people
EXPR: 0 | POS | INT | 4 | 84 | 21 | (x-(2+12))=7 | x 2 12 + - 7 = | x:people 2:people 12:people +:people -:people 7:people =:people
EXPR: 0 | POS | INT | 4 | 84 | 86 | 7=((x-2)/12) | 7 x 2 - 12 / = | 7:people x:people 2:people -:people 12:people /:people =:people
EXPR: 0 | POS | INT | 4 | 84 | 26 | 2=((x-12)/7) | 2 x 12 - 7 / = | 2:people x:people 12:people -:people 7:people /:people =:people
EXPR: 0 | POS | INT | 4 | 84 | 10 | 2=(x/(12-7)) | 2 x 12 7 - / = | 2:people x:people 12:people 7:people -:people /:people =:people
EXPR: 0 | POS | INT | 4 | 84 | 2 | ((x*7)-2)=12 | x 7 * 2 - 12 = | x:people 7:people *:people 2:people -:people 12:people =:people
EXPR: 0 | POS | INT | 4 | 84 | 21 | 2=((x-12)-7) | 2 x 12 - 7 - = | 2:people x:people 12:people -:people 7:people -:people =:people
EXPR: 0 | POS | INT | 4 | 84 | 21 | 7=((x-2)-12) | 7 x 2 - 12 - = | 7:people x:people 2:people -:people 12:people -:people =:people
EXPR: 0 | POS | INT | 4 | 84 | 7 | (7-(2-x))=12 | 7 2 x - - 12 = | 7:people 2:people x:people -:people -:people 12:people =:people
EXPR: 0 | POS | INT | 4 | 84 | 17 | 2=(12+(7-x)) | 2 12 7 x - + = | 2:people 12:people 7:people x:people -:people +:people =:people
EXPR: 0 | POS | INT | 4 | 84 | 1 | 2=(12/(7-x)) | 2 12 7 x - / = | 2:people 12:people 7:people x:people -:people /:people =:people
EXPR: 0 | POS | INT | 4 | 84 | 60 | 7=(2+(x/12)) | 7 2 x 12 / + = | 7:people 2:people x:people 12:people /:people +:people =:people
EXPR: 0 | POS | INT | 4 | 84 | 17 | ((2+x)-12)=7 | 2 x + 12 - 7 = | 2:people x:people +:people 12:people -:people 7:people =:people
EXPR: 0 | POS | INT | 4 | 84 | 17 | (2-(12-x))=7 | 2 12 x - - 7 = | 2:people 12:people x:people -:people -:people 7:people =:people
EXPR: 0 | POS | INT | 4 | 84 | 7 | (7+(x-2))=12 | 7 x 2 - + 12 = | 7:people x:people 2:people -:people +:people 12:people =:people
EXPR: 0 | POS | INT | 4 | 84 | 17 | (2+(x-12))=7 | 2 x 12 - + 7 = | 2:people x:people 12:people -:people +:people 7:people =:people
EXPR: 0 | POS | INT | 4 | 84 | 7 | ((2-x)+12)=7 | 2 x - 12 + 7 = | 2:people x:people -:people 12:people +:people 7:people =:people
EXPR: 0 | POS | INT | 4 | 84 | 3 | 2=(12-(7+x)) | 2 12 7 x + - = | 2:people 12:people 7:people x:people +:people -:people =:people
EXPR: 0 | POS | INT | 4 | 84 | 2 | 2=((12+x)/7) | 2 12 x + 7 / = | 2:people 12:people x:people +:people 7:people /:people =:people
EXPR: 0 | POS | INT | 4 | 84 | 2 | 2=((x+12)/7) | 2 x 12 + 7 / = | 2:people x:people 12:people +:people 7:people /:people =:people
EXPR: 0 | POS | INT | 4 | 84 | 3 | (7+(x+2))=12 | 7 x 2 + + 12 = | 7:people x:people 2:people +:people +:people 12:people =:people
EXPR: 0 | POS | INT | 4 | 84 | 7 | ((2+12)-x)=7 | 2 12 + x - 7 = | 2:people 12:people +:people x:people -:people 7:people =:people
EXPR: 0 | POS | INT | 4 | 84 | 7 | 7=(2+(12-x)) | 7 2 12 x - + = | 7:people 2:people 12:people x:people -:people +:people =:people
EXPR: 0 | POS | INT | 4 | 84 | 7 | 2=(x-(12-7)) | 2 x 12 7 - - = | 2:people x:people 12:people 7:people -:people -:people =:people
EXPR: 0 | POS | INT | 4 | 84 | 17 | 2=((12-x)+7) | 2 12 x - 7 + = | 2:people 12:people x:people -:people 7:people +:people =:people
EXPR: 0 | POS | INT | 4 | 84 | 31 | (x-(2*12))=7 | x 2 12 * - 7 = | x:people 2:people 12:people *:people -:people 7:people =:people
EXPR: 0 | POS | INT | 4 | 84 | 2 | ((7*x)-2)=12 | 7 x * 2 - 12 = | 7:people x:people *:people 2:people -:people 12:people =:people
EXPR: 0 | POS | INT | 4 | 84 | 7 | (2-(x-12))=7 | 2 x 12 - - 7 = | 2:people x:people 12:people -:people -:people 7:people =:people
EXPR: 0 | POS | INT | 4 | 84 | 82 | 7=((x+2)/12) | 7 x 2 + 12 / = | 7:people x:people 2:people +:people 12:people /:people =:people
EXPR: 0 | POS | INT | 4 | 84 | 10 | (7+(x/2))=12 | 7 x 2 / + 12 = | 7:people x:people 2:people /:people +:people 12:people =:people
EXPR: 0 | POS | INT | 4 | 84 | 60 | (2+(x/12))=7 | 2 x 12 / + 7 = | 2:people x:people 12:people /:people +:people 7:people =:people
EXPR: 0 | POS | INT | 4 | 84 | 3 | ((7+x)+2)=12 | 7 x + 2 + 12 = | 7:people x:people +:people 2:people +:people 12:people =:people
EXPR: 0 | POS | INT | 4 | 84 | 13 | 2=(12/(x-7)) | 2 12 x 7 - / = | 2:people 12:people x:people 7:people -:people /:people =:people
EXPR: 0 | POS | INT | 4 | 84 | 17 | 7=((2*12)-x) | 7 2 12 * x - = | 7:people 2:people 12:people *:people x:people -:people =:people
EXPR: 0 | POS | INT | 4 | 84 | 2 | ((2+12)/x)=7 | 2 12 + x / 7 = | 2:people 12:people +:people x:people /:people 7:people =:people
EXPR: 0 | POS | INT | 4 | 84 | 82 | ((2+x)/12)=7 | 2 x + 12 / 7 = | 2:people x:people +:people 12:people /:people 7:people =:people
EXPR: 0 | POS | INT | 4 | 84 | 17 | ((7+x)/2)=12 | 7 x + 2 / 12 = | 7:people x:people +:people 2:people /:people 12:people =:people
EXPR: 0 | POS | INT | 4 | 84 | 3 | 2=((12-x)-7) | 2 12 x - 7 - = | 2:people 12:people x:people -:people 7:people -:people =:people
EXPR: 0 | POS | INT | 4 | 84 | 7 | 7=((2+12)-x) | 7 2 12 + x - = | 7:people 2:people 12:people +:people x:people -:people =:people
EXPR: 0 | POS | INT | 4 | 84 | 7 | 7=(2-(x-12)) | 7 2 x 12 - - = | 7:people 2:people x:people 12:people -:people -:people =:people
EXPR: 0 | POS | INT | 4 | 84 | 7 | ((7-2)+x)=12 | 7 2 - x + 12 = | 7:people 2:people -:people x:people +:people 12:people =:people
EXPR: 0 | POS | INT | 4 | 84 | 17 | 7=(2-(12-x)) | 7 2 12 x - - = | 7:people 2:people 12:people x:people -:people -:people =:people
EXPR: 0 | POS | INT | 4 | 84 | 1 | ((7-x)*2)=12 | 7 x - 2 * 12 = | 7:people x:people -:people 2:people *:people 12:people =:people
EXPR: 0 | POS | INT | 4 | 84 | 17 | ((2*12)-x)=7 | 2 12 * x - 7 = | 2:people 12:people *:people x:people -:people 7:people =:people
EXPR: 0 | POS | INT | 4 | 84 | 98 | 7=(x/(2+12)) | 7 x 2 12 + / = | 7:people x:people 2:people 12:people +:people /:people =:people
EXPR: 0 | POS | INT | 4 | 84 | 38 | 7=((x/2)-12) | 7 x 2 / 12 - = | 7:people x:people 2:people /:people 12:people -:people =:people
EXPR: 0 | POS | INT | 4 | 84 | 17 | ((x+2)-12)=7 | x 2 + 12 - 7 = | x:people 2:people +:people 12:people -:people 7:people =:people
EXPR: 0 | POS | INT | 4 | 84 | 17 | 7=(2+(x-12)) | 7 2 x 12 - + = | 7:people 2:people x:people 12:people -:people +:people =:people
EXPR: 0 | POS | INT | 4 | 84 | 17 | ((2-12)+x)=7 | 2 12 - x + 7 = | 2:people 12:people -:people x:people +:people 7:people =:people
EXPR: 0 | POS | INT | 5 | 84 | 17 | x=((7+12)-2) | x 7 12 + 2 - = | x:people 7:people 12:people +:people 2:people -:people =:people
EXPR: 0 | POS | INT | 5 | 84 | 38 | x=((7+12)*2) | x 7 12 + 2 * = | x:people 7:people 12:people +:people 2:people *:people =:people
EXPR: 0 | POS | INT | 5 | 84 | 21 | x=((7+12)+2) | x 7 12 + 2 + = | x:people 7:people 12:people +:people 2:people +:people =:people
EXPR: 0 | POS | INT | 5 | 84 | 38 | ((7+12)*2)=x | 7 12 + 2 * x = | 7:people 12:people +:people 2:people *:people x:people =:people
EXPR: 0 | POS | INT | 5 | 84 | 86 | x=((7*12)+2) | x 7 12 * 2 + = | x:people 7:people 12:people *:people 2:people +:people =:people
EXPR: 0 | POS | INT | 5 | 84 | 1 | x=(7-(12/2)) | x 7 12 2 / - = | x:people 7:people 12:people 2:people /:people -:people =:people
EXPR: 0 | POS | INT | 5 | 84 | 17 | ((7+12)-2)=x | 7 12 + 2 - x = | 7:people 12:people +:people 2:people -:people x:people =:people
EXPR: 0 | POS | INT | 5 | 84 | 3 | (12-(2+7))=x | 12 2 7 + - x = | 12:people 2:people 7:people +:people -:people x:people =:people
EXPR: 0 | POS | INT | 5 | 84 | 70 | (7*(12-2))=x | 7 12 2 - * x = | 7:people 12:people 2:people -:people *:people x:people =:people
EXPR: 0 | POS | INT | 5 | 84 | 1 | (7-(12/2))=x | 7 12 2 / - x = | 7:people 12:people 2:people /:people -:people x:people =:people
EXPR: 0 | POS | INT | 5 | 84 | 82 | x=((7*12)-2) | x 7 12 * 2 - = | x:people 7:people 12:people *:people 2:people -:people =:people
EXPR: 0 | POS | INT | 5 | 84 | 21 | ((7+12)+2)=x | 7 12 + 2 + x = | 7:people 12:people +:people 2:people +:people x:people =:people
EXPR: 0 | POS | INT | 5 | 84 | 3 | ((12-2)-7)=x | 12 2 - 7 - x = | 12:people 2:people -:people 7:people -:people x:people =:people
EXPR: 0 | POS | INT | 5 | 84 | 168 | ((7*12)*2)=x | 7 12 * 2 * x = | 7:people 12:people *:people 2:people *:people x:people =:people
EXPR: 0 | POS | INT | 5 | 84 | 13 | (7+(12/2))=x | 7 12 2 / + x = | 7:people 12:people 2:people /:people +:people x:people =:people
EXPR: 0 | POS | INT | 5 | 84 | 70 | ((12-2)*7)=x | 12 2 - 7 * x = | 12:people 2:people -:people 7:people *:people x:people =:people
EXPR: 0 | POS | INT | 5 | 84 | 82 | ((7*12)-2)=x | 7 12 * 2 - x = | 7:people 12:people *:people 2:people -:people x:people =:people
EXPR: 0 | POS | INT | 5 | 84 | 7 | (12+(2-7))=x | 12 2 7 - + x = | 12:people 2:people 7:people -:people +:people x:people =:people
EXPR: 0 | POS | INT | 5 | 84 | 168 | x=((7*12)*2) | x 7 12 * 2 * = | x:people 7:people 12:people *:people 2:people *:people =:people
EXPR: 0 | POS | INT | 5 | 84 | 17 | ((12-2)+7)=x | 12 2 - 7 + x = | 12:people 2:people -:people 7:people +:people x:people =:people
EXPR: 0 | POS | INT | 5 | 84 | 17 | x=(7+(12-2)) | x 7 12 2 - + = | x:people 7:people 12:people 2:people -:people +:people =:people
EXPR: 0 | POS | INT | 5 | 84 | 21 | (12+(2+7))=x | 12 2 7 + + x = | 12:people 2:people 7:people +:people +:people x:people =:people
EXPR: 0 | POS | INT | 5 | 84 | 26 | (12+(2*7))=x | 12 2 7 * + x = | 12:people 2:people 7:people *:people +:people x:people =:people
EXPR: 0 | POS | INT | 5 | 84 | 21 | x=(12+(2+7)) | x 12 2 7 + + = | x:people 12:people 2:people 7:people +:people +:people =:people
EXPR: 0 | POS | INT | 5 | 84 | 17 | x=(12-(2-7)) | x 12 2 7 - - = | x:people 12:people 2:people 7:people -:people -:people =:people
EXPR: 0 | POS | INT | 5 | 84 | 3 | x=((12-2)-7) | x 12 2 - 7 - = | x:people 12:people 2:people -:people 7:people -:people =:people
EXPR: 0 | POS | INT | 5 | 84 | 13 | x=(7+(12/2)) | x 7 12 2 / + = | x:people 7:people 12:people 2:people /:people +:people =:people
EXPR: 0 | POS | INT | 5 | 84 | 26 | x=(12+(2*7)) | x 12 2 7 * + = | x:people 12:people 2:people 7:people *:people +:people =:people
EXPR: 0 | POS | INT | 5 | 84 | 13 | ((12/2)+7)=x | 12 2 / 7 + x = | 12:people 2:people /:people 7:people +:people x:people =:people
EXPR: 0 | POS | INT | 5 | 84 | 70 | x=((12-2)*7) | x 12 2 - 7 * = | x:people 12:people 2:people -:people 7:people *:people =:people
EXPR: 0 | POS | INT | 5 | 84 | 7 | x=(12+(2-7)) | x 12 2 7 - + = | x:people 12:people 2:people 7:people -:people +:people =:people
EXPR: 0 | POS | INT | 5 | 84 | 108 | (12*(2+7))=x | 12 2 7 + * x = | 12:people 2:people 7:people +:people *:people x:people =:people
EXPR: 0 | POS | INT | 5 | 84 | 70 | x=(7*(12-2)) | x 7 12 2 - * = | x:people 7:people 12:people 2:people -:people *:people =:people
EXPR: 0 | POS | INT | 5 | 84 | 3 | x=(12-(2+7)) | x 12 2 7 + - = | x:people 12:people 2:people 7:people +:people -:people =:people
EXPR: 0 | POS | INT | 5 | 84 | 108 | x=(12*(2+7)) | x 12 2 7 + * = | x:people 12:people 2:people 7:people +:people *:people =:people
EXPR: 0 | POS | INT | 5 | 84 | 17 | x=((12-2)+7) | x 12 2 - 7 + = | x:people 12:people 2:people -:people 7:people +:people =:people
EXPR: 0 | POS | INT | 5 | 84 | 17 | (12-(2-7))=x | 12 2 7 - - x = | 12:people 2:people 7:people -:people -:people x:people =:people
EXPR: 0 | POS | INT | 5 | 84 | 17 | (7+(12-2))=x | 7 12 2 - + x = | 7:people 12:people 2:people -:people +:people x:people =:people
EXPR: 0 | POS | INT | 5 | 84 | 86 | ((7*12)+2)=x | 7 12 * 2 + x = | 7:people 12:people *:people 2:people +:people x:people =:people
EXPR: 0 | POS | INT | 5 | 84 | 13 | x=((12/2)+7) | x 12 2 / 7 + = | x:people 12:people 2:people /:people 7:people +:people =:people
EXPR: 0 | POS | INT | 7 | 84 | 38 | (x/(7+12))=2 | x 7 12 + / 2 = | x:people 7:people 12:people +:people /:people 2:people =:people
EXPR: 0 | POS | INT | 7 | 84 | 86 | (x-(7*12))=2 | x 7 12 * - 2 = | x:people 7:people 12:people *:people -:people 2:people =:people
EXPR: 0 | POS | INT | 7 | 84 | 7 | (12-(7-2))=x | 12 7 2 - - x = | 12:people 7:people 2:people -:people -:people x:people =:people
EXPR: 0 | POS | INT | 7 | 84 | 21 | (x-(7+12))=2 | x 7 12 + - 2 = | x:people 7:people 12:people +:people -:people 2:people =:people
EXPR: 0 | POS | INT | 7 | 84 | 17 | ((x+7)/12)=2 | x 7 + 12 / 2 = | x:people 7:people +:people 12:people /:people 2:people =:people
EXPR: 0 | POS | INT | 7 | 84 | 2 | ((x+12)/2)=7 | x 12 + 2 / 7 = | x:people 12:people +:people 2:people /:people 7:people =:people
EXPR: 0 | POS | INT | 7 | 84 | 17 | 12=((2-7)+x) | 12 2 7 - x + = | 12:people 2:people 7:people -:people x:people +:people =:people
EXPR: 0 | POS | INT | 7 | 84 | 7 | (x+(7-12))=2 | x 7 12 - + 2 = | x:people 7:people 12:people -:people +:people 2:people =:people
EXPR: 0 | POS | INT | 7 | 84 | 1 | 7=((12/2)+x) | 7 12 2 / x + = | 7:people 12:people 2:people /:people x:people +:people =:people
EXPR: 0 | POS | INT | 7 | 84 | 17 | 12=(x+(2-7)) | 12 x 2 7 - + = | 12:people x:people 2:people 7:people -:people +:people =:people
EXPR: 0 | POS | INT | 7 | 84 | 21 | ((x-7)-12)=2 | x 7 - 12 - 2 = | x:people 7:people -:people 12:people -:people 2:people =:people
EXPR: 0 | POS | INT | 7 | 84 | 17 | (12+(7-2))=x | 12 7 2 - + x = | 12:people 7:people 2:people -:people +:people x:people =:people
EXPR: 0 | POS | INT | 7 | 84 | 3 | x=((12-7)-2) | x 12 7 - 2 - = | x:people 12:people 7:people -:people 2:people -:people =:people
EXPR: 0 | POS | INT | 7 | 84 | 7 | x=(12-(7-2)) | x 12 7 2 - - = | x:people 12:people 7:people 2:people -:people -:people =:people
EXPR: 0 | POS | INT | 7 | 84 | 3 | ((12-7)-2)=x | 12 7 - 2 - x = | 12:people 7:people -:people 2:people -:people x:people =:people
EXPR: 0 | POS | INT | 7 | 84 | 7 | (12+(2-x))=7 | 12 2 x - + 7 = | 12:people 2:people x:people -:people +:people 7:people =:people
EXPR: 0 | POS | INT | 7 | 84 | 7 | ((12-7)+2)=x | 12 7 - 2 + x = | 12:people 7:people -:people 2:people +:people x:people =:people
EXPR: 0 | POS | INT | 7 | 84 | 3 | 12=(x+(2+7)) | 12 x 2 7 + + = | 12:people x:people 2:people 7:people +:people +:people =:people
EXPR: 0 | POS | INT | 7 | 84 | 60 | (12*(7-2))=x | 12 7 2 - * x = | 12:people 7:people 2:people -:people *:people x:people =:people
EXPR: 0 | POS | INT | 7 | 84 | 10 | 7=(12-(x/2)) | 7 12 x 2 / - = | 7:people 12:people x:people 2:people /:people -:people =:people
EXPR: 0 | POS | INT | 7 | 84 | 98 | ((x/7)-12)=2 | x 7 / 12 - 2 = | x:people 7:people /:people 12:people -:people 2:people =:people
EXPR: 0 | POS | INT | 7 | 84 | 31 | ((x-7)/12)=2 | x 7 - 12 / 2 = | x:people 7:people -:people 12:people /:people 2:people =:people
EXPR: 0 | POS | INT | 7 | 84 | 3 | 12=((2+7)+x) | 12 2 7 + x + = | 12:people 2:people 7:people +:people x:people +:people =:people
EXPR: 0 | POS | INT | 7 | 84 | 7 | 7=(12-(x-2)) | 7 12 x 2 - - = | 7:people 12:people x:people 2:people -:people -:people =:people
EXPR: 0 | POS | INT | 7 | 84 | 13 | (x-(12/2))=7 | x 12 2 / - 7 = | x:people 12:people 2:people /:people -:people 7:people =:people
EXPR: 0 | POS | INT | 7 | 84 | 17 | (7+(12-x))=2 | 7 12 x - + 2 = | 7:people 12:people x:people -:people +:people 2:people =:people
EXPR: 0 | POS | INT | 7 | 84 | 10 | ((12-7)*2)=x | 12 7 - 2 * x = | 12:people 7:people -:people 2:people *:people x:people =:people
EXPR: 0 | POS | INT | 7 | 84 | 7 | 12=(x-(2-7)) | 12 x 2 7 - - = | 12:people x:people 2:people 7:people -:people -:people =:people
EXPR: 0 | POS | INT | 7 | 84 | 70 | 12=(2+(x/7)) | 12 2 x 7 / + = | 12:people 2:people x:people 7:people /:people +:people =:people
EXPR: 0 | POS | INT | 7 | 84 | 60 | x=(12*(7-2)) | x 12 7 2 - * = | x:people 12:people 7:people 2:people -:people *:people =:people
EXPR: 0 | POS | INT | 7 | 84 | 1 | (x+(12/2))=7 | x 12 2 / + 7 = | x:people 12:people 2:people /:people +:people 7:people =:people
EXPR: 0 | POS | INT | 7 | 84 | 60 | ((x/12)+2)=7 | x 12 / 2 + 7 = | x:people 12:people /:people 2:people +:people 7:people =:people
EXPR: 0 | POS | INT | 7 | 84 | 108 | ((x/12)-2)=7 | x 12 / 2 - 7 = | x:people 12:people /:people 2:people -:people 7:people =:people
EXPR: 0 | POS | INT | 7 | 84 | 17 | 12=((x+2)-7) | 12 x 2 + 7 - = | 12:people x:people 2:people +:people 7:people -:people =:people
EXPR: 0 | POS | INT | 7 | 84 | 17 | ((x-12)+2)=7 | x 12 - 2 + 7 = | x:people 12:people -:people 2:people +:people 7:people =:people
EXPR: 0 | POS | INT | 7 | 84 | 7 | 12=((x-2)+7) | 12 x 2 - 7 + = | 12:people x:people 2:people -:people 7:people +:people =:people
EXPR: 0 | POS | INT | 7 | 84 | 26 | 12=(x-(2*7)) | 12 x 2 7 * - = | 12:people x:people 2:people 7:people *:people -:people =:people
EXPR: 0 | POS | INT | 7 | 84 | 3 | 7=(12-(x+2)) | 7 12 x 2 + - = | 7:people 12:people x:people 2:people +:people -:people =:people
EXPR: 0 | POS | INT | 7 | 84 | 1 | 7=(x+(12/2)) | 7 x 12 2 / + = | 7:people x:people 12:people 2:people /:people +:people =:people
EXPR: 0 | POS | INT | 7 | 84 | 21 | 12=(x-(2+7)) | 12 x 2 7 + - = | 12:people x:people 2:people 7:people +:people -:people =:people
EXPR: 0 | POS | INT | 7 | 84 | 2 | ((x*7)-12)=2 | x 7 * 12 - 2 = | x:people 7:people *:people 12:people -:people 2:people =:people
EXPR: 0 | POS | INT | 7 | 84 | 17 | 7=(x-(12-2)) | 7 x 12 2 - - = | 7:people x:people 12:people 2:people -:people -:people =:people
EXPR: 0 | POS | INT | 7 | 84 | 2 | 7=((x+12)/2) | 7 x 12 + 2 / = | 7:people x:people 12:people +:people 2:people /:people =:people
EXPR: 0 | POS | INT | 7 | 84 | 26 | 7=((x-12)/2) | 7 x 12 - 2 / = | 7:people x:people 12:people -:people 2:people /:people =:people
EXPR: 0 | POS | INT | 7 | 84 | 21 | ((x-12)-2)=7 | x 12 - 2 - 7 = | x:people 12:people -:people 2:people -:people 7:people =:people
EXPR: 0 | POS | INT | 7 | 84 | 7 | ((7+x)-12)=2 | 7 x + 12 - 2 = | 7:people x:people +:people 12:people -:people 2:people =:people
EXPR: 0 | POS | INT | 7 | 84 | 70 | 7=(x/(12-2)) | 7 x 12 2 - / = | 7:people x:people 12:people 2:people -:people /:people =:people
EXPR: 0 | POS | INT | 7 | 84 | 7 | 7=(12+(2-x)) | 7 12 2 x - + = | 7:people 12:people 2:people x:people -:people +:people =:people
EXPR: 0 | POS | INT | 7 | 84 | 10 | 12=((x/2)+7) | 12 x 2 / 7 + = | 12:people x:people 2:people /:people 7:people +:people =:people
EXPR: 0 | POS | INT | 7 | 84 | 13 | 7=(x-(12/2)) | 7 x 12 2 / - = | 7:people x:people 12:people 2:people /:people -:people =:people
EXPR: 0 | POS | INT | 7 | 84 | 108 | 12=(x/(2+7)) | 12 x 2 7 + / = | 12:people x:people 2:people 7:people +:people /:people =:people
EXPR: 0 | POS | INT | 7 | 84 | 26 | ((x-12)/2)=7 | x 12 - 2 / 7 = | x:people 12:people -:people 2:people /:people 7:people =:people
EXPR: 0 | POS | INT | 7 | 84 | 17 | 7=((x-12)+2) | 7 x 12 - 2 + = | 7:people x:people 12:people -:people 2:people +:people =:people
EXPR: 0 | POS | INT | 7 | 84 | 3 | (12-(2+x))=7 | 12 2 x + - 7 = | 12:people 2:people x:people +:people -:people 7:people =:people
EXPR: 0 | POS | INT | 7 | 84 | 3 | 7=((12-2)-x) | 7 12 2 - x - = | 7:people 12:people 2:people -:people x:people -:people =:people
EXPR: 0 | POS | INT | 7 | 84 | 82 | 12=((2+x)/7) | 12 2 x + 7 / = | 12:people 2:people x:people +:people 7:people /:people =:people
EXPR: 0 | POS | INT | 7 | 84 | 17 | 12=((2+x)-7) | 12 2 x + 7 - = | 12:people 2:people x:people +:people 7:people -:people =:people
EXPR: 0 | POS | INT | 7 | 84 | 3 | 7=(12-(2+x)) | 7 12 2 x + - = | 7:people 12:people 2:people x:people +:people -:people =:people
EXPR: 0 | POS | INT | 7 | 84 | 17 | (x-(12-2))=7 | x 12 2 - - 7 = | x:people 12:people 2:people -:people -:people 7:people =:people
EXPR: 0 | POS | INT | 7 | 84 | 17 | ((7+x)/12)=2 | 7 x + 12 / 2 = | 7:people x:people +:people 12:people /:people 2:people =:people
EXPR: 0 | POS | INT | 7 | 84 | 70 | (x/(12-2))=7 | x 12 2 - / 7 = | x:people 12:people 2:people -:people /:people 7:people =:people
EXPR: 0 | POS | INT | 7 | 84 | 3 | 12=((x+2)+7) | 12 x 2 + 7 + = | 12:people x:people 2:people +:people 7:people +:people =:people
EXPR: 0 | POS | INT | 7 | 84 | 21 | 12=((x-2)-7) | 12 x 2 - 7 - = | 12:people x:people 2:people -:people 7:people -:people =:people
EXPR: 0 | POS | INT | 7 | 84 | 1 | 12=(2*(7-x)) | 12 2 7 x - * = | 12:people 2:people 7:people x:people -:people *:people =:people
EXPR: 0 | POS | INT | 7 | 84 | 7 | x=((12-7)+2) | x 12 7 - 2 + = | x:people 12:people 7:people -:people 2:people +:people =:people
EXPR: 0 | POS | INT | 7 | 84 | 10 | (12-(x/2))=7 | 12 x 2 / - 7 = | 12:people x:people 2:people /:people -:people 7:people =:people
EXPR: 0 | POS | INT | 7 | 84 | 7 | (12-(x-2))=7 | 12 x 2 - - 7 = | 12:people x:people 2:people -:people -:people 7:people =:people
EXPR: 0 | POS | INT | 7 | 84 | 38 | 12=((x/2)-7) | 12 x 2 / 7 - = | 12:people x:people 2:people /:people 7:people -:people =:people
EXPR: 0 | POS | INT | 7 | 84 | 17 | (7-(x-12))=2 | 7 x 12 - - 2 = | 7:people x:people 12:people -:people -:people 2:people =:people
NET 292 unique, non-negative, integer-valued solutions found out of 1000 total solutions
