parameters: n=7 l=3 k=1 p=5 q=3 m=9
TOTAL 1000 solutions found
SOLN: CORRECT | POS/NEG | INT/FRA | OBJ-SCORE | TRUE-ANS | ANS | INFIX | POSTFIX | TYPED-POSTFIX
EXPR: 0 | POS | INT | 0 | 3 | 6 | x=(2+(1+3.0)) | x 2 1 3.0 + + = | x:people 2:people 1:people 3.0:people +:people +:people =:people
EXPR: 0 | POS | INT | 0 | 3 | 0 | ((2+1)-3.0)=x | 2 1 + 3.0 - x = | 2:people 1:people +:people 3.0:people -:people x:people =:people
EXPR: 0 | POS | INT | 0 | 3 | 4 | (2-(1-3.0))=x | 2 1 3.0 - - x = | 2:people 1:people 3.0:people -:people -:people x:people =:people
EXPR: 0 | POS | INT | 0 | 3 | 0 | (2+(1-3.0))=x | 2 1 3.0 - + x = | 2:people 1:people 3.0:people -:people +:people x:people =:people
EXPR: 0 | POS | INT | 0 | 3 | 8 | (2*(1+3.0))=x | 2 1 3.0 + * x = | 2:people 1:people 3.0:people +:people *:people x:people =:people
EXPR: 0 | POS | INT | 0 | 3 | 5 | ((2*1)+3.0)=x | 2 1 * 3.0 + x = | 2:people 1:people *:people 3.0:people +:people x:people =:people
EXPR: 0 | POS | INT | 0 | 3 | 6 | ((2+1)+3.0)=x | 2 1 + 3.0 + x = | 2:people 1:people +:people 3.0:people +:people x:people =:people
EXPR: 0 | POS | INT | 0 | 3 | 6 | (2+(1+3.0))=x | 2 1 3.0 + + x = | 2:people 1:people 3.0:people +:people +:people x:people =:people
EXPR: 0 | POS | INT | 0 | 3 | 9 | ((2+1)*3.0)=x | 2 1 + 3.0 * x = | 2:people 1:people +:people 3.0:people *:people x:people =:people
EXPR: 0 | POS | INT | 0 | 3 | 5 | x=(2+(1*3.0)) | x 2 1 3.0 * + = | x:people 2:people 1:people 3.0:people *:people +:people =:people
EXPR: 0 | POS | INT | 0 | 3 | 5 | (2+(1*3.0))=x | 2 1 3.0 * + x = | 2:people 1:people 3.0:people *:people +:people x:people =:people
EXPR: 0 | POS | INT | 0 | 3 |  | x=(2+(1-3.0)) | x 2 1 3.0 - + = | x:people 2:people 1:people 3.0:people -:people +:people =:people
EXPR: 0 | POS | INT | 0 | 3 | 4 | x=(2-(1-3.0)) | x 2 1 3.0 - - = | x:people 2:people 1:people 3.0:people -:people -:people =:people
EXPR: 0 | POS | INT | 0 | 3 | 6 | ((2*1)*3.0)=x | 2 1 * 3.0 * x = | 2:people 1:people *:people 3.0:people *:people x:people =:people
EXPR: 0 | POS | INT | 0 | 3 | 1 | x=((2+1)/3.0) | x 2 1 + 3.0 / = | x:people 2:people 1:people +:people 3.0:people /:people =:people
EXPR: 1 | POS | INT | 0 | 3 | 3 | x=((2-1)*3.0) | x 2 1 - 3.0 * = | x:people 2:people 1:people -:people 3.0:people *:people =:people
EXPR: 1 | POS | INT | 0 | 3 | 3 | ((2-1)*3.0)=x | 2 1 - 3.0 * x = | 2:people 1:people -:people 3.0:people *:people x:people =:people
EXPR: 0 | POS | INT | 0 | 3 | 6 | x=((2+1)+3.0) | x 2 1 + 3.0 + = | x:people 2:people 1:people +:people 3.0:people +:people =:people
EXPR: 0 | POS | INT | 0 | 3 | 6 | x=((2*1)*3.0) | x 2 1 * 3.0 * = | x:people 2:people 1:people *:people 3.0:people *:people =:people
EXPR: 0 | POS | INT | 0 | 3 | 4 | ((2-1)+3.0)=x | 2 1 - 3.0 + x = | 2:people 1:people -:people 3.0:people +:people x:people =:people
EXPR: 0 | POS | INT | 0 | 3 | 1 | ((2+1)/3.0)=x | 2 1 + 3.0 / x = | 2:people 1:people +:people 3.0:people /:people x:people =:people
EXPR: 0 | POS | INT | 0 | 3 | 9 | x=((2+1)*3.0) | x 2 1 + 3.0 * = | x:people 2:people 1:people +:people 3.0:people *:people =:people
EXPR: 0 | POS | INT | 0 | 3 |  | x=((2+1)-3.0) | x 2 1 + 3.0 - = | x:people 2:people 1:people +:people 3.0:people -:people =:people
EXPR: 0 | POS | INT | 0 | 3 | 4 | x=((2-1)+3.0) | x 2 1 - 3.0 + = | x:people 2:people 1:people -:people 3.0:people +:people =:people
EXPR: 0 | POS | INT | 0 | 3 | 5 | x=((2*1)+3.0) | x 2 1 * 3.0 + = | x:people 2:people 1:people *:people 3.0:people +:people =:people
EXPR: 0 | POS | INT | 0 | 3 | 8 | x=(2*(1+3.0)) | x 2 1 3.0 + * = | x:people 2:people 1:people 3.0:people +:people *:people =:people
EXPR: 0 | POS | INT | 2 | 3 | 0 | (1+(2-3.0))=x | 1 2 3.0 - + x = | 1:people 2:people 3.0:people -:people +:people x:people =:people
EXPR: 0 | POS | INT | 2 | 3 | 7 | (1+(2*3.0))=x | 1 2 3.0 * + x = | 1:people 2:people 3.0:people *:people +:people x:people =:people
EXPR: 1 | POS | INT | 2 | 3 | 3 | ((2-1)*x)=3.0 | 2 1 - x * 3.0 = | 2:people 1:people -:people x:people *:people 3.0:people =:people
EXPR: 0 | POS | INT | 2 | 3 | 1 | ((2/x)+1)=3.0 | 2 x / 1 + 3.0 = | 2:people x:people /:people 1:people +:people 3.0:people =:people
EXPR: 0 | POS | INT | 2 | 3 |  | ((2+1)+x)=3.0 | 2 1 + x + 3.0 = | 2:people 1:people +:people x:people +:people 3.0:people =:people
EXPR: 0 | POS | INT | 2 | 3 | 2 | ((2+x)-1)=3.0 | 2 x + 1 - 3.0 = | 2:people x:people +:people 1:people -:people 3.0:people =:people
EXPR: 0 | POS | INT | 2 | 3 |  | ((2+x)+1)=3.0 | 2 x + 1 + 3.0 = | 2:people x:people +:people 1:people +:people 3.0:people =:people
EXPR: 0 | POS | INT | 2 | 3 |  | ((x+2)+1)=3.0 | x 2 + 1 + 3.0 = | x:people 2:people +:people 1:people +:people 3.0:people =:people
EXPR: 0 | POS | INT | 2 | 3 |  | ((2+1)-x)=3.0 | 2 1 + x - 3.0 = | 2:people 1:people +:people x:people -:people 3.0:people =:people
EXPR: 0 | POS | INT | 2 | 3 | 4 | (2*(3.0-1))=x | 2 3.0 1 - * x = | 2:people 3.0:people 1:people -:people *:people x:people =:people
EXPR: 0 | POS | INT | 2 | 3 | 0 | (2-(3.0-1))=x | 2 3.0 1 - - x = | 2:people 3.0:people 1:people -:people -:people x:people =:people
EXPR: 0 | POS | INT | 2 | 3 | 2 | (1-(2-3.0))=x | 1 2 3.0 - - x = | 1:people 2:people 3.0:people -:people -:people x:people =:people
EXPR: 0 | POS | INT | 2 | 3 | 7 | ((2*3.0)+1)=x | 2 3.0 * 1 + x = | 2:people 3.0:people *:people 1:people +:people x:people =:people
EXPR: 0 | POS | INT | 2 | 3 | 5 | ((2*3.0)-1)=x | 2 3.0 * 1 - x = | 2:people 3.0:people *:people 1:people -:people x:people =:people
EXPR: 0 | POS | INT | 2 | 3 | 4 | ((2+3.0)-1)=x | 2 3.0 + 1 - x = | 2:people 3.0:people +:people 1:people -:people x:people =:people
EXPR: 0 | POS | INT | 2 | 3 | 6 | ((2+3.0)+1)=x | 2 3.0 + 1 + x = | 2:people 3.0:people +:people 1:people +:people x:people =:people
EXPR: 0 | POS | INT | 2 | 3 | 6 | ((2*3.0)*1)=x | 2 3.0 * 1 * x = | 2:people 3.0:people *:people 1:people *:people x:people =:people
EXPR: 0 | POS | INT | 2 | 3 | 5 | ((2+3.0)*1)=x | 2 3.0 + 1 * x = | 2:people 3.0:people +:people 1:people *:people x:people =:people
EXPR: 0 | POS | INT | 2 | 3 | 6 | (x-(2+1))=3.0 | x 2 1 + - 3.0 = | x:people 2:people 1:people +:people -:people 3.0:people =:people
EXPR: 0 | POS | INT | 2 | 3 | 6 | x=((2+3.0)+1) | x 2 3.0 + 1 + = | x:people 2:people 3.0:people +:people 1:people +:people =:people
EXPR: 0 | POS | INT | 2 | 3 | 5 | x=((2*3.0)-1) | x 2 3.0 * 1 - = | x:people 2:people 3.0:people *:people 1:people -:people =:people
EXPR: 0 | POS | INT | 2 | 3 | 1 | (2/(3.0-1))=x | 2 3.0 1 - / x = | 2:people 3.0:people 1:people -:people /:people x:people =:people
EXPR: 0 | POS | INT | 2 | 3 | 6 | x=((2*3.0)*1) | x 2 3.0 * 1 * = | x:people 2:people 3.0:people *:people 1:people *:people =:people
EXPR: 1 | POS | INT | 2 | 3 | 3 | (x*(2-1))=3.0 | x 2 1 - * 3.0 = | x:people 2:people 1:people -:people *:people 3.0:people =:people
EXPR: 0 | POS | INT | 2 | 3 | 4 | x=((2+3.0)-1) | x 2 3.0 + 1 - = | x:people 2:people 3.0:people +:people 1:people -:people =:people
EXPR: 0 | POS | INT | 2 | 3 | 5 | x=((2+3.0)*1) | x 2 3.0 + 1 * = | x:people 2:people 3.0:people +:people 1:people *:people =:people
EXPR: 0 | POS | INT | 2 | 3 |  | x=((2-3.0)+1) | x 2 3.0 - 1 + = | x:people 2:people 3.0:people -:people 1:people +:people =:people
EXPR: 0 | POS | INT | 2 | 3 | 2 | x=((1-2)+3.0) | x 1 2 - 3.0 + = | x:people 1:people 2:people -:people 3.0:people +:people =:people
EXPR: 0 | POS | INT | 2 | 3 | 7 | x=((2*3.0)+1) | x 2 3.0 * 1 + = | x:people 2:people 3.0:people *:people 1:people +:people =:people
EXPR: 0 | POS | INT | 2 | 3 | 5 | 2=((1+x)/3.0) | 2 1 x + 3.0 / = | 2:people 1:people x:people +:people 3.0:people /:people =:people
EXPR: 0 | POS | INT | 2 | 3 | 1 | ((x+2)*1)=3.0 | x 2 + 1 * 3.0 = | x:people 2:people +:people 1:people *:people 3.0:people =:people
EXPR: 0 | POS | INT | 2 | 3 | 4 | (2+(3.0-1))=x | 2 3.0 1 - + x = | 2:people 3.0:people 1:people -:people +:people x:people =:people
EXPR: 0 | POS | INT | 2 | 3 | 5 | ((x-2)*1)=3.0 | x 2 - 1 * 3.0 = | x:people 2:people -:people 1:people *:people 3.0:people =:people
EXPR: 0 | POS | INT | 2 | 3 | 0 | ((2-3.0)+1)=x | 2 3.0 - 1 + x = | 2:people 3.0:people -:people 1:people +:people x:people =:people
EXPR: 0 | POS | INT | 2 | 3 | 1 | ((2+1)/x)=3.0 | 2 1 + x / 3.0 = | 2:people 1:people +:people x:people /:people 3.0:people =:people
EXPR: 0 | POS | INT | 2 | 3 | 4 | (x-(2-1))=3.0 | x 2 1 - - 3.0 = | x:people 2:people 1:people -:people -:people 3.0:people =:people
EXPR: 0 | POS | INT | 2 | 3 | 4 | 2=((1+x)-3.0) | 2 1 x + 3.0 - = | 2:people 1:people x:people +:people 3.0:people -:people =:people
EXPR: 1 | POS | INT | 2 | 3 | 3 | 2=(1+(3.0/x)) | 2 1 3.0 x / + = | 2:people 1:people 3.0:people x:people /:people +:people =:people
EXPR: 0 | POS | INT | 2 | 3 |  | (2+(1-x))=3.0 | 2 1 x - + 3.0 = | 2:people 1:people x:people -:people +:people 3.0:people =:people
EXPR: 0 | POS | INT | 2 | 3 | 1 | (x+(2*1))=3.0 | x 2 1 * + 3.0 = | x:people 2:people 1:people *:people +:people 3.0:people =:people
EXPR: 0 | POS | INT | 2 | 3 | 4 | x=(2*(3.0-1)) | x 2 3.0 1 - * = | x:people 2:people 3.0:people 1:people -:people *:people =:people
EXPR: 0 | POS | INT | 2 | 3 | 1 | x=(2/(3.0-1)) | x 2 3.0 1 - / = | x:people 2:people 3.0:people 1:people -:people /:people =:people
EXPR: 0 | POS | INT | 2 | 3 | 1 | (2+(1*x))=3.0 | 2 1 x * + 3.0 = | 2:people 1:people x:people *:people +:people 3.0:people =:people
EXPR: 0 | POS | INT | 2 | 3 | 1 | (2+(1/x))=3.0 | 2 1 x / + 3.0 = | 2:people 1:people x:people /:people +:people 3.0:people =:people
EXPR: 0 | POS | INT | 2 | 3 | 1 | ((2*x)+1)=3.0 | 2 x * 1 + 3.0 = | 2:people x:people *:people 1:people +:people 3.0:people =:people
EXPR: 0 | POS | INT | 2 | 3 | 4 | x=(2+(3.0-1)) | x 2 3.0 1 - + = | x:people 2:people 3.0:people 1:people -:people +:people =:people
EXPR: 0 | POS | INT | 2 | 3 | 1 | ((2+1)*x)=3.0 | 2 1 + x * 3.0 = | 2:people 1:people +:people x:people *:people 3.0:people =:people
EXPR: 0 | POS | INT | 2 | 3 | 1 | ((2*1)+x)=3.0 | 2 1 * x + 3.0 = | 2:people 1:people *:people x:people +:people 3.0:people =:people
EXPR: 0 | POS | INT | 2 | 3 | 4 | 2=(x+(1-3.0)) | 2 x 1 3.0 - + = | 2:people x:people 1:people 3.0:people -:people +:people =:people
EXPR: 0 | POS | INT | 2 | 3 | 2 | 2=((1+3.0)/x) | 2 1 3.0 + x / = | 2:people 1:people 3.0:people +:people x:people /:people =:people
EXPR: 0 | POS | INT | 2 | 3 |  | x=(1+(2-3.0)) | x 1 2 3.0 - + = | x:people 1:people 2:people 3.0:people -:people +:people =:people
EXPR: 0 | POS | INT | 2 | 3 | 2 | x=(1-(2-3.0)) | x 1 2 3.0 - - = | x:people 1:people 2:people 3.0:people -:people -:people =:people
EXPR: 0 | POS | INT | 2 | 3 | 5 | x=(1*(2+3.0)) | x 1 2 3.0 + * = | x:people 1:people 2:people 3.0:people +:people *:people =:people
EXPR: 0 | POS | INT | 2 | 3 | 5 | 2=((1*x)-3.0) | 2 1 x * 3.0 - = | 2:people 1:people x:people *:people 3.0:people -:people =:people
EXPR: 0 | POS | INT | 2 | 3 | 5 | 2=((x+1)/3.0) | 2 x 1 + 3.0 / = | 2:people x:people 1:people +:people 3.0:people /:people =:people
EXPR: 0 | POS | INT | 2 | 3 | 2 | ((x+2)-1)=3.0 | x 2 + 1 - 3.0 = | x:people 2:people +:people 1:people -:people 3.0:people =:people
EXPR: 0 | POS | INT | 2 | 3 | 2 | ((2-1)+x)=3.0 | 2 1 - x + 3.0 = | 2:people 1:people -:people x:people +:people 3.0:people =:people
EXPR: 0 | POS | INT | 2 | 3 | 2 | (x+(2-1))=3.0 | x 2 1 - + 3.0 = | x:people 2:people 1:people -:people +:people 3.0:people =:people
EXPR: 0 | POS | INT | 2 | 3 | 1 | (x*(2+1))=3.0 | x 2 1 + * 3.0 = | x:people 2:people 1:people +:people *:people 3.0:people =:people
EXPR: 0 | POS | INT | 2 | 3 | 5 | (1*(2+3.0))=x | 1 2 3.0 + * x = | 1:people 2:people 3.0:people +:people *:people x:people =:people
EXPR: 0 | POS | INT | 2 | 3 | 8 | 2=(x/(1+3.0)) | 2 x 1 3.0 + / = | 2:people x:people 1:people 3.0:people +:people /:people =:people
EXPR: 0 | POS | INT | 2 | 3 | 6 | 2=(x-(1+3.0)) | 2 x 1 3.0 + - = | 2:people x:people 1:people 3.0:people +:people -:people =:people
EXPR: 0 | POS | INT | 2 | 3 | 6 | (1+(2+3.0))=x | 1 2 3.0 + + x = | 1:people 2:people 3.0:people +:people +:people x:people =:people
EXPR: 0 | POS | INT | 2 | 3 | 5 | 2=(x-(1*3.0)) | 2 x 1 3.0 * - = | 2:people x:people 1:people 3.0:people *:people -:people =:people
EXPR: 0 | POS | INT | 2 | 3 | 6 | x=(1+(2+3.0)) | x 1 2 3.0 + + = | x:people 1:people 2:people 3.0:people +:people +:people =:people
EXPR: 0 | POS | INT | 2 | 3 | 1 | ((x*2)+1)=3.0 | x 2 * 1 + 3.0 = | x:people 2:people *:people 1:people +:people 3.0:people =:people
EXPR: 0 | POS | INT | 2 | 3 | 4 | ((x/2)+1)=3.0 | x 2 / 1 + 3.0 = | x:people 2:people /:people 1:people +:people 3.0:people =:people
EXPR: 0 | POS | INT | 2 | 3 | 2 | (2+(x-1))=3.0 | 2 x 1 - + 3.0 = | 2:people x:people 1:people -:people +:people 3.0:people =:people
EXPR: 0 | POS | INT | 2 | 3 | 6 | 2=((x-1)-3.0) | 2 x 1 - 3.0 - = | 2:people x:people 1:people -:people 3.0:people -:people =:people
EXPR: 0 | POS | INT | 2 | 3 | 4 | 2=((1-3.0)+x) | 2 1 3.0 - x + = | 2:people 1:people 3.0:people -:people x:people +:people =:people
EXPR: 0 | POS | INT | 2 | 3 | 4 | 2=((x+1)-3.0) | 2 x 1 + 3.0 - = | 2:people x:people 1:people +:people 3.0:people -:people =:people
EXPR: 1 | POS | INT | 2 | 3 | 3 | 2=(1+(x/3.0)) | 2 1 x 3.0 / + = | 2:people 1:people x:people 3.0:people /:people +:people =:people
EXPR: 0 | POS | INT | 2 | 3 | 2 | 2=((1-x)+3.0) | 2 1 x - 3.0 + = | 2:people 1:people x:people -:people 3.0:people +:people =:people
EXPR: 0 | POS | INT | 2 | 3 | 1 | 2=((1*3.0)-x) | 2 1 3.0 * x - = | 2:people 1:people 3.0:people *:people x:people -:people =:people
EXPR: 0 | POS | INT | 2 | 3 | 2 | 2=(1-(x-3.0)) | 2 1 x 3.0 - - = | 2:people 1:people x:people 3.0:people -:people -:people =:people
EXPR: 0 | POS | INT | 2 | 3 | 7 | 2=((x-1)/3.0) | 2 x 1 - 3.0 / = | 2:people x:people 1:people -:people 3.0:people /:people =:people
EXPR: 1 | POS | INT | 2 | 3 | 3 | (x/(2-1))=3.0 | x 2 1 - / 3.0 = | x:people 2:people 1:people -:people /:people 3.0:people =:people
EXPR: 0 | POS | INT | 2 | 3 | 4 | 2=(1+(x-3.0)) | 2 1 x 3.0 - + = | 2:people 1:people x:people 3.0:people -:people +:people =:people
EXPR: 0 | POS | INT | 2 | 3 | 5 | (x-(2*1))=3.0 | x 2 1 * - 3.0 = | x:people 2:people 1:people *:people -:people 3.0:people =:people
EXPR: 0 | POS | INT | 2 | 3 |  | x=(2-(3.0-1)) | x 2 3.0 1 - - = | x:people 2:people 3.0:people 1:people -:people -:people =:people
EXPR: 0 | POS | INT | 2 | 3 | 2 | ((1-2)+3.0)=x | 1 2 - 3.0 + x = | 1:people 2:people -:people 3.0:people +:people x:people =:people
EXPR: 0 | POS | INT | 2 | 3 | 0 | 2=((x-1)+3.0) | 2 x 1 - 3.0 + = | 2:people x:people 1:people -:people 3.0:people +:people =:people
EXPR: 0 | POS | INT | 2 | 3 | 4 | ((x-2)+1)=3.0 | x 2 - 1 + 3.0 = | x:people 2:people -:people 1:people +:people 3.0:people =:people
EXPR: 0 | POS | INT | 2 | 3 | 2 | ((x*2)-1)=3.0 | x 2 * 1 - 3.0 = | x:people 2:people *:people 1:people -:people 3.0:people =:people
EXPR: 0 | POS | INT | 2 | 3 | 8 | ((x/2)-1)=3.0 | x 2 / 1 - 3.0 = | x:people 2:people /:people 1:people -:people 3.0:people =:people
EXPR: 0 | POS | INT | 2 | 3 | 5 | 2=((x*1)-3.0) | 2 x 1 * 3.0 - = | 2:people x:people 1:people *:people 3.0:people -:people =:people
EXPR: 0 | POS | INT | 2 | 3 | 2 | (2-(1-x))=3.0 | 2 1 x - - 3.0 = | 2:people 1:people x:people -:people -:people 3.0:people =:people
EXPR: 0 | POS | INT | 2 | 3 | 2 | ((2*x)-1)=3.0 | 2 x * 1 - 3.0 = | 2:people x:people *:people 1:people -:people 3.0:people =:people
EXPR: 0 | POS | INT | 2 | 3 |  | (2-(x-1))=3.0 | 2 x 1 - - 3.0 = | 2:people x:people 1:people -:people -:people 3.0:people =:people
EXPR: 0 | POS | INT | 2 | 3 |  | (2+(x+1))=3.0 | 2 x 1 + + 3.0 = | 2:people x:people 1:people +:people +:people 3.0:people =:people
EXPR: 0 | POS | INT | 2 | 3 | 1 | 2=(1*(3.0-x)) | 2 1 3.0 x - * = | 2:people 1:people 3.0:people x:people -:people *:people =:people
EXPR: 0 | POS | INT | 2 | 3 | 1 | ((2+x)*1)=3.0 | 2 x + 1 * 3.0 = | 2:people x:people +:people 1:people *:people 3.0:people =:people
EXPR: 0 | POS | INT | 2 | 3 | 0 | 2=(x-(1-3.0)) | 2 x 1 3.0 - - = | 2:people x:people 1:people 3.0:people -:people -:people =:people
EXPR: 0 | POS | INT | 2 | 3 |  | (x+(2+1))=3.0 | x 2 1 + + 3.0 = | x:people 2:people 1:people +:people +:people 3.0:people =:people
EXPR: 0 | POS | INT | 2 | 3 | 2 | 2=((1+3.0)-x) | 2 1 3.0 + x - = | 2:people 1:people 3.0:people +:people x:people -:people =:people
EXPR: 0 | POS | INT | 2 | 3 |  | (2+(1+x))=3.0 | 2 1 x + + 3.0 = | 2:people 1:people x:people +:people +:people 3.0:people =:people
EXPR: 0 | POS | INT | 2 | 3 | 2 | 2=(1+(3.0-x)) | 2 1 3.0 x - + = | 2:people 1:people 3.0:people x:people -:people +:people =:people
EXPR: 0 | POS | INT | 2 | 3 | 6 | ((x-2)-1)=3.0 | x 2 - 1 - 3.0 = | x:people 2:people -:people 1:people -:people 3.0:people =:people
EXPR: 0 | POS | INT | 2 | 3 |  | ((2-x)+1)=3.0 | 2 x - 1 + 3.0 = | 2:people x:people -:people 1:people +:people 3.0:people =:people
EXPR: 0 | POS | INT | 2 | 3 | 4 | 2=(1-(3.0-x)) | 2 1 3.0 x - - = | 2:people 1:people 3.0:people x:people -:people -:people =:people
EXPR: 0 | POS | INT | 2 | 3 | 9 | (x/(2+1))=3.0 | x 2 1 + / 3.0 = | x:people 2:people 1:people +:people /:people 3.0:people =:people
EXPR: 0 | POS | INT | 2 | 3 | 1 | (2+(x*1))=3.0 | 2 x 1 * + 3.0 = | 2:people x:people 1:people *:people +:people 3.0:people =:people
EXPR: 0 | POS | INT | 2 | 3 | 7 | x=(1+(2*3.0)) | x 1 2 3.0 * + = | x:people 1:people 2:people 3.0:people *:people +:people =:people
EXPR: 0 | POS | INT | 2 | 3 | 5 | 2=(1*(x-3.0)) | 2 1 x 3.0 - * = | 2:people 1:people x:people 3.0:people -:people *:people =:people
EXPR: 0 | POS | INT | 4 | 3 | 6 | (x-(2+3.0))=1 | x 2 3.0 + - 1 = | x:people 2:people 3.0:people +:people -:people 1:people =:people
EXPR: 0 | POS | INT | 4 | 3 | 5 | ((2+3.0)/x)=1 | 2 3.0 + x / 1 = | 2:people 3.0:people +:people x:people /:people 1:people =:people
EXPR: 0 | POS | INT | 4 | 3 | 1 | ((2+x)/3.0)=1 | 2 x + 3.0 / 1 = | 2:people x:people +:people 3.0:people /:people 1:people =:people
EXPR: 0 | POS | INT | 4 | 3 | 1 | 2=(3.0-(1/x)) | 2 3.0 1 x / - = | 2:people 3.0:people 1:people x:people /:people -:people =:people
EXPR: 1 | POS | INT | 4 | 3 | 3 | 1=(2-(3.0/x)) | 1 2 3.0 x / - = | 1:people 2:people 3.0:people x:people /:people -:people =:people
EXPR: 0 | POS | INT | 4 | 3 |  | (x-(2-3.0))=1 | x 2 3.0 - - 1 = | x:people 2:people 3.0:people -:people -:people 1:people =:people
EXPR: 0 | POS | INT | 4 | 3 |  | (1+(2-x))=3.0 | 1 2 x - + 3.0 = | 1:people 2:people x:people -:people +:people 3.0:people =:people
EXPR: 0 | POS | INT | 4 | 3 | 1 | 1=((2+x)/3.0) | 1 2 x + 3.0 / = | 1:people 2:people x:people +:people 3.0:people /:people =:people
EXPR: 0 | POS | INT | 4 | 3 |  | ((x+1)+2)=3.0 | x 1 + 2 + 3.0 = | x:people 1:people +:people 2:people +:people 3.0:people =:people
EXPR: 0 | POS | INT | 4 | 3 | 2 | ((2+x)-3.0)=1 | 2 x + 3.0 - 1 = | 2:people x:people +:people 3.0:people -:people 1:people =:people
EXPR: 0 | POS | INT | 4 | 3 | 1 | (1+(2*x))=3.0 | 1 2 x * + 3.0 = | 1:people 2:people x:people *:people +:people 3.0:people =:people
EXPR: 0 | POS | INT | 4 | 3 | 2 | (x-(1-2))=3.0 | x 1 2 - - 3.0 = | x:people 1:people 2:people -:people -:people 3.0:people =:people
EXPR: 0 | POS | INT | 4 | 3 | 4 | (2+(3.0-x))=1 | 2 3.0 x - + 1 = | 2:people 3.0:people x:people -:people +:people 1:people =:people
EXPR: 0 | POS | INT | 4 | 3 | 4 | 2=(x-(3.0-1)) | 2 x 3.0 1 - - = | 2:people x:people 3.0:people 1:people -:people -:people =:people
EXPR: 0 | POS | INT | 4 | 3 | 4 | ((2-x)+3.0)=1 | 2 x - 3.0 + 1 = | 2:people x:people -:people 3.0:people +:people 1:people =:people
EXPR: 0 | POS | INT | 4 | 3 | 5 | 1=(2/(x-3.0)) | 1 2 x 3.0 - / = | 1:people 2:people x:people 3.0:people -:people /:people =:people
EXPR: 0 | POS | INT | 4 | 3 | 2 | 1=(x+(2-3.0)) | 1 x 2 3.0 - + = | 1:people x:people 2:people 3.0:people -:people +:people =:people
EXPR: 0 | POS | INT | 4 | 3 | 0 | 2=(x+(3.0-1)) | 2 x 3.0 1 - + = | 2:people x:people 3.0:people 1:people -:people +:people =:people
EXPR: 0 | POS | INT | 4 | 3 | 5 | 1=((2+3.0)/x) | 1 2 3.0 + x / = | 1:people 2:people 3.0:people +:people x:people /:people =:people
EXPR: 0 | POS | INT | 4 | 3 | 4 | 1=((2+3.0)-x) | 1 2 3.0 + x - = | 1:people 2:people 3.0:people +:people x:people -:people =:people
EXPR: 0 | POS | INT | 4 | 3 | 1 | 1=((x+2)/3.0) | 1 x 2 + 3.0 / = | 1:people x:people 2:people +:people 3.0:people /:people =:people
EXPR: 0 | POS | INT | 4 | 3 | 4 | ((2+3.0)-x)=1 | 2 3.0 + x - 1 = | 2:people 3.0:people +:people x:people -:people 1:people =:people
EXPR: 0 | POS | INT | 4 | 3 | 1 | 2=((3.0-1)*x) | 2 3.0 1 - x * = | 2:people 3.0:people 1:people -:people x:people *:people =:people
EXPR: 0 | POS | INT | 4 | 3 | 1 | 2=((3.0-1)/x) | 2 3.0 1 - x / = | 2:people 3.0:people 1:people -:people x:people /:people =:people
EXPR: 0 | POS | INT | 4 | 3 | 2 | ((2-3.0)+x)=1 | 2 3.0 - x + 1 = | 2:people 3.0:people -:people x:people +:people 1:people =:people
EXPR: 0 | POS | INT | 4 | 3 | 4 | (x+(1-2))=3.0 | x 1 2 - + 3.0 = | x:people 1:people 2:people -:people +:people 3.0:people =:people
EXPR: 0 | POS | INT | 4 | 3 | 1 | ((1*x)+2)=3.0 | 1 x * 2 + 3.0 = | 1:people x:people *:people 2:people +:people 3.0:people =:people
EXPR: 0 | POS | INT | 4 | 3 | 5 | ((1*x)-2)=3.0 | 1 x * 2 - 3.0 = | 1:people x:people *:people 2:people -:people 3.0:people =:people
EXPR: 0 | POS | INT | 4 | 3 | 2 | 1=((2*x)-3.0) | 1 2 x * 3.0 - = | 1:people 2:people x:people *:people 3.0:people -:people =:people
EXPR: 0 | POS | INT | 4 | 3 |  | ((1-x)+2)=3.0 | 1 x - 2 + 3.0 = | 1:people x:people -:people 2:people +:people 3.0:people =:people
EXPR: 1 | POS | INT | 4 | 3 | 3 | 2=((x/3.0)+1) | 2 x 3.0 / 1 + = | 2:people x:people 3.0:people /:people 1:people +:people =:people
EXPR: 0 | POS | INT | 4 | 3 |  | ((1+x)+2)=3.0 | 1 x + 2 + 3.0 = | 1:people x:people +:people 2:people +:people 3.0:people =:people
EXPR: 0 | POS | INT | 4 | 3 | 9 | 2=((x/3.0)-1) | 2 x 3.0 / 1 - = | 2:people x:people 3.0:people /:people 1:people -:people =:people
EXPR: 0 | POS | INT | 4 | 3 | 2 | ((x+2)-3.0)=1 | x 2 + 3.0 - 1 = | x:people 2:people +:people 3.0:people -:people 1:people =:people
EXPR: 0 | POS | INT | 4 | 3 | 1 | ((x+2)/3.0)=1 | x 2 + 3.0 / 1 = | x:people 2:people +:people 3.0:people /:people 1:people =:people
EXPR: 0 | POS | INT | 4 | 3 | 6 | 1=((x-2)-3.0) | 1 x 2 - 3.0 - = | 1:people x:people 2:people -:people 3.0:people -:people =:people
EXPR: 0 | POS | INT | 4 | 3 | 6 | 2=((x-3.0)-1) | 2 x 3.0 - 1 - = | 2:people x:people 3.0:people -:people 1:people -:people =:people
EXPR: 0 | POS | INT | 4 | 3 | 4 | ((1+x)-2)=3.0 | 1 x + 2 - 3.0 = | 1:people x:people +:people 2:people -:people 3.0:people =:people
EXPR: 0 | POS | INT | 4 | 3 | 1 | (1+(2/x))=3.0 | 1 2 x / + 3.0 = | 1:people 2:people x:people /:people +:people 3.0:people =:people
EXPR: 0 | POS | INT | 4 | 3 | 0 | 2=((3.0-1)+x) | 2 3.0 1 - x + = | 2:people 3.0:people 1:people -:people x:people +:people =:people
EXPR: 0 | POS | INT | 4 | 3 | 4 | ((x+1)-2)=3.0 | x 1 + 2 - 3.0 = | x:people 1:people +:people 2:people -:people 3.0:people =:people
EXPR: 0 | POS | INT | 4 | 3 | 1 | 2=(x*(3.0-1)) | 2 x 3.0 1 - * = | 2:people x:people 3.0:people 1:people -:people *:people =:people
EXPR: 0 | POS | INT | 4 | 3 | 4 | 2=(x/(3.0-1)) | 2 x 3.0 1 - / = | 2:people x:people 3.0:people 1:people -:people /:people =:people
EXPR: 0 | POS | INT | 4 | 3 | 2 | 1=((x+2)-3.0) | 1 x 2 + 3.0 - = | 1:people x:people 2:people +:people 3.0:people -:people =:people
EXPR: 0 | POS | INT | 4 | 3 | 5 | ((x+1)/2)=3.0 | x 1 + 2 / 3.0 = | x:people 1:people +:people 2:people /:people 3.0:people =:people
EXPR: 0 | POS | INT | 4 | 3 | 5 | 1=(x/(2+3.0)) | 1 x 2 3.0 + / = | 1:people x:people 2:people 3.0:people +:people /:people =:people
EXPR: 0 | POS | INT | 4 | 3 | 6 | 1=(x-(2+3.0)) | 1 x 2 3.0 + - = | 1:people x:people 2:people 3.0:people +:people -:people =:people
EXPR: 0 | POS | INT | 4 | 3 | 2 | 2=((3.0-x)+1) | 2 3.0 x - 1 + = | 2:people 3.0:people x:people -:people 1:people +:people =:people
EXPR: 0 | POS | INT | 4 | 3 | 0 | 2=((3.0+x)-1) | 2 3.0 x + 1 - = | 2:people 3.0:people x:people +:people 1:people -:people =:people
EXPR: 0 | POS | INT | 4 | 3 | 2 | 1=(2+(x-3.0)) | 1 2 x 3.0 - + = | 1:people 2:people x:people 3.0:people -:people +:people =:people
EXPR: 0 | POS | INT | 4 | 3 | 2 | 1=((2-3.0)+x) | 1 2 3.0 - x + = | 1:people 2:people 3.0:people -:people x:people +:people =:people
EXPR: 0 | POS | INT | 4 | 3 | 4 | (1+(x-2))=3.0 | 1 x 2 - + 3.0 = | 1:people x:people 2:people -:people +:people 3.0:people =:people
EXPR: 0 | POS | INT | 4 | 3 | 0 | 2=((3.0-1)-x) | 2 3.0 1 - x - = | 2:people 3.0:people 1:people -:people x:people -:people =:people
EXPR: 0 | POS | INT | 4 | 3 | 7 | ((x-1)/2)=3.0 | x 1 - 2 / 3.0 = | x:people 1:people -:people 2:people /:people 3.0:people =:people
EXPR: 0 | POS | INT | 4 | 3 | 5 | 2=((x-3.0)*1) | 2 x 3.0 - 1 * = | 2:people x:people 3.0:people -:people 1:people *:people =:people
EXPR: 0 | POS | INT | 4 | 3 | 2 | (2+(x-3.0))=1 | 2 x 3.0 - + 1 = | 2:people x:people 3.0:people -:people +:people 1:people =:people
EXPR: 0 | POS | INT | 4 | 3 | 5 | ((x-2)/3.0)=1 | x 2 - 3.0 / 1 = | x:people 2:people -:people 3.0:people /:people 1:people =:people
EXPR: 0 | POS | INT | 4 | 3 | 5 | 1=((x-2)/3.0) | 1 x 2 - 3.0 / = | 1:people x:people 2:people -:people 3.0:people /:people =:people
EXPR: 0 | POS | INT | 4 | 3 | 7 | (x-(2*3.0))=1 | x 2 3.0 * - 1 = | x:people 2:people 3.0:people *:people -:people 1:people =:people
EXPR: 0 | POS | INT | 4 | 3 | 5 | ((2*3.0)-x)=1 | 2 3.0 * x - 1 = | 2:people 3.0:people *:people x:people -:people 1:people =:people
EXPR: 0 | POS | INT | 4 | 3 | 1 | ((x*1)+2)=3.0 | x 1 * 2 + 3.0 = | x:people 1:people *:people 2:people +:people 3.0:people =:people
EXPR: 0 | POS | INT | 4 | 3 | 4 | 1=(2-(x-3.0)) | 1 2 x 3.0 - - = | 1:people 2:people x:people 3.0:people -:people -:people =:people
EXPR: 0 | POS | INT | 4 | 3 | 5 | (2/(x-3.0))=1 | 2 x 3.0 - / 1 = | 2:people x:people 3.0:people -:people /:people 1:people =:people
EXPR: 0 | POS | INT | 4 | 3 | 6 | ((x-2)-3.0)=1 | x 2 - 3.0 - 1 = | x:people 2:people -:people 3.0:people -:people 1:people =:people
EXPR: 0 | POS | INT | 4 | 3 | 5 | ((1+x)/2)=3.0 | 1 x + 2 / 3.0 = | 1:people x:people +:people 2:people /:people 3.0:people =:people
EXPR: 0 | POS | INT | 4 | 3 | 1 | ((1/x)+2)=3.0 | 1 x / 2 + 3.0 = | 1:people x:people /:people 2:people +:people 3.0:people =:people
EXPR: 1 | POS | INT | 4 | 3 | 3 | 2=((3.0/x)+1) | 2 3.0 x / 1 + = | 2:people 3.0:people x:people /:people 1:people +:people =:people
EXPR: 0 | POS | INT | 4 | 3 | 1 | 2=((3.0-x)*1) | 2 3.0 x - 1 * = | 2:people 3.0:people x:people -:people 1:people *:people =:people
EXPR: 0 | POS | INT | 4 | 3 | 0 | 1=((x-2)+3.0) | 1 x 2 - 3.0 + = | 1:people x:people 2:people -:people 3.0:people +:people =:people
EXPR: 0 | POS | INT | 4 | 3 | 5 | ((x*1)-2)=3.0 | x 1 * 2 - 3.0 = | x:people 1:people *:people 2:people -:people 3.0:people =:people
EXPR: 0 | POS | INT | 4 | 3 | 0 | 1=(x-(2-3.0)) | 1 x 2 3.0 - - = | 1:people x:people 2:people 3.0:people -:people -:people =:people
EXPR: 1 | POS | INT | 4 | 3 | 3 | 1=(2-(x/3.0)) | 1 2 x 3.0 / - = | 1:people 2:people x:people 3.0:people /:people -:people =:people
EXPR: 0 | POS | INT | 4 | 3 | 2 | 1=((x*2)-3.0) | 1 x 2 * 3.0 - = | 1:people x:people 2:people *:people 3.0:people -:people =:people
EXPR: 0 | POS | INT | 4 | 3 | 1 | 2=(3.0-(x*1)) | 2 3.0 x 1 * - = | 2:people 3.0:people x:people 1:people *:people -:people =:people
EXPR: 0 | POS | INT | 4 | 3 | 2 | (2-(3.0-x))=1 | 2 3.0 x - - 1 = | 2:people 3.0:people x:people -:people -:people 1:people =:people
EXPR: 0 | POS | INT | 4 | 3 | 4 | 2=((x-3.0)+1) | 2 x 3.0 - 1 + = | 2:people x:people 3.0:people -:people 1:people +:people =:people
EXPR: 1 | POS | INT | 4 | 3 | 3 | (2-(x/3.0))=1 | 2 x 3.0 / - 1 = | 2:people x:people 3.0:people /:people -:people 1:people =:people
EXPR: 0 | POS | INT | 4 | 3 |  | (1+(2+x))=3.0 | 1 2 x + + 3.0 = | 1:people 2:people x:people +:people +:people 3.0:people =:people
EXPR: 0 | POS | INT | 4 | 3 | 0 | 2=((3.0-x)-1) | 2 3.0 x - 1 - = | 2:people 3.0:people x:people -:people 1:people -:people =:people
EXPR: 0 | POS | INT | 4 | 3 | 2 | 1=((2+x)-3.0) | 1 2 x + 3.0 - = | 1:people 2:people x:people +:people 3.0:people -:people =:people
EXPR: 0 | POS | INT | 4 | 3 | 0 | 2=(3.0-(x+1)) | 2 3.0 x 1 + - = | 2:people 3.0:people x:people 1:people +:people -:people =:people
EXPR: 0 | POS | INT | 4 | 3 | 2 | 2=(3.0-(x-1)) | 2 3.0 x 1 - - = | 2:people 3.0:people x:people 1:people -:people -:people =:people
EXPR: 0 | POS | INT | 4 | 3 | 8 | 1=((x/2)-3.0) | 1 x 2 / 3.0 - = | 1:people x:people 2:people /:people 3.0:people -:people =:people
EXPR: 0 | POS | INT | 4 | 3 | 2 | (x+(2-3.0))=1 | x 2 3.0 - + 1 = | x:people 2:people 3.0:people -:people +:people 1:people =:people
EXPR: 0 | POS | INT | 4 | 3 | 4 | 1=((2-x)+3.0) | 1 2 x - 3.0 + = | 1:people 2:people x:people -:people 3.0:people +:people =:people
EXPR: 0 | POS | INT | 4 | 3 | 4 | (1+(x/2))=3.0 | 1 x 2 / + 3.0 = | 1:people x:people 2:people /:people +:people 3.0:people =:people
EXPR: 0 | POS | INT | 4 | 3 | 5 | (1*(x-2))=3.0 | 1 x 2 - * 3.0 = | 1:people x:people 2:people -:people *:people 3.0:people =:people
EXPR: 1 | POS | INT | 4 | 3 | 3 | (2-(3.0/x))=1 | 2 3.0 x / - 1 = | 2:people 3.0:people x:people /:people -:people 1:people =:people
EXPR: 0 | POS | INT | 4 | 3 |  | (1-(x-2))=3.0 | 1 x 2 - - 3.0 = | 1:people x:people 2:people -:people -:people 3.0:people =:people
EXPR: 0 | POS | INT | 4 | 3 |  | (1+(x+2))=3.0 | 1 x 2 + + 3.0 = | 1:people x:people 2:people +:people +:people 3.0:people =:people
EXPR: 0 | POS | INT | 4 | 3 | 2 | ((x-1)+2)=3.0 | x 1 - 2 + 3.0 = | x:people 1:people -:people 2:people +:people 3.0:people =:people
EXPR: 0 | POS | INT | 4 | 3 | 1 | 1=(2/(3.0-x)) | 1 2 3.0 x - / = | 1:people 2:people 3.0:people x:people -:people /:people =:people
EXPR: 0 | POS | INT | 4 | 3 | 2 | ((2*x)-3.0)=1 | 2 x * 3.0 - 1 = | 2:people x:people *:people 3.0:people -:people 1:people =:people
EXPR: 0 | POS | INT | 4 | 3 | 4 | 1=(2+(3.0-x)) | 1 2 3.0 x - + = | 1:people 2:people 3.0:people x:people -:people +:people =:people
EXPR: 0 | POS | INT | 4 | 3 | 4 | ((1-2)+x)=3.0 | 1 2 - x + 3.0 = | 1:people 2:people -:people x:people +:people 3.0:people =:people
EXPR: 0 | POS | INT | 4 | 3 | 0 | 2=((x+3.0)-1) | 2 x 3.0 + 1 - = | 2:people x:people 3.0:people +:people 1:people -:people =:people
EXPR: 0 | POS | INT | 4 | 3 | 2 | 1=(2-(3.0-x)) | 1 2 3.0 x - - = | 1:people 2:people 3.0:people x:people -:people -:people =:people
EXPR: 0 | POS | INT | 4 | 3 | 0 | 2=(3.0+(x-1)) | 2 3.0 x 1 - + = | 2:people 3.0:people x:people 1:people -:people +:people =:people
EXPR: 0 | POS | INT | 4 | 3 | 4 | (1-(2-x))=3.0 | 1 2 x - - 3.0 = | 1:people 2:people x:people -:people -:people 3.0:people =:people
EXPR: 0 | POS | INT | 4 | 3 | 5 | 1=((2*3.0)-x) | 1 2 3.0 * x - = | 1:people 2:people 3.0:people *:people x:people -:people =:people
EXPR: 0 | POS | INT | 4 | 3 | 1 | (1*(2+x))=3.0 | 1 2 x + * 3.0 = | 1:people 2:people x:people +:people *:people 3.0:people =:people
EXPR: 0 | POS | INT | 4 | 3 | 0 | 2=(3.0-(1+x)) | 2 3.0 1 x + - = | 2:people 3.0:people 1:people x:people +:people -:people =:people
EXPR: 0 | POS | INT | 4 | 3 | 1 | 2=((3.0/x)-1) | 2 3.0 x / 1 - = | 2:people 3.0:people x:people /:people 1:people -:people =:people
EXPR: 0 | POS | INT | 4 | 3 | 2 | ((x*2)-3.0)=1 | x 2 * 3.0 - 1 = | x:people 2:people *:people 3.0:people -:people 1:people =:people
EXPR: 0 | POS | INT | 4 | 3 | 0 | 2=(3.0-(1-x)) | 2 3.0 1 x - - = | 2:people 3.0:people 1:people x:people -:people -:people =:people
EXPR: 0 | POS | INT | 4 | 3 | 1 | 2=((x*3.0)-1) | 2 x 3.0 * 1 - = | 2:people x:people 3.0:people *:people 1:people -:people =:people
EXPR: 0 | POS | INT | 4 | 3 | 8 | ((x/2)-3.0)=1 | x 2 / 3.0 - 1 = | x:people 2:people /:people 3.0:people -:people 1:people =:people
EXPR: 0 | POS | INT | 4 | 3 |  | ((x-2)+3.0)=1 | x 2 - 3.0 + 1 = | x:people 2:people -:people 3.0:people +:people 1:people =:people
EXPR: 0 | POS | INT | 4 | 3 | 1 | 2=(3.0-(1*x)) | 2 3.0 1 x * - = | 2:people 3.0:people 1:people x:people *:people -:people =:people
EXPR: 0 | POS | INT | 4 | 3 | 2 | 2=(3.0+(1-x)) | 2 3.0 1 x - + = | 2:people 3.0:people 1:people x:people -:people +:people =:people
EXPR: 0 | POS | INT | 4 | 3 | 7 | 1=(x-(2*3.0)) | 1 x 2 3.0 * - = | 1:people x:people 2:people 3.0:people *:people -:people =:people
EXPR: 0 | POS | INT | 4 | 3 | 5 | (x/(2+3.0))=1 | x 2 3.0 + / 1 = | x:people 2:people 3.0:people +:people /:people 1:people =:people
EXPR: 0 | POS | INT | 4 | 3 | 6 | ((x-1)-2)=3.0 | x 1 - 2 - 3.0 = | x:people 1:people -:people 2:people -:people 3.0:people =:people
EXPR: 0 | POS | INT | 4 | 3 | 1 | (2/(3.0-x))=1 | 2 3.0 x - / 1 = | 2:people 3.0:people x:people -:people /:people 1:people =:people
EXPR: 0 | POS | INT | 4 | 3 | 4 | (2-(x-3.0))=1 | 2 x 3.0 - - 1 = | 2:people x:people 3.0:people -:people -:people 1:people =:people
EXPR: 0 | POS | INT | 4 | 3 | 1 | (1+(x*2))=3.0 | 1 x 2 * + 3.0 = | 1:people x:people 2:people *:people +:people 3.0:people =:people
EXPR: 0 | POS | INT | 4 | 3 | 1 | (1*(x+2))=3.0 | 1 x 2 + * 3.0 = | 1:people x:people 2:people +:people *:people 3.0:people =:people
EXPR: 0 | POS | INT | 4 | 3 | 1 | 2=((3.0*x)-1) | 2 3.0 x * 1 - = | 2:people 3.0:people x:people *:people 1:people -:people =:people
EXPR: 0 | POS | INT | 5 | 3 | 0 | (1-(3.0-2))=x | 1 3.0 2 - - x = | 1:people 3.0:people 2:people -:people -:people x:people =:people
EXPR: 0 | POS | INT | 5 | 3 | 1 | (1*(3.0-2))=x | 1 3.0 2 - * x = | 1:people 3.0:people 2:people -:people *:people x:people =:people
EXPR: 0 | POS | INT | 5 | 3 | 1 | ((3.0-2)*1)=x | 3.0 2 - 1 * x = | 3.0:people 2:people -:people 1:people *:people x:people =:people
EXPR: 0 | POS | INT | 5 | 3 | 1 | (1/(3.0-2))=x | 1 3.0 2 - / x = | 1:people 3.0:people 2:people -:people /:people x:people =:people
EXPR: 0 | POS | INT | 5 | 3 | 2 | (1+(3.0-2))=x | 1 3.0 2 - + x = | 1:people 3.0:people 2:people -:people +:people x:people =:people
EXPR: 0 | POS | INT | 5 | 3 | 5 | x=((1*3.0)+2) | x 1 3.0 * 2 + = | x:people 1:people 3.0:people *:people 2:people +:people =:people
EXPR: 0 | POS | INT | 5 | 3 | 0 | ((3.0-2)-1)=x | 3.0 2 - 1 - x = | 3.0:people 2:people -:people 1:people -:people x:people =:people
EXPR: 0 | POS | INT | 5 | 3 | 6 | ((1+3.0)+2)=x | 1 3.0 + 2 + x = | 1:people 3.0:people +:people 2:people +:people x:people =:people
EXPR: 0 | POS | INT | 5 | 3 | 2 | x=((1+3.0)/2) | x 1 3.0 + 2 / = | x:people 1:people 3.0:people +:people 2:people /:people =:people
EXPR: 0 | POS | INT | 5 | 3 | 1 | (3.0/(2+1))=x | 3.0 2 1 + / x = | 3.0:people 2:people 1:people +:people /:people x:people =:people
EXPR: 0 | POS | INT | 5 | 3 | 2 | x=((1+3.0)-2) | x 1 3.0 + 2 - = | x:people 1:people 3.0:people +:people 2:people -:people =:people
EXPR: 0 | POS | INT | 5 | 3 | 5 | ((1*3.0)+2)=x | 1 3.0 * 2 + x = | 1:people 3.0:people *:people 2:people +:people x:people =:people
EXPR: 0 | POS | INT | 5 | 3 | 1 | ((1*3.0)-2)=x | 1 3.0 * 2 - x = | 1:people 3.0:people *:people 2:people -:people x:people =:people
EXPR: 0 | POS | INT | 5 | 3 | 0 | ((1-3.0)+2)=x | 1 3.0 - 2 + x = | 1:people 3.0:people -:people 2:people +:people x:people =:people
EXPR: 1 | POS | INT | 5 | 3 | 3 | (3.0*(2-1))=x | 3.0 2 1 - * x = | 3.0:people 2:people 1:people -:people *:people x:people =:people
EXPR: 0 | POS | INT | 5 | 3 | 8 | ((1+3.0)*2)=x | 1 3.0 + 2 * x = | 1:people 3.0:people +:people 2:people *:people x:people =:people
EXPR: 0 | POS | INT | 5 | 3 |  | x=((3.0-2)-1) | x 3.0 2 - 1 - = | x:people 3.0:people 2:people -:people 1:people -:people =:people
EXPR: 0 | POS | INT | 5 | 3 | 6 | x=((1*3.0)*2) | x 1 3.0 * 2 * = | x:people 1:people 3.0:people *:people 2:people *:people =:people
EXPR: 0 | POS | INT | 5 | 3 | 6 | x=((1+3.0)+2) | x 1 3.0 + 2 + = | x:people 1:people 3.0:people +:people 2:people +:people =:people
EXPR: 0 | POS | INT | 5 | 3 | 4 | (3.0+(2-1))=x | 3.0 2 1 - + x = | 3.0:people 2:people 1:people -:people +:people x:people =:people
EXPR: 0 | POS | INT | 5 | 3 | 1 | x=(1*(3.0-2)) | x 1 3.0 2 - * = | x:people 1:people 3.0:people 2:people -:people *:people =:people
EXPR: 0 | POS | INT | 5 | 3 | 1 | x=(1/(3.0-2)) | x 1 3.0 2 - / = | x:people 1:people 3.0:people 2:people -:people /:people =:people
EXPR: 0 | POS | INT | 5 | 3 | 2 | ((1+3.0)-2)=x | 1 3.0 + 2 - x = | 1:people 3.0:people +:people 2:people -:people x:people =:people
EXPR: 0 | POS | INT | 5 | 3 | 6 | (3.0+(2+1))=x | 3.0 2 1 + + x = | 3.0:people 2:people 1:people +:people +:people x:people =:people
EXPR: 0 | POS | INT | 5 | 3 | 8 | x=((1+3.0)*2) | x 1 3.0 + 2 * = | x:people 1:people 3.0:people +:people 2:people *:people =:people
EXPR: 0 | POS | INT | 5 | 3 | 2 | ((1+3.0)/2)=x | 1 3.0 + 2 / x = | 1:people 3.0:people +:people 2:people /:people x:people =:people
EXPR: 0 | POS | INT | 5 | 3 | 0 | (3.0-(2+1))=x | 3.0 2 1 + - x = | 3.0:people 2:people 1:people +:people -:people x:people =:people
EXPR: 0 | POS | INT | 5 | 3 | 5 | (3.0+(2*1))=x | 3.0 2 1 * + x = | 3.0:people 2:people 1:people *:people +:people x:people =:people
EXPR: 1 | POS | INT | 5 | 3 | 3 | x=(3.0*(2-1)) | x 3.0 2 1 - * = | x:people 3.0:people 2:people 1:people -:people *:people =:people
EXPR: 1 | POS | INT | 5 | 3 | 3 | x=(3.0/(2-1)) | x 3.0 2 1 - / = | x:people 3.0:people 2:people 1:people -:people /:people =:people
EXPR: 0 | POS | INT | 5 | 3 | 2 | (3.0-(2-1))=x | 3.0 2 1 - - x = | 3.0:people 2:people 1:people -:people -:people x:people =:people
EXPR: 0 | POS | INT | 5 | 3 | 2 | x=(1+(3.0-2)) | x 1 3.0 2 - + = | x:people 1:people 3.0:people 2:people -:people +:people =:people
EXPR: 0 | POS | INT | 5 | 3 | 4 | x=(3.0+(2-1)) | x 3.0 2 1 - + = | x:people 3.0:people 2:people 1:people -:people +:people =:people
EXPR: 0 | POS | INT | 5 | 3 |  | x=(3.0-(2+1)) | x 3.0 2 1 + - = | x:people 3.0:people 2:people 1:people +:people -:people =:people
EXPR: 0 | POS | INT | 5 | 3 | 6 | x=(3.0+(2+1)) | x 3.0 2 1 + + = | x:people 3.0:people 2:people 1:people +:people +:people =:people
EXPR: 0 | POS | INT | 5 | 3 | 1 | x=((3.0-2)*1) | x 3.0 2 - 1 * = | x:people 3.0:people 2:people -:people 1:people *:people =:people
EXPR: 0 | POS | INT | 5 | 3 | 9 | (3.0*(2+1))=x | 3.0 2 1 + * x = | 3.0:people 2:people 1:people +:people *:people x:people =:people
EXPR: 0 | POS | INT | 5 | 3 | 1 | x=(3.0/(2+1)) | x 3.0 2 1 + / = | x:people 3.0:people 2:people 1:people +:people /:people =:people
EXPR: 0 | POS | INT | 5 | 3 | 2 | x=(3.0-(2-1)) | x 3.0 2 1 - - = | x:people 3.0:people 2:people 1:people -:people -:people =:people
EXPR: 0 | POS | INT | 5 | 3 | 2 | ((3.0-2)+1)=x | 3.0 2 - 1 + x = | 3.0:people 2:people -:people 1:people +:people x:people =:people
EXPR: 0 | POS | INT | 5 | 3 | 1 | (3.0-(2*1))=x | 3.0 2 1 * - x = | 3.0:people 2:people 1:people *:people -:people x:people =:people
EXPR: 0 | POS | INT | 5 | 3 | 2 | x=((3.0-2)+1) | x 3.0 2 - 1 + = | x:people 3.0:people 2:people -:people 1:people +:people =:people
EXPR: 0 | POS | INT | 5 | 3 |  | x=((1-3.0)+2) | x 1 3.0 - 2 + = | x:people 1:people 3.0:people -:people 2:people +:people =:people
EXPR: 0 | POS | INT | 5 | 3 |  | x=(1-(3.0-2)) | x 1 3.0 2 - - = | x:people 1:people 3.0:people 2:people -:people -:people =:people
EXPR: 0 | POS | INT | 5 | 3 | 9 | x=(3.0*(2+1)) | x 3.0 2 1 + * = | x:people 3.0:people 2:people 1:people +:people *:people =:people
EXPR: 0 | POS | INT | 5 | 3 | 1 | x=((1*3.0)-2) | x 1 3.0 * 2 - = | x:people 1:people 3.0:people *:people 2:people -:people =:people
EXPR: 0 | POS | INT | 5 | 3 | 6 | ((1*3.0)*2)=x | 1 3.0 * 2 * x = | 1:people 3.0:people *:people 2:people *:people x:people =:people
EXPR: 1 | POS | INT | 5 | 3 | 3 | (3.0/(2-1))=x | 3.0 2 1 - / x = | 3.0:people 2:people 1:people -:people /:people x:people =:people
EXPR: 0 | POS | INT | 5 | 3 | 1 | x=(3.0-(2*1)) | x 3.0 2 1 * - = | x:people 3.0:people 2:people 1:people *:people -:people =:people
EXPR: 0 | POS | INT | 5 | 3 | 5 | x=(3.0+(2*1)) | x 3.0 2 1 * + = | x:people 3.0:people 2:people 1:people *:people +:people =:people
EXPR: 0 | POS | INT | 7 | 3 | 4 | ((3.0-1)*2)=x | 3.0 1 - 2 * x = | 3.0:people 1:people -:people 2:people *:people x:people =:people
EXPR: 0 | POS | INT | 7 | 3 | 2 | (3.0+(1-2))=x | 3.0 1 2 - + x = | 3.0:people 1:people 2:people -:people +:people x:people =:people
EXPR: 0 | POS | INT | 7 | 3 | 4 | (3.0-(1-2))=x | 3.0 1 2 - - x = | 3.0:people 1:people 2:people -:people -:people x:people =:people
EXPR: 0 | POS | INT | 7 | 3 |  | (x-(1-3.0))=2 | x 1 3.0 - - 2 = | x:people 1:people 3.0:people -:people -:people 2:people =:people
EXPR: 0 | POS | INT | 7 | 3 | 1 | ((3.0-2)/x)=1 | 3.0 2 - x / 1 = | 3.0:people 2:people -:people x:people /:people 1:people =:people
EXPR: 0 | POS | INT | 7 | 3 | 4 | (3.0+(2-x))=1 | 3.0 2 x - + 1 = | 3.0:people 2:people x:people -:people +:people 1:people =:people
EXPR: 0 | POS | INT | 7 | 3 | 2 | (x-(3.0-2))=1 | x 3.0 2 - - 1 = | x:people 3.0:people 2:people -:people -:people 1:people =:people
EXPR: 0 | POS | INT | 7 | 3 | 6 | (x-(1+3.0))=2 | x 1 3.0 + - 2 = | x:people 1:people 3.0:people +:people -:people 2:people =:people
EXPR: 0 | POS | INT | 7 | 3 | 1 | (x*(3.0-2))=1 | x 3.0 2 - * 1 = | x:people 3.0:people 2:people -:people *:people 1:people =:people
EXPR: 0 | POS | INT | 7 | 3 | 4 | ((1+x)-3.0)=2 | 1 x + 3.0 - 2 = | 1:people x:people +:people 3.0:people -:people 2:people =:people
EXPR: 0 | POS | INT | 7 | 3 | 4 | ((3.0-1)+2)=x | 3.0 1 - 2 + x = | 3.0:people 1:people -:people 2:people +:people x:people =:people
EXPR: 0 | POS | INT | 7 | 3 | 1 | 3.0=(2+(1/x)) | 3.0 2 1 x / + = | 3.0:people 2:people 1:people x:people /:people +:people =:people
EXPR: 0 | POS | INT | 7 | 3 |  | x=((3.0-1)-2) | x 3.0 1 - 2 - = | x:people 3.0:people 1:people -:people 2:people -:people =:people
EXPR: 0 | POS | INT | 7 | 3 | 2 | (1+(3.0-x))=2 | 1 3.0 x - + 2 = | 1:people 3.0:people x:people -:people +:people 2:people =:people
EXPR: 0 | POS | INT | 7 | 3 | 2 | ((1-x)+3.0)=2 | 1 x - 3.0 + 2 = | 1:people x:people -:people 3.0:people +:people 2:people =:people
EXPR: 1 | POS | INT | 7 | 3 | 3 | (1+(3.0/x))=2 | 1 3.0 x / + 2 = | 1:people 3.0:people x:people /:people +:people 2:people =:people
EXPR: 0 | POS | INT | 7 | 3 | 9 | 3.0=(x/(2+1)) | 3.0 x 2 1 + / = | 3.0:people x:people 2:people 1:people +:people /:people =:people
EXPR: 0 | POS | INT | 7 | 3 |  | ((x+3.0)-2)=1 | x 3.0 + 2 - 1 = | x:people 3.0:people +:people 2:people -:people 1:people =:people
EXPR: 0 | POS | INT | 7 | 3 | 1 | 1=((3.0-2)*x) | 1 3.0 2 - x * = | 1:people 3.0:people 2:people -:people x:people *:people =:people
EXPR: 0 | POS | INT | 7 | 3 | 1 | 1=((3.0-2)/x) | 1 3.0 2 - x / = | 1:people 3.0:people 2:people -:people x:people /:people =:people
EXPR: 0 | POS | INT | 7 | 3 | 4 | (x+(1-3.0))=2 | x 1 3.0 - + 2 = | x:people 1:people 3.0:people -:people +:people 2:people =:people
EXPR: 0 | POS | INT | 7 | 3 | 1 | ((3.0-1)/2)=x | 3.0 1 - 2 / x = | 3.0:people 1:people -:people 2:people /:people x:people =:people
EXPR: 0 | POS | INT | 7 | 3 | 4 | ((3.0-x)+2)=1 | 3.0 x - 2 + 1 = | 3.0:people x:people -:people 2:people +:people 1:people =:people
EXPR: 0 | POS | INT | 7 | 3 | 1 | 1=(3.0/(x+2)) | 1 3.0 x 2 + / = | 1:people 3.0:people x:people 2:people +:people /:people =:people
EXPR: 0 | POS | INT | 7 | 3 | 5 | 1=(3.0/(x-2)) | 1 3.0 x 2 - / = | 1:people 3.0:people x:people 2:people -:people /:people =:people
EXPR: 0 | POS | INT | 7 | 3 | 2 | 3.0=(x+(2-1)) | 3.0 x 2 1 - + = | 3.0:people x:people 2:people 1:people -:people +:people =:people
EXPR: 0 | POS | INT | 7 | 3 |  | ((3.0+x)-2)=1 | 3.0 x + 2 - 1 = | 3.0:people x:people +:people 2:people -:people 1:people =:people
EXPR: 0 | POS | INT | 7 | 3 | 0 | 1=(x+(3.0-2)) | 1 x 3.0 2 - + = | 1:people x:people 3.0:people 2:people -:people +:people =:people
EXPR: 0 | POS | INT | 7 | 3 | 2 | 1=(x-(3.0-2)) | 1 x 3.0 2 - - = | 1:people x:people 3.0:people 2:people -:people -:people =:people
EXPR: 0 | POS | INT | 7 | 3 | 1 | 3.0=(x*(2+1)) | 3.0 x 2 1 + * = | 3.0:people x:people 2:people 1:people +:people *:people =:people
EXPR: 0 | POS | INT | 7 | 3 | 4 | 3.0=(x-(2-1)) | 3.0 x 2 1 - - = | 3.0:people x:people 2:people 1:people -:people -:people =:people
EXPR: 1 | POS | INT | 7 | 3 | 3 | (1+(x/3.0))=2 | 1 x 3.0 / + 2 = | 1:people x:people 3.0:people /:people +:people 2:people =:people
EXPR: 0 | POS | INT | 7 | 3 | 4 | 1=(3.0-(x/2)) | 1 3.0 x 2 / - = | 1:people 3.0:people x:people 2:people /:people -:people =:people
EXPR: 0 | POS | INT | 7 | 3 | 1 | 1=((3.0-x)/2) | 1 3.0 x - 2 / = | 1:people 3.0:people x:people -:people 2:people /:people =:people
EXPR: 0 | POS | INT | 7 | 3 |  | (3.0+(x-2))=1 | 3.0 x 2 - + 1 = | 3.0:people x:people 2:people -:people +:people 1:people =:people
EXPR: 0 | POS | INT | 7 | 3 | 0 | 1=((3.0-2)+x) | 1 3.0 2 - x + = | 1:people 3.0:people 2:people -:people x:people +:people =:people
EXPR: 0 | POS | INT | 7 | 3 |  | ((3.0-2)-x)=1 | 3.0 2 - x - 1 = | 3.0:people 2:people -:people x:people -:people 1:people =:people
EXPR: 0 | POS | INT | 7 | 3 | 2 | ((1+3.0)-x)=2 | 1 3.0 + x - 2 = | 1:people 3.0:people +:people x:people -:people 2:people =:people
EXPR: 0 | POS | INT | 7 | 3 | 0 | 1=(3.0-(x+2)) | 1 3.0 x 2 + - = | 1:people 3.0:people x:people 2:people +:people -:people =:people
EXPR: 0 | POS | INT | 7 | 3 | 4 | 1=(3.0-(x-2)) | 1 3.0 x 2 - - = | 1:people 3.0:people x:people 2:people -:people -:people =:people
EXPR: 0 | POS | INT | 7 | 3 | 0 | 1=(3.0+(x-2)) | 1 3.0 x 2 - + = | 1:people 3.0:people x:people 2:people -:people +:people =:people
EXPR: 0 | POS | INT | 7 | 3 | 4 | (1+(x-3.0))=2 | 1 x 3.0 - + 2 = | 1:people x:people 3.0:people -:people +:people 2:people =:people
EXPR: 0 | POS | INT | 7 | 3 | 1 | ((3.0-x)/2)=1 | 3.0 x - 2 / 1 = | 3.0:people x:people -:people 2:people /:people 1:people =:people
EXPR: 0 | POS | INT | 7 | 3 | 5 | ((1+x)/3.0)=2 | 1 x + 3.0 / 2 = | 1:people x:people +:people 3.0:people /:people 2:people =:people
EXPR: 0 | POS | INT | 7 | 3 | 2 | x=(3.0+(1-2)) | x 3.0 1 2 - + = | x:people 3.0:people 1:people 2:people -:people +:people =:people
EXPR: 0 | POS | INT | 7 | 3 | 4 | x=(3.0-(1-2)) | x 3.0 1 2 - - = | x:people 3.0:people 1:people 2:people -:people -:people =:people
EXPR: 0 | POS | INT | 7 | 3 | 1 | ((1*3.0)-x)=2 | 1 3.0 * x - 2 = | 1:people 3.0:people *:people x:people -:people 2:people =:people
EXPR: 0 | POS | INT | 7 | 3 | 1 | ((3.0/x)-2)=1 | 3.0 x / 2 - 1 = | 3.0:people x:people /:people 2:people -:people 1:people =:people
EXPR: 0 | POS | INT | 7 | 3 | 1 | (3.0/(x+2))=1 | 3.0 x 2 + / 1 = | 3.0:people x:people 2:people +:people /:people 1:people =:people
EXPR: 0 | POS | INT | 7 | 3 | 5 | ((x-3.0)/2)=1 | x 3.0 - 2 / 1 = | x:people 3.0:people -:people 2:people /:people 1:people =:people
EXPR: 0 | POS | INT | 7 | 3 | 4 | 1=((3.0-x)+2) | 1 3.0 x - 2 + = | 1:people 3.0:people x:people -:people 2:people +:people =:people
EXPR: 0 | POS | INT | 7 | 3 | 4 | x=((3.0-1)*2) | x 3.0 1 - 2 * = | x:people 3.0:people 1:people -:people 2:people *:people =:people
EXPR: 0 | POS | INT | 7 | 3 | 1 | x=((3.0-1)/2) | x 3.0 1 - 2 / = | x:people 3.0:people 1:people -:people 2:people /:people =:people
EXPR: 0 | POS | INT | 7 | 3 | 2 | ((x-3.0)+2)=1 | x 3.0 - 2 + 1 = | x:people 3.0:people -:people 2:people +:people 1:people =:people
EXPR: 0 | POS | INT | 7 | 3 | 0 | 1=((3.0+x)-2) | 1 3.0 x + 2 - = | 1:people 3.0:people x:people +:people 2:people -:people =:people
EXPR: 0 | POS | INT | 7 | 3 | 2 | 3.0=(2+(x-1)) | 3.0 2 x 1 - + = | 3.0:people 2:people x:people 1:people -:people +:people =:people
EXPR: 0 | POS | INT | 7 | 3 | 1 | 1=(3.0-(x*2)) | 1 3.0 x 2 * - = | 1:people 3.0:people x:people 2:people *:people -:people =:people
EXPR: 0 | POS | INT | 7 | 3 | 6 | ((x-1)-3.0)=2 | x 1 - 3.0 - 2 = | x:people 1:people -:people 3.0:people -:people 2:people =:people
EXPR: 0 | POS | INT | 7 | 3 |  | (x+(3.0-2))=1 | x 3.0 2 - + 1 = | x:people 3.0:people 2:people -:people +:people 1:people =:people
EXPR: 0 | POS | INT | 7 | 3 | 0 | 1=((x+3.0)-2) | 1 x 3.0 + 2 - = | 1:people x:people 3.0:people +:people 2:people -:people =:people
EXPR: 0 | POS | INT | 7 | 3 | 1 | 3.0=((2/x)+1) | 3.0 2 x / 1 + = | 3.0:people 2:people x:people /:people 1:people +:people =:people
EXPR: 0 | POS | INT | 7 | 3 | 1 | 3.0=((x*2)+1) | 3.0 x 2 * 1 + = | 3.0:people x:people 2:people *:people 1:people +:people =:people
EXPR: 0 | POS | INT | 7 | 3 |  | ((3.0-x)-2)=1 | 3.0 x - 2 - 1 = | 3.0:people x:people -:people 2:people -:people 1:people =:people
EXPR: 0 | POS | INT | 7 | 3 | 1 | ((3.0*x)-2)=1 | 3.0 x * 2 - 1 = | 3.0:people x:people *:people 2:people -:people 1:people =:people
EXPR: 0 | POS | INT | 7 | 3 | 1 | (x/(3.0-2))=1 | x 3.0 2 - / 1 = | x:people 3.0:people 2:people -:people /:people 1:people =:people
EXPR: 0 | POS | INT | 7 | 3 | 0 | 3.0=(2+(x+1)) | 3.0 2 x 1 + + = | 3.0:people 2:people x:people 1:people +:people +:people =:people
EXPR: 0 | POS | INT | 7 | 3 | 2 | 3.0=((x*2)-1) | 3.0 x 2 * 1 - = | 3.0:people x:people 2:people *:people 1:people -:people =:people
EXPR: 0 | POS | INT | 7 | 3 | 0 | 1=((3.0-2)-x) | 1 3.0 2 - x - = | 1:people 3.0:people 2:people -:people x:people -:people =:people
EXPR: 0 | POS | INT | 7 | 3 | 4 | ((1-3.0)+x)=2 | 1 3.0 - x + 2 = | 1:people 3.0:people -:people x:people +:people 2:people =:people
EXPR: 0 | POS | INT | 7 | 3 | 5 | 1=((x-3.0)/2) | 1 x 3.0 - 2 / = | 1:people x:people 3.0:people -:people 2:people /:people =:people
EXPR: 0 | POS | INT | 7 | 3 |  | (3.0-(2+x))=1 | 3.0 2 x + - 1 = | 3.0:people 2:people x:people +:people -:people 1:people =:people
EXPR: 0 | POS | INT | 7 | 3 |  | (3.0-(x+2))=1 | 3.0 x 2 + - 1 = | 3.0:people x:people 2:people +:people -:people 1:people =:people
EXPR: 0 | POS | INT | 7 | 3 | 5 | (1*(x-3.0))=2 | 1 x 3.0 - * 2 = | 1:people x:people 3.0:people -:people *:people 2:people =:people
EXPR: 0 | POS | INT | 7 | 3 | 0 | 3.0=((2-x)+1) | 3.0 2 x - 1 + = | 3.0:people 2:people x:people -:people 1:people +:people =:people
EXPR: 0 | POS | INT | 7 | 3 | 0 | 3.0=((2+1)-x) | 3.0 2 1 + x - = | 3.0:people 2:people 1:people +:people x:people -:people =:people
EXPR: 0 | POS | INT | 7 | 3 | 0 | 3.0=(2-(x-1)) | 3.0 2 x 1 - - = | 3.0:people 2:people x:people 1:people -:people -:people =:people
EXPR: 0 | POS | INT | 7 | 3 | 0 | 1=((3.0-x)-2) | 1 3.0 x - 2 - = | 1:people 3.0:people x:people -:people 2:people -:people =:people
EXPR: 0 | POS | INT | 7 | 3 | 6 | 3.0=(x-(2+1)) | 3.0 x 2 1 + - = | 3.0:people x:people 2:people 1:people +:people -:people =:people
EXPR: 0 | POS | INT | 7 | 3 | 1 | 3.0=(2+(x*1)) | 3.0 2 x 1 * + = | 3.0:people 2:people x:people 1:people *:people +:people =:people
EXPR: 0 | POS | INT | 7 | 3 | 4 | (3.0-(x-2))=1 | 3.0 x 2 - - 1 = | 3.0:people x:people 2:people -:people -:people 1:people =:people
EXPR: 0 | POS | INT | 7 | 3 | 0 | 3.0=((2+1)+x) | 3.0 2 1 + x + = | 3.0:people 2:people 1:people +:people x:people +:people =:people
EXPR: 0 | POS | INT | 7 | 3 | 1 | 3.0=((2+1)/x) | 3.0 2 1 + x / = | 3.0:people 2:people 1:people +:people x:people /:people =:people
EXPR: 0 | POS | INT | 7 | 3 | 9 | 1=((x/3.0)-2) | 1 x 3.0 / 2 - = | 1:people x:people 3.0:people /:people 2:people -:people =:people
EXPR: 1 | POS | INT | 7 | 3 | 3 | 3.0=((2-1)*x) | 3.0 2 1 - x * = | 3.0:people 2:people 1:people -:people x:people *:people =:people
EXPR: 0 | POS | INT | 7 | 3 | 1 | 1=(x*(3.0-2)) | 1 x 3.0 2 - * = | 1:people x:people 3.0:people 2:people -:people *:people =:people
EXPR: 0 | POS | INT | 7 | 3 | 1 | 1=(x/(3.0-2)) | 1 x 3.0 2 - / = | 1:people x:people 3.0:people 2:people -:people /:people =:people
EXPR: 0 | POS | INT | 7 | 3 | 2 | 3.0=((2-1)+x) | 3.0 2 1 - x + = | 3.0:people 2:people 1:people -:people x:people +:people =:people
EXPR: 0 | POS | INT | 7 | 3 | 2 | 3.0=((2+x)-1) | 3.0 2 x + 1 - = | 3.0:people 2:people x:people +:people 1:people -:people =:people
EXPR: 0 | POS | INT | 7 | 3 | 4 | (3.0-(x/2))=1 | 3.0 x 2 / - 1 = | 3.0:people x:people 2:people /:people -:people 1:people =:people
EXPR: 0 | POS | INT | 7 | 3 | 1 | (3.0-(x*2))=1 | 3.0 x 2 * - 1 = | 3.0:people x:people 2:people *:people -:people 1:people =:people
EXPR: 0 | POS | INT | 7 | 3 | 6 | ((x-3.0)-2)=1 | x 3.0 - 2 - 1 = | x:people 3.0:people -:people 2:people -:people 1:people =:people
EXPR: 0 | POS | INT | 7 | 3 | 5 | (x-(1*3.0))=2 | x 1 3.0 * - 2 = | x:people 1:people 3.0:people *:people -:people 2:people =:people
EXPR: 0 | POS | INT | 7 | 3 | 5 | ((1*x)-3.0)=2 | 1 x * 3.0 - 2 = | 1:people x:people *:people 3.0:people -:people 2:people =:people
EXPR: 0 | POS | INT | 7 | 3 | 4 | ((x+1)-3.0)=2 | x 1 + 3.0 - 2 = | x:people 1:people +:people 3.0:people -:people 2:people =:people
EXPR: 0 | POS | INT | 7 | 3 | 9 | ((x/3.0)-2)=1 | x 3.0 / 2 - 1 = | x:people 3.0:people /:people 2:people -:people 1:people =:people
EXPR: 0 | POS | INT | 7 | 3 |  | ((3.0-2)+x)=1 | 3.0 2 - x + 1 = | 3.0:people 2:people -:people x:people +:people 1:people =:people
EXPR: 0 | POS | INT | 7 | 3 | 4 | x=((3.0-1)+2) | x 3.0 1 - 2 + = | x:people 3.0:people 1:people -:people 2:people +:people =:people
EXPR: 0 | POS | INT | 7 | 3 | 0 | 3.0=((2+x)+1) | 3.0 2 x + 1 + = | 3.0:people 2:people x:people +:people 1:people +:people =:people
EXPR: 0 | POS | INT | 7 | 3 | 1 | 1=((x*3.0)-2) | 1 x 3.0 * 2 - = | 1:people x:people 3.0:people *:people 2:people -:people =:people
EXPR: 0 | POS | INT | 7 | 3 | 0 | 3.0=((x+2)+1) | 3.0 x 2 + 1 + = | 3.0:people x:people 2:people +:people 1:people +:people =:people
EXPR: 0 | POS | INT | 7 | 3 |  | (3.0-(2-x))=1 | 3.0 2 x - - 1 = | 3.0:people 2:people x:people -:people -:people 1:people =:people
EXPR: 0 | POS | INT | 7 | 3 | 1 | (1*(3.0-x))=2 | 1 3.0 x - * 2 = | 1:people 3.0:people x:people -:people *:people 2:people =:people
EXPR: 0 | POS | INT | 7 | 3 | 1 | 3.0=((2+1)*x) | 3.0 2 1 + x * = | 3.0:people 2:people 1:people +:people x:people *:people =:people
EXPR: 1 | POS | INT | 7 | 3 | 3 | 3.0=(x*(2-1)) | 3.0 x 2 1 - * = | 3.0:people x:people 2:people 1:people -:people *:people =:people
EXPR: 1 | POS | INT | 7 | 3 | 3 | 3.0=(x/(2-1)) | 3.0 x 2 1 - / = | 3.0:people x:people 2:people 1:people -:people /:people =:people
EXPR: 0 | POS | INT | 7 | 3 | 1 | 3.0=((2*1)+x) | 3.0 2 1 * x + = | 3.0:people 2:people 1:people *:people x:people +:people =:people
EXPR: 0 | POS | INT | 7 | 3 | 2 | ((1+3.0)/x)=2 | 1 3.0 + x / 2 = | 1:people 3.0:people +:people x:people /:people 2:people =:people
EXPR: 0 | POS | INT | 7 | 3 | 1 | (3.0-(2*x))=1 | 3.0 2 x * - 1 = | 3.0:people 2:people x:people *:people -:people 1:people =:people
EXPR: 0 | POS | INT | 7 | 3 | 1 | ((3.0-2)*x)=1 | 3.0 2 - x * 1 = | 3.0:people 2:people -:people x:people *:people 1:people =:people
EXPR: 0 | POS | INT | 7 | 3 | 2 | 1=((x-3.0)+2) | 1 x 3.0 - 2 + = | 1:people x:people 3.0:people -:people 2:people +:people =:people
EXPR: 0 | POS | INT | 7 | 3 | 6 | 1=((x-3.0)-2) | 1 x 3.0 - 2 - = | 1:people x:people 3.0:people -:people 2:people -:people =:people
EXPR: 0 | POS | INT | 7 | 3 | 0 | ((3.0-1)-2)=x | 3.0 1 - 2 - x = | 3.0:people 1:people -:people 2:people -:people x:people =:people
EXPR: 0 | POS | INT | 7 | 3 | 2 | 3.0=((x+2)-1) | 3.0 x 2 + 1 - = | 3.0:people x:people 2:people +:people 1:people -:people =:people
EXPR: 0 | POS | INT | 7 | 3 | 4 | (1-(3.0-x))=2 | 1 3.0 x - - 2 = | 1:people 3.0:people x:people -:people -:people 2:people =:people
EXPR: 0 | POS | INT | 7 | 3 | 1 | 3.0=((2*x)+1) | 3.0 2 x * 1 + = | 3.0:people 2:people x:people *:people 1:people +:people =:people
EXPR: 0 | POS | INT | 7 | 3 | 5 | (3.0/(x-2))=1 | 3.0 x 2 - / 1 = | 3.0:people x:people 2:people -:people /:people 1:people =:people
EXPR: 0 | POS | INT | 7 | 3 | 8 | 3.0=((x/2)-1) | 3.0 x 2 / 1 - = | 3.0:people x:people 2:people /:people 1:people -:people =:people
EXPR: 0 | POS | INT | 7 | 3 | 0 | 3.0=(x+(2+1)) | 3.0 x 2 1 + + = | 3.0:people x:people 2:people 1:people +:people +:people =:people
EXPR: 0 | POS | INT | 7 | 3 | 4 | 3.0=((x/2)+1) | 3.0 x 2 / 1 + = | 3.0:people x:people 2:people /:people 1:people +:people =:people
EXPR: 0 | POS | INT | 7 | 3 | 7 | ((x-1)/3.0)=2 | x 1 - 3.0 / 2 = | x:people 1:people -:people 3.0:people /:people 2:people =:people
EXPR: 0 | POS | INT | 7 | 3 | 1 | 1=((3.0/x)-2) | 1 3.0 x / 2 - = | 1:people 3.0:people x:people /:people 2:people -:people =:people
EXPR: 0 | POS | INT | 7 | 3 | 4 | 3.0=((x-2)+1) | 3.0 x 2 - 1 + = | 3.0:people x:people 2:people -:people 1:people +:people =:people
EXPR: 0 | POS | INT | 7 | 3 |  | ((x-1)+3.0)=2 | x 1 - 3.0 + 2 = | x:people 1:people -:people 3.0:people +:people 2:people =:people
EXPR: 0 | POS | INT | 7 | 3 | 5 | ((x*1)-3.0)=2 | x 1 * 3.0 - 2 = | x:people 1:people *:people 3.0:people -:people 2:people =:people
EXPR: 0 | POS | INT | 7 | 3 | 0 | 3.0=(2+(1-x)) | 3.0 2 1 x - + = | 3.0:people 2:people 1:people x:people -:people +:people =:people
EXPR: 0 | POS | INT | 7 | 3 | 0 | 3.0=(2+(1+x)) | 3.0 2 1 x + + = | 3.0:people 2:people 1:people x:people +:people +:people =:people
EXPR: 0 | POS | INT | 7 | 3 | 1 | 1=((3.0*x)-2) | 1 3.0 x * 2 - = | 1:people 3.0:people x:people *:people 2:people -:people =:people
EXPR: 0 | POS | INT | 7 | 3 | 1 | 1=(3.0-(2/x)) | 1 3.0 2 x / - = | 1:people 3.0:people 2:people x:people /:people -:people =:people
NET 426 unique, non-negative, integer-valued solutions found out of 1000 total solutions
