parameters: n=9 l=4 k=1 p=5 q=2 m=10
TOTAL 1000 solutions found
SOLN: CORRECT | POS/NEG | INT/FRA | OBJ-SCORE | TRUE-ANS | ANS | INFIX | POSTFIX | TYPED-POSTFIX
EXPR: 0 | POS | INT | 0 | 118 | 154 | x=((20+2)*(1+6)) | x 20 2 + 1 6 + * = | x:dollar 20:carton 2:carton +:carton 1:dollar 6:dollar +:dollar *:dollar =:dollar
EXPR: 0 | POS | INT | 0 | 118 | 160 | x=(20*((2*1)+6)) | x 20 2 1 * 6 + * = | x:dollar 20:carton 2:carton 1:dollar *:dollar 6:dollar +:dollar *:dollar =:dollar
EXPR: 0 | POS | INT | 0 | 118 | 126 | x=((20-2)*(1+6)) | x 20 2 - 1 6 + * = | x:dollar 20:carton 2:carton -:carton 1:dollar 6:dollar +:dollar *:dollar =:dollar
EXPR: 0 | POS | INT | 0 | 118 | 16 | x=(((20+2)*1)-6) | x 20 2 + 1 * 6 - = | x:dollar 20:carton 2:carton +:carton 1:dollar *:dollar 6:dollar -:dollar =:dollar
EXPR: 0 | POS | INT | 0 | 118 | 24 | x=(((20-2)*1)+6) | x 20 2 - 1 * 6 + = | x:dollar 20:carton 2:carton -:carton 1:dollar *:dollar 6:dollar +:dollar =:dollar
EXPR: 0 | POS | INT | 0 | 118 | 12 | x=(((20-2)*1)-6) | x 20 2 - 1 * 6 - = | x:dollar 20:carton 2:carton -:carton 1:dollar *:dollar 6:dollar -:dollar =:dollar
EXPR: 0 | POS | INT | 0 | 118 | 132 | x=((20+(2*1))*6) | x 20 2 1 * + 6 * = | x:dollar 20:carton 2:carton 1:dollar *:carton +:carton 6:dollar *:dollar =:dollar
EXPR: 0 | POS | INT | 0 | 118 | 28 | x=(((20+2)*1)+6) | x 20 2 + 1 * 6 + = | x:dollar 20:carton 2:carton +:carton 1:dollar *:dollar 6:dollar +:dollar =:dollar
EXPR: 0 | POS | INT | 0 | 118 | 60 | x=((20/(2*1))*6) | x 20 2 1 * / 6 * = | x:dollar 20:carton 2:carton 1:dollar *:dollar /:carton 6:dollar *:dollar =:dollar
EXPR: 0 | POS | INT | 0 | 118 | 108 | x=((20-(2*1))*6) | x 20 2 1 * - 6 * = | x:dollar 20:carton 2:carton 1:dollar *:carton -:carton 6:dollar *:dollar =:dollar
EXPR: 0 | POS | INT | 1 | 118 | 154 | x=((20+2)*(1+6)) | x 20 2 + 1 6 + * = | x:dollar 20:carton 2:carton +:carton 1:dollar 6:dollar +:dollar *:dollar =:dollar
EXPR: 0 | POS | INT | 1 | 118 | 126 | x=((20-2)*(1+6)) | x 20 2 - 1 6 + * = | x:dollar 20:carton 2:carton -:carton 1:dollar 6:dollar +:dollar *:dollar =:dollar
EXPR: 0 | POS | INT | 1 | 118 | 160 | x=(20*((2*1)+6)) | x 20 2 1 * 6 + * = | x:dollar 20:carton 2:carton 1:dollar *:dollar 6:dollar +:dollar *:dollar =:dollar
EXPR: 0 | POS | INT | 1 | 118 | 16 | x=(((20+2)*1)-6) | x 20 2 + 1 * 6 - = | x:dollar 20:carton 2:carton +:carton 1:dollar *:dollar 6:dollar -:dollar =:dollar
EXPR: 0 | POS | INT | 1 | 118 | 24 | x=(((20-2)*1)+6) | x 20 2 - 1 * 6 + = | x:dollar 20:carton 2:carton -:carton 1:dollar *:dollar 6:dollar +:dollar =:dollar
EXPR: 0 | POS | INT | 1 | 118 | 12 | x=(((20-2)*1)-6) | x 20 2 - 1 * 6 - = | x:dollar 20:carton 2:carton -:carton 1:dollar *:dollar 6:dollar -:dollar =:dollar
EXPR: 0 | POS | INT | 1 | 118 | 132 | x=((20+(2*1))*6) | x 20 2 1 * + 6 * = | x:dollar 20:carton 2:carton 1:dollar *:carton +:carton 6:dollar *:dollar =:dollar
EXPR: 0 | POS | INT | 1 | 118 | 28 | x=(((20+2)*1)+6) | x 20 2 + 1 * 6 + = | x:dollar 20:carton 2:carton +:carton 1:dollar *:dollar 6:dollar +:dollar =:dollar
EXPR: 0 | POS | INT | 1 | 118 | 60 | x=((20/(2*1))*6) | x 20 2 1 * / 6 * = | x:dollar 20:carton 2:carton 1:dollar *:dollar /:carton 6:dollar *:dollar =:dollar
EXPR: 0 | POS | INT | 1 | 118 | 108 | x=((20-(2*1))*6) | x 20 2 1 * - 6 * = | x:dollar 20:carton 2:carton 1:dollar *:carton -:carton 6:dollar *:dollar =:dollar
EXPR: 0 | POS | INT | 2 | 118 | 15 | 20=(2*((1+x)-6)) | 20 2 1 x + 6 - * = | 20:carton 2:carton 1:dollar x:dollar +:dollar 6:dollar -:dollar *:carton =:carton
EXPR: 0 | POS | INT | 10 | 118 | 280 | x=((20*2)*(1+6)) | x 20 2 * 1 6 + * = | x:dollar 20:dollar 2:carton *:carton 1:dollar 6:dollar +:dollar *:dollar =:dollar
EXPR: 0 | POS | INT | 10 | 118 | 110 | x=((20+2)*(6-1)) | x 20 2 + 6 1 - * = | x:dollar 20:carton 2:carton +:carton 6:dollar 1:dollar -:dollar *:dollar =:dollar
EXPR: 0 | POS | INT | 10 | 118 | 90 | x=((20-2)*(6-1)) | x 20 2 - 6 1 - * = | x:dollar 20:carton 2:carton -:carton 6:dollar 1:dollar -:dollar *:dollar =:dollar
EXPR: 0 | POS | INT | 10 | 118 | 52 | x=(2*((20*1)+6)) | x 2 20 1 * 6 + * = | x:dollar 2:carton 20:carton 1:dollar *:dollar 6:dollar +:dollar *:dollar =:dollar
EXPR: 0 | POS | INT | 10 | 118 | 28 | x=(2*((20*1)-6)) | x 2 20 1 * 6 - * = | x:dollar 2:carton 20:carton 1:dollar *:dollar 6:dollar -:dollar *:dollar =:dollar
EXPR: 0 | POS | INT | 10 | 118 | 90 | x=((2-20)*(1-6)) | x 2 20 - 1 6 - * = | x:dollar 2:carton 20:carton -:carton 1:dollar 6:dollar -:dollar *:dollar =:dollar
EXPR: 0 | POS | INT | 10 | 118 | 126 | x=(((20+2)-1)*6) | x 20 2 + 1 - 6 * = | x:dollar 20:carton 2:carton +:carton 1:carton -:carton 6:dollar *:dollar =:dollar
EXPR: 0 | POS | INT | 10 | 118 | 131 | x=(((20+2)*6)-1) | x 20 2 + 6 * 1 - = | x:dollar 20:carton 2:carton +:carton 6:dollar *:dollar 1:dollar -:dollar =:dollar
EXPR: 0 | POS | INT | 10 | 118 | 3 | x=(((20-2)/6)*1) | x 20 2 - 6 / 1 * = | x:dollar 20:carton 2:carton -:carton 6:dollar /:carton 1:dollar *:dollar =:dollar
EXPR: 0 | POS | INT | 10 | 118 | 109 | x=(((20-2)*6)+1) | x 20 2 - 6 * 1 + = | x:dollar 20:carton 2:carton -:carton 6:dollar *:dollar 1:dollar +:dollar =:dollar
EXPR: 0 | POS | INT | 10 | 118 | 107 | x=(((20-2)*6)-1) | x 20 2 - 6 * 1 - = | x:dollar 20:carton 2:carton -:carton 6:dollar *:dollar 1:dollar -:dollar =:dollar
EXPR: 0 | POS | INT | 10 | 118 | 133 | x=(((20+2)*6)+1) | x 20 2 + 6 * 1 + = | x:dollar 20:carton 2:carton +:carton 6:dollar *:dollar 1:dollar +:dollar =:dollar
EXPR: 0 | POS | INT | 10 | 118 | 114 | x=((20-(2-1))*6) | x 20 2 1 - - 6 * = | x:dollar 20:carton 2:carton 1:carton -:carton -:carton 6:dollar *:dollar =:dollar
EXPR: 0 | POS | INT | 10 | 118 | 3 | x=(((20-2)*1)/6) | x 20 2 - 1 * 6 / = | x:dollar 20:carton 2:carton -:carton 1:dollar *:dollar 6:carton /:dollar =:dollar
EXPR: 0 | POS | INT | 10 | 118 | 33 | x=((20*2)-(1+6)) | x 20 2 * 1 6 + - = | x:dollar 20:dollar 2:carton *:dollar 1:dollar 6:dollar +:dollar -:dollar =:dollar
EXPR: 0 | POS | INT | 10 | 118 | 260 | x=(20*((2*6)+1)) | x 20 2 6 * 1 + * = | x:dollar 20:carton 2:carton 6:dollar *:dollar 1:dollar +:dollar *:dollar =:dollar
EXPR: 0 | POS | INT | 10 | 118 | 220 | x=(20*((2*6)-1)) | x 20 2 6 * 1 - * = | x:dollar 20:carton 2:carton 6:dollar *:dollar 1:dollar -:dollar *:dollar =:dollar
EXPR: 0 | POS | INT | 10 | 118 | 3 | x=((20/2)-(1+6)) | x 20 2 / 1 6 + - = | x:dollar 20:dollar 2:carton /:dollar 1:dollar 6:dollar +:dollar -:dollar =:dollar
EXPR: 0 | POS | INT | 11 | 118 | 52 | x=(2*((20*1)+6)) | x 2 20 1 * 6 + * = | x:dollar 2:carton 20:carton 1:dollar *:dollar 6:dollar +:dollar *:dollar =:dollar
EXPR: 0 | POS | INT | 11 | 118 | 126 | x=(((20+2)-1)*6) | x 20 2 + 1 - 6 * = | x:dollar 20:carton 2:carton +:carton 1:carton -:carton 6:dollar *:dollar =:dollar
EXPR: 0 | POS | INT | 11 | 118 | 114 | x=((20-(2-1))*6) | x 20 2 1 - - 6 * = | x:dollar 20:carton 2:carton 1:carton -:carton -:carton 6:dollar *:dollar =:dollar
EXPR: 0 | POS | INT | 11 | 118 | 260 | x=(20*((2*6)+1)) | x 20 2 6 * 1 + * = | x:dollar 20:carton 2:carton 6:dollar *:dollar 1:dollar +:dollar *:dollar =:dollar
EXPR: 0 | POS | INT | 11 | 118 | 220 | x=(20*((2*6)-1)) | x 20 2 6 * 1 - * = | x:dollar 20:carton 2:carton 6:dollar *:dollar 1:dollar -:dollar *:dollar =:dollar
EXPR: 0 | POS | INT | 11 | 118 | 90 | x=((2-20)*(1-6)) | x 2 20 - 1 6 - * = | x:dollar 2:carton 20:carton -:carton 1:dollar 6:dollar -:dollar *:dollar =:dollar
EXPR: 0 | POS | INT | 12 | 118 | 17 | (2*((20*1)-x))=6 | 2 20 1 * x - * 6 = | 2:carton 20:carton 1:dollar *:dollar x:dollar -:dollar *:dollar 6:dollar =:dollar
EXPR: 0 | POS | INT | 12 | 118 | 16 | (x-(20/(2*1)))=6 | x 20 2 1 * / - 6 = | x:dollar 20:dollar 2:carton 1:dollar *:carton /:dollar -:dollar 6:dollar =:dollar
EXPR: 0 | POS | INT | 12 | 118 | 47 | (x-((20*2)+1))=6 | x 20 2 * 1 + - 6 = | x:dollar 20:dollar 2:carton *:dollar 1:dollar +:dollar -:dollar 6:dollar =:dollar
EXPR: 0 | POS | INT | 12 | 118 | 17 | (x-((20/2)+1))=6 | x 20 2 / 1 + - 6 = | x:dollar 20:dollar 2:carton /:dollar 1:dollar +:dollar -:dollar 6:dollar =:dollar
EXPR: 0 | POS | INT | 15 | 118 | 12 | x=((1*(20-2))-6) | x 1 20 2 - * 6 - = | x:dollar 1:dollar 20:carton 2:carton -:carton *:dollar 6:dollar -:dollar =:dollar
EXPR: 0 | POS | INT | 15 | 118 | 16 | x=((1*(20+2))-6) | x 1 20 2 + * 6 - = | x:dollar 1:dollar 20:carton 2:carton +:carton *:dollar 6:dollar -:dollar =:dollar
EXPR: 0 | POS | INT | 16 | 118 | 12 | x=((1*(20-2))-6) | x 1 20 2 - * 6 - = | x:dollar 1:dollar 20:carton 2:carton -:carton *:dollar 6:dollar -:dollar =:dollar
EXPR: 0 | POS | INT | 16 | 118 | 16 | x=((1*(20+2))-6) | x 1 20 2 + * 6 - = | x:dollar 1:dollar 20:carton 2:carton +:carton *:dollar 6:dollar -:dollar =:dollar
EXPR: 0 | POS | INT | 17 | 118 | 126 | 1=((x/(20-2))-6) | 1 x 20 2 - / 6 - = | 1:dollar x:dollar 20:carton 2:carton -:carton /:dollar 6:dollar -:dollar =:dollar
EXPR: 0 | POS | INT | 17 | 118 | 132 | 1=(x/((20+2)*6)) | 1 x 20 2 + 6 * / = | 1:dollar x:dollar 20:carton 2:carton +:carton 6:dollar *:carton /:dollar =:dollar
EXPR: 0 | POS | INT | 17 | 118 | 108 | 1=(x/((20-2)*6)) | 1 x 20 2 - 6 * / = | 1:dollar x:dollar 20:carton 2:carton -:carton 6:dollar *:carton /:dollar =:dollar
EXPR: 0 | POS | INT | 20 | 118 | 126 | x=(((20-1)+2)*6) | x 20 1 - 2 + 6 * = | x:dollar 20:carton 1:carton -:carton 2:carton +:carton 6:dollar *:dollar =:dollar
EXPR: 0 | POS | INT | 20 | 118 | 246 | x=(((20*2)+1)*6) | x 20 2 * 1 + 6 * = | x:dollar 20:carton 2:dollar *:dollar 1:dollar +:dollar 6:carton *:dollar =:dollar
EXPR: 0 | POS | INT | 20 | 118 | 16 | x=((20+(2*1))-6) | x 20 2 1 * + 6 - = | x:carton 20:carton 2:carton 1:dollar *:carton +:carton 6:carton -:carton =:carton
EXPR: 0 | POS | INT | 20 | 118 | 4 | x=((20/(2*1))-6) | x 20 2 1 * / 6 - = | x:carton 20:carton 2:carton 1:dollar *:dollar /:carton 6:carton -:carton =:carton
EXPR: 0 | POS | INT | 20 | 118 | 34 | x=((20*2)-(1*6)) | x 20 2 * 1 6 * - = | x:dollar 20:carton 2:dollar *:dollar 1:carton 6:dollar *:dollar -:dollar =:dollar
EXPR: 0 | POS | INT | 20 | 118 | 138 | x=((20+(2+1))*6) | x 20 2 1 + + 6 * = | x:carton 20:carton 2:carton 1:carton +:carton +:carton 6:dollar *:carton =:carton
EXPR: 0 | POS | INT | 20 | 118 | 114 | x=((20-(2-1))*6) | x 20 2 1 - - 6 * = | x:carton 20:carton 2:carton 1:carton -:carton -:carton 6:dollar *:carton =:carton
EXPR: 0 | POS | INT | 20 | 118 | 17 | x=((20+(2+1))-6) | x 20 2 1 + + 6 - = | x:dollar 20:dollar 2:dollar 1:dollar +:dollar +:dollar 6:dollar -:dollar =:dollar
EXPR: 0 | POS | INT | 20 | 118 | 13 | x=((20-(2-1))-6) | x 20 2 1 - - 6 - = | x:dollar 20:dollar 2:dollar 1:dollar -:dollar -:dollar 6:dollar -:dollar =:dollar
EXPR: 0 | POS | INT | 20 | 118 | 15 | x=((20+(2-1))-6) | x 20 2 1 - + 6 - = | x:dollar 20:dollar 2:dollar 1:dollar -:dollar +:dollar 6:dollar -:dollar =:dollar
EXPR: 0 | POS | INT | 20 | 118 | 11 | x=((20-(2+1))-6) | x 20 2 1 + - 6 - = | x:dollar 20:dollar 2:dollar 1:dollar +:dollar -:dollar 6:dollar -:dollar =:dollar
EXPR: 0 | POS | INT | 20 | 118 | 28 | x=((20+(2+6))*1) | x 20 2 6 + + 1 * = | x:dollar 20:carton 2:carton 6:carton +:carton +:carton 1:dollar *:dollar =:dollar
EXPR: 0 | POS | INT | 20 | 118 | 24 | x=((20-(2-6))*1) | x 20 2 6 - - 1 * = | x:dollar 20:carton 2:carton 6:carton -:carton -:carton 1:dollar *:dollar =:dollar
EXPR: 0 | POS | INT | 20 | 118 | 23 | x=(20-((2+1)-6)) | x 20 2 1 + 6 - - = | x:dollar 20:dollar 2:dollar 1:dollar +:dollar 6:dollar -:dollar -:dollar =:dollar
EXPR: 0 | POS | INT | 20 | 118 | 11 | x=(20-((2+1)+6)) | x 20 2 1 + 6 + - = | x:dollar 20:dollar 2:dollar 1:dollar +:dollar 6:dollar +:dollar -:dollar =:dollar
EXPR: 0 | POS | INT | 20 | 118 | 16 | x=((20+(2-6))*1) | x 20 2 6 - + 1 * = | x:dollar 20:carton 2:carton 6:carton -:carton +:carton 1:dollar *:dollar =:dollar
EXPR: 0 | POS | INT | 20 | 118 | 126 | x=((20+(2-1))*6) | x 20 2 1 - + 6 * = | x:carton 20:carton 2:carton 1:carton -:carton +:carton 6:dollar *:carton =:carton
EXPR: 0 | POS | INT | 20 | 118 | 32 | x=((2*(20-1))-6) | x 2 20 1 - * 6 - = | x:dollar 2:carton 20:dollar 1:dollar -:dollar *:dollar 6:dollar -:dollar =:dollar
EXPR: 0 | POS | INT | 20 | 118 | 107 | x=((6*(20-2))-1) | x 6 20 2 - * 1 - = | x:dollar 6:dollar 20:carton 2:carton -:carton *:dollar 1:dollar -:dollar =:dollar
EXPR: 0 | POS | INT | 20 | 118 | 34 | x=((20*2)-(1*6)) | x 20 2 * 1 6 * - = | x:dollar 20:dollar 2:carton *:dollar 1:dollar 6:carton *:dollar -:dollar =:dollar
EXPR: 0 | POS | INT | 20 | 118 | 131 | x=((6*(20+2))-1) | x 6 20 2 + * 1 - = | x:dollar 6:dollar 20:carton 2:carton +:carton *:dollar 1:dollar -:dollar =:dollar
EXPR: 0 | POS | INT | 20 | 118 | 234 | x=(((20*2)-1)*6) | x 20 2 * 1 - 6 * = | x:dollar 20:carton 2:dollar *:carton 1:carton -:carton 6:dollar *:dollar =:dollar
EXPR: 0 | POS | INT | 20 | 118 | 36 | x=(((20+1)*2)-6) | x 20 1 + 2 * 6 - = | x:dollar 20:dollar 1:dollar +:dollar 2:carton *:dollar 6:dollar -:dollar =:dollar
EXPR: 0 | POS | INT | 20 | 118 | 4 | x=((20/2)-(1*6)) | x 20 2 / 1 6 * - = | x:dollar 20:dollar 2:carton /:dollar 1:dollar 6:carton *:dollar -:dollar =:dollar
EXPR: 0 | POS | INT | 20 | 118 | 44 | x=(((20-1)*2)+6) | x 20 1 - 2 * 6 + = | x:dollar 20:dollar 1:dollar -:dollar 2:carton *:dollar 6:dollar +:dollar =:dollar
EXPR: 0 | POS | INT | 20 | 118 | 32 | x=(((20-1)*2)-6) | x 20 1 - 2 * 6 - = | x:dollar 20:dollar 1:dollar -:dollar 2:carton *:dollar 6:dollar -:dollar =:dollar
EXPR: 0 | POS | INT | 20 | 118 | 12 | x=(((20-2)-6)*1) | x 20 2 - 6 - 1 * = | x:dollar 20:carton 2:carton -:carton 6:carton -:carton 1:dollar *:dollar =:dollar
EXPR: 0 | POS | INT | 20 | 118 | 38 | x=(20+((2+1)*6)) | x 20 2 1 + 6 * + = | x:dollar 20:dollar 2:carton 1:carton +:carton 6:dollar *:dollar +:dollar =:dollar
EXPR: 0 | POS | INT | 20 | 118 | 14 | x=(20-((2-1)*6)) | x 20 2 1 - 6 * - = | x:dollar 20:dollar 2:carton 1:carton -:carton 6:dollar *:dollar -:dollar =:dollar
EXPR: 0 | POS | INT | 20 | 118 | 26 | x=(20+((2-1)*6)) | x 20 2 1 - 6 * + = | x:dollar 20:dollar 2:carton 1:carton -:carton 6:dollar *:dollar +:dollar =:dollar
EXPR: 0 | POS | INT | 20 | 118 | 5 | x=((20/2)-(6-1)) | x 20 2 / 6 1 - - = | x:dollar 20:dollar 2:carton /:dollar 6:dollar 1:dollar -:dollar -:dollar =:dollar
EXPR: 0 | POS | INT | 20 | 118 | 12 | x=((20-(2+6))*1) | x 20 2 6 + - 1 * = | x:dollar 20:carton 2:carton 6:carton +:carton -:carton 1:dollar *:dollar =:dollar
EXPR: 0 | POS | INT | 21 | 118 | 16 | x=((20+(2*1))-6) | x 20 2 1 * + 6 - = | x:carton 20:carton 2:carton 1:dollar *:carton +:carton 6:carton -:carton =:carton
EXPR: 0 | POS | INT | 21 | 118 | 4 | x=((20/(2*1))-6) | x 20 2 1 * / 6 - = | x:carton 20:carton 2:carton 1:dollar *:dollar /:carton 6:carton -:carton =:carton
EXPR: 0 | POS | INT | 21 | 118 | 34 | x=((20*2)-(1*6)) | x 20 2 * 1 6 * - = | x:dollar 20:carton 2:dollar *:dollar 1:carton 6:dollar *:dollar -:dollar =:dollar
EXPR: 0 | POS | INT | 21 | 118 | 138 | x=((20+(2+1))*6) | x 20 2 1 + + 6 * = | x:carton 20:carton 2:carton 1:carton +:carton +:carton 6:dollar *:carton =:carton
EXPR: 0 | POS | INT | 21 | 118 | 28 | x=((20+(2+6))*1) | x 20 2 6 + + 1 * = | x:dollar 20:carton 2:carton 6:carton +:carton +:carton 1:dollar *:dollar =:dollar
EXPR: 0 | POS | INT | 21 | 118 | 11 | x=(20-((2+1)+6)) | x 20 2 1 + 6 + - = | x:dollar 20:dollar 2:dollar 1:dollar +:dollar 6:dollar +:dollar -:dollar =:dollar
EXPR: 0 | POS | INT | 21 | 118 | 17 | x=((20+(2+1))-6) | x 20 2 1 + + 6 - = | x:dollar 20:dollar 2:dollar 1:dollar +:dollar +:dollar 6:dollar -:dollar =:dollar
EXPR: 0 | POS | INT | 21 | 118 | 16 | x=((20+(2-6))*1) | x 20 2 6 - + 1 * = | x:dollar 20:carton 2:carton 6:carton -:carton +:carton 1:dollar *:dollar =:dollar
EXPR: 0 | POS | INT | 21 | 118 | 126 | x=((20+(2-1))*6) | x 20 2 1 - + 6 * = | x:carton 20:carton 2:carton 1:carton -:carton +:carton 6:dollar *:carton =:carton
EXPR: 0 | POS | INT | 21 | 118 | 23 | x=(20-((2+1)-6)) | x 20 2 1 + 6 - - = | x:dollar 20:dollar 2:dollar 1:dollar +:dollar 6:dollar -:dollar -:dollar =:dollar
EXPR: 0 | POS | INT | 21 | 118 | 32 | x=((2*(20-1))-6) | x 2 20 1 - * 6 - = | x:dollar 2:carton 20:dollar 1:dollar -:dollar *:dollar 6:dollar -:dollar =:dollar
EXPR: 0 | POS | INT | 21 | 118 | 246 | x=(((20*2)+1)*6) | x 20 2 * 1 + 6 * = | x:dollar 20:carton 2:dollar *:dollar 1:dollar +:dollar 6:carton *:dollar =:dollar
EXPR: 0 | POS | INT | 21 | 118 | 34 | x=((20*2)-(1*6)) | x 20 2 * 1 6 * - = | x:dollar 20:dollar 2:carton *:dollar 1:dollar 6:carton *:dollar -:dollar =:dollar
EXPR: 0 | POS | INT | 21 | 118 | 107 | x=((6*(20-2))-1) | x 6 20 2 - * 1 - = | x:dollar 6:dollar 20:carton 2:carton -:carton *:dollar 1:dollar -:dollar =:dollar
EXPR: 0 | POS | INT | 21 | 118 | 36 | x=(((20+1)*2)-6) | x 20 1 + 2 * 6 - = | x:dollar 20:dollar 1:dollar +:dollar 2:carton *:dollar 6:dollar -:dollar =:dollar
EXPR: 0 | POS | INT | 21 | 118 | 4 | x=((20/2)-(1*6)) | x 20 2 / 1 6 * - = | x:dollar 20:dollar 2:carton /:dollar 1:dollar 6:carton *:dollar -:dollar =:dollar
EXPR: 0 | POS | INT | 21 | 118 | 44 | x=(((20-1)*2)+6) | x 20 1 - 2 * 6 + = | x:dollar 20:dollar 1:dollar -:dollar 2:carton *:dollar 6:dollar +:dollar =:dollar
EXPR: 0 | POS | INT | 21 | 118 | 14 | x=(20-((2-1)*6)) | x 20 2 1 - 6 * - = | x:dollar 20:dollar 2:carton 1:carton -:carton 6:dollar *:dollar -:dollar =:dollar
EXPR: 0 | POS | INT | 21 | 118 | 32 | x=(((20-1)*2)-6) | x 20 1 - 2 * 6 - = | x:dollar 20:dollar 1:dollar -:dollar 2:carton *:dollar 6:dollar -:dollar =:dollar
EXPR: 0 | POS | INT | 21 | 118 | 38 | x=(20+((2+1)*6)) | x 20 2 1 + 6 * + = | x:dollar 20:dollar 2:carton 1:carton +:carton 6:dollar *:dollar +:dollar =:dollar
EXPR: 0 | POS | INT | 21 | 118 | 12 | x=(((20-2)-6)*1) | x 20 2 - 6 - 1 * = | x:dollar 20:carton 2:carton -:carton 6:carton -:carton 1:dollar *:dollar =:dollar
EXPR: 0 | POS | INT | 21 | 118 | 5 | x=((20/2)-(6-1)) | x 20 2 / 6 1 - - = | x:dollar 20:dollar 2:carton /:dollar 6:dollar 1:dollar -:dollar -:dollar =:dollar
EXPR: 0 | POS | INT | 22 | 118 | 60 | 20=((2*1)*(x/6)) | 20 2 1 * x 6 / * = | 20:dollar 2:carton 1:dollar *:dollar x:carton 6:dollar /:carton *:dollar =:dollar
EXPR: 0 | POS | INT | 22 | 118 | 16 | 6=(((20+2)*1)-x) | 6 20 2 + 1 * x - = | 6:dollar 20:carton 2:carton +:carton 1:dollar *:dollar x:dollar -:dollar =:dollar
EXPR: 0 | POS | INT | 22 | 118 | 132 | (x/(20+2))=(1*6) | x 20 2 + / 1 6 * = | x:dollar 20:carton 2:carton +:carton /:dollar 1:dollar 6:carton *:dollar =:dollar
EXPR: 0 | POS | INT | 22 | 118 | 12 | 6=(((20-2)*1)-x) | 6 20 2 - 1 * x - = | 6:dollar 20:carton 2:carton -:carton 1:dollar *:dollar x:dollar -:dollar =:dollar
EXPR: 0 | POS | INT | 22 | 118 | 108 | (x/(20-2))=(1*6) | x 20 2 - / 1 6 * = | x:dollar 20:carton 2:carton -:carton /:dollar 1:dollar 6:carton *:dollar =:dollar
EXPR: 0 | POS | INT | 22 | 118 | 12 | 20=(2+((1*6)+x)) | 20 2 1 6 * x + + = | 20:carton 2:carton 1:carton 6:dollar *:carton x:carton +:carton +:carton =:carton
EXPR: 0 | POS | INT | 22 | 118 | 24 | 2=((20*1)+(6-x)) | 2 20 1 * 6 x - + = | 2:dollar 20:carton 1:dollar *:dollar 6:dollar x:dollar -:dollar +:dollar =:dollar
EXPR: 0 | POS | INT | 22 | 118 | 108 | 6=(x/(20-(2*1))) | 6 x 20 2 1 * - / = | 6:dollar x:dollar 20:carton 2:carton 1:dollar *:carton -:carton /:dollar =:dollar
EXPR: 0 | POS | INT | 22 | 118 | 132 | (20+(2*1))=(x/6) | 20 2 1 * + x 6 / = | 20:carton 2:carton 1:dollar *:carton +:carton x:carton 6:dollar /:carton =:carton
EXPR: 0 | POS | INT | 22 | 118 | 108 | (20-(2*1))=(x/6) | 20 2 1 * - x 6 / = | 20:carton 2:carton 1:dollar *:carton -:carton x:carton 6:dollar /:carton =:carton
EXPR: 0 | POS | INT | 22 | 118 | 28 | (x-(2+(20*1)))=6 | x 2 20 1 * + - 6 = | x:dollar 2:dollar 20:carton 1:dollar *:dollar +:dollar -:dollar 6:dollar =:dollar
EXPR: 0 | POS | INT | 22 | 118 | 119 | 20=((2-(1-x))/6) | 20 2 1 x - - 6 / = | 20:carton 2:carton 1:carton x:carton -:carton -:carton 6:dollar /:carton =:carton
EXPR: 0 | POS | INT | 22 | 118 | 117 | 20=((2+(1+x))/6) | 20 2 1 x + + 6 / = | 20:carton 2:carton 1:carton x:carton +:carton +:carton 6:dollar /:carton =:carton
EXPR: 0 | POS | INT | 22 | 118 | 29 | (x-(20+(2+1)))=6 | x 20 2 1 + + - 6 = | x:dollar 20:dollar 2:dollar 1:dollar +:dollar +:dollar -:dollar 6:dollar =:dollar
EXPR: 0 | POS | INT | 22 | 118 | 8 | 2=((20-(1*x))/6) | 2 20 1 x * - 6 / = | 2:carton 20:carton 1:dollar x:carton *:carton -:carton 6:dollar /:carton =:carton
EXPR: 0 | POS | INT | 25 | 118 | 47 | x=(1+((20*2)+6)) | x 1 20 2 * 6 + + = | x:dollar 1:dollar 20:carton 2:dollar *:dollar 6:dollar +:dollar +:dollar =:dollar
EXPR: 0 | POS | INT | 25 | 118 | 35 | x=((1+(20*2))-6) | x 1 20 2 * + 6 - = | x:dollar 1:dollar 20:carton 2:dollar *:dollar +:dollar 6:dollar -:dollar =:dollar
EXPR: 0 | POS | INT | 25 | 118 | 35 | x=(1+((20*2)-6)) | x 1 20 2 * 6 - + = | x:dollar 1:dollar 20:carton 2:dollar *:dollar 6:dollar -:dollar +:dollar =:dollar
EXPR: 0 | POS | INT | 25 | 118 | 17 | x=(1+((20/2)+6)) | x 1 20 2 / 6 + + = | x:dollar 1:dollar 20:dollar 2:carton /:dollar 6:dollar +:dollar +:dollar =:dollar
EXPR: 0 | POS | INT | 25 | 118 | 47 | x=(1+((20*2)+6)) | x 1 20 2 * 6 + + = | x:dollar 1:dollar 20:dollar 2:carton *:dollar 6:dollar +:dollar +:dollar =:dollar
EXPR: 0 | POS | INT | 25 | 118 | 5 | x=(1+((20/2)-6)) | x 1 20 2 / 6 - + = | x:dollar 1:dollar 20:dollar 2:carton /:dollar 6:dollar -:dollar +:dollar =:dollar
EXPR: 0 | POS | INT | 25 | 118 | 35 | x=(1+((20*2)-6)) | x 1 20 2 * 6 - + = | x:dollar 1:dollar 20:dollar 2:carton *:dollar 6:dollar -:dollar +:dollar =:dollar
EXPR: 0 | POS | INT | 26 | 118 | 47 | x=(1+((20*2)+6)) | x 1 20 2 * 6 + + = | x:dollar 1:dollar 20:carton 2:dollar *:dollar 6:dollar +:dollar +:dollar =:dollar
EXPR: 0 | POS | INT | 26 | 118 | 35 | x=(1+((20*2)-6)) | x 1 20 2 * 6 - + = | x:dollar 1:dollar 20:carton 2:dollar *:dollar 6:dollar -:dollar +:dollar =:dollar
EXPR: 0 | POS | INT | 26 | 118 | 17 | x=(1+((20/2)+6)) | x 1 20 2 / 6 + + = | x:dollar 1:dollar 20:dollar 2:carton /:dollar 6:dollar +:dollar +:dollar =:dollar
EXPR: 0 | POS | INT | 26 | 118 | 47 | x=(1+((20*2)+6)) | x 1 20 2 * 6 + + = | x:dollar 1:dollar 20:dollar 2:carton *:dollar 6:dollar +:dollar +:dollar =:dollar
EXPR: 0 | POS | INT | 26 | 118 | 5 | x=(1+((20/2)-6)) | x 1 20 2 / 6 - + = | x:dollar 1:dollar 20:dollar 2:carton /:dollar 6:dollar -:dollar +:dollar =:dollar
EXPR: 0 | POS | INT | 27 | 118 | 47 | 1=(x-((20*2)+6)) | 1 x 20 2 * 6 + - = | 1:dollar x:dollar 20:dollar 2:carton *:dollar 6:dollar +:dollar -:dollar =:dollar
EXPR: 0 | POS | INT | 27 | 118 | 35 | 1=(x-((20*2)-6)) | 1 x 20 2 * 6 - - = | 1:dollar x:dollar 20:dollar 2:carton *:dollar 6:dollar -:dollar -:dollar =:dollar
EXPR: 0 | POS | INT | 27 | 118 | 35 | (1+((20*2)-x))=6 | 1 20 2 * x - + 6 = | 1:dollar 20:carton 2:dollar *:dollar x:dollar -:dollar +:dollar 6:dollar =:dollar
EXPR: 0 | POS | INT | 27 | 118 | 35 | (1+((20*2)-x))=6 | 1 20 2 * x - + 6 = | 1:dollar 20:dollar 2:carton *:dollar x:dollar -:dollar +:dollar 6:dollar =:dollar
EXPR: 0 | POS | INT | 27 | 118 | 45 | (x+(1-(20*2)))=6 | x 1 20 2 * - + 6 = | x:dollar 1:dollar 20:carton 2:dollar *:dollar -:dollar +:dollar 6:dollar =:dollar
EXPR: 0 | POS | INT | 27 | 118 | 5 | (1+((20/2)-x))=6 | 1 20 2 / x - + 6 = | 1:dollar 20:dollar 2:carton /:dollar x:dollar -:dollar +:dollar 6:dollar =:dollar
EXPR: 0 | POS | INT | 27 | 118 | 47 | (x-(1+(20*2)))=6 | x 1 20 2 * + - 6 = | x:dollar 1:dollar 20:carton 2:dollar *:dollar +:dollar -:dollar 6:dollar =:dollar
EXPR: 0 | POS | INT | 27 | 118 | 45 | (1+(x-(20*2)))=6 | 1 x 20 2 * - + 6 = | 1:dollar x:dollar 20:carton 2:dollar *:dollar -:dollar +:dollar 6:dollar =:dollar
EXPR: 0 | POS | INT | 27 | 118 | 90 | 1=((x/(2-20))+6) | 1 x 2 20 - / 6 + = | 1:dollar x:dollar 2:carton 20:carton -:carton /:dollar 6:dollar +:dollar =:dollar
EXPR: 0 | POS | INT | 30 | 118 | 4 | x=((20/(2*1))-6) | x 20 2 1 * / 6 - = | x:dollar 20:dollar 2:dollar 1:carton *:carton /:dollar 6:dollar -:dollar =:dollar
EXPR: 0 | POS | INT | 30 | 118 | 24 | x=((20-(2*1))+6) | x 20 2 1 * - 6 + = | x:dollar 20:dollar 2:dollar 1:carton *:dollar -:dollar 6:dollar +:dollar =:dollar
EXPR: 0 | POS | INT | 30 | 118 | 26 | x=(20-((1-2)*6)) | x 20 1 2 - 6 * - = | x:dollar 20:dollar 1:carton 2:carton -:carton 6:dollar *:dollar -:dollar =:dollar
EXPR: 0 | POS | INT | 30 | 118 | 8 | x=((20*1)-(2*6)) | x 20 1 * 2 6 * - = | x:dollar 20:carton 1:dollar *:dollar 2:dollar 6:carton *:dollar -:dollar =:dollar
EXPR: 0 | POS | INT | 30 | 118 | 12 | x=(20-((2+6)*1)) | x 20 2 6 + 1 * - = | x:dollar 20:dollar 2:carton 6:carton +:carton 1:dollar *:dollar -:dollar =:dollar
EXPR: 0 | POS | INT | 30 | 118 | 16 | x=((2+(20*1))-6) | x 2 20 1 * + 6 - = | x:carton 2:carton 20:carton 1:dollar *:carton +:carton 6:carton -:carton =:carton
EXPR: 0 | POS | INT | 30 | 118 | 24 | x=(20-((2-6)*1)) | x 20 2 6 - 1 * - = | x:carton 20:carton 2:carton 6:carton -:carton 1:dollar *:carton -:carton =:carton
EXPR: 0 | POS | INT | 30 | 118 | 47 | x=(6+((20*2)+1)) | x 6 20 2 * 1 + + = | x:dollar 6:dollar 20:carton 2:dollar *:dollar 1:dollar +:dollar +:dollar =:dollar
EXPR: 0 | POS | INT | 30 | 118 | 28 | x=((20+(2*1))+6) | x 20 2 1 * + 6 + = | x:dollar 20:dollar 2:dollar 1:carton *:dollar +:dollar 6:dollar +:dollar =:dollar
EXPR: 0 | POS | INT | 30 | 118 | 14 | x=(20+((1-2)*6)) | x 20 1 2 - 6 * + = | x:dollar 20:dollar 1:carton 2:carton -:carton 6:dollar *:dollar +:dollar =:dollar
EXPR: 0 | POS | INT | 30 | 118 | 13 | x=((20-(2-1))-6) | x 20 2 1 - - 6 - = | x:carton 20:carton 2:carton 1:carton -:carton -:carton 6:carton -:carton =:carton
EXPR: 0 | POS | INT | 30 | 118 | 11 | x=((20-1)-(2+6)) | x 20 1 - 2 6 + - = | x:dollar 20:dollar 1:dollar -:dollar 2:dollar 6:dollar +:dollar -:dollar =:dollar
EXPR: 0 | POS | INT | 30 | 118 | 15 | x=((20+(2-1))-6) | x 20 2 1 - + 6 - = | x:carton 20:carton 2:carton 1:carton -:carton +:carton 6:carton -:carton =:carton
EXPR: 0 | POS | INT | 30 | 118 | 28 | x=((20+(2+6))*1) | x 20 2 6 + + 1 * = | x:carton 20:carton 2:carton 6:carton +:carton +:carton 1:dollar *:carton =:carton
EXPR: 0 | POS | INT | 30 | 118 | 13 | x=(20-((2+6)-1)) | x 20 2 6 + 1 - - = | x:dollar 20:dollar 2:dollar 6:dollar +:dollar 1:dollar -:dollar -:dollar =:dollar
EXPR: 0 | POS | INT | 30 | 118 | 24 | x=((20-(2-6))*1) | x 20 2 6 - - 1 * = | x:carton 20:carton 2:carton 6:carton -:carton -:carton 1:dollar *:carton =:carton
EXPR: 0 | POS | INT | 30 | 118 | 12 | x=((20-(2+6))*1) | x 20 2 6 + - 1 * = | x:carton 20:carton 2:carton 6:carton +:carton -:carton 1:dollar *:carton =:carton
EXPR: 0 | POS | INT | 30 | 118 | 12 | x=((20-(2*1))-6) | x 20 2 1 * - 6 - = | x:dollar 20:dollar 2:dollar 1:carton *:dollar -:dollar 6:dollar -:dollar =:dollar
EXPR: 0 | POS | INT | 30 | 118 | 23 | x=(20+((1/2)*6)) | x 20 1 2 / 6 * + = | x:dollar 20:dollar 1:dollar 2:carton /:dollar 6:carton *:dollar +:dollar =:dollar
EXPR: 0 | POS | INT | 30 | 118 | 45 | x=((6+(20*2))-1) | x 6 20 2 * + 1 - = | x:dollar 6:dollar 20:carton 2:dollar *:dollar +:dollar 1:dollar -:dollar =:dollar
EXPR: 0 | POS | INT | 30 | 118 | 13 | x=((20+(1-2))-6) | x 20 1 2 - + 6 - = | x:dollar 20:dollar 1:dollar 2:dollar -:dollar +:dollar 6:dollar -:dollar =:dollar
EXPR: 0 | POS | INT | 30 | 118 | 24 | x=((20-2)+(1*6)) | x 20 2 - 1 6 * + = | x:dollar 20:dollar 2:dollar -:dollar 1:dollar 6:carton *:dollar +:dollar =:dollar
EXPR: 0 | POS | INT | 30 | 118 | 26 | x=(20-((1-2)*6)) | x 20 1 2 - 6 * - = | x:carton 20:carton 1:carton 2:carton -:carton 6:dollar *:carton -:carton =:carton
EXPR: 0 | POS | INT | 30 | 118 | 16 | x=((20+(2*1))-6) | x 20 2 1 * + 6 - = | x:dollar 20:dollar 2:dollar 1:carton *:dollar +:dollar 6:dollar -:dollar =:dollar
EXPR: 0 | POS | INT | 30 | 118 | 45 | x=(6+((20*2)-1)) | x 6 20 2 * 1 - + = | x:dollar 6:dollar 20:carton 2:dollar *:dollar 1:dollar -:dollar +:dollar =:dollar
EXPR: 0 | POS | INT | 30 | 118 | 47 | x=(6+((20*2)+1)) | x 6 20 2 * 1 + + = | x:dollar 6:dollar 20:dollar 2:carton *:dollar 1:dollar +:dollar +:dollar =:dollar
EXPR: 0 | POS | INT | 30 | 118 | 15 | x=(6+((20/2)-1)) | x 6 20 2 / 1 - + = | x:dollar 6:dollar 20:dollar 2:carton /:dollar 1:dollar -:dollar +:dollar =:dollar
EXPR: 0 | POS | INT | 30 | 118 | 17 | x=(6+((20/2)+1)) | x 6 20 2 / 1 + + = | x:dollar 6:dollar 20:dollar 2:carton /:dollar 1:dollar +:dollar +:dollar =:dollar
EXPR: 0 | POS | INT | 30 | 118 | 45 | x=(6+((20*2)-1)) | x 6 20 2 * 1 - + = | x:dollar 6:dollar 20:dollar 2:carton *:dollar 1:dollar -:dollar +:dollar =:dollar
EXPR: 0 | POS | INT | 30 | 118 | 15 | x=((2+(20-1))-6) | x 2 20 1 - + 6 - = | x:dollar 2:dollar 20:dollar 1:dollar -:dollar +:dollar 6:dollar -:dollar =:dollar
EXPR: 0 | POS | INT | 31 | 118 | 24 | x=((20-(2*1))+6) | x 20 2 1 * - 6 + = | x:dollar 20:dollar 2:dollar 1:carton *:dollar -:dollar 6:dollar +:dollar =:dollar
EXPR: 0 | POS | INT | 31 | 118 | 26 | x=(20-((1-2)*6)) | x 20 1 2 - 6 * - = | x:dollar 20:dollar 1:carton 2:carton -:carton 6:dollar *:dollar -:dollar =:dollar
EXPR: 0 | POS | INT | 31 | 118 | 24 | x=(20-((2-6)*1)) | x 20 2 6 - 1 * - = | x:carton 20:carton 2:carton 6:carton -:carton 1:dollar *:carton -:carton =:carton
EXPR: 0 | POS | INT | 31 | 118 | 13 | x=((20-(2-1))-6) | x 20 2 1 - - 6 - = | x:carton 20:carton 2:carton 1:carton -:carton -:carton 6:carton -:carton =:carton
EXPR: 0 | POS | INT | 31 | 118 | 14 | x=(20+((1-2)*6)) | x 20 1 2 - 6 * + = | x:dollar 20:dollar 1:carton 2:carton -:carton 6:dollar *:dollar +:dollar =:dollar
EXPR: 0 | POS | INT | 31 | 118 | 15 | x=((20+(2-1))-6) | x 20 2 1 - + 6 - = | x:carton 20:carton 2:carton 1:carton -:carton +:carton 6:carton -:carton =:carton
EXPR: 0 | POS | INT | 31 | 118 | 28 | x=((20+(2+6))*1) | x 20 2 6 + + 1 * = | x:carton 20:carton 2:carton 6:carton +:carton +:carton 1:dollar *:carton =:carton
EXPR: 0 | POS | INT | 31 | 118 | 12 | x=((20-(2+6))*1) | x 20 2 6 + - 1 * = | x:carton 20:carton 2:carton 6:carton +:carton -:carton 1:dollar *:carton =:carton
EXPR: 0 | POS | INT | 31 | 118 | 24 | x=((20-(2-6))*1) | x 20 2 6 - - 1 * = | x:carton 20:carton 2:carton 6:carton -:carton -:carton 1:dollar *:carton =:carton
EXPR: 0 | POS | INT | 31 | 118 | 13 | x=(20-((2+6)-1)) | x 20 2 6 + 1 - - = | x:dollar 20:dollar 2:dollar 6:dollar +:dollar 1:dollar -:dollar -:dollar =:dollar
EXPR: 0 | POS | INT | 31 | 118 | 47 | x=(6+((20*2)+1)) | x 6 20 2 * 1 + + = | x:dollar 6:dollar 20:carton 2:dollar *:dollar 1:dollar +:dollar +:dollar =:dollar
EXPR: 0 | POS | INT | 31 | 118 | 24 | x=((20-2)+(1*6)) | x 20 2 - 1 6 * + = | x:dollar 20:dollar 2:dollar -:dollar 1:dollar 6:carton *:dollar +:dollar =:dollar
EXPR: 0 | POS | INT | 31 | 118 | 23 | x=(20+((1/2)*6)) | x 20 1 2 / 6 * + = | x:dollar 20:dollar 1:dollar 2:carton /:dollar 6:carton *:dollar +:dollar =:dollar
EXPR: 0 | POS | INT | 31 | 118 | 16 | x=((20+(2*1))-6) | x 20 2 1 * + 6 - = | x:dollar 20:dollar 2:dollar 1:carton *:dollar +:dollar 6:dollar -:dollar =:dollar
EXPR: 0 | POS | INT | 31 | 118 | 26 | x=(20-((1-2)*6)) | x 20 1 2 - 6 * - = | x:carton 20:carton 1:carton 2:carton -:carton 6:dollar *:carton -:carton =:carton
EXPR: 0 | POS | INT | 31 | 118 | 47 | x=(6+((20*2)+1)) | x 6 20 2 * 1 + + = | x:dollar 6:dollar 20:dollar 2:carton *:dollar 1:dollar +:dollar +:dollar =:dollar
EXPR: 0 | POS | INT | 31 | 118 | 17 | x=(6+((20/2)+1)) | x 6 20 2 / 1 + + = | x:dollar 6:dollar 20:dollar 2:carton /:dollar 1:dollar +:dollar +:dollar =:dollar
EXPR: 0 | POS | INT | 31 | 118 | 45 | x=(6+((20*2)-1)) | x 6 20 2 * 1 - + = | x:dollar 6:dollar 20:dollar 2:carton *:dollar 1:dollar -:dollar +:dollar =:dollar
EXPR: 0 | POS | INT | 31 | 118 | 15 | x=((2+(20-1))-6) | x 2 20 1 - + 6 - = | x:dollar 2:dollar 20:dollar 1:dollar -:dollar +:dollar 6:dollar -:dollar =:dollar
EXPR: 0 | POS | INT | 32 | 118 | 35 | 6=((20*2)+(1-x)) | 6 20 2 * 1 x - + = | 6:dollar 20:carton 2:dollar *:dollar 1:dollar x:dollar -:dollar +:dollar =:dollar
EXPR: 0 | POS | INT | 32 | 118 | 46 | (x-(20*2))=(1*6) | x 20 2 * - 1 6 * = | x:dollar 20:carton 2:dollar *:dollar -:dollar 1:dollar 6:carton *:dollar =:dollar
EXPR: 0 | POS | INT | 32 | 118 | 63 | 2=(((20+1)/x)*6) | 2 20 1 + x / 6 * = | 2:dollar 20:carton 1:carton +:carton x:dollar /:carton 6:dollar *:dollar =:dollar
EXPR: 0 | POS | INT | 32 | 118 | 57 | 2=(((20-1)/x)*6) | 2 20 1 - x / 6 * = | 2:dollar 20:carton 1:carton -:carton x:dollar /:carton 6:dollar *:dollar =:dollar
EXPR: 0 | POS | INT | 32 | 118 | 31 | (x-(20-1))=(2*6) | x 20 1 - - 2 6 * = | x:dollar 20:dollar 1:dollar -:dollar -:dollar 2:carton 6:dollar *:dollar =:dollar
EXPR: 0 | POS | INT | 32 | 118 | 14 | ((20/(2-1))-x)=6 | 20 2 1 - / x - 6 = | 20:carton 2:dollar 1:dollar -:dollar /:carton x:carton -:carton 6:carton =:carton
EXPR: 0 | POS | INT | 32 | 118 | 35 | (x+(6-(20*2)))=1 | x 6 20 2 * - + 1 = | x:dollar 6:dollar 20:dollar 2:carton *:dollar -:dollar +:dollar 1:dollar =:dollar
EXPR: 0 | POS | INT | 32 | 118 | 14 | 6=((20*(2-1))-x) | 6 20 2 1 - * x - = | 6:dollar 20:carton 2:dollar 1:dollar -:dollar *:dollar x:dollar -:dollar =:dollar
EXPR: 0 | POS | INT | 32 | 118 | 108 | 2=(20-((1/6)*x)) | 2 20 1 6 / x * - = | 2:carton 20:carton 1:dollar 6:carton /:dollar x:carton *:carton -:carton =:carton
EXPR: 0 | POS | INT | 32 | 118 | 28 | 20=(x-((2*1)+6)) | 20 x 2 1 * 6 + - = | 20:dollar x:dollar 2:dollar 1:carton *:dollar 6:dollar +:dollar -:dollar =:dollar
EXPR: 0 | POS | INT | 32 | 118 | 16 | 20=(x-((2*1)-6)) | 20 x 2 1 * 6 - - = | 20:dollar x:dollar 2:dollar 1:carton *:dollar 6:dollar -:dollar -:dollar =:dollar
EXPR: 0 | POS | INT | 32 | 118 | 45 | (6+((20*2)-x))=1 | 6 20 2 * x - + 1 = | 6:dollar 20:carton 2:dollar *:dollar x:dollar -:dollar +:dollar 1:dollar =:dollar
EXPR: 0 | POS | INT | 32 | 118 | 24 | (x-(20-(2*1)))=6 | x 20 2 1 * - - 6 = | x:dollar 20:dollar 2:dollar 1:carton *:dollar -:dollar -:dollar 6:dollar =:dollar
EXPR: 0 | POS | INT | 32 | 118 | 17 | 6=(2*((20*1)-x)) | 6 2 20 1 * x - * = | 6:dollar 2:carton 20:carton 1:dollar *:dollar x:dollar -:dollar *:dollar =:dollar
EXPR: 0 | POS | INT | 32 | 118 | 24 | (x-(20-2))=(1*6) | x 20 2 - - 1 6 * = | x:carton 20:carton 2:carton -:carton -:carton 1:dollar 6:carton *:carton =:carton
EXPR: 0 | POS | INT | 32 | 118 | 12 | 2=(20-((1*6)+x)) | 2 20 1 6 * x + - = | 2:carton 20:carton 1:dollar 6:carton *:carton x:carton +:carton -:carton =:carton
EXPR: 0 | POS | INT | 32 | 118 | 12 | 2=(20-((1*x)+6)) | 2 20 1 x * 6 + - = | 2:carton 20:carton 1:dollar x:carton *:carton 6:carton +:carton -:carton =:carton
EXPR: 0 | POS | INT | 32 | 118 | 24 | 2=(20+((1*6)-x)) | 2 20 1 6 * x - + = | 2:carton 20:carton 1:dollar 6:carton *:carton x:carton -:carton +:carton =:carton
EXPR: 0 | POS | INT | 32 | 118 | 28 | 2=(x/(20-(1*6))) | 2 x 20 1 6 * - / = | 2:dollar x:dollar 20:carton 1:carton 6:dollar *:carton -:carton /:dollar =:dollar
EXPR: 0 | POS | INT | 32 | 118 | 114 | 6=(x/(20-(2-1))) | 6 x 20 2 1 - - / = | 6:dollar x:dollar 20:carton 2:carton 1:carton -:carton -:carton /:dollar =:dollar
EXPR: 0 | POS | INT | 32 | 118 | 47 | 6=(x-((20*2)+1)) | 6 x 20 2 * 1 + - = | 6:dollar x:dollar 20:dollar 2:carton *:dollar 1:dollar +:dollar -:dollar =:dollar
EXPR: 0 | POS | INT | 32 | 118 | 24 | 6=(((2-20)*1)+x) | 6 2 20 - 1 * x + = | 6:dollar 2:carton 20:carton -:carton 1:dollar *:dollar x:dollar +:dollar =:dollar
EXPR: 0 | POS | INT | 32 | 118 | 45 | 6=(x-((20*2)-1)) | 6 x 20 2 * 1 - - = | 6:dollar x:dollar 20:dollar 2:carton *:dollar 1:dollar -:dollar -:dollar =:dollar
EXPR: 0 | POS | INT | 32 | 118 | 28 | (x-(20+2))=(1*6) | x 20 2 + - 1 6 * = | x:carton 20:carton 2:carton +:carton -:carton 1:carton 6:dollar *:carton =:carton
EXPR: 0 | POS | INT | 32 | 118 | 126 | (20+(2-1))=(x/6) | 20 2 1 - + x 6 / = | 20:carton 2:carton 1:carton -:carton +:carton x:carton 6:dollar /:carton =:carton
EXPR: 0 | POS | INT | 32 | 118 | 240 | (x/(20*2))=(1*6) | x 20 2 * / 1 6 * = | x:dollar 20:dollar 2:carton *:carton /:dollar 1:dollar 6:carton *:dollar =:dollar
EXPR: 0 | POS | INT | 32 | 118 | 138 | (20+(2+1))=(x/6) | 20 2 1 + + x 6 / = | 20:carton 2:carton 1:carton +:carton +:carton x:carton 6:dollar /:carton =:carton
EXPR: 0 | POS | INT | 32 | 118 | 114 | (20-(2-1))=(x/6) | 20 2 1 - - x 6 / = | 20:carton 2:carton 1:carton -:carton -:carton x:carton 6:dollar /:carton =:carton
EXPR: 0 | POS | INT | 32 | 118 | 29 | (x-(2+(20+1)))=6 | x 2 20 1 + + - 6 = | x:dollar 2:dollar 20:dollar 1:dollar +:dollar +:dollar -:dollar 6:dollar =:dollar
EXPR: 0 | POS | INT | 32 | 118 | 61 | 1=(x-(20*(6/2))) | 1 x 20 6 2 / * - = | 1:dollar x:dollar 20:carton 6:dollar 2:carton /:dollar *:dollar -:dollar =:dollar
EXPR: 0 | POS | INT | 32 | 118 | 46 | (x-(20*2))=(1*6) | x 20 2 * - 1 6 * = | x:dollar 20:dollar 2:carton *:dollar -:dollar 1:dollar 6:carton *:dollar =:dollar
EXPR: 0 | POS | INT | 32 | 118 | 22 | (((x-20)+1)*2)=6 | x 20 - 1 + 2 * 6 = | x:dollar 20:dollar -:dollar 1:dollar +:dollar 2:carton *:carton 6:carton =:carton
EXPR: 0 | POS | INT | 35 | 118 | 34 | x=(20+((1+6)*2)) | x 20 1 6 + 2 * + = | x:carton 20:carton 1:dollar 6:dollar +:dollar 2:carton *:carton +:carton =:carton
EXPR: 0 | POS | INT | 35 | 118 | 138 | x=((1+(20+2))*6) | x 1 20 2 + + 6 * = | x:carton 1:carton 20:carton 2:carton +:carton +:carton 6:dollar *:carton =:carton
EXPR: 0 | POS | INT | 35 | 118 | 60 | x=(20*((1*6)/2)) | x 20 1 6 * 2 / * = | x:dollar 20:carton 1:carton 6:dollar *:dollar 2:carton /:dollar *:dollar =:dollar
EXPR: 0 | POS | INT | 35 | 118 | 57 | x=(((20-1)*6)/2) | x 20 1 - 6 * 2 / = | x:dollar 20:carton 1:carton -:carton 6:dollar *:dollar 2:carton /:dollar =:dollar
EXPR: 0 | POS | INT | 35 | 118 | 63 | x=(((20+1)*6)/2) | x 20 1 + 6 * 2 / = | x:dollar 20:carton 1:carton +:carton 6:dollar *:dollar 2:carton /:dollar =:dollar
EXPR: 0 | POS | INT | 35 | 118 | 123 | x=(2+(1+(20*6))) | x 2 1 20 6 * + + = | x:dollar 2:dollar 1:dollar 20:carton 6:dollar *:dollar +:dollar +:dollar =:dollar
EXPR: 0 | POS | INT | 35 | 118 | 63 | x=((20+1)*(6/2)) | x 20 1 + 6 2 / * = | x:dollar 20:carton 1:carton +:carton 6:dollar 2:carton /:dollar *:dollar =:dollar
EXPR: 0 | POS | INT | 35 | 118 | 12 | x=((1*(20-2))-6) | x 1 20 2 - * 6 - = | x:carton 1:dollar 20:carton 2:carton -:carton *:carton 6:carton -:carton =:carton
EXPR: 0 | POS | INT | 35 | 118 | 54 | x=(((2+1)*20)-6) | x 2 1 + 20 * 6 - = | x:dollar 2:dollar 1:dollar +:dollar 20:carton *:dollar 6:dollar -:dollar =:dollar
EXPR: 0 | POS | INT | 35 | 118 | 22 | x=((20-1)+(6/2)) | x 20 1 - 6 2 / + = | x:dollar 20:dollar 1:dollar -:dollar 6:dollar 2:carton /:dollar +:dollar =:dollar
EXPR: 0 | POS | INT | 35 | 118 | 17 | x=((1+(20+2))-6) | x 1 20 2 + + 6 - = | x:dollar 1:dollar 20:dollar 2:dollar +:dollar +:dollar 6:dollar -:dollar =:dollar
EXPR: 0 | POS | INT | 35 | 118 | 109 | x=(1+((20-2)*6)) | x 1 20 2 - 6 * + = | x:carton 1:carton 20:carton 2:carton -:carton 6:dollar *:carton +:carton =:carton
EXPR: 0 | POS | INT | 36 | 118 | 138 | x=((1+(20+2))*6) | x 1 20 2 + + 6 * = | x:carton 1:carton 20:carton 2:carton +:carton +:carton 6:dollar *:carton =:carton
EXPR: 0 | POS | INT | 36 | 118 | 34 | x=(20+((1+6)*2)) | x 20 1 6 + 2 * + = | x:carton 20:carton 1:dollar 6:dollar +:dollar 2:carton *:carton +:carton =:carton
EXPR: 0 | POS | INT | 36 | 118 | 63 | x=(((20+1)*6)/2) | x 20 1 + 6 * 2 / = | x:dollar 20:carton 1:carton +:carton 6:dollar *:dollar 2:carton /:dollar =:dollar
EXPR: 0 | POS | INT | 36 | 118 | 123 | x=(2+(1+(20*6))) | x 2 1 20 6 * + + = | x:dollar 2:dollar 1:dollar 20:carton 6:dollar *:dollar +:dollar +:dollar =:dollar
EXPR: 0 | POS | INT | 36 | 118 | 12 | x=((1*(20-2))-6) | x 1 20 2 - * 6 - = | x:carton 1:dollar 20:carton 2:carton -:carton *:carton 6:carton -:carton =:carton
EXPR: 0 | POS | INT | 36 | 118 | 54 | x=(((2+1)*20)-6) | x 2 1 + 20 * 6 - = | x:dollar 2:dollar 1:dollar +:dollar 20:carton *:dollar 6:dollar -:dollar =:dollar
EXPR: 0 | POS | INT | 36 | 118 | 22 | x=((20-1)+(6/2)) | x 20 1 - 6 2 / + = | x:dollar 20:dollar 1:dollar -:dollar 6:dollar 2:carton /:dollar +:dollar =:dollar
EXPR: 0 | POS | INT | 36 | 118 | 17 | x=((1+(20+2))-6) | x 1 20 2 + + 6 - = | x:dollar 1:dollar 20:dollar 2:dollar +:dollar +:dollar 6:dollar -:dollar =:dollar
EXPR: 0 | POS | INT | 37 | 118 | 60 | 1=((20/2)*(6/x)) | 1 20 2 / 6 x / * = | 1:dollar 20:carton 2:dollar /:carton 6:dollar x:carton /:dollar *:dollar =:dollar
EXPR: 1 | POS | INT | 37 | 118 | 118 | (x+(2*1))=(20*6) | x 2 1 * + 20 6 * = | x:dollar 2:carton 1:dollar *:dollar +:dollar 20:carton 6:dollar *:dollar =:dollar
EXPR: 0 | POS | INT | 37 | 118 | 122 | (x-(2*1))=(20*6) | x 2 1 * - 20 6 * = | x:dollar 2:carton 1:dollar *:dollar -:dollar 20:carton 6:dollar *:dollar =:dollar
EXPR: 0 | POS | INT | 37 | 118 | 107 | 1=((6*(20-2))-x) | 1 6 20 2 - * x - = | 1:dollar 6:dollar 20:carton 2:carton -:carton *:dollar x:dollar -:dollar =:dollar
EXPR: 0 | POS | INT | 37 | 118 | 34 | (1*((20*2)-x))=6 | 1 20 2 * x - * 6 = | 1:carton 20:carton 2:dollar *:dollar x:dollar -:dollar *:dollar 6:dollar =:dollar
EXPR: 0 | POS | INT | 37 | 118 | 131 | 1=((6*(20+2))-x) | 1 6 20 2 + * x - = | 1:dollar 6:dollar 20:carton 2:carton +:carton *:dollar x:dollar -:dollar =:dollar
EXPR: 0 | POS | INT | 37 | 118 | 50 | (1+((2/20)*x))=6 | 1 2 20 / x * + 6 = | 1:dollar 2:carton 20:dollar /:carton x:dollar *:dollar +:dollar 6:dollar =:dollar
EXPR: 0 | POS | INT | 37 | 118 | 11 | 1=((20-2)-(6+x)) | 1 20 2 - 6 x + - = | 1:dollar 20:dollar 2:dollar -:dollar 6:dollar x:dollar +:dollar -:dollar =:dollar
EXPR: 0 | POS | INT | 37 | 118 | 109 | 1=(x-((20-2)*6)) | 1 x 20 2 - 6 * - = | 1:carton x:carton 20:carton 2:carton -:carton 6:dollar *:carton -:carton =:carton
EXPR: 0 | POS | INT | 37 | 118 | 240 | 1=((20*2)*(6/x)) | 1 20 2 * 6 x / * = | 1:dollar 20:carton 2:dollar *:carton 6:dollar x:carton /:dollar *:dollar =:dollar
EXPR: 0 | POS | INT | 37 | 118 | 8 | (1+((20*2)/x))=6 | 1 20 2 * x / + 6 = | 1:dollar 20:dollar 2:carton *:dollar x:carton /:dollar +:dollar 6:dollar =:dollar
EXPR: 0 | POS | INT | 37 | 118 | 8 | (1+((20*2)/x))=6 | 1 20 2 * x / + 6 = | 1:dollar 20:carton 2:dollar *:dollar x:carton /:dollar +:dollar 6:dollar =:dollar
EXPR: 0 | POS | INT | 37 | 118 | 22 | (((x+1)-20)*2)=6 | x 1 + 20 - 2 * 6 = | x:dollar 1:dollar +:dollar 20:dollar -:dollar 2:carton *:carton 6:carton =:carton
EXPR: 0 | POS | INT | 37 | 118 | 13 | (1-(x-(20-2)))=6 | 1 x 20 2 - - - 6 = | 1:dollar x:dollar 20:dollar 2:dollar -:dollar -:dollar -:dollar 6:dollar =:dollar
EXPR: 0 | POS | INT | 40 | 118 | 126 | x=(((20-1)+2)*6) | x 20 1 - 2 + 6 * = | x:dollar 20:dollar 1:dollar -:dollar 2:dollar +:dollar 6:carton *:dollar =:dollar
EXPR: 0 | POS | INT | 40 | 118 | 7 | x=((20+1)*(2/6)) | x 20 1 + 2 6 / * = | x:dollar 20:carton 1:carton +:carton 2:dollar 6:carton /:dollar *:dollar =:dollar
EXPR: 0 | POS | INT | 40 | 118 | 29 | x=((20+(2+6))+1) | x 20 2 6 + + 1 + = | x:carton 20:carton 2:carton 6:carton +:carton +:carton 1:carton +:carton =:carton
EXPR: 0 | POS | INT | 40 | 118 | 17 | x=((20+(2-6))+1) | x 20 2 6 - + 1 + = | x:carton 20:carton 2:carton 6:carton -:carton +:carton 1:carton +:carton =:carton
EXPR: 0 | POS | INT | 40 | 118 | 12 | x=((20*1)-(2+6)) | x 20 1 * 2 6 + - = | x:dollar 20:dollar 1:carton *:dollar 2:dollar 6:dollar +:dollar -:dollar =:dollar
EXPR: 0 | POS | INT | 40 | 118 | 79 | x=(((6-2)*20)-1) | x 6 2 - 20 * 1 - = | x:dollar 6:dollar 2:dollar -:dollar 20:carton *:dollar 1:dollar -:dollar =:dollar
EXPR: 0 | POS | INT | 40 | 118 | 32 | x=((20+(2*6))*1) | x 20 2 6 * + 1 * = | x:carton 20:carton 2:dollar 6:carton *:carton +:carton 1:dollar *:carton =:carton
EXPR: 0 | POS | INT | 40 | 118 | 28 | x=(2+(20+(1*6))) | x 2 20 1 6 * + + = | x:dollar 2:dollar 20:dollar 1:carton 6:dollar *:dollar +:dollar +:dollar =:dollar
EXPR: 0 | POS | INT | 40 | 118 | 28 | x=((2+(20*1))+6) | x 2 20 1 * + 6 + = | x:dollar 2:dollar 20:dollar 1:carton *:dollar +:dollar 6:dollar +:dollar =:dollar
EXPR: 0 | POS | INT | 40 | 118 | 13 | x=((20+(1-2))-6) | x 20 1 2 - + 6 - = | x:carton 20:carton 1:carton 2:carton -:carton +:carton 6:carton -:carton =:carton
EXPR: 0 | POS | INT | 40 | 118 | 31 | x=((20-1)+(2*6)) | x 20 1 - 2 6 * + = | x:dollar 20:dollar 1:dollar -:dollar 2:dollar 6:carton *:dollar +:dollar =:dollar
EXPR: 0 | POS | INT | 40 | 118 | 24 | x=(6+((20-2)*1)) | x 6 20 2 - 1 * + = | x:carton 6:carton 20:carton 2:carton -:carton 1:dollar *:carton +:carton =:carton
EXPR: 0 | POS | INT | 40 | 118 | 33 | x=(20+((2*6)+1)) | x 20 2 6 * 1 + + = | x:dollar 20:dollar 2:dollar 6:carton *:dollar 1:dollar +:dollar +:dollar =:dollar
EXPR: 0 | POS | INT | 40 | 118 | 15 | x=((2+(20-1))-6) | x 2 20 1 - + 6 - = | x:carton 2:carton 20:carton 1:carton -:carton +:carton 6:carton -:carton =:carton
EXPR: 0 | POS | INT | 41 | 118 | 12 | x=((20*1)-(2+6)) | x 20 1 * 2 6 + - = | x:dollar 20:dollar 1:carton *:dollar 2:dollar 6:dollar +:dollar -:dollar =:dollar
EXPR: 0 | POS | INT | 41 | 118 | 79 | x=(((6-2)*20)-1) | x 6 2 - 20 * 1 - = | x:dollar 6:dollar 2:dollar -:dollar 20:carton *:dollar 1:dollar -:dollar =:dollar
EXPR: 0 | POS | INT | 41 | 118 | 29 | x=((20+(2+6))+1) | x 20 2 6 + + 1 + = | x:carton 20:carton 2:carton 6:carton +:carton +:carton 1:carton +:carton =:carton
EXPR: 0 | POS | INT | 41 | 118 | 13 | x=((20+(1-2))-6) | x 20 1 2 - + 6 - = | x:carton 20:carton 1:carton 2:carton -:carton +:carton 6:carton -:carton =:carton
EXPR: 0 | POS | INT | 41 | 118 | 31 | x=((20-1)+(2*6)) | x 20 1 - 2 6 * + = | x:dollar 20:dollar 1:dollar -:dollar 2:dollar 6:carton *:dollar +:dollar =:dollar
EXPR: 0 | POS | INT | 41 | 118 | 33 | x=(20+((2*6)+1)) | x 20 2 6 * 1 + + = | x:dollar 20:dollar 2:dollar 6:carton *:dollar 1:dollar +:dollar +:dollar =:dollar
EXPR: 0 | POS | INT | 41 | 118 | 24 | x=(6+((20-2)*1)) | x 6 20 2 - 1 * + = | x:carton 6:carton 20:carton 2:carton -:carton 1:dollar *:carton +:carton =:carton
EXPR: 0 | POS | INT | 42 | 118 | 60 | 20=((2*1)*(x/6)) | 20 2 1 * x 6 / * = | 20:dollar 2:dollar 1:carton *:carton x:dollar 6:carton /:dollar *:dollar =:dollar
EXPR: 0 | POS | INT | 42 | 118 | 16 | 6=((20+(2*1))-x) | 6 20 2 1 * + x - = | 6:carton 20:carton 2:carton 1:dollar *:carton +:carton x:carton -:carton =:carton
EXPR: 0 | POS | INT | 42 | 118 | 70 | 6=(((2/20)*x)-1) | 6 2 20 / x * 1 - = | 6:dollar 2:carton 20:dollar /:carton x:dollar *:dollar 1:dollar -:dollar =:dollar
EXPR: 0 | POS | INT | 42 | 118 | 31 | 20=(x-((2*6)-1)) | 20 x 2 6 * 1 - - = | 20:dollar x:dollar 2:dollar 6:carton *:dollar 1:dollar -:dollar -:dollar =:dollar
EXPR: 0 | POS | INT | 42 | 118 | 33 | 20=(x-((2*6)+1)) | 20 x 2 6 * 1 + - = | 20:dollar x:dollar 2:dollar 6:carton *:dollar 1:dollar +:dollar -:dollar =:dollar
EXPR: 0 | POS | INT | 42 | 118 | 14 | 6=((20*(2-1))-x) | 6 20 2 1 - * x - = | 6:dollar 20:dollar 2:carton 1:carton -:carton *:dollar x:dollar -:dollar =:dollar
EXPR: 0 | POS | INT | 42 | 118 | 32 | (x-(20*1))=(2*6) | x 20 1 * - 2 6 * = | x:dollar 20:dollar 1:carton *:dollar -:dollar 2:carton 6:dollar *:dollar =:dollar
EXPR: 0 | POS | INT | 42 | 118 | 240 | (x/(20*1))=(2*6) | x 20 1 * / 2 6 * = | x:dollar 20:dollar 1:carton *:carton /:dollar 2:carton 6:dollar *:dollar =:dollar
EXPR: 0 | POS | INT | 42 | 118 | 28 | 2=(x-((20*1)+6)) | 2 x 20 1 * 6 + - = | 2:dollar x:dollar 20:dollar 1:carton *:dollar 6:dollar +:dollar -:dollar =:dollar
EXPR: 0 | POS | INT | 42 | 118 | 132 | (6*(20+2))=(x*1) | 6 20 2 + * x 1 * = | 6:dollar 20:carton 2:carton +:carton *:carton x:dollar 1:carton *:carton =:carton
EXPR: 0 | POS | INT | 42 | 118 | 54 | 6=((20*(2+1))-x) | 6 20 2 1 + * x - = | 6:dollar 20:dollar 2:carton 1:carton +:carton *:dollar x:dollar -:dollar =:dollar
EXPR: 0 | POS | INT | 42 | 118 | 3 | (6*(x/(20-2)))=1 | 6 x 20 2 - / * 1 = | 6:carton x:dollar 20:carton 2:carton -:carton /:dollar *:carton 1:carton =:carton
EXPR: 0 | POS | INT | 42 | 118 | 28 | (x-(2+(20*1)))=6 | x 2 20 1 * + - 6 = | x:dollar 2:dollar 20:dollar 1:carton *:dollar +:dollar -:dollar 6:dollar =:dollar
EXPR: 0 | POS | INT | 42 | 118 | 40 | 20=((x*(2+1))/6) | 20 x 2 1 + * 6 / = | 20:dollar x:carton 2:dollar 1:dollar +:dollar *:dollar 6:carton /:dollar =:dollar
EXPR: 0 | POS | INT | 42 | 118 | 120 | 20=((x*(2-1))/6) | 20 x 2 1 - * 6 / = | 20:dollar x:carton 2:dollar 1:dollar -:dollar *:dollar 6:carton /:dollar =:dollar
EXPR: 0 | POS | INT | 42 | 118 | 16 | 2=(x-((20*1)-6)) | 2 x 20 1 * 6 - - = | 2:dollar x:dollar 20:dollar 1:carton *:dollar 6:dollar -:dollar -:dollar =:dollar
EXPR: 0 | POS | INT | 42 | 118 | 252 | (2*(20+1))=(x/6) | 2 20 1 + * x 6 / = | 2:carton 20:dollar 1:dollar +:dollar *:dollar x:dollar 6:carton /:dollar =:dollar
EXPR: 0 | POS | INT | 42 | 118 | 24 | (6+((20*1)-x))=2 | 6 20 1 * x - + 2 = | 6:dollar 20:carton 1:dollar *:dollar x:dollar -:dollar +:dollar 2:dollar =:dollar
EXPR: 0 | POS | INT | 42 | 118 | 81 | 1=(x-(20*(6-2))) | 1 x 20 6 2 - * - = | 1:dollar x:dollar 20:carton 6:dollar 2:dollar -:dollar *:dollar -:dollar =:dollar
EXPR: 0 | POS | INT | 42 | 118 | 228 | (2*(20-1))=(x/6) | 2 20 1 - * x 6 / = | 2:carton 20:dollar 1:dollar -:dollar *:dollar x:dollar 6:carton /:dollar =:dollar
EXPR: 0 | POS | INT | 42 | 118 | 240 | 2=((x/(20*6))*1) | 2 x 20 6 * / 1 * = | 2:dollar x:carton 20:carton 6:dollar *:dollar /:carton 1:dollar *:dollar =:dollar
EXPR: 0 | POS | INT | 42 | 118 | 32 | 6=((2*(20-1))-x) | 6 2 20 1 - * x - = | 6:dollar 2:carton 20:dollar 1:dollar -:dollar *:dollar x:dollar -:dollar =:dollar
EXPR: 0 | POS | INT | 42 | 118 | 7 | (20-(x*2))=(1*6) | 20 x 2 * - 1 6 * = | 20:carton x:carton 2:dollar *:carton -:carton 1:carton 6:dollar *:carton =:carton
EXPR: 0 | POS | INT | 42 | 118 | 60 | (x*(2/20))=(1*6) | x 2 20 / * 1 6 * = | x:dollar 2:carton 20:dollar /:carton *:dollar 1:dollar 6:carton *:dollar =:dollar
EXPR: 0 | POS | INT | 42 | 118 | 240 | 20=((1/(2*6))*x) | 20 1 2 6 * / x * = | 20:carton 1:carton 2:dollar 6:carton *:dollar /:carton x:dollar *:carton =:carton
EXPR: 0 | POS | INT | 42 | 118 | 108 | 6=(x/(20-(2*1))) | 6 x 20 2 1 * - / = | 6:dollar x:dollar 20:carton 2:dollar 1:carton *:carton -:carton /:dollar =:dollar
EXPR: 0 | POS | INT | 42 | 118 | 240 | (x/(20*1))=(2*6) | x 20 1 * / 2 6 * = | x:dollar 20:carton 1:dollar *:carton /:dollar 2:dollar 6:carton *:dollar =:dollar
EXPR: 0 | POS | INT | 42 | 118 | 108 | (6*(20-2))=(x*1) | 6 20 2 - * x 1 * = | 6:dollar 20:carton 2:carton -:carton *:carton x:dollar 1:carton *:carton =:carton
EXPR: 0 | POS | INT | 42 | 118 | 17 | 6=(2*((20*1)-x)) | 6 2 20 1 * x - * = | 6:carton 2:carton 20:carton 1:dollar *:dollar x:dollar -:dollar *:carton =:carton
EXPR: 0 | POS | INT | 42 | 118 | 54 | 20=(2*(1+(x/6))) | 20 2 1 x 6 / + * = | 20:dollar 2:dollar 1:carton x:carton 6:dollar /:carton +:carton *:dollar =:dollar
EXPR: 0 | POS | INT | 42 | 118 | 24 | 2=(20+((1*6)-x)) | 2 20 1 6 * x - + = | 2:dollar 20:dollar 1:dollar 6:carton *:dollar x:dollar -:dollar +:dollar =:dollar
EXPR: 0 | POS | INT | 42 | 118 | 31 | (x-(20-1))=(2*6) | x 20 1 - - 2 6 * = | x:carton 20:carton 1:carton -:carton -:carton 2:carton 6:dollar *:carton =:carton
EXPR: 0 | POS | INT | 42 | 118 | 16 | (x-(20/(2*1)))=6 | x 20 2 1 * / - 6 = | x:carton 20:carton 2:dollar 1:carton *:dollar /:carton -:carton 6:carton =:carton
EXPR: 0 | POS | INT | 42 | 118 | 33 | (x-(20+1))=(2*6) | x 20 1 + - 2 6 * = | x:carton 20:carton 1:carton +:carton -:carton 2:carton 6:dollar *:carton =:carton
EXPR: 0 | POS | INT | 42 | 118 | 16 | (x+(6-(20*1)))=2 | x 6 20 1 * - + 2 = | x:dollar 6:dollar 20:carton 1:dollar *:dollar -:dollar +:dollar 2:dollar =:dollar
EXPR: 0 | POS | INT | 42 | 118 | 16 | (2+((20*1)-x))=6 | 2 20 1 * x - + 6 = | 2:dollar 20:dollar 1:carton *:dollar x:dollar -:dollar +:dollar 6:dollar =:dollar
EXPR: 0 | POS | INT | 42 | 118 | 28 | 1=((x-(20+6))/2) | 1 x 20 6 + - 2 / = | 1:dollar x:dollar 20:dollar 6:dollar +:dollar -:dollar 2:carton /:dollar =:dollar
EXPR: 0 | POS | INT | 42 | 118 | 33 | 6=((x-(20+1))/2) | 6 x 20 1 + - 2 / = | 6:dollar x:dollar 20:dollar 1:dollar +:dollar -:dollar 2:carton /:dollar =:dollar
EXPR: 0 | POS | INT | 42 | 118 | 28 | (20-(x/(2*1)))=6 | 20 x 2 1 * / - 6 = | 20:carton x:carton 2:dollar 1:carton *:dollar /:carton -:carton 6:carton =:carton
EXPR: 0 | POS | INT | 42 | 118 | 16 | 1=((x-(20-6))/2) | 1 x 20 6 - - 2 / = | 1:dollar x:dollar 20:dollar 6:dollar -:dollar -:dollar 2:carton /:dollar =:dollar
EXPR: 0 | POS | INT | 42 | 118 | 60 | ((x*2)/20)=(1*6) | x 2 * 20 / 1 6 * = | x:dollar 2:carton *:carton 20:dollar /:carton 1:carton 6:dollar *:carton =:carton
EXPR: 0 | POS | INT | 42 | 118 | 25 | (x-(6+(20-2)))=1 | x 6 20 2 - + - 1 = | x:dollar 6:dollar 20:dollar 2:dollar -:dollar +:dollar -:dollar 1:dollar =:dollar
EXPR: 0 | POS | INT | 42 | 118 | 28 | (x-(20+(2*1)))=6 | x 20 2 1 * + - 6 = | x:carton 20:carton 2:dollar 1:carton *:carton +:carton -:carton 6:carton =:carton
EXPR: 0 | POS | INT | 42 | 118 | 13 | (x+(2-(20-6)))=1 | x 2 20 6 - - + 1 = | x:dollar 2:dollar 20:dollar 6:dollar -:dollar -:dollar +:dollar 1:dollar =:dollar
EXPR: 0 | POS | INT | 42 | 118 | 12 | (20-(x+(2*1)))=6 | 20 x 2 1 * + - 6 = | 20:carton x:carton 2:dollar 1:carton *:carton +:carton -:carton 6:carton =:carton
EXPR: 0 | POS | INT | 42 | 118 | 16 | (20-(x-(2*1)))=6 | 20 x 2 1 * - - 6 = | 20:carton x:carton 2:dollar 1:carton *:carton -:carton -:carton 6:carton =:carton
EXPR: 0 | POS | INT | 42 | 118 | 108 | 20=(2+((1*x)/6)) | 20 2 1 x * 6 / + = | 20:dollar 2:dollar 1:dollar x:carton *:dollar 6:carton /:dollar +:dollar =:dollar
EXPR: 0 | POS | INT | 45 | 118 | 76 | x=((20-1)*(6-2)) | x 20 1 - 6 2 - * = | x:dollar 20:carton 1:carton -:carton 6:dollar 2:dollar -:dollar *:dollar =:dollar
EXPR: 0 | POS | INT | 45 | 118 | 16 | x=(6+((1/2)*20)) | x 6 1 2 / 20 * + = | x:dollar 6:dollar 1:dollar 2:carton /:dollar 20:carton *:dollar +:dollar =:dollar
EXPR: 0 | POS | INT | 45 | 118 | 15 | x=(20-((1+6)-2)) | x 20 1 6 + 2 - - = | x:dollar 20:dollar 1:dollar 6:dollar +:dollar 2:dollar -:dollar -:dollar =:dollar
EXPR: 0 | POS | INT | 45 | 118 | 124 | x=(((20+1)*6)-2) | x 20 1 + 6 * 2 - = | x:dollar 20:carton 1:carton +:carton 6:dollar *:dollar 2:dollar -:dollar =:dollar
EXPR: 0 | POS | INT | 45 | 118 | 12 | x=(20-((1*6)+2)) | x 20 1 6 * 2 + - = | x:carton 20:carton 1:dollar 6:carton *:carton 2:carton +:carton -:carton =:carton
EXPR: 0 | POS | INT | 45 | 118 | 12 | x=((1*(20-2))-6) | x 1 20 2 - * 6 - = | x:dollar 1:carton 20:dollar 2:dollar -:dollar *:dollar 6:dollar -:dollar =:dollar
EXPR: 0 | POS | INT | 45 | 118 | 7 | x=(((20+1)/6)*2) | x 20 1 + 6 / 2 * = | x:dollar 20:dollar 1:dollar +:dollar 6:carton /:dollar 2:carton *:dollar =:dollar
EXPR: 0 | POS | INT | 45 | 118 | 17 | x=((20*1)-(6/2)) | x 20 1 * 6 2 / - = | x:dollar 20:dollar 1:carton *:dollar 6:dollar 2:carton /:dollar -:dollar =:dollar
EXPR: 0 | POS | INT | 45 | 118 | 160 | x=(20*((1*6)+2)) | x 20 1 6 * 2 + * = | x:dollar 20:carton 1:carton 6:dollar *:dollar 2:dollar +:dollar *:dollar =:dollar
EXPR: 0 | POS | INT | 45 | 118 | 28 | x=(20+((1*6)+2)) | x 20 1 6 * 2 + + = | x:carton 20:carton 1:dollar 6:carton *:carton 2:carton +:carton +:carton =:carton
EXPR: 0 | POS | INT | 45 | 118 | 116 | x=(((20-1)*6)+2) | x 20 1 - 6 * 2 + = | x:dollar 20:carton 1:carton -:carton 6:dollar *:dollar 2:dollar +:dollar =:dollar
EXPR: 0 | POS | INT | 45 | 118 | 45 | x=((6-1)+(20*2)) | x 6 1 - 20 2 * + = | x:dollar 6:dollar 1:dollar -:dollar 20:dollar 2:carton *:dollar +:dollar =:dollar
EXPR: 0 | POS | INT | 45 | 118 | 15 | x=((6-1)+(20/2)) | x 6 1 - 20 2 / + = | x:dollar 6:dollar 1:dollar -:dollar 20:dollar 2:carton /:dollar +:dollar =:dollar
EXPR: 0 | POS | INT | 45 | 118 | 116 | x=(2-((1-20)*6)) | x 2 1 20 - 6 * - = | x:carton 2:carton 1:carton 20:carton -:carton 6:dollar *:carton -:carton =:carton
EXPR: 0 | POS | INT | 45 | 118 | 246 | x=((1+(20*2))*6) | x 1 20 2 * + 6 * = | x:carton 1:dollar 20:dollar 2:carton *:dollar +:dollar 6:carton *:carton =:carton
EXPR: 0 | POS | INT | 46 | 118 | 16 | x=(6+((1/2)*20)) | x 6 1 2 / 20 * + = | x:dollar 6:dollar 1:dollar 2:carton /:dollar 20:carton *:dollar +:dollar =:dollar
EXPR: 0 | POS | INT | 46 | 118 | 15 | x=(20-((1+6)-2)) | x 20 1 6 + 2 - - = | x:dollar 20:dollar 1:dollar 6:dollar +:dollar 2:dollar -:dollar -:dollar =:dollar
EXPR: 0 | POS | INT | 46 | 118 | 12 | x=(20-((1*6)+2)) | x 20 1 6 * 2 + - = | x:carton 20:carton 1:dollar 6:carton *:carton 2:carton +:carton -:carton =:carton
EXPR: 0 | POS | INT | 46 | 118 | 124 | x=(((20+1)*6)-2) | x 20 1 + 6 * 2 - = | x:dollar 20:carton 1:carton +:carton 6:dollar *:dollar 2:dollar -:dollar =:dollar
EXPR: 0 | POS | INT | 46 | 118 | 7 | x=(((20+1)/6)*2) | x 20 1 + 6 / 2 * = | x:dollar 20:dollar 1:dollar +:dollar 6:carton /:dollar 2:carton *:dollar =:dollar
EXPR: 0 | POS | INT | 46 | 118 | 17 | x=((20*1)-(6/2)) | x 20 1 * 6 2 / - = | x:dollar 20:dollar 1:carton *:dollar 6:dollar 2:carton /:dollar -:dollar =:dollar
EXPR: 0 | POS | INT | 46 | 118 | 28 | x=(20+((1*6)+2)) | x 20 1 6 * 2 + + = | x:carton 20:carton 1:dollar 6:carton *:carton 2:carton +:carton +:carton =:carton
EXPR: 0 | POS | INT | 46 | 118 | 45 | x=((6-1)+(20*2)) | x 6 1 - 20 2 * + = | x:dollar 6:dollar 1:dollar -:dollar 20:dollar 2:carton *:dollar +:dollar =:dollar
EXPR: 0 | POS | INT | 46 | 118 | 15 | x=((6-1)+(20/2)) | x 6 1 - 20 2 / + = | x:dollar 6:dollar 1:dollar -:dollar 20:dollar 2:carton /:dollar +:dollar =:dollar
EXPR: 0 | POS | INT | 46 | 118 | 246 | x=((1+(20*2))*6) | x 1 20 2 * + 6 * = | x:carton 1:dollar 20:dollar 2:carton *:dollar +:dollar 6:carton *:carton =:carton
EXPR: 0 | POS | INT | 47 | 118 | 5 | 6=((1+(20/2))-x) | 6 1 20 2 / + x - = | 6:dollar 1:dollar 20:dollar 2:carton /:dollar +:dollar x:dollar -:dollar =:dollar
EXPR: 0 | POS | INT | 47 | 118 | 12 | 20=(6+((2*1)+x)) | 20 6 2 1 * x + + = | 20:dollar 6:dollar 2:dollar 1:carton *:dollar x:dollar +:dollar +:dollar =:dollar
EXPR: 0 | POS | INT | 47 | 118 | 117 | (x+(2+1))=(20*6) | x 2 1 + + 20 6 * = | x:dollar 2:dollar 1:dollar +:dollar +:dollar 20:carton 6:dollar *:dollar =:dollar
EXPR: 0 | POS | INT | 47 | 118 | 119 | (x+(2-1))=(20*6) | x 2 1 - + 20 6 * = | x:dollar 2:dollar 1:dollar -:dollar +:dollar 20:carton 6:dollar *:dollar =:dollar
EXPR: 0 | POS | INT | 47 | 118 | 121 | (x-(2-1))=(20*6) | x 2 1 - - 20 6 * = | x:dollar 2:dollar 1:dollar -:dollar -:dollar 20:carton 6:dollar *:dollar =:dollar
EXPR: 0 | POS | INT | 47 | 118 | 240 | (1*(x/20))=(2*6) | 1 x 20 / * 2 6 * = | 1:dollar x:carton 20:dollar /:carton *:carton 2:carton 6:dollar *:carton =:carton
EXPR: 0 | POS | INT | 47 | 118 | 28 | 20=(6+((1/2)*x)) | 20 6 1 2 / x * + = | 20:carton 6:carton 1:dollar 2:carton /:dollar x:carton *:carton +:carton =:carton
EXPR: 0 | POS | INT | 47 | 118 | 45 | 6=(1-((20*2)-x)) | 6 1 20 2 * x - - = | 6:dollar 1:dollar 20:dollar 2:carton *:dollar x:dollar -:dollar -:dollar =:dollar
EXPR: 0 | POS | INT | 47 | 118 | 31 | (x+(1-20))=(2*6) | x 1 20 - + 2 6 * = | x:carton 1:carton 20:carton -:carton +:carton 2:carton 6:dollar *:carton =:carton
EXPR: 0 | POS | INT | 47 | 118 | 7 | 1=(20-((2*6)+x)) | 1 20 2 6 * x + - = | 1:dollar 20:dollar 2:dollar 6:carton *:dollar x:dollar +:dollar -:dollar =:dollar
EXPR: 0 | POS | INT | 47 | 118 | 3 | 1=((x/(20-2))*6) | 1 x 20 2 - / 6 * = | 1:dollar x:carton 20:dollar 2:dollar -:dollar /:carton 6:dollar *:dollar =:dollar
EXPR: 0 | POS | INT | 47 | 118 | 220 | (1+(x/20))=(2*6) | 1 x 20 / + 2 6 * = | 1:dollar x:dollar 20:carton /:dollar +:dollar 2:dollar 6:carton *:dollar =:dollar
EXPR: 0 | POS | INT | 47 | 118 | 122 | 1=(6*(20/(x-2))) | 1 6 20 x 2 - / * = | 1:dollar 6:dollar 20:carton x:dollar 2:dollar -:dollar /:carton *:dollar =:dollar
EXPR: 0 | POS | INT | 47 | 118 | 24 | (20+(6-(1*x)))=2 | 20 6 1 x * - + 2 = | 20:carton 6:carton 1:dollar x:carton *:carton -:carton +:carton 2:carton =:carton
EXPR: 0 | POS | INT | 47 | 118 | 12 | (20-(6+(1*x)))=2 | 20 6 1 x * + - 2 = | 20:carton 6:carton 1:dollar x:carton *:carton +:carton -:carton 2:carton =:carton
EXPR: 0 | POS | INT | 47 | 118 | 50 | (1+(x*(2/20)))=6 | 1 x 2 20 / * + 6 = | 1:dollar x:carton 2:dollar 20:carton /:dollar *:dollar +:dollar 6:dollar =:dollar
EXPR: 0 | POS | INT | 47 | 118 | 7 | 1=((20-(2*x))/6) | 1 20 2 x * - 6 / = | 1:carton 20:carton 2:dollar x:carton *:carton -:carton 6:dollar /:carton =:carton
EXPR: 0 | POS | INT | 47 | 118 | 80 | (2+(x*(1/20)))=6 | 2 x 1 20 / * + 6 = | 2:carton x:carton 1:dollar 20:carton /:dollar *:carton +:carton 6:carton =:carton
EXPR: 0 | POS | INT | 47 | 118 | 240 | ((x*1)/20)=(2*6) | x 1 * 20 / 2 6 * = | x:dollar 1:carton *:carton 20:dollar /:carton 2:carton 6:dollar *:carton =:carton
EXPR: 0 | POS | INT | 47 | 118 | 16 | (x-(20-(1*6)))=2 | x 20 1 6 * - - 2 = | x:carton 20:carton 1:dollar 6:carton *:carton -:carton -:carton 2:carton =:carton
EXPR: 0 | POS | INT | 47 | 118 | 13 | (1-(x+(2-20)))=6 | 1 x 2 20 - + - 6 = | 1:dollar x:dollar 2:dollar 20:dollar -:dollar +:dollar -:dollar 6:dollar =:dollar
EXPR: 0 | POS | INT | 47 | 118 | 60 | 1=((x*(2/6))/20) | 1 x 2 6 / * 20 / = | 1:dollar x:dollar 2:carton 6:dollar /:carton *:dollar 20:carton /:dollar =:dollar
EXPR: 0 | POS | INT | 47 | 118 | 12 | (20-(x+(1*6)))=2 | 20 x 1 6 * + - 2 = | 20:carton x:carton 1:dollar 6:carton *:carton +:carton -:carton 2:carton =:carton
EXPR: 0 | POS | INT | 47 | 118 | 24 | (20-(x-(1*6)))=2 | 20 x 1 6 * - - 2 = | 20:carton x:carton 1:dollar 6:carton *:carton -:carton -:carton 2:carton =:carton
EXPR: 0 | POS | INT | 47 | 118 | 28 | 20=(6+((1*x)/2)) | 20 6 1 x * 2 / + = | 20:dollar 6:dollar 1:dollar x:carton *:dollar 2:carton /:dollar +:dollar =:dollar
EXPR: 0 | POS | INT | 50 | 118 | 16 | x=((2+(20*1))-6) | x 2 20 1 * + 6 - = | x:carton 2:carton 20:dollar 1:carton *:carton +:carton 6:carton -:carton =:carton
EXPR: 0 | POS | INT | 50 | 118 | 29 | x=((6+(20+2))+1) | x 6 20 2 + + 1 + = | x:carton 6:carton 20:carton 2:carton +:carton +:carton 1:carton +:carton =:carton
EXPR: 0 | POS | INT | 50 | 118 | 25 | x=((6+(20-2))+1) | x 6 20 2 - + 1 + = | x:carton 6:carton 20:carton 2:carton -:carton +:carton 1:carton +:carton =:carton
EXPR: 0 | POS | INT | 50 | 118 | 8 | x=((20*1)-(2*6)) | x 20 1 * 2 6 * - = | x:dollar 20:dollar 1:carton *:dollar 2:dollar 6:carton *:dollar -:dollar =:dollar
EXPR: 0 | POS | INT | 50 | 118 | 24 | x=((6+(20*1))-2) | x 6 20 1 * + 2 - = | x:carton 6:carton 20:carton 1:dollar *:carton +:carton 2:carton -:carton =:carton
EXPR: 0 | POS | INT | 50 | 118 | 123 | x=((2+(20*6))+1) | x 2 20 6 * + 1 + = | x:dollar 2:dollar 20:dollar 6:carton *:dollar +:dollar 1:dollar +:dollar =:dollar
EXPR: 0 | POS | INT | 50 | 118 | 112 | x=((6*(20-1))-2) | x 6 20 1 - * 2 - = | x:dollar 6:dollar 20:carton 1:carton -:carton *:dollar 2:dollar -:dollar =:dollar
EXPR: 0 | POS | INT | 50 | 118 | 132 | x=(6*((20*1)+2)) | x 6 20 1 * 2 + * = | x:dollar 6:carton 20:carton 1:dollar *:dollar 2:dollar +:dollar *:dollar =:dollar
EXPR: 0 | POS | INT | 50 | 118 | 108 | x=(6*((20*1)-2)) | x 6 20 1 * 2 - * = | x:dollar 6:carton 20:carton 1:dollar *:dollar 2:dollar -:dollar *:dollar =:dollar
EXPR: 0 | POS | INT | 50 | 118 | 50 | x=((6+(20-1))*2) | x 6 20 1 - + 2 * = | x:carton 6:dollar 20:dollar 1:dollar -:dollar +:dollar 2:carton *:carton =:carton
EXPR: 0 | POS | INT | 51 | 118 | 16 | x=((2+(20*1))-6) | x 2 20 1 * + 6 - = | x:carton 2:carton 20:dollar 1:carton *:carton +:carton 6:carton -:carton =:carton
EXPR: 0 | POS | INT | 51 | 118 | 25 | x=((6+(20-2))+1) | x 6 20 2 - + 1 + = | x:carton 6:carton 20:carton 2:carton -:carton +:carton 1:carton +:carton =:carton
EXPR: 0 | POS | INT | 51 | 118 | 29 | x=((6+(20+2))+1) | x 6 20 2 + + 1 + = | x:carton 6:carton 20:carton 2:carton +:carton +:carton 1:carton +:carton =:carton
EXPR: 0 | POS | INT | 51 | 118 | 8 | x=((20*1)-(2*6)) | x 20 1 * 2 6 * - = | x:dollar 20:dollar 1:carton *:dollar 2:dollar 6:carton *:dollar -:dollar =:dollar
EXPR: 0 | POS | INT | 51 | 118 | 24 | x=((6+(20*1))-2) | x 6 20 1 * + 2 - = | x:carton 6:carton 20:carton 1:dollar *:carton +:carton 2:carton -:carton =:carton
EXPR: 0 | POS | INT | 51 | 118 | 112 | x=((6*(20-1))-2) | x 6 20 1 - * 2 - = | x:dollar 6:dollar 20:carton 1:carton -:carton *:dollar 2:dollar -:dollar =:dollar
EXPR: 0 | POS | INT | 51 | 118 | 132 | x=(6*((20*1)+2)) | x 6 20 1 * 2 + * = | x:dollar 6:carton 20:carton 1:dollar *:dollar 2:dollar +:dollar *:dollar =:dollar
EXPR: 0 | POS | INT | 51 | 118 | 108 | x=(6*((20*1)-2)) | x 6 20 1 * 2 - * = | x:dollar 6:carton 20:carton 1:dollar *:dollar 2:dollar -:dollar *:dollar =:dollar
EXPR: 0 | POS | INT | 52 | 118 | 13 | 6=((20-(2+x))+1) | 6 20 2 x + - 1 + = | 6:carton 20:carton 2:carton x:carton +:carton -:carton 1:carton +:carton =:carton
EXPR: 0 | POS | INT | 52 | 118 | 16 | 6=((20+(2*1))-x) | 6 20 2 1 * + x - = | 6:dollar 20:dollar 2:dollar 1:carton *:dollar +:dollar x:dollar -:dollar =:dollar
NET 399 non-negative, integer-valued solutions found out of 1000 total solutions
