parameters: n=9 l=4 k=1 p=5 q=2 m=10
TOTAL 1000 solutions found
SOLN: CORRECT | POS/NEG | INT/FRA | OBJ-SCORE | TRUE-ANS | ANS | INFIX | POSTFIX | TYPED-POSTFIX
EXPR: 0 | POS | INT | 0 | 74 | 216 | x=(((109.0*2)+11.0)-13.0) | x 109.0 2 * 11.0 + 13.0 - = | x:money 109.0:money 2:shirt *:money 11.0:money +:money 13.0:money -:money =:money
EXPR: 0 | POS | INT | 0 | 74 | 61 | x=(109.0-(2*(11.0+13.0))) | x 109.0 2 11.0 13.0 + * - = | x:money 109.0:money 2:shirt 11.0:money 13.0:money +:money *:money -:money =:money
EXPR: 0 | POS | INT | 0 | 74 | 157 | x=(109.0+(2*(11.0+13.0))) | x 109.0 2 11.0 13.0 + * + = | x:money 109.0:money 2:shirt 11.0:money 13.0:money +:money *:money +:money =:money
EXPR: 0 | POS | INT | 0 | 74 | 113 | x=(109.0-(2*(11.0-13.0))) | x 109.0 2 11.0 13.0 - * - = | x:money 109.0:money 2:shirt 11.0:money 13.0:money -:money *:money -:money =:money
EXPR: 0 | POS | INT | 0 | 74 | 105 | x=(109.0+(2*(11.0-13.0))) | x 109.0 2 11.0 13.0 - * + = | x:money 109.0:money 2:shirt 11.0:money 13.0:money -:money *:money +:money =:money
EXPR: 0 | POS | INT | 0 | 74 | 5232 | x=((109.0*2)*(11.0+13.0)) | x 109.0 2 * 11.0 13.0 + * = | x:money 109.0:money 2:shirt *:shirt 11.0:money 13.0:money +:money *:money =:money
EXPR: 0 | POS | INT | 0 | 74 | 242 | x=(((109.0*2)+11.0)+13.0) | x 109.0 2 * 11.0 + 13.0 + = | x:money 109.0:money 2:shirt *:money 11.0:money +:money 13.0:money +:money =:money
EXPR: 0 | POS | INT | 0 | 74 | 220 | x=(((109.0*2)-11.0)+13.0) | x 109.0 2 * 11.0 - 13.0 + = | x:money 109.0:money 2:shirt *:money 11.0:money -:money 13.0:money +:money =:money
EXPR: 1 | POS | INT | 0 | 74 | 74 | x=(109.0-((2*11.0)+13.0)) | x 109.0 2 11.0 * 13.0 + - = | x:money 109.0:money 2:shirt 11.0:money *:money 13.0:money +:money -:money =:money
EXPR: 0 | POS | INT | 0 | 74 | 194 | x=(((109.0*2)-11.0)-13.0) | x 109.0 2 * 11.0 - 13.0 - = | x:money 109.0:money 2:shirt *:money 11.0:money -:money 13.0:money -:money =:money
EXPR: 0 | POS | INT | 0 | 74 | 118 | x=((109.0+(2*11.0))-13.0) | x 109.0 2 11.0 * + 13.0 - = | x:money 109.0:money 2:shirt 11.0:money *:money +:money 13.0:money -:money =:money
EXPR: 1 | POS | INT | 0 | 74 | 74 | x=((109.0-(2*11.0))-13.0) | x 109.0 2 11.0 * - 13.0 - = | x:money 109.0:money 2:shirt 11.0:money *:money -:money 13.0:money -:money =:money
EXPR: 0 | POS | INT | 0 | 74 | 100 | x=(109.0-((2*11.0)-13.0)) | x 109.0 2 11.0 * 13.0 - - = | x:money 109.0:money 2:shirt 11.0:money *:money 13.0:money -:money -:money =:money
EXPR: 0 | POS | INT | 0 | 74 | 118 | x=(109.0+((2*11.0)-13.0)) | x 109.0 2 11.0 * 13.0 - + = | x:money 109.0:money 2:shirt 11.0:money *:money 13.0:money -:money +:money =:money
EXPR: 0 | POS | INT | 0 | 74 | 144 | x=(109.0+((2*11.0)+13.0)) | x 109.0 2 11.0 * 13.0 + + = | x:money 109.0:money 2:shirt 11.0:money *:money 13.0:money +:money +:money =:money
EXPR: 0 | POS | INT | 0 | 74 | 216 | x=((109.0*2)+(11.0-13.0)) | x 109.0 2 * 11.0 13.0 - + = | x:money 109.0:money 2:shirt *:money 11.0:money 13.0:money -:money +:money =:money
EXPR: 0 | POS | INT | 0 | 74 | 242 | x=((109.0*2)+(11.0+13.0)) | x 109.0 2 * 11.0 13.0 + + = | x:money 109.0:money 2:shirt *:money 11.0:money 13.0:money +:money +:money =:money
EXPR: 0 | POS | INT | 0 | 74 | 100 | x=((109.0-(2*11.0))+13.0) | x 109.0 2 11.0 * - 13.0 + = | x:money 109.0:money 2:shirt 11.0:money *:money -:money 13.0:money +:money =:money
EXPR: 0 | POS | INT | 0 | 74 | 194 | x=((109.0*2)-(11.0+13.0)) | x 109.0 2 * 11.0 13.0 + - = | x:money 109.0:money 2:shirt *:money 11.0:money 13.0:money +:money -:money =:money
EXPR: 0 | POS | INT | 0 | 74 | 220 | x=((109.0*2)-(11.0-13.0)) | x 109.0 2 * 11.0 13.0 - - = | x:money 109.0:money 2:shirt *:money 11.0:money 13.0:money -:money -:money =:money
EXPR: 0 | POS | INT | 0 | 74 | 144 | x=((109.0+(2*11.0))+13.0) | x 109.0 2 11.0 * + 13.0 + = | x:money 109.0:money 2:shirt 11.0:money *:money +:money 13.0:money +:money =:money
EXPR: 0 | POS | INT | 1 | 74 | 157 | x=(109.0+(2*(11.0+13.0))) | x 109.0 2 11.0 13.0 + * + = | x:money 109.0:money 2:shirt 11.0:money 13.0:money +:money *:money +:money =:money
EXPR: 0 | POS | INT | 1 | 74 | 216 | x=(((109.0*2)+11.0)-13.0) | x 109.0 2 * 11.0 + 13.0 - = | x:money 109.0:money 2:shirt *:money 11.0:money +:money 13.0:money -:money =:money
EXPR: 0 | POS | INT | 1 | 74 | 61 | x=(109.0-(2*(11.0+13.0))) | x 109.0 2 11.0 13.0 + * - = | x:money 109.0:money 2:shirt 11.0:money 13.0:money +:money *:money -:money =:money
EXPR: 0 | POS | INT | 1 | 74 | 5232 | x=((109.0*2)*(11.0+13.0)) | x 109.0 2 * 11.0 13.0 + * = | x:money 109.0:money 2:shirt *:shirt 11.0:money 13.0:money +:money *:money =:money
EXPR: 0 | POS | INT | 1 | 74 | 113 | x=(109.0-(2*(11.0-13.0))) | x 109.0 2 11.0 13.0 - * - = | x:money 109.0:money 2:shirt 11.0:money 13.0:money -:money *:money -:money =:money
EXPR: 0 | POS | INT | 1 | 74 | 242 | x=(((109.0*2)+11.0)+13.0) | x 109.0 2 * 11.0 + 13.0 + = | x:money 109.0:money 2:shirt *:money 11.0:money +:money 13.0:money +:money =:money
EXPR: 0 | POS | INT | 1 | 74 | 105 | x=(109.0+(2*(11.0-13.0))) | x 109.0 2 11.0 13.0 - * + = | x:money 109.0:money 2:shirt 11.0:money 13.0:money -:money *:money +:money =:money
EXPR: 0 | POS | INT | 1 | 74 | 220 | x=(((109.0*2)-11.0)+13.0) | x 109.0 2 * 11.0 - 13.0 + = | x:money 109.0:money 2:shirt *:money 11.0:money -:money 13.0:money +:money =:money
EXPR: 1 | POS | INT | 1 | 74 | 74 | x=((109.0-(2*11.0))-13.0) | x 109.0 2 11.0 * - 13.0 - = | x:money 109.0:money 2:shirt 11.0:money *:money -:money 13.0:money -:money =:money
EXPR: 0 | POS | INT | 1 | 74 | 100 | x=(109.0-((2*11.0)-13.0)) | x 109.0 2 11.0 * 13.0 - - = | x:money 109.0:money 2:shirt 11.0:money *:money 13.0:money -:money -:money =:money
EXPR: 0 | POS | INT | 1 | 74 | 194 | x=(((109.0*2)-11.0)-13.0) | x 109.0 2 * 11.0 - 13.0 - = | x:money 109.0:money 2:shirt *:money 11.0:money -:money 13.0:money -:money =:money
EXPR: 0 | POS | INT | 1 | 74 | 144 | x=(109.0+((2*11.0)+13.0)) | x 109.0 2 11.0 * 13.0 + + = | x:money 109.0:money 2:shirt 11.0:money *:money 13.0:money +:money +:money =:money
EXPR: 0 | POS | INT | 1 | 74 | 118 | x=((109.0+(2*11.0))-13.0) | x 109.0 2 11.0 * + 13.0 - = | x:money 109.0:money 2:shirt 11.0:money *:money +:money 13.0:money -:money =:money
EXPR: 0 | POS | INT | 1 | 74 | 118 | x=(109.0+((2*11.0)-13.0)) | x 109.0 2 11.0 * 13.0 - + = | x:money 109.0:money 2:shirt 11.0:money *:money 13.0:money -:money +:money =:money
EXPR: 0 | POS | INT | 1 | 74 | 242 | x=((109.0*2)+(11.0+13.0)) | x 109.0 2 * 11.0 13.0 + + = | x:money 109.0:money 2:shirt *:money 11.0:money 13.0:money +:money +:money =:money
EXPR: 1 | POS | INT | 1 | 74 | 74 | x=(109.0-((2*11.0)+13.0)) | x 109.0 2 11.0 * 13.0 + - = | x:money 109.0:money 2:shirt 11.0:money *:money 13.0:money +:money -:money =:money
EXPR: 0 | POS | INT | 1 | 74 | 194 | x=((109.0*2)-(11.0+13.0)) | x 109.0 2 * 11.0 13.0 + - = | x:money 109.0:money 2:shirt *:money 11.0:money 13.0:money +:money -:money =:money
EXPR: 0 | POS | INT | 1 | 74 | 220 | x=((109.0*2)-(11.0-13.0)) | x 109.0 2 * 11.0 13.0 - - = | x:money 109.0:money 2:shirt *:money 11.0:money 13.0:money -:money -:money =:money
EXPR: 0 | POS | INT | 1 | 74 | 100 | x=((109.0-(2*11.0))+13.0) | x 109.0 2 11.0 * - 13.0 + = | x:money 109.0:money 2:shirt 11.0:money *:money -:money 13.0:money +:money =:money
EXPR: 0 | POS | INT | 1 | 74 | 216 | x=((109.0*2)+(11.0-13.0)) | x 109.0 2 * 11.0 13.0 - + = | x:money 109.0:money 2:shirt *:money 11.0:money 13.0:money -:money +:money =:money
EXPR: 0 | POS | INT | 1 | 74 | 144 | x=((109.0+(2*11.0))+13.0) | x 109.0 2 11.0 * + 13.0 + = | x:money 109.0:money 2:shirt 11.0:money *:money +:money 13.0:money +:money =:money
EXPR: 0 | POS | INT | 10 | 74 | 1703 | x=((109.0+(2*11.0))*13.0) | x 109.0 2 11.0 * + 13.0 * = | x:money 109.0:money 2:shirt 11.0:money *:money +:money 13.0:shirt *:money =:money
EXPR: 0 | POS | INT | 10 | 74 | 2568 | x=((109.0-2)*(11.0+13.0)) | x 109.0 2 - 11.0 13.0 + * = | x:money 109.0:shirt 2:shirt -:shirt 11.0:money 13.0:money +:money *:money =:money
EXPR: 0 | POS | INT | 10 | 74 | 1190 | x=(((109.0-2)*11.0)+13.0) | x 109.0 2 - 11.0 * 13.0 + = | x:money 109.0:shirt 2:shirt -:shirt 11.0:money *:money 13.0:money +:money =:money
EXPR: 0 | POS | INT | 10 | 74 | 1234 | x=(((109.0+2)*11.0)+13.0) | x 109.0 2 + 11.0 * 13.0 + = | x:money 109.0:shirt 2:shirt +:shirt 11.0:money *:money 13.0:money +:money =:money
EXPR: 0 | POS | INT | 10 | 74 | 87 | x=((109.0+(2-11.0))-13.0) | x 109.0 2 11.0 - + 13.0 - = | x:money 109.0:money 2:money 11.0:money -:money +:money 13.0:money -:money =:money
EXPR: 0 | POS | INT | 10 | 74 | 278 | x=(109.0+((2+11.0)*13.0)) | x 109.0 2 11.0 + 13.0 * + = | x:money 109.0:money 2:shirt 11.0:shirt +:shirt 13.0:money *:money +:money =:money
EXPR: 0 | POS | INT | 10 | 74 | 109 | x=((109.0+(2+11.0))-13.0) | x 109.0 2 11.0 + + 13.0 - = | x:money 109.0:money 2:money 11.0:money +:money +:money 13.0:money -:money =:money
EXPR: 0 | POS | INT | 10 | 74 | 220 | x=((109.0*2)+(13.0-11.0)) | x 109.0 2 * 13.0 11.0 - + = | x:money 109.0:money 2:shirt *:money 13.0:money 11.0:money -:money +:money =:money
EXPR: 0 | POS | INT | 10 | 74 | 94 | x=((109.0-(2*13.0))+11.0) | x 109.0 2 13.0 * - 11.0 + = | x:money 109.0:money 2:shirt 13.0:money *:money -:money 11.0:money +:money =:money
EXPR: 0 | POS | INT | 10 | 74 | 146 | x=((109.0+(2*13.0))+11.0) | x 109.0 2 13.0 * + 11.0 + = | x:money 109.0:money 2:shirt 13.0:money *:money +:money 11.0:money +:money =:money
EXPR: 0 | POS | INT | 10 | 74 | 3815 | x=(109.0*((2*11.0)+13.0)) | x 109.0 2 11.0 * 13.0 + * = | x:money 109.0:money 2:shirt 11.0:money *:shirt 13.0:shirt +:shirt *:money =:money
EXPR: 0 | POS | INT | 10 | 74 | 135 | x=(109.0+((2+11.0)+13.0)) | x 109.0 2 11.0 + 13.0 + + = | x:money 109.0:money 2:money 11.0:money +:money 13.0:money +:money +:money =:money
EXPR: 0 | POS | INT | 10 | 74 | 214 | x=(2*((109.0+11.0)-13.0)) | x 2 109.0 11.0 + 13.0 - * = | x:money 2:shirt 109.0:money 11.0:money +:money 13.0:money -:money *:money =:money
EXPR: 0 | POS | INT | 10 | 74 | 266 | x=(2*((109.0+11.0)+13.0)) | x 2 109.0 11.0 + 13.0 + * = | x:money 2:shirt 109.0:money 11.0:money +:money 13.0:money +:money *:money =:money
EXPR: 0 | POS | INT | 10 | 74 | 1131 | x=((109.0-(2*11.0))*13.0) | x 109.0 2 11.0 * - 13.0 * = | x:money 109.0:shirt 2:shirt 11.0:money *:shirt -:shirt 13.0:money *:money =:money
EXPR: 0 | POS | INT | 11 | 74 | 2568 | x=((109.0-2)*(11.0+13.0)) | x 109.0 2 - 11.0 13.0 + * = | x:money 109.0:shirt 2:shirt -:shirt 11.0:money 13.0:money +:money *:money =:money
EXPR: 0 | POS | INT | 11 | 74 | 278 | x=(109.0+((2+11.0)*13.0)) | x 109.0 2 11.0 + 13.0 * + = | x:money 109.0:money 2:shirt 11.0:shirt +:shirt 13.0:money *:money +:money =:money
EXPR: 0 | POS | INT | 11 | 74 | 94 | x=((109.0-(2*13.0))+11.0) | x 109.0 2 13.0 * - 11.0 + = | x:money 109.0:money 2:shirt 13.0:money *:money -:money 11.0:money +:money =:money
EXPR: 0 | POS | INT | 11 | 74 | 146 | x=((109.0+(2*13.0))+11.0) | x 109.0 2 13.0 * + 11.0 + = | x:money 109.0:money 2:shirt 13.0:money *:money +:money 11.0:money +:money =:money
EXPR: 0 | POS | INT | 11 | 74 | 3815 | x=(109.0*((2*11.0)+13.0)) | x 109.0 2 11.0 * 13.0 + * = | x:money 109.0:money 2:shirt 11.0:money *:shirt 13.0:shirt +:shirt *:money =:money
EXPR: 0 | POS | INT | 11 | 74 | 220 | x=((109.0*2)+(13.0-11.0)) | x 109.0 2 * 13.0 11.0 - + = | x:money 109.0:money 2:shirt *:money 13.0:money 11.0:money -:money +:money =:money
EXPR: 0 | POS | INT | 11 | 74 | 109 | x=((109.0+(2+11.0))-13.0) | x 109.0 2 11.0 + + 13.0 - = | x:money 109.0:money 2:money 11.0:money +:money +:money 13.0:money -:money =:money
EXPR: 0 | POS | INT | 11 | 74 | 135 | x=(109.0+((2+11.0)+13.0)) | x 109.0 2 11.0 + 13.0 + + = | x:money 109.0:money 2:money 11.0:money +:money 13.0:money +:money +:money =:money
EXPR: 0 | POS | INT | 11 | 74 | 1131 | x=((109.0-(2*11.0))*13.0) | x 109.0 2 11.0 * - 13.0 * = | x:money 109.0:shirt 2:shirt 11.0:money *:shirt -:shirt 13.0:money *:money =:money
EXPR: 0 | POS | INT | 12 | 74 | 109 | 109.0=(x*(2/(13.0-11.0))) | 109.0 x 2 13.0 11.0 - / * = | 109.0:money x:money 2:shirt 13.0:money 11.0:money -:money /:shirt *:money =:money
EXPR: 0 | POS | INT | 17 | 74 | 36 | 11.0=(109.0-(2*(13.0+x))) | 11.0 109.0 2 13.0 x + * - = | 11.0:money 109.0:money 2:shirt 13.0:money x:money +:money *:money -:money =:money
EXPR: 0 | POS | INT | 20 | 74 | 87 | x=((109.0-(11.0-2))-13.0) | x 109.0 11.0 2 - - 13.0 - = | x:money 109.0:money 11.0:money 2:money -:money -:money 13.0:money -:money =:money
EXPR: 0 | POS | INT | 20 | 74 | 109 | x=((109.0/(2+11.0))*13.0) | x 109.0 2 11.0 + / 13.0 * = | x:money 109.0:shirt 2:money 11.0:money +:money /:shirt 13.0:money *:money =:money
EXPR: 0 | POS | INT | 20 | 74 | 1404 | x=((109.0*(2+11.0))-13.0) | x 109.0 2 11.0 + * 13.0 - = | x:money 109.0:shirt 2:money 11.0:money +:money *:money 13.0:money -:money =:money
EXPR: 0 | POS | INT | 20 | 74 | 2664 | x=((109.0+2)*(11.0+13.0)) | x 109.0 2 + 11.0 13.0 + * = | x:shirt 109.0:shirt 2:shirt +:shirt 11.0:money 13.0:money +:money *:shirt =:shirt
EXPR: 0 | POS | INT | 20 | 74 | 3815 | x=(109.0*((2*11.0)+13.0)) | x 109.0 2 11.0 * 13.0 + * = | x:shirt 109.0:money 2:shirt 11.0:money *:shirt 13.0:shirt +:shirt *:shirt =:shirt
EXPR: 0 | POS | INT | 20 | 74 | 994 | x=((109.0*(11.0-2))+13.0) | x 109.0 11.0 2 - * 13.0 + = | x:money 109.0:money 11.0:shirt 2:shirt -:shirt *:money 13.0:money +:money =:money
EXPR: 0 | POS | INT | 20 | 74 | 1703 | x=((109.0+(2*11.0))*13.0) | x 109.0 2 11.0 * + 13.0 * = | x:shirt 109.0:money 2:shirt 11.0:money *:money +:money 13.0:shirt *:shirt =:shirt
EXPR: 0 | POS | INT | 20 | 74 | 1131 | x=((109.0-(2*11.0))*13.0) | x 109.0 2 11.0 * - 13.0 * = | x:shirt 109.0:money 2:shirt 11.0:money *:money -:money 13.0:shirt *:shirt =:shirt
EXPR: 0 | POS | INT | 20 | 74 | 1131 | x=((109.0-(2*11.0))*13.0) | x 109.0 2 11.0 * - 13.0 * = | x:shirt 109.0:shirt 2:shirt 11.0:money *:shirt -:shirt 13.0:money *:shirt =:shirt
EXPR: 0 | POS | INT | 20 | 74 | 214 | x=(2*((109.0+11.0)-13.0)) | x 2 109.0 11.0 + 13.0 - * = | x:shirt 2:shirt 109.0:money 11.0:money +:money 13.0:money -:money *:shirt =:shirt
EXPR: 0 | POS | INT | 20 | 74 | 266 | x=(2*((109.0+11.0)+13.0)) | x 2 109.0 11.0 + 13.0 + * = | x:shirt 2:shirt 109.0:money 11.0:money +:money 13.0:money +:money *:shirt =:shirt
EXPR: 0 | POS | INT | 21 | 74 | 87 | x=((109.0-(11.0-2))-13.0) | x 109.0 11.0 2 - - 13.0 - = | x:money 109.0:money 11.0:money 2:money -:money -:money 13.0:money -:money =:money
EXPR: 0 | POS | INT | 21 | 74 | 109 | x=((109.0/(2+11.0))*13.0) | x 109.0 2 11.0 + / 13.0 * = | x:money 109.0:shirt 2:money 11.0:money +:money /:shirt 13.0:money *:money =:money
EXPR: 0 | POS | INT | 21 | 74 | 1404 | x=((109.0*(2+11.0))-13.0) | x 109.0 2 11.0 + * 13.0 - = | x:money 109.0:shirt 2:money 11.0:money +:money *:money 13.0:money -:money =:money
EXPR: 0 | POS | INT | 21 | 74 | 3815 | x=(109.0*((2*11.0)+13.0)) | x 109.0 2 11.0 * 13.0 + * = | x:shirt 109.0:money 2:shirt 11.0:money *:shirt 13.0:shirt +:shirt *:shirt =:shirt
EXPR: 0 | POS | INT | 21 | 74 | 2664 | x=((109.0+2)*(11.0+13.0)) | x 109.0 2 + 11.0 13.0 + * = | x:shirt 109.0:shirt 2:shirt +:shirt 11.0:money 13.0:money +:money *:shirt =:shirt
EXPR: 0 | POS | INT | 21 | 74 | 994 | x=((109.0*(11.0-2))+13.0) | x 109.0 11.0 2 - * 13.0 + = | x:money 109.0:money 11.0:shirt 2:shirt -:shirt *:money 13.0:money +:money =:money
EXPR: 0 | POS | INT | 21 | 74 | 1703 | x=((109.0+(2*11.0))*13.0) | x 109.0 2 11.0 * + 13.0 * = | x:shirt 109.0:money 2:shirt 11.0:money *:money +:money 13.0:shirt *:shirt =:shirt
EXPR: 0 | POS | INT | 21 | 74 | 1131 | x=((109.0-(2*11.0))*13.0) | x 109.0 2 11.0 * - 13.0 * = | x:shirt 109.0:shirt 2:shirt 11.0:money *:shirt -:shirt 13.0:money *:shirt =:shirt
EXPR: 0 | POS | INT | 21 | 74 | 266 | x=(2*((109.0+11.0)+13.0)) | x 2 109.0 11.0 + 13.0 + * = | x:shirt 2:shirt 109.0:money 11.0:money +:money 13.0:money +:money *:shirt =:shirt
EXPR: 0 | POS | INT | 22 | 74 | 37 | 13.0=(109.0-(2*(11.0+x))) | 13.0 109.0 2 11.0 x + * - = | 13.0:money 109.0:money 2:shirt 11.0:money x:money +:money *:money -:money =:money
EXPR: 1 | POS | INT | 22 | 74 | 74 | 13.0=(109.0-((2*11.0)+x)) | 13.0 109.0 2 11.0 * x + - = | 13.0:money 109.0:money 2:shirt 11.0:money *:money x:money +:money -:money =:money
EXPR: 0 | POS | INT | 22 | 74 | 216 | 13.0=((109.0*2)+(11.0-x)) | 13.0 109.0 2 * 11.0 x - + = | 13.0:money 109.0:money 2:shirt *:money 11.0:money x:money -:money +:money =:money
EXPR: 0 | POS | INT | 22 | 74 | 194 | 13.0=((109.0*2)-(11.0+x)) | 13.0 109.0 2 * 11.0 x + - = | 13.0:money 109.0:money 2:shirt *:money 11.0:money x:money +:money -:money =:money
EXPR: 0 | POS | INT | 22 | 74 | 1300 | (x/((109.0+2)-11.0))=13.0 | x 109.0 2 + 11.0 - / 13.0 = | x:money 109.0:shirt 2:shirt +:shirt 11.0:shirt -:shirt /:money 13.0:money =:money
EXPR: 0 | POS | INT | 22 | 74 | 118 | 13.0=((109.0+(2*11.0))-x) | 13.0 109.0 2 11.0 * + x - = | 13.0:money 109.0:money 2:shirt 11.0:money *:money +:money x:money -:money =:money
EXPR: 0 | POS | INT | 22 | 74 | 109 | ((109.0-x)-2)=(11.0-13.0) | 109.0 x - 2 - 11.0 13.0 - = | 109.0:money x:money -:money 2:money -:money 11.0:money 13.0:money -:money =:money
EXPR: 0 | POS | INT | 22 | 74 | 31174 | (x/(109.0*2))=(11.0*13.0) | x 109.0 2 * / 11.0 13.0 * = | x:money 109.0:money 2:shirt *:shirt /:money 11.0:money 13.0:shirt *:money =:money
EXPR: 0 | POS | INT | 22 | 74 | 214 | ((x/2)-109.0)=(11.0-13.0) | x 2 / 109.0 - 11.0 13.0 - = | x:money 2:shirt /:money 109.0:money -:money 11.0:money 13.0:money -:money =:money
EXPR: 0 | POS | INT | 25 | 74 | 2977 | x=((11.0+(109.0*2))*13.0) | x 11.0 109.0 2 * + 13.0 * = | x:money 11.0:shirt 109.0:money 2:shirt *:shirt +:shirt 13.0:money *:money =:money
EXPR: 0 | POS | INT | 26 | 74 | 2977 | x=((11.0+(109.0*2))*13.0) | x 11.0 109.0 2 * + 13.0 * = | x:money 11.0:shirt 109.0:money 2:shirt *:shirt +:shirt 13.0:money *:money =:money
EXPR: 0 | POS | INT | 27 | 74 | 87 | (109.0-(x+(13.0-2)))=11.0 | 109.0 x 13.0 2 - + - 11.0 = | 109.0:money x:money 13.0:money 2:money -:money +:money -:money 11.0:money =:money
EXPR: 0 | POS | INT | 27 | 74 | 109 | (109.0-(x-(13.0-2)))=11.0 | 109.0 x 13.0 2 - - - 11.0 = | 109.0:money x:money 13.0:money 2:money -:money -:money -:money 11.0:money =:money
EXPR: 0 | POS | INT | 27 | 74 | 214 | (11.0+(x/(109.0-2)))=13.0 | 11.0 x 109.0 2 - / + 13.0 = | 11.0:money x:money 109.0:shirt 2:shirt -:shirt /:money +:money 13.0:money =:money
EXPR: 0 | POS | INT | 30 | 74 | 1034 | x=(((109.0-2)-13.0)*11.0) | x 109.0 2 - 13.0 - 11.0 * = | x:money 109.0:shirt 2:shirt -:shirt 13.0:shirt -:shirt 11.0:money *:money =:money
EXPR: 0 | POS | INT | 30 | 74 | 220 | x=(2-(109.0*(11.0-13.0))) | x 2 109.0 11.0 13.0 - * - = | x:money 2:money 109.0:shirt 11.0:money 13.0:money -:money *:money -:money =:money
EXPR: 0 | POS | INT | 30 | 74 | 2618 | x=(2+(109.0*(11.0+13.0))) | x 2 109.0 11.0 13.0 + * + = | x:money 2:money 109.0:shirt 11.0:money 13.0:money +:money *:money +:money =:money
EXPR: 0 | POS | INT | 30 | 74 | 108 | x=(109.0-((2+11.0)/13.0)) | x 109.0 2 11.0 + 13.0 / - = | x:shirt 109.0:shirt 2:shirt 11.0:shirt +:shirt 13.0:money /:shirt -:shirt =:shirt
EXPR: 0 | POS | INT | 30 | 74 | 1188 | x=(2+((109.0*11.0)-13.0)) | x 2 109.0 11.0 * 13.0 - + = | x:money 2:money 109.0:money 11.0:shirt *:money 13.0:money -:money +:money =:money
EXPR: 0 | POS | INT | 30 | 74 | 1214 | x=(2+((109.0*11.0)+13.0)) | x 2 109.0 11.0 * 13.0 + + = | x:money 2:money 109.0:money 11.0:shirt *:money 13.0:money +:money +:money =:money
EXPR: 0 | POS | INT | 30 | 74 | 1300 | x=((2+(109.0-11.0))*13.0) | x 2 109.0 11.0 - + 13.0 * = | x:money 2:shirt 109.0:shirt 11.0:shirt -:shirt +:shirt 13.0:money *:money =:money
EXPR: 0 | POS | INT | 30 | 74 | 220 | x=(((109.0*2)-11.0)+13.0) | x 109.0 2 * 11.0 - 13.0 + = | x:shirt 109.0:money 2:shirt *:shirt 11.0:shirt -:shirt 13.0:shirt +:shirt =:shirt
EXPR: 0 | POS | INT | 30 | 74 | 1188 | x=(2+((109.0*11.0)-13.0)) | x 2 109.0 11.0 * 13.0 - + = | x:money 2:money 109.0:shirt 11.0:money *:money 13.0:money -:money +:money =:money
EXPR: 0 | POS | INT | 30 | 74 | 1404 | x=((109.0*(2+11.0))-13.0) | x 109.0 2 11.0 + * 13.0 - = | x:shirt 109.0:money 2:shirt 11.0:shirt +:shirt *:shirt 13.0:shirt -:shirt =:shirt
EXPR: 0 | POS | INT | 30 | 74 | 110 | x=(109.0+((2+11.0)/13.0)) | x 109.0 2 11.0 + 13.0 / + = | x:shirt 109.0:shirt 2:shirt 11.0:shirt +:shirt 13.0:money /:shirt +:shirt =:shirt
EXPR: 0 | POS | INT | 30 | 74 | 216 | x=((109.0*2)+(11.0-13.0)) | x 109.0 2 * 11.0 13.0 - + = | x:shirt 109.0:money 2:shirt *:shirt 11.0:shirt 13.0:shirt -:shirt +:shirt =:shirt
EXPR: 0 | POS | INT | 30 | 74 | 1214 | x=((2+(109.0*11.0))+13.0) | x 2 109.0 11.0 * + 13.0 + = | x:money 2:money 109.0:shirt 11.0:money *:money +:money 13.0:money +:money =:money
EXPR: 0 | POS | INT | 30 | 74 | 72 | x=(109.0-((2*13.0)+11.0)) | x 109.0 2 13.0 * 11.0 + - = | x:money 109.0:money 2:money 13.0:shirt *:money 11.0:money +:money -:money =:money
EXPR: 0 | POS | INT | 30 | 74 | 1131 | x=((109.0-(2*11.0))*13.0) | x 109.0 2 11.0 * - 13.0 * = | x:money 109.0:money 2:money 11.0:shirt *:money -:money 13.0:shirt *:money =:money
EXPR: 0 | POS | INT | 30 | 74 | 94 | x=(109.0-((2*13.0)-11.0)) | x 109.0 2 13.0 * 11.0 - - = | x:money 109.0:money 2:money 13.0:shirt *:money 11.0:money -:money -:money =:money
EXPR: 0 | POS | INT | 30 | 74 | 113 | x=(2+((109.0+13.0)-11.0)) | x 2 109.0 13.0 + 11.0 - + = | x:money 2:money 109.0:money 13.0:money +:money 11.0:money -:money +:money =:money
EXPR: 0 | POS | INT | 30 | 74 | 135 | x=(2+((109.0+13.0)+11.0)) | x 2 109.0 13.0 + 11.0 + + = | x:money 2:money 109.0:money 13.0:money +:money 11.0:money +:money +:money =:money
EXPR: 0 | POS | INT | 31 | 74 | 2618 | x=(2+(109.0*(11.0+13.0))) | x 2 109.0 11.0 13.0 + * + = | x:money 2:money 109.0:shirt 11.0:money 13.0:money +:money *:money +:money =:money
EXPR: 0 | POS | INT | 31 | 74 | 108 | x=(109.0-((2+11.0)/13.0)) | x 109.0 2 11.0 + 13.0 / - = | x:shirt 109.0:shirt 2:shirt 11.0:shirt +:shirt 13.0:money /:shirt -:shirt =:shirt
EXPR: 0 | POS | INT | 31 | 74 | 220 | x=(((109.0*2)-11.0)+13.0) | x 109.0 2 * 11.0 - 13.0 + = | x:shirt 109.0:money 2:shirt *:shirt 11.0:shirt -:shirt 13.0:shirt +:shirt =:shirt
EXPR: 0 | POS | INT | 31 | 74 | 1214 | x=((2+(109.0*11.0))+13.0) | x 2 109.0 11.0 * + 13.0 + = | x:money 2:money 109.0:shirt 11.0:money *:money +:money 13.0:money +:money =:money
EXPR: 0 | POS | INT | 31 | 74 | 72 | x=(109.0-((2*13.0)+11.0)) | x 109.0 2 13.0 * 11.0 + - = | x:money 109.0:money 2:money 13.0:shirt *:money 11.0:money +:money -:money =:money
EXPR: 0 | POS | INT | 31 | 74 | 1131 | x=((109.0-(2*11.0))*13.0) | x 109.0 2 11.0 * - 13.0 * = | x:money 109.0:money 2:money 11.0:shirt *:money -:money 13.0:shirt *:money =:money
EXPR: 0 | POS | INT | 31 | 74 | 94 | x=(109.0-((2*13.0)-11.0)) | x 109.0 2 13.0 * 11.0 - - = | x:money 109.0:money 2:money 13.0:shirt *:money 11.0:money -:money -:money =:money
EXPR: 0 | POS | INT | 31 | 74 | 135 | x=(2+((109.0+13.0)+11.0)) | x 2 109.0 13.0 + 11.0 + + = | x:money 2:money 109.0:money 13.0:money +:money 11.0:money +:money +:money =:money
EXPR: 0 | POS | INT | 31 | 74 | 1188 | x=(2+((109.0*11.0)-13.0)) | x 2 109.0 11.0 * 13.0 - + = | x:money 2:money 109.0:money 11.0:shirt *:money 13.0:money -:money +:money =:money
EXPR: 0 | POS | INT | 32 | 74 | 2618 | 2=(x-(109.0*(11.0+13.0))) | 2 x 109.0 11.0 13.0 + * - = | 2:money x:money 109.0:shirt 11.0:money 13.0:money +:money *:money -:money =:money
EXPR: 0 | POS | INT | 32 | 74 | 5232 | 2=(x/(109.0*(11.0+13.0))) | 2 x 109.0 11.0 13.0 + * / = | 2:money x:money 109.0:shirt 11.0:money 13.0:money +:money *:shirt /:money =:money
EXPR: 0 | POS | INT | 32 | 74 | 1078 | (x/((109.0+2)-13.0))=11.0 | x 109.0 2 + 13.0 - / 11.0 = | x:money 109.0:shirt 2:shirt +:shirt 13.0:shirt -:shirt /:money 11.0:money =:money
EXPR: 0 | POS | INT | 32 | 74 | 1210 | (x+(2-(109.0*11.0)))=13.0 | x 2 109.0 11.0 * - + 13.0 = | x:money 2:money 109.0:shirt 11.0:money *:money -:money +:money 13.0:money =:money
EXPR: 0 | POS | INT | 32 | 74 | 109 | 13.0=(109.0*((2+11.0)/x)) | 13.0 109.0 2 11.0 + x / * = | 13.0:money 109.0:money 2:shirt 11.0:shirt +:shirt x:money /:shirt *:money =:money
EXPR: 0 | POS | INT | 32 | 74 | 1234 | (x-((109.0+2)*11.0))=13.0 | x 109.0 2 + 11.0 * - 13.0 = | x:shirt 109.0:shirt 2:shirt +:shirt 11.0:money *:shirt -:shirt 13.0:shirt =:shirt
EXPR: 0 | POS | INT | 32 | 74 | 146 | (x-(109.0+(2*13.0)))=11.0 | x 109.0 2 13.0 * + - 11.0 = | x:money 109.0:money 2:money 13.0:shirt *:money +:money -:money 11.0:money =:money
EXPR: 0 | POS | INT | 32 | 74 | 94 | (x-(109.0-(2*13.0)))=11.0 | x 109.0 2 13.0 * - - 11.0 = | x:money 109.0:money 2:money 13.0:shirt *:money -:money -:money 11.0:money =:money
EXPR: 0 | POS | INT | 32 | 74 | 15873 | (x/((109.0+2)*11.0))=13.0 | x 109.0 2 + 11.0 * / 13.0 = | x:shirt 109.0:shirt 2:shirt +:shirt 11.0:money *:money /:shirt 13.0:shirt =:shirt
EXPR: 0 | POS | INT | 32 | 74 | 203 | (x+(2*(13.0-109.0)))=11.0 | x 2 13.0 109.0 - * + 11.0 = | x:money 2:shirt 13.0:money 109.0:money -:money *:money +:money 11.0:money =:money
EXPR: 0 | POS | INT | 32 | 74 | 214 | (13.0-(x/(109.0-2)))=11.0 | 13.0 x 109.0 2 - / - 11.0 = | 13.0:money x:money 109.0:shirt 2:shirt -:shirt /:money -:money 11.0:money =:money
EXPR: 0 | POS | INT | 32 | 74 | 1402 | 109.0=(2-((11.0-x)/13.0)) | 109.0 2 11.0 x - 13.0 / - = | 109.0:shirt 2:shirt 11.0:shirt x:shirt -:shirt 13.0:money /:shirt -:shirt =:shirt
EXPR: 0 | POS | INT | 35 | 74 | 606 | x=(((109.0*11.0)+13.0)/2) | x 109.0 11.0 * 13.0 + 2 / = | x:money 109.0:shirt 11.0:money *:money 13.0:money +:money 2:shirt /:money =:money
EXPR: 0 | POS | INT | 35 | 74 | 2255 | x=(11.0*((109.0*2)-13.0)) | x 11.0 109.0 2 * 13.0 - * = | x:shirt 11.0:money 109.0:money 2:shirt *:shirt 13.0:shirt -:shirt *:shirt =:shirt
EXPR: 0 | POS | INT | 35 | 74 | 2541 | x=(11.0*((109.0*2)+13.0)) | x 11.0 109.0 2 * 13.0 + * = | x:shirt 11.0:money 109.0:money 2:shirt *:shirt 13.0:shirt +:shirt *:shirt =:shirt
EXPR: 0 | POS | INT | 35 | 74 | 1078 | x=(11.0*((109.0+2)-13.0)) | x 11.0 109.0 2 + 13.0 - * = | x:money 11.0:shirt 109.0:money 2:money +:money 13.0:money -:money *:money =:money
EXPR: 0 | POS | INT | 35 | 74 | 1364 | x=(11.0*((109.0+2)+13.0)) | x 11.0 109.0 2 + 13.0 + * = | x:money 11.0:shirt 109.0:money 2:money +:money 13.0:money +:money *:money =:money
EXPR: 0 | POS | INT | 36 | 74 | 2541 | x=(11.0*((109.0*2)+13.0)) | x 11.0 109.0 2 * 13.0 + * = | x:shirt 11.0:money 109.0:money 2:shirt *:shirt 13.0:shirt +:shirt *:shirt =:shirt
EXPR: 0 | POS | INT | 36 | 74 | 1364 | x=(11.0*((109.0+2)+13.0)) | x 11.0 109.0 2 + 13.0 + * = | x:money 11.0:shirt 109.0:money 2:money +:money 13.0:money +:money *:money =:money
EXPR: 0 | POS | INT | 37 | 74 | 17985 | 11.0=(x/(109.0*(2+13.0))) | 11.0 x 109.0 2 13.0 + * / = | 11.0:money x:money 109.0:shirt 2:money 13.0:money +:money *:shirt /:money =:money
EXPR: 0 | POS | INT | 37 | 74 | 105 | ((109.0-13.0)-2)=(x-11.0) | 109.0 13.0 - 2 - x 11.0 - = | 109.0:money 13.0:money -:money 2:money -:money x:money 11.0:money -:money =:money
EXPR: 0 | POS | INT | 37 | 74 | 113 | (x-(2-(11.0-109.0)))=13.0 | x 2 11.0 109.0 - - - 13.0 = | x:money 2:money 11.0:money 109.0:money -:money -:money -:money 13.0:money =:money
EXPR: 0 | POS | INT | 37 | 74 | 109 | (x+(2+(11.0-109.0)))=13.0 | x 2 11.0 109.0 - + + 13.0 = | x:money 2:money 11.0:money 109.0:money -:money +:money +:money 13.0:money =:money
EXPR: 0 | POS | INT | 37 | 74 | 15873 | 11.0=(x/((109.0+2)*13.0)) | 11.0 x 109.0 2 + 13.0 * / = | 11.0:money x:money 109.0:money 2:money +:money 13.0:shirt *:shirt /:money =:money
EXPR: 0 | POS | INT | 37 | 74 | 109 | (x+(11.0+(2-109.0)))=13.0 | x 11.0 2 109.0 - + + 13.0 = | x:money 11.0:money 2:money 109.0:money -:money +:money +:money 13.0:money =:money
EXPR: 0 | POS | INT | 37 | 74 | 87 | ((x+11.0)-109.0)=(2-13.0) | x 11.0 + 109.0 - 2 13.0 - = | x:money 11.0:money +:money 109.0:money -:money 2:money 13.0:money -:money =:money
EXPR: 0 | POS | INT | 37 | 74 | - | 109.0=(((13.0-2)-11.0)/x) | 109.0 13.0 2 - 11.0 - x / = | 109.0:money 13.0:money 2:money -:money 11.0:money -:money x:shirt /:money =:money
EXPR: 0 | POS | INT | 40 | 74 | 109 | x=(13.0*(109.0/(2+11.0))) | x 13.0 109.0 2 11.0 + / * = | x:money 13.0:money 109.0:shirt 2:money 11.0:money +:money /:shirt *:money =:money
EXPR: 0 | POS | INT | 40 | 74 | 994 | x=(13.0-(109.0*(2-11.0))) | x 13.0 109.0 2 11.0 - * - = | x:money 13.0:money 109.0:shirt 2:money 11.0:money -:money *:money -:money =:money
EXPR: 0 | POS | INT | 40 | 74 | 1430 | x=(13.0+(109.0*(2+11.0))) | x 13.0 109.0 2 11.0 + * + = | x:money 13.0:money 109.0:shirt 2:money 11.0:money +:money *:money +:money =:money
EXPR: 0 | POS | INT | 40 | 74 | 15613 | x=((2+(109.0*11.0))*13.0) | x 2 109.0 11.0 * + 13.0 * = | x:money 2:money 109.0:shirt 11.0:money *:money +:money 13.0:shirt *:money =:money
EXPR: 0 | POS | INT | 40 | 74 | 36 | x=((2-109.0)+(11.0*13.0)) | x 2 109.0 - 11.0 13.0 * + = | x:shirt 2:shirt 109.0:shirt -:shirt 11.0:money 13.0:shirt *:shirt +:shirt =:shirt
EXPR: 0 | POS | INT | 40 | 74 | 183 | x=(((109.0-11.0)*2)-13.0) | x 109.0 11.0 - 2 * 13.0 - = | x:money 109.0:shirt 11.0:shirt -:shirt 2:money *:money 13.0:money -:money =:money
EXPR: 0 | POS | INT | 40 | 74 | 87 | x=((109.0+(2-11.0))-13.0) | x 109.0 2 11.0 - + 13.0 - = | x:shirt 109.0:shirt 2:shirt 11.0:shirt -:shirt +:shirt 13.0:shirt -:shirt =:shirt
EXPR: 0 | POS | INT | 40 | 74 | 1562 | x=(2+((109.0+11.0)*13.0)) | x 2 109.0 11.0 + 13.0 * + = | x:money 2:money 109.0:shirt 11.0:shirt +:shirt 13.0:money *:money +:money =:money
EXPR: 0 | POS | INT | 40 | 74 | 109 | x=(((109.0-2)-11.0)+13.0) | x 109.0 2 - 11.0 - 13.0 + = | x:shirt 109.0:shirt 2:shirt -:shirt 11.0:shirt -:shirt 13.0:shirt +:shirt =:shirt
EXPR: 0 | POS | INT | 40 | 74 | 109 | x=((109.0+(2+11.0))-13.0) | x 109.0 2 11.0 + + 13.0 - = | x:shirt 109.0:shirt 2:shirt 11.0:shirt +:shirt +:shirt 13.0:shirt -:shirt =:shirt
EXPR: 0 | POS | INT | 40 | 74 | 105 | x=((109.0-2)+(11.0-13.0)) | x 109.0 2 - 11.0 13.0 - + = | x:shirt 109.0:shirt 2:shirt -:shirt 11.0:shirt 13.0:shirt -:shirt +:shirt =:shirt
EXPR: 0 | POS | INT | 40 | 74 | 131 | x=((109.0-2)+(11.0+13.0)) | x 109.0 2 - 11.0 13.0 + + = | x:shirt 109.0:shirt 2:shirt -:shirt 11.0:shirt 13.0:shirt +:shirt +:shirt =:shirt
EXPR: 0 | POS | INT | 40 | 74 | 1214 | x=((2+(109.0*11.0))+13.0) | x 2 109.0 11.0 * + 13.0 + = | x:shirt 2:shirt 109.0:money 11.0:shirt *:shirt +:shirt 13.0:shirt +:shirt =:shirt
EXPR: 0 | POS | INT | 40 | 74 | 1430 | x=((2+(109.0*13.0))+11.0) | x 2 109.0 13.0 * + 11.0 + = | x:money 2:money 109.0:shirt 13.0:money *:money +:money 11.0:money +:money =:money
EXPR: 0 | POS | INT | 40 | 74 | 109 | x=((109.0-2)-(11.0-13.0)) | x 109.0 2 - 11.0 13.0 - - = | x:shirt 109.0:shirt 2:shirt -:shirt 11.0:shirt 13.0:shirt -:shirt -:shirt =:shirt
EXPR: 0 | POS | INT | 40 | 74 | 2424 | x=(2*((109.0*11.0)+13.0)) | x 2 109.0 11.0 * 13.0 + * = | x:money 2:money 109.0:shirt 11.0:money *:shirt 13.0:shirt +:shirt *:money =:money
EXPR: 0 | POS | INT | 40 | 74 | 83 | x=((109.0-2)-(11.0+13.0)) | x 109.0 2 - 11.0 13.0 + - = | x:shirt 109.0:shirt 2:shirt -:shirt 11.0:shirt 13.0:shirt +:shirt -:shirt =:shirt
EXPR: 0 | POS | INT | 40 | 74 | 135 | x=(109.0+((2+11.0)+13.0)) | x 109.0 2 11.0 + 13.0 + + = | x:shirt 109.0:shirt 2:shirt 11.0:shirt +:shirt 13.0:shirt +:shirt +:shirt =:shirt
EXPR: 0 | POS | INT | 40 | 74 | 227 | x=((2*(109.0+11.0))-13.0) | x 2 109.0 11.0 + * 13.0 - = | x:money 2:money 109.0:shirt 11.0:shirt +:shirt *:money 13.0:money -:money =:money
EXPR: 0 | POS | INT | 40 | 74 | 183 | x=((2*(109.0-11.0))-13.0) | x 2 109.0 11.0 - * 13.0 - = | x:money 2:money 109.0:shirt 11.0:shirt -:shirt *:money 13.0:money -:money =:money
EXPR: 0 | POS | INT | 40 | 74 | 2398 | x=(109.0*((11.0-2)+13.0)) | x 109.0 11.0 2 - 13.0 + * = | x:shirt 109.0:shirt 11.0:money 2:money -:money 13.0:money +:money *:shirt =:shirt
EXPR: 0 | POS | INT | 40 | 74 | 233 | x=((2*(109.0+13.0))-11.0) | x 2 109.0 13.0 + * 11.0 - = | x:shirt 2:shirt 109.0:money 13.0:money +:money *:shirt 11.0:shirt -:shirt =:shirt
EXPR: 0 | POS | INT | 40 | 74 | 2856 | x=((11.0+(109.0*13.0))*2) | x 11.0 109.0 13.0 * + 2 * = | x:money 11.0:money 109.0:money 13.0:shirt *:money +:money 2:shirt *:money =:money
EXPR: 0 | POS | INT | 40 | 74 | 2398 | x=(109.0*((11.0-2)+13.0)) | x 109.0 11.0 2 - 13.0 + * = | x:shirt 109.0:money 11.0:shirt 2:shirt -:shirt 13.0:shirt +:shirt *:shirt =:shirt
EXPR: 0 | POS | INT | 40 | 74 | 714 | x=((11.0+(109.0*13.0))/2) | x 11.0 109.0 13.0 * + 2 / = | x:money 11.0:money 109.0:shirt 13.0:money *:money +:money 2:shirt /:money =:money
EXPR: 0 | POS | INT | 40 | 74 | 1131 | x=((109.0-(2*11.0))*13.0) | x 109.0 2 11.0 * - 13.0 * = | x:shirt 109.0:money 2:money 11.0:shirt *:money -:money 13.0:shirt *:shirt =:shirt
EXPR: 0 | POS | INT | 41 | 74 | 109 | x=(13.0*(109.0/(2+11.0))) | x 13.0 109.0 2 11.0 + / * = | x:money 13.0:money 109.0:shirt 2:money 11.0:money +:money /:shirt *:money =:money
EXPR: 0 | POS | INT | 41 | 74 | 1430 | x=(13.0+(109.0*(2+11.0))) | x 13.0 109.0 2 11.0 + * + = | x:money 13.0:money 109.0:shirt 2:money 11.0:money +:money *:money +:money =:money
EXPR: 0 | POS | INT | 41 | 74 | 183 | x=(((109.0-11.0)*2)-13.0) | x 109.0 11.0 - 2 * 13.0 - = | x:money 109.0:shirt 11.0:shirt -:shirt 2:money *:money 13.0:money -:money =:money
EXPR: 0 | POS | INT | 41 | 74 | 105 | x=((109.0-2)+(11.0-13.0)) | x 109.0 2 - 11.0 13.0 - + = | x:shirt 109.0:shirt 2:shirt -:shirt 11.0:shirt 13.0:shirt -:shirt +:shirt =:shirt
EXPR: 0 | POS | INT | 41 | 74 | 131 | x=((109.0-2)+(11.0+13.0)) | x 109.0 2 - 11.0 13.0 + + = | x:shirt 109.0:shirt 2:shirt -:shirt 11.0:shirt 13.0:shirt +:shirt +:shirt =:shirt
EXPR: 0 | POS | INT | 41 | 74 | 1430 | x=((2+(109.0*13.0))+11.0) | x 2 109.0 13.0 * + 11.0 + = | x:money 2:money 109.0:shirt 13.0:money *:money +:money 11.0:money +:money =:money
EXPR: 0 | POS | INT | 41 | 74 | 227 | x=((2*(109.0+11.0))-13.0) | x 2 109.0 11.0 + * 13.0 - = | x:money 2:money 109.0:shirt 11.0:shirt +:shirt *:money 13.0:money -:money =:money
EXPR: 0 | POS | INT | 41 | 74 | 2856 | x=((11.0+(109.0*13.0))*2) | x 11.0 109.0 13.0 * + 2 * = | x:money 11.0:money 109.0:money 13.0:shirt *:money +:money 2:shirt *:money =:money
EXPR: 0 | POS | INT | 41 | 74 | 2398 | x=(109.0*((11.0-2)+13.0)) | x 109.0 11.0 2 - 13.0 + * = | x:shirt 109.0:money 11.0:shirt 2:shirt -:shirt 13.0:shirt +:shirt *:shirt =:shirt
EXPR: 0 | POS | INT | 41 | 74 | 714 | x=((11.0+(109.0*13.0))/2) | x 11.0 109.0 13.0 * + 2 / = | x:money 11.0:money 109.0:shirt 13.0:money *:money +:money 2:shirt /:money =:money
EXPR: 0 | POS | INT | 41 | 74 | 1131 | x=((109.0-(2*11.0))*13.0) | x 109.0 2 11.0 * - 13.0 * = | x:shirt 109.0:money 2:money 11.0:shirt *:money -:money 13.0:shirt *:shirt =:shirt
EXPR: 0 | POS | INT | 42 | 74 | 126 | 2=((109.0+(11.0*13.0))/x) | 2 109.0 11.0 13.0 * + x / = | 2:money 109.0:money 11.0:money 13.0:shirt *:money +:money x:shirt /:money =:money
EXPR: 0 | POS | INT | 42 | 74 | 1404 | 13.0=((109.0*(2+11.0))-x) | 13.0 109.0 2 11.0 + * x - = | 13.0:money 109.0:shirt 2:money 11.0:money +:money *:money x:money -:money =:money
EXPR: 0 | POS | INT | 42 | 74 | 126 | 2=((109.0+(11.0*13.0))/x) | 2 109.0 11.0 13.0 * + x / = | 2:money 109.0:money 11.0:shirt 13.0:money *:money +:money x:shirt /:money =:money
EXPR: 0 | POS | INT | 42 | 74 | 108 | ((x-109.0)*2)=(11.0-13.0) | x 109.0 - 2 * 11.0 13.0 - = | x:shirt 109.0:shirt -:shirt 2:money *:money 11.0:money 13.0:money -:money =:money
EXPR: 0 | POS | INT | 42 | 74 | 109 | 13.0=(109.0*((2+11.0)/x)) | 13.0 109.0 2 11.0 + x / * = | 13.0:shirt 109.0:money 2:shirt 11.0:shirt +:shirt x:money /:shirt *:shirt =:shirt
EXPR: 0 | POS | INT | 42 | 74 | 1426 | (x+(2-(109.0*13.0)))=11.0 | x 2 109.0 13.0 * - + 11.0 = | x:money 2:money 109.0:shirt 13.0:money *:money -:money +:money 11.0:money =:money
EXPR: 0 | POS | INT | 42 | 74 | 1430 | (x-(2+(109.0*13.0)))=11.0 | x 2 109.0 13.0 * + - 11.0 = | x:money 2:money 109.0:money 13.0:shirt *:money +:money -:money 11.0:money =:money
EXPR: 0 | POS | INT | 42 | 74 | 1402 | 2=(109.0+((11.0-x)/13.0)) | 2 109.0 11.0 x - 13.0 / + = | 2:shirt 109.0:shirt 11.0:shirt x:shirt -:shirt 13.0:money /:shirt +:shirt =:shirt
EXPR: 0 | POS | INT | 42 | 74 | 87 | (2-(x+(13.0-109.0)))=11.0 | 2 x 13.0 109.0 - + - 11.0 = | 2:money x:money 13.0:money 109.0:money -:money +:money -:money 11.0:money =:money
EXPR: 0 | POS | INT | 42 | 74 | 214 | (13.0+(x/(2-109.0)))=11.0 | 13.0 x 2 109.0 - / + 11.0 = | 13.0:money x:money 2:shirt 109.0:shirt -:shirt /:money +:money 11.0:money =:money
EXPR: 0 | POS | INT | 42 | 74 | 0 | ((x/109.0)-2)=(11.0-13.0) | x 109.0 / 2 - 11.0 13.0 - = | x:shirt 109.0:money /:shirt 2:shirt -:shirt 11.0:shirt 13.0:shirt -:shirt =:shirt
EXPR: 0 | POS | INT | 42 | 74 | 15873 | (x/((109.0+2)*13.0))=11.0 | x 109.0 2 + 13.0 * / 11.0 = | x:shirt 109.0:shirt 2:shirt +:shirt 13.0:money *:money /:shirt 11.0:shirt =:shirt
EXPR: 0 | POS | INT | 42 | 74 | 1190 | 109.0=(2-((13.0-x)/11.0)) | 109.0 2 13.0 x - 11.0 / - = | 109.0:shirt 2:shirt 13.0:shirt x:shirt -:shirt 11.0:money /:shirt -:shirt =:shirt
EXPR: 0 | POS | INT | 42 | 74 | 0 | ((x*109.0)-2)=(11.0-13.0) | x 109.0 * 2 - 11.0 13.0 - = | x:shirt 109.0:money *:shirt 2:shirt -:shirt 11.0:shirt 13.0:shirt -:shirt =:shirt
EXPR: 0 | POS | INT | 42 | 74 | 105 | (x+(13.0+(2-109.0)))=11.0 | x 13.0 2 109.0 - + + 11.0 = | x:money 13.0:money 2:money 109.0:money -:money +:money +:money 11.0:money =:money
EXPR: 0 | POS | INT | 42 | 74 | 87 | ((x+13.0)-109.0)=(2-11.0) | x 13.0 + 109.0 - 2 11.0 - = | x:money 13.0:money +:money 109.0:money -:money 2:money 11.0:money -:money =:money
EXPR: 0 | POS | INT | 42 | 74 | 250 | 2=((109.0+(11.0*13.0))-x) | 2 109.0 11.0 13.0 * + x - = | 2:shirt 109.0:shirt 11.0:money 13.0:shirt *:shirt +:shirt x:shirt -:shirt =:shirt
EXPR: 0 | POS | INT | 42 | 74 | 606 | 2=(((109.0*11.0)+13.0)/x) | 2 109.0 11.0 * 13.0 + x / = | 2:money 109.0:shirt 11.0:money *:money 13.0:money +:money x:shirt /:money =:money
EXPR: 0 | POS | INT | 45 | 74 | 109 | x=(109.0*(11.0/(13.0-2))) | x 109.0 11.0 13.0 2 - / * = | x:money 109.0:money 11.0:shirt 13.0:money 2:money -:money /:shirt *:money =:money
EXPR: 0 | POS | INT | 45 | 74 | 1426 | x=(((109.0*13.0)+11.0)-2) | x 109.0 13.0 * 11.0 + 2 - = | x:money 109.0:money 13.0:shirt *:money 11.0:money +:money 2:money -:money =:money
EXPR: 0 | POS | INT | 45 | 74 | 1430 | x=(((109.0*13.0)+11.0)+2) | x 109.0 13.0 * 11.0 + 2 + = | x:money 109.0:money 13.0:shirt *:money 11.0:money +:money 2:money +:money =:money
EXPR: 0 | POS | INT | 45 | 74 | 2614 | x=((109.0*(11.0+13.0))-2) | x 109.0 11.0 13.0 + * 2 - = | x:shirt 109.0:shirt 11.0:money 13.0:money +:money *:shirt 2:shirt -:shirt =:shirt
EXPR: 0 | POS | INT | 45 | 74 | 1404 | x=(((109.0*13.0)-11.0)-2) | x 109.0 13.0 * 11.0 - 2 - = | x:money 109.0:money 13.0:shirt *:money 11.0:money -:money 2:money -:money =:money
EXPR: 0 | POS | INT | 45 | 74 | 2541 | x=(11.0*((109.0*2)+13.0)) | x 11.0 109.0 2 * 13.0 + * = | x:money 11.0:money 109.0:shirt 2:money *:shirt 13.0:shirt +:shirt *:money =:money
EXPR: 0 | POS | INT | 45 | 74 | 1426 | x=((109.0*13.0)+(11.0-2)) | x 109.0 13.0 * 11.0 2 - + = | x:money 109.0:money 13.0:shirt *:money 11.0:money 2:money -:money +:money =:money
EXPR: 0 | POS | INT | 45 | 74 | 1408 | x=((109.0*13.0)-(11.0-2)) | x 109.0 13.0 * 11.0 2 - - = | x:money 109.0:money 13.0:shirt *:money 11.0:money 2:money -:money -:money =:money
EXPR: 0 | POS | INT | 45 | 74 | 1078 | x=(11.0*((109.0+2)-13.0)) | x 11.0 109.0 2 + 13.0 - * = | x:shirt 11.0:shirt 109.0:money 2:money +:money 13.0:money -:money *:shirt =:shirt
EXPR: 0 | POS | INT | 45 | 74 | 1364 | x=(11.0*((109.0+2)+13.0)) | x 11.0 109.0 2 + 13.0 + * = | x:shirt 11.0:shirt 109.0:money 2:money +:money 13.0:money +:money *:shirt =:shirt
EXPR: 0 | POS | INT | 45 | 74 | 216 | x=(11.0+((109.0*2)-13.0)) | x 11.0 109.0 2 * 13.0 - + = | x:shirt 11.0:shirt 109.0:money 2:shirt *:shirt 13.0:shirt -:shirt +:shirt =:shirt
EXPR: 0 | POS | INT | 45 | 74 | 242 | x=(11.0+((109.0*2)+13.0)) | x 11.0 109.0 2 * 13.0 + + = | x:shirt 11.0:shirt 109.0:money 2:shirt *:shirt 13.0:shirt +:shirt +:shirt =:shirt
EXPR: 0 | POS | INT | 45 | 74 | 528 | x=((109.0-13.0)*(11.0/2)) | x 109.0 13.0 - 11.0 2 / * = | x:money 109.0:shirt 13.0:shirt -:shirt 11.0:money 2:shirt /:money *:money =:money
EXPR: 0 | POS | INT | 46 | 74 | 109 | x=(109.0*(11.0/(13.0-2))) | x 109.0 11.0 13.0 2 - / * = | x:money 109.0:money 11.0:shirt 13.0:money 2:money -:money /:shirt *:money =:money
EXPR: 0 | POS | INT | 46 | 74 | 1430 | x=(((109.0*13.0)+11.0)+2) | x 109.0 13.0 * 11.0 + 2 + = | x:money 109.0:money 13.0:shirt *:money 11.0:money +:money 2:money +:money =:money
EXPR: 0 | POS | INT | 46 | 74 | 2614 | x=((109.0*(11.0+13.0))-2) | x 109.0 11.0 13.0 + * 2 - = | x:shirt 109.0:shirt 11.0:money 13.0:money +:money *:shirt 2:shirt -:shirt =:shirt
EXPR: 0 | POS | INT | 46 | 74 | 1426 | x=((109.0*13.0)+(11.0-2)) | x 109.0 13.0 * 11.0 2 - + = | x:money 109.0:money 13.0:shirt *:money 11.0:money 2:money -:money +:money =:money
EXPR: 0 | POS | INT | 46 | 74 | 1408 | x=((109.0*13.0)-(11.0-2)) | x 109.0 13.0 * 11.0 2 - - = | x:money 109.0:money 13.0:shirt *:money 11.0:money 2:money -:money -:money =:money
EXPR: 0 | POS | INT | 46 | 74 | 1078 | x=(11.0*((109.0+2)-13.0)) | x 11.0 109.0 2 + 13.0 - * = | x:shirt 11.0:shirt 109.0:money 2:money +:money 13.0:money -:money *:shirt =:shirt
EXPR: 0 | POS | INT | 46 | 74 | 216 | x=(11.0+((109.0*2)-13.0)) | x 11.0 109.0 2 * 13.0 - + = | x:shirt 11.0:shirt 109.0:money 2:shirt *:shirt 13.0:shirt -:shirt +:shirt =:shirt
EXPR: 0 | POS | INT | 47 | 74 | 144 | 13.0=(x-((2*11.0)+109.0)) | 13.0 x 2 11.0 * 109.0 + - = | 13.0:money x:money 2:shirt 11.0:money *:money 109.0:money +:money -:money =:money
EXPR: 0 | POS | INT | 47 | 74 | 124 | (x+(11.0-(2*13.0)))=109.0 | x 11.0 2 13.0 * - + 109.0 = | x:money 11.0:money 2:shirt 13.0:money *:money -:money +:money 109.0:money =:money
EXPR: 0 | POS | INT | 47 | 74 | 254 | (x-(109.0+(11.0*13.0)))=2 | x 109.0 11.0 13.0 * + - 2 = | x:money 109.0:money 11.0:money 13.0:shirt *:money +:money -:money 2:money =:money
EXPR: 0 | POS | INT | 47 | 74 | 1426 | ((109.0*13.0)-2)=(x-11.0) | 109.0 13.0 * 2 - x 11.0 - = | 109.0:shirt 13.0:money *:money 2:money -:money x:money 11.0:money -:money =:money
EXPR: 0 | POS | INT | 47 | 74 | 214 | (x/(11.0-(13.0-109.0)))=2 | x 11.0 13.0 109.0 - - / 2 = | x:shirt 11.0:money 13.0:money 109.0:money -:money -:money /:shirt 2:shirt =:shirt
EXPR: 0 | POS | INT | 47 | 74 | 94 | 2=(((11.0-x)+109.0)/13.0) | 2 11.0 x - 109.0 + 13.0 / = | 2:money 11.0:money x:money -:money 109.0:money +:money 13.0:shirt /:money =:money
EXPR: 0 | POS | INT | 47 | 74 | 222 | (((x/2)+11.0)-13.0)=109.0 | x 2 / 11.0 + 13.0 - 109.0 = | x:money 2:shirt /:money 11.0:money +:money 13.0:money -:money 109.0:money =:money
EXPR: 0 | POS | INT | 47 | 74 | 170 | (((x/2)+11.0)+13.0)=109.0 | x 2 / 11.0 + 13.0 + 109.0 = | x:money 2:shirt /:money 11.0:money +:money 13.0:money +:money 109.0:money =:money
EXPR: 0 | POS | INT | 47 | 74 | 436 | (((x/109.0)+11.0)-13.0)=2 | x 109.0 / 11.0 + 13.0 - 2 = | x:money 109.0:shirt /:money 11.0:money +:money 13.0:money -:money 2:money =:money
EXPR: 0 | POS | INT | 47 | 74 | 1426 | ((109.0*13.0)-2)=(x-11.0) | 109.0 13.0 * 2 - x 11.0 - = | 109.0:money 13.0:shirt *:money 2:money -:money x:money 11.0:money -:money =:money
EXPR: 0 | POS | INT | 47 | 74 | 21 | 11.0=(((109.0*2)+13.0)/x) | 11.0 109.0 2 * 13.0 + x / = | 11.0:money 109.0:shirt 2:money *:money 13.0:money +:money x:shirt /:money =:money
EXPR: 0 | POS | INT | 47 | 74 | 87 | (x+(13.0+(11.0-109.0)))=2 | x 13.0 11.0 109.0 - + + 2 = | x:money 13.0:money 11.0:money 109.0:money -:money +:money +:money 2:money =:money
EXPR: 0 | POS | INT | 47 | 74 | 233 | 11.0=((2*(109.0+13.0))-x) | 11.0 2 109.0 13.0 + * x - = | 11.0:shirt 2:shirt 109.0:money 13.0:money +:money *:shirt x:shirt -:shirt =:shirt
EXPR: 0 | POS | INT | 50 | 74 | 87 | x=((109.0-(11.0-2))-13.0) | x 109.0 11.0 2 - - 13.0 - = | x:shirt 109.0:shirt 11.0:shirt 2:shirt -:shirt -:shirt 13.0:shirt -:shirt =:shirt
EXPR: 0 | POS | INT | 50 | 74 | 87 | x=(((109.0+2)-13.0)-11.0) | x 109.0 2 + 13.0 - 11.0 - = | x:shirt 109.0:shirt 2:shirt +:shirt 13.0:shirt -:shirt 11.0:shirt -:shirt =:shirt
EXPR: 0 | POS | INT | 50 | 74 | 222 | x=(2*((109.0-11.0)+13.0)) | x 2 109.0 11.0 - 13.0 + * = | x:money 2:money 109.0:shirt 11.0:shirt -:shirt 13.0:shirt +:shirt *:money =:money
EXPR: 0 | POS | INT | 50 | 74 | 144 | x=((109.0+(2*11.0))+13.0) | x 109.0 2 11.0 * + 13.0 + = | x:shirt 109.0:shirt 2:money 11.0:shirt *:shirt +:shirt 13.0:shirt +:shirt =:shirt
EXPR: 0 | POS | INT | 50 | 74 | 1430 | x=((2+(109.0*13.0))+11.0) | x 2 109.0 13.0 * + 11.0 + = | x:shirt 2:shirt 109.0:money 13.0:shirt *:shirt +:shirt 11.0:shirt +:shirt =:shirt
EXPR: 0 | POS | INT | 50 | 74 | 2424 | x=(2*((109.0*11.0)+13.0)) | x 2 109.0 11.0 * 13.0 + * = | x:shirt 2:money 109.0:shirt 11.0:money *:shirt 13.0:shirt +:shirt *:shirt =:shirt
EXPR: 0 | POS | INT | 50 | 74 | 100 | x=((109.0-(2*11.0))+13.0) | x 109.0 2 11.0 * - 13.0 + = | x:shirt 109.0:shirt 2:money 11.0:shirt *:shirt -:shirt 13.0:shirt +:shirt =:shirt
EXPR: 0 | POS | INT | 50 | 74 | 1340 | x=((11.0*(109.0+13.0))-2) | x 11.0 109.0 13.0 + * 2 - = | x:shirt 11.0:shirt 109.0:money 13.0:money +:money *:shirt 2:shirt -:shirt =:shirt
EXPR: 0 | POS | INT | 50 | 74 | 233 | x=((2*(109.0+13.0))-11.0) | x 2 109.0 13.0 + * 11.0 - = | x:money 2:money 109.0:shirt 13.0:shirt +:shirt *:money 11.0:money -:money =:money
EXPR: 0 | POS | INT | 50 | 74 | 1272 | x=((13.0*(109.0-11.0))-2) | x 13.0 109.0 11.0 - * 2 - = | x:money 13.0:shirt 109.0:money 11.0:money -:money *:money 2:money -:money =:money
EXPR: 0 | POS | INT | 50 | 74 | 15613 | x=((2+(109.0*11.0))*13.0) | x 2 109.0 11.0 * + 13.0 * = | x:shirt 2:money 109.0:shirt 11.0:money *:money +:money 13.0:shirt *:shirt =:shirt
EXPR: 0 | POS | INT | 50 | 74 | 2856 | x=((11.0+(109.0*13.0))*2) | x 11.0 109.0 13.0 * + 2 * = | x:shirt 11.0:money 109.0:money 13.0:shirt *:money +:money 2:shirt *:shirt =:shirt
EXPR: 0 | POS | INT | 50 | 74 | 118 | x=((109.0+(2*11.0))-13.0) | x 109.0 2 11.0 * + 13.0 - = | x:shirt 109.0:shirt 2:money 11.0:shirt *:shirt +:shirt 13.0:shirt -:shirt =:shirt
EXPR: 1 | POS | INT | 50 | 74 | 74 | x=((109.0-(2*11.0))-13.0) | x 109.0 2 11.0 * - 13.0 - = | x:shirt 109.0:shirt 2:money 11.0:shirt *:shirt -:shirt 13.0:shirt -:shirt =:shirt
EXPR: 0 | POS | INT | 50 | 74 | 83 | x=(((109.0-2)-13.0)-11.0) | x 109.0 2 - 13.0 - 11.0 - = | x:shirt 109.0:shirt 2:shirt -:shirt 13.0:shirt -:shirt 11.0:shirt -:shirt =:shirt
EXPR: 0 | POS | INT | 51 | 74 | 87 | x=(((109.0+2)-13.0)-11.0) | x 109.0 2 + 13.0 - 11.0 - = | x:shirt 109.0:shirt 2:shirt +:shirt 13.0:shirt -:shirt 11.0:shirt -:shirt =:shirt
EXPR: 0 | POS | INT | 51 | 74 | 222 | x=(2*((109.0-11.0)+13.0)) | x 2 109.0 11.0 - 13.0 + * = | x:money 2:money 109.0:shirt 11.0:shirt -:shirt 13.0:shirt +:shirt *:money =:money
EXPR: 0 | POS | INT | 51 | 74 | 1430 | x=((2+(109.0*13.0))+11.0) | x 2 109.0 13.0 * + 11.0 + = | x:shirt 2:shirt 109.0:money 13.0:shirt *:shirt +:shirt 11.0:shirt +:shirt =:shirt
EXPR: 0 | POS | INT | 51 | 74 | 100 | x=((109.0-(2*11.0))+13.0) | x 109.0 2 11.0 * - 13.0 + = | x:shirt 109.0:shirt 2:money 11.0:shirt *:shirt -:shirt 13.0:shirt +:shirt =:shirt
EXPR: 0 | POS | INT | 51 | 74 | 1272 | x=((13.0*(109.0-11.0))-2) | x 13.0 109.0 11.0 - * 2 - = | x:money 13.0:shirt 109.0:money 11.0:money -:money *:money 2:money -:money =:money
EXPR: 1 | POS | INT | 51 | 74 | 74 | x=((109.0-(2*11.0))-13.0) | x 109.0 2 11.0 * - 13.0 - = | x:shirt 109.0:shirt 2:money 11.0:shirt *:shirt -:shirt 13.0:shirt -:shirt =:shirt
EXPR: 0 | POS | INT | 51 | 74 | 118 | x=((109.0+(2*11.0))-13.0) | x 109.0 2 11.0 * + 13.0 - = | x:shirt 109.0:shirt 2:money 11.0:shirt *:shirt +:shirt 13.0:shirt -:shirt =:shirt
EXPR: 0 | POS | INT | 51 | 74 | 83 | x=(((109.0-2)-13.0)-11.0) | x 109.0 2 - 13.0 - 11.0 - = | x:shirt 109.0:shirt 2:shirt -:shirt 13.0:shirt -:shirt 11.0:shirt -:shirt =:shirt
EXPR: 0 | POS | INT | 52 | 74 | 250 | 13.0=(((x+2)-109.0)/11.0) | 13.0 x 2 + 109.0 - 11.0 / = | 13.0:money x:money 2:money +:money 109.0:money -:money 11.0:shirt /:money =:money
EXPR: 0 | POS | INT | 52 | 74 | 1210 | 13.0=((2-(109.0*11.0))+x) | 13.0 2 109.0 11.0 * - x + = | 13.0:money 2:money 109.0:shirt 11.0:money *:money -:money x:money +:money =:money
EXPR: 0 | POS | INT | 52 | 74 | 109 | ((x/109.0)*2)=(13.0-11.0) | x 109.0 / 2 * 13.0 11.0 - = | x:money 109.0:shirt /:money 2:shirt *:shirt 13.0:shirt 11.0:shirt -:shirt =:shirt
EXPR: 0 | POS | INT | 52 | 74 | 227 | 13.0=((2*(109.0+11.0))-x) | 13.0 2 109.0 11.0 + * x - = | 13.0:shirt 2:shirt 109.0:money 11.0:money +:money *:shirt x:shirt -:shirt =:shirt
EXPR: 0 | POS | INT | 52 | 74 | 1404 | 13.0=((109.0*(2+11.0))-x) | 13.0 109.0 2 11.0 + * x - = | 13.0:shirt 109.0:money 2:shirt 11.0:shirt +:shirt *:shirt x:shirt -:shirt =:shirt
EXPR: 0 | POS | INT | 52 | 74 | 100 | 2=(((13.0-x)+109.0)/11.0) | 2 13.0 x - 109.0 + 11.0 / = | 2:money 13.0:money x:money -:money 109.0:money +:money 11.0:shirt /:money =:money
EXPR: 0 | POS | INT | 52 | 74 | 118 | 2=(((13.0+x)-109.0)/11.0) | 2 13.0 x + 109.0 - 11.0 / = | 2:money 13.0:money x:money +:money 109.0:money -:money 11.0:shirt /:money =:money
EXPR: 0 | POS | INT | 52 | 74 | 1188 | 13.0=((109.0*11.0)+(2-x)) | 13.0 109.0 11.0 * 2 x - + = | 13.0:money 109.0:money 11.0:shirt *:money 2:money x:money -:money +:money =:money
EXPR: 0 | POS | INT | 52 | 74 | 1058 | 13.0=(109.0+((2-x)/11.0)) | 13.0 109.0 2 x - 11.0 / + = | 13.0:shirt 109.0:shirt 2:shirt x:shirt -:shirt 11.0:money /:shirt +:shirt =:shirt
EXPR: 0 | POS | INT | 52 | 74 | 1190 | 2=(109.0+((13.0-x)/11.0)) | 2 109.0 13.0 x - 11.0 / + = | 2:shirt 109.0:shirt 13.0:shirt x:shirt -:shirt 11.0:money /:shirt +:shirt =:shirt
EXPR: 0 | POS | INT | 52 | 74 | 1054 | 13.0=(109.0-((2+x)/11.0)) | 13.0 109.0 2 x + 11.0 / - = | 13.0:shirt 109.0:shirt 2:shirt x:shirt +:shirt 11.0:money /:shirt -:shirt =:shirt
EXPR: 0 | POS | INT | 52 | 74 | 1248 | 2=(109.0-((x/13.0)+11.0)) | 2 109.0 x 13.0 / 11.0 + - = | 2:shirt 109.0:shirt x:shirt 13.0:money /:shirt 11.0:shirt +:shirt -:shirt =:shirt
NET 279 non-negative, integer-valued solutions found out of 1000 total solutions
