parameters: n=9 l=4 k=1 p=5 q=2 m=10
TOTAL 1000 solutions found
SOLN: CORRECT | POS/NEG | INT/FRA | OBJ-SCORE | TRUE-ANS | ANS | INFIX | POSTFIX | TYPED-POSTFIX
EXPR: 0 | POS | INT | 0 | 118 | 132 | x=((20+(2*1))*6) | x 20 2 1 * + 6 * = | x:dollar 20:carton 2:carton 1:dollar *:carton +:carton 6:dollar *:dollar =:dollar
EXPR: 0 | POS | INT | 0 | 118 | 160 | x=(20*((2*1)+6)) | x 20 2 1 * 6 + * = | x:dollar 20:carton 2:carton 1:dollar *:dollar 6:dollar +:dollar *:dollar =:dollar
EXPR: 0 | POS | INT | 0 | 118 | 108 | x=((20-(2*1))*6) | x 20 2 1 * - 6 * = | x:dollar 20:carton 2:carton 1:dollar *:carton -:carton 6:dollar *:dollar =:dollar
EXPR: 0 | POS | INT | 0 | 118 | 126 | ((20-2)*(1+6))=x | 20 2 - 1 6 + * x = | 20:carton 2:carton -:carton 1:dollar 6:dollar +:dollar *:dollar x:dollar =:dollar
EXPR: 0 | POS | INT | 0 | 118 | 160 | (20*((2*1)+6))=x | 20 2 1 * 6 + * x = | 20:carton 2:carton 1:dollar *:dollar 6:dollar +:dollar *:dollar x:dollar =:dollar
EXPR: 0 | POS | INT | 0 | 118 | 126 | x=((20-2)*(1+6)) | x 20 2 - 1 6 + * = | x:dollar 20:carton 2:carton -:carton 1:dollar 6:dollar +:dollar *:dollar =:dollar
EXPR: 0 | POS | INT | 0 | 118 | 108 | ((20-(2*1))*6)=x | 20 2 1 * - 6 * x = | 20:carton 2:carton 1:dollar *:carton -:carton 6:dollar *:dollar x:dollar =:dollar
EXPR: 0 | POS | INT | 0 | 118 | 132 | ((20+(2*1))*6)=x | 20 2 1 * + 6 * x = | 20:carton 2:carton 1:dollar *:carton +:carton 6:dollar *:dollar x:dollar =:dollar
EXPR: 0 | POS | INT | 0 | 118 | 154 | x=((20+2)*(1+6)) | x 20 2 + 1 6 + * = | x:dollar 20:carton 2:carton +:carton 1:dollar 6:dollar +:dollar *:dollar =:dollar
EXPR: 0 | POS | INT | 0 | 118 | 28 | x=(((20+2)*1)+6) | x 20 2 + 1 * 6 + = | x:dollar 20:carton 2:carton +:carton 1:dollar *:dollar 6:dollar +:dollar =:dollar
EXPR: 0 | POS | INT | 0 | 118 | 28 | (((20+2)*1)+6)=x | 20 2 + 1 * 6 + x = | 20:carton 2:carton +:carton 1:dollar *:dollar 6:dollar +:dollar x:dollar =:dollar
EXPR: 0 | POS | INT | 0 | 118 | 16 | (((20+2)*1)-6)=x | 20 2 + 1 * 6 - x = | 20:carton 2:carton +:carton 1:dollar *:dollar 6:dollar -:dollar x:dollar =:dollar
EXPR: 0 | POS | INT | 0 | 118 | 24 | x=(((20-2)*1)+6) | x 20 2 - 1 * 6 + = | x:dollar 20:carton 2:carton -:carton 1:dollar *:dollar 6:dollar +:dollar =:dollar
EXPR: 0 | POS | INT | 0 | 118 | 154 | ((20+2)*(1+6))=x | 20 2 + 1 6 + * x = | 20:carton 2:carton +:carton 1:dollar 6:dollar +:dollar *:dollar x:dollar =:dollar
EXPR: 0 | POS | INT | 0 | 118 | 16 | x=(((20+2)*1)-6) | x 20 2 + 1 * 6 - = | x:dollar 20:carton 2:carton +:carton 1:dollar *:dollar 6:dollar -:dollar =:dollar
EXPR: 0 | POS | INT | 0 | 118 | 12 | (((20-2)*1)-6)=x | 20 2 - 1 * 6 - x = | 20:carton 2:carton -:carton 1:dollar *:dollar 6:dollar -:dollar x:dollar =:dollar
EXPR: 0 | POS | INT | 0 | 118 | 24 | (((20-2)*1)+6)=x | 20 2 - 1 * 6 + x = | 20:carton 2:carton -:carton 1:dollar *:dollar 6:dollar +:dollar x:dollar =:dollar
EXPR: 0 | POS | INT | 0 | 118 | 12 | x=(((20-2)*1)-6) | x 20 2 - 1 * 6 - = | x:dollar 20:carton 2:carton -:carton 1:dollar *:dollar 6:dollar -:dollar =:dollar
EXPR: 0 | POS | INT | 2 | 118 | 260 | x=(20*((2*6)+1)) | x 20 2 6 * 1 + * = | x:dollar 20:carton 2:carton 6:dollar *:dollar 1:dollar +:dollar *:dollar =:dollar
EXPR: 0 | POS | INT | 2 | 118 | 220 | x=(20*((2*6)-1)) | x 20 2 6 * 1 - * = | x:dollar 20:carton 2:carton 6:dollar *:dollar 1:dollar -:dollar *:dollar =:dollar
EXPR: 0 | POS | INT | 2 | 118 | 52 | x=(2*((20*1)+6)) | x 2 20 1 * 6 + * = | x:dollar 2:carton 20:carton 1:dollar *:dollar 6:dollar +:dollar *:dollar =:dollar
EXPR: 0 | POS | INT | 2 | 118 | 32 | x=((20+(2*6))*1) | x 20 2 6 * + 1 * = | x:dollar 20:carton 2:carton 6:dollar *:carton +:carton 1:dollar *:dollar =:dollar
EXPR: 0 | POS | INT | 2 | 118 | 260 | (20*((2*6)+1))=x | 20 2 6 * 1 + * x = | 20:carton 2:carton 6:dollar *:dollar 1:dollar +:dollar *:dollar x:dollar =:dollar
EXPR: 0 | POS | INT | 2 | 118 | 28 | x=(2*((20*1)-6)) | x 2 20 1 * 6 - * = | x:dollar 2:carton 20:carton 1:dollar *:dollar 6:dollar -:dollar *:dollar =:dollar
EXPR: 0 | POS | INT | 2 | 118 | 131 | (((20+2)*6)-1)=x | 20 2 + 6 * 1 - x = | 20:carton 2:carton +:carton 6:dollar *:dollar 1:dollar -:dollar x:dollar =:dollar
EXPR: 0 | POS | INT | 2 | 118 | 32 | ((20+(2*6))*1)=x | 20 2 6 * + 1 * x = | 20:carton 2:carton 6:dollar *:carton +:carton 1:dollar *:dollar x:dollar =:dollar
EXPR: 0 | POS | INT | 2 | 118 | 133 | x=(((20+2)*6)+1) | x 20 2 + 6 * 1 + = | x:dollar 20:carton 2:carton +:carton 6:dollar *:dollar 1:dollar +:dollar =:dollar
EXPR: 0 | POS | INT | 2 | 118 | 8 | x=((20-(2*6))*1) | x 20 2 6 * - 1 * = | x:dollar 20:carton 2:carton 6:dollar *:carton -:carton 1:dollar *:dollar =:dollar
EXPR: 0 | POS | INT | 2 | 118 | 109 | x=(((20-2)*6)+1) | x 20 2 - 6 * 1 + = | x:dollar 20:carton 2:carton -:carton 6:dollar *:dollar 1:dollar +:dollar =:dollar
EXPR: 0 | POS | INT | 2 | 118 | 8 | ((20-(2*6))*1)=x | 20 2 6 * - 1 * x = | 20:carton 2:carton 6:dollar *:carton -:carton 1:dollar *:dollar x:dollar =:dollar
EXPR: 0 | POS | INT | 2 | 118 | 131 | x=(((20+2)*6)-1) | x 20 2 + 6 * 1 - = | x:dollar 20:carton 2:carton +:carton 6:dollar *:dollar 1:dollar -:dollar =:dollar
EXPR: 0 | POS | INT | 2 | 118 | 107 | x=(((20-2)*6)-1) | x 20 2 - 6 * 1 - = | x:dollar 20:carton 2:carton -:carton 6:dollar *:dollar 1:dollar -:dollar =:dollar
EXPR: 0 | POS | INT | 2 | 118 | 220 | (20*((2*6)-1))=x | 20 2 6 * 1 - * x = | 20:carton 2:carton 6:dollar *:dollar 1:dollar -:dollar *:dollar x:dollar =:dollar
EXPR: 0 | POS | INT | 2 | 118 | 90 | ((2-20)*(1-6))=x | 2 20 - 1 6 - * x = | 2:carton 20:carton -:carton 1:dollar 6:dollar -:dollar *:dollar x:dollar =:dollar
EXPR: 0 | POS | INT | 2 | 118 | 133 | (((20+2)*6)+1)=x | 20 2 + 6 * 1 + x = | 20:carton 2:carton +:carton 6:dollar *:dollar 1:dollar +:dollar x:dollar =:dollar
EXPR: 0 | POS | INT | 2 | 118 | 107 | (((20-2)*6)-1)=x | 20 2 - 6 * 1 - x = | 20:carton 2:carton -:carton 6:dollar *:dollar 1:dollar -:dollar x:dollar =:dollar
EXPR: 0 | POS | INT | 2 | 118 | 52 | (2*((20*1)+6))=x | 2 20 1 * 6 + * x = | 2:carton 20:carton 1:dollar *:dollar 6:dollar +:dollar *:dollar x:dollar =:dollar
EXPR: 0 | POS | INT | 2 | 118 | 130 | (20*((1/2)+6))=x | 20 1 2 / 6 + * x = | 20:carton 1:dollar 2:carton /:dollar 6:dollar +:dollar *:dollar x:dollar =:dollar
EXPR: 0 | POS | INT | 4 | 118 | 242 | (2*((20*6)+1))=x | 2 20 6 * 1 + * x = | 2:carton 20:carton 6:dollar *:dollar 1:dollar +:dollar *:dollar x:dollar =:dollar
EXPR: 0 | POS | INT | 4 | 118 | 238 | (2*((20*6)-1))=x | 2 20 6 * 1 - * x = | 2:carton 20:carton 6:dollar *:dollar 1:dollar -:dollar *:dollar x:dollar =:dollar
EXPR: 0 | POS | INT | 5 | 118 | 52 | x=(((20*1)+6)*2) | x 20 1 * 6 + 2 * = | x:dollar 20:carton 1:dollar *:dollar 6:dollar +:dollar 2:carton *:dollar =:dollar
EXPR: 0 | POS | INT | 5 | 118 | 28 | x=(((20*1)-6)*2) | x 20 1 * 6 - 2 * = | x:dollar 20:carton 1:dollar *:dollar 6:dollar -:dollar 2:carton *:dollar =:dollar
EXPR: 0 | POS | INT | 7 | 118 | 242 | x=(((20*6)+1)*2) | x 20 6 * 1 + 2 * = | x:dollar 20:carton 6:dollar *:dollar 1:dollar +:dollar 2:carton *:dollar =:dollar
EXPR: 0 | POS | INT | 7 | 118 | 238 | x=(((20*6)-1)*2) | x 20 6 * 1 - 2 * = | x:dollar 20:carton 6:dollar *:dollar 1:dollar -:dollar 2:carton *:dollar =:dollar
EXPR: 0 | POS | INT | 9 | 118 | 3 | 20=(((6+x)+1)*2) | 20 6 x + 1 + 2 * = | 20:carton 6:dollar x:dollar +:dollar 1:dollar +:dollar 2:carton *:carton =:carton
EXPR: 0 | POS | INT | 9 | 118 | 160 | x=(((2*1)+6)*20) | x 2 1 * 6 + 20 * = | x:dollar 2:carton 1:dollar *:dollar 6:dollar +:dollar 20:carton *:dollar =:dollar
EXPR: 0 | POS | INT | 9 | 118 | 28 | x=(6+((20+2)*1)) | x 6 20 2 + 1 * + = | x:dollar 6:dollar 20:carton 2:carton +:carton 1:dollar *:dollar +:dollar =:dollar
EXPR: 0 | POS | INT | 9 | 118 | 24 | x=(6+((20-2)*1)) | x 6 20 2 - 1 * + = | x:dollar 6:dollar 20:carton 2:carton -:carton 1:dollar *:dollar +:dollar =:dollar
EXPR: 0 | POS | INT | 10 | 118 | 66 | x=((20*(2+1))+6) | x 20 2 1 + * 6 + = | x:dollar 20:carton 2:dollar 1:dollar +:dollar *:dollar 6:dollar +:dollar =:dollar
EXPR: 0 | POS | INT | 10 | 118 | 126 | (((20+2)-1)*6)=x | 20 2 + 1 - 6 * x = | 20:carton 2:carton +:carton 1:carton -:carton 6:dollar *:dollar x:dollar =:dollar
EXPR: 0 | POS | INT | 10 | 118 | 3 | ((20-(2*1))/6)=x | 20 2 1 * - 6 / x = | 20:carton 2:carton 1:dollar *:carton -:carton 6:dollar /:carton x:carton =:carton
EXPR: 0 | POS | INT | 10 | 118 | 102 | ((20-(2+1))*6)=x | 20 2 1 + - 6 * x = | 20:carton 2:carton 1:carton +:carton -:carton 6:dollar *:dollar x:dollar =:dollar
EXPR: 0 | POS | INT | 10 | 118 | 45 | (((20*2)-1)+6)=x | 20 2 * 1 - 6 + x = | 20:carton 2:dollar *:dollar 1:dollar -:dollar 6:dollar +:dollar x:dollar =:dollar
EXPR: 0 | POS | INT | 10 | 118 | 33 | (((20*2)-1)-6)=x | 20 2 * 1 - 6 - x = | 20:carton 2:dollar *:dollar 1:dollar -:dollar 6:dollar -:dollar x:dollar =:dollar
EXPR: 0 | POS | INT | 10 | 118 | 180 | (20*(2+(1+6)))=x | 20 2 1 6 + + * x = | 20:carton 2:dollar 1:dollar 6:dollar +:dollar +:dollar *:dollar x:dollar =:dollar
EXPR: 0 | POS | INT | 10 | 118 | 140 | (20*(2-(1-6)))=x | 20 2 1 6 - - * x = | 20:carton 2:dollar 1:dollar 6:dollar -:dollar -:dollar *:dollar x:dollar =:dollar
EXPR: 0 | POS | INT | 10 | 118 | 140 | x=(20*((2-1)+6)) | x 20 2 1 - 6 + * = | x:dollar 20:carton 2:dollar 1:dollar -:dollar 6:dollar +:dollar *:dollar =:dollar
EXPR: 0 | POS | INT | 11 | 118 | 260 | x=(((2*6)+1)*20) | x 2 6 * 1 + 20 * = | x:dollar 2:carton 6:dollar *:dollar 1:dollar +:dollar 20:carton *:dollar =:dollar
EXPR: 0 | POS | INT | 11 | 118 | 220 | x=(((2*6)-1)*20) | x 2 6 * 1 - 20 * = | x:dollar 2:carton 6:dollar *:dollar 1:dollar -:dollar 20:carton *:dollar =:dollar
EXPR: 0 | POS | INT | 11 | 118 | 24 | x=(6-((2-20)*1)) | x 6 2 20 - 1 * - = | x:dollar 6:dollar 2:carton 20:carton -:carton 1:dollar *:dollar -:dollar =:dollar
EXPR: 0 | POS | INT | 12 | 118 | 24 | (((20*1)-2)+6)=x | 20 1 * 2 - 6 + x = | 20:carton 1:dollar *:dollar 2:dollar -:dollar 6:dollar +:dollar x:dollar =:dollar
EXPR: 0 | POS | INT | 12 | 118 | 15 | 20=(2*((x+1)-6)) | 20 2 x 1 + 6 - * = | 20:dollar 2:carton x:dollar 1:dollar +:dollar 6:dollar -:dollar *:dollar =:dollar
EXPR: 0 | POS | INT | 12 | 118 | 35 | (((20*2)-x)+1)=6 | 20 2 * x - 1 + 6 = | 20:carton 2:dollar *:dollar x:dollar -:dollar 1:dollar +:dollar 6:dollar =:dollar
EXPR: 0 | POS | INT | 12 | 118 | 30 | (2*(20+(1-6)))=x | 2 20 1 6 - + * x = | 2:carton 20:dollar 1:dollar 6:dollar -:dollar +:dollar *:dollar x:dollar =:dollar
EXPR: 0 | POS | INT | 12 | 118 | 24 | x=(((20-2)+6)*1) | x 20 2 - 6 + 1 * = | x:dollar 20:carton 2:carton -:carton 6:carton +:carton 1:dollar *:dollar =:dollar
EXPR: 0 | POS | INT | 12 | 118 | 16 | x=(((20+2)-6)*1) | x 20 2 + 6 - 1 * = | x:dollar 20:carton 2:carton +:carton 6:carton -:carton 1:dollar *:dollar =:dollar
EXPR: 0 | POS | INT | 12 | 118 | 12 | x=(((20-2)-6)*1) | x 20 2 - 6 - 1 * = | x:dollar 20:carton 2:carton -:carton 6:carton -:carton 1:dollar *:dollar =:dollar
EXPR: 0 | POS | INT | 12 | 118 | 138 | x=(((20+1)+2)*6) | x 20 1 + 2 + 6 * = | x:dollar 20:carton 1:carton +:carton 2:carton +:carton 6:dollar *:dollar =:dollar
EXPR: 0 | POS | INT | 12 | 118 | 28 | x=(((20+2)+6)*1) | x 20 2 + 6 + 1 * = | x:dollar 20:carton 2:carton +:carton 6:carton +:carton 1:dollar *:dollar =:dollar
EXPR: 0 | POS | INT | 12 | 118 | 114 | x=(((20+1)-2)*6) | x 20 1 + 2 - 6 * = | x:dollar 20:carton 1:carton +:carton 2:carton -:carton 6:dollar *:dollar =:dollar
EXPR: 0 | POS | INT | 12 | 118 | 33 | (((20*2)-6)-1)=x | 20 2 * 6 - 1 - x = | 20:carton 2:dollar *:dollar 6:dollar -:dollar 1:dollar -:dollar x:dollar =:dollar
EXPR: 0 | POS | INT | 12 | 118 | 34 | 20=(x-(2*(1+6))) | 20 x 2 1 6 + * - = | 20:carton x:carton 2:carton 1:dollar 6:dollar +:dollar *:carton -:carton =:carton
EXPR: 0 | POS | INT | 12 | 118 | 126 | (x/(20-2))=(1+6) | x 20 2 - / 1 6 + = | x:dollar 20:carton 2:carton -:carton /:dollar 1:dollar 6:dollar +:dollar =:dollar
EXPR: 0 | POS | INT | 12 | 118 | 126 | ((1+6)*(20-2))=x | 1 6 + 20 2 - * x = | 1:dollar 6:dollar +:dollar 20:carton 2:carton -:carton *:dollar x:dollar =:dollar
EXPR: 0 | POS | INT | 12 | 118 | 10 | 20=(x-(2*(1-6))) | 20 x 2 1 6 - * - = | 20:carton x:carton 2:carton 1:dollar 6:dollar -:dollar *:carton -:carton =:carton
EXPR: 0 | POS | INT | 12 | 118 | 50 | x=(2*((20-1)+6)) | x 2 20 1 - 6 + * = | x:dollar 2:carton 20:dollar 1:dollar -:dollar 6:dollar +:dollar *:dollar =:dollar
EXPR: 0 | POS | INT | 12 | 118 | 154 | (x/(20+2))=(1+6) | x 20 2 + / 1 6 + = | x:dollar 20:carton 2:carton +:carton /:dollar 1:dollar 6:dollar +:dollar =:dollar
EXPR: 0 | POS | INT | 12 | 118 | 6 | 20=(x+(2*(1+6))) | 20 x 2 1 6 + * + = | 20:carton x:carton 2:carton 1:dollar 6:dollar +:dollar *:carton +:carton =:carton
EXPR: 0 | POS | INT | 12 | 118 | 102 | x=(((20-1)-2)*6) | x 20 1 - 2 - 6 * = | x:dollar 20:carton 1:carton -:carton 2:carton -:carton 6:dollar *:dollar =:dollar
EXPR: 0 | POS | INT | 14 | 118 | 31 | (((x-20)+1)/2)=6 | x 20 - 1 + 2 / 6 = | x:dollar 20:dollar -:dollar 1:dollar +:dollar 2:carton /:dollar 6:dollar =:dollar
EXPR: 0 | POS | INT | 14 | 118 | 30 | (2*((20-6)+1))=x | 2 20 6 - 1 + * x = | 2:carton 20:dollar 6:dollar -:dollar 1:dollar +:dollar *:dollar x:dollar =:dollar
EXPR: 0 | POS | INT | 14 | 118 | 26 | (2*((20-6)-1))=x | 2 20 6 - 1 - * x = | 2:carton 20:dollar 6:dollar -:dollar 1:dollar -:dollar *:dollar x:dollar =:dollar
EXPR: 0 | POS | INT | 14 | 118 | 22 | (((x-20)+1)*2)=6 | x 20 - 1 + 2 * 6 = | x:dollar 20:dollar -:dollar 1:dollar +:dollar 2:carton *:dollar 6:dollar =:dollar
EXPR: 0 | POS | INT | 14 | 118 | 54 | (2*((20+6)+1))=x | 2 20 6 + 1 + * x = | 2:carton 20:dollar 6:dollar +:dollar 1:dollar +:dollar *:dollar x:dollar =:dollar
EXPR: 0 | POS | INT | 14 | 118 | 50 | (2*((20+6)-1))=x | 2 20 6 + 1 - * x = | 2:carton 20:dollar 6:dollar +:dollar 1:dollar -:dollar *:dollar x:dollar =:dollar
EXPR: 0 | POS | INT | 14 | 118 | 2 | 2=(20-((x+1)*6)) | 2 20 x 1 + 6 * - = | 2:carton 20:carton x:dollar 1:dollar +:dollar 6:carton *:carton -:carton =:carton
EXPR: 0 | POS | INT | 14 | 118 | 50 | (2*(20+(6-1)))=x | 2 20 6 1 - + * x = | 2:carton 20:dollar 6:dollar 1:dollar -:dollar +:dollar *:dollar x:dollar =:dollar
EXPR: 0 | POS | INT | 14 | 118 | 16 | ((2+(20-6))*1)=x | 2 20 6 - + 1 * x = | 2:carton 20:carton 6:carton -:carton +:carton 1:dollar *:dollar x:dollar =:dollar
EXPR: 0 | POS | INT | 14 | 118 | 28 | ((2+(20+6))*1)=x | 2 20 6 + + 1 * x = | 2:carton 20:carton 6:carton +:carton +:carton 1:dollar *:dollar x:dollar =:dollar
EXPR: 0 | POS | INT | 14 | 118 | 90 | 1=(6-(x/(20-2))) | 1 6 x 20 2 - / - = | 1:dollar 6:dollar x:dollar 20:carton 2:carton -:carton /:dollar -:dollar =:dollar
EXPR: 0 | POS | INT | 15 | 118 | 138 | x=(((2+1)+20)*6) | x 2 1 + 20 + 6 * = | x:dollar 2:carton 1:carton +:carton 20:carton +:carton 6:dollar *:dollar =:dollar
EXPR: 0 | POS | INT | 15 | 118 | 28 | x=(((20+6)+2)*1) | x 20 6 + 2 + 1 * = | x:dollar 20:carton 6:carton +:carton 2:carton +:carton 1:dollar *:dollar =:dollar
EXPR: 0 | POS | INT | 15 | 118 | 24 | ((20+(6/2))+1)=x | 20 6 2 / + 1 + x = | 20:dollar 6:dollar 2:carton /:dollar +:dollar 1:dollar +:dollar x:dollar =:dollar
EXPR: 0 | POS | INT | 15 | 118 | 12 | (20-(6+(2*1)))=x | 20 6 2 1 * + - x = | 20:dollar 6:dollar 2:carton 1:dollar *:dollar +:dollar -:dollar x:dollar =:dollar
EXPR: 0 | POS | INT | 15 | 118 | 16 | ((20-(6/2))-1)=x | 20 6 2 / - 1 - x = | 20:dollar 6:dollar 2:carton /:dollar -:dollar 1:dollar -:dollar x:dollar =:dollar
EXPR: 0 | POS | INT | 15 | 118 | 100 | (20*(1+(6-2)))=x | 20 1 6 2 - + * x = | 20:carton 1:dollar 6:dollar 2:dollar -:dollar +:dollar *:dollar x:dollar =:dollar
EXPR: 0 | POS | INT | 15 | 118 | 16 | (((20*1)-6)+2)=x | 20 1 * 6 - 2 + x = | 20:carton 1:dollar *:dollar 6:dollar -:dollar 2:dollar +:dollar x:dollar =:dollar
EXPR: 0 | POS | INT | 15 | 118 | 100 | (20*((6-2)+1))=x | 20 6 2 - 1 + * x = | 20:carton 6:dollar 2:dollar -:dollar 1:dollar +:dollar *:dollar x:dollar =:dollar
EXPR: 0 | POS | INT | 15 | 118 | 60 | (20*((6-2)-1))=x | 20 6 2 - 1 - * x = | 20:carton 6:dollar 2:dollar -:dollar 1:dollar -:dollar *:dollar x:dollar =:dollar
EXPR: 0 | POS | INT | 15 | 118 | 18 | ((20-(6/2))+1)=x | 20 6 2 / - 1 + x = | 20:dollar 6:dollar 2:carton /:dollar -:dollar 1:dollar +:dollar x:dollar =:dollar
EXPR: 0 | POS | INT | 15 | 118 | 22 | ((20+(6/2))-1)=x | 20 6 2 / + 1 - x = | 20:dollar 6:dollar 2:carton /:dollar +:dollar 1:dollar -:dollar x:dollar =:dollar
EXPR: 0 | POS | INT | 15 | 118 | 138 | ((1+(20+2))*6)=x | 1 20 2 + + 6 * x = | 1:carton 20:carton 2:carton +:carton +:carton 6:dollar *:dollar x:dollar =:dollar
EXPR: 0 | POS | INT | 15 | 118 | 117 | (((20*6)-2)-1)=x | 20 6 * 2 - 1 - x = | 20:carton 6:dollar *:dollar 2:dollar -:dollar 1:dollar -:dollar x:dollar =:dollar
EXPR: 0 | POS | INT | 15 | 118 | 119 | (((20*6)-2)+1)=x | 20 6 * 2 - 1 + x = | 20:carton 6:dollar *:dollar 2:dollar -:dollar 1:dollar +:dollar x:dollar =:dollar
EXPR: 0 | POS | INT | 15 | 118 | 16 | ((20-6)+(2*1))=x | 20 6 - 2 1 * + x = | 20:dollar 6:dollar -:dollar 2:carton 1:dollar *:dollar +:dollar x:dollar =:dollar
EXPR: 0 | POS | INT | 15 | 118 | 12 | x=(((20-6)-2)*1) | x 20 6 - 2 - 1 * = | x:dollar 20:carton 6:carton -:carton 2:carton -:carton 1:dollar *:dollar =:dollar
EXPR: 0 | POS | INT | 15 | 118 | 114 | ((1+(20-2))*6)=x | 1 20 2 - + 6 * x = | 1:carton 20:carton 2:carton -:carton +:carton 6:dollar *:dollar x:dollar =:dollar
EXPR: 0 | POS | INT | 15 | 118 | 35 | x=((1+(20*2))-6) | x 1 20 2 * + 6 - = | x:dollar 1:dollar 20:dollar 2:carton *:dollar +:dollar 6:dollar -:dollar =:dollar
EXPR: 0 | POS | INT | 16 | 118 | 12 | 2=(20-((6+x)*1)) | 2 20 6 x + 1 * - = | 2:carton 20:carton 6:dollar x:dollar +:dollar 1:carton *:carton -:carton =:carton
EXPR: 0 | POS | INT | 16 | 118 | 2 | 2=(20-(6*(x+1))) | 2 20 6 x 1 + * - = | 2:carton 20:carton 6:carton x:dollar 1:dollar +:dollar *:carton -:carton =:carton
EXPR: 0 | POS | INT | 16 | 118 | 12 | 2=(20-((x+6)*1)) | 2 20 x 6 + 1 * - = | 2:carton 20:carton x:dollar 6:dollar +:dollar 1:carton *:carton -:carton =:carton
EXPR: 0 | POS | INT | 16 | 118 | 90 | 1=(6+(x/(2-20))) | 1 6 x 2 20 - / + = | 1:dollar 6:dollar x:dollar 2:carton 20:carton -:carton /:dollar +:dollar =:dollar
EXPR: 0 | POS | INT | 17 | 118 | 140 | (20*(6-(1-2)))=x | 20 6 1 2 - - * x = | 20:carton 6:dollar 1:dollar 2:dollar -:dollar -:dollar *:dollar x:dollar =:dollar
EXPR: 0 | POS | INT | 17 | 118 | 121 | (((x-2)+1)/20)=6 | x 2 - 1 + 20 / 6 = | x:dollar 2:dollar -:dollar 1:dollar +:dollar 20:carton /:dollar 6:dollar =:dollar
EXPR: 0 | POS | INT | 17 | 118 | 10 | 20=(((6/2)-1)*x) | 20 6 2 / 1 - x * = | 20:carton 6:dollar 2:carton /:dollar 1:dollar -:dollar x:carton *:carton =:carton
EXPR: 0 | POS | INT | 17 | 118 | 5 | 20=(((6/2)+1)*x) | 20 6 2 / 1 + x * = | 20:carton 6:dollar 2:carton /:dollar 1:dollar +:dollar x:carton *:carton =:carton
EXPR: 0 | POS | INT | 17 | 118 | 8 | 20=(6+(2*(x-1))) | 20 6 2 x 1 - * + = | 20:carton 6:carton 2:carton x:dollar 1:dollar -:dollar *:carton +:carton =:carton
EXPR: 0 | POS | INT | 17 | 118 | 6 | 20=(6+(2*(x+1))) | 20 6 2 x 1 + * + = | 20:carton 6:carton 2:carton x:dollar 1:dollar +:dollar *:carton +:carton =:carton
EXPR: 0 | POS | INT | 17 | 118 | 114 | (((1-2)+20)*6)=x | 1 2 - 20 + 6 * x = | 1:carton 2:carton -:carton 20:carton +:carton 6:dollar *:dollar x:dollar =:dollar
EXPR: 0 | POS | INT | 17 | 118 | 117 | (((20*6)-2)-x)=1 | 20 6 * 2 - x - 1 = | 20:carton 6:dollar *:dollar 2:dollar -:dollar x:dollar -:dollar 1:dollar =:dollar
EXPR: 0 | POS | INT | 17 | 118 | 117 | (((20*6)-1)-2)=x | 20 6 * 1 - 2 - x = | 20:carton 6:dollar *:dollar 1:dollar -:dollar 2:dollar -:dollar x:dollar =:dollar
EXPR: 0 | POS | INT | 17 | 118 | 140 | (20*((6-1)+2))=x | 20 6 1 - 2 + * x = | 20:carton 6:dollar 1:dollar -:dollar 2:dollar +:dollar *:dollar x:dollar =:dollar
EXPR: 0 | POS | INT | 17 | 118 | 60 | (20*((6-1)-2))=x | 20 6 1 - 2 - * x = | 20:carton 6:dollar 1:dollar -:dollar 2:dollar -:dollar *:dollar x:dollar =:dollar
EXPR: 0 | POS | INT | 18 | 118 | 110 | 6=((1/2)+(x/20)) | 6 1 2 / x 20 / + = | 6:dollar 1:dollar 2:carton /:dollar x:dollar 20:carton /:dollar +:dollar =:dollar
EXPR: 0 | POS | INT | 18 | 118 | 50 | x=(2*(6+(20-1))) | x 2 6 20 1 - + * = | x:dollar 2:carton 6:dollar 20:dollar 1:dollar -:dollar +:dollar *:dollar =:dollar
EXPR: 0 | POS | INT | 18 | 118 | 54 | x=(2*(6+(20+1))) | x 2 6 20 1 + + * = | x:dollar 2:carton 6:dollar 20:dollar 1:dollar +:dollar +:dollar *:dollar =:dollar
EXPR: 0 | POS | INT | 18 | 118 | 16 | ((2-6)+(20*1))=x | 2 6 - 20 1 * + x = | 2:dollar 6:dollar -:dollar 20:carton 1:dollar *:dollar +:dollar x:dollar =:dollar
EXPR: 0 | POS | INT | 19 | 118 | 30 | (2*((1-6)+20))=x | 2 1 6 - 20 + * x = | 2:carton 1:dollar 6:dollar -:dollar 20:dollar +:dollar *:dollar x:dollar =:dollar
EXPR: 0 | POS | INT | 19 | 118 | 54 | x=(2*((1+6)+20)) | x 2 1 6 + 20 + * = | x:dollar 2:carton 1:dollar 6:dollar +:dollar 20:dollar +:dollar *:dollar =:dollar
EXPR: 0 | POS | INT | 19 | 118 | 34 | ((2*(1+6))+20)=x | 2 1 6 + * 20 + x = | 2:carton 1:dollar 6:dollar +:dollar *:carton 20:carton +:carton x:carton =:carton
EXPR: 0 | POS | INT | 19 | 118 | 16 | (((2*1)-6)+20)=x | 2 1 * 6 - 20 + x = | 2:carton 1:dollar *:dollar 6:dollar -:dollar 20:dollar +:dollar x:dollar =:dollar
EXPR: 0 | POS | INT | 19 | 118 | 30 | 20=((6-1)+(x/2)) | 20 6 1 - x 2 / + = | 20:dollar 6:dollar 1:dollar -:dollar x:dollar 2:carton /:dollar +:dollar =:dollar
EXPR: 0 | POS | INT | 19 | 118 | 10 | ((2*(1-6))+20)=x | 2 1 6 - * 20 + x = | 2:carton 1:dollar 6:dollar -:dollar *:carton 20:carton +:carton x:carton =:carton
EXPR: 0 | POS | INT | 20 | 118 | 234 | x=(((20*2)-1)*6) | x 20 2 * 1 - 6 * = | x:dollar 20:carton 2:dollar *:dollar 1:dollar -:dollar 6:carton *:dollar =:dollar
EXPR: 0 | POS | INT | 20 | 118 | 12 | ((20-2)-(1*6))=x | 20 2 - 1 6 * - x = | 20:carton 2:carton -:carton 1:dollar 6:carton *:carton -:carton x:carton =:carton
EXPR: 0 | POS | INT | 20 | 118 | 28 | ((20+2)+(1*6))=x | 20 2 + 1 6 * + x = | 20:carton 2:carton +:carton 1:dollar 6:carton *:carton +:carton x:carton =:carton
EXPR: 0 | POS | INT | 20 | 118 | 54 | (((20/2)-1)*6)=x | 20 2 / 1 - 6 * x = | 20:carton 2:dollar /:carton 1:carton -:carton 6:dollar *:dollar x:dollar =:dollar
EXPR: 0 | POS | INT | 20 | 118 | 180 | x=(20*(2+(1+6))) | x 20 2 1 6 + + * = | x:carton 20:carton 2:dollar 1:dollar 6:dollar +:dollar +:dollar *:carton =:carton
EXPR: 0 | POS | INT | 20 | 118 | 2 | x=(20-((2+1)*6)) | x 20 2 1 + 6 * - = | x:dollar 20:dollar 2:carton 1:carton +:carton 6:dollar *:dollar -:dollar =:dollar
EXPR: 0 | POS | INT | 20 | 118 | 31 | (((2*6)-x)+20)=1 | 2 6 * x - 20 + 1 = | 2:carton 6:dollar *:dollar x:dollar -:dollar 20:dollar +:dollar 1:dollar =:dollar
EXPR: 0 | POS | INT | 21 | 118 | 140 | 2=((1-6)+(x/20)) | 2 1 6 - x 20 / + = | 2:dollar 1:dollar 6:dollar -:dollar x:dollar 20:carton /:dollar +:dollar =:dollar
EXPR: 0 | POS | INT | 21 | 118 | 16 | (x+6)=((20+2)*1) | x 6 + 20 2 + 1 * = | x:dollar 6:dollar +:dollar 20:carton 2:carton +:carton 1:dollar *:dollar =:dollar
EXPR: 0 | POS | INT | 21 | 118 | 50 | (2*((6-1)+20))=x | 2 6 1 - 20 + * x = | 2:carton 6:dollar 1:dollar -:dollar 20:dollar +:dollar *:dollar x:dollar =:dollar
EXPR: 0 | POS | INT | 21 | 118 | 30 | ((2*(6-1))+20)=x | 2 6 1 - * 20 + x = | 2:carton 6:dollar 1:dollar -:dollar *:carton 20:carton +:carton x:carton =:carton
EXPR: 0 | POS | INT | 21 | 118 | 31 | (((2*6)-1)+20)=x | 2 6 * 1 - 20 + x = | 2:carton 6:dollar *:dollar 1:dollar -:dollar 20:dollar +:dollar x:dollar =:dollar
EXPR: 0 | POS | INT | 22 | 118 | 48 | (((20+1)*2)+6)=x | 20 1 + 2 * 6 + x = | 20:carton 1:carton +:carton 2:dollar *:dollar 6:dollar +:dollar x:dollar =:dollar
EXPR: 0 | POS | INT | 22 | 118 | 36 | (((20+1)*2)-6)=x | 20 1 + 2 * 6 - x = | 20:carton 1:carton +:carton 2:dollar *:dollar 6:dollar -:dollar x:dollar =:dollar
EXPR: 0 | POS | INT | 22 | 118 | 32 | (((20-1)*2)-6)=x | 20 1 - 2 * 6 - x = | 20:carton 1:carton -:carton 2:dollar *:dollar 6:dollar -:dollar x:dollar =:dollar
EXPR: 0 | POS | INT | 22 | 118 | 44 | (((20-1)*2)+6)=x | 20 1 - 2 * 6 + x = | 20:carton 1:carton -:carton 2:dollar *:dollar 6:dollar +:dollar x:dollar =:dollar
EXPR: 0 | POS | INT | 22 | 118 | 23 | (((20-1)-2)+6)=x | 20 1 - 2 - 6 + x = | 20:dollar 1:dollar -:dollar 2:dollar -:dollar 6:dollar +:dollar x:dollar =:dollar
EXPR: 0 | POS | INT | 22 | 118 | 138 | (((1+6)*20)-2)=x | 1 6 + 20 * 2 - x = | 1:dollar 6:dollar +:dollar 20:carton *:carton 2:carton -:carton x:carton =:carton
EXPR: 0 | POS | INT | 22 | 118 | 25 | (20-((2-6)-1))=x | 20 2 6 - 1 - - x = | 20:dollar 2:dollar 6:dollar -:dollar 1:dollar -:dollar -:dollar x:dollar =:dollar
EXPR: 0 | POS | INT | 22 | 118 | 142 | (((1+6)*20)+2)=x | 1 6 + 20 * 2 + x = | 1:dollar 6:dollar +:dollar 20:carton *:carton 2:carton +:carton x:carton =:carton
EXPR: 0 | POS | INT | 22 | 118 | 29 | (20+((2+6)+1))=x | 20 2 6 + 1 + + x = | 20:dollar 2:dollar 6:dollar +:dollar 1:dollar +:dollar +:dollar x:dollar =:dollar
EXPR: 0 | POS | INT | 22 | 118 | 24 | (20-((2-6)*1))=x | 20 2 6 - 1 * - x = | 20:carton 2:carton 6:carton -:carton 1:dollar *:carton -:carton x:carton =:carton
EXPR: 0 | POS | INT | 22 | 118 | 44 | x=(((20-1)*2)+6) | x 20 1 - 2 * 6 + = | x:dollar 20:carton 1:carton -:carton 2:dollar *:dollar 6:dollar +:dollar =:dollar
EXPR: 0 | POS | INT | 22 | 118 | 114 | 20=((2-1)+(x/6)) | 20 2 1 - x 6 / + = | 20:carton 2:carton 1:carton -:carton x:carton 6:dollar /:carton +:carton =:carton
EXPR: 0 | POS | INT | 22 | 118 | 23 | (20-(1+(2-6)))=x | 20 1 2 6 - + - x = | 20:dollar 1:dollar 2:dollar 6:dollar -:dollar +:dollar -:dollar x:dollar =:dollar
EXPR: 0 | POS | INT | 22 | 118 | 27 | (20+((2+6)-1))=x | 20 2 6 + 1 - + x = | 20:dollar 2:dollar 6:dollar +:dollar 1:dollar -:dollar +:dollar x:dollar =:dollar
EXPR: 0 | POS | INT | 22 | 118 | 123 | x=((20+(1/2))*6) | x 20 1 2 / + 6 * = | x:dollar 20:carton 1:carton 2:dollar /:carton +:carton 6:dollar *:dollar =:dollar
EXPR: 0 | POS | INT | 22 | 118 | 117 | x=((20-(1/2))*6) | x 20 1 2 / - 6 * = | x:dollar 20:carton 1:carton 2:dollar /:carton -:carton 6:dollar *:dollar =:dollar
EXPR: 0 | POS | INT | 22 | 118 | 50 | (2*((20-1)+6))=x | 2 20 1 - 6 + * x = | 2:carton 20:dollar 1:dollar -:dollar 6:dollar +:dollar *:carton x:carton =:carton
EXPR: 0 | POS | INT | 22 | 118 | 100 | (20*((1-2)+6))=x | 20 1 2 - 6 + * x = | 20:carton 1:dollar 2:dollar -:dollar 6:dollar +:dollar *:carton x:carton =:carton
EXPR: 0 | POS | INT | 22 | 118 | 4 | (20/((1-2)+6))=x | 20 1 2 - 6 + / x = | 20:carton 1:dollar 2:dollar -:dollar 6:dollar +:dollar /:carton x:carton =:carton
EXPR: 0 | POS | INT | 22 | 118 | 4 | (((20/2)-6)*1)=x | 20 2 / 6 - 1 * x = | 20:carton 2:dollar /:carton 6:carton -:carton 1:dollar *:dollar x:dollar =:dollar
EXPR: 0 | POS | INT | 22 | 118 | 26 | (2*((20-1)-6))=x | 2 20 1 - 6 - * x = | 2:carton 20:dollar 1:dollar -:dollar 6:dollar -:dollar *:carton x:carton =:carton
EXPR: 0 | POS | INT | 22 | 118 | 132 | (x/(20+2))=(1*6) | x 20 2 + / 1 6 * = | x:dollar 20:carton 2:carton +:carton /:dollar 1:dollar 6:carton *:dollar =:dollar
EXPR: 0 | POS | INT | 22 | 118 | 4 | (20/(1-(2-6)))=x | 20 1 2 6 - - / x = | 20:carton 1:dollar 2:dollar 6:dollar -:dollar -:dollar /:carton x:carton =:carton
EXPR: 0 | POS | INT | 22 | 118 | 108 | (x/(20-2))=(1*6) | x 20 2 - / 1 6 * = | x:dollar 20:carton 2:carton -:carton /:dollar 1:carton 6:dollar *:dollar =:dollar
EXPR: 0 | POS | INT | 22 | 118 | 35 | ((1-6)+(20*2))=x | 1 6 - 20 2 * + x = | 1:dollar 6:dollar -:dollar 20:carton 2:dollar *:dollar +:dollar x:dollar =:dollar
EXPR: 0 | POS | INT | 23 | 118 | 24 | 6=(((x+2)-20)*1) | 6 x 2 + 20 - 1 * = | 6:dollar x:carton 2:carton +:carton 20:carton -:carton 1:dollar *:dollar =:dollar
EXPR: 0 | POS | INT | 23 | 118 | 28 | 6=(((x-2)-20)*1) | 6 x 2 - 20 - 1 * = | 6:dollar x:carton 2:carton -:carton 20:carton -:carton 1:dollar *:dollar =:dollar
EXPR: 0 | POS | INT | 23 | 118 | 6 | 6=(20-((1+x)*2)) | 6 20 1 x + 2 * - = | 6:carton 20:carton 1:dollar x:dollar +:dollar 2:carton *:carton -:carton =:carton
EXPR: 0 | POS | INT | 23 | 118 | 60 | 2=((6-1)-(x/20)) | 2 6 1 - x 20 / - = | 2:dollar 6:dollar 1:dollar -:dollar x:dollar 20:carton /:dollar -:dollar =:dollar
EXPR: 0 | POS | INT | 23 | 118 | 8 | 6=(20-((x-1)*2)) | 6 20 x 1 - 2 * - = | 6:dollar 20:dollar x:dollar 1:dollar -:dollar 2:carton *:dollar -:dollar =:dollar
EXPR: 0 | POS | INT | 24 | 118 | 10 | (((1-6)*2)+20)=x | 1 6 - 2 * 20 + x = | 1:dollar 6:dollar -:dollar 2:carton *:carton 20:carton +:carton x:carton =:carton
EXPR: 0 | POS | INT | 24 | 118 | 29 | (2+((20+6)+1))=x | 2 20 6 + 1 + + x = | 2:dollar 20:dollar 6:dollar +:dollar 1:dollar +:dollar +:dollar x:dollar =:dollar
EXPR: 0 | POS | INT | 24 | 118 | 117 | 20=((1/2)+(x/6)) | 20 1 2 / x 6 / + = | 20:dollar 1:dollar 2:carton /:dollar x:dollar 6:carton /:dollar +:dollar =:dollar
EXPR: 0 | POS | INT | 25 | 118 | 52 | x=((20+(1*6))*2) | x 20 1 6 * + 2 * = | x:dollar 20:carton 1:carton 6:dollar *:carton +:carton 2:dollar *:dollar =:dollar
EXPR: 0 | POS | INT | 25 | 118 | 28 | x=((20-(1*6))*2) | x 20 1 6 * - 2 * = | x:dollar 20:carton 1:carton 6:dollar *:carton -:carton 2:dollar *:dollar =:dollar
EXPR: 0 | POS | INT | 25 | 118 | 52 | ((20+(1*6))*2)=x | 20 1 6 * + 2 * x = | 20:carton 1:carton 6:dollar *:carton +:carton 2:dollar *:dollar x:dollar =:dollar
EXPR: 0 | POS | INT | 25 | 118 | 124 | (((20+1)*6)-2)=x | 20 1 + 6 * 2 - x = | 20:carton 1:carton +:carton 6:dollar *:dollar 2:dollar -:dollar x:dollar =:dollar
EXPR: 0 | POS | INT | 25 | 118 | 66 | x=(((2+1)*20)+6) | x 2 1 + 20 * 6 + = | x:dollar 2:carton 1:carton +:carton 20:dollar *:dollar 6:dollar +:dollar =:dollar
EXPR: 0 | POS | INT | 25 | 118 | 28 | ((20-(1*6))*2)=x | 20 1 6 * - 2 * x = | 20:carton 1:carton 6:dollar *:carton -:carton 2:dollar *:dollar x:dollar =:dollar
EXPR: 0 | POS | INT | 25 | 118 | 26 | x=(((2-1)*20)+6) | x 2 1 - 20 * 6 + = | x:dollar 2:carton 1:carton -:carton 20:dollar *:dollar 6:dollar +:dollar =:dollar
EXPR: 0 | POS | INT | 25 | 118 | 54 | x=(((2+1)*20)-6) | x 2 1 + 20 * 6 - = | x:dollar 2:carton 1:carton +:carton 20:dollar *:dollar 6:dollar -:dollar =:dollar
EXPR: 0 | POS | INT | 25 | 118 | 29 | (20+((1+6)+2))=x | 20 1 6 + 2 + + x = | 20:dollar 1:dollar 6:dollar +:dollar 2:dollar +:dollar +:dollar x:dollar =:dollar
EXPR: 0 | POS | INT | 25 | 118 | 112 | x=(((20-1)*6)-2) | x 20 1 - 6 * 2 - = | x:dollar 20:carton 1:carton -:carton 6:dollar *:dollar 2:dollar -:dollar =:dollar
EXPR: 0 | POS | INT | 25 | 118 | 128 | x=(((20+1)*6)+2) | x 20 1 + 6 * 2 + = | x:dollar 20:carton 1:carton +:carton 6:dollar *:dollar 2:dollar +:dollar =:dollar
EXPR: 0 | POS | INT | 25 | 118 | 124 | x=(((20+1)*6)-2) | x 20 1 + 6 * 2 - = | x:dollar 20:carton 1:carton +:carton 6:dollar *:dollar 2:dollar -:dollar =:dollar
EXPR: 0 | POS | INT | 25 | 118 | 132 | x=(((2*1)+20)*6) | x 2 1 * 20 + 6 * = | x:dollar 2:carton 1:dollar *:dollar 20:dollar +:dollar 6:carton *:dollar =:dollar
EXPR: 0 | POS | INT | 25 | 118 | 128 | (((20+1)*6)+2)=x | 20 1 + 6 * 2 + x = | 20:carton 1:carton +:carton 6:dollar *:dollar 2:dollar +:dollar x:dollar =:dollar
EXPR: 0 | POS | INT | 25 | 118 | 51 | (((20+6)*2)-1)=x | 20 6 + 2 * 1 - x = | 20:carton 6:carton +:carton 2:dollar *:dollar 1:dollar -:dollar x:dollar =:dollar
EXPR: 0 | POS | INT | 25 | 118 | 27 | (2-(1-(20+6)))=x | 2 1 20 6 + - - x = | 2:dollar 1:dollar 20:dollar 6:dollar +:dollar -:dollar -:dollar x:dollar =:dollar
EXPR: 0 | POS | INT | 25 | 118 | 112 | (((20-1)*6)-2)=x | 20 1 - 6 * 2 - x = | 20:carton 1:carton -:carton 6:dollar *:dollar 2:dollar -:dollar x:dollar =:dollar
EXPR: 0 | POS | INT | 25 | 118 | 27 | (20-((1-6)-2))=x | 20 1 6 - 2 - - x = | 20:dollar 1:dollar 6:dollar -:dollar 2:dollar -:dollar -:dollar x:dollar =:dollar
EXPR: 0 | POS | INT | 25 | 118 | 17 | (2+(1+(20-6)))=x | 2 1 20 6 - + + x = | 2:dollar 1:dollar 20:dollar 6:dollar -:dollar +:dollar +:dollar x:dollar =:dollar
EXPR: 0 | POS | INT | 25 | 118 | 4 | (20/((6-2)+1))=x | 20 6 2 - 1 + / x = | 20:carton 6:dollar 2:dollar -:dollar 1:dollar +:dollar /:carton x:carton =:carton
EXPR: 0 | POS | INT | 25 | 118 | 13 | (20-(6+(2-1)))=x | 20 6 2 1 - + - x = | 20:dollar 6:dollar 2:dollar 1:dollar -:dollar +:dollar -:dollar x:dollar =:dollar
EXPR: 0 | POS | INT | 25 | 118 | 46 | (1*((20*2)+6))=x | 1 20 2 * 6 + * x = | 1:carton 20:carton 2:dollar *:dollar 6:dollar +:dollar *:dollar x:dollar =:dollar
EXPR: 0 | POS | INT | 25 | 118 | 29 | (((20-6)*2)+1)=x | 20 6 - 2 * 1 + x = | 20:carton 6:carton -:carton 2:dollar *:dollar 1:dollar +:dollar x:dollar =:dollar
EXPR: 0 | POS | INT | 25 | 118 | 23 | (20-((1-6)+2))=x | 20 1 6 - 2 + - x = | 20:dollar 1:dollar 6:dollar -:dollar 2:dollar +:dollar -:dollar x:dollar =:dollar
EXPR: 0 | POS | INT | 25 | 118 | 25 | (20+((1+6)-2))=x | 20 1 6 + 2 - + x = | 20:dollar 1:dollar 6:dollar +:dollar 2:dollar -:dollar +:dollar x:dollar =:dollar
EXPR: 0 | POS | INT | 25 | 118 | 53 | (((20+6)*2)+1)=x | 20 6 + 2 * 1 + x = | 20:carton 6:carton +:carton 2:dollar *:dollar 1:dollar +:dollar x:dollar =:dollar
EXPR: 0 | POS | INT | 25 | 118 | 27 | (20+(6+(2-1)))=x | 20 6 2 1 - + + x = | 20:dollar 6:dollar 2:dollar 1:dollar -:dollar +:dollar +:dollar x:dollar =:dollar
EXPR: 0 | POS | INT | 25 | 118 | 34 | (1*((20*2)-6))=x | 1 20 2 * 6 - * x = | 1:carton 20:carton 2:dollar *:dollar 6:dollar -:dollar *:dollar x:dollar =:dollar
EXPR: 0 | POS | INT | 25 | 118 | 23 | x=((20+(6/2))*1) | x 20 6 2 / + 1 * = | x:dollar 20:carton 6:carton 2:dollar /:carton +:carton 1:dollar *:dollar =:dollar
EXPR: 0 | POS | INT | 25 | 118 | 17 | x=((20-(6/2))*1) | x 20 6 2 / - 1 * = | x:dollar 20:carton 6:carton 2:dollar /:carton -:carton 1:dollar *:dollar =:dollar
EXPR: 0 | POS | INT | 25 | 118 | 27 | (((20-6)*2)-1)=x | 20 6 - 2 * 1 - x = | 20:carton 6:carton -:carton 2:dollar *:dollar 1:dollar -:dollar x:dollar =:dollar
EXPR: 0 | POS | INT | 25 | 118 | 28 | ((20+(1*6))+2)=x | 20 1 6 * + 2 + x = | 20:carton 1:dollar 6:carton *:carton +:carton 2:carton +:carton x:carton =:carton
EXPR: 0 | POS | INT | 25 | 118 | 160 | x=(20*((1*6)+2)) | x 20 1 6 * 2 + * = | x:dollar 20:carton 1:carton 6:dollar *:dollar 2:dollar +:dollar *:dollar =:dollar
EXPR: 0 | POS | INT | 25 | 118 | 30 | x=(2*(1+(20-6))) | x 2 1 20 6 - + * = | x:carton 2:carton 1:dollar 20:dollar 6:dollar -:dollar +:dollar *:carton =:carton
EXPR: 0 | POS | INT | 25 | 118 | 246 | ((1+(20*2))*6)=x | 1 20 2 * + 6 * x = | 1:carton 20:dollar 2:carton *:carton +:carton 6:dollar *:dollar x:dollar =:dollar
EXPR: 0 | POS | INT | 26 | 118 | 35 | (((6+x)-1)/20)=2 | 6 x + 1 - 20 / 2 = | 6:dollar x:dollar +:dollar 1:dollar -:dollar 20:carton /:dollar 2:dollar =:dollar
EXPR: 0 | POS | INT | 26 | 118 | 79 | 6=(2+((x+1)/20)) | 6 2 x 1 + 20 / + = | 6:dollar 2:dollar x:dollar 1:dollar +:dollar 20:carton /:dollar +:dollar =:dollar
EXPR: 0 | POS | INT | 26 | 118 | 45 | (((x-6)+1)/20)=2 | x 6 - 1 + 20 / 2 = | x:dollar 6:dollar -:dollar 1:dollar +:dollar 20:carton /:dollar 2:dollar =:dollar
EXPR: 0 | POS | INT | 26 | 118 | 60 | 1=((6-2)-(x/20)) | 1 6 2 - x 20 / - = | 1:dollar 6:dollar 2:dollar -:dollar x:dollar 20:carton /:dollar -:dollar =:dollar
EXPR: 0 | POS | INT | 26 | 118 | 33 | (((x+6)+1)/20)=2 | x 6 + 1 + 20 / 2 = | x:dollar 6:dollar +:dollar 1:dollar +:dollar 20:carton /:dollar 2:dollar =:dollar
EXPR: 0 | POS | INT | 26 | 118 | 50 | 6=((1-20)+(x/2)) | 6 1 20 - x 2 / + = | 6:dollar 1:dollar 20:dollar -:dollar x:dollar 2:carton /:dollar +:dollar =:dollar
EXPR: 0 | POS | INT | 26 | 118 | 100 | 6=((2-1)+(x/20)) | 6 2 1 - x 20 / + = | 6:dollar 2:dollar 1:dollar -:dollar x:dollar 20:carton /:dollar +:dollar =:dollar
EXPR: 0 | POS | INT | 27 | 118 | 24 | (((20+6)*1)-2)=x | 20 6 + 1 * 2 - x = | 20:carton 6:carton +:carton 1:dollar *:dollar 2:dollar -:dollar x:dollar =:dollar
EXPR: 0 | POS | INT | 27 | 118 | 23 | (((20+6)-1)-2)=x | 20 6 + 1 - 2 - x = | 20:dollar 6:dollar +:dollar 1:dollar -:dollar 2:dollar -:dollar x:dollar =:dollar
EXPR: 0 | POS | INT | 27 | 118 | 16 | x=(((20-6)*1)+2) | x 20 6 - 1 * 2 + = | x:dollar 20:carton 6:carton -:carton 1:dollar *:dollar 2:dollar +:dollar =:dollar
EXPR: 0 | POS | INT | 27 | 118 | 24 | x=(((20+6)*1)-2) | x 20 6 + 1 * 2 - = | x:dollar 20:carton 6:carton +:carton 1:dollar *:dollar 2:dollar -:dollar =:dollar
EXPR: 0 | POS | INT | 27 | 118 | 12 | x=(((20-6)*1)-2) | x 20 6 - 1 * 2 - = | x:dollar 20:carton 6:carton -:carton 1:dollar *:dollar 2:dollar -:dollar =:dollar
EXPR: 0 | POS | INT | 27 | 118 | 28 | (x/(20-6))=(2*1) | x 20 6 - / 2 1 * = | x:dollar 20:carton 6:carton -:carton /:dollar 2:carton 1:dollar *:dollar =:dollar
EXPR: 0 | POS | INT | 27 | 118 | 16 | 20=((6-2)+(1*x)) | 20 6 2 - 1 x * + = | 20:carton 6:carton 2:carton -:carton 1:carton x:dollar *:carton +:carton =:carton
EXPR: 0 | POS | INT | 27 | 118 | 28 | (((20+6)*1)+2)=x | 20 6 + 1 * 2 + x = | 20:carton 6:carton +:carton 1:dollar *:dollar 2:dollar +:dollar x:dollar =:dollar
EXPR: 0 | POS | INT | 27 | 118 | 120 | (x*(2-1))=(20*6) | x 2 1 - * 20 6 * = | x:dollar 2:carton 1:carton -:carton *:dollar 20:carton 6:dollar *:dollar =:dollar
EXPR: 0 | POS | INT | 27 | 118 | 24 | 20=((x-6)+(2*1)) | 20 x 6 - 2 1 * + = | 20:carton x:carton 6:carton -:carton 2:carton 1:dollar *:carton +:carton =:carton
EXPR: 0 | POS | INT | 27 | 118 | 15 | (20-(6+(1-2)))=x | 20 6 1 2 - + - x = | 20:dollar 6:dollar 1:dollar 2:dollar -:dollar +:dollar -:dollar x:dollar =:dollar
EXPR: 0 | POS | INT | 27 | 118 | 25 | (1-(2-(20+6)))=x | 1 2 20 6 + - - x = | 1:dollar 2:dollar 20:dollar 6:dollar +:dollar -:dollar -:dollar x:dollar =:dollar
EXPR: 0 | POS | INT | 27 | 118 | 126 | 2=((1-20)+(x/6)) | 2 1 20 - x 6 / + = | 2:carton 1:carton 20:carton -:carton x:carton 6:dollar /:carton +:carton =:carton
EXPR: 1 | POS | INT | 27 | 118 | 118 | (((20*6)-2)/x)=1 | 20 6 * 2 - x / 1 = | 20:carton 6:dollar *:dollar 2:dollar -:dollar x:carton /:dollar 1:dollar =:dollar
EXPR: 0 | POS | INT | 27 | 118 | 17 | 20=((6/2)+(x*1)) | 20 6 2 / x 1 * + = | 20:dollar 6:dollar 2:carton /:dollar x:carton 1:dollar *:dollar +:dollar =:dollar
EXPR: 0 | POS | INT | 27 | 118 | 4 | x=(20/(6+(1-2))) | x 20 6 1 2 - + / = | x:carton 20:carton 6:dollar 1:dollar 2:dollar -:dollar +:dollar /:carton =:carton
EXPR: 0 | POS | INT | 27 | 118 | 100 | x=(20*(6+(1-2))) | x 20 6 1 2 - + * = | x:carton 20:carton 6:dollar 1:dollar 2:dollar -:dollar +:dollar *:carton =:carton
EXPR: 0 | POS | INT | 27 | 118 | 25 | (20+(6+(1-2)))=x | 20 6 1 2 - + + x = | 20:dollar 6:dollar 1:dollar 2:dollar -:dollar +:dollar +:dollar x:dollar =:dollar
EXPR: 0 | POS | INT | 27 | 118 | 4 | 20=(((6-2)+1)*x) | 20 6 2 - 1 + x * = | 20:carton 6:dollar 2:dollar -:dollar 1:dollar +:dollar x:carton *:carton =:carton
EXPR: 0 | POS | INT | 28 | 118 | 159 | (((2+6)*20)-1)=x | 2 6 + 20 * 1 - x = | 2:carton 6:carton +:carton 20:dollar *:dollar 1:dollar -:dollar x:dollar =:dollar
EXPR: 0 | POS | INT | 28 | 118 | 161 | x=(((2+6)*20)+1) | x 2 6 + 20 * 1 + = | x:dollar 2:carton 6:carton +:carton 20:dollar *:dollar 1:dollar +:dollar =:dollar
EXPR: 0 | POS | INT | 28 | 118 | 159 | x=(((2+6)*20)-1) | x 2 6 + 20 * 1 - = | x:dollar 2:carton 6:carton +:carton 20:dollar *:dollar 1:dollar -:dollar =:dollar
EXPR: 0 | POS | INT | 28 | 118 | 32 | x=(((2*6)+20)*1) | x 2 6 * 20 + 1 * = | x:dollar 2:carton 6:dollar *:dollar 20:dollar +:dollar 1:carton *:dollar =:dollar
EXPR: 0 | POS | INT | 28 | 118 | 122 | (1*((20*6)+2))=x | 1 20 6 * 2 + * x = | 1:carton 20:carton 6:dollar *:dollar 2:dollar +:dollar *:dollar x:dollar =:dollar
EXPR: 0 | POS | INT | 28 | 118 | 25 | (1+((20+6)-2))=x | 1 20 6 + 2 - + x = | 1:dollar 20:dollar 6:dollar +:dollar 2:dollar -:dollar +:dollar x:dollar =:dollar
EXPR: 0 | POS | INT | 28 | 118 | 140 | 6=((1-2)+(x/20)) | 6 1 2 - x 20 / + = | 6:dollar 1:dollar 2:dollar -:dollar x:dollar 20:carton /:dollar +:dollar =:dollar
EXPR: 0 | POS | INT | 29 | 118 | 160 | ((2+(1*6))*20)=x | 2 1 6 * + 20 * x = | 2:carton 1:carton 6:dollar *:carton +:carton 20:dollar *:dollar x:dollar =:dollar
EXPR: 0 | POS | INT | 29 | 118 | 28 | (6+((20+2)*1))=x | 6 20 2 + 1 * + x = | 6:carton 20:carton 2:carton +:carton 1:dollar *:carton +:carton x:carton =:carton
EXPR: 0 | POS | INT | 29 | 118 | 29 | (2+((1+6)+20))=x | 2 1 6 + 20 + + x = | 2:dollar 1:dollar 6:dollar +:dollar 20:dollar +:dollar +:dollar x:dollar =:dollar
EXPR: 0 | POS | INT | 29 | 118 | 26 | x=(((2-1)*6)+20) | x 2 1 - 6 * 20 + = | x:dollar 2:carton 1:carton -:carton 6:dollar *:dollar 20:dollar +:dollar =:dollar
EXPR: 0 | POS | INT | 29 | 118 | 27 | (2-((1-6)-20))=x | 2 1 6 - 20 - - x = | 2:dollar 1:dollar 6:dollar -:dollar 20:dollar -:dollar -:dollar x:dollar =:dollar
EXPR: 0 | POS | INT | 29 | 118 | 117 | 20=((x/6)+(1/2)) | 20 x 6 / 1 2 / + = | 20:dollar x:dollar 6:carton /:dollar 1:dollar 2:carton /:dollar +:dollar =:dollar
EXPR: 0 | POS | INT | 29 | 118 | 66 | x=(6*((20/2)+1)) | x 6 20 2 / 1 + * = | x:dollar 6:carton 20:dollar 2:carton /:dollar 1:dollar +:dollar *:dollar =:dollar
EXPR: 0 | POS | INT | 29 | 118 | 246 | x=(6*((20*2)+1)) | x 6 20 2 * 1 + * = | x:dollar 6:carton 20:dollar 2:carton *:dollar 1:dollar +:dollar *:dollar =:dollar
EXPR: 0 | POS | INT | 29 | 118 | 234 | x=(6*((20*2)-1)) | x 6 20 2 * 1 - * = | x:dollar 6:carton 20:dollar 2:carton *:dollar 1:dollar -:dollar *:dollar =:dollar
EXPR: 0 | POS | INT | 29 | 118 | 14 | 20=(6-((1-2)*x)) | 20 6 1 2 - x * - = | 20:dollar 6:dollar 1:carton 2:carton -:carton x:dollar *:dollar -:dollar =:dollar
EXPR: 0 | POS | INT | 30 | 118 | 23 | ((20-(2+1))+6)=x | 20 2 1 + - 6 + x = | 20:carton 2:carton 1:carton +:carton -:carton 6:carton +:carton x:carton =:carton
EXPR: 0 | POS | INT | 30 | 118 | 34 | ((20*2)-(1*6))=x | 20 2 * 1 6 * - x = | 20:dollar 2:carton *:carton 1:dollar 6:carton *:carton -:carton x:carton =:carton
EXPR: 0 | POS | INT | 30 | 118 | 46 | ((20*2)+(1*6))=x | 20 2 * 1 6 * + x = | 20:dollar 2:carton *:carton 1:dollar 6:carton *:carton +:carton x:carton =:carton
EXPR: 0 | POS | INT | 30 | 118 | 16 | 2=((6-20)+(x*1)) | 2 6 20 - x 1 * + = | 2:carton 6:carton 20:carton -:carton x:carton 1:dollar *:carton +:carton =:carton
EXPR: 0 | POS | INT | 30 | 118 | 16 | ((20+2)-(1*6))=x | 20 2 + 1 6 * - x = | 20:dollar 2:dollar +:dollar 1:carton 6:dollar *:dollar -:dollar x:dollar =:dollar
EXPR: 0 | POS | INT | 31 | 118 | 28 | x=(((2+6)*1)+20) | x 2 6 + 1 * 20 + = | x:dollar 2:carton 6:carton +:carton 1:dollar *:dollar 20:dollar +:dollar =:dollar
EXPR: 0 | POS | INT | 31 | 118 | 76 | x=((2-6)*(1-20)) | x 2 6 - 1 20 - * = | x:dollar 2:carton 6:carton -:carton 1:dollar 20:dollar -:dollar *:dollar =:dollar
EXPR: 0 | POS | INT | 31 | 118 | 79 | x=(((6-2)*20)-1) | x 6 2 - 20 * 1 - = | x:dollar 6:carton 2:carton -:carton 20:dollar *:dollar 1:dollar -:dollar =:dollar
EXPR: 0 | POS | INT | 31 | 118 | 16 | x=(((2-6)*1)+20) | x 2 6 - 1 * 20 + = | x:dollar 2:carton 6:carton -:carton 1:dollar *:dollar 20:dollar +:dollar =:dollar
EXPR: 0 | POS | INT | 31 | 118 | 81 | (((6-2)*20)+1)=x | 6 2 - 20 * 1 + x = | 6:carton 2:carton -:carton 20:dollar *:dollar 1:dollar +:dollar x:dollar =:dollar
EXPR: 0 | POS | INT | 31 | 118 | 79 | (((6-2)*20)-1)=x | 6 2 - 20 * 1 - x = | 6:carton 2:carton -:carton 20:dollar *:dollar 1:dollar -:dollar x:dollar =:dollar
EXPR: 0 | POS | INT | 31 | 118 | 76 | x=((6-2)*(20-1)) | x 6 2 - 20 1 - * = | x:dollar 6:carton 2:carton -:carton 20:dollar 1:dollar -:dollar *:dollar =:dollar
EXPR: 0 | POS | INT | 31 | 118 | 13 | ((1-(2+6))+20)=x | 1 2 6 + - 20 + x = | 1:dollar 2:dollar 6:dollar +:dollar -:dollar 20:dollar +:dollar x:dollar =:dollar
EXPR: 0 | POS | INT | 31 | 118 | 108 | (6*(20-2))=(x*1) | 6 20 2 - * x 1 * = | 6:dollar 20:carton 2:carton -:carton *:carton x:carton 1:dollar *:carton =:carton
EXPR: 0 | POS | INT | 31 | 118 | 132 | (6*(20+2))=(x*1) | 6 20 2 + * x 1 * = | 6:dollar 20:carton 2:carton +:carton *:carton x:carton 1:dollar *:carton =:carton
EXPR: 0 | POS | INT | 32 | 118 | 13 | ((20-(2+6))+1)=x | 20 2 6 + - 1 + x = | 20:carton 2:carton 6:carton +:carton -:carton 1:carton +:carton x:carton =:carton
EXPR: 0 | POS | INT | 32 | 118 | 48 | ((2*(20+1))+6)=x | 2 20 1 + * 6 + x = | 2:carton 20:dollar 1:dollar +:dollar *:carton 6:carton +:carton x:carton =:carton
EXPR: 0 | POS | INT | 32 | 118 | 32 | ((2*(20-1))-6)=x | 2 20 1 - * 6 - x = | 2:carton 20:dollar 1:dollar -:dollar *:carton 6:carton -:carton x:carton =:carton
EXPR: 0 | POS | INT | 32 | 118 | 13 | ((1-(6-20))-2)=x | 1 6 20 - - 2 - x = | 1:dollar 6:dollar 20:dollar -:dollar -:dollar 2:dollar -:dollar x:dollar =:dollar
EXPR: 0 | POS | INT | 32 | 118 | 28 | (20+((2+6)*1))=x | 20 2 6 + 1 * + x = | 20:dollar 2:dollar 6:dollar +:dollar 1:carton *:dollar +:dollar x:dollar =:dollar
EXPR: 0 | POS | INT | 32 | 118 | 36 | ((2*(20+1))-6)=x | 2 20 1 + * 6 - x = | 2:carton 20:dollar 1:dollar +:dollar *:carton 6:carton -:carton x:carton =:carton
EXPR: 0 | POS | INT | 32 | 118 | 29 | (((20+2)+6)+1)=x | 20 2 + 6 + 1 + x = | 20:carton 2:carton +:carton 6:carton +:carton 1:carton +:carton x:carton =:carton
EXPR: 0 | POS | INT | 33 | 118 | 28 | 6=(((x-20)*1)-2) | 6 x 20 - 1 * 2 - = | 6:dollar x:carton 20:carton -:carton 1:dollar *:dollar 2:dollar -:dollar =:dollar
EXPR: 0 | POS | INT | 33 | 118 | 16 | 6=(((20-x)*1)+2) | 6 20 x - 1 * 2 + = | 6:dollar 20:carton x:carton -:carton 1:dollar *:dollar 2:dollar +:dollar =:dollar
EXPR: 0 | POS | INT | 33 | 118 | 24 | 6=(((x-20)*1)+2) | 6 x 20 - 1 * 2 + = | 6:dollar x:carton 20:carton -:carton 1:dollar *:dollar 2:dollar +:dollar =:dollar
EXPR: 0 | POS | INT | 33 | 118 | 84 | 6=(2+(x/(20+1))) | 6 2 x 20 1 + / + = | 6:dollar 2:dollar x:dollar 20:carton 1:carton +:carton /:dollar +:dollar =:dollar
EXPR: 0 | POS | INT | 33 | 118 | 14 | 1=(2+(6/(x-20))) | 1 2 6 x 20 - / + = | 1:dollar 2:dollar 6:dollar x:carton 20:carton -:carton /:dollar +:dollar =:dollar
EXPR: 0 | POS | INT | 33 | 118 | 14 | 6=(20+(x/(1-2))) | 6 20 x 1 2 - / + = | 6:dollar 20:dollar x:dollar 1:carton 2:carton -:carton /:dollar +:dollar =:dollar
EXPR: 0 | POS | INT | 33 | 118 | 14 | 6=(20+(x*(1-2))) | 6 20 x 1 2 - * + = | 6:dollar 20:dollar x:dollar 1:carton 2:carton -:carton *:dollar +:dollar =:dollar
EXPR: 0 | POS | INT | 33 | 118 | 5 | (x*(6-2))=(20*1) | x 6 2 - * 20 1 * = | x:dollar 6:carton 2:carton -:carton *:dollar 20:carton 1:dollar *:dollar =:dollar
EXPR: 0 | POS | INT | 33 | 118 | 80 | (x/(6-2))=(20*1) | x 6 2 - / 20 1 * = | x:dollar 6:carton 2:carton -:carton /:dollar 20:carton 1:dollar *:dollar =:dollar
EXPR: 0 | POS | INT | 34 | 118 | 23 | (1*((6/2)+20))=x | 1 6 2 / 20 + * x = | 1:carton 6:dollar 2:carton /:dollar 20:dollar +:dollar *:dollar x:dollar =:dollar
EXPR: 0 | POS | INT | 34 | 118 | 24 | (((6-2)*1)+20)=x | 6 2 - 1 * 20 + x = | 6:carton 2:carton -:carton 1:dollar *:dollar 20:dollar +:dollar x:dollar =:dollar
EXPR: 0 | POS | INT | 34 | 118 | 132 | x=(6*((2*1)+20)) | x 6 2 1 * 20 + * = | x:dollar 6:carton 2:carton 1:dollar *:dollar 20:dollar +:dollar *:dollar =:dollar
EXPR: 0 | POS | INT | 34 | 118 | 29 | ((2+(20+6))+1)=x | 2 20 6 + + 1 + x = | 2:carton 20:carton 6:carton +:carton +:carton 1:carton +:carton x:carton =:carton
NET 291 unique, non-negative, integer-valued solutions found out of 1000 total solutions
