parameters: n=9 l=4 k=1 p=5 q=2 m=10
TOTAL 766 solutions found
SOLN: CORRECT | POS/NEG | INT/FRA | OBJ-SCORE | TRUE-ANS | ANS | INFIX | POSTFIX | TYPED-POSTFIX
EXPR: 0 | POS | INT | 0 | 55 | 585 | x=(9*((7*10)-5)) | x 9 7 10 * 5 - * = | x:can 9:package 7:package 10:can *:can 5:can -:can *:can =:can
EXPR: 0 | POS | INT | 0 | 55 | 675 | x=(9*((7*10)+5)) | x 9 7 10 * 5 + * = | x:can 9:package 7:package 10:can *:can 5:can +:can *:can =:can
EXPR: 0 | POS | INT | 0 | 55 | 165 | x=(((9+7)*10)+5) | x 9 7 + 10 * 5 + = | x:can 9:package 7:package +:package 10:can *:can 5:can +:can =:can
EXPR: 0 | POS | INT | 0 | 55 | 155 | x=(((9+7)*10)-5) | x 9 7 + 10 * 5 - = | x:can 9:package 7:package +:package 10:can *:can 5:can -:can =:can
EXPR: 0 | POS | INT | 0 | 55 | 25 | x=(((9-7)*10)+5) | x 9 7 - 10 * 5 + = | x:can 9:package 7:package -:package 10:can *:can 5:can +:can =:can
EXPR: 0 | POS | INT | 0 | 55 | 155 | (((9+7)*10)-5)=x | 9 7 + 10 * 5 - x = | 9:package 7:package +:package 10:can *:can 5:can -:can x:can =:can
EXPR: 0 | POS | INT | 0 | 55 | 165 | (((9+7)*10)+5)=x | 9 7 + 10 * 5 + x = | 9:package 7:package +:package 10:can *:can 5:can +:can x:can =:can
EXPR: 0 | POS | INT | 0 | 55 | 15 | (((9-7)*10)-5)=x | 9 7 - 10 * 5 - x = | 9:package 7:package -:package 10:can *:can 5:can -:can x:can =:can
EXPR: 0 | POS | INT | 0 | 55 | 80 | x=((9+7)*(10-5)) | x 9 7 + 10 5 - * = | x:can 9:package 7:package +:package 10:can 5:can -:can *:can =:can
EXPR: 0 | POS | INT | 0 | 55 | 25 | (((9-7)*10)+5)=x | 9 7 - 10 * 5 + x = | 9:package 7:package -:package 10:can *:can 5:can +:can x:can =:can
EXPR: 0 | POS | INT | 0 | 55 | 15 | x=(((9-7)*10)-5) | x 9 7 - 10 * 5 - = | x:can 9:package 7:package -:package 10:can *:can 5:can -:can =:can
EXPR: 0 | POS | INT | 0 | 55 | 240 | x=((9+7)*(10+5)) | x 9 7 + 10 5 + * = | x:can 9:package 7:package +:package 10:can 5:can +:can *:can =:can
EXPR: 0 | POS | INT | 0 | 55 | 395 | x=((9+(7*10))*5) | x 9 7 10 * + 5 * = | x:can 9:package 7:package 10:can *:package +:package 5:can *:can =:can
EXPR: 0 | POS | INT | 0 | 55 | 585 | (9*((7*10)-5))=x | 9 7 10 * 5 - * x = | 9:package 7:package 10:can *:can 5:can -:can *:can x:can =:can
EXPR: 0 | POS | INT | 0 | 55 | 80 | ((9+7)*(10-5))=x | 9 7 + 10 5 - * x = | 9:package 7:package +:package 10:can 5:can -:can *:can x:can =:can
EXPR: 0 | POS | INT | 0 | 55 | 30 | ((9-7)*(10+5))=x | 9 7 - 10 5 + * x = | 9:package 7:package -:package 10:can 5:can +:can *:can x:can =:can
EXPR: 0 | POS | INT | 0 | 55 | 10 | ((9-7)*(10-5))=x | 9 7 - 10 5 - * x = | 9:package 7:package -:package 10:can 5:can -:can *:can x:can =:can
EXPR: 0 | POS | INT | 0 | 55 | 675 | (9*((7*10)+5))=x | 9 7 10 * 5 + * x = | 9:package 7:package 10:can *:can 5:can +:can *:can x:can =:can
EXPR: 0 | POS | INT | 0 | 55 | 395 | ((9+(7*10))*5)=x | 9 7 10 * + 5 * x = | 9:package 7:package 10:can *:package +:package 5:can *:can x:can =:can
EXPR: 0 | POS | INT | 0 | 55 | 240 | ((9+7)*(10+5))=x | 9 7 + 10 5 + * x = | 9:package 7:package +:package 10:can 5:can +:can *:can x:can =:can
EXPR: 0 | POS | INT | 0 | 55 | 30 | x=((9-7)*(10+5)) | x 9 7 - 10 5 + * = | x:can 9:package 7:package -:package 10:can 5:can +:can *:can =:can
EXPR: 0 | POS | INT | 0 | 55 | 10 | x=((9-7)*(10-5)) | x 9 7 - 10 5 - * = | x:can 9:package 7:package -:package 10:can 5:can -:can *:can =:can
EXPR: 0 | POS | INT | 2 | 55 | 70 | (((9+7)*5)-10)=x | 9 7 + 5 * 10 - x = | 9:package 7:package +:package 5:can *:can 10:can -:can x:can =:can
EXPR: 0 | POS | INT | 2 | 55 | 90 | (((9+7)*5)+10)=x | 9 7 + 5 * 10 + x = | 9:package 7:package +:package 5:can *:can 10:can +:can x:can =:can
EXPR: 0 | POS | INT | 2 | 55 | 20 | (((9-7)*5)+10)=x | 9 7 - 5 * 10 + x = | 9:package 7:package -:package 5:can *:can 10:can +:can x:can =:can
EXPR: 0 | POS | INT | 2 | 55 | 0 | (((9-7)*5)-10)=x | 9 7 - 5 * 10 - x = | 9:package 7:package -:package 5:can *:can 10:can -:can x:can =:can
EXPR: 0 | POS | INT | 2 | 55 | 485 | x=((7+(9*10))*5) | x 7 9 10 * + 5 * = | x:can 7:package 9:package 10:can *:package +:package 5:can *:can =:can
EXPR: 0 | POS | INT | 2 | 55 | 485 | ((7+(9*10))*5)=x | 7 9 10 * + 5 * x = | 7:package 9:package 10:can *:package +:package 5:can *:can x:can =:can
EXPR: 0 | POS | INT | 2 | 55 | 440 | ((9+(7*5))*10)=x | 9 7 5 * + 10 * x = | 9:package 7:package 5:can *:package +:package 10:can *:can x:can =:can
EXPR: 0 | POS | INT | 4 | 55 | 52 | x=((7-(9/5))*10) | x 7 9 5 / - 10 * = | x:can 7:package 9:package 5:can /:package -:package 10:can *:can =:can
EXPR: 0 | POS | INT | 4 | 55 | 415 | (x/((9*10)-7))=5 | x 9 10 * 7 - / 5 = | x:can 9:package 10:can *:package 7:package -:package /:can 5:can =:can
EXPR: 0 | POS | INT | 4 | 55 | 485 | (x/((9*10)+7))=5 | x 9 10 * 7 + / 5 = | x:can 9:package 10:can *:package 7:package +:package /:can 5:can =:can
EXPR: 0 | POS | INT | 4 | 55 | 520 | ((7+(9*5))*10)=x | 7 9 5 * + 10 * x = | 7:package 9:package 5:can *:package +:package 10:can *:can x:can =:can
EXPR: 0 | POS | INT | 7 | 55 | 380 | (x/((9*5)-7))=10 | x 9 5 * 7 - / 10 = | x:can 9:package 5:can *:package 7:package -:package /:can 10:can =:can
EXPR: 0 | POS | INT | 7 | 55 | 5 | ((9*5)-(x*7))=10 | 9 5 * x 7 * - 10 = | 9:package 5:can *:can x:can 7:package *:can -:can 10:can =:can
EXPR: 0 | POS | INT | 10 | 55 | 48 | x=(((9*7)-10)-5) | x 9 7 * 10 - 5 - = | x:can 9:package 7:can *:can 10:can -:can 5:can -:can =:can
EXPR: 0 | POS | INT | 10 | 55 | 78 | x=(((9*7)+10)+5) | x 9 7 * 10 + 5 + = | x:can 9:can 7:package *:can 10:can +:can 5:can +:can =:can
EXPR: 0 | POS | INT | 10 | 55 | 44 | (9+(7*(10-5)))=x | 9 7 10 5 - * + x = | 9:package 7:package 10:can 5:can -:can *:package +:package x:package =:package
EXPR: 0 | POS | INT | 10 | 55 | 30 | x=((9+(7-10))*5) | x 9 7 10 - + 5 * = | x:can 9:package 7:package 10:package -:package +:package 5:can *:can =:can
EXPR: 0 | POS | INT | 10 | 55 | 114 | (9+(7*(10+5)))=x | 9 7 10 5 + * + x = | 9:package 7:package 10:can 5:can +:can *:package +:package x:package =:package
EXPR: 0 | POS | INT | 10 | 55 | 945 | ((9*7)*(10+5))=x | 9 7 * 10 5 + * x = | 9:package 7:can *:package 10:can 5:can +:can *:can x:can =:can
EXPR: 0 | POS | INT | 10 | 55 | 108 | (9*((7+10)-5))=x | 9 7 10 + 5 - * x = | 9:package 7:can 10:can +:can 5:can -:can *:can x:can =:can
EXPR: 0 | POS | INT | 10 | 55 | 130 | ((9+(7+10))*5)=x | 9 7 10 + + 5 * x = | 9:package 7:package 10:package +:package +:package 5:can *:can x:can =:can
EXPR: 0 | POS | INT | 10 | 55 | 30 | ((9+(7-10))*5)=x | 9 7 10 - + 5 * x = | 9:package 7:package 10:package -:package +:package 5:can *:can x:can =:can
EXPR: 0 | POS | INT | 10 | 55 | 18 | (9*((7-10)+5))=x | 9 7 10 - 5 + * x = | 9:package 7:can 10:can -:can 5:can +:can *:can x:can =:can
EXPR: 0 | POS | INT | 10 | 55 | 60 | ((9-(7-10))*5)=x | 9 7 10 - - 5 * x = | 9:package 7:package 10:package -:package -:package 5:can *:can x:can =:can
EXPR: 0 | POS | INT | 12 | 55 | 48 | (((9*7)-5)-10)=x | 9 7 * 5 - 10 - x = | 9:package 7:can *:can 5:can -:can 10:can -:can x:can =:can
EXPR: 0 | POS | INT | 12 | 55 | 92 | ((7+(9*10))-5)=x | 7 9 10 * + 5 - x = | 7:can 9:package 10:can *:can +:can 5:can -:can x:can =:can
EXPR: 0 | POS | INT | 12 | 55 | 60 | x=((9+(10-7))*5) | x 9 10 7 - + 5 * = | x:can 9:package 10:package 7:package -:package +:package 5:can *:can =:can
EXPR: 0 | POS | INT | 12 | 55 | 130 | ((7+(9+10))*5)=x | 7 9 10 + + 5 * x = | 7:package 9:package 10:package +:package +:package 5:can *:can x:can =:can
EXPR: 0 | POS | INT | 12 | 55 | 18 | (9*(7+(5-10)))=x | 9 7 5 10 - + * x = | 9:package 7:can 5:can 10:can -:can +:can *:can x:can =:can
EXPR: 0 | POS | INT | 12 | 55 | 110 | ((9+(7-5))*10)=x | 9 7 5 - + 10 * x = | 9:package 7:package 5:package -:package +:package 10:can *:can x:can =:can
EXPR: 0 | POS | INT | 12 | 55 | 22 | x=((9*(10-7))-5) | x 9 10 7 - * 5 - = | x:can 9:package 10:can 7:can -:can *:can 5:can -:can =:can
EXPR: 0 | POS | INT | 12 | 55 | 40 | ((7-(9-10))*5)=x | 7 9 10 - - 5 * x = | 7:package 9:package 10:package -:package -:package 5:can *:can x:can =:can
EXPR: 0 | POS | INT | 12 | 55 | 68 | (((9*7)+10)-x)=5 | 9 7 * 10 + x - 5 = | 9:package 7:can *:can 10:can +:can x:can -:can 5:can =:can
EXPR: 0 | POS | INT | 14 | 55 | 58 | (((9*7)+5)-x)=10 | 9 7 * 5 + x - 10 = | 9:package 7:can *:can 5:can +:can x:can -:can 10:can =:can
EXPR: 0 | POS | INT | 14 | 55 | 92 | (((9*10)+7)-x)=5 | 9 10 * 7 + x - 5 = | 9:package 10:can *:can 7:can +:can x:can -:can 5:can =:can
EXPR: 0 | POS | INT | 14 | 55 | 30 | (x/((9-10)+7))=5 | x 9 10 - 7 + / 5 = | x:can 9:package 10:package -:package 7:package +:package /:can 5:can =:can
EXPR: 0 | POS | INT | 14 | 55 | 14 | ((9+(7-x))*5)=10 | 9 7 x - + 5 * 10 = | 9:package 7:package x:package -:package +:package 5:can *:can 10:can =:can
EXPR: 0 | POS | INT | 14 | 55 |  | ((9-(7-x))*5)=10 | 9 7 x - - 5 * 10 = | 9:package 7:package x:package -:package -:package 5:can *:can 10:can =:can
EXPR: 0 | POS | INT | 15 | 55 | 102 | (((9*10)+5)+7)=x | 9 10 * 5 + 7 + x = | 9:package 10:can *:can 5:can +:can 7:can +:can x:can =:can
EXPR: 0 | POS | INT | 15 | 55 | 280 | ((7*10)*(9-5))=x | 7 10 * 9 5 - * x = | 7:package 10:can *:package 9:can 5:can -:can *:can x:can =:can
EXPR: 0 | POS | INT | 15 | 55 | 114 | x=(9+((10+5)*7)) | x 9 10 5 + 7 * + = | x:can 9:can 10:can 5:can +:can 7:package *:can +:can =:can
EXPR: 0 | POS | INT | 15 | 55 | 44 | x=(9+((10-5)*7)) | x 9 10 5 - 7 * + = | x:can 9:can 10:can 5:can -:can 7:package *:can +:can =:can
EXPR: 0 | POS | INT | 15 | 55 | 92 | x=((9*10)-(5-7)) | x 9 10 * 5 7 - - = | x:can 9:package 10:can *:can 5:can 7:can -:can -:can =:can
EXPR: 0 | POS | INT | 15 | 55 | 88 | x=((9*10)+(5-7)) | x 9 10 * 5 7 - + = | x:can 9:package 10:can *:can 5:can 7:can -:can +:can =:can
EXPR: 0 | POS | INT | 15 | 55 | 2 | x=((7*(10-9))-5) | x 7 10 9 - * 5 - = | x:can 7:package 10:can 9:can -:can *:can 5:can -:can =:can
EXPR: 0 | POS | INT | 17 | 55 | 1 | ((10*x)/(9-7))=5 | 10 x * 9 7 - / 5 = | 10:package x:can *:can 9:package 7:package -:package /:can 5:can =:can
EXPR: 0 | POS | INT | 17 | 55 | 42 | ((9*5)-(10-7))=x | 9 5 * 10 7 - - x = | 9:package 5:can *:can 10:can 7:can -:can -:can x:can =:can
EXPR: 0 | POS | INT | 17 | 55 | 40 | x=((10+(7-9))*5) | x 10 7 9 - + 5 * = | x:can 10:package 7:package 9:package -:package +:package 5:can *:can =:can
EXPR: 0 | POS | INT | 17 | 55 | 60 | x=((10-(7-9))*5) | x 10 7 9 - - 5 * = | x:can 10:package 7:package 9:package -:package -:package 5:can *:can =:can
EXPR: 0 | POS | INT | 17 | 55 | 0 | 10=((9+(x-7))*5) | 10 9 x 7 - + 5 * = | 10:can 9:package x:package 7:package -:package +:package 5:can *:can =:can
EXPR: 0 | POS | INT | 17 | 55 | 40 | (x/((10-9)+7))=5 | x 10 9 - 7 + / 5 = | x:can 10:package 9:package -:package 7:package +:package /:can 5:can =:can
EXPR: 0 | POS | INT | 17 | 55 | 0 | 10=((9-(x+7))*5) | 10 9 x 7 + - 5 * = | 10:can 9:package x:package 7:package +:package -:package 5:can *:can =:can
EXPR: 0 | POS | INT | 20 | 55 | 1 | x=(((9+7)-10)-5) | x 9 7 + 10 - 5 - = | x:can 9:can 7:can +:can 10:can -:can 5:can -:can =:can
EXPR: 0 | POS | INT | 20 | 55 | 13 | ((9*7)-(10*5))=x | 9 7 * 10 5 * - x = | 9:package 7:can *:can 10:can 5:package *:can -:can x:can =:can
EXPR: 0 | POS | INT | 20 | 55 | 2 | (10+(9/(x-5)))=7 | 10 9 x 5 - / + 7 = | 10:package 9:package x:can 5:can -:can /:package +:package 7:package =:package
EXPR: 0 | POS | INT | 21 | 55 | 35 | ((7*5)*(10-9))=x | 7 5 * 10 9 - * x = | 7:package 5:can *:package 10:can 9:can -:can *:can x:can =:can
EXPR: 0 | POS | INT | 22 | 55 | 7 | x=((9+10)-(7+5)) | x 9 10 + 7 5 + - = | x:can 9:can 10:can +:can 7:can 5:can +:can -:can =:can
EXPR: 0 | POS | INT | 22 | 55 | 228 | x=((9+10)*(7+5)) | x 9 10 + 7 5 + * = | x:can 9:package 10:package +:package 7:can 5:can +:can *:can =:can
EXPR: 0 | POS | INT | 22 | 55 | 17 | 9=(7-(10-(x-5))) | 9 7 10 x 5 - - - = | 9:can 7:can 10:can x:can 5:can -:can -:can -:can =:can
EXPR: 0 | POS | INT | 22 | 55 | 138 | (((9+10)*7)+5)=x | 9 10 + 7 * 5 + x = | 9:package 10:package +:package 7:can *:can 5:can +:can x:can =:can
EXPR: 0 | POS | INT | 22 | 55 | 1 | x=((9-(10-7))-5) | x 9 10 7 - - 5 - = | x:can 9:can 10:can 7:can -:can -:can 5:can -:can =:can
EXPR: 0 | POS | INT | 22 | 55 | 21 | (9+(7-(x-10)))=5 | 9 7 x 10 - - + 5 = | 9:can 7:can x:can 10:can -:can -:can +:can 5:can =:can
EXPR: 0 | POS | INT | 22 | 55 | 17 | x=((9+(10-7))+5) | x 9 10 7 - + 5 + = | x:can 9:can 10:can 7:can -:can +:can 5:can +:can =:can
EXPR: 0 | POS | INT | 22 | 55 | 13 | (9-(7-(x-10)))=5 | 9 7 x 10 - - - 5 = | 9:can 7:can x:can 10:can -:can -:can -:can 5:can =:can
EXPR: 0 | POS | INT | 23 | 55 | 198 | 5=(((x/9)-10)-7) | 5 x 9 / 10 - 7 - = | 5:can x:can 9:package /:can 10:can -:can 7:can -:can =:can
EXPR: 0 | POS | INT | 24 | 55 | 28 | ((5-(10-9))*7)=x | 5 10 9 - - 7 * x = | 5:can 10:can 9:can -:can -:can 7:package *:can x:can =:can
EXPR: 0 | POS | INT | 24 | 55 | 13 | (9-(7-(x-5)))=10 | 9 7 x 5 - - - 10 = | 9:can 7:can x:can 5:can -:can -:can -:can 10:can =:can
EXPR: 0 | POS | INT | 24 | 55 | 11 | (9+(7-(x-5)))=10 | 9 7 x 5 - - + 10 = | 9:can 7:can x:can 5:can -:can -:can +:can 10:can =:can
EXPR: 0 | POS | INT | 24 | 55 | 5 | ((x*9)-(7*5))=10 | x 9 * 7 5 * - 10 = | x:package 9:can *:can 7:package 5:can *:can -:can 10:can =:can
EXPR: 0 | POS | INT | 24 | 55 | 7 | 7=(9+(10-(x+5))) | 7 9 10 x 5 + - + = | 7:can 9:can 10:can x:can 5:can +:can -:can +:can =:can
EXPR: 0 | POS | INT | 25 | 55 | 238 | x=((7+10)*(9+5)) | x 7 10 + 9 5 + * = | x:can 7:package 10:package +:package 9:can 5:can +:can *:can =:can
EXPR: 0 | POS | INT | 25 | 55 | 413 | ((9+(10*5))*7)=x | 9 10 5 * + 7 * x = | 9:package 10:can 5:package *:package +:package 7:can *:can x:can =:can
EXPR: 0 | POS | INT | 25 | 55 | 66 | ((9+(10*5))+7)=x | 9 10 5 * + 7 + x = | 9:package 10:can 5:package *:package +:package 7:package +:package x:package =:package
EXPR: 0 | POS | INT | 25 | 55 | 108 | (((9+5)*7)+10)=x | 9 5 + 7 * 10 + x = | 9:package 5:package +:package 7:can *:can 10:can +:can x:can =:can
EXPR: 0 | POS | INT | 25 | 55 | 115 | ((9*5)+(7*10))=x | 9 5 * 7 10 * + x = | 9:package 5:can *:can 7:can 10:package *:can +:can x:can =:can
EXPR: 0 | POS | INT | 25 | 55 | 238 | x=((9+5)*(7+10)) | x 9 5 + 7 10 + * = | x:can 9:package 5:package +:package 7:can 10:can +:can *:can =:can
EXPR: 0 | POS | INT | 25 | 55 | 13 | x=((7+(10-9))+5) | x 7 10 9 - + 5 + = | x:can 7:can 10:can 9:can -:can +:can 5:can +:can =:can
EXPR: 0 | POS | INT | 25 | 55 | 1 | x=((9-(5-7))-10) | x 9 5 7 - - 10 - = | x:can 9:can 5:can 7:can -:can -:can 10:can -:can =:can
EXPR: 0 | POS | INT | 26 | 55 | 28 | 5=(((x/7)+10)-9) | 5 x 7 / 10 + 9 - = | 5:can x:can 7:package /:can 10:can +:can 9:can -:can =:can
EXPR: 0 | POS | INT | 27 | 55 | 33 | (((9-5)*10)-7)=x | 9 5 - 10 * 7 - x = | 9:package 5:package -:package 10:can *:can 7:can -:can x:can =:can
EXPR: 0 | POS | INT | 27 | 55 | 48 | ((9+x)-(10*5))=7 | 9 x + 10 5 * - 7 = | 9:package x:package +:package 10:package 5:can *:package -:package 7:package =:package
EXPR: 0 | POS | INT | 27 | 55 | 12 | ((9-5)*(10-7))=x | 9 5 - 10 7 - * x = | 9:package 5:package -:package 10:can 7:can -:can *:can x:can =:can
EXPR: 0 | POS | INT | 27 | 55 | 11 | ((10+x)-(9+7))=5 | 10 x + 9 7 + - 5 = | 10:can x:can +:can 9:can 7:can +:can -:can 5:can =:can
EXPR: 0 | POS | INT | 27 | 55 | 7 | 7=(10+(9-(x+5))) | 7 10 9 x 5 + - + = | 7:can 10:can 9:can x:can 5:can +:can -:can +:can =:can
EXPR: 0 | POS | INT | 27 | 55 | 7 | x=((10-(7-9))-5) | x 10 7 9 - - 5 - = | x:can 10:can 7:can 9:can -:can -:can 5:can -:can =:can
EXPR: 0 | POS | INT | 27 | 55 | 7 | x=((9-(5-10))-7) | x 9 5 10 - - 7 - = | x:can 9:can 5:can 10:can -:can -:can 7:can -:can =:can
EXPR: 0 | POS | INT | 28 | 55 | 385 | ((10+(9*5))*7)=x | 10 9 5 * + 7 * x = | 10:package 9:package 5:can *:package +:package 7:can *:can x:can =:can
EXPR: 0 | POS | INT | 29 | 55 | 20 | ((9+5)*10)=(x*7) | 9 5 + 10 * x 7 * = | 9:package 5:package +:package 10:can *:can x:can 7:package *:can =:can
EXPR: 0 | POS | INT | 29 | 55 | 513 | x=((7+(10*5))*9) | x 7 10 5 * + 9 * = | x:can 7:package 10:package 5:can *:package +:package 9:can *:can =:can
EXPR: 0 | POS | INT | 29 | 55 | 81 | x=((7+(10/5))*9) | x 7 10 5 / + 9 * = | x:can 7:package 10:package 5:can /:package +:package 9:can *:can =:can
EXPR: 0 | POS | INT | 29 | 55 | 680 | ((5+(9*7))*10)=x | 5 9 7 * + 10 * x = | 5:package 9:package 7:can *:package +:package 10:can *:can x:can =:can
EXPR: 0 | POS | INT | 29 | 55 | 513 | ((7+(10*5))*9)=x | 7 10 5 * + 9 * x = | 7:package 10:can 5:package *:package +:package 9:can *:can x:can =:can
EXPR: 0 | POS | INT | 29 | 55 | 7 | 9=(5-(10-(x+7))) | 9 5 10 x 7 + - - = | 9:can 5:can 10:can x:can 7:can +:can -:can -:can =:can
EXPR: 0 | POS | INT | 30 | 55 | 1 | 7=(5-(9-(x+10))) | 7 5 9 x 10 + - - = | 7:can 5:can 9:can x:can 10:can +:can -:can -:can =:can
EXPR: 0 | POS | INT | 30 | 55 | 110 | ((x/10)-(9-5))=7 | x 10 / 9 5 - - 7 = | x:package 10:can /:package 9:package 5:package -:package -:package 7:package =:package
EXPR: 0 | POS | INT | 31 | 55 | 485 | x=(5*((9*10)+7)) | x 5 9 10 * 7 + * = | x:can 5:package 9:package 10:can *:can 7:can +:can *:can =:can
EXPR: 0 | POS | INT | 31 | 55 | 415 | x=(5*((9*10)-7)) | x 5 9 10 * 7 - * = | x:can 5:package 9:package 10:can *:can 7:can -:can *:can =:can
EXPR: 0 | POS | INT | 31 | 55 | 100 | (5*(9-7))=(x/10) | 5 9 7 - * x 10 / = | 5:can 9:package 7:package -:package *:can x:can 10:package /:can =:can
EXPR: 0 | POS | INT | 31 | 55 | 665 | ((5+(9*10))*7)=x | 5 9 10 * + 7 * x = | 5:package 9:package 10:can *:package +:package 7:can *:can x:can =:can
EXPR: 0 | POS | INT | 31 | 55 | 21 | 5=((9+7)+(10-x)) | 5 9 7 + 10 x - + = | 5:can 9:can 7:can +:can 10:can x:can -:can +:can =:can
EXPR: 0 | POS | INT | 31 | 55 | 12 | ((7+5)*(10-9))=x | 7 5 + 10 9 - * x = | 7:package 5:package +:package 10:can 9:can -:can *:can x:can =:can
EXPR: 0 | POS | INT | 31 | 55 | 405 | x=((10+(7*5))*9) | x 10 7 5 * + 9 * = | x:can 10:can 7:can 5:package *:can +:can 9:package *:can =:can
EXPR: 0 | POS | INT | 32 | 55 | 54 | ((9+10)+(7*5))=x | 9 10 + 7 5 * + x = | 9:can 10:can +:can 7:can 5:package *:can +:can x:can =:can
EXPR: 0 | POS | INT | 32 | 55 | 76 | (9+x)=((7+10)*5) | 9 x + 7 10 + 5 * = | 9:can x:can +:can 7:package 10:package +:package 5:can *:can =:can
EXPR: 0 | POS | INT | 32 | 55 | 24 | (9-x)=((7-10)*5) | 9 x - 7 10 - 5 * = | 9:can x:can -:can 7:package 10:package -:package 5:can *:can =:can
EXPR: 0 | POS | INT | 32 | 55 | 0 | ((10/5)-(9-7))=x | 10 5 / 9 7 - - x = | 10:package 5:can /:package 9:package 7:package -:package -:package x:package =:package
EXPR: 0 | POS | INT | 34 | 55 | 305 | x=(5*((7*10)-9)) | x 5 7 10 * 9 - * = | x:can 5:package 7:package 10:can *:can 9:can -:can *:can =:can
EXPR: 0 | POS | INT | 34 | 55 | 395 | x=(5*((7*10)+9)) | x 5 7 10 * 9 + * = | x:can 5:package 7:package 10:can *:can 9:can +:can *:can =:can
EXPR: 0 | POS | INT | 34 | 55 | 31 | ((x-(9+10))-7)=5 | x 9 10 + - 7 - 5 = | x:package 9:package 10:package +:package -:package 7:package -:package 5:package =:package
EXPR: 0 | POS | INT | 34 | 55 | 34 | ((7+(9+x))/10)=5 | 7 9 x + + 10 / 5 = | 7:can 9:can x:can +:can +:can 10:package /:can 5:can =:can
EXPR: 0 | POS | INT | 34 | 55 | 675 | x=((5+(7*10))*9) | x 5 7 10 * + 9 * = | x:can 5:package 7:package 10:can *:package +:package 9:can *:can =:can
EXPR: 0 | POS | INT | 34 | 55 | 4 | ((9-x)*(7-5))=10 | 9 x - 7 5 - * 10 = | 9:package x:package -:package 7:can 5:can -:can *:package 10:package =:package
EXPR: 0 | POS | INT | 34 | 55 | 48 | ((10+5)+x)=(9*7) | 10 5 + x + 9 7 * = | 10:can 5:can +:can x:can +:can 9:package 7:can *:can =:can
EXPR: 0 | POS | INT | 34 | 55 | 58 | ((10-5)+x)=(9*7) | 10 5 - x + 9 7 * = | 10:can 5:can -:can x:can +:can 9:package 7:can *:can =:can
EXPR: 0 | POS | INT | 34 | 55 | 48 | ((x-(10*5))+9)=7 | x 10 5 * - 9 + 7 = | x:package 10:can 5:package *:package -:package 9:package +:package 7:package =:package
EXPR: 0 | POS | INT | 34 | 55 | 4 | ((10/5)-(7-9))=x | 10 5 / 7 9 - - x = | 10:package 5:can /:package 7:package 9:package -:package -:package x:package =:package
EXPR: 0 | POS | INT | 34 | 55 | 11 | (9+x)=((7-5)*10) | 9 x + 7 5 - 10 * = | 9:can x:can +:can 7:package 5:package -:package 10:can *:can =:can
EXPR: 0 | POS | INT | 35 | 55 | 4 | (9+((10/5)-7))=x | 9 10 5 / 7 - + x = | 9:can 10:can 5:package /:can 7:can -:can +:can x:can =:can
EXPR: 0 | POS | INT | 35 | 55 | 365 | ((10+(9*7))*5)=x | 10 9 7 * + 5 * x = | 10:package 9:package 7:can *:package +:package 5:can *:package x:package =:package
EXPR: 0 | POS | INT | 35 | 55 | 12 | ((10-9)*(7+5))=x | 10 9 - 7 5 + * x = | 10:package 9:package -:package 7:can 5:can +:can *:package x:package =:package
EXPR: 0 | POS | INT | 36 | 55 | 2 | 5=((7-x)*(10-9)) | 5 7 x - 10 9 - * = | 5:can 7:package x:package -:package 10:can 9:can -:can *:can =:can
EXPR: 0 | POS | INT | 36 | 55 | 52 | ((x-(10*5))+7)=9 | x 10 5 * - 7 + 9 = | x:package 10:can 5:package *:package -:package 7:package +:package 9:package =:package
EXPR: 0 | POS | INT | 36 | 55 | 68 | ((5-10)+x)=(9*7) | 5 10 - x + 9 7 * = | 5:can 10:can -:can x:can +:can 9:package 7:can *:can =:can
EXPR: 0 | POS | INT | 36 | 55 | 387 | (x/((10*5)-7))=9 | x 10 5 * 7 - / 9 = | x:can 10:package 5:can *:package 7:package -:package /:can 9:can =:can
EXPR: 0 | POS | INT | 36 | 55 | 17 | x=((5+(10-7))+9) | x 5 10 7 - + 9 + = | x:can 5:can 10:can 7:can -:can +:can 9:can +:can =:can
EXPR: 0 | POS | INT | 39 | 55 | 1 | (7-((10+5)-9))=x | 7 10 5 + 9 - - x = | 7:package 10:package 5:package +:package 9:package -:package -:package x:package =:package
EXPR: 0 | POS | INT | 41 | 55 | 1 | ((x*5)*(9-7))=10 | x 5 * 9 7 - * 10 = | x:package 5:can *:package 9:can 7:can -:can *:can 10:can =:can
EXPR: 0 | POS | INT | 41 | 55 | 168 | ((5+(9+10))*7)=x | 5 9 10 + + 7 * x = | 5:package 9:package 10:package +:package +:package 7:can *:can x:can =:can
EXPR: 0 | POS | INT | 42 | 55 | 4 | ((10/5)*(9-7))=x | 10 5 / 9 7 - * x = | 10:package 5:can /:package 9:can 7:can -:can *:can x:can =:can
EXPR: 0 | POS | INT | 42 | 55 | 32 | ((10/5)*(9+7))=x | 10 5 / 9 7 + * x = | 10:package 5:can /:package 9:can 7:can +:can *:can x:can =:can
EXPR: 0 | POS | INT | 42 | 55 | 34 | ((10*5)-(9+7))=x | 10 5 * 9 7 + - x = | 10:can 5:package *:can 9:can 7:can +:can -:can x:can =:can
EXPR: 0 | POS | INT | 43 | 55 | 17 | ((7-(5-x))-10)=9 | 7 5 x - - 10 - 9 = | 7:package 5:package x:package -:package -:package 10:package -:package 9:package =:package
EXPR: 0 | POS | INT | 44 | 55 | 72 | ((x/9)-(10-7))=5 | x 9 / 10 7 - - 5 = | x:package 9:can /:package 10:package 7:package -:package -:package 5:package =:package
EXPR: 0 | POS | INT | 46 | 55 | 28 | (10-x)=((5-7)*9) | 10 x - 5 7 - 9 * = | 10:can x:can -:can 5:package 7:package -:package 9:can *:can =:can
EXPR: 0 | POS | INT | 46 | 55 | 66 | ((5-x)+(7*10))=9 | 5 x - 7 10 * + 9 = | 5:can x:can -:can 7:can 10:package *:can +:can 9:can =:can
EXPR: 0 | POS | INT | 47 | 55 | 42 | ((x/7)-(10-9))=5 | x 7 / 10 9 - - 5 = | x:package 7:can /:package 10:package 9:package -:package -:package 5:package =:package
EXPR: 0 | POS | INT | 51 | 55 | 74 | ((x-(7*10))+5)=9 | x 7 10 * - 5 + 9 = | x:package 7:can 10:package *:package -:package 5:package +:package 9:package =:package
EXPR: 0 | POS | INT | 53 | 55 | 34 | ((x-(7*5))+10)=9 | x 7 5 * - 10 + 9 = | x:package 7:can 5:package *:package -:package 10:package +:package 9:package =:package
EXPR: 0 | POS | INT | 56 | 55 | 765 | (x/5)=((7+10)*9) | x 5 / 7 10 + 9 * = | x:can 5:package /:can 7:package 10:package +:package 9:can *:can =:can
EXPR: 0 | POS | INT | 56 | 55 | 35 | (x/5)=((10-9)*7) | x 5 / 10 9 - 7 * = | x:can 5:package /:can 10:package 9:package -:package 7:can *:can =:can
EXPR: 0 | POS | INT | 57 | 55 | 26 | (9+x)=((10-5)*7) | 9 x + 10 5 - 7 * = | 9:can x:can +:can 10:package 5:package -:package 7:can *:can =:can
EXPR: 0 | POS | INT | 59 | 55 | 8 | (9+5)=((10-x)*7) | 9 5 + 10 x - 7 * = | 9:can 5:can +:can 10:package x:package -:package 7:can *:can =:can
EXPR: 0 | POS | INT | 61 | 55 | 38 | (7+x)=((10-5)*9) | 7 x + 10 5 - 9 * = | 7:can x:can +:can 10:package 5:package -:package 9:can *:can =:can
EXPR: 0 | POS | INT | 63 | 55 | 52 | (7-x)=((5-10)*9) | 7 x - 5 10 - 9 * = | 7:can x:can -:can 5:package 10:package -:package 9:can *:can =:can
NET 166 unique, non-negative, integer-valued solutions found out of 766 total solutions
