parameters: n=7 l=3 k=1 p=5 q=1 m=9
TOTAL 408 solutions found
SOLN: CORRECT | POS/NEG | INT/FRA | OBJ-SCORE | TRUE-ANS | ANS | INFIX | POSTFIX | TYPED-POSTFIX
EXPR: 0 | POS | INT | 0 | 58 | 29 | x=(15+(43-29)) | x 15 43 29 - + = | x:seashell 15:seashell 43:seashell 29:seashell -:seashell +:seashell =:seashell
EXPR: 0 | POS | INT | 0 | 58 | 1 | x=(15-(43-29)) | x 15 43 29 - - = | x:seashell 15:seashell 43:seashell 29:seashell -:seashell -:seashell =:seashell
EXPR: 0 | POS | INT | 0 | 58 | 87 | x=(15+(43+29)) | x 15 43 29 + + = | x:seashell 15:seashell 43:seashell 29:seashell +:seashell +:seashell =:seashell
EXPR: 0 | POS | INT | 0 | 58 | 1 | x=((15-43)+29) | x 15 43 - 29 + = | x:seashell 15:seashell 43:seashell -:seashell 29:seashell +:seashell =:seashell
EXPR: 0 | POS | INT | 0 | 58 | 29 | x=((15+43)-29) | x 15 43 + 29 - = | x:seashell 15:seashell 43:seashell +:seashell 29:seashell -:seashell =:seashell
EXPR: 0 | POS | INT | 0 | 58 | 87 | x=((15+43)+29) | x 15 43 + 29 + = | x:seashell 15:seashell 43:seashell +:seashell 29:seashell +:seashell =:seashell
EXPR: 0 | POS | INT | 1 | 58 | 29 | x=(15+(43-29)) | x 15 43 29 - + = | x:seashell 15:seashell 43:seashell 29:seashell -:seashell +:seashell =:seashell
EXPR: 0 | POS | INT | 1 | 58 | 1 | x=(15-(43-29)) | x 15 43 29 - - = | x:seashell 15:seashell 43:seashell 29:seashell -:seashell -:seashell =:seashell
EXPR: 0 | POS | INT | 1 | 58 | 1 | x=((15-43)+29) | x 15 43 - 29 + = | x:seashell 15:seashell 43:seashell -:seashell 29:seashell +:seashell =:seashell
EXPR: 0 | POS | INT | 1 | 58 | 87 | x=(15+(43+29)) | x 15 43 29 + + = | x:seashell 15:seashell 43:seashell 29:seashell +:seashell +:seashell =:seashell
EXPR: 0 | POS | INT | 1 | 58 | 87 | x=((15+43)+29) | x 15 43 + 29 + = | x:seashell 15:seashell 43:seashell +:seashell 29:seashell +:seashell =:seashell
EXPR: 0 | POS | INT | 1 | 58 | 29 | x=((15+43)-29) | x 15 43 + 29 - = | x:seashell 15:seashell 43:seashell +:seashell 29:seashell -:seashell =:seashell
EXPR: 0 | POS | INT | 2 | 58 | 1 | ((x-15)+43)=29 | x 15 - 43 + 29 = | x:seashell 15:seashell -:seashell 43:seashell +:seashell 29:seashell =:seashell
EXPR: 0 | POS | INT | 2 | 58 | 57 | 15=(43-(x-29)) | 15 43 x 29 - - = | 15:seashell 43:seashell x:seashell 29:seashell -:seashell -:seashell =:seashell
EXPR: 0 | POS | INT | 2 | 58 | 1 | (x-(15-43))=29 | x 15 43 - - 29 = | x:seashell 15:seashell 43:seashell -:seashell -:seashell 29:seashell =:seashell
EXPR: 0 | POS | INT | 2 | 58 | 87 | (x-(15+43))=29 | x 15 43 + - 29 = | x:seashell 15:seashell 43:seashell +:seashell -:seashell 29:seashell =:seashell
EXPR: 0 | POS | INT | 2 | 58 | 57 | (x+(15-43))=29 | x 15 43 - + 29 = | x:seashell 15:seashell 43:seashell -:seashell +:seashell 29:seashell =:seashell
EXPR: 0 | POS | INT | 2 | 58 | 57 | (15-(43-x))=29 | 15 43 x - - 29 = | 15:seashell 43:seashell x:seashell -:seashell -:seashell 29:seashell =:seashell
EXPR: 0 | POS | INT | 2 | 58 | 29 | (15+(43-x))=29 | 15 43 x - + 29 = | 15:seashell 43:seashell x:seashell -:seashell +:seashell 29:seashell =:seashell
EXPR: 0 | POS | INT | 2 | 58 | 57 | 15=(43+(29-x)) | 15 43 29 x - + = | 15:seashell 43:seashell 29:seashell x:seashell -:seashell +:seashell =:seashell
EXPR: 0 | POS | INT | 2 | 58 | 87 | ((x-15)-43)=29 | x 15 - 43 - 29 = | x:seashell 15:seashell -:seashell 43:seashell -:seashell 29:seashell =:seashell
EXPR: 0 | POS | INT | 2 | 58 | 29 | (15-(x-43))=29 | 15 x 43 - - 29 = | 15:seashell x:seashell 43:seashell -:seashell -:seashell 29:seashell =:seashell
EXPR: 0 | POS | INT | 2 | 58 | 29 | ((15-x)+43)=29 | 15 x - 43 + 29 = | 15:seashell x:seashell -:seashell 43:seashell +:seashell 29:seashell =:seashell
EXPR: 0 | POS | INT | 2 | 58 | 29 | 15=((x-43)+29) | 15 x 43 - 29 + = | 15:seashell x:seashell 43:seashell -:seashell 29:seashell +:seashell =:seashell
EXPR: 0 | POS | INT | 2 | 58 | 1 | 15=((x+43)-29) | 15 x 43 + 29 - = | 15:seashell x:seashell 43:seashell +:seashell 29:seashell -:seashell =:seashell
EXPR: 0 | POS | INT | 2 | 58 | 87 | 15=((x-43)-29) | 15 x 43 - 29 - = | 15:seashell x:seashell 43:seashell -:seashell 29:seashell -:seashell =:seashell
EXPR: 0 | POS | INT | 2 | 58 | 1 | 15=(43-(29-x)) | 15 43 29 x - - = | 15:seashell 43:seashell 29:seashell x:seashell -:seashell -:seashell =:seashell
EXPR: 0 | POS | INT | 2 | 58 | 57 | ((15-43)+x)=29 | 15 43 - x + 29 = | 15:seashell 43:seashell -:seashell x:seashell +:seashell 29:seashell =:seashell
EXPR: 0 | POS | INT | 2 | 58 | 57 | ((15+x)-43)=29 | 15 x + 43 - 29 = | 15:seashell x:seashell +:seashell 43:seashell -:seashell 29:seashell =:seashell
EXPR: 0 | POS | INT | 2 | 58 | 1 | 15=(x+(43-29)) | 15 x 43 29 - + = | 15:seashell x:seashell 43:seashell 29:seashell -:seashell +:seashell =:seashell
EXPR: 0 | POS | INT | 2 | 58 | 29 | 15=(x-(43-29)) | 15 x 43 29 - - = | 15:seashell x:seashell 43:seashell 29:seashell -:seashell -:seashell =:seashell
EXPR: 0 | POS | INT | 2 | 58 | 57 | (15+(x-43))=29 | 15 x 43 - + 29 = | 15:seashell x:seashell 43:seashell -:seashell +:seashell 29:seashell =:seashell
EXPR: 0 | POS | INT | 2 | 58 | 87 | 15=(x-(43+29)) | 15 x 43 29 + - = | 15:seashell x:seashell 43:seashell 29:seashell +:seashell -:seashell =:seashell
EXPR: 0 | POS | INT | 2 | 58 | 57 | 15=((43-x)+29) | 15 43 x - 29 + = | 15:seashell 43:seashell x:seashell -:seashell 29:seashell +:seashell =:seashell
EXPR: 0 | POS | INT | 2 | 58 | 1 | 15=(43+(x-29)) | 15 43 x 29 - + = | 15:seashell 43:seashell x:seashell 29:seashell -:seashell +:seashell =:seashell
EXPR: 0 | POS | INT | 2 | 58 | 57 | ((x+15)-43)=29 | x 15 + 43 - 29 = | x:seashell 15:seashell +:seashell 43:seashell -:seashell 29:seashell =:seashell
EXPR: 0 | POS | INT | 2 | 58 | 1 | 15=((43+x)-29) | 15 43 x + 29 - = | 15:seashell 43:seashell x:seashell +:seashell 29:seashell -:seashell =:seashell
EXPR: 0 | POS | INT | 2 | 58 | 29 | ((15+43)-x)=29 | 15 43 + x - 29 = | 15:seashell 43:seashell +:seashell x:seashell -:seashell 29:seashell =:seashell
EXPR: 0 | POS | INT | 2 | 58 | 1 | 15=((43-29)+x) | 15 43 29 - x + = | 15:seashell 43:seashell 29:seashell -:seashell x:seashell +:seashell =:seashell
EXPR: 0 | POS | INT | 2 | 58 | 57 | 15=((43+29)-x) | 15 43 29 + x - = | 15:seashell 43:seashell 29:seashell +:seashell x:seashell -:seashell =:seashell
EXPR: 0 | POS | INT | 10 | 58 | 29 | x=(43+(15-29)) | x 43 15 29 - + = | x:seashell 43:seashell 15:seashell 29:seashell -:seashell +:seashell =:seashell
EXPR: 0 | POS | INT | 10 | 58 | 1 | x=((15+29)-43) | x 15 29 + 43 - = | x:seashell 15:seashell 29:seashell +:seashell 43:seashell -:seashell =:seashell
EXPR: 0 | POS | INT | 10 | 58 | 57 | x=((43-15)+29) | x 43 15 - 29 + = | x:seashell 43:seashell 15:seashell -:seashell 29:seashell +:seashell =:seashell
EXPR: 0 | POS | INT | 10 | 58 | 87 | x=((15+29)+43) | x 15 29 + 43 + = | x:seashell 15:seashell 29:seashell +:seashell 43:seashell +:seashell =:seashell
EXPR: 0 | POS | INT | 10 | 58 | 29 | x=(15-(29-43)) | x 15 29 43 - - = | x:seashell 15:seashell 29:seashell 43:seashell -:seashell -:seashell =:seashell
EXPR: 0 | POS | INT | 10 | 58 | 87 | x=(43+(15+29)) | x 43 15 29 + + = | x:seashell 43:seashell 15:seashell 29:seashell +:seashell +:seashell =:seashell
EXPR: 0 | POS | INT | 10 | 58 | 1 | x=(15+(29-43)) | x 15 29 43 - + = | x:seashell 15:seashell 29:seashell 43:seashell -:seashell +:seashell =:seashell
EXPR: 0 | POS | INT | 10 | 58 | 29 | x=((15-29)+43) | x 15 29 - 43 + = | x:seashell 15:seashell 29:seashell -:seashell 43:seashell +:seashell =:seashell
EXPR: 0 | POS | INT | 10 | 58 | 57 | x=(43-(15-29)) | x 43 15 29 - - = | x:seashell 43:seashell 15:seashell 29:seashell -:seashell -:seashell =:seashell
EXPR: 0 | POS | INT | 11 | 58 | 57 | x=(43-(15-29)) | x 43 15 29 - - = | x:seashell 43:seashell 15:seashell 29:seashell -:seashell -:seashell =:seashell
EXPR: 0 | POS | INT | 11 | 58 | 29 | x=(43+(15-29)) | x 43 15 29 - + = | x:seashell 43:seashell 15:seashell 29:seashell -:seashell +:seashell =:seashell
EXPR: 0 | POS | INT | 11 | 58 | 1 | x=((15+29)-43) | x 15 29 + 43 - = | x:seashell 15:seashell 29:seashell +:seashell 43:seashell -:seashell =:seashell
EXPR: 0 | POS | INT | 11 | 58 | 87 | x=((15+29)+43) | x 15 29 + 43 + = | x:seashell 15:seashell 29:seashell +:seashell 43:seashell +:seashell =:seashell
EXPR: 0 | POS | INT | 11 | 58 | 57 | x=((43-15)+29) | x 43 15 - 29 + = | x:seashell 43:seashell 15:seashell -:seashell 29:seashell +:seashell =:seashell
EXPR: 0 | POS | INT | 11 | 58 | 29 | x=(15-(29-43)) | x 15 29 43 - - = | x:seashell 15:seashell 29:seashell 43:seashell -:seashell -:seashell =:seashell
EXPR: 0 | POS | INT | 11 | 58 | 87 | x=(43+(15+29)) | x 43 15 29 + + = | x:seashell 43:seashell 15:seashell 29:seashell +:seashell +:seashell =:seashell
EXPR: 0 | POS | INT | 11 | 58 | 1 | x=(15+(29-43)) | x 15 29 43 - + = | x:seashell 15:seashell 29:seashell 43:seashell -:seashell +:seashell =:seashell
EXPR: 0 | POS | INT | 11 | 58 | 29 | x=((15-29)+43) | x 15 29 - 43 + = | x:seashell 15:seashell 29:seashell -:seashell 43:seashell +:seashell =:seashell
EXPR: 0 | POS | INT | 12 | 58 | 1 | 43=((15-x)+29) | 43 15 x - 29 + = | 43:seashell 15:seashell x:seashell -:seashell 29:seashell +:seashell =:seashell
EXPR: 0 | POS | INT | 12 | 58 | 57 | 43=((15+x)-29) | 43 15 x + 29 - = | 43:seashell 15:seashell x:seashell +:seashell 29:seashell -:seashell =:seashell
EXPR: 0 | POS | INT | 12 | 58 | 57 | ((x-43)+15)=29 | x 43 - 15 + 29 = | x:seashell 43:seashell -:seashell 15:seashell +:seashell 29:seashell =:seashell
EXPR: 0 | POS | INT | 12 | 58 | 1 | ((15-x)+29)=43 | 15 x - 29 + 43 = | 15:seashell x:seashell -:seashell 29:seashell +:seashell 43:seashell =:seashell
EXPR: 0 | POS | INT | 12 | 58 | 57 | 15=(29-(x-43)) | 15 29 x 43 - - = | 15:seashell 29:seashell x:seashell 43:seashell -:seashell -:seashell =:seashell
EXPR: 0 | POS | INT | 12 | 58 | 87 | (x-15)=(43+29) | x 15 - 43 29 + = | x:seashell 15:seashell -:seashell 43:seashell 29:seashell +:seashell =:seashell
EXPR: 0 | POS | INT | 12 | 58 | 1 | 43=(15-(x-29)) | 43 15 x 29 - - = | 43:seashell 15:seashell x:seashell 29:seashell -:seashell -:seashell =:seashell
EXPR: 0 | POS | INT | 12 | 58 | 57 | (x-(43-15))=29 | x 43 15 - - 29 = | x:seashell 43:seashell 15:seashell -:seashell -:seashell 29:seashell =:seashell
EXPR: 0 | POS | INT | 12 | 58 | 29 | (x-(15-29))=43 | x 15 29 - - 43 = | x:seashell 15:seashell 29:seashell -:seashell -:seashell 43:seashell =:seashell
EXPR: 0 | POS | INT | 12 | 58 | 87 | ((x-43)-15)=29 | x 43 - 15 - 29 = | x:seashell 43:seashell -:seashell 15:seashell -:seashell 29:seashell =:seashell
EXPR: 0 | POS | INT | 12 | 58 | 87 | (x-(15+29))=43 | x 15 29 + - 43 = | x:seashell 15:seashell 29:seashell +:seashell -:seashell 43:seashell =:seashell
EXPR: 0 | POS | INT | 12 | 58 | 1 | (x+(43-15))=29 | x 43 15 - + 29 = | x:seashell 43:seashell 15:seashell -:seashell +:seashell 29:seashell =:seashell
EXPR: 0 | POS | INT | 12 | 58 | 57 | (x+(15-29))=43 | x 15 29 - + 43 = | x:seashell 15:seashell 29:seashell -:seashell +:seashell 43:seashell =:seashell
EXPR: 0 | POS | INT | 12 | 58 | 57 | (15-(29-x))=43 | 15 29 x - - 43 = | 15:seashell 29:seashell x:seashell -:seashell -:seashell 43:seashell =:seashell
EXPR: 0 | POS | INT | 12 | 58 | 29 | ((x-15)+29)=43 | x 15 - 29 + 43 = | x:seashell 15:seashell -:seashell 29:seashell +:seashell 43:seashell =:seashell
EXPR: 0 | POS | INT | 12 | 58 | 1 | ((43+x)-15)=29 | 43 x + 15 - 29 = | 43:seashell x:seashell +:seashell 15:seashell -:seashell 29:seashell =:seashell
EXPR: 0 | POS | INT | 12 | 58 | 1 | (43-(15-x))=29 | 43 15 x - - 29 = | 43:seashell 15:seashell x:seashell -:seashell -:seashell 29:seashell =:seashell
EXPR: 0 | POS | INT | 12 | 58 | 29 | (x-15)=(43-29) | x 15 - 43 29 - = | x:seashell 15:seashell -:seashell 43:seashell 29:seashell -:seashell =:seashell
EXPR: 0 | POS | INT | 12 | 58 | 87 | ((x-15)-29)=43 | x 15 - 29 - 43 = | x:seashell 15:seashell -:seashell 29:seashell -:seashell 43:seashell =:seashell
EXPR: 0 | POS | INT | 12 | 58 | 1 | (15-x)=(43-29) | 15 x - 43 29 - = | 15:seashell x:seashell -:seashell 43:seashell 29:seashell -:seashell =:seashell
EXPR: 0 | POS | INT | 12 | 58 | 57 | 43=((15-29)+x) | 43 15 29 - x + = | 43:seashell 15:seashell 29:seashell -:seashell x:seashell +:seashell =:seashell
EXPR: 0 | POS | INT | 12 | 58 | 29 | (43-(x-15))=29 | 43 x 15 - - 29 = | 43:seashell x:seashell 15:seashell -:seashell -:seashell 29:seashell =:seashell
EXPR: 0 | POS | INT | 12 | 58 | 1 | 15=((x-29)+43) | 15 x 29 - 43 + = | 15:seashell x:seashell 29:seashell -:seashell 43:seashell +:seashell =:seashell
EXPR: 0 | POS | INT | 12 | 58 | 29 | 15=((x+29)-43) | 15 x 29 + 43 - = | 15:seashell x:seashell 29:seashell +:seashell 43:seashell -:seashell =:seashell
EXPR: 0 | POS | INT | 12 | 58 | 1 | 43=((15+29)-x) | 43 15 29 + x - = | 43:seashell 15:seashell 29:seashell +:seashell x:seashell -:seashell =:seashell
EXPR: 0 | POS | INT | 12 | 58 | 29 | 43=((x-15)+29) | 43 x 15 - 29 + = | 43:seashell x:seashell 15:seashell -:seashell 29:seashell +:seashell =:seashell
EXPR: 0 | POS | INT | 12 | 58 | 29 | (43+(15-x))=29 | 43 15 x - + 29 = | 43:seashell 15:seashell x:seashell -:seashell +:seashell 29:seashell =:seashell
EXPR: 0 | POS | INT | 12 | 58 | 1 | (15-(x-29))=43 | 15 x 29 - - 43 = | 15:seashell x:seashell 29:seashell -:seashell -:seashell 43:seashell =:seashell
EXPR: 0 | POS | INT | 12 | 58 | 57 | 15=(29+(43-x)) | 15 29 43 x - + = | 15:seashell 29:seashell 43:seashell x:seashell -:seashell +:seashell =:seashell
EXPR: 0 | POS | INT | 12 | 58 | 29 | 15=(29-(43-x)) | 15 29 43 x - - = | 15:seashell 29:seashell 43:seashell x:seashell -:seashell -:seashell =:seashell
EXPR: 0 | POS | INT | 12 | 58 | 57 | ((15-29)+x)=43 | 15 29 - x + 43 = | 15:seashell 29:seashell -:seashell x:seashell +:seashell 43:seashell =:seashell
EXPR: 0 | POS | INT | 12 | 58 | 1 | (15-43)=(x-29) | 15 43 - x 29 - = | 15:seashell 43:seashell -:seashell x:seashell 29:seashell -:seashell =:seashell
EXPR: 0 | POS | INT | 12 | 58 | 1 | 43=(15+(29-x)) | 43 15 29 x - + = | 43:seashell 15:seashell 29:seashell x:seashell -:seashell +:seashell =:seashell
EXPR: 0 | POS | INT | 12 | 58 | 57 | 43=(15-(29-x)) | 43 15 29 x - - = | 43:seashell 15:seashell 29:seashell x:seashell -:seashell -:seashell =:seashell
EXPR: 0 | POS | INT | 12 | 58 | 29 | ((43-x)+15)=29 | 43 x - 15 + 29 = | 43:seashell x:seashell -:seashell 15:seashell +:seashell 29:seashell =:seashell
EXPR: 0 | POS | INT | 12 | 58 | 57 | 43=((x+15)-29) | 43 x 15 + 29 - = | 43:seashell x:seashell 15:seashell +:seashell 29:seashell -:seashell =:seashell
EXPR: 0 | POS | INT | 12 | 58 | 57 | (15-43)=(29-x) | 15 43 - 29 x - = | 15:seashell 43:seashell -:seashell 29:seashell x:seashell -:seashell =:seashell
EXPR: 0 | POS | INT | 12 | 58 | 1 | ((x+43)-15)=29 | x 43 + 15 - 29 = | x:seashell 43:seashell +:seashell 15:seashell -:seashell 29:seashell =:seashell
EXPR: 0 | POS | INT | 12 | 58 | 87 | 15=((x-29)-43) | 15 x 29 - 43 - = | 15:seashell x:seashell 29:seashell -:seashell 43:seashell -:seashell =:seashell
EXPR: 0 | POS | INT | 12 | 58 | 29 | 15=(x+(29-43)) | 15 x 29 43 - + = | 15:seashell x:seashell 29:seashell 43:seashell -:seashell +:seashell =:seashell
EXPR: 0 | POS | INT | 12 | 58 | 57 | (15+(x-29))=43 | 15 x 29 - + 43 = | 15:seashell x:seashell 29:seashell -:seashell +:seashell 43:seashell =:seashell
EXPR: 0 | POS | INT | 12 | 58 | 57 | 15=((29-x)+43) | 15 29 x - 43 + = | 15:seashell 29:seashell x:seashell -:seashell 43:seashell +:seashell =:seashell
EXPR: 0 | POS | INT | 12 | 58 | 87 | 43=((x-15)-29) | 43 x 15 - 29 - = | 43:seashell x:seashell 15:seashell -:seashell 29:seashell -:seashell =:seashell
EXPR: 0 | POS | INT | 12 | 58 | 29 | 15=(29+(x-43)) | 15 29 x 43 - + = | 15:seashell 29:seashell x:seashell 43:seashell -:seashell +:seashell =:seashell
EXPR: 0 | POS | INT | 12 | 58 | 57 | 43=(x+(15-29)) | 43 x 15 29 - + = | 43:seashell x:seashell 15:seashell 29:seashell -:seashell +:seashell =:seashell
EXPR: 0 | POS | INT | 12 | 58 | 29 | 43=(x-(15-29)) | 43 x 15 29 - - = | 43:seashell x:seashell 15:seashell 29:seashell -:seashell -:seashell =:seashell
EXPR: 0 | POS | INT | 12 | 58 | 1 | ((43-15)+x)=29 | 43 15 - x + 29 = | 43:seashell 15:seashell -:seashell x:seashell +:seashell 29:seashell =:seashell
EXPR: 0 | POS | INT | 12 | 58 | 1 | 15=(x-(29-43)) | 15 x 29 43 - - = | 15:seashell x:seashell 29:seashell 43:seashell -:seashell -:seashell =:seashell
EXPR: 0 | POS | INT | 12 | 58 | 57 | 43=(15+(x-29)) | 43 15 x 29 - + = | 43:seashell 15:seashell x:seashell 29:seashell -:seashell +:seashell =:seashell
EXPR: 0 | POS | INT | 12 | 58 | 57 | ((15+x)-29)=43 | 15 x + 29 - 43 = | 15:seashell x:seashell +:seashell 29:seashell -:seashell 43:seashell =:seashell
EXPR: 0 | POS | INT | 12 | 58 | 87 | 43=(x-(15+29)) | 43 x 15 29 + - = | 43:seashell x:seashell 15:seashell 29:seashell +:seashell -:seashell =:seashell
EXPR: 0 | POS | INT | 12 | 58 | 29 | 15=((29+x)-43) | 15 29 x + 43 - = | 15:seashell 29:seashell x:seashell +:seashell 43:seashell -:seashell =:seashell
EXPR: 0 | POS | INT | 12 | 58 | 1 | (43+(x-15))=29 | 43 x 15 - + 29 = | 43:seashell x:seashell 15:seashell -:seashell +:seashell 29:seashell =:seashell
EXPR: 0 | POS | INT | 12 | 58 | 1 | (15+(29-x))=43 | 15 29 x - + 43 = | 15:seashell 29:seashell x:seashell -:seashell +:seashell 43:seashell =:seashell
EXPR: 0 | POS | INT | 12 | 58 | 1 | ((15+29)-x)=43 | 15 29 + x - 43 = | 15:seashell 29:seashell +:seashell x:seashell -:seashell 43:seashell =:seashell
EXPR: 0 | POS | INT | 12 | 58 | 57 | (15+x)=(43+29) | 15 x + 43 29 + = | 15:seashell x:seashell +:seashell 43:seashell 29:seashell +:seashell =:seashell
EXPR: 0 | POS | INT | 12 | 58 | 57 | ((x+15)-29)=43 | x 15 + 29 - 43 = | x:seashell 15:seashell +:seashell 29:seashell -:seashell 43:seashell =:seashell
EXPR: 0 | POS | INT | 12 | 58 | 57 | (x+15)=(43+29) | x 15 + 43 29 + = | x:seashell 15:seashell +:seashell 43:seashell 29:seashell +:seashell =:seashell
EXPR: 0 | POS | INT | 12 | 58 | 29 | 15=((29-43)+x) | 15 29 43 - x + = | 15:seashell 29:seashell 43:seashell -:seashell x:seashell +:seashell =:seashell
EXPR: 0 | POS | INT | 12 | 58 | 87 | (15+43)=(x-29) | 15 43 + x 29 - = | 15:seashell 43:seashell +:seashell x:seashell 29:seashell -:seashell =:seashell
EXPR: 0 | POS | INT | 12 | 58 | 29 | (15+43)=(x+29) | 15 43 + x 29 + = | 15:seashell 43:seashell +:seashell x:seashell 29:seashell +:seashell =:seashell
EXPR: 0 | POS | INT | 12 | 58 | 29 | (15+43)=(29+x) | 15 43 + 29 x + = | 15:seashell 43:seashell +:seashell 29:seashell x:seashell +:seashell =:seashell
EXPR: 0 | POS | INT | 15 | 58 | 57 | x=((29-15)+43) | x 29 15 - 43 + = | x:seashell 29:seashell 15:seashell -:seashell 43:seashell +:seashell =:seashell
EXPR: 0 | POS | INT | 15 | 58 | 1 | x=(29+(15-43)) | x 29 15 43 - + = | x:seashell 29:seashell 15:seashell 43:seashell -:seashell +:seashell =:seashell
EXPR: 0 | POS | INT | 15 | 58 | 57 | x=(29-(15-43)) | x 29 15 43 - - = | x:seashell 29:seashell 15:seashell 43:seashell -:seashell -:seashell =:seashell
EXPR: 0 | POS | INT | 15 | 58 | 87 | x=(29+(15+43)) | x 29 15 43 + + = | x:seashell 29:seashell 15:seashell 43:seashell +:seashell +:seashell =:seashell
EXPR: 0 | POS | INT | 16 | 58 | 57 | x=((29-15)+43) | x 29 15 - 43 + = | x:seashell 29:seashell 15:seashell -:seashell 43:seashell +:seashell =:seashell
EXPR: 0 | POS | INT | 16 | 58 | 1 | x=(29+(15-43)) | x 29 15 43 - + = | x:seashell 29:seashell 15:seashell 43:seashell -:seashell +:seashell =:seashell
EXPR: 0 | POS | INT | 16 | 58 | 57 | x=(29-(15-43)) | x 29 15 43 - - = | x:seashell 29:seashell 15:seashell 43:seashell -:seashell -:seashell =:seashell
EXPR: 0 | POS | INT | 16 | 58 | 87 | x=(29+(15+43)) | x 29 15 43 + + = | x:seashell 29:seashell 15:seashell 43:seashell +:seashell +:seashell =:seashell
EXPR: 0 | POS | INT | 17 | 58 | 29 | 29=((15-x)+43) | 29 15 x - 43 + = | 29:seashell 15:seashell x:seashell -:seashell 43:seashell +:seashell =:seashell
EXPR: 0 | POS | INT | 17 | 58 | 1 | (29-(x-15))=43 | 29 x 15 - - 43 = | 29:seashell x:seashell 15:seashell -:seashell -:seashell 43:seashell =:seashell
EXPR: 0 | POS | INT | 17 | 58 | 57 | ((x-29)+15)=43 | x 29 - 15 + 43 = | x:seashell 29:seashell -:seashell 15:seashell +:seashell 43:seashell =:seashell
EXPR: 0 | POS | INT | 17 | 58 | 29 | 29=(15+(43-x)) | 29 15 43 x - + = | 29:seashell 15:seashell 43:seashell x:seashell -:seashell +:seashell =:seashell
EXPR: 0 | POS | INT | 17 | 58 | 29 | (29-(15-x))=43 | 29 15 x - - 43 = | 29:seashell 15:seashell x:seashell -:seashell -:seashell 43:seashell =:seashell
EXPR: 0 | POS | INT | 17 | 58 | 57 | (x-(29-15))=43 | x 29 15 - - 43 = | x:seashell 29:seashell 15:seashell -:seashell -:seashell 43:seashell =:seashell
EXPR: 0 | POS | INT | 17 | 58 | 1 | (29+(15-x))=43 | 29 15 x - + 43 = | 29:seashell 15:seashell x:seashell -:seashell +:seashell 43:seashell =:seashell
EXPR: 0 | POS | INT | 17 | 58 | 57 | 29=(15-(43-x)) | 29 15 43 x - - = | 29:seashell 15:seashell 43:seashell x:seashell -:seashell -:seashell =:seashell
EXPR: 0 | POS | INT | 17 | 58 | 57 | 29=((15+x)-43) | 29 15 x + 43 - = | 29:seashell 15:seashell x:seashell +:seashell 43:seashell -:seashell =:seashell
EXPR: 0 | POS | INT | 17 | 58 | 87 | ((x-29)-15)=43 | x 29 - 15 - 43 = | x:seashell 29:seashell -:seashell 15:seashell -:seashell 43:seashell =:seashell
EXPR: 0 | POS | INT | 17 | 58 | 1 | 29=((x-15)+43) | 29 x 15 - 43 + = | 29:seashell x:seashell 15:seashell -:seashell 43:seashell +:seashell =:seashell
EXPR: 0 | POS | INT | 17 | 58 | 29 | (29+(x-15))=43 | 29 x 15 - + 43 = | 29:seashell x:seashell 15:seashell -:seashell +:seashell 43:seashell =:seashell
EXPR: 0 | POS | INT | 17 | 58 | 87 | 29=((x-15)-43) | 29 x 15 - 43 - = | 29:seashell x:seashell 15:seashell -:seashell 43:seashell -:seashell =:seashell
EXPR: 0 | POS | INT | 17 | 58 | 29 | ((29-15)+x)=43 | 29 15 - x + 43 = | 29:seashell 15:seashell -:seashell x:seashell +:seashell 43:seashell =:seashell
EXPR: 0 | POS | INT | 17 | 58 | 29 | (x+(29-15))=43 | x 29 15 - + 43 = | x:seashell 29:seashell 15:seashell -:seashell +:seashell 43:seashell =:seashell
EXPR: 0 | POS | INT | 17 | 58 | 1 | ((29-x)+15)=43 | 29 x - 15 + 43 = | 29:seashell x:seashell -:seashell 15:seashell +:seashell 43:seashell =:seashell
EXPR: 0 | POS | INT | 17 | 58 | 29 | ((29+x)-15)=43 | 29 x + 15 - 43 = | 29:seashell x:seashell +:seashell 15:seashell -:seashell 43:seashell =:seashell
EXPR: 0 | POS | INT | 17 | 58 | 57 | 29=((x+15)-43) | 29 x 15 + 43 - = | 29:seashell x:seashell 15:seashell +:seashell 43:seashell -:seashell =:seashell
EXPR: 0 | POS | INT | 17 | 58 | 57 | 29=(15+(x-43)) | 29 15 x 43 - + = | 29:seashell 15:seashell x:seashell 43:seashell -:seashell +:seashell =:seashell
EXPR: 0 | POS | INT | 17 | 58 | 29 | ((x+29)-15)=43 | x 29 + 15 - 43 = | x:seashell 29:seashell +:seashell 15:seashell -:seashell 43:seashell =:seashell
EXPR: 0 | POS | INT | 17 | 58 | 29 | 29=(15-(x-43)) | 29 15 x 43 - - = | 29:seashell 15:seashell x:seashell 43:seashell -:seashell -:seashell =:seashell
EXPR: 0 | POS | INT | 17 | 58 | 87 | 29=(x-(15+43)) | 29 x 15 43 + - = | 29:seashell x:seashell 15:seashell 43:seashell +:seashell -:seashell =:seashell
EXPR: 0 | POS | INT | 17 | 58 | 29 | 29=((15+43)-x) | 29 15 43 + x - = | 29:seashell 15:seashell 43:seashell +:seashell x:seashell -:seashell =:seashell
EXPR: 0 | POS | INT | 17 | 58 | 57 | 29=((15-43)+x) | 29 15 43 - x + = | 29:seashell 15:seashell 43:seashell -:seashell x:seashell +:seashell =:seashell
EXPR: 0 | POS | INT | 17 | 58 | 57 | 29=(x+(15-43)) | 29 x 15 43 - + = | 29:seashell x:seashell 15:seashell 43:seashell -:seashell +:seashell =:seashell
EXPR: 0 | POS | INT | 17 | 58 | 1 | 29=(x-(15-43)) | 29 x 15 43 - - = | 29:seashell x:seashell 15:seashell 43:seashell -:seashell -:seashell =:seashell
EXPR: 0 | POS | INT | 22 | 58 | 29 | (15-x)=(29-43) | 15 x - 29 43 - = | 15:seashell x:seashell -:seashell 29:seashell 43:seashell -:seashell =:seashell
EXPR: 0 | POS | INT | 22 | 58 | 57 | (15-29)=(43-x) | 15 29 - 43 x - = | 15:seashell 29:seashell -:seashell 43:seashell x:seashell -:seashell =:seashell
EXPR: 0 | POS | INT | 22 | 58 | 1 | (x+43)=(15+29) | x 43 + 15 29 + = | x:seashell 43:seashell +:seashell 15:seashell 29:seashell +:seashell =:seashell
EXPR: 0 | POS | INT | 22 | 58 | 1 | (x-15)=(29-43) | x 15 - 29 43 - = | x:seashell 15:seashell -:seashell 29:seashell 43:seashell -:seashell =:seashell
EXPR: 0 | POS | INT | 22 | 58 | 87 | (x-43)=(15+29) | x 43 - 15 29 + = | x:seashell 43:seashell -:seashell 15:seashell 29:seashell +:seashell =:seashell
EXPR: 0 | POS | INT | 22 | 58 | 29 | (x-43)=(15-29) | x 43 - 15 29 - = | x:seashell 43:seashell -:seashell 15:seashell 29:seashell -:seashell =:seashell
EXPR: 0 | POS | INT | 22 | 58 | 57 | (43-x)=(15-29) | 43 x - 15 29 - = | 43:seashell x:seashell -:seashell 15:seashell 29:seashell -:seashell =:seashell
EXPR: 0 | POS | INT | 22 | 58 | 1 | (43-15)=(29-x) | 43 15 - 29 x - = | 43:seashell 15:seashell -:seashell 29:seashell x:seashell -:seashell =:seashell
EXPR: 0 | POS | INT | 22 | 58 | 29 | (15-29)=(x-43) | 15 29 - x 43 - = | 15:seashell 29:seashell -:seashell x:seashell 43:seashell -:seashell =:seashell
EXPR: 0 | POS | INT | 22 | 58 | 57 | (43-15)=(x-29) | 43 15 - x 29 - = | 43:seashell 15:seashell -:seashell x:seashell 29:seashell -:seashell =:seashell
EXPR: 0 | POS | INT | 22 | 58 | 1 | (43+x)=(15+29) | 43 x + 15 29 + = | 43:seashell x:seashell +:seashell 15:seashell 29:seashell +:seashell =:seashell
EXPR: 0 | POS | INT | 22 | 58 | 87 | (15+29)=(x-43) | 15 29 + x 43 - = | 15:seashell 29:seashell +:seashell x:seashell 43:seashell -:seashell =:seashell
EXPR: 0 | POS | INT | 22 | 58 | 1 | (15+29)=(x+43) | 15 29 + x 43 + = | 15:seashell 29:seashell +:seashell x:seashell 43:seashell +:seashell =:seashell
EXPR: 0 | POS | INT | 22 | 58 | 1 | (15+29)=(43+x) | 15 29 + 43 x + = | 15:seashell 29:seashell +:seashell 43:seashell x:seashell +:seashell =:seashell
EXPR: 0 | POS | INT | 25 | 58 | 57 | x=((43+29)-15) | x 43 29 + 15 - = | x:seashell 43:seashell 29:seashell +:seashell 15:seashell -:seashell =:seashell
EXPR: 0 | POS | INT | 25 | 58 | 87 | x=((43+29)+15) | x 43 29 + 15 + = | x:seashell 43:seashell 29:seashell +:seashell 15:seashell +:seashell =:seashell
EXPR: 0 | POS | INT | 25 | 58 | 1 | x=((29-43)+15) | x 29 43 - 15 + = | x:seashell 29:seashell 43:seashell -:seashell 15:seashell +:seashell =:seashell
EXPR: 0 | POS | INT | 25 | 58 | 57 | x=(43+(29-15)) | x 43 29 15 - + = | x:seashell 43:seashell 29:seashell 15:seashell -:seashell +:seashell =:seashell
EXPR: 0 | POS | INT | 25 | 58 | 57 | x=(29+(43-15)) | x 29 43 15 - + = | x:seashell 29:seashell 43:seashell 15:seashell -:seashell +:seashell =:seashell
EXPR: 0 | POS | INT | 25 | 58 | 29 | x=(43-(29-15)) | x 43 29 15 - - = | x:seashell 43:seashell 29:seashell 15:seashell -:seashell -:seashell =:seashell
EXPR: 0 | POS | INT | 25 | 58 | 1 | x=(29-(43-15)) | x 29 43 15 - - = | x:seashell 29:seashell 43:seashell 15:seashell -:seashell -:seashell =:seashell
EXPR: 0 | POS | INT | 25 | 58 | 29 | x=((43-29)+15) | x 43 29 - 15 + = | x:seashell 43:seashell 29:seashell -:seashell 15:seashell +:seashell =:seashell
EXPR: 0 | POS | INT | 26 | 58 | 1 | x=((29-43)+15) | x 29 43 - 15 + = | x:seashell 29:seashell 43:seashell -:seashell 15:seashell +:seashell =:seashell
EXPR: 0 | POS | INT | 26 | 58 | 87 | x=((43+29)+15) | x 43 29 + 15 + = | x:seashell 43:seashell 29:seashell +:seashell 15:seashell +:seashell =:seashell
EXPR: 0 | POS | INT | 26 | 58 | 57 | x=(43+(29-15)) | x 43 29 15 - + = | x:seashell 43:seashell 29:seashell 15:seashell -:seashell +:seashell =:seashell
EXPR: 0 | POS | INT | 26 | 58 | 57 | x=((43+29)-15) | x 43 29 + 15 - = | x:seashell 43:seashell 29:seashell +:seashell 15:seashell -:seashell =:seashell
EXPR: 0 | POS | INT | 26 | 58 | 57 | x=(29+(43-15)) | x 29 43 15 - + = | x:seashell 29:seashell 43:seashell 15:seashell -:seashell +:seashell =:seashell
EXPR: 0 | POS | INT | 26 | 58 | 29 | x=(43-(29-15)) | x 43 29 15 - - = | x:seashell 43:seashell 29:seashell 15:seashell -:seashell -:seashell =:seashell
EXPR: 0 | POS | INT | 26 | 58 | 1 | x=(29-(43-15)) | x 29 43 15 - - = | x:seashell 29:seashell 43:seashell 15:seashell -:seashell -:seashell =:seashell
EXPR: 0 | POS | INT | 26 | 58 | 29 | x=((43-29)+15) | x 43 29 - 15 + = | x:seashell 43:seashell 29:seashell -:seashell 15:seashell +:seashell =:seashell
EXPR: 0 | POS | INT | 27 | 58 | 29 | 29=((43-x)+15) | 29 43 x - 15 + = | 29:seashell 43:seashell x:seashell -:seashell 15:seashell +:seashell =:seashell
EXPR: 0 | POS | INT | 27 | 58 | 57 | ((43-x)+29)=15 | 43 x - 29 + 15 = | 43:seashell x:seashell -:seashell 29:seashell +:seashell 15:seashell =:seashell
EXPR: 0 | POS | INT | 27 | 58 | 29 | 29=(43-(x-15)) | 29 43 x 15 - - = | 29:seashell 43:seashell x:seashell 15:seashell -:seashell -:seashell =:seashell
EXPR: 0 | POS | INT | 27 | 58 | 87 | (x-29)=(15+43) | x 29 - 15 43 + = | x:seashell 29:seashell -:seashell 15:seashell 43:seashell +:seashell =:seashell
EXPR: 0 | POS | INT | 27 | 58 | 57 | ((29-x)+43)=15 | 29 x - 43 + 15 = | 29:seashell x:seashell -:seashell 43:seashell +:seashell 15:seashell =:seashell
EXPR: 0 | POS | INT | 27 | 58 | 1 | ((x-29)+43)=15 | x 29 - 43 + 15 = | x:seashell 29:seashell -:seashell 43:seashell +:seashell 15:seashell =:seashell
EXPR: 0 | POS | INT | 27 | 58 | 29 | (x+29)=(15+43) | x 29 + 15 43 + = | x:seashell 29:seashell +:seashell 15:seashell 43:seashell +:seashell =:seashell
EXPR: 0 | POS | INT | 27 | 58 | 57 | (29-(x-43))=15 | 29 x 43 - - 15 = | 29:seashell x:seashell 43:seashell -:seashell -:seashell 15:seashell =:seashell
EXPR: 0 | POS | INT | 27 | 58 | 29 | (x-(43-29))=15 | x 43 29 - - 15 = | x:seashell 43:seashell 29:seashell -:seashell -:seashell 15:seashell =:seashell
EXPR: 0 | POS | INT | 27 | 58 | 87 | (x-(43+29))=15 | x 43 29 + - 15 = | x:seashell 43:seashell 29:seashell +:seashell -:seashell 15:seashell =:seashell
EXPR: 0 | POS | INT | 27 | 58 | 1 | (x-(29-43))=15 | x 29 43 - - 15 = | x:seashell 29:seashell 43:seashell -:seashell -:seashell 15:seashell =:seashell
EXPR: 0 | POS | INT | 27 | 58 | 1 | (x+(43-29))=15 | x 43 29 - + 15 = | x:seashell 43:seashell 29:seashell -:seashell +:seashell 15:seashell =:seashell
EXPR: 0 | POS | INT | 27 | 58 | 57 | (29+(43-x))=15 | 29 43 x - + 15 = | 29:seashell 43:seashell x:seashell -:seashell +:seashell 15:seashell =:seashell
EXPR: 0 | POS | INT | 27 | 58 | 1 | (x-29)=(15-43) | x 29 - 15 43 - = | x:seashell 29:seashell -:seashell 15:seashell 43:seashell -:seashell =:seashell
EXPR: 0 | POS | INT | 27 | 58 | 29 | ((29+x)-43)=15 | 29 x + 43 - 15 = | 29:seashell x:seashell +:seashell 43:seashell -:seashell 15:seashell =:seashell
EXPR: 0 | POS | INT | 27 | 58 | 87 | ((x-29)-43)=15 | x 29 - 43 - 15 = | x:seashell 29:seashell -:seashell 43:seashell -:seashell 15:seashell =:seashell
EXPR: 0 | POS | INT | 27 | 58 | 87 | ((x-43)-29)=15 | x 43 - 29 - 15 = | x:seashell 43:seashell -:seashell 29:seashell -:seashell 15:seashell =:seashell
EXPR: 0 | POS | INT | 27 | 58 | 1 | 29=((43+x)-15) | 29 43 x + 15 - = | 29:seashell 43:seashell x:seashell +:seashell 15:seashell -:seashell =:seashell
EXPR: 0 | POS | INT | 27 | 58 | 29 | (29-(43-x))=15 | 29 43 x - - 15 = | 29:seashell 43:seashell x:seashell -:seashell -:seashell 15:seashell =:seashell
EXPR: 0 | POS | INT | 27 | 58 | 29 | 29=(43+(15-x)) | 29 43 15 x - + = | 29:seashell 43:seashell 15:seashell x:seashell -:seashell +:seashell =:seashell
EXPR: 0 | POS | INT | 27 | 58 | 87 | 43=((x-29)-15) | 43 x 29 - 15 - = | 43:seashell x:seashell 29:seashell -:seashell 15:seashell -:seashell =:seashell
EXPR: 0 | POS | INT | 27 | 58 | 57 | (43-(x-29))=15 | 43 x 29 - - 15 = | 43:seashell x:seashell 29:seashell -:seashell -:seashell 15:seashell =:seashell
EXPR: 0 | POS | INT | 27 | 58 | 29 | (29-15)=(43-x) | 29 15 - 43 x - = | 29:seashell 15:seashell -:seashell 43:seashell x:seashell -:seashell =:seashell
EXPR: 0 | POS | INT | 27 | 58 | 57 | 29=((x-43)+15) | 29 x 43 - 15 + = | 29:seashell x:seashell 43:seashell -:seashell 15:seashell +:seashell =:seashell
EXPR: 0 | POS | INT | 27 | 58 | 29 | 43=((x+29)-15) | 43 x 29 + 15 - = | 43:seashell x:seashell 29:seashell +:seashell 15:seashell -:seashell =:seashell
EXPR: 0 | POS | INT | 27 | 58 | 29 | (29+(x-43))=15 | 29 x 43 - + 15 = | 29:seashell x:seashell 43:seashell -:seashell +:seashell 15:seashell =:seashell
EXPR: 0 | POS | INT | 27 | 58 | 1 | 29=(43-(15-x)) | 29 43 15 x - - = | 29:seashell 43:seashell 15:seashell x:seashell -:seashell -:seashell =:seashell
EXPR: 0 | POS | INT | 27 | 58 | 87 | 29=((x-43)-15) | 29 x 43 - 15 - = | 29:seashell x:seashell 43:seashell -:seashell 15:seashell -:seashell =:seashell
EXPR: 0 | POS | INT | 27 | 58 | 57 | (43+(29-x))=15 | 43 29 x - + 15 = | 43:seashell 29:seashell x:seashell -:seashell +:seashell 15:seashell =:seashell
EXPR: 0 | POS | INT | 27 | 58 | 29 | (x+(29-43))=15 | x 29 43 - + 15 = | x:seashell 29:seashell 43:seashell -:seashell +:seashell 15:seashell =:seashell
EXPR: 0 | POS | INT | 27 | 58 | 57 | 43=((x-29)+15) | 43 x 29 - 15 + = | 43:seashell x:seashell 29:seashell -:seashell 15:seashell +:seashell =:seashell
EXPR: 0 | POS | INT | 27 | 58 | 57 | (29-15)=(x-43) | 29 15 - x 43 - = | 29:seashell 15:seashell -:seashell x:seashell 43:seashell -:seashell =:seashell
EXPR: 0 | POS | INT | 27 | 58 | 1 | 29=((x+43)-15) | 29 x 43 + 15 - = | 29:seashell x:seashell 43:seashell +:seashell 15:seashell -:seashell =:seashell
EXPR: 0 | POS | INT | 27 | 58 | 1 | 29=(43+(x-15)) | 29 43 x 15 - + = | 29:seashell 43:seashell x:seashell 15:seashell -:seashell +:seashell =:seashell
EXPR: 0 | POS | INT | 27 | 58 | 57 | (29-x)=(15-43) | 29 x - 15 43 - = | 29:seashell x:seashell -:seashell 15:seashell 43:seashell -:seashell =:seashell
EXPR: 0 | POS | INT | 27 | 58 | 1 | (43-(29-x))=15 | 43 29 x - - 15 = | 43:seashell 29:seashell x:seashell -:seashell -:seashell 15:seashell =:seashell
EXPR: 0 | POS | INT | 27 | 58 | 1 | 43=(29-(x-15)) | 43 29 x 15 - - = | 43:seashell 29:seashell x:seashell 15:seashell -:seashell -:seashell =:seashell
EXPR: 0 | POS | INT | 27 | 58 | 1 | 43=(29+(15-x)) | 43 29 15 x - + = | 43:seashell 29:seashell 15:seashell x:seashell -:seashell +:seashell =:seashell
EXPR: 0 | POS | INT | 27 | 58 | 29 | 43=(x+(29-15)) | 43 x 29 15 - + = | 43:seashell x:seashell 29:seashell 15:seashell -:seashell +:seashell =:seashell
EXPR: 0 | POS | INT | 27 | 58 | 57 | 43=(x-(29-15)) | 43 x 29 15 - - = | 43:seashell x:seashell 29:seashell 15:seashell -:seashell -:seashell =:seashell
EXPR: 0 | POS | INT | 27 | 58 | 29 | 43=(29+(x-15)) | 43 29 x 15 - + = | 43:seashell 29:seashell x:seashell 15:seashell -:seashell +:seashell =:seashell
EXPR: 0 | POS | INT | 27 | 58 | 29 | ((x+29)-43)=15 | x 29 + 43 - 15 = | x:seashell 29:seashell +:seashell 43:seashell -:seashell 15:seashell =:seashell
EXPR: 0 | POS | INT | 27 | 58 | 29 | ((29-43)+x)=15 | 29 43 - x + 15 = | 29:seashell 43:seashell -:seashell x:seashell +:seashell 15:seashell =:seashell
EXPR: 0 | POS | INT | 27 | 58 | 1 | ((43+x)-29)=15 | 43 x + 29 - 15 = | 43:seashell x:seashell +:seashell 29:seashell -:seashell 15:seashell =:seashell
EXPR: 0 | POS | INT | 27 | 58 | 29 | 43=((29+x)-15) | 43 29 x + 15 - = | 43:seashell 29:seashell x:seashell +:seashell 15:seashell -:seashell =:seashell
EXPR: 0 | POS | INT | 27 | 58 | 1 | 43=((29-x)+15) | 43 29 x - 15 + = | 43:seashell 29:seashell x:seashell -:seashell 15:seashell +:seashell =:seashell
EXPR: 0 | POS | INT | 27 | 58 | 1 | 29=(x+(43-15)) | 29 x 43 15 - + = | 29:seashell x:seashell 43:seashell 15:seashell -:seashell +:seashell =:seashell
EXPR: 0 | POS | INT | 27 | 58 | 29 | 43=(29-(15-x)) | 43 29 15 x - - = | 43:seashell 29:seashell 15:seashell x:seashell -:seashell -:seashell =:seashell
EXPR: 0 | POS | INT | 27 | 58 | 57 | ((43+29)-x)=15 | 43 29 + x - 15 = | 43:seashell 29:seashell +:seashell x:seashell -:seashell 15:seashell =:seashell
EXPR: 0 | POS | INT | 27 | 58 | 29 | (29+x)=(15+43) | 29 x + 15 43 + = | 29:seashell x:seashell +:seashell 15:seashell 43:seashell +:seashell =:seashell
EXPR: 0 | POS | INT | 27 | 58 | 1 | (43+(x-29))=15 | 43 x 29 - + 15 = | 43:seashell x:seashell 29:seashell -:seashell +:seashell 15:seashell =:seashell
EXPR: 0 | POS | INT | 27 | 58 | 1 | ((x+43)-29)=15 | x 43 + 29 - 15 = | x:seashell 43:seashell +:seashell 29:seashell -:seashell 15:seashell =:seashell
EXPR: 0 | POS | INT | 27 | 58 | 1 | 29=((43-15)+x) | 29 43 15 - x + = | 29:seashell 43:seashell 15:seashell -:seashell x:seashell +:seashell =:seashell
EXPR: 0 | POS | INT | 27 | 58 | 57 | 29=(x-(43-15)) | 29 x 43 15 - - = | 29:seashell x:seashell 43:seashell 15:seashell -:seashell -:seashell =:seashell
EXPR: 0 | POS | INT | 27 | 58 | 29 | ((x-43)+29)=15 | x 43 - 29 + 15 = | x:seashell 43:seashell -:seashell 29:seashell +:seashell 15:seashell =:seashell
EXPR: 0 | POS | INT | 27 | 58 | 1 | ((43-29)+x)=15 | 43 29 - x + 15 = | 43:seashell 29:seashell -:seashell x:seashell +:seashell 15:seashell =:seashell
EXPR: 0 | POS | INT | 27 | 58 | 29 | 43=((29-15)+x) | 43 29 15 - x + = | 43:seashell 29:seashell 15:seashell -:seashell x:seashell +:seashell =:seashell
EXPR: 0 | POS | INT | 37 | 58 | 57 | (x-29)=(43-15) | x 29 - 43 15 - = | x:seashell 29:seashell -:seashell 43:seashell 15:seashell -:seashell =:seashell
EXPR: 0 | POS | INT | 37 | 58 | 29 | (43-x)=(29-15) | 43 x - 29 15 - = | 43:seashell x:seashell -:seashell 29:seashell 15:seashell -:seashell =:seashell
EXPR: 0 | POS | INT | 37 | 58 | 1 | (29-x)=(43-15) | 29 x - 43 15 - = | 29:seashell x:seashell -:seashell 43:seashell 15:seashell -:seashell =:seashell
EXPR: 0 | POS | INT | 37 | 58 | 1 | (43-29)=(15-x) | 43 29 - 15 x - = | 43:seashell 29:seashell -:seashell 15:seashell x:seashell -:seashell =:seashell
EXPR: 0 | POS | INT | 37 | 58 | 29 | (29-43)=(15-x) | 29 43 - 15 x - = | 29:seashell 43:seashell -:seashell 15:seashell x:seashell -:seashell =:seashell
EXPR: 0 | POS | INT | 37 | 58 | 57 | (x-43)=(29-15) | x 43 - 29 15 - = | x:seashell 43:seashell -:seashell 29:seashell 15:seashell -:seashell =:seashell
EXPR: 0 | POS | INT | 37 | 58 | 29 | (43-29)=(x-15) | 43 29 - x 15 - = | 43:seashell 29:seashell -:seashell x:seashell 15:seashell -:seashell =:seashell
EXPR: 0 | POS | INT | 37 | 58 | 1 | (29-43)=(x-15) | 29 43 - x 15 - = | 29:seashell 43:seashell -:seashell x:seashell 15:seashell -:seashell =:seashell
EXPR: 0 | POS | INT | 37 | 58 | 87 | (43+29)=(x-15) | 43 29 + x 15 - = | 43:seashell 29:seashell +:seashell x:seashell 15:seashell -:seashell =:seashell
EXPR: 0 | POS | INT | 37 | 58 | 57 | (43+29)=(x+15) | 43 29 + x 15 + = | 43:seashell 29:seashell +:seashell x:seashell 15:seashell +:seashell =:seashell
EXPR: 0 | POS | INT | 37 | 58 | 57 | (43+29)=(15+x) | 43 29 + 15 x + = | 43:seashell 29:seashell +:seashell 15:seashell x:seashell +:seashell =:seashell
NET 252 non-negative, integer-valued solutions found out of 408 total solutions
