parameters: n=7 l=3 k=1 p=5 q=1 m=9
TOTAL 408 solutions found
SOLN: CORRECT | POS/NEG | INT/FRA | OBJ-SCORE | TRUE-ANS | ANS | INFIX | POSTFIX | TYPED-POSTFIX
EXPR: 0 | POS | INT | 0 | 60 | 51 | x=(18-(9-42)) | x 18 9 42 - - = | x:book 18:book 9:book 42:book -:book -:book =:book
EXPR: 0 | POS | INT | 0 | 60 | 69 | x=(18+(9+42)) | x 18 9 42 + + = | x:book 18:book 9:book 42:book +:book +:book =:book
EXPR: 0 | POS | INT | 0 | 60 | 51 | x=((18-9)+42) | x 18 9 - 42 + = | x:book 18:book 9:book -:book 42:book +:book =:book
EXPR: 0 | POS | INT | 0 | 60 | 69 | x=((18+9)+42) | x 18 9 + 42 + = | x:book 18:book 9:book +:book 42:book +:book =:book
EXPR: 0 | POS | INT | 1 | 60 | 51 | x=(18-(9-42)) | x 18 9 42 - - = | x:book 18:book 9:book 42:book -:book -:book =:book
EXPR: 0 | POS | INT | 1 | 60 | 51 | x=((18-9)+42) | x 18 9 - 42 + = | x:book 18:book 9:book -:book 42:book +:book =:book
EXPR: 0 | POS | INT | 1 | 60 | 69 | x=(18+(9+42)) | x 18 9 42 + + = | x:book 18:book 9:book 42:book +:book +:book =:book
EXPR: 0 | POS | INT | 1 | 60 | 69 | x=((18+9)+42) | x 18 9 + 42 + = | x:book 18:book 9:book +:book 42:book +:book =:book
EXPR: 0 | POS | INT | 2 | 60 | 51 | ((x-18)+9)=42 | x 18 - 9 + 42 = | x:book 18:book -:book 9:book +:book 42:book =:book
EXPR: 0 | POS | INT | 2 | 60 | 33 | 18=(9-(x-42)) | 18 9 x 42 - - = | 18:book 9:book x:book 42:book -:book -:book =:book
EXPR: 0 | POS | INT | 2 | 60 | 51 | (x-(18-9))=42 | x 18 9 - - 42 = | x:book 18:book 9:book -:book -:book 42:book =:book
EXPR: 0 | POS | INT | 2 | 60 | 69 | (x-(18+9))=42 | x 18 9 + - 42 = | x:book 18:book 9:book +:book -:book 42:book =:book
EXPR: 0 | POS | INT | 2 | 60 | 33 | (x+(18-9))=42 | x 18 9 - + 42 = | x:book 18:book 9:book -:book +:book 42:book =:book
EXPR: 0 | POS | INT | 2 | 60 | 33 | (18-(9-x))=42 | 18 9 x - - 42 = | 18:book 9:book x:book -:book -:book 42:book =:book
EXPR: 0 | POS | INT | 2 | 60 | 33 | 18=(9+(42-x)) | 18 9 42 x - + = | 18:book 9:book 42:book x:book -:book +:book =:book
EXPR: 0 | POS | INT | 2 | 60 | 69 | ((x-18)-9)=42 | x 18 - 9 - 42 = | x:book 18:book -:book 9:book -:book 42:book =:book
EXPR: 0 | POS | INT | 2 | 60 | 15 | (18+(9+x))=42 | 18 9 x + + 42 = | 18:book 9:book x:book +:book +:book 42:book =:book
EXPR: 0 | POS | INT | 2 | 60 | 15 | (x+(18+9))=42 | x 18 9 + + 42 = | x:book 18:book 9:book +:book +:book 42:book =:book
EXPR: 0 | POS | INT | 2 | 60 | 51 | 18=((x+9)-42) | 18 x 9 + 42 - = | 18:book x:book 9:book +:book 42:book -:book =:book
EXPR: 0 | POS | INT | 2 | 60 | 69 | 18=((x-9)-42) | 18 x 9 - 42 - = | 18:book x:book 9:book -:book 42:book -:book =:book
EXPR: 0 | POS | INT | 2 | 60 | 51 | 18=(9-(42-x)) | 18 9 42 x - - = | 18:book 9:book 42:book x:book -:book -:book =:book
EXPR: 0 | POS | INT | 2 | 60 | 33 | ((18-9)+x)=42 | 18 9 - x + 42 = | 18:book 9:book -:book x:book +:book 42:book =:book
EXPR: 0 | POS | INT | 2 | 60 | 15 | ((18+9)+x)=42 | 18 9 + x + 42 = | 18:book 9:book +:book x:book +:book 42:book =:book
EXPR: 0 | POS | INT | 2 | 60 | 15 | ((18+x)+9)=42 | 18 x + 9 + 42 = | 18:book x:book +:book 9:book +:book 42:book =:book
EXPR: 0 | POS | INT | 2 | 60 | 33 | ((18+x)-9)=42 | 18 x + 9 - 42 = | 18:book x:book +:book 9:book -:book 42:book =:book
EXPR: 0 | POS | INT | 2 | 60 | 51 | 18=(x+(9-42)) | 18 x 9 42 - + = | 18:book x:book 9:book 42:book -:book +:book =:book
EXPR: 0 | POS | INT | 2 | 60 | 33 | (18+(x-9))=42 | 18 x 9 - + 42 = | 18:book x:book 9:book -:book +:book 42:book =:book
EXPR: 0 | POS | INT | 2 | 60 | 15 | (18+(x+9))=42 | 18 x 9 + + 42 = | 18:book x:book 9:book +:book +:book 42:book =:book
EXPR: 0 | POS | INT | 2 | 60 | 69 | 18=(x-(9+42)) | 18 x 9 42 + - = | 18:book x:book 9:book 42:book +:book -:book =:book
EXPR: 0 | POS | INT | 2 | 60 | 33 | 18=((9-x)+42) | 18 9 x - 42 + = | 18:book 9:book x:book -:book 42:book +:book =:book
EXPR: 0 | POS | INT | 2 | 60 | 51 | 18=(9+(x-42)) | 18 9 x 42 - + = | 18:book 9:book x:book 42:book -:book +:book =:book
EXPR: 0 | POS | INT | 2 | 60 | 33 | ((x+18)-9)=42 | x 18 + 9 - 42 = | x:book 18:book +:book 9:book -:book 42:book =:book
EXPR: 0 | POS | INT | 2 | 60 | 15 | ((x+18)+9)=42 | x 18 + 9 + 42 = | x:book 18:book +:book 9:book +:book 42:book =:book
EXPR: 0 | POS | INT | 2 | 60 | 51 | 18=((9+x)-42) | 18 9 x + 42 - = | 18:book 9:book x:book +:book 42:book -:book =:book
EXPR: 0 | POS | INT | 2 | 60 | 51 | 18=((9-42)+x) | 18 9 42 - x + = | 18:book 9:book 42:book -:book x:book +:book =:book
EXPR: 0 | POS | INT | 2 | 60 | 33 | 18=((9+42)-x) | 18 9 42 + x - = | 18:book 9:book 42:book +:book x:book -:book =:book
EXPR: 0 | POS | INT | 10 | 60 | 51 | x=((18+42)-9) | x 18 42 + 9 - = | x:book 18:book 42:book +:book 9:book -:book =:book
EXPR: 0 | POS | INT | 10 | 60 | 33 | x=((9-18)+42) | x 9 18 - 42 + = | x:book 9:book 18:book -:book 42:book +:book =:book
EXPR: 0 | POS | INT | 10 | 60 | 69 | x=((18+42)+9) | x 18 42 + 9 + = | x:book 18:book 42:book +:book 9:book +:book =:book
EXPR: 0 | POS | INT | 10 | 60 | 69 | x=(9+(18+42)) | x 9 18 42 + + = | x:book 9:book 18:book 42:book +:book +:book =:book
EXPR: 0 | POS | INT | 10 | 60 | 51 | x=(18+(42-9)) | x 18 42 9 - + = | x:book 18:book 42:book 9:book -:book +:book =:book
EXPR: 0 | POS | INT | 10 | 60 | 33 | x=(9-(18-42)) | x 9 18 42 - - = | x:book 9:book 18:book 42:book -:book -:book =:book
EXPR: 0 | POS | INT | 11 | 60 | 33 | x=(9-(18-42)) | x 9 18 42 - - = | x:book 9:book 18:book 42:book -:book -:book =:book
EXPR: 0 | POS | INT | 11 | 60 | 51 | x=((18+42)-9) | x 18 42 + 9 - = | x:book 18:book 42:book +:book 9:book -:book =:book
EXPR: 0 | POS | INT | 11 | 60 | 69 | x=((18+42)+9) | x 18 42 + 9 + = | x:book 18:book 42:book +:book 9:book +:book =:book
EXPR: 0 | POS | INT | 11 | 60 | 33 | x=((9-18)+42) | x 9 18 - 42 + = | x:book 9:book 18:book -:book 42:book +:book =:book
EXPR: 0 | POS | INT | 11 | 60 | 69 | x=(9+(18+42)) | x 9 18 42 + + = | x:book 9:book 18:book 42:book +:book +:book =:book
EXPR: 0 | POS | INT | 11 | 60 | 51 | x=(18+(42-9)) | x 18 42 9 - + = | x:book 18:book 42:book 9:book -:book +:book =:book
EXPR: 0 | POS | INT | 12 | 60 | 51 | 9=((18-x)+42) | 9 18 x - 42 + = | 9:book 18:book x:book -:book 42:book +:book =:book
EXPR: 0 | POS | INT | 12 | 60 | 33 | 9=((18+x)-42) | 9 18 x + 42 - = | 9:book 18:book x:book +:book 42:book -:book =:book
EXPR: 0 | POS | INT | 12 | 60 | 33 | ((x-9)+18)=42 | x 9 - 18 + 42 = | x:book 9:book -:book 18:book +:book 42:book =:book
EXPR: 0 | POS | INT | 12 | 60 | 51 | ((18-x)+42)=9 | 18 x - 42 + 9 = | 18:book x:book -:book 42:book +:book 9:book =:book
EXPR: 0 | POS | INT | 12 | 60 | 33 | 18=(42-(x-9)) | 18 42 x 9 - - = | 18:book 42:book x:book 9:book -:book -:book =:book
EXPR: 0 | POS | INT | 12 | 60 | 69 | (x-18)=(9+42) | x 18 - 9 42 + = | x:book 18:book -:book 9:book 42:book +:book =:book
EXPR: 0 | POS | INT | 12 | 60 | 51 | 9=(18-(x-42)) | 9 18 x 42 - - = | 9:book 18:book x:book 42:book -:book -:book =:book
EXPR: 0 | POS | INT | 12 | 60 | 33 | (x-(9-18))=42 | x 9 18 - - 42 = | x:book 9:book 18:book -:book -:book 42:book =:book
EXPR: 0 | POS | INT | 12 | 60 | 69 | ((x-9)-18)=42 | x 9 - 18 - 42 = | x:book 9:book -:book 18:book -:book 42:book =:book
EXPR: 0 | POS | INT | 12 | 60 | 69 | (x-(18+42))=9 | x 18 42 + - 9 = | x:book 18:book 42:book +:book -:book 9:book =:book
EXPR: 0 | POS | INT | 12 | 60 | 51 | (x+(9-18))=42 | x 9 18 - + 42 = | x:book 9:book 18:book -:book +:book 42:book =:book
EXPR: 0 | POS | INT | 12 | 60 | 33 | (x+(18-42))=9 | x 18 42 - + 9 = | x:book 18:book 42:book -:book +:book 9:book =:book
EXPR: 0 | POS | INT | 12 | 60 | 33 | (18-(42-x))=9 | 18 42 x - - 9 = | 18:book 42:book x:book -:book -:book 9:book =:book
EXPR: 0 | POS | INT | 12 | 60 | 51 | ((9+x)-18)=42 | 9 x + 18 - 42 = | 9:book x:book +:book 18:book -:book 42:book =:book
EXPR: 0 | POS | INT | 12 | 60 | 51 | (9-(18-x))=42 | 9 18 x - - 42 = | 9:book 18:book x:book -:book -:book 42:book =:book
EXPR: 0 | POS | INT | 12 | 60 | 69 | ((x-18)-42)=9 | x 18 - 42 - 9 = | x:book 18:book -:book 42:book -:book 9:book =:book
EXPR: 0 | POS | INT | 12 | 60 | 15 | 18=(42-(x+9)) | 18 42 x 9 + - = | 18:book 42:book x:book 9:book +:book -:book =:book
EXPR: 0 | POS | INT | 12 | 60 | 51 | (18-x)=(9-42) | 18 x - 9 42 - = | 18:book x:book -:book 9:book 42:book -:book =:book
EXPR: 0 | POS | INT | 12 | 60 | 33 | 9=((18-42)+x) | 9 18 42 - x + = | 9:book 18:book 42:book -:book x:book +:book =:book
EXPR: 0 | POS | INT | 12 | 60 | 15 | ((9+x)+18)=42 | 9 x + 18 + 42 = | 9:book x:book +:book 18:book +:book 42:book =:book
EXPR: 0 | POS | INT | 12 | 60 | 51 | 18=((x-42)+9) | 18 x 42 - 9 + = | 18:book x:book 42:book -:book 9:book +:book =:book
EXPR: 0 | POS | INT | 12 | 60 | 51 | 9=((18+42)-x) | 9 18 42 + x - = | 9:book 18:book 42:book +:book x:book -:book =:book
EXPR: 0 | POS | INT | 12 | 60 | 51 | (18-(x-42))=9 | 18 x 42 - - 9 = | 18:book x:book 42:book -:book -:book 9:book =:book
EXPR: 0 | POS | INT | 12 | 60 | 33 | 18=(42+(9-x)) | 18 42 9 x - + = | 18:book 42:book 9:book x:book -:book +:book =:book
EXPR: 0 | POS | INT | 12 | 60 | 33 | ((18-42)+x)=9 | 18 42 - x + 9 = | 18:book 42:book -:book x:book +:book 9:book =:book
EXPR: 0 | POS | INT | 12 | 60 | 51 | (18-9)=(x-42) | 18 9 - x 42 - = | 18:book 9:book -:book x:book 42:book -:book =:book
EXPR: 0 | POS | INT | 12 | 60 | 51 | 9=(18+(42-x)) | 9 18 42 x - + = | 9:book 18:book 42:book x:book -:book +:book =:book
EXPR: 0 | POS | INT | 12 | 60 | 33 | 9=(18-(42-x)) | 9 18 42 x - - = | 9:book 18:book 42:book x:book -:book -:book =:book
EXPR: 0 | POS | INT | 12 | 60 | 15 | 18=(42-(9+x)) | 18 42 9 x + - = | 18:book 42:book 9:book x:book +:book -:book =:book
EXPR: 0 | POS | INT | 12 | 60 | 33 | 9=((x+18)-42) | 9 x 18 + 42 - = | 9:book x:book 18:book +:book 42:book -:book =:book
EXPR: 0 | POS | INT | 12 | 60 | 33 | (18-9)=(42-x) | 18 9 - 42 x - = | 18:book 9:book -:book 42:book x:book -:book =:book
EXPR: 0 | POS | INT | 12 | 60 | 15 | (9+(18+x))=42 | 9 18 x + + 42 = | 9:book 18:book x:book +:book +:book 42:book =:book
EXPR: 0 | POS | INT | 12 | 60 | 51 | ((x+9)-18)=42 | x 9 + 18 - 42 = | x:book 9:book +:book 18:book -:book 42:book =:book
EXPR: 0 | POS | INT | 12 | 60 | 15 | (9+(x+18))=42 | 9 x 18 + + 42 = | 9:book x:book 18:book +:book +:book 42:book =:book
EXPR: 0 | POS | INT | 12 | 60 | 69 | 18=((x-42)-9) | 18 x 42 - 9 - = | 18:book x:book 42:book -:book 9:book -:book =:book
EXPR: 0 | POS | INT | 12 | 60 | 33 | (18+(x-42))=9 | 18 x 42 - + 9 = | 18:book x:book 42:book -:book +:book 9:book =:book
EXPR: 0 | POS | INT | 12 | 60 | 15 | ((x+9)+18)=42 | x 9 + 18 + 42 = | x:book 9:book +:book 18:book +:book 42:book =:book
EXPR: 0 | POS | INT | 12 | 60 | 33 | 18=((42-x)+9) | 18 42 x - 9 + = | 18:book 42:book x:book -:book 9:book +:book =:book
EXPR: 0 | POS | INT | 12 | 60 | 69 | 9=((x-18)-42) | 9 x 18 - 42 - = | 9:book x:book 18:book -:book 42:book -:book =:book
EXPR: 0 | POS | INT | 12 | 60 | 33 | 9=(x+(18-42)) | 9 x 18 42 - + = | 9:book x:book 18:book 42:book -:book +:book =:book
EXPR: 0 | POS | INT | 12 | 60 | 51 | ((9-18)+x)=42 | 9 18 - x + 42 = | 9:book 18:book -:book x:book +:book 42:book =:book
EXPR: 0 | POS | INT | 12 | 60 | 51 | 18=(x-(42-9)) | 18 x 42 9 - - = | 18:book x:book 42:book 9:book -:book -:book =:book
EXPR: 0 | POS | INT | 12 | 60 | 33 | 9=(18+(x-42)) | 9 18 x 42 - + = | 9:book 18:book x:book 42:book -:book +:book =:book
EXPR: 0 | POS | INT | 12 | 60 | 15 | 18=((42-x)-9) | 18 42 x - 9 - = | 18:book 42:book x:book -:book 9:book -:book =:book
EXPR: 0 | POS | INT | 12 | 60 | 33 | ((18+x)-42)=9 | 18 x + 42 - 9 = | 18:book x:book +:book 42:book -:book 9:book =:book
EXPR: 0 | POS | INT | 12 | 60 | 69 | 9=(x-(18+42)) | 9 x 18 42 + - = | 9:book x:book 18:book 42:book +:book -:book =:book
EXPR: 0 | POS | INT | 12 | 60 | 51 | (9+(x-18))=42 | 9 x 18 - + 42 = | 9:book x:book 18:book -:book +:book 42:book =:book
EXPR: 0 | POS | INT | 12 | 60 | 51 | (18+(42-x))=9 | 18 42 x - + 9 = | 18:book 42:book x:book -:book +:book 9:book =:book
EXPR: 0 | POS | INT | 12 | 60 | 51 | ((18+42)-x)=9 | 18 42 + x - 9 = | 18:book 42:book +:book x:book -:book 9:book =:book
EXPR: 0 | POS | INT | 12 | 60 | 33 | (18+x)=(9+42) | 18 x + 9 42 + = | 18:book x:book +:book 9:book 42:book +:book =:book
EXPR: 0 | POS | INT | 12 | 60 | 33 | ((x+18)-42)=9 | x 18 + 42 - 9 = | x:book 18:book +:book 42:book -:book 9:book =:book
EXPR: 0 | POS | INT | 12 | 60 | 33 | (x+18)=(9+42) | x 18 + 9 42 + = | x:book 18:book +:book 9:book 42:book +:book =:book
EXPR: 0 | POS | INT | 12 | 60 | 15 | 18=((42-9)-x) | 18 42 9 - x - = | 18:book 42:book 9:book -:book x:book -:book =:book
EXPR: 0 | POS | INT | 12 | 60 | 69 | (18+9)=(x-42) | 18 9 + x 42 - = | 18:book 9:book +:book x:book 42:book -:book =:book
EXPR: 0 | POS | INT | 12 | 60 | 15 | (18+9)=(42-x) | 18 9 + 42 x - = | 18:book 9:book +:book 42:book x:book -:book =:book
EXPR: 0 | POS | INT | 15 | 60 | 15 | x=((42-18)-9) | x 42 18 - 9 - = | x:book 42:book 18:book -:book 9:book -:book =:book
EXPR: 0 | POS | INT | 15 | 60 | 33 | x=((42-18)+9) | x 42 18 - 9 + = | x:book 42:book 18:book -:book 9:book +:book =:book
EXPR: 0 | POS | INT | 15 | 60 | 51 | x=(42+(18-9)) | x 42 18 9 - + = | x:book 42:book 18:book 9:book -:book +:book =:book
EXPR: 0 | POS | INT | 15 | 60 | 33 | x=(42-(18-9)) | x 42 18 9 - - = | x:book 42:book 18:book 9:book -:book -:book =:book
EXPR: 0 | POS | INT | 15 | 60 | 15 | x=(42-(18+9)) | x 42 18 9 + - = | x:book 42:book 18:book 9:book +:book -:book =:book
EXPR: 0 | POS | INT | 15 | 60 | 69 | x=(42+(18+9)) | x 42 18 9 + + = | x:book 42:book 18:book 9:book +:book +:book =:book
EXPR: 0 | POS | INT | 16 | 60 | 15 | x=((42-18)-9) | x 42 18 - 9 - = | x:book 42:book 18:book -:book 9:book -:book =:book
EXPR: 0 | POS | INT | 16 | 60 | 33 | x=((42-18)+9) | x 42 18 - 9 + = | x:book 42:book 18:book -:book 9:book +:book =:book
EXPR: 0 | POS | INT | 16 | 60 | 51 | x=(42+(18-9)) | x 42 18 9 - + = | x:book 42:book 18:book 9:book -:book +:book =:book
EXPR: 0 | POS | INT | 16 | 60 | 33 | x=(42-(18-9)) | x 42 18 9 - - = | x:book 42:book 18:book 9:book -:book -:book =:book
EXPR: 0 | POS | INT | 16 | 60 | 15 | x=(42-(18+9)) | x 42 18 9 + - = | x:book 42:book 18:book 9:book +:book -:book =:book
EXPR: 0 | POS | INT | 16 | 60 | 69 | x=(42+(18+9)) | x 42 18 9 + + = | x:book 42:book 18:book 9:book +:book +:book =:book
EXPR: 0 | POS | INT | 17 | 60 | 51 | (42-(x-18))=9 | 42 x 18 - - 9 = | 42:book x:book 18:book -:book -:book 9:book =:book
EXPR: 0 | POS | INT | 17 | 60 | 33 | ((x-42)+18)=9 | x 42 - 18 + 9 = | x:book 42:book -:book 18:book +:book 9:book =:book
EXPR: 0 | POS | INT | 17 | 60 | 33 | (x-(42-18))=9 | x 42 18 - - 9 = | x:book 42:book 18:book -:book -:book 9:book =:book
EXPR: 0 | POS | INT | 17 | 60 | 51 | (42+(18-x))=9 | 42 18 x - + 9 = | 42:book 18:book x:book -:book +:book 9:book =:book
EXPR: 0 | POS | INT | 17 | 60 | 33 | 42=(18-(9-x)) | 42 18 9 x - - = | 42:book 18:book 9:book x:book -:book -:book =:book
EXPR: 0 | POS | INT | 17 | 60 | 15 | (42-(18+x))=9 | 42 18 x + - 9 = | 42:book 18:book x:book +:book -:book 9:book =:book
EXPR: 0 | POS | INT | 17 | 60 | 15 | ((42-x)-18)=9 | 42 x - 18 - 9 = | 42:book x:book -:book 18:book -:book 9:book =:book
EXPR: 0 | POS | INT | 17 | 60 | 33 | 42=((18+x)-9) | 42 18 x + 9 - = | 42:book 18:book x:book +:book 9:book -:book =:book
EXPR: 0 | POS | INT | 17 | 60 | 15 | 42=(18+(9+x)) | 42 18 9 x + + = | 42:book 18:book 9:book x:book +:book +:book =:book
EXPR: 0 | POS | INT | 17 | 60 | 69 | ((x-42)-18)=9 | x 42 - 18 - 9 = | x:book 42:book -:book 18:book -:book 9:book =:book
EXPR: 0 | POS | INT | 17 | 60 | 15 | (42-(x+18))=9 | 42 x 18 + - 9 = | 42:book x:book 18:book +:book -:book 9:book =:book
EXPR: 0 | POS | INT | 17 | 60 | 51 | 42=((x-18)+9) | 42 x 18 - 9 + = | 42:book x:book 18:book -:book 9:book +:book =:book
EXPR: 0 | POS | INT | 17 | 60 | 69 | 42=((x-18)-9) | 42 x 18 - 9 - = | 42:book x:book 18:book -:book 9:book -:book =:book
EXPR: 0 | POS | INT | 17 | 60 | 15 | ((42-18)-x)=9 | 42 18 - x - 9 = | 42:book 18:book -:book x:book -:book 9:book =:book
EXPR: 0 | POS | INT | 17 | 60 | 51 | ((42-x)+18)=9 | 42 x - 18 + 9 = | 42:book x:book -:book 18:book +:book 9:book =:book
EXPR: 0 | POS | INT | 17 | 60 | 15 | 42=((18+x)+9) | 42 18 x + 9 + = | 42:book 18:book x:book +:book 9:book +:book =:book
EXPR: 0 | POS | INT | 17 | 60 | 33 | 42=((x+18)-9) | 42 x 18 + 9 - = | 42:book x:book 18:book +:book 9:book -:book =:book
EXPR: 0 | POS | INT | 17 | 60 | 33 | 42=(18+(x-9)) | 42 18 x 9 - + = | 42:book 18:book x:book 9:book -:book +:book =:book
EXPR: 0 | POS | INT | 17 | 60 | 69 | 42=(x-(18+9)) | 42 x 18 9 + - = | 42:book x:book 18:book 9:book +:book -:book =:book
EXPR: 0 | POS | INT | 17 | 60 | 15 | 42=((x+18)+9) | 42 x 18 + 9 + = | 42:book x:book 18:book +:book 9:book +:book =:book
EXPR: 0 | POS | INT | 17 | 60 | 15 | 42=(18+(x+9)) | 42 18 x 9 + + = | 42:book 18:book x:book 9:book +:book +:book =:book
EXPR: 0 | POS | INT | 17 | 60 | 33 | 42=((18-9)+x) | 42 18 9 - x + = | 42:book 18:book 9:book -:book x:book +:book =:book
EXPR: 0 | POS | INT | 17 | 60 | 15 | 42=(x+(18+9)) | 42 x 18 9 + + = | 42:book x:book 18:book 9:book +:book +:book =:book
EXPR: 0 | POS | INT | 17 | 60 | 33 | 42=(x+(18-9)) | 42 x 18 9 - + = | 42:book x:book 18:book 9:book -:book +:book =:book
EXPR: 0 | POS | INT | 17 | 60 | 51 | 42=(x-(18-9)) | 42 x 18 9 - - = | 42:book x:book 18:book 9:book -:book -:book =:book
EXPR: 0 | POS | INT | 17 | 60 | 15 | 42=((18+9)+x) | 42 18 9 + x + = | 42:book 18:book 9:book +:book x:book +:book =:book
EXPR: 0 | POS | INT | 22 | 60 | 33 | (18-42)=(9-x) | 18 42 - 9 x - = | 18:book 42:book -:book 9:book x:book -:book =:book
EXPR: 0 | POS | INT | 22 | 60 | 51 | (x+9)=(18+42) | x 9 + 18 42 + = | x:book 9:book +:book 18:book 42:book +:book =:book
EXPR: 0 | POS | INT | 22 | 60 | 15 | (x+18)=(42-9) | x 18 + 42 9 - = | x:book 18:book +:book 42:book 9:book -:book =:book
EXPR: 0 | POS | INT | 22 | 60 | 51 | (x-18)=(42-9) | x 18 - 42 9 - = | x:book 18:book -:book 42:book 9:book -:book =:book
EXPR: 0 | POS | INT | 22 | 60 | 69 | (x-9)=(18+42) | x 9 - 18 42 + = | x:book 9:book -:book 18:book 42:book +:book =:book
EXPR: 0 | POS | INT | 22 | 60 | 33 | (9-x)=(18-42) | 9 x - 18 42 - = | 9:book x:book -:book 18:book 42:book -:book =:book
EXPR: 0 | POS | INT | 22 | 60 | 51 | (9-18)=(42-x) | 9 18 - 42 x - = | 9:book 18:book -:book 42:book x:book -:book =:book
EXPR: 0 | POS | INT | 22 | 60 | 33 | (9-18)=(x-42) | 9 18 - x 42 - = | 9:book 18:book -:book x:book 42:book -:book =:book
EXPR: 0 | POS | INT | 22 | 60 | 15 | (18+x)=(42-9) | 18 x + 42 9 - = | 18:book x:book +:book 42:book 9:book -:book =:book
EXPR: 0 | POS | INT | 22 | 60 | 51 | (9+x)=(18+42) | 9 x + 18 42 + = | 9:book x:book +:book 18:book 42:book +:book =:book
EXPR: 0 | POS | INT | 22 | 60 | 69 | (18+42)=(x-9) | 18 42 + x 9 - = | 18:book 42:book +:book x:book 9:book -:book =:book
EXPR: 0 | POS | INT | 22 | 60 | 51 | (18+42)=(x+9) | 18 42 + x 9 + = | 18:book 42:book +:book x:book 9:book +:book =:book
EXPR: 0 | POS | INT | 22 | 60 | 51 | (18+42)=(9+x) | 18 42 + 9 x + = | 18:book 42:book +:book 9:book x:book +:book =:book
EXPR: 0 | POS | INT | 25 | 60 | 33 | x=((9+42)-18) | x 9 42 + 18 - = | x:book 9:book 42:book +:book 18:book -:book =:book
EXPR: 0 | POS | INT | 25 | 60 | 15 | x=((42-9)-18) | x 42 9 - 18 - = | x:book 42:book 9:book -:book 18:book -:book =:book
EXPR: 0 | POS | INT | 25 | 60 | 69 | x=((9+42)+18) | x 9 42 + 18 + = | x:book 9:book 42:book +:book 18:book +:book =:book
EXPR: 0 | POS | INT | 25 | 60 | 51 | x=((42-9)+18) | x 42 9 - 18 + = | x:book 42:book 9:book -:book 18:book +:book =:book
EXPR: 0 | POS | INT | 25 | 60 | 33 | x=(9+(42-18)) | x 9 42 18 - + = | x:book 9:book 42:book 18:book -:book +:book =:book
EXPR: 0 | POS | INT | 25 | 60 | 33 | x=(42+(9-18)) | x 42 9 18 - + = | x:book 42:book 9:book 18:book -:book +:book =:book
EXPR: 0 | POS | INT | 25 | 60 | 51 | x=(42-(9-18)) | x 42 9 18 - - = | x:book 42:book 9:book 18:book -:book -:book =:book
EXPR: 0 | POS | INT | 26 | 60 | 51 | x=((42-9)+18) | x 42 9 - 18 + = | x:book 42:book 9:book -:book 18:book +:book =:book
EXPR: 0 | POS | INT | 26 | 60 | 15 | x=((42-9)-18) | x 42 9 - 18 - = | x:book 42:book 9:book -:book 18:book -:book =:book
EXPR: 0 | POS | INT | 26 | 60 | 69 | x=((9+42)+18) | x 9 42 + 18 + = | x:book 9:book 42:book +:book 18:book +:book =:book
EXPR: 0 | POS | INT | 26 | 60 | 33 | x=(9+(42-18)) | x 9 42 18 - + = | x:book 9:book 42:book 18:book -:book +:book =:book
EXPR: 0 | POS | INT | 26 | 60 | 33 | x=((9+42)-18) | x 9 42 + 18 - = | x:book 9:book 42:book +:book 18:book -:book =:book
EXPR: 0 | POS | INT | 26 | 60 | 33 | x=(42+(9-18)) | x 42 9 18 - + = | x:book 42:book 9:book 18:book -:book +:book =:book
EXPR: 0 | POS | INT | 26 | 60 | 51 | x=(42-(9-18)) | x 42 9 18 - - = | x:book 42:book 9:book 18:book -:book -:book =:book
EXPR: 0 | POS | INT | 27 | 60 | 15 | ((42-x)-9)=18 | 42 x - 9 - 18 = | 42:book x:book -:book 9:book -:book 18:book =:book
EXPR: 0 | POS | INT | 27 | 60 | 33 | ((9-x)+42)=18 | 9 x - 42 + 18 = | 9:book x:book -:book 42:book +:book 18:book =:book
EXPR: 0 | POS | INT | 27 | 60 | 69 | (x-42)=(18+9) | x 42 - 18 9 + = | x:book 42:book -:book 18:book 9:book +:book =:book
EXPR: 0 | POS | INT | 27 | 60 | 33 | ((42-x)+9)=18 | 42 x - 9 + 18 = | 42:book x:book -:book 9:book +:book 18:book =:book
EXPR: 0 | POS | INT | 27 | 60 | 51 | ((x-42)+9)=18 | x 42 - 9 + 18 = | x:book 42:book -:book 9:book +:book 18:book =:book
EXPR: 0 | POS | INT | 27 | 60 | 15 | 42=(9+(x+18)) | 42 9 x 18 + + = | 42:book 9:book x:book 18:book +:book +:book =:book
EXPR: 0 | POS | INT | 27 | 60 | 33 | (42-(x-9))=18 | 42 x 9 - - 18 = | 42:book x:book 9:book -:book -:book 18:book =:book
EXPR: 0 | POS | INT | 27 | 60 | 69 | (x-(9+42))=18 | x 9 42 + - 18 = | x:book 9:book 42:book +:book -:book 18:book =:book
EXPR: 0 | POS | INT | 27 | 60 | 15 | (42-18)=(9+x) | 42 18 - 9 x + = | 42:book 18:book -:book 9:book x:book +:book =:book
EXPR: 0 | POS | INT | 27 | 60 | 51 | (x-(42-9))=18 | x 42 9 - - 18 = | x:book 42:book 9:book -:book -:book 18:book =:book
EXPR: 0 | POS | INT | 27 | 60 | 51 | (x+(9-42))=18 | x 9 42 - + 18 = | x:book 9:book 42:book -:book +:book 18:book =:book
EXPR: 0 | POS | INT | 27 | 60 | 33 | (42+(9-x))=18 | 42 9 x - + 18 = | 42:book 9:book x:book -:book +:book 18:book =:book
EXPR: 0 | POS | INT | 27 | 60 | 51 | (x-42)=(18-9) | x 42 - 18 9 - = | x:book 42:book -:book 18:book 9:book -:book =:book
EXPR: 0 | POS | INT | 27 | 60 | 69 | ((x-42)-9)=18 | x 42 - 9 - 18 = | x:book 42:book -:book 9:book -:book 18:book =:book
EXPR: 0 | POS | INT | 27 | 60 | 69 | ((x-9)-42)=18 | x 9 - 42 - 18 = | x:book 9:book -:book 42:book -:book 18:book =:book
EXPR: 0 | POS | INT | 27 | 60 | 51 | 42=((9+x)-18) | 42 9 x + 18 - = | 42:book 9:book x:book +:book 18:book -:book =:book
EXPR: 0 | POS | INT | 27 | 60 | 15 | (42-x)=(18+9) | 42 x - 18 9 + = | 42:book x:book -:book 18:book 9:book +:book =:book
EXPR: 0 | POS | INT | 27 | 60 | 15 | 42=((9+x)+18) | 42 9 x + 18 + = | 42:book 9:book x:book +:book 18:book +:book =:book
EXPR: 0 | POS | INT | 27 | 60 | 15 | 9=(42-(x+18)) | 9 42 x 18 + - = | 9:book 42:book x:book 18:book +:book -:book =:book
EXPR: 0 | POS | INT | 27 | 60 | 69 | 9=((x-42)-18) | 9 x 42 - 18 - = | 9:book x:book 42:book -:book 18:book -:book =:book
EXPR: 0 | POS | INT | 27 | 60 | 33 | (9-(x-42))=18 | 9 x 42 - - 18 = | 9:book x:book 42:book -:book -:book 18:book =:book
EXPR: 0 | POS | INT | 27 | 60 | 15 | (42-(x+9))=18 | 42 x 9 + - 18 = | 42:book x:book 9:book +:book -:book 18:book =:book
EXPR: 0 | POS | INT | 27 | 60 | 33 | 42=((x-9)+18) | 42 x 9 - 18 + = | 42:book x:book 9:book -:book 18:book +:book =:book
EXPR: 0 | POS | INT | 27 | 60 | 51 | 42=(9-(18-x)) | 42 9 18 x - - = | 42:book 9:book 18:book x:book -:book -:book =:book
EXPR: 0 | POS | INT | 27 | 60 | 69 | 42=((x-9)-18) | 42 x 9 - 18 - = | 42:book x:book 9:book -:book 18:book -:book =:book
EXPR: 0 | POS | INT | 27 | 60 | 15 | (42-18)=(x+9) | 42 18 - x 9 + = | 42:book 18:book -:book x:book 9:book +:book =:book
EXPR: 0 | POS | INT | 27 | 60 | 33 | (9+(42-x))=18 | 9 42 x - + 18 = | 9:book 42:book x:book -:book +:book 18:book =:book
EXPR: 0 | POS | INT | 27 | 60 | 33 | 9=((x-42)+18) | 9 x 42 - 18 + = | 9:book x:book 42:book -:book 18:book +:book =:book
EXPR: 0 | POS | INT | 27 | 60 | 15 | ((42-9)-x)=18 | 42 9 - x - 18 = | 42:book 9:book -:book x:book -:book 18:book =:book
EXPR: 0 | POS | INT | 27 | 60 | 33 | (42-18)=(x-9) | 42 18 - x 9 - = | 42:book 18:book -:book x:book 9:book -:book =:book
EXPR: 0 | POS | INT | 27 | 60 | 15 | 42=(9+(18+x)) | 42 9 18 x + + = | 42:book 9:book 18:book x:book +:book +:book =:book
EXPR: 0 | POS | INT | 27 | 60 | 51 | 42=((x+9)-18) | 42 x 9 + 18 - = | 42:book x:book 9:book +:book 18:book -:book =:book
EXPR: 0 | POS | INT | 27 | 60 | 51 | 42=(9+(x-18)) | 42 9 x 18 - + = | 42:book 9:book x:book 18:book -:book +:book =:book
EXPR: 0 | POS | INT | 27 | 60 | 33 | (42-x)=(18-9) | 42 x - 18 9 - = | 42:book x:book -:book 18:book 9:book -:book =:book
EXPR: 0 | POS | INT | 27 | 60 | 15 | 9=(42-(18+x)) | 9 42 18 x + - = | 9:book 42:book 18:book x:book +:book -:book =:book
EXPR: 0 | POS | INT | 27 | 60 | 15 | (42-(9+x))=18 | 42 9 x + - 18 = | 42:book 9:book x:book +:book -:book 18:book =:book
EXPR: 0 | POS | INT | 27 | 60 | 51 | (9-(42-x))=18 | 9 42 x - - 18 = | 9:book 42:book x:book -:book -:book 18:book =:book
EXPR: 0 | POS | INT | 27 | 60 | 51 | 9=(42-(x-18)) | 9 42 x 18 - - = | 9:book 42:book x:book 18:book -:book -:book =:book
EXPR: 0 | POS | INT | 27 | 60 | 51 | 9=(42+(18-x)) | 9 42 18 x - + = | 9:book 42:book 18:book x:book -:book +:book =:book
EXPR: 0 | POS | INT | 27 | 60 | 33 | 9=(x-(42-18)) | 9 x 42 18 - - = | 9:book x:book 42:book 18:book -:book -:book =:book
EXPR: 0 | POS | INT | 27 | 60 | 15 | 42=((x+9)+18) | 42 x 9 + 18 + = | 42:book x:book 9:book +:book 18:book +:book =:book
EXPR: 0 | POS | INT | 27 | 60 | 51 | ((9+x)-42)=18 | 9 x + 42 - 18 = | 9:book x:book +:book 42:book -:book 18:book =:book
EXPR: 0 | POS | INT | 27 | 60 | 51 | 9=((42-x)+18) | 9 42 x - 18 + = | 9:book 42:book x:book -:book 18:book +:book =:book
EXPR: 0 | POS | INT | 27 | 60 | 51 | 42=(x+(9-18)) | 42 x 9 18 - + = | 42:book x:book 9:book 18:book -:book +:book =:book
EXPR: 0 | POS | INT | 27 | 60 | 33 | ((9+42)-x)=18 | 9 42 + x - 18 = | 9:book 42:book +:book x:book -:book 18:book =:book
EXPR: 0 | POS | INT | 27 | 60 | 51 | (9+(x-42))=18 | 9 x 42 - + 18 = | 9:book x:book 42:book -:book +:book 18:book =:book
EXPR: 0 | POS | INT | 27 | 60 | 51 | ((x+9)-42)=18 | x 9 + 42 - 18 = | x:book 9:book +:book 42:book -:book 18:book =:book
EXPR: 0 | POS | INT | 27 | 60 | 51 | 42=((9-18)+x) | 42 9 18 - x + = | 42:book 9:book 18:book -:book x:book +:book =:book
EXPR: 0 | POS | INT | 27 | 60 | 33 | 42=(x-(9-18)) | 42 x 9 18 - - = | 42:book x:book 9:book 18:book -:book -:book =:book
EXPR: 0 | POS | INT | 27 | 60 | 51 | ((9-42)+x)=18 | 9 42 - x + 18 = | 9:book 42:book -:book x:book +:book 18:book =:book
EXPR: 0 | POS | INT | 27 | 60 | 15 | 9=((42-x)-18) | 9 42 x - 18 - = | 9:book 42:book x:book -:book 18:book -:book =:book
EXPR: 0 | POS | INT | 27 | 60 | 15 | 9=((42-18)-x) | 9 42 18 - x - = | 9:book 42:book 18:book -:book x:book -:book =:book
EXPR: 0 | POS | INT | 37 | 60 | 33 | (x-42)=(9-18) | x 42 - 9 18 - = | x:book 42:book -:book 9:book 18:book -:book =:book
EXPR: 0 | POS | INT | 37 | 60 | 15 | (x+9)=(42-18) | x 9 + 42 18 - = | x:book 9:book +:book 42:book 18:book -:book =:book
EXPR: 0 | POS | INT | 37 | 60 | 51 | (42-x)=(9-18) | 42 x - 9 18 - = | 42:book x:book -:book 9:book 18:book -:book =:book
EXPR: 0 | POS | INT | 37 | 60 | 15 | (42-9)=(18+x) | 42 9 - 18 x + = | 42:book 9:book -:book 18:book x:book +:book =:book
EXPR: 0 | POS | INT | 37 | 60 | 51 | (9-42)=(18-x) | 9 42 - 18 x - = | 9:book 42:book -:book 18:book x:book -:book =:book
EXPR: 0 | POS | INT | 37 | 60 | 15 | (42-9)=(x+18) | 42 9 - x 18 + = | 42:book 9:book -:book x:book 18:book +:book =:book
EXPR: 0 | POS | INT | 37 | 60 | 33 | (x-9)=(42-18) | x 9 - 42 18 - = | x:book 9:book -:book 42:book 18:book -:book =:book
EXPR: 0 | POS | INT | 37 | 60 | 51 | (42-9)=(x-18) | 42 9 - x 18 - = | 42:book 9:book -:book x:book 18:book -:book =:book
EXPR: 0 | POS | INT | 37 | 60 | 15 | (9+x)=(42-18) | 9 x + 42 18 - = | 9:book x:book +:book 42:book 18:book -:book =:book
EXPR: 0 | POS | INT | 37 | 60 | 69 | (9+42)=(x-18) | 9 42 + x 18 - = | 9:book 42:book +:book x:book 18:book -:book =:book
EXPR: 0 | POS | INT | 37 | 60 | 33 | (9+42)=(x+18) | 9 42 + x 18 + = | 9:book 42:book +:book x:book 18:book +:book =:book
EXPR: 0 | POS | INT | 37 | 60 | 33 | (9+42)=(18+x) | 9 42 + 18 x + = | 9:book 42:book +:book 18:book x:book +:book =:book
NET 232 non-negative, integer-valued solutions found out of 408 total solutions
