parameters: n=7 l=3 k=1 p=5 q=1 m=9
TOTAL 408 solutions found
SOLN: CORRECT | POS/NEG | INT/FRA | OBJ-SCORE | TRUE-ANS | ANS | INFIX | POSTFIX | TYPED-POSTFIX
EXPR: 0 | POS | INT | 0 | 12 | 21 | x=(30+(9-18)) | x 30 9 18 - + = | x:card 30:card 9:card 18:card -:card +:card =:card
EXPR: 0 | POS | INT | 0 | 12 | 39 | x=(30-(9-18)) | x 30 9 18 - - = | x:card 30:card 9:card 18:card -:card -:card =:card
EXPR: 0 | POS | INT | 0 | 12 | 57 | x=(30+(9+18)) | x 30 9 18 + + = | x:card 30:card 9:card 18:card +:card +:card =:card
EXPR: 0 | POS | INT | 0 | 12 | 3 | x=(30-(9+18)) | x 30 9 18 + - = | x:card 30:card 9:card 18:card +:card -:card =:card
EXPR: 0 | POS | INT | 0 | 12 | 39 | x=((30-9)+18) | x 30 9 - 18 + = | x:card 30:card 9:card -:card 18:card +:card =:card
EXPR: 0 | POS | INT | 0 | 12 | 3 | x=((30-9)-18) | x 30 9 - 18 - = | x:card 30:card 9:card -:card 18:card -:card =:card
EXPR: 0 | POS | INT | 0 | 12 | 21 | x=((30+9)-18) | x 30 9 + 18 - = | x:card 30:card 9:card +:card 18:card -:card =:card
EXPR: 0 | POS | INT | 0 | 12 | 57 | x=((30+9)+18) | x 30 9 + 18 + = | x:card 30:card 9:card +:card 18:card +:card =:card
EXPR: 0 | POS | INT | 1 | 12 | 21 | x=(30+(9-18)) | x 30 9 18 - + = | x:card 30:card 9:card 18:card -:card +:card =:card
EXPR: 0 | POS | INT | 1 | 12 | 39 | x=(30-(9-18)) | x 30 9 18 - - = | x:card 30:card 9:card 18:card -:card -:card =:card
EXPR: 0 | POS | INT | 1 | 12 | 3 | x=(30-(9+18)) | x 30 9 18 + - = | x:card 30:card 9:card 18:card +:card -:card =:card
EXPR: 0 | POS | INT | 1 | 12 | 39 | x=((30-9)+18) | x 30 9 - 18 + = | x:card 30:card 9:card -:card 18:card +:card =:card
EXPR: 0 | POS | INT | 1 | 12 | 57 | x=(30+(9+18)) | x 30 9 18 + + = | x:card 30:card 9:card 18:card +:card +:card =:card
EXPR: 0 | POS | INT | 1 | 12 | 3 | x=((30-9)-18) | x 30 9 - 18 - = | x:card 30:card 9:card -:card 18:card -:card =:card
EXPR: 0 | POS | INT | 1 | 12 | 57 | x=((30+9)+18) | x 30 9 + 18 + = | x:card 30:card 9:card +:card 18:card +:card =:card
EXPR: 0 | POS | INT | 1 | 12 | 21 | x=((30+9)-18) | x 30 9 + 18 - = | x:card 30:card 9:card +:card 18:card -:card =:card
EXPR: 0 | POS | INT | 2 | 12 | 39 | ((x-30)+9)=18 | x 30 - 9 + 18 = | x:card 30:card -:card 9:card +:card 18:card =:card
EXPR: 0 | POS | INT | 2 | 12 | 3 | ((30-x)-9)=18 | 30 x - 9 - 18 = | 30:card x:card -:card 9:card -:card 18:card =:card
EXPR: 0 | POS | INT | 2 | 12 | 39 | (x-(30-9))=18 | x 30 9 - - 18 = | x:card 30:card 9:card -:card -:card 18:card =:card
EXPR: 0 | POS | INT | 2 | 12 | 3 | 30=(9+(x+18)) | 30 9 x 18 + + = | 30:card 9:card x:card 18:card +:card +:card =:card
EXPR: 0 | POS | INT | 2 | 12 | 57 | (x-(30+9))=18 | x 30 9 + - 18 = | x:card 30:card 9:card +:card -:card 18:card =:card
EXPR: 0 | POS | INT | 2 | 12 | 21 | (30+(9-x))=18 | 30 9 x - + 18 = | 30:card 9:card x:card -:card +:card 18:card =:card
EXPR: 0 | POS | INT | 2 | 12 | 57 | ((x-30)-9)=18 | x 30 - 9 - 18 = | x:card 30:card -:card 9:card -:card 18:card =:card
EXPR: 0 | POS | INT | 2 | 12 | 3 | (30-(9+x))=18 | 30 9 x + - 18 = | 30:card 9:card x:card +:card -:card 18:card =:card
EXPR: 0 | POS | INT | 2 | 12 | 21 | (30-(x-9))=18 | 30 x 9 - - 18 = | 30:card x:card 9:card -:card -:card 18:card =:card
EXPR: 0 | POS | INT | 2 | 12 | 21 | ((30-x)+9)=18 | 30 x - 9 + 18 = | 30:card x:card -:card 9:card +:card 18:card =:card
EXPR: 0 | POS | INT | 2 | 12 | 21 | 30=((x-9)+18) | 30 x 9 - 18 + = | 30:card x:card 9:card -:card 18:card +:card =:card
EXPR: 0 | POS | INT | 2 | 12 | 39 | 30=((x+9)-18) | 30 x 9 + 18 - = | 30:card x:card 9:card +:card 18:card -:card =:card
EXPR: 0 | POS | INT | 2 | 12 | 57 | 30=((x-9)-18) | 30 x 9 - 18 - = | 30:card x:card 9:card -:card 18:card -:card =:card
EXPR: 0 | POS | INT | 2 | 12 | 3 | ((30-9)-x)=18 | 30 9 - x - 18 = | 30:card 9:card -:card x:card -:card 18:card =:card
EXPR: 0 | POS | INT | 2 | 12 | 39 | 30=(9-(18-x)) | 30 9 18 x - - = | 30:card 9:card 18:card x:card -:card -:card =:card
EXPR: 0 | POS | INT | 2 | 12 | 3 | (30-(x+9))=18 | 30 x 9 + - 18 = | 30:card x:card 9:card +:card -:card 18:card =:card
EXPR: 0 | POS | INT | 2 | 12 | 3 | 30=(9+(18+x)) | 30 9 18 x + + = | 30:card 9:card 18:card x:card +:card +:card =:card
EXPR: 0 | POS | INT | 2 | 12 | 39 | 30=(x+(9-18)) | 30 x 9 18 - + = | 30:card x:card 9:card 18:card -:card +:card =:card
EXPR: 0 | POS | INT | 2 | 12 | 21 | 30=(x-(9-18)) | 30 x 9 18 - - = | 30:card x:card 9:card 18:card -:card -:card =:card
EXPR: 0 | POS | INT | 2 | 12 | 57 | 30=(x-(9+18)) | 30 x 9 18 + - = | 30:card x:card 9:card 18:card +:card -:card =:card
EXPR: 0 | POS | INT | 2 | 12 | 3 | 30=((x+9)+18) | 30 x 9 + 18 + = | 30:card x:card 9:card +:card 18:card +:card =:card
EXPR: 0 | POS | INT | 2 | 12 | 39 | 30=(9+(x-18)) | 30 9 x 18 - + = | 30:card 9:card x:card 18:card -:card +:card =:card
EXPR: 0 | POS | INT | 2 | 12 | 39 | 30=((9+x)-18) | 30 9 x + 18 - = | 30:card 9:card x:card +:card 18:card -:card =:card
EXPR: 0 | POS | INT | 2 | 12 | 21 | ((30+9)-x)=18 | 30 9 + x - 18 = | 30:card 9:card +:card x:card -:card 18:card =:card
EXPR: 0 | POS | INT | 2 | 12 | 3 | 30=((9+x)+18) | 30 9 x + 18 + = | 30:card 9:card x:card +:card 18:card +:card =:card
EXPR: 0 | POS | INT | 2 | 12 | 3 | 30=(x+(9+18)) | 30 x 9 18 + + = | 30:card x:card 9:card 18:card +:card +:card =:card
EXPR: 0 | POS | INT | 2 | 12 | 39 | 30=((9-18)+x) | 30 9 18 - x + = | 30:card 9:card 18:card -:card x:card +:card =:card
EXPR: 0 | POS | INT | 2 | 12 | 3 | 30=((9+18)+x) | 30 9 18 + x + = | 30:card 9:card 18:card +:card x:card +:card =:card
EXPR: 0 | POS | INT | 10 | 12 | 21 | x=(9+(30-18)) | x 9 30 18 - + = | x:card 9:card 30:card 18:card -:card +:card =:card
EXPR: 0 | POS | INT | 10 | 12 | 39 | x=((30+18)-9) | x 30 18 + 9 - = | x:card 30:card 18:card +:card 9:card -:card =:card
EXPR: 0 | POS | INT | 10 | 12 | 3 | x=((30-18)-9) | x 30 18 - 9 - = | x:card 30:card 18:card -:card 9:card -:card =:card
EXPR: 0 | POS | INT | 10 | 12 | 57 | x=((30+18)+9) | x 30 18 + 9 + = | x:card 30:card 18:card +:card 9:card +:card =:card
EXPR: 0 | POS | INT | 10 | 12 | 21 | x=(30-(18-9)) | x 30 18 9 - - = | x:card 30:card 18:card 9:card -:card -:card =:card
EXPR: 0 | POS | INT | 10 | 12 | 57 | x=(9+(30+18)) | x 9 30 18 + + = | x:card 9:card 30:card 18:card +:card +:card =:card
EXPR: 0 | POS | INT | 10 | 12 | 39 | x=(30+(18-9)) | x 30 18 9 - + = | x:card 30:card 18:card 9:card -:card +:card =:card
EXPR: 0 | POS | INT | 10 | 12 | 21 | x=((30-18)+9) | x 30 18 - 9 + = | x:card 30:card 18:card -:card 9:card +:card =:card
EXPR: 0 | POS | INT | 11 | 12 | 21 | x=(9+(30-18)) | x 9 30 18 - + = | x:card 9:card 30:card 18:card -:card +:card =:card
EXPR: 0 | POS | INT | 11 | 12 | 39 | x=((30+18)-9) | x 30 18 + 9 - = | x:card 30:card 18:card +:card 9:card -:card =:card
EXPR: 0 | POS | INT | 11 | 12 | 57 | x=((30+18)+9) | x 30 18 + 9 + = | x:card 30:card 18:card +:card 9:card +:card =:card
EXPR: 0 | POS | INT | 11 | 12 | 3 | x=((30-18)-9) | x 30 18 - 9 - = | x:card 30:card 18:card -:card 9:card -:card =:card
EXPR: 0 | POS | INT | 11 | 12 | 21 | x=(30-(18-9)) | x 30 18 9 - - = | x:card 30:card 18:card 9:card -:card -:card =:card
EXPR: 0 | POS | INT | 11 | 12 | 57 | x=(9+(30+18)) | x 9 30 18 + + = | x:card 9:card 30:card 18:card +:card +:card =:card
EXPR: 0 | POS | INT | 11 | 12 | 39 | x=(30+(18-9)) | x 30 18 9 - + = | x:card 30:card 18:card 9:card -:card +:card =:card
EXPR: 0 | POS | INT | 11 | 12 | 21 | x=((30-18)+9) | x 30 18 - 9 + = | x:card 30:card 18:card -:card 9:card +:card =:card
EXPR: 0 | POS | INT | 12 | 12 | 3 | ((30-x)-18)=9 | 30 x - 18 - 9 = | 30:card x:card -:card 18:card -:card 9:card =:card
EXPR: 0 | POS | INT | 12 | 12 | 39 | 9=((30-x)+18) | 9 30 x - 18 + = | 9:card 30:card x:card -:card 18:card +:card =:card
EXPR: 0 | POS | INT | 12 | 12 | 3 | 9=((30-x)-18) | 9 30 x - 18 - = | 9:card 30:card x:card -:card 18:card -:card =:card
EXPR: 0 | POS | INT | 12 | 12 | 39 | ((30-x)+18)=9 | 30 x - 18 + 9 = | 30:card x:card -:card 18:card +:card 9:card =:card
EXPR: 0 | POS | INT | 12 | 12 | 57 | (x-30)=(9+18) | x 30 - 9 18 + = | x:card 30:card -:card 9:card 18:card +:card =:card
EXPR: 0 | POS | INT | 12 | 12 | 39 | 9=(30-(x-18)) | 9 30 x 18 - - = | 9:card 30:card x:card 18:card -:card -:card =:card
EXPR: 0 | POS | INT | 12 | 12 | 21 | (x-(30-18))=9 | x 30 18 - - 9 = | x:card 30:card 18:card -:card -:card 9:card =:card
EXPR: 0 | POS | INT | 12 | 12 | 3 | 30=(18+(x+9)) | 30 18 x 9 + + = | 30:card 18:card x:card 9:card +:card +:card =:card
EXPR: 0 | POS | INT | 12 | 12 | 57 | ((x-9)-30)=18 | x 9 - 30 - 18 = | x:card 9:card -:card 30:card -:card 18:card =:card
EXPR: 0 | POS | INT | 12 | 12 | 57 | (x-(30+18))=9 | x 30 18 + - 9 = | x:card 30:card 18:card +:card -:card 9:card =:card
EXPR: 0 | POS | INT | 12 | 12 | 39 | (x+(9-30))=18 | x 9 30 - + 18 = | x:card 9:card 30:card -:card +:card 18:card =:card
EXPR: 0 | POS | INT | 12 | 12 | 3 | (30-x)=(9+18) | 30 x - 9 18 + = | 30:card x:card -:card 9:card 18:card +:card =:card
EXPR: 0 | POS | INT | 12 | 12 | 3 | (30-9)=(18+x) | 30 9 - 18 x + = | 30:card 9:card -:card 18:card x:card +:card =:card
EXPR: 0 | POS | INT | 12 | 12 | 21 | ((x-30)+18)=9 | x 30 - 18 + 9 = | x:card 30:card -:card 18:card +:card 9:card =:card
EXPR: 0 | POS | INT | 12 | 12 | 39 | ((9+x)-30)=18 | 9 x + 30 - 18 = | 9:card x:card +:card 30:card -:card 18:card =:card
EXPR: 0 | POS | INT | 12 | 12 | 3 | (30-(18+x))=9 | 30 18 x + - 9 = | 30:card 18:card x:card +:card -:card 9:card =:card
EXPR: 0 | POS | INT | 12 | 12 | 39 | (9-(30-x))=18 | 9 30 x - - 18 = | 9:card 30:card x:card -:card -:card 18:card =:card
EXPR: 0 | POS | INT | 12 | 12 | 21 | (x-30)=(9-18) | x 30 - 9 18 - = | x:card 30:card -:card 9:card 18:card -:card =:card
EXPR: 0 | POS | INT | 12 | 12 | 57 | ((x-30)-18)=9 | x 30 - 18 - 9 = | x:card 30:card -:card 18:card -:card 9:card =:card
EXPR: 0 | POS | INT | 12 | 12 | 39 | (30-x)=(9-18) | 30 x - 9 18 - = | 30:card x:card -:card 9:card 18:card -:card =:card
EXPR: 0 | POS | INT | 12 | 12 | 3 | 9=(30-(x+18)) | 9 30 x 18 + - = | 9:card 30:card x:card 18:card +:card -:card =:card
EXPR: 0 | POS | INT | 12 | 12 | 21 | (9-(x-30))=18 | 9 x 30 - - 18 = | 9:card x:card 30:card -:card -:card 18:card =:card
EXPR: 0 | POS | INT | 12 | 12 | 39 | 30=((x-18)+9) | 30 x 18 - 9 + = | 30:card x:card 18:card -:card 9:card +:card =:card
EXPR: 0 | POS | INT | 12 | 12 | 21 | 30=((x+18)-9) | 30 x 18 + 9 - = | 30:card x:card 18:card +:card 9:card -:card =:card
EXPR: 0 | POS | INT | 12 | 12 | 39 | 9=((30+18)-x) | 9 30 18 + x - = | 9:card 30:card 18:card +:card x:card -:card =:card
EXPR: 0 | POS | INT | 12 | 12 | 21 | 9=((x-30)+18) | 9 x 30 - 18 + = | 9:card x:card 30:card -:card 18:card +:card =:card
EXPR: 0 | POS | INT | 12 | 12 | 3 | ((30-18)-x)=9 | 30 18 - x - 9 = | 30:card 18:card -:card x:card -:card 9:card =:card
EXPR: 0 | POS | INT | 12 | 12 | 21 | (9+(30-x))=18 | 9 30 x - + 18 = | 9:card 30:card x:card -:card +:card 18:card =:card
EXPR: 0 | POS | INT | 12 | 12 | 39 | (30-(x-18))=9 | 30 x 18 - - 9 = | 30:card x:card 18:card -:card -:card 9:card =:card
EXPR: 0 | POS | INT | 12 | 12 | 3 | (30-9)=(x+18) | 30 9 - x 18 + = | 30:card 9:card -:card x:card 18:card +:card =:card
EXPR: 0 | POS | INT | 12 | 12 | 21 | 30=(18-(9-x)) | 30 18 9 x - - = | 30:card 18:card 9:card x:card -:card -:card =:card
EXPR: 0 | POS | INT | 12 | 12 | 39 | (30-9)=(x-18) | 30 9 - x 18 - = | 30:card 9:card -:card x:card 18:card -:card =:card
EXPR: 0 | POS | INT | 12 | 12 | 39 | 9=(30+(18-x)) | 9 30 18 x - + = | 9:card 30:card 18:card x:card -:card +:card =:card
EXPR: 0 | POS | INT | 12 | 12 | 21 | ((9-x)+30)=18 | 9 x - 30 + 18 = | 9:card x:card -:card 30:card +:card 18:card =:card
EXPR: 0 | POS | INT | 12 | 12 | 39 | ((x+9)-30)=18 | x 9 + 30 - 18 = | x:card 9:card +:card 30:card -:card 18:card =:card
EXPR: 0 | POS | INT | 12 | 12 | 3 | 30=(18+(9+x)) | 30 18 9 x + + = | 30:card 18:card 9:card x:card +:card +:card =:card
EXPR: 0 | POS | INT | 12 | 12 | 57 | 30=((x-18)-9) | 30 x 18 - 9 - = | 30:card x:card 18:card -:card 9:card -:card =:card
EXPR: 0 | POS | INT | 12 | 12 | 21 | 30=(x+(18-9)) | 30 x 18 9 - + = | 30:card x:card 18:card 9:card -:card +:card =:card
EXPR: 0 | POS | INT | 12 | 12 | 3 | (30-(x+18))=9 | 30 x 18 + - 9 = | 30:card x:card 18:card +:card -:card 9:card =:card
EXPR: 0 | POS | INT | 12 | 12 | 3 | 30=((x+18)+9) | 30 x 18 + 9 + = | 30:card x:card 18:card +:card 9:card +:card =:card
EXPR: 0 | POS | INT | 12 | 12 | 57 | 9=((x-30)-18) | 9 x 30 - 18 - = | 9:card x:card 30:card -:card 18:card -:card =:card
EXPR: 0 | POS | INT | 12 | 12 | 21 | 30=(18+(x-9)) | 30 18 x 9 - + = | 30:card 18:card x:card 9:card -:card +:card =:card
EXPR: 0 | POS | INT | 12 | 12 | 3 | 9=(30-(18+x)) | 9 30 18 x + - = | 9:card 30:card 18:card x:card +:card -:card =:card
EXPR: 0 | POS | INT | 12 | 12 | 3 | 9=((30-18)-x) | 9 30 18 - x - = | 9:card 30:card 18:card -:card x:card -:card =:card
EXPR: 0 | POS | INT | 12 | 12 | 21 | 9=(x-(30-18)) | 9 x 30 18 - - = | 9:card x:card 30:card 18:card -:card -:card =:card
EXPR: 0 | POS | INT | 12 | 12 | 39 | ((9-30)+x)=18 | 9 30 - x + 18 = | 9:card 30:card -:card x:card +:card 18:card =:card
EXPR: 0 | POS | INT | 12 | 12 | 39 | 30=(x-(18-9)) | 30 x 18 9 - - = | 30:card x:card 18:card 9:card -:card -:card =:card
EXPR: 0 | POS | INT | 12 | 12 | 57 | 9=(x-(30+18)) | 9 x 30 18 + - = | 9:card x:card 30:card 18:card +:card -:card =:card
EXPR: 0 | POS | INT | 12 | 12 | 21 | 30=((18+x)-9) | 30 18 x + 9 - = | 30:card 18:card x:card +:card 9:card -:card =:card
EXPR: 0 | POS | INT | 12 | 12 | 39 | (9+(x-30))=18 | 9 x 30 - + 18 = | 9:card x:card 30:card -:card +:card 18:card =:card
EXPR: 0 | POS | INT | 12 | 12 | 39 | (30+(18-x))=9 | 30 18 x - + 9 = | 30:card 18:card x:card -:card +:card 9:card =:card
EXPR: 0 | POS | INT | 12 | 12 | 39 | ((30+18)-x)=9 | 30 18 + x - 9 = | 30:card 18:card +:card x:card -:card 9:card =:card
EXPR: 0 | POS | INT | 12 | 12 | 3 | 30=((18+x)+9) | 30 18 x + 9 + = | 30:card 18:card x:card +:card 9:card +:card =:card
EXPR: 0 | POS | INT | 12 | 12 | 21 | 30=((18-9)+x) | 30 18 9 - x + = | 30:card 18:card 9:card -:card x:card +:card =:card
EXPR: 0 | POS | INT | 12 | 12 | 57 | (30+9)=(x-18) | 30 9 + x 18 - = | 30:card 9:card +:card x:card 18:card -:card =:card
EXPR: 0 | POS | INT | 12 | 12 | 21 | (30+9)=(x+18) | 30 9 + x 18 + = | 30:card 9:card +:card x:card 18:card +:card =:card
EXPR: 0 | POS | INT | 12 | 12 | 21 | (30+9)=(18+x) | 30 9 + 18 x + = | 30:card 9:card +:card 18:card x:card +:card =:card
EXPR: 0 | POS | INT | 15 | 12 | 39 | x=(18+(30-9)) | x 18 30 9 - + = | x:card 18:card 30:card 9:card -:card +:card =:card
EXPR: 0 | POS | INT | 15 | 12 | 57 | x=(18+(30+9)) | x 18 30 9 + + = | x:card 18:card 30:card 9:card +:card +:card =:card
EXPR: 0 | POS | INT | 16 | 12 | 39 | x=(18+(30-9)) | x 18 30 9 - + = | x:card 18:card 30:card 9:card -:card +:card =:card
EXPR: 0 | POS | INT | 16 | 12 | 57 | x=(18+(30+9)) | x 18 30 9 + + = | x:card 18:card 30:card 9:card +:card +:card =:card
EXPR: 0 | POS | INT | 17 | 12 | 21 | 18=((30-x)+9) | 18 30 x - 9 + = | 18:card 30:card x:card -:card 9:card +:card =:card
EXPR: 0 | POS | INT | 17 | 12 | 3 | 18=(30-(x+9)) | 18 30 x 9 + - = | 18:card 30:card x:card 9:card +:card -:card =:card
EXPR: 0 | POS | INT | 17 | 12 | 39 | (18-(x-30))=9 | 18 x 30 - - 9 = | 18:card x:card 30:card -:card -:card 9:card =:card
EXPR: 0 | POS | INT | 17 | 12 | 21 | 18=(30+(9-x)) | 18 30 9 x - + = | 18:card 30:card 9:card x:card -:card +:card =:card
EXPR: 0 | POS | INT | 17 | 12 | 21 | (18-(30-x))=9 | 18 30 x - - 9 = | 18:card 30:card x:card -:card -:card 9:card =:card
EXPR: 0 | POS | INT | 17 | 12 | 39 | (18+(30-x))=9 | 18 30 x - + 9 = | 18:card 30:card x:card -:card +:card 9:card =:card
EXPR: 0 | POS | INT | 17 | 12 | 3 | 18=(30-(9+x)) | 18 30 9 x + - = | 18:card 30:card 9:card x:card +:card -:card =:card
EXPR: 0 | POS | INT | 17 | 12 | 57 | ((x-18)-30)=9 | x 18 - 30 - 9 = | x:card 18:card -:card 30:card -:card 9:card =:card
EXPR: 0 | POS | INT | 17 | 12 | 39 | 18=((x-30)+9) | 18 x 30 - 9 + = | 18:card x:card 30:card -:card 9:card +:card =:card
EXPR: 0 | POS | INT | 17 | 12 | 21 | (18+(x-30))=9 | 18 x 30 - + 9 = | 18:card x:card 30:card -:card +:card 9:card =:card
EXPR: 0 | POS | INT | 17 | 12 | 57 | 18=((x-30)-9) | 18 x 30 - 9 - = | 18:card x:card 30:card -:card 9:card -:card =:card
EXPR: 0 | POS | INT | 17 | 12 | 21 | ((18-30)+x)=9 | 18 30 - x + 9 = | 18:card 30:card -:card x:card +:card 9:card =:card
EXPR: 0 | POS | INT | 17 | 12 | 21 | (x+(18-30))=9 | x 18 30 - + 9 = | x:card 18:card 30:card -:card +:card 9:card =:card
EXPR: 0 | POS | INT | 17 | 12 | 39 | ((18-x)+30)=9 | 18 x - 30 + 9 = | 18:card x:card -:card 30:card +:card 9:card =:card
EXPR: 0 | POS | INT | 17 | 12 | 3 | 18=((30-x)-9) | 18 30 x - 9 - = | 18:card 30:card x:card -:card 9:card -:card =:card
EXPR: 0 | POS | INT | 17 | 12 | 21 | ((18+x)-30)=9 | 18 x + 30 - 9 = | 18:card x:card +:card 30:card -:card 9:card =:card
EXPR: 0 | POS | INT | 17 | 12 | 21 | ((x+18)-30)=9 | x 18 + 30 - 9 = | x:card 18:card +:card 30:card -:card 9:card =:card
EXPR: 0 | POS | INT | 17 | 12 | 21 | 18=(30-(x-9)) | 18 30 x 9 - - = | 18:card 30:card x:card 9:card -:card -:card =:card
EXPR: 0 | POS | INT | 17 | 12 | 57 | 18=(x-(30+9)) | 18 x 30 9 + - = | 18:card x:card 30:card 9:card +:card -:card =:card
EXPR: 0 | POS | INT | 17 | 12 | 21 | 18=((30+9)-x) | 18 30 9 + x - = | 18:card 30:card 9:card +:card x:card -:card =:card
EXPR: 0 | POS | INT | 17 | 12 | 39 | 18=(x-(30-9)) | 18 x 30 9 - - = | 18:card x:card 30:card 9:card -:card -:card =:card
EXPR: 0 | POS | INT | 17 | 12 | 3 | 18=((30-9)-x) | 18 30 9 - x - = | 18:card 30:card 9:card -:card x:card -:card =:card
EXPR: 0 | POS | INT | 22 | 12 | 21 | (30-x)=(18-9) | 30 x - 18 9 - = | 30:card x:card -:card 18:card 9:card -:card =:card
EXPR: 0 | POS | INT | 22 | 12 | 3 | (30-18)=(9+x) | 30 18 - 9 x + = | 30:card 18:card -:card 9:card x:card +:card =:card
EXPR: 0 | POS | INT | 22 | 12 | 3 | (x+9)=(30-18) | x 9 + 30 18 - = | x:card 9:card +:card 30:card 18:card -:card =:card
EXPR: 0 | POS | INT | 22 | 12 | 39 | (x+9)=(30+18) | x 9 + 30 18 + = | x:card 9:card +:card 30:card 18:card +:card =:card
EXPR: 0 | POS | INT | 22 | 12 | 39 | (x-30)=(18-9) | x 30 - 18 9 - = | x:card 30:card -:card 18:card 9:card -:card =:card
EXPR: 0 | POS | INT | 22 | 12 | 57 | (x-9)=(30+18) | x 9 - 30 18 + = | x:card 9:card -:card 30:card 18:card +:card =:card
EXPR: 0 | POS | INT | 22 | 12 | 21 | (x-9)=(30-18) | x 9 - 30 18 - = | x:card 9:card -:card 30:card 18:card -:card =:card
EXPR: 0 | POS | INT | 22 | 12 | 3 | (30-18)=(x+9) | 30 18 - x 9 + = | 30:card 18:card -:card x:card 9:card +:card =:card
EXPR: 0 | POS | INT | 22 | 12 | 39 | (9-30)=(18-x) | 9 30 - 18 x - = | 9:card 30:card -:card 18:card x:card -:card =:card
EXPR: 0 | POS | INT | 22 | 12 | 21 | (30-18)=(x-9) | 30 18 - x 9 - = | 30:card 18:card -:card x:card 9:card -:card =:card
EXPR: 0 | POS | INT | 22 | 12 | 3 | (9+x)=(30-18) | 9 x + 30 18 - = | 9:card x:card +:card 30:card 18:card -:card =:card
EXPR: 0 | POS | INT | 22 | 12 | 39 | (9+x)=(30+18) | 9 x + 30 18 + = | 9:card x:card +:card 30:card 18:card +:card =:card
EXPR: 0 | POS | INT | 22 | 12 | 57 | (30+18)=(x-9) | 30 18 + x 9 - = | 30:card 18:card +:card x:card 9:card -:card =:card
EXPR: 0 | POS | INT | 22 | 12 | 39 | (30+18)=(x+9) | 30 18 + x 9 + = | 30:card 18:card +:card x:card 9:card +:card =:card
EXPR: 0 | POS | INT | 22 | 12 | 39 | (30+18)=(9+x) | 30 18 + 9 x + = | 30:card 18:card +:card 9:card x:card +:card =:card
EXPR: 0 | POS | INT | 25 | 12 | 57 | x=((9+18)+30) | x 9 18 + 30 + = | x:card 9:card 18:card +:card 30:card +:card =:card
EXPR: 0 | POS | INT | 25 | 12 | 39 | x=((18-9)+30) | x 18 9 - 30 + = | x:card 18:card 9:card -:card 30:card +:card =:card
EXPR: 0 | POS | INT | 25 | 12 | 21 | x=(9-(18-30)) | x 9 18 30 - - = | x:card 9:card 18:card 30:card -:card -:card =:card
EXPR: 0 | POS | INT | 25 | 12 | 39 | x=(18-(9-30)) | x 18 9 30 - - = | x:card 18:card 9:card 30:card -:card -:card =:card
EXPR: 0 | POS | INT | 25 | 12 | 21 | x=((9-18)+30) | x 9 18 - 30 + = | x:card 9:card 18:card -:card 30:card +:card =:card
EXPR: 0 | POS | INT | 26 | 12 | 39 | x=((18-9)+30) | x 18 9 - 30 + = | x:card 18:card 9:card -:card 30:card +:card =:card
EXPR: 0 | POS | INT | 26 | 12 | 57 | x=((9+18)+30) | x 9 18 + 30 + = | x:card 9:card 18:card +:card 30:card +:card =:card
EXPR: 0 | POS | INT | 26 | 12 | 21 | x=(9-(18-30)) | x 9 18 30 - - = | x:card 9:card 18:card 30:card -:card -:card =:card
EXPR: 0 | POS | INT | 26 | 12 | 39 | x=(18-(9-30)) | x 18 9 30 - - = | x:card 18:card 9:card 30:card -:card -:card =:card
EXPR: 0 | POS | INT | 26 | 12 | 21 | x=((9-18)+30) | x 9 18 - 30 + = | x:card 9:card 18:card -:card 30:card +:card =:card
EXPR: 0 | POS | INT | 27 | 12 | 3 | (x+18)=(30-9) | x 18 + 30 9 - = | x:card 18:card +:card 30:card 9:card -:card =:card
EXPR: 0 | POS | INT | 27 | 12 | 21 | 18=((9-x)+30) | 18 9 x - 30 + = | 18:card 9:card x:card -:card 30:card +:card =:card
EXPR: 0 | POS | INT | 27 | 12 | 21 | 18=(9-(x-30)) | 18 9 x 30 - - = | 18:card 9:card x:card 30:card -:card -:card =:card
EXPR: 0 | POS | INT | 27 | 12 | 57 | (x-18)=(30+9) | x 18 - 30 9 + = | x:card 18:card -:card 30:card 9:card +:card =:card
EXPR: 0 | POS | INT | 27 | 12 | 39 | ((x-18)+9)=30 | x 18 - 9 + 30 = | x:card 18:card -:card 9:card +:card 30:card =:card
EXPR: 0 | POS | INT | 27 | 12 | 21 | (x+18)=(30+9) | x 18 + 30 9 + = | x:card 18:card +:card 30:card 9:card +:card =:card
EXPR: 0 | POS | INT | 27 | 12 | 21 | (x-(9-18))=30 | x 9 18 - - 30 = | x:card 9:card 18:card -:card -:card 30:card =:card
EXPR: 0 | POS | INT | 27 | 12 | 57 | (x-(9+18))=30 | x 9 18 + - 30 = | x:card 9:card 18:card +:card -:card 30:card =:card
EXPR: 0 | POS | INT | 27 | 12 | 39 | (x-(18-9))=30 | x 18 9 - - 30 = | x:card 18:card 9:card -:card -:card 30:card =:card
EXPR: 0 | POS | INT | 27 | 12 | 39 | (x+(9-18))=30 | x 9 18 - + 30 = | x:card 9:card 18:card -:card +:card 30:card =:card
EXPR: 0 | POS | INT | 27 | 12 | 39 | (x-18)=(30-9) | x 18 - 30 9 - = | x:card 18:card -:card 30:card 9:card -:card =:card
EXPR: 0 | POS | INT | 27 | 12 | 21 | ((18+x)-9)=30 | 18 x + 9 - 30 = | 18:card x:card +:card 9:card -:card 30:card =:card
EXPR: 0 | POS | INT | 27 | 12 | 57 | ((x-18)-9)=30 | x 18 - 9 - 30 = | x:card 18:card -:card 9:card -:card 30:card =:card
EXPR: 0 | POS | INT | 27 | 12 | 57 | ((x-9)-18)=30 | x 9 - 18 - 30 = | x:card 9:card -:card 18:card -:card 30:card =:card
EXPR: 0 | POS | INT | 27 | 12 | 39 | 18=((9+x)-30) | 18 9 x + 30 - = | 18:card 9:card x:card +:card 30:card -:card =:card
EXPR: 0 | POS | INT | 27 | 12 | 21 | (18-(9-x))=30 | 18 9 x - - 30 = | 18:card 9:card x:card -:card -:card 30:card =:card
EXPR: 0 | POS | INT | 27 | 12 | 3 | (9+(18+x))=30 | 9 18 x + + 30 = | 9:card 18:card x:card +:card +:card 30:card =:card
EXPR: 0 | POS | INT | 27 | 12 | 3 | (x+(9+18))=30 | x 9 18 + + 30 = | x:card 9:card 18:card +:card +:card 30:card =:card
EXPR: 0 | POS | INT | 27 | 12 | 21 | 18=(9+(30-x)) | 18 9 30 x - + = | 18:card 9:card 30:card x:card -:card +:card =:card
EXPR: 0 | POS | INT | 27 | 12 | 57 | 9=((x-18)-30) | 9 x 18 - 30 - = | 9:card x:card 18:card -:card 30:card -:card =:card
EXPR: 0 | POS | INT | 27 | 12 | 21 | (18-30)=(9-x) | 18 30 - 9 x - = | 18:card 30:card -:card 9:card x:card -:card =:card
EXPR: 0 | POS | INT | 27 | 12 | 21 | 9=((x+18)-30) | 9 x 18 + 30 - = | 9:card x:card 18:card +:card 30:card -:card =:card
EXPR: 0 | POS | INT | 27 | 12 | 3 | (18+(x+9))=30 | 18 x 9 + + 30 = | 18:card x:card 9:card +:card +:card 30:card =:card
EXPR: 0 | POS | INT | 27 | 12 | 21 | (18+(x-9))=30 | 18 x 9 - + 30 = | 18:card x:card 9:card -:card +:card 30:card =:card
EXPR: 0 | POS | INT | 27 | 12 | 39 | 18=(9-(30-x)) | 18 9 30 x - - = | 18:card 9:card 30:card x:card -:card -:card =:card
EXPR: 0 | POS | INT | 27 | 12 | 57 | 18=((x-9)-30) | 18 x 9 - 30 - = | 18:card x:card 9:card -:card 30:card -:card =:card
EXPR: 0 | POS | INT | 27 | 12 | 3 | ((18+x)+9)=30 | 18 x + 9 + 30 = | 18:card x:card +:card 9:card +:card 30:card =:card
EXPR: 0 | POS | INT | 27 | 12 | 21 | (x+(18-9))=30 | x 18 9 - + 30 = | x:card 18:card 9:card -:card +:card 30:card =:card
EXPR: 0 | POS | INT | 27 | 12 | 39 | 18=((x+9)-30) | 18 x 9 + 30 - = | 18:card x:card 9:card +:card 30:card -:card =:card
EXPR: 0 | POS | INT | 27 | 12 | 39 | 18=(9+(x-30)) | 18 9 x 30 - + = | 18:card 9:card x:card 30:card -:card +:card =:card
EXPR: 0 | POS | INT | 27 | 12 | 39 | (9-(18-x))=30 | 9 18 x - - 30 = | 9:card 18:card x:card -:card -:card 30:card =:card
EXPR: 0 | POS | INT | 27 | 12 | 39 | 9=(18-(x-30)) | 9 18 x 30 - - = | 9:card 18:card x:card 30:card -:card -:card =:card
EXPR: 0 | POS | INT | 27 | 12 | 39 | 9=(18+(30-x)) | 9 18 30 x - + = | 9:card 18:card 30:card x:card -:card +:card =:card
EXPR: 0 | POS | INT | 27 | 12 | 21 | 9=(x+(18-30)) | 9 x 18 30 - + = | 9:card x:card 18:card 30:card -:card +:card =:card
EXPR: 0 | POS | INT | 27 | 12 | 3 | ((9+18)+x)=30 | 9 18 + x + 30 = | 9:card 18:card +:card x:card +:card 30:card =:card
EXPR: 0 | POS | INT | 27 | 12 | 3 | (18+(9+x))=30 | 18 9 x + + 30 = | 18:card 9:card x:card +:card +:card 30:card =:card
EXPR: 0 | POS | INT | 27 | 12 | 3 | (9+(x+18))=30 | 9 x 18 + + 30 = | 9:card x:card 18:card +:card +:card 30:card =:card
EXPR: 0 | POS | INT | 27 | 12 | 21 | 9=(18+(x-30)) | 9 18 x 30 - + = | 9:card 18:card x:card 30:card -:card +:card =:card
EXPR: 0 | POS | INT | 27 | 12 | 21 | ((x+18)-9)=30 | x 18 + 9 - 30 = | x:card 18:card +:card 9:card -:card 30:card =:card
EXPR: 0 | POS | INT | 27 | 12 | 3 | ((x+18)+9)=30 | x 18 + 9 + 30 = | x:card 18:card +:card 9:card +:card 30:card =:card
EXPR: 0 | POS | INT | 27 | 12 | 21 | ((18-9)+x)=30 | 18 9 - x + 30 = | 18:card 9:card -:card x:card +:card 30:card =:card
EXPR: 0 | POS | INT | 27 | 12 | 3 | ((9+x)+18)=30 | 9 x + 18 + 30 = | 9:card x:card +:card 18:card +:card 30:card =:card
EXPR: 0 | POS | INT | 27 | 12 | 39 | ((9+x)-18)=30 | 9 x + 18 - 30 = | 9:card x:card +:card 18:card -:card 30:card =:card
EXPR: 0 | POS | INT | 27 | 12 | 21 | 9=((18+x)-30) | 9 18 x + 30 - = | 9:card 18:card x:card +:card 30:card -:card =:card
EXPR: 0 | POS | INT | 27 | 12 | 3 | (18+x)=(30-9) | 18 x + 30 9 - = | 18:card x:card +:card 30:card 9:card -:card =:card
EXPR: 0 | POS | INT | 27 | 12 | 39 | 9=((18-x)+30) | 9 18 x - 30 + = | 9:card 18:card x:card -:card 30:card +:card =:card
EXPR: 0 | POS | INT | 27 | 12 | 39 | 18=(x+(9-30)) | 18 x 9 30 - + = | 18:card x:card 9:card 30:card -:card +:card =:card
EXPR: 0 | POS | INT | 27 | 12 | 21 | 9=(18-(30-x)) | 9 18 30 x - - = | 9:card 18:card 30:card x:card -:card -:card =:card
EXPR: 0 | POS | INT | 27 | 12 | 21 | (18+x)=(30+9) | 18 x + 30 9 + = | 18:card x:card +:card 30:card 9:card +:card =:card
EXPR: 0 | POS | INT | 27 | 12 | 39 | (9+(x-18))=30 | 9 x 18 - + 30 = | 9:card x:card 18:card -:card +:card 30:card =:card
EXPR: 0 | POS | INT | 27 | 12 | 39 | ((x+9)-18)=30 | x 9 + 18 - 30 = | x:card 9:card +:card 18:card -:card 30:card =:card
EXPR: 0 | POS | INT | 27 | 12 | 3 | ((x+9)+18)=30 | x 9 + 18 + 30 = | x:card 9:card +:card 18:card +:card 30:card =:card
EXPR: 0 | POS | INT | 27 | 12 | 39 | 18=((9-30)+x) | 18 9 30 - x + = | 18:card 9:card 30:card -:card x:card +:card =:card
EXPR: 0 | POS | INT | 27 | 12 | 21 | ((x-9)+18)=30 | x 9 - 18 + 30 = | x:card 9:card -:card 18:card +:card 30:card =:card
EXPR: 0 | POS | INT | 27 | 12 | 39 | ((9-18)+x)=30 | 9 18 - x + 30 = | 9:card 18:card -:card x:card +:card 30:card =:card
EXPR: 0 | POS | INT | 27 | 12 | 21 | 9=((18-30)+x) | 9 18 30 - x + = | 9:card 18:card 30:card -:card x:card +:card =:card
EXPR: 0 | POS | INT | 37 | 12 | 21 | (9-x)=(18-30) | 9 x - 18 30 - = | 9:card x:card -:card 18:card 30:card -:card =:card
EXPR: 0 | POS | INT | 37 | 12 | 39 | (18-x)=(9-30) | 18 x - 9 30 - = | 18:card x:card -:card 9:card 30:card -:card =:card
EXPR: 0 | POS | INT | 37 | 12 | 39 | (9-18)=(30-x) | 9 18 - 30 x - = | 9:card 18:card -:card 30:card x:card -:card =:card
EXPR: 0 | POS | INT | 37 | 12 | 21 | (18-9)=(30-x) | 18 9 - 30 x - = | 18:card 9:card -:card 30:card x:card -:card =:card
EXPR: 0 | POS | INT | 37 | 12 | 21 | (9-18)=(x-30) | 9 18 - x 30 - = | 9:card 18:card -:card x:card 30:card -:card =:card
EXPR: 0 | POS | INT | 37 | 12 | 39 | (18-9)=(x-30) | 18 9 - x 30 - = | 18:card 9:card -:card x:card 30:card -:card =:card
EXPR: 0 | POS | INT | 37 | 12 | 57 | (9+18)=(x-30) | 9 18 + x 30 - = | 9:card 18:card +:card x:card 30:card -:card =:card
EXPR: 0 | POS | INT | 37 | 12 | 3 | (9+18)=(30-x) | 9 18 + 30 x - = | 9:card 18:card +:card 30:card x:card -:card =:card
NET 232 non-negative, integer-valued solutions found out of 408 total solutions
