parameters: n=7 l=3 k=1 p=5 q=1 m=9
TOTAL 408 solutions found
SOLN: CORRECT | POS/NEG | INT/FRA | OBJ-SCORE | TRUE-ANS | ANS | INFIX | POSTFIX | TYPED-POSTFIX
EXPR: 0 | POS | INT | 0 | 6 | 21 | x=(9-(3-15)) | x 9 3 15 - - = | x:orchid 9:orchid 3:orchid 15:orchid -:orchid -:orchid =:orchid
EXPR: 0 | POS | INT | 0 | 6 | 27 | x=(9+(3+15)) | x 9 3 15 + + = | x:orchid 9:orchid 3:orchid 15:orchid +:orchid +:orchid =:orchid
EXPR: 0 | POS | INT | 0 | 6 | 21 | x=((9-3)+15) | x 9 3 - 15 + = | x:orchid 9:orchid 3:orchid -:orchid 15:orchid +:orchid =:orchid
EXPR: 0 | POS | INT | 0 | 6 | 27 | x=((9+3)+15) | x 9 3 + 15 + = | x:orchid 9:orchid 3:orchid +:orchid 15:orchid +:orchid =:orchid
EXPR: 0 | POS | INT | 1 | 6 | 21 | x=(9-(3-15)) | x 9 3 15 - - = | x:orchid 9:orchid 3:orchid 15:orchid -:orchid -:orchid =:orchid
EXPR: 0 | POS | INT | 1 | 6 | 21 | x=((9-3)+15) | x 9 3 - 15 + = | x:orchid 9:orchid 3:orchid -:orchid 15:orchid +:orchid =:orchid
EXPR: 0 | POS | INT | 1 | 6 | 27 | x=(9+(3+15)) | x 9 3 15 + + = | x:orchid 9:orchid 3:orchid 15:orchid +:orchid +:orchid =:orchid
EXPR: 0 | POS | INT | 1 | 6 | 27 | x=((9+3)+15) | x 9 3 + 15 + = | x:orchid 9:orchid 3:orchid +:orchid 15:orchid +:orchid =:orchid
EXPR: 0 | POS | INT | 2 | 6 | 21 | ((x-9)+3)=15 | x 9 - 3 + 15 = | x:orchid 9:orchid -:orchid 3:orchid +:orchid 15:orchid =:orchid
EXPR: 0 | POS | INT | 2 | 6 | 9 | 9=(3-(x-15)) | 9 3 x 15 - - = | 9:orchid 3:orchid x:orchid 15:orchid -:orchid -:orchid =:orchid
EXPR: 0 | POS | INT | 2 | 6 | 21 | (x-(9-3))=15 | x 9 3 - - 15 = | x:orchid 9:orchid 3:orchid -:orchid -:orchid 15:orchid =:orchid
EXPR: 0 | POS | INT | 2 | 6 | 27 | (x-(9+3))=15 | x 9 3 + - 15 = | x:orchid 9:orchid 3:orchid +:orchid -:orchid 15:orchid =:orchid
EXPR: 0 | POS | INT | 2 | 6 | 9 | (x+(9-3))=15 | x 9 3 - + 15 = | x:orchid 9:orchid 3:orchid -:orchid +:orchid 15:orchid =:orchid
EXPR: 0 | POS | INT | 2 | 6 | 9 | (9-(3-x))=15 | 9 3 x - - 15 = | 9:orchid 3:orchid x:orchid -:orchid -:orchid 15:orchid =:orchid
EXPR: 0 | POS | INT | 2 | 6 | 9 | 9=(3+(15-x)) | 9 3 15 x - + = | 9:orchid 3:orchid 15:orchid x:orchid -:orchid +:orchid =:orchid
EXPR: 0 | POS | INT | 2 | 6 | 27 | ((x-9)-3)=15 | x 9 - 3 - 15 = | x:orchid 9:orchid -:orchid 3:orchid -:orchid 15:orchid =:orchid
EXPR: 0 | POS | INT | 2 | 6 | 3 | (9+(3+x))=15 | 9 3 x + + 15 = | 9:orchid 3:orchid x:orchid +:orchid +:orchid 15:orchid =:orchid
EXPR: 0 | POS | INT | 2 | 6 | 3 | (x+(9+3))=15 | x 9 3 + + 15 = | x:orchid 9:orchid 3:orchid +:orchid +:orchid 15:orchid =:orchid
EXPR: 0 | POS | INT | 2 | 6 | 21 | 9=((x+3)-15) | 9 x 3 + 15 - = | 9:orchid x:orchid 3:orchid +:orchid 15:orchid -:orchid =:orchid
EXPR: 0 | POS | INT | 2 | 6 | 27 | 9=((x-3)-15) | 9 x 3 - 15 - = | 9:orchid x:orchid 3:orchid -:orchid 15:orchid -:orchid =:orchid
EXPR: 0 | POS | INT | 2 | 6 | 21 | 9=(3-(15-x)) | 9 3 15 x - - = | 9:orchid 3:orchid 15:orchid x:orchid -:orchid -:orchid =:orchid
EXPR: 0 | POS | INT | 2 | 6 | 9 | ((9-3)+x)=15 | 9 3 - x + 15 = | 9:orchid 3:orchid -:orchid x:orchid +:orchid 15:orchid =:orchid
EXPR: 0 | POS | INT | 2 | 6 | 3 | ((9+3)+x)=15 | 9 3 + x + 15 = | 9:orchid 3:orchid +:orchid x:orchid +:orchid 15:orchid =:orchid
EXPR: 0 | POS | INT | 2 | 6 | 3 | ((9+x)+3)=15 | 9 x + 3 + 15 = | 9:orchid x:orchid +:orchid 3:orchid +:orchid 15:orchid =:orchid
EXPR: 0 | POS | INT | 2 | 6 | 9 | ((9+x)-3)=15 | 9 x + 3 - 15 = | 9:orchid x:orchid +:orchid 3:orchid -:orchid 15:orchid =:orchid
EXPR: 0 | POS | INT | 2 | 6 | 21 | 9=(x+(3-15)) | 9 x 3 15 - + = | 9:orchid x:orchid 3:orchid 15:orchid -:orchid +:orchid =:orchid
EXPR: 0 | POS | INT | 2 | 6 | 9 | (9+(x-3))=15 | 9 x 3 - + 15 = | 9:orchid x:orchid 3:orchid -:orchid +:orchid 15:orchid =:orchid
EXPR: 0 | POS | INT | 2 | 6 | 3 | (9+(x+3))=15 | 9 x 3 + + 15 = | 9:orchid x:orchid 3:orchid +:orchid +:orchid 15:orchid =:orchid
EXPR: 0 | POS | INT | 2 | 6 | 27 | 9=(x-(3+15)) | 9 x 3 15 + - = | 9:orchid x:orchid 3:orchid 15:orchid +:orchid -:orchid =:orchid
EXPR: 0 | POS | INT | 2 | 6 | 9 | 9=((3-x)+15) | 9 3 x - 15 + = | 9:orchid 3:orchid x:orchid -:orchid 15:orchid +:orchid =:orchid
EXPR: 0 | POS | INT | 2 | 6 | 21 | 9=(3+(x-15)) | 9 3 x 15 - + = | 9:orchid 3:orchid x:orchid 15:orchid -:orchid +:orchid =:orchid
EXPR: 0 | POS | INT | 2 | 6 | 9 | ((x+9)-3)=15 | x 9 + 3 - 15 = | x:orchid 9:orchid +:orchid 3:orchid -:orchid 15:orchid =:orchid
EXPR: 0 | POS | INT | 2 | 6 | 3 | ((x+9)+3)=15 | x 9 + 3 + 15 = | x:orchid 9:orchid +:orchid 3:orchid +:orchid 15:orchid =:orchid
EXPR: 0 | POS | INT | 2 | 6 | 21 | 9=((3+x)-15) | 9 3 x + 15 - = | 9:orchid 3:orchid x:orchid +:orchid 15:orchid -:orchid =:orchid
EXPR: 0 | POS | INT | 2 | 6 | 21 | 9=((3-15)+x) | 9 3 15 - x + = | 9:orchid 3:orchid 15:orchid -:orchid x:orchid +:orchid =:orchid
EXPR: 0 | POS | INT | 2 | 6 | 9 | 9=((3+15)-x) | 9 3 15 + x - = | 9:orchid 3:orchid 15:orchid +:orchid x:orchid -:orchid =:orchid
EXPR: 0 | POS | INT | 10 | 6 | 21 | x=((9+15)-3) | x 9 15 + 3 - = | x:orchid 9:orchid 15:orchid +:orchid 3:orchid -:orchid =:orchid
EXPR: 0 | POS | INT | 10 | 6 | 9 | x=((3-9)+15) | x 3 9 - 15 + = | x:orchid 3:orchid 9:orchid -:orchid 15:orchid +:orchid =:orchid
EXPR: 0 | POS | INT | 10 | 6 | 27 | x=((9+15)+3) | x 9 15 + 3 + = | x:orchid 9:orchid 15:orchid +:orchid 3:orchid +:orchid =:orchid
EXPR: 0 | POS | INT | 10 | 6 | 27 | x=(3+(9+15)) | x 3 9 15 + + = | x:orchid 3:orchid 9:orchid 15:orchid +:orchid +:orchid =:orchid
EXPR: 0 | POS | INT | 10 | 6 | 21 | x=(9+(15-3)) | x 9 15 3 - + = | x:orchid 9:orchid 15:orchid 3:orchid -:orchid +:orchid =:orchid
EXPR: 0 | POS | INT | 10 | 6 | 9 | x=(3-(9-15)) | x 3 9 15 - - = | x:orchid 3:orchid 9:orchid 15:orchid -:orchid -:orchid =:orchid
EXPR: 0 | POS | INT | 11 | 6 | 9 | x=(3-(9-15)) | x 3 9 15 - - = | x:orchid 3:orchid 9:orchid 15:orchid -:orchid -:orchid =:orchid
EXPR: 0 | POS | INT | 11 | 6 | 21 | x=((9+15)-3) | x 9 15 + 3 - = | x:orchid 9:orchid 15:orchid +:orchid 3:orchid -:orchid =:orchid
EXPR: 0 | POS | INT | 11 | 6 | 27 | x=((9+15)+3) | x 9 15 + 3 + = | x:orchid 9:orchid 15:orchid +:orchid 3:orchid +:orchid =:orchid
EXPR: 0 | POS | INT | 11 | 6 | 9 | x=((3-9)+15) | x 3 9 - 15 + = | x:orchid 3:orchid 9:orchid -:orchid 15:orchid +:orchid =:orchid
EXPR: 0 | POS | INT | 11 | 6 | 27 | x=(3+(9+15)) | x 3 9 15 + + = | x:orchid 3:orchid 9:orchid 15:orchid +:orchid +:orchid =:orchid
EXPR: 0 | POS | INT | 11 | 6 | 21 | x=(9+(15-3)) | x 9 15 3 - + = | x:orchid 9:orchid 15:orchid 3:orchid -:orchid +:orchid =:orchid
EXPR: 0 | POS | INT | 12 | 6 | 21 | 3=((9-x)+15) | 3 9 x - 15 + = | 3:orchid 9:orchid x:orchid -:orchid 15:orchid +:orchid =:orchid
EXPR: 0 | POS | INT | 12 | 6 | 9 | 3=((9+x)-15) | 3 9 x + 15 - = | 3:orchid 9:orchid x:orchid +:orchid 15:orchid -:orchid =:orchid
EXPR: 0 | POS | INT | 12 | 6 | 9 | ((x-3)+9)=15 | x 3 - 9 + 15 = | x:orchid 3:orchid -:orchid 9:orchid +:orchid 15:orchid =:orchid
EXPR: 0 | POS | INT | 12 | 6 | 21 | ((9-x)+15)=3 | 9 x - 15 + 3 = | 9:orchid x:orchid -:orchid 15:orchid +:orchid 3:orchid =:orchid
EXPR: 0 | POS | INT | 12 | 6 | 9 | 9=(15-(x-3)) | 9 15 x 3 - - = | 9:orchid 15:orchid x:orchid 3:orchid -:orchid -:orchid =:orchid
EXPR: 0 | POS | INT | 12 | 6 | 27 | (x-9)=(3+15) | x 9 - 3 15 + = | x:orchid 9:orchid -:orchid 3:orchid 15:orchid +:orchid =:orchid
EXPR: 0 | POS | INT | 12 | 6 | 21 | 3=(9-(x-15)) | 3 9 x 15 - - = | 3:orchid 9:orchid x:orchid 15:orchid -:orchid -:orchid =:orchid
EXPR: 0 | POS | INT | 12 | 6 | 9 | (x-(3-9))=15 | x 3 9 - - 15 = | x:orchid 3:orchid 9:orchid -:orchid -:orchid 15:orchid =:orchid
EXPR: 0 | POS | INT | 12 | 6 | 27 | ((x-3)-9)=15 | x 3 - 9 - 15 = | x:orchid 3:orchid -:orchid 9:orchid -:orchid 15:orchid =:orchid
EXPR: 0 | POS | INT | 12 | 6 | 27 | (x-(9+15))=3 | x 9 15 + - 3 = | x:orchid 9:orchid 15:orchid +:orchid -:orchid 3:orchid =:orchid
EXPR: 0 | POS | INT | 12 | 6 | 21 | (x+(3-9))=15 | x 3 9 - + 15 = | x:orchid 3:orchid 9:orchid -:orchid +:orchid 15:orchid =:orchid
EXPR: 0 | POS | INT | 12 | 6 | 9 | (x+(9-15))=3 | x 9 15 - + 3 = | x:orchid 9:orchid 15:orchid -:orchid +:orchid 3:orchid =:orchid
EXPR: 0 | POS | INT | 12 | 6 | 9 | (9-(15-x))=3 | 9 15 x - - 3 = | 9:orchid 15:orchid x:orchid -:orchid -:orchid 3:orchid =:orchid
EXPR: 0 | POS | INT | 12 | 6 | 21 | ((3+x)-9)=15 | 3 x + 9 - 15 = | 3:orchid x:orchid +:orchid 9:orchid -:orchid 15:orchid =:orchid
EXPR: 0 | POS | INT | 12 | 6 | 21 | (3-(9-x))=15 | 3 9 x - - 15 = | 3:orchid 9:orchid x:orchid -:orchid -:orchid 15:orchid =:orchid
EXPR: 0 | POS | INT | 12 | 6 | 27 | ((x-9)-15)=3 | x 9 - 15 - 3 = | x:orchid 9:orchid -:orchid 15:orchid -:orchid 3:orchid =:orchid
EXPR: 0 | POS | INT | 12 | 6 | 3 | 9=(15-(x+3)) | 9 15 x 3 + - = | 9:orchid 15:orchid x:orchid 3:orchid +:orchid -:orchid =:orchid
EXPR: 0 | POS | INT | 12 | 6 | 21 | (9-x)=(3-15) | 9 x - 3 15 - = | 9:orchid x:orchid -:orchid 3:orchid 15:orchid -:orchid =:orchid
EXPR: 0 | POS | INT | 12 | 6 | 9 | 3=((9-15)+x) | 3 9 15 - x + = | 3:orchid 9:orchid 15:orchid -:orchid x:orchid +:orchid =:orchid
EXPR: 0 | POS | INT | 12 | 6 | 3 | ((3+x)+9)=15 | 3 x + 9 + 15 = | 3:orchid x:orchid +:orchid 9:orchid +:orchid 15:orchid =:orchid
EXPR: 0 | POS | INT | 12 | 6 | 21 | 9=((x-15)+3) | 9 x 15 - 3 + = | 9:orchid x:orchid 15:orchid -:orchid 3:orchid +:orchid =:orchid
EXPR: 0 | POS | INT | 12 | 6 | 21 | 3=((9+15)-x) | 3 9 15 + x - = | 3:orchid 9:orchid 15:orchid +:orchid x:orchid -:orchid =:orchid
EXPR: 0 | POS | INT | 12 | 6 | 21 | (9-(x-15))=3 | 9 x 15 - - 3 = | 9:orchid x:orchid 15:orchid -:orchid -:orchid 3:orchid =:orchid
EXPR: 0 | POS | INT | 12 | 6 | 9 | 9=(15+(3-x)) | 9 15 3 x - + = | 9:orchid 15:orchid 3:orchid x:orchid -:orchid +:orchid =:orchid
EXPR: 0 | POS | INT | 12 | 6 | 9 | ((9-15)+x)=3 | 9 15 - x + 3 = | 9:orchid 15:orchid -:orchid x:orchid +:orchid 3:orchid =:orchid
EXPR: 0 | POS | INT | 12 | 6 | 21 | (9-3)=(x-15) | 9 3 - x 15 - = | 9:orchid 3:orchid -:orchid x:orchid 15:orchid -:orchid =:orchid
EXPR: 0 | POS | INT | 12 | 6 | 21 | 3=(9+(15-x)) | 3 9 15 x - + = | 3:orchid 9:orchid 15:orchid x:orchid -:orchid +:orchid =:orchid
EXPR: 0 | POS | INT | 12 | 6 | 9 | 3=(9-(15-x)) | 3 9 15 x - - = | 3:orchid 9:orchid 15:orchid x:orchid -:orchid -:orchid =:orchid
EXPR: 0 | POS | INT | 12 | 6 | 3 | 9=(15-(3+x)) | 9 15 3 x + - = | 9:orchid 15:orchid 3:orchid x:orchid +:orchid -:orchid =:orchid
EXPR: 0 | POS | INT | 12 | 6 | 9 | 3=((x+9)-15) | 3 x 9 + 15 - = | 3:orchid x:orchid 9:orchid +:orchid 15:orchid -:orchid =:orchid
EXPR: 0 | POS | INT | 12 | 6 | 9 | (9-3)=(15-x) | 9 3 - 15 x - = | 9:orchid 3:orchid -:orchid 15:orchid x:orchid -:orchid =:orchid
EXPR: 0 | POS | INT | 12 | 6 | 3 | (3+(9+x))=15 | 3 9 x + + 15 = | 3:orchid 9:orchid x:orchid +:orchid +:orchid 15:orchid =:orchid
EXPR: 0 | POS | INT | 12 | 6 | 21 | ((x+3)-9)=15 | x 3 + 9 - 15 = | x:orchid 3:orchid +:orchid 9:orchid -:orchid 15:orchid =:orchid
EXPR: 0 | POS | INT | 12 | 6 | 3 | (3+(x+9))=15 | 3 x 9 + + 15 = | 3:orchid x:orchid 9:orchid +:orchid +:orchid 15:orchid =:orchid
EXPR: 0 | POS | INT | 12 | 6 | 27 | 9=((x-15)-3) | 9 x 15 - 3 - = | 9:orchid x:orchid 15:orchid -:orchid 3:orchid -:orchid =:orchid
EXPR: 0 | POS | INT | 12 | 6 | 9 | (9+(x-15))=3 | 9 x 15 - + 3 = | 9:orchid x:orchid 15:orchid -:orchid +:orchid 3:orchid =:orchid
EXPR: 0 | POS | INT | 12 | 6 | 3 | ((x+3)+9)=15 | x 3 + 9 + 15 = | x:orchid 3:orchid +:orchid 9:orchid +:orchid 15:orchid =:orchid
EXPR: 0 | POS | INT | 12 | 6 | 9 | 9=((15-x)+3) | 9 15 x - 3 + = | 9:orchid 15:orchid x:orchid -:orchid 3:orchid +:orchid =:orchid
EXPR: 0 | POS | INT | 12 | 6 | 27 | 3=((x-9)-15) | 3 x 9 - 15 - = | 3:orchid x:orchid 9:orchid -:orchid 15:orchid -:orchid =:orchid
EXPR: 0 | POS | INT | 12 | 6 | 9 | 3=(x+(9-15)) | 3 x 9 15 - + = | 3:orchid x:orchid 9:orchid 15:orchid -:orchid +:orchid =:orchid
EXPR: 0 | POS | INT | 12 | 6 | 21 | ((3-9)+x)=15 | 3 9 - x + 15 = | 3:orchid 9:orchid -:orchid x:orchid +:orchid 15:orchid =:orchid
EXPR: 0 | POS | INT | 12 | 6 | 21 | 9=(x-(15-3)) | 9 x 15 3 - - = | 9:orchid x:orchid 15:orchid 3:orchid -:orchid -:orchid =:orchid
EXPR: 0 | POS | INT | 12 | 6 | 9 | 3=(9+(x-15)) | 3 9 x 15 - + = | 3:orchid 9:orchid x:orchid 15:orchid -:orchid +:orchid =:orchid
EXPR: 0 | POS | INT | 12 | 6 | 3 | 9=((15-x)-3) | 9 15 x - 3 - = | 9:orchid 15:orchid x:orchid -:orchid 3:orchid -:orchid =:orchid
EXPR: 0 | POS | INT | 12 | 6 | 9 | ((9+x)-15)=3 | 9 x + 15 - 3 = | 9:orchid x:orchid +:orchid 15:orchid -:orchid 3:orchid =:orchid
EXPR: 0 | POS | INT | 12 | 6 | 27 | 3=(x-(9+15)) | 3 x 9 15 + - = | 3:orchid x:orchid 9:orchid 15:orchid +:orchid -:orchid =:orchid
EXPR: 0 | POS | INT | 12 | 6 | 21 | (3+(x-9))=15 | 3 x 9 - + 15 = | 3:orchid x:orchid 9:orchid -:orchid +:orchid 15:orchid =:orchid
EXPR: 0 | POS | INT | 12 | 6 | 21 | (9+(15-x))=3 | 9 15 x - + 3 = | 9:orchid 15:orchid x:orchid -:orchid +:orchid 3:orchid =:orchid
EXPR: 0 | POS | INT | 12 | 6 | 21 | ((9+15)-x)=3 | 9 15 + x - 3 = | 9:orchid 15:orchid +:orchid x:orchid -:orchid 3:orchid =:orchid
EXPR: 0 | POS | INT | 12 | 6 | 9 | (9+x)=(3+15) | 9 x + 3 15 + = | 9:orchid x:orchid +:orchid 3:orchid 15:orchid +:orchid =:orchid
EXPR: 0 | POS | INT | 12 | 6 | 9 | ((x+9)-15)=3 | x 9 + 15 - 3 = | x:orchid 9:orchid +:orchid 15:orchid -:orchid 3:orchid =:orchid
EXPR: 0 | POS | INT | 12 | 6 | 9 | (x+9)=(3+15) | x 9 + 3 15 + = | x:orchid 9:orchid +:orchid 3:orchid 15:orchid +:orchid =:orchid
EXPR: 0 | POS | INT | 12 | 6 | 3 | 9=((15-3)-x) | 9 15 3 - x - = | 9:orchid 15:orchid 3:orchid -:orchid x:orchid -:orchid =:orchid
EXPR: 0 | POS | INT | 12 | 6 | 27 | (9+3)=(x-15) | 9 3 + x 15 - = | 9:orchid 3:orchid +:orchid x:orchid 15:orchid -:orchid =:orchid
EXPR: 0 | POS | INT | 12 | 6 | 3 | (9+3)=(15-x) | 9 3 + 15 x - = | 9:orchid 3:orchid +:orchid 15:orchid x:orchid -:orchid =:orchid
EXPR: 0 | POS | INT | 15 | 6 | 3 | x=((15-9)-3) | x 15 9 - 3 - = | x:orchid 15:orchid 9:orchid -:orchid 3:orchid -:orchid =:orchid
EXPR: 0 | POS | INT | 15 | 6 | 9 | x=((15-9)+3) | x 15 9 - 3 + = | x:orchid 15:orchid 9:orchid -:orchid 3:orchid +:orchid =:orchid
EXPR: 0 | POS | INT | 15 | 6 | 21 | x=(15+(9-3)) | x 15 9 3 - + = | x:orchid 15:orchid 9:orchid 3:orchid -:orchid +:orchid =:orchid
EXPR: 0 | POS | INT | 15 | 6 | 9 | x=(15-(9-3)) | x 15 9 3 - - = | x:orchid 15:orchid 9:orchid 3:orchid -:orchid -:orchid =:orchid
EXPR: 0 | POS | INT | 15 | 6 | 3 | x=(15-(9+3)) | x 15 9 3 + - = | x:orchid 15:orchid 9:orchid 3:orchid +:orchid -:orchid =:orchid
EXPR: 0 | POS | INT | 15 | 6 | 27 | x=(15+(9+3)) | x 15 9 3 + + = | x:orchid 15:orchid 9:orchid 3:orchid +:orchid +:orchid =:orchid
EXPR: 0 | POS | INT | 16 | 6 | 3 | x=((15-9)-3) | x 15 9 - 3 - = | x:orchid 15:orchid 9:orchid -:orchid 3:orchid -:orchid =:orchid
EXPR: 0 | POS | INT | 16 | 6 | 9 | x=((15-9)+3) | x 15 9 - 3 + = | x:orchid 15:orchid 9:orchid -:orchid 3:orchid +:orchid =:orchid
EXPR: 0 | POS | INT | 16 | 6 | 21 | x=(15+(9-3)) | x 15 9 3 - + = | x:orchid 15:orchid 9:orchid 3:orchid -:orchid +:orchid =:orchid
EXPR: 0 | POS | INT | 16 | 6 | 9 | x=(15-(9-3)) | x 15 9 3 - - = | x:orchid 15:orchid 9:orchid 3:orchid -:orchid -:orchid =:orchid
EXPR: 0 | POS | INT | 16 | 6 | 3 | x=(15-(9+3)) | x 15 9 3 + - = | x:orchid 15:orchid 9:orchid 3:orchid +:orchid -:orchid =:orchid
EXPR: 0 | POS | INT | 16 | 6 | 27 | x=(15+(9+3)) | x 15 9 3 + + = | x:orchid 15:orchid 9:orchid 3:orchid +:orchid +:orchid =:orchid
EXPR: 0 | POS | INT | 17 | 6 | 21 | (15-(x-9))=3 | 15 x 9 - - 3 = | 15:orchid x:orchid 9:orchid -:orchid -:orchid 3:orchid =:orchid
EXPR: 0 | POS | INT | 17 | 6 | 9 | ((x-15)+9)=3 | x 15 - 9 + 3 = | x:orchid 15:orchid -:orchid 9:orchid +:orchid 3:orchid =:orchid
EXPR: 0 | POS | INT | 17 | 6 | 9 | (x-(15-9))=3 | x 15 9 - - 3 = | x:orchid 15:orchid 9:orchid -:orchid -:orchid 3:orchid =:orchid
EXPR: 0 | POS | INT | 17 | 6 | 21 | (15+(9-x))=3 | 15 9 x - + 3 = | 15:orchid 9:orchid x:orchid -:orchid +:orchid 3:orchid =:orchid
EXPR: 0 | POS | INT | 17 | 6 | 9 | 15=(9-(3-x)) | 15 9 3 x - - = | 15:orchid 9:orchid 3:orchid x:orchid -:orchid -:orchid =:orchid
EXPR: 0 | POS | INT | 17 | 6 | 3 | (15-(9+x))=3 | 15 9 x + - 3 = | 15:orchid 9:orchid x:orchid +:orchid -:orchid 3:orchid =:orchid
EXPR: 0 | POS | INT | 17 | 6 | 3 | ((15-x)-9)=3 | 15 x - 9 - 3 = | 15:orchid x:orchid -:orchid 9:orchid -:orchid 3:orchid =:orchid
EXPR: 0 | POS | INT | 17 | 6 | 9 | 15=((9+x)-3) | 15 9 x + 3 - = | 15:orchid 9:orchid x:orchid +:orchid 3:orchid -:orchid =:orchid
EXPR: 0 | POS | INT | 17 | 6 | 3 | 15=(9+(3+x)) | 15 9 3 x + + = | 15:orchid 9:orchid 3:orchid x:orchid +:orchid +:orchid =:orchid
EXPR: 0 | POS | INT | 17 | 6 | 27 | ((x-15)-9)=3 | x 15 - 9 - 3 = | x:orchid 15:orchid -:orchid 9:orchid -:orchid 3:orchid =:orchid
EXPR: 0 | POS | INT | 17 | 6 | 3 | (15-(x+9))=3 | 15 x 9 + - 3 = | 15:orchid x:orchid 9:orchid +:orchid -:orchid 3:orchid =:orchid
EXPR: 0 | POS | INT | 17 | 6 | 21 | 15=((x-9)+3) | 15 x 9 - 3 + = | 15:orchid x:orchid 9:orchid -:orchid 3:orchid +:orchid =:orchid
EXPR: 0 | POS | INT | 17 | 6 | 27 | 15=((x-9)-3) | 15 x 9 - 3 - = | 15:orchid x:orchid 9:orchid -:orchid 3:orchid -:orchid =:orchid
EXPR: 0 | POS | INT | 17 | 6 | 3 | ((15-9)-x)=3 | 15 9 - x - 3 = | 15:orchid 9:orchid -:orchid x:orchid -:orchid 3:orchid =:orchid
EXPR: 0 | POS | INT | 17 | 6 | 21 | ((15-x)+9)=3 | 15 x - 9 + 3 = | 15:orchid x:orchid -:orchid 9:orchid +:orchid 3:orchid =:orchid
EXPR: 0 | POS | INT | 17 | 6 | 3 | 15=((9+x)+3) | 15 9 x + 3 + = | 15:orchid 9:orchid x:orchid +:orchid 3:orchid +:orchid =:orchid
EXPR: 0 | POS | INT | 17 | 6 | 9 | 15=((x+9)-3) | 15 x 9 + 3 - = | 15:orchid x:orchid 9:orchid +:orchid 3:orchid -:orchid =:orchid
EXPR: 0 | POS | INT | 17 | 6 | 9 | 15=(9+(x-3)) | 15 9 x 3 - + = | 15:orchid 9:orchid x:orchid 3:orchid -:orchid +:orchid =:orchid
EXPR: 0 | POS | INT | 17 | 6 | 27 | 15=(x-(9+3)) | 15 x 9 3 + - = | 15:orchid x:orchid 9:orchid 3:orchid +:orchid -:orchid =:orchid
EXPR: 0 | POS | INT | 17 | 6 | 3 | 15=((x+9)+3) | 15 x 9 + 3 + = | 15:orchid x:orchid 9:orchid +:orchid 3:orchid +:orchid =:orchid
EXPR: 0 | POS | INT | 17 | 6 | 3 | 15=(9+(x+3)) | 15 9 x 3 + + = | 15:orchid 9:orchid x:orchid 3:orchid +:orchid +:orchid =:orchid
EXPR: 0 | POS | INT | 17 | 6 | 9 | 15=((9-3)+x) | 15 9 3 - x + = | 15:orchid 9:orchid 3:orchid -:orchid x:orchid +:orchid =:orchid
EXPR: 0 | POS | INT | 17 | 6 | 3 | 15=(x+(9+3)) | 15 x 9 3 + + = | 15:orchid x:orchid 9:orchid 3:orchid +:orchid +:orchid =:orchid
EXPR: 0 | POS | INT | 17 | 6 | 9 | 15=(x+(9-3)) | 15 x 9 3 - + = | 15:orchid x:orchid 9:orchid 3:orchid -:orchid +:orchid =:orchid
EXPR: 0 | POS | INT | 17 | 6 | 21 | 15=(x-(9-3)) | 15 x 9 3 - - = | 15:orchid x:orchid 9:orchid 3:orchid -:orchid -:orchid =:orchid
EXPR: 0 | POS | INT | 17 | 6 | 3 | 15=((9+3)+x) | 15 9 3 + x + = | 15:orchid 9:orchid 3:orchid +:orchid x:orchid +:orchid =:orchid
EXPR: 0 | POS | INT | 22 | 6 | 9 | (9-15)=(3-x) | 9 15 - 3 x - = | 9:orchid 15:orchid -:orchid 3:orchid x:orchid -:orchid =:orchid
EXPR: 0 | POS | INT | 22 | 6 | 21 | (x+3)=(9+15) | x 3 + 9 15 + = | x:orchid 3:orchid +:orchid 9:orchid 15:orchid +:orchid =:orchid
EXPR: 0 | POS | INT | 22 | 6 | 3 | (x+9)=(15-3) | x 9 + 15 3 - = | x:orchid 9:orchid +:orchid 15:orchid 3:orchid -:orchid =:orchid
EXPR: 0 | POS | INT | 22 | 6 | 21 | (x-9)=(15-3) | x 9 - 15 3 - = | x:orchid 9:orchid -:orchid 15:orchid 3:orchid -:orchid =:orchid
EXPR: 0 | POS | INT | 22 | 6 | 27 | (x-3)=(9+15) | x 3 - 9 15 + = | x:orchid 3:orchid -:orchid 9:orchid 15:orchid +:orchid =:orchid
EXPR: 0 | POS | INT | 22 | 6 | 9 | (3-x)=(9-15) | 3 x - 9 15 - = | 3:orchid x:orchid -:orchid 9:orchid 15:orchid -:orchid =:orchid
EXPR: 0 | POS | INT | 22 | 6 | 21 | (3-9)=(15-x) | 3 9 - 15 x - = | 3:orchid 9:orchid -:orchid 15:orchid x:orchid -:orchid =:orchid
EXPR: 0 | POS | INT | 22 | 6 | 9 | (3-9)=(x-15) | 3 9 - x 15 - = | 3:orchid 9:orchid -:orchid x:orchid 15:orchid -:orchid =:orchid
EXPR: 0 | POS | INT | 22 | 6 | 3 | (9+x)=(15-3) | 9 x + 15 3 - = | 9:orchid x:orchid +:orchid 15:orchid 3:orchid -:orchid =:orchid
EXPR: 0 | POS | INT | 22 | 6 | 21 | (3+x)=(9+15) | 3 x + 9 15 + = | 3:orchid x:orchid +:orchid 9:orchid 15:orchid +:orchid =:orchid
EXPR: 0 | POS | INT | 22 | 6 | 27 | (9+15)=(x-3) | 9 15 + x 3 - = | 9:orchid 15:orchid +:orchid x:orchid 3:orchid -:orchid =:orchid
EXPR: 0 | POS | INT | 22 | 6 | 21 | (9+15)=(x+3) | 9 15 + x 3 + = | 9:orchid 15:orchid +:orchid x:orchid 3:orchid +:orchid =:orchid
EXPR: 0 | POS | INT | 22 | 6 | 21 | (9+15)=(3+x) | 9 15 + 3 x + = | 9:orchid 15:orchid +:orchid 3:orchid x:orchid +:orchid =:orchid
EXPR: 0 | POS | INT | 25 | 6 | 9 | x=((3+15)-9) | x 3 15 + 9 - = | x:orchid 3:orchid 15:orchid +:orchid 9:orchid -:orchid =:orchid
EXPR: 0 | POS | INT | 25 | 6 | 3 | x=((15-3)-9) | x 15 3 - 9 - = | x:orchid 15:orchid 3:orchid -:orchid 9:orchid -:orchid =:orchid
EXPR: 0 | POS | INT | 25 | 6 | 27 | x=((3+15)+9) | x 3 15 + 9 + = | x:orchid 3:orchid 15:orchid +:orchid 9:orchid +:orchid =:orchid
EXPR: 0 | POS | INT | 25 | 6 | 21 | x=((15-3)+9) | x 15 3 - 9 + = | x:orchid 15:orchid 3:orchid -:orchid 9:orchid +:orchid =:orchid
EXPR: 0 | POS | INT | 25 | 6 | 9 | x=(3+(15-9)) | x 3 15 9 - + = | x:orchid 3:orchid 15:orchid 9:orchid -:orchid +:orchid =:orchid
EXPR: 0 | POS | INT | 25 | 6 | 9 | x=(15+(3-9)) | x 15 3 9 - + = | x:orchid 15:orchid 3:orchid 9:orchid -:orchid +:orchid =:orchid
EXPR: 0 | POS | INT | 25 | 6 | 21 | x=(15-(3-9)) | x 15 3 9 - - = | x:orchid 15:orchid 3:orchid 9:orchid -:orchid -:orchid =:orchid
EXPR: 0 | POS | INT | 26 | 6 | 21 | x=((15-3)+9) | x 15 3 - 9 + = | x:orchid 15:orchid 3:orchid -:orchid 9:orchid +:orchid =:orchid
EXPR: 0 | POS | INT | 26 | 6 | 3 | x=((15-3)-9) | x 15 3 - 9 - = | x:orchid 15:orchid 3:orchid -:orchid 9:orchid -:orchid =:orchid
EXPR: 0 | POS | INT | 26 | 6 | 27 | x=((3+15)+9) | x 3 15 + 9 + = | x:orchid 3:orchid 15:orchid +:orchid 9:orchid +:orchid =:orchid
EXPR: 0 | POS | INT | 26 | 6 | 9 | x=(3+(15-9)) | x 3 15 9 - + = | x:orchid 3:orchid 15:orchid 9:orchid -:orchid +:orchid =:orchid
EXPR: 0 | POS | INT | 26 | 6 | 9 | x=((3+15)-9) | x 3 15 + 9 - = | x:orchid 3:orchid 15:orchid +:orchid 9:orchid -:orchid =:orchid
EXPR: 0 | POS | INT | 26 | 6 | 9 | x=(15+(3-9)) | x 15 3 9 - + = | x:orchid 15:orchid 3:orchid 9:orchid -:orchid +:orchid =:orchid
EXPR: 0 | POS | INT | 26 | 6 | 21 | x=(15-(3-9)) | x 15 3 9 - - = | x:orchid 15:orchid 3:orchid 9:orchid -:orchid -:orchid =:orchid
EXPR: 0 | POS | INT | 27 | 6 | 3 | ((15-x)-3)=9 | 15 x - 3 - 9 = | 15:orchid x:orchid -:orchid 3:orchid -:orchid 9:orchid =:orchid
EXPR: 0 | POS | INT | 27 | 6 | 9 | ((3-x)+15)=9 | 3 x - 15 + 9 = | 3:orchid x:orchid -:orchid 15:orchid +:orchid 9:orchid =:orchid
EXPR: 0 | POS | INT | 27 | 6 | 27 | (x-15)=(9+3) | x 15 - 9 3 + = | x:orchid 15:orchid -:orchid 9:orchid 3:orchid +:orchid =:orchid
EXPR: 0 | POS | INT | 27 | 6 | 9 | ((15-x)+3)=9 | 15 x - 3 + 9 = | 15:orchid x:orchid -:orchid 3:orchid +:orchid 9:orchid =:orchid
EXPR: 0 | POS | INT | 27 | 6 | 21 | ((x-15)+3)=9 | x 15 - 3 + 9 = | x:orchid 15:orchid -:orchid 3:orchid +:orchid 9:orchid =:orchid
EXPR: 0 | POS | INT | 27 | 6 | 3 | 15=(3+(x+9)) | 15 3 x 9 + + = | 15:orchid 3:orchid x:orchid 9:orchid +:orchid +:orchid =:orchid
EXPR: 0 | POS | INT | 27 | 6 | 9 | (15-(x-3))=9 | 15 x 3 - - 9 = | 15:orchid x:orchid 3:orchid -:orchid -:orchid 9:orchid =:orchid
EXPR: 0 | POS | INT | 27 | 6 | 27 | (x-(3+15))=9 | x 3 15 + - 9 = | x:orchid 3:orchid 15:orchid +:orchid -:orchid 9:orchid =:orchid
EXPR: 0 | POS | INT | 27 | 6 | 3 | (15-9)=(3+x) | 15 9 - 3 x + = | 15:orchid 9:orchid -:orchid 3:orchid x:orchid +:orchid =:orchid
EXPR: 0 | POS | INT | 27 | 6 | 21 | (x-(15-3))=9 | x 15 3 - - 9 = | x:orchid 15:orchid 3:orchid -:orchid -:orchid 9:orchid =:orchid
EXPR: 0 | POS | INT | 27 | 6 | 21 | (x+(3-15))=9 | x 3 15 - + 9 = | x:orchid 3:orchid 15:orchid -:orchid +:orchid 9:orchid =:orchid
EXPR: 0 | POS | INT | 27 | 6 | 9 | (15+(3-x))=9 | 15 3 x - + 9 = | 15:orchid 3:orchid x:orchid -:orchid +:orchid 9:orchid =:orchid
EXPR: 0 | POS | INT | 27 | 6 | 21 | (x-15)=(9-3) | x 15 - 9 3 - = | x:orchid 15:orchid -:orchid 9:orchid 3:orchid -:orchid =:orchid
EXPR: 0 | POS | INT | 27 | 6 | 27 | ((x-15)-3)=9 | x 15 - 3 - 9 = | x:orchid 15:orchid -:orchid 3:orchid -:orchid 9:orchid =:orchid
EXPR: 0 | POS | INT | 27 | 6 | 27 | ((x-3)-15)=9 | x 3 - 15 - 9 = | x:orchid 3:orchid -:orchid 15:orchid -:orchid 9:orchid =:orchid
EXPR: 0 | POS | INT | 27 | 6 | 21 | 15=((3+x)-9) | 15 3 x + 9 - = | 15:orchid 3:orchid x:orchid +:orchid 9:orchid -:orchid =:orchid
EXPR: 0 | POS | INT | 27 | 6 | 3 | (15-x)=(9+3) | 15 x - 9 3 + = | 15:orchid x:orchid -:orchid 9:orchid 3:orchid +:orchid =:orchid
EXPR: 0 | POS | INT | 27 | 6 | 3 | 15=((3+x)+9) | 15 3 x + 9 + = | 15:orchid 3:orchid x:orchid +:orchid 9:orchid +:orchid =:orchid
EXPR: 0 | POS | INT | 27 | 6 | 3 | 3=(15-(x+9)) | 3 15 x 9 + - = | 3:orchid 15:orchid x:orchid 9:orchid +:orchid -:orchid =:orchid
EXPR: 0 | POS | INT | 27 | 6 | 27 | 3=((x-15)-9) | 3 x 15 - 9 - = | 3:orchid x:orchid 15:orchid -:orchid 9:orchid -:orchid =:orchid
EXPR: 0 | POS | INT | 27 | 6 | 9 | (3-(x-15))=9 | 3 x 15 - - 9 = | 3:orchid x:orchid 15:orchid -:orchid -:orchid 9:orchid =:orchid
EXPR: 0 | POS | INT | 27 | 6 | 3 | (15-(x+3))=9 | 15 x 3 + - 9 = | 15:orchid x:orchid 3:orchid +:orchid -:orchid 9:orchid =:orchid
EXPR: 0 | POS | INT | 27 | 6 | 9 | 15=((x-3)+9) | 15 x 3 - 9 + = | 15:orchid x:orchid 3:orchid -:orchid 9:orchid +:orchid =:orchid
EXPR: 0 | POS | INT | 27 | 6 | 21 | 15=(3-(9-x)) | 15 3 9 x - - = | 15:orchid 3:orchid 9:orchid x:orchid -:orchid -:orchid =:orchid
EXPR: 0 | POS | INT | 27 | 6 | 27 | 15=((x-3)-9) | 15 x 3 - 9 - = | 15:orchid x:orchid 3:orchid -:orchid 9:orchid -:orchid =:orchid
EXPR: 0 | POS | INT | 27 | 6 | 3 | (15-9)=(x+3) | 15 9 - x 3 + = | 15:orchid 9:orchid -:orchid x:orchid 3:orchid +:orchid =:orchid
EXPR: 0 | POS | INT | 27 | 6 | 9 | (3+(15-x))=9 | 3 15 x - + 9 = | 3:orchid 15:orchid x:orchid -:orchid +:orchid 9:orchid =:orchid
EXPR: 0 | POS | INT | 27 | 6 | 9 | 3=((x-15)+9) | 3 x 15 - 9 + = | 3:orchid x:orchid 15:orchid -:orchid 9:orchid +:orchid =:orchid
EXPR: 0 | POS | INT | 27 | 6 | 3 | ((15-3)-x)=9 | 15 3 - x - 9 = | 15:orchid 3:orchid -:orchid x:orchid -:orchid 9:orchid =:orchid
EXPR: 0 | POS | INT | 27 | 6 | 9 | (15-9)=(x-3) | 15 9 - x 3 - = | 15:orchid 9:orchid -:orchid x:orchid 3:orchid -:orchid =:orchid
EXPR: 0 | POS | INT | 27 | 6 | 3 | 15=(3+(9+x)) | 15 3 9 x + + = | 15:orchid 3:orchid 9:orchid x:orchid +:orchid +:orchid =:orchid
EXPR: 0 | POS | INT | 27 | 6 | 21 | 15=((x+3)-9) | 15 x 3 + 9 - = | 15:orchid x:orchid 3:orchid +:orchid 9:orchid -:orchid =:orchid
EXPR: 0 | POS | INT | 27 | 6 | 21 | 15=(3+(x-9)) | 15 3 x 9 - + = | 15:orchid 3:orchid x:orchid 9:orchid -:orchid +:orchid =:orchid
EXPR: 0 | POS | INT | 27 | 6 | 9 | (15-x)=(9-3) | 15 x - 9 3 - = | 15:orchid x:orchid -:orchid 9:orchid 3:orchid -:orchid =:orchid
EXPR: 0 | POS | INT | 27 | 6 | 3 | 3=(15-(9+x)) | 3 15 9 x + - = | 3:orchid 15:orchid 9:orchid x:orchid +:orchid -:orchid =:orchid
EXPR: 0 | POS | INT | 27 | 6 | 3 | (15-(3+x))=9 | 15 3 x + - 9 = | 15:orchid 3:orchid x:orchid +:orchid -:orchid 9:orchid =:orchid
EXPR: 0 | POS | INT | 27 | 6 | 21 | (3-(15-x))=9 | 3 15 x - - 9 = | 3:orchid 15:orchid x:orchid -:orchid -:orchid 9:orchid =:orchid
EXPR: 0 | POS | INT | 27 | 6 | 21 | 3=(15-(x-9)) | 3 15 x 9 - - = | 3:orchid 15:orchid x:orchid 9:orchid -:orchid -:orchid =:orchid
EXPR: 0 | POS | INT | 27 | 6 | 21 | 3=(15+(9-x)) | 3 15 9 x - + = | 3:orchid 15:orchid 9:orchid x:orchid -:orchid +:orchid =:orchid
EXPR: 0 | POS | INT | 27 | 6 | 9 | 3=(x-(15-9)) | 3 x 15 9 - - = | 3:orchid x:orchid 15:orchid 9:orchid -:orchid -:orchid =:orchid
EXPR: 0 | POS | INT | 27 | 6 | 3 | 15=((x+3)+9) | 15 x 3 + 9 + = | 15:orchid x:orchid 3:orchid +:orchid 9:orchid +:orchid =:orchid
EXPR: 0 | POS | INT | 27 | 6 | 21 | ((3+x)-15)=9 | 3 x + 15 - 9 = | 3:orchid x:orchid +:orchid 15:orchid -:orchid 9:orchid =:orchid
EXPR: 0 | POS | INT | 27 | 6 | 21 | 3=((15-x)+9) | 3 15 x - 9 + = | 3:orchid 15:orchid x:orchid -:orchid 9:orchid +:orchid =:orchid
EXPR: 0 | POS | INT | 27 | 6 | 21 | 15=(x+(3-9)) | 15 x 3 9 - + = | 15:orchid x:orchid 3:orchid 9:orchid -:orchid +:orchid =:orchid
EXPR: 0 | POS | INT | 27 | 6 | 9 | ((3+15)-x)=9 | 3 15 + x - 9 = | 3:orchid 15:orchid +:orchid x:orchid -:orchid 9:orchid =:orchid
EXPR: 0 | POS | INT | 27 | 6 | 21 | (3+(x-15))=9 | 3 x 15 - + 9 = | 3:orchid x:orchid 15:orchid -:orchid +:orchid 9:orchid =:orchid
EXPR: 0 | POS | INT | 27 | 6 | 21 | ((x+3)-15)=9 | x 3 + 15 - 9 = | x:orchid 3:orchid +:orchid 15:orchid -:orchid 9:orchid =:orchid
EXPR: 0 | POS | INT | 27 | 6 | 21 | 15=((3-9)+x) | 15 3 9 - x + = | 15:orchid 3:orchid 9:orchid -:orchid x:orchid +:orchid =:orchid
EXPR: 0 | POS | INT | 27 | 6 | 9 | 15=(x-(3-9)) | 15 x 3 9 - - = | 15:orchid x:orchid 3:orchid 9:orchid -:orchid -:orchid =:orchid
EXPR: 0 | POS | INT | 27 | 6 | 21 | ((3-15)+x)=9 | 3 15 - x + 9 = | 3:orchid 15:orchid -:orchid x:orchid +:orchid 9:orchid =:orchid
EXPR: 0 | POS | INT | 27 | 6 | 3 | 3=((15-x)-9) | 3 15 x - 9 - = | 3:orchid 15:orchid x:orchid -:orchid 9:orchid -:orchid =:orchid
EXPR: 0 | POS | INT | 27 | 6 | 3 | 3=((15-9)-x) | 3 15 9 - x - = | 3:orchid 15:orchid 9:orchid -:orchid x:orchid -:orchid =:orchid
EXPR: 0 | POS | INT | 37 | 6 | 9 | (x-15)=(3-9) | x 15 - 3 9 - = | x:orchid 15:orchid -:orchid 3:orchid 9:orchid -:orchid =:orchid
EXPR: 0 | POS | INT | 37 | 6 | 3 | (x+3)=(15-9) | x 3 + 15 9 - = | x:orchid 3:orchid +:orchid 15:orchid 9:orchid -:orchid =:orchid
EXPR: 0 | POS | INT | 37 | 6 | 21 | (15-x)=(3-9) | 15 x - 3 9 - = | 15:orchid x:orchid -:orchid 3:orchid 9:orchid -:orchid =:orchid
EXPR: 0 | POS | INT | 37 | 6 | 3 | (15-3)=(9+x) | 15 3 - 9 x + = | 15:orchid 3:orchid -:orchid 9:orchid x:orchid +:orchid =:orchid
EXPR: 0 | POS | INT | 37 | 6 | 21 | (3-15)=(9-x) | 3 15 - 9 x - = | 3:orchid 15:orchid -:orchid 9:orchid x:orchid -:orchid =:orchid
EXPR: 0 | POS | INT | 37 | 6 | 3 | (15-3)=(x+9) | 15 3 - x 9 + = | 15:orchid 3:orchid -:orchid x:orchid 9:orchid +:orchid =:orchid
EXPR: 0 | POS | INT | 37 | 6 | 9 | (x-3)=(15-9) | x 3 - 15 9 - = | x:orchid 3:orchid -:orchid 15:orchid 9:orchid -:orchid =:orchid
EXPR: 0 | POS | INT | 37 | 6 | 21 | (15-3)=(x-9) | 15 3 - x 9 - = | 15:orchid 3:orchid -:orchid x:orchid 9:orchid -:orchid =:orchid
EXPR: 0 | POS | INT | 37 | 6 | 3 | (3+x)=(15-9) | 3 x + 15 9 - = | 3:orchid x:orchid +:orchid 15:orchid 9:orchid -:orchid =:orchid
EXPR: 0 | POS | INT | 37 | 6 | 27 | (3+15)=(x-9) | 3 15 + x 9 - = | 3:orchid 15:orchid +:orchid x:orchid 9:orchid -:orchid =:orchid
EXPR: 0 | POS | INT | 37 | 6 | 9 | (3+15)=(x+9) | 3 15 + x 9 + = | 3:orchid 15:orchid +:orchid x:orchid 9:orchid +:orchid =:orchid
EXPR: 0 | POS | INT | 37 | 6 | 9 | (3+15)=(9+x) | 3 15 + 9 x + = | 3:orchid 15:orchid +:orchid 9:orchid x:orchid +:orchid =:orchid
NET 232 non-negative, integer-valued solutions found out of 408 total solutions
