parameters: n=7 l=3 k=1 p=5 q=1 m=9
TOTAL 408 solutions found
SOLN: CORRECT | POS/NEG | INT/FRA | OBJ-SCORE | TRUE-ANS | ANS | INFIX | POSTFIX | TYPED-POSTFIX
EXPR: 0 | POS | INT | 0 | 8 | 4 | x=(8+(2-6)) | x 8 2 6 - + = | x:puppy 8:puppy 2:puppy 6:puppy -:puppy +:puppy =:puppy
EXPR: 0 | POS | INT | 0 | 8 | 12 | x=(8-(2-6)) | x 8 2 6 - - = | x:puppy 8:puppy 2:puppy 6:puppy -:puppy -:puppy =:puppy
EXPR: 0 | POS | INT | 0 | 8 | 16 | x=(8+(2+6)) | x 8 2 6 + + = | x:puppy 8:puppy 2:puppy 6:puppy +:puppy +:puppy =:puppy
EXPR: 0 | POS | INT | 0 | 8 |  | x=(8-(2+6)) | x 8 2 6 + - = | x:puppy 8:puppy 2:puppy 6:puppy +:puppy -:puppy =:puppy
EXPR: 0 | POS | INT | 0 | 8 | 12 | x=((8-2)+6) | x 8 2 - 6 + = | x:puppy 8:puppy 2:puppy -:puppy 6:puppy +:puppy =:puppy
EXPR: 0 | POS | INT | 0 | 8 |  | x=((8-2)-6) | x 8 2 - 6 - = | x:puppy 8:puppy 2:puppy -:puppy 6:puppy -:puppy =:puppy
EXPR: 0 | POS | INT | 0 | 8 | 4 | x=((8+2)-6) | x 8 2 + 6 - = | x:puppy 8:puppy 2:puppy +:puppy 6:puppy -:puppy =:puppy
EXPR: 0 | POS | INT | 0 | 8 | 16 | x=((8+2)+6) | x 8 2 + 6 + = | x:puppy 8:puppy 2:puppy +:puppy 6:puppy +:puppy =:puppy
EXPR: 0 | POS | INT | 1 | 8 | 4 | x=(8+(2-6)) | x 8 2 6 - + = | x:puppy 8:puppy 2:puppy 6:puppy -:puppy +:puppy =:puppy
EXPR: 0 | POS | INT | 1 | 8 | 12 | x=(8-(2-6)) | x 8 2 6 - - = | x:puppy 8:puppy 2:puppy 6:puppy -:puppy -:puppy =:puppy
EXPR: 0 | POS | INT | 1 | 8 |  | x=(8-(2+6)) | x 8 2 6 + - = | x:puppy 8:puppy 2:puppy 6:puppy +:puppy -:puppy =:puppy
EXPR: 0 | POS | INT | 1 | 8 | 12 | x=((8-2)+6) | x 8 2 - 6 + = | x:puppy 8:puppy 2:puppy -:puppy 6:puppy +:puppy =:puppy
EXPR: 0 | POS | INT | 1 | 8 | 16 | x=(8+(2+6)) | x 8 2 6 + + = | x:puppy 8:puppy 2:puppy 6:puppy +:puppy +:puppy =:puppy
EXPR: 0 | POS | INT | 1 | 8 |  | x=((8-2)-6) | x 8 2 - 6 - = | x:puppy 8:puppy 2:puppy -:puppy 6:puppy -:puppy =:puppy
EXPR: 0 | POS | INT | 1 | 8 | 16 | x=((8+2)+6) | x 8 2 + 6 + = | x:puppy 8:puppy 2:puppy +:puppy 6:puppy +:puppy =:puppy
EXPR: 0 | POS | INT | 1 | 8 | 4 | x=((8+2)-6) | x 8 2 + 6 - = | x:puppy 8:puppy 2:puppy +:puppy 6:puppy -:puppy =:puppy
EXPR: 0 | POS | INT | 2 | 8 | 12 | ((x-8)+2)=6 | x 8 - 2 + 6 = | x:puppy 8:puppy -:puppy 2:puppy +:puppy 6:puppy =:puppy
EXPR: 0 | POS | INT | 2 | 8 |  | ((8-x)-2)=6 | 8 x - 2 - 6 = | 8:puppy x:puppy -:puppy 2:puppy -:puppy 6:puppy =:puppy
EXPR: 0 | POS | INT | 2 | 8 | 0 | 8=(2-(x-6)) | 8 2 x 6 - - = | 8:puppy 2:puppy x:puppy 6:puppy -:puppy -:puppy =:puppy
EXPR: 0 | POS | INT | 2 | 8 | 12 | (x-(8-2))=6 | x 8 2 - - 6 = | x:puppy 8:puppy 2:puppy -:puppy -:puppy 6:puppy =:puppy
EXPR: 0 | POS | INT | 2 | 8 | 0 | 8=(2+(x+6)) | 8 2 x 6 + + = | 8:puppy 2:puppy x:puppy 6:puppy +:puppy +:puppy =:puppy
EXPR: 0 | POS | INT | 2 | 8 | 16 | (x-(8+2))=6 | x 8 2 + - 6 = | x:puppy 8:puppy 2:puppy +:puppy -:puppy 6:puppy =:puppy
EXPR: 0 | POS | INT | 2 | 8 |  | (x+(8-2))=6 | x 8 2 - + 6 = | x:puppy 8:puppy 2:puppy -:puppy +:puppy 6:puppy =:puppy
EXPR: 0 | POS | INT | 2 | 8 |  | (8-(2-x))=6 | 8 2 x - - 6 = | 8:puppy 2:puppy x:puppy -:puppy -:puppy 6:puppy =:puppy
EXPR: 0 | POS | INT | 2 | 8 | 4 | (8+(2-x))=6 | 8 2 x - + 6 = | 8:puppy 2:puppy x:puppy -:puppy +:puppy 6:puppy =:puppy
EXPR: 0 | POS | INT | 2 | 8 | 0 | 8=(2+(6-x)) | 8 2 6 x - + = | 8:puppy 2:puppy 6:puppy x:puppy -:puppy +:puppy =:puppy
EXPR: 0 | POS | INT | 2 | 8 | 16 | ((x-8)-2)=6 | x 8 - 2 - 6 = | x:puppy 8:puppy -:puppy 2:puppy -:puppy 6:puppy =:puppy
EXPR: 0 | POS | INT | 2 | 8 |  | (8-(2+x))=6 | 8 2 x + - 6 = | 8:puppy 2:puppy x:puppy +:puppy -:puppy 6:puppy =:puppy
EXPR: 0 | POS | INT | 2 | 8 | 4 | (8-(x-2))=6 | 8 x 2 - - 6 = | 8:puppy x:puppy 2:puppy -:puppy -:puppy 6:puppy =:puppy
EXPR: 0 | POS | INT | 2 | 8 | 4 | ((8-x)+2)=6 | 8 x - 2 + 6 = | 8:puppy x:puppy -:puppy 2:puppy +:puppy 6:puppy =:puppy
EXPR: 0 | POS | INT | 2 | 8 | 4 | 8=((x-2)+6) | 8 x 2 - 6 + = | 8:puppy x:puppy 2:puppy -:puppy 6:puppy +:puppy =:puppy
EXPR: 0 | POS | INT | 2 | 8 | 12 | 8=((x+2)-6) | 8 x 2 + 6 - = | 8:puppy x:puppy 2:puppy +:puppy 6:puppy -:puppy =:puppy
EXPR: 0 | POS | INT | 2 | 8 | 16 | 8=((x-2)-6) | 8 x 2 - 6 - = | 8:puppy x:puppy 2:puppy -:puppy 6:puppy -:puppy =:puppy
EXPR: 0 | POS | INT | 2 | 8 |  | ((8-2)-x)=6 | 8 2 - x - 6 = | 8:puppy 2:puppy -:puppy x:puppy -:puppy 6:puppy =:puppy
EXPR: 0 | POS | INT | 2 | 8 | 12 | 8=(2-(6-x)) | 8 2 6 x - - = | 8:puppy 2:puppy 6:puppy x:puppy -:puppy -:puppy =:puppy
EXPR: 0 | POS | INT | 2 | 8 |  | ((8-2)+x)=6 | 8 2 - x + 6 = | 8:puppy 2:puppy -:puppy x:puppy +:puppy 6:puppy =:puppy
EXPR: 0 | POS | INT | 2 | 8 |  | (8-(x+2))=6 | 8 x 2 + - 6 = | 8:puppy x:puppy 2:puppy +:puppy -:puppy 6:puppy =:puppy
EXPR: 0 | POS | INT | 2 | 8 |  | ((8+x)-2)=6 | 8 x + 2 - 6 = | 8:puppy x:puppy +:puppy 2:puppy -:puppy 6:puppy =:puppy
EXPR: 0 | POS | INT | 2 | 8 | 0 | 8=(2+(6+x)) | 8 2 6 x + + = | 8:puppy 2:puppy 6:puppy x:puppy +:puppy +:puppy =:puppy
EXPR: 0 | POS | INT | 2 | 8 | 12 | 8=(x+(2-6)) | 8 x 2 6 - + = | 8:puppy x:puppy 2:puppy 6:puppy -:puppy +:puppy =:puppy
EXPR: 0 | POS | INT | 2 | 8 | 4 | 8=(x-(2-6)) | 8 x 2 6 - - = | 8:puppy x:puppy 2:puppy 6:puppy -:puppy -:puppy =:puppy
EXPR: 0 | POS | INT | 2 | 8 |  | (8+(x-2))=6 | 8 x 2 - + 6 = | 8:puppy x:puppy 2:puppy -:puppy +:puppy 6:puppy =:puppy
EXPR: 0 | POS | INT | 2 | 8 | 16 | 8=(x-(2+6)) | 8 x 2 6 + - = | 8:puppy x:puppy 2:puppy 6:puppy +:puppy -:puppy =:puppy
EXPR: 0 | POS | INT | 2 | 8 | 0 | 8=((x+2)+6) | 8 x 2 + 6 + = | 8:puppy x:puppy 2:puppy +:puppy 6:puppy +:puppy =:puppy
EXPR: 0 | POS | INT | 2 | 8 | 0 | 8=((2-x)+6) | 8 2 x - 6 + = | 8:puppy 2:puppy x:puppy -:puppy 6:puppy +:puppy =:puppy
EXPR: 0 | POS | INT | 2 | 8 | 12 | 8=(2+(x-6)) | 8 2 x 6 - + = | 8:puppy 2:puppy x:puppy 6:puppy -:puppy +:puppy =:puppy
EXPR: 0 | POS | INT | 2 | 8 |  | ((x+8)-2)=6 | x 8 + 2 - 6 = | x:puppy 8:puppy +:puppy 2:puppy -:puppy 6:puppy =:puppy
EXPR: 0 | POS | INT | 2 | 8 | 12 | 8=((2+x)-6) | 8 2 x + 6 - = | 8:puppy 2:puppy x:puppy +:puppy 6:puppy -:puppy =:puppy
EXPR: 0 | POS | INT | 2 | 8 | 4 | ((8+2)-x)=6 | 8 2 + x - 6 = | 8:puppy 2:puppy +:puppy x:puppy -:puppy 6:puppy =:puppy
EXPR: 0 | POS | INT | 2 | 8 | 0 | 8=((2+x)+6) | 8 2 x + 6 + = | 8:puppy 2:puppy x:puppy +:puppy 6:puppy +:puppy =:puppy
EXPR: 0 | POS | INT | 2 | 8 | 0 | 8=(x+(2+6)) | 8 x 2 6 + + = | 8:puppy x:puppy 2:puppy 6:puppy +:puppy +:puppy =:puppy
EXPR: 0 | POS | INT | 2 | 8 | 12 | 8=((2-6)+x) | 8 2 6 - x + = | 8:puppy 2:puppy 6:puppy -:puppy x:puppy +:puppy =:puppy
EXPR: 0 | POS | INT | 2 | 8 | 0 | 8=((2+6)-x) | 8 2 6 + x - = | 8:puppy 2:puppy 6:puppy +:puppy x:puppy -:puppy =:puppy
EXPR: 0 | POS | INT | 2 | 8 | 0 | 8=((2+6)+x) | 8 2 6 + x + = | 8:puppy 2:puppy 6:puppy +:puppy x:puppy +:puppy =:puppy
EXPR: 0 | POS | INT | 10 | 8 | 4 | x=(2+(8-6)) | x 2 8 6 - + = | x:puppy 2:puppy 8:puppy 6:puppy -:puppy +:puppy =:puppy
EXPR: 0 | POS | INT | 10 | 8 | 12 | x=((8+6)-2) | x 8 6 + 2 - = | x:puppy 8:puppy 6:puppy +:puppy 2:puppy -:puppy =:puppy
EXPR: 0 | POS | INT | 10 | 8 |  | x=((2-8)+6) | x 2 8 - 6 + = | x:puppy 2:puppy 8:puppy -:puppy 6:puppy +:puppy =:puppy
EXPR: 0 | POS | INT | 10 | 8 |  | x=((8-6)-2) | x 8 6 - 2 - = | x:puppy 8:puppy 6:puppy -:puppy 2:puppy -:puppy =:puppy
EXPR: 0 | POS | INT | 10 | 8 | 16 | x=((8+6)+2) | x 8 6 + 2 + = | x:puppy 8:puppy 6:puppy +:puppy 2:puppy +:puppy =:puppy
EXPR: 0 | POS | INT | 10 | 8 | 4 | x=(8-(6-2)) | x 8 6 2 - - = | x:puppy 8:puppy 6:puppy 2:puppy -:puppy -:puppy =:puppy
EXPR: 0 | POS | INT | 10 | 8 | 16 | x=(2+(8+6)) | x 2 8 6 + + = | x:puppy 2:puppy 8:puppy 6:puppy +:puppy +:puppy =:puppy
EXPR: 0 | POS | INT | 10 | 8 | 12 | x=(8+(6-2)) | x 8 6 2 - + = | x:puppy 8:puppy 6:puppy 2:puppy -:puppy +:puppy =:puppy
EXPR: 0 | POS | INT | 10 | 8 | 4 | x=((8-6)+2) | x 8 6 - 2 + = | x:puppy 8:puppy 6:puppy -:puppy 2:puppy +:puppy =:puppy
EXPR: 0 | POS | INT | 10 | 8 |  | x=(2-(8-6)) | x 2 8 6 - - = | x:puppy 2:puppy 8:puppy 6:puppy -:puppy -:puppy =:puppy
EXPR: 0 | POS | INT | 11 | 8 |  | x=(2-(8-6)) | x 2 8 6 - - = | x:puppy 2:puppy 8:puppy 6:puppy -:puppy -:puppy =:puppy
EXPR: 0 | POS | INT | 11 | 8 | 4 | x=(2+(8-6)) | x 2 8 6 - + = | x:puppy 2:puppy 8:puppy 6:puppy -:puppy +:puppy =:puppy
EXPR: 0 | POS | INT | 11 | 8 | 12 | x=((8+6)-2) | x 8 6 + 2 - = | x:puppy 8:puppy 6:puppy +:puppy 2:puppy -:puppy =:puppy
EXPR: 0 | POS | INT | 11 | 8 | 16 | x=((8+6)+2) | x 8 6 + 2 + = | x:puppy 8:puppy 6:puppy +:puppy 2:puppy +:puppy =:puppy
EXPR: 0 | POS | INT | 11 | 8 |  | x=((8-6)-2) | x 8 6 - 2 - = | x:puppy 8:puppy 6:puppy -:puppy 2:puppy -:puppy =:puppy
EXPR: 0 | POS | INT | 11 | 8 |  | x=((2-8)+6) | x 2 8 - 6 + = | x:puppy 2:puppy 8:puppy -:puppy 6:puppy +:puppy =:puppy
EXPR: 0 | POS | INT | 11 | 8 | 4 | x=(8-(6-2)) | x 8 6 2 - - = | x:puppy 8:puppy 6:puppy 2:puppy -:puppy -:puppy =:puppy
EXPR: 0 | POS | INT | 11 | 8 | 16 | x=(2+(8+6)) | x 2 8 6 + + = | x:puppy 2:puppy 8:puppy 6:puppy +:puppy +:puppy =:puppy
EXPR: 0 | POS | INT | 11 | 8 | 12 | x=(8+(6-2)) | x 8 6 2 - + = | x:puppy 8:puppy 6:puppy 2:puppy -:puppy +:puppy =:puppy
EXPR: 0 | POS | INT | 11 | 8 | 4 | x=((8-6)+2) | x 8 6 - 2 + = | x:puppy 8:puppy 6:puppy -:puppy 2:puppy +:puppy =:puppy
EXPR: 0 | POS | INT | 12 | 8 |  | ((8-x)-6)=2 | 8 x - 6 - 2 = | 8:puppy x:puppy -:puppy 6:puppy -:puppy 2:puppy =:puppy
EXPR: 0 | POS | INT | 12 | 8 | 12 | 2=((8-x)+6) | 2 8 x - 6 + = | 2:puppy 8:puppy x:puppy -:puppy 6:puppy +:puppy =:puppy
EXPR: 0 | POS | INT | 12 | 8 | 0 | 2=((8+x)-6) | 2 8 x + 6 - = | 2:puppy 8:puppy x:puppy +:puppy 6:puppy -:puppy =:puppy
EXPR: 0 | POS | INT | 12 | 8 |  | ((x-2)+8)=6 | x 2 - 8 + 6 = | x:puppy 2:puppy -:puppy 8:puppy +:puppy 6:puppy =:puppy
EXPR: 0 | POS | INT | 12 | 8 | 0 | 2=((8-x)-6) | 2 8 x - 6 - = | 2:puppy 8:puppy x:puppy -:puppy 6:puppy -:puppy =:puppy
EXPR: 0 | POS | INT | 12 | 8 | 12 | ((8-x)+6)=2 | 8 x - 6 + 2 = | 8:puppy x:puppy -:puppy 6:puppy +:puppy 2:puppy =:puppy
EXPR: 0 | POS | INT | 12 | 8 | 0 | 8=(6-(x-2)) | 8 6 x 2 - - = | 8:puppy 6:puppy x:puppy 2:puppy -:puppy -:puppy =:puppy
EXPR: 0 | POS | INT | 12 | 8 | 16 | (x-8)=(2+6) | x 8 - 2 6 + = | x:puppy 8:puppy -:puppy 2:puppy 6:puppy +:puppy =:puppy
EXPR: 0 | POS | INT | 12 | 8 | 12 | 2=(8-(x-6)) | 2 8 x 6 - - = | 2:puppy 8:puppy x:puppy 6:puppy -:puppy -:puppy =:puppy
EXPR: 0 | POS | INT | 12 | 8 |  | (x-(2-8))=6 | x 2 8 - - 6 = | x:puppy 2:puppy 8:puppy -:puppy -:puppy 6:puppy =:puppy
EXPR: 0 | POS | INT | 12 | 8 | 4 | (x-(8-6))=2 | x 8 6 - - 2 = | x:puppy 8:puppy 6:puppy -:puppy -:puppy 2:puppy =:puppy
EXPR: 0 | POS | INT | 12 | 8 | 0 | 8=(6+(x+2)) | 8 6 x 2 + + = | 8:puppy 6:puppy x:puppy 2:puppy +:puppy +:puppy =:puppy
EXPR: 0 | POS | INT | 12 | 8 | 16 | ((x-2)-8)=6 | x 2 - 8 - 6 = | x:puppy 2:puppy -:puppy 8:puppy -:puppy 6:puppy =:puppy
EXPR: 0 | POS | INT | 12 | 8 | 16 | (x-(8+6))=2 | x 8 6 + - 2 = | x:puppy 8:puppy 6:puppy +:puppy -:puppy 2:puppy =:puppy
EXPR: 0 | POS | INT | 12 | 8 | 12 | (x+(2-8))=6 | x 2 8 - + 6 = | x:puppy 2:puppy 8:puppy -:puppy +:puppy 6:puppy =:puppy
EXPR: 0 | POS | INT | 12 | 8 |  | (x+(8-6))=2 | x 8 6 - + 2 = | x:puppy 8:puppy 6:puppy -:puppy +:puppy 2:puppy =:puppy
EXPR: 0 | POS | INT | 12 | 8 |  | (8-x)=(2+6) | 8 x - 2 6 + = | 8:puppy x:puppy -:puppy 2:puppy 6:puppy +:puppy =:puppy
EXPR: 0 | POS | INT | 12 | 8 | 0 | (8-2)=(6+x) | 8 2 - 6 x + = | 8:puppy 2:puppy -:puppy 6:puppy x:puppy +:puppy =:puppy
EXPR: 0 | POS | INT | 12 | 8 |  | (8-(6-x))=2 | 8 6 x - - 2 = | 8:puppy 6:puppy x:puppy -:puppy -:puppy 2:puppy =:puppy
EXPR: 0 | POS | INT | 12 | 8 | 4 | ((x-8)+6)=2 | x 8 - 6 + 2 = | x:puppy 8:puppy -:puppy 6:puppy +:puppy 2:puppy =:puppy
EXPR: 0 | POS | INT | 12 | 8 | 12 | ((2+x)-8)=6 | 2 x + 8 - 6 = | 2:puppy x:puppy +:puppy 8:puppy -:puppy 6:puppy =:puppy
EXPR: 0 | POS | INT | 12 | 8 |  | (8-(6+x))=2 | 8 6 x + - 2 = | 8:puppy 6:puppy x:puppy +:puppy -:puppy 2:puppy =:puppy
EXPR: 0 | POS | INT | 12 | 8 | 12 | (2-(8-x))=6 | 2 8 x - - 6 = | 2:puppy 8:puppy x:puppy -:puppy -:puppy 6:puppy =:puppy
EXPR: 0 | POS | INT | 12 | 8 | 4 | (x-8)=(2-6) | x 8 - 2 6 - = | x:puppy 8:puppy -:puppy 2:puppy 6:puppy -:puppy =:puppy
EXPR: 0 | POS | INT | 12 | 8 | 16 | ((x-8)-6)=2 | x 8 - 6 - 2 = | x:puppy 8:puppy -:puppy 6:puppy -:puppy 2:puppy =:puppy
EXPR: 0 | POS | INT | 12 | 8 | 12 | (8-x)=(2-6) | 8 x - 2 6 - = | 8:puppy x:puppy -:puppy 2:puppy 6:puppy -:puppy =:puppy
EXPR: 0 | POS | INT | 12 | 8 | 0 | 2=((8-6)+x) | 2 8 6 - x + = | 2:puppy 8:puppy 6:puppy -:puppy x:puppy +:puppy =:puppy
EXPR: 0 | POS | INT | 12 | 8 | 0 | 2=(8-(x+6)) | 2 8 x 6 + - = | 2:puppy 8:puppy x:puppy 6:puppy +:puppy -:puppy =:puppy
EXPR: 0 | POS | INT | 12 | 8 | 4 | (2-(x-8))=6 | 2 x 8 - - 6 = | 2:puppy x:puppy 8:puppy -:puppy -:puppy 6:puppy =:puppy
EXPR: 0 | POS | INT | 12 | 8 | 12 | 8=((x-6)+2) | 8 x 6 - 2 + = | 8:puppy x:puppy 6:puppy -:puppy 2:puppy +:puppy =:puppy
EXPR: 0 | POS | INT | 12 | 8 | 4 | 8=((x+6)-2) | 8 x 6 + 2 - = | 8:puppy x:puppy 6:puppy +:puppy 2:puppy -:puppy =:puppy
EXPR: 0 | POS | INT | 12 | 8 | 12 | 2=((8+6)-x) | 2 8 6 + x - = | 2:puppy 8:puppy 6:puppy +:puppy x:puppy -:puppy =:puppy
EXPR: 0 | POS | INT | 12 | 8 | 4 | 2=((x-8)+6) | 2 x 8 - 6 + = | 2:puppy x:puppy 8:puppy -:puppy 6:puppy +:puppy =:puppy
EXPR: 0 | POS | INT | 12 | 8 |  | ((8-6)-x)=2 | 8 6 - x - 2 = | 8:puppy 6:puppy -:puppy x:puppy -:puppy 2:puppy =:puppy
EXPR: 0 | POS | INT | 12 | 8 | 4 | (2+(8-x))=6 | 2 8 x - + 6 = | 2:puppy 8:puppy x:puppy -:puppy +:puppy 6:puppy =:puppy
EXPR: 0 | POS | INT | 12 | 8 | 12 | (8-(x-6))=2 | 8 x 6 - - 2 = | 8:puppy x:puppy 6:puppy -:puppy -:puppy 2:puppy =:puppy
EXPR: 0 | POS | INT | 12 | 8 | 0 | (8-2)=(x+6) | 8 2 - x 6 + = | 8:puppy 2:puppy -:puppy x:puppy 6:puppy +:puppy =:puppy
EXPR: 0 | POS | INT | 12 | 8 | 0 | 8=(6+(2-x)) | 8 6 2 x - + = | 8:puppy 6:puppy 2:puppy x:puppy -:puppy +:puppy =:puppy
EXPR: 0 | POS | INT | 12 | 8 | 4 | 8=(6-(2-x)) | 8 6 2 x - - = | 8:puppy 6:puppy 2:puppy x:puppy -:puppy -:puppy =:puppy
EXPR: 0 | POS | INT | 12 | 8 |  | ((8-6)+x)=2 | 8 6 - x + 2 = | 8:puppy 6:puppy -:puppy x:puppy +:puppy 2:puppy =:puppy
EXPR: 0 | POS | INT | 12 | 8 | 12 | (8-2)=(x-6) | 8 2 - x 6 - = | 8:puppy 2:puppy -:puppy x:puppy 6:puppy -:puppy =:puppy
EXPR: 0 | POS | INT | 12 | 8 | 12 | 2=(8+(6-x)) | 2 8 6 x - + = | 2:puppy 8:puppy 6:puppy x:puppy -:puppy +:puppy =:puppy
EXPR: 0 | POS | INT | 12 | 8 | 0 | 2=(8-(6-x)) | 2 8 6 x - - = | 2:puppy 8:puppy 6:puppy x:puppy -:puppy -:puppy =:puppy
EXPR: 0 | POS | INT | 12 | 8 | 4 | ((2-x)+8)=6 | 2 x - 8 + 6 = | 2:puppy x:puppy -:puppy 8:puppy +:puppy 6:puppy =:puppy
EXPR: 0 | POS | INT | 12 | 8 | 0 | 2=((x+8)-6) | 2 x 8 + 6 - = | 2:puppy x:puppy 8:puppy +:puppy 6:puppy -:puppy =:puppy
EXPR: 0 | POS | INT | 12 | 8 | 0 | (8-2)=(6-x) | 8 2 - 6 x - = | 8:puppy 2:puppy -:puppy 6:puppy x:puppy -:puppy =:puppy
EXPR: 0 | POS | INT | 12 | 8 | 12 | ((x+2)-8)=6 | x 2 + 8 - 6 = | x:puppy 2:puppy +:puppy 8:puppy -:puppy 6:puppy =:puppy
EXPR: 0 | POS | INT | 12 | 8 | 0 | 8=(6+(2+x)) | 8 6 2 x + + = | 8:puppy 6:puppy 2:puppy x:puppy +:puppy +:puppy =:puppy
EXPR: 0 | POS | INT | 12 | 8 | 16 | 8=((x-6)-2) | 8 x 6 - 2 - = | 8:puppy x:puppy 6:puppy -:puppy 2:puppy -:puppy =:puppy
EXPR: 0 | POS | INT | 12 | 8 | 4 | 8=(x+(6-2)) | 8 x 6 2 - + = | 8:puppy x:puppy 6:puppy 2:puppy -:puppy +:puppy =:puppy
EXPR: 0 | POS | INT | 12 | 8 |  | (8+(x-6))=2 | 8 x 6 - + 2 = | 8:puppy x:puppy 6:puppy -:puppy +:puppy 2:puppy =:puppy
EXPR: 0 | POS | INT | 12 | 8 |  | (8-(x+6))=2 | 8 x 6 + - 2 = | 8:puppy x:puppy 6:puppy +:puppy -:puppy 2:puppy =:puppy
EXPR: 0 | POS | INT | 12 | 8 | 0 | 8=((x+6)+2) | 8 x 6 + 2 + = | 8:puppy x:puppy 6:puppy +:puppy 2:puppy +:puppy =:puppy
EXPR: 0 | POS | INT | 12 | 8 | 0 | 8=((6-x)+2) | 8 6 x - 2 + = | 8:puppy 6:puppy x:puppy -:puppy 2:puppy +:puppy =:puppy
EXPR: 0 | POS | INT | 12 | 8 | 16 | 2=((x-8)-6) | 2 x 8 - 6 - = | 2:puppy x:puppy 8:puppy -:puppy 6:puppy -:puppy =:puppy
EXPR: 0 | POS | INT | 12 | 8 | 4 | 8=(6+(x-2)) | 8 6 x 2 - + = | 8:puppy 6:puppy x:puppy 2:puppy -:puppy +:puppy =:puppy
EXPR: 0 | POS | INT | 12 | 8 | 0 | 2=(8-(6+x)) | 2 8 6 x + - = | 2:puppy 8:puppy 6:puppy x:puppy +:puppy -:puppy =:puppy
EXPR: 0 | POS | INT | 12 | 8 | 0 | 2=((8-6)-x) | 2 8 6 - x - = | 2:puppy 8:puppy 6:puppy -:puppy x:puppy -:puppy =:puppy
EXPR: 0 | POS | INT | 12 | 8 | 0 | 2=(x+(8-6)) | 2 x 8 6 - + = | 2:puppy x:puppy 8:puppy 6:puppy -:puppy +:puppy =:puppy
EXPR: 0 | POS | INT | 12 | 8 | 4 | 2=(x-(8-6)) | 2 x 8 6 - - = | 2:puppy x:puppy 8:puppy 6:puppy -:puppy -:puppy =:puppy
EXPR: 0 | POS | INT | 12 | 8 | 12 | ((2-8)+x)=6 | 2 8 - x + 6 = | 2:puppy 8:puppy -:puppy x:puppy +:puppy 6:puppy =:puppy
EXPR: 0 | POS | INT | 12 | 8 | 12 | 8=(x-(6-2)) | 8 x 6 2 - - = | 8:puppy x:puppy 6:puppy 2:puppy -:puppy -:puppy =:puppy
EXPR: 0 | POS | INT | 12 | 8 | 0 | 2=(8+(x-6)) | 2 8 x 6 - + = | 2:puppy 8:puppy x:puppy 6:puppy -:puppy +:puppy =:puppy
EXPR: 0 | POS | INT | 12 | 8 |  | ((8+x)-6)=2 | 8 x + 6 - 2 = | 8:puppy x:puppy +:puppy 6:puppy -:puppy 2:puppy =:puppy
EXPR: 0 | POS | INT | 12 | 8 | 16 | 2=(x-(8+6)) | 2 x 8 6 + - = | 2:puppy x:puppy 8:puppy 6:puppy +:puppy -:puppy =:puppy
EXPR: 0 | POS | INT | 12 | 8 | 4 | 8=((6+x)-2) | 8 6 x + 2 - = | 8:puppy 6:puppy x:puppy +:puppy 2:puppy -:puppy =:puppy
EXPR: 0 | POS | INT | 12 | 8 | 12 | (2+(x-8))=6 | 2 x 8 - + 6 = | 2:puppy x:puppy 8:puppy -:puppy +:puppy 6:puppy =:puppy
EXPR: 0 | POS | INT | 12 | 8 | 12 | (8+(6-x))=2 | 8 6 x - + 2 = | 8:puppy 6:puppy x:puppy -:puppy +:puppy 2:puppy =:puppy
EXPR: 0 | POS | INT | 12 | 8 | 12 | ((8+6)-x)=2 | 8 6 + x - 2 = | 8:puppy 6:puppy +:puppy x:puppy -:puppy 2:puppy =:puppy
EXPR: 0 | POS | INT | 12 | 8 | 0 | 8=((6+x)+2) | 8 6 x + 2 + = | 8:puppy 6:puppy x:puppy +:puppy 2:puppy +:puppy =:puppy
EXPR: 0 | POS | INT | 12 | 8 |  | (8+x)=(2+6) | 8 x + 2 6 + = | 8:puppy x:puppy +:puppy 2:puppy 6:puppy +:puppy =:puppy
EXPR: 0 | POS | INT | 12 | 8 |  | ((x+8)-6)=2 | x 8 + 6 - 2 = | x:puppy 8:puppy +:puppy 6:puppy -:puppy 2:puppy =:puppy
EXPR: 0 | POS | INT | 12 | 8 |  | (x+8)=(2+6) | x 8 + 2 6 + = | x:puppy 8:puppy +:puppy 2:puppy 6:puppy +:puppy =:puppy
EXPR: 0 | POS | INT | 12 | 8 | 4 | 8=((6-2)+x) | 8 6 2 - x + = | 8:puppy 6:puppy 2:puppy -:puppy x:puppy +:puppy =:puppy
EXPR: 0 | POS | INT | 12 | 8 | 16 | (8+2)=(x-6) | 8 2 + x 6 - = | 8:puppy 2:puppy +:puppy x:puppy 6:puppy -:puppy =:puppy
EXPR: 0 | POS | INT | 12 | 8 | 4 | (8+2)=(x+6) | 8 2 + x 6 + = | 8:puppy 2:puppy +:puppy x:puppy 6:puppy +:puppy =:puppy
EXPR: 0 | POS | INT | 12 | 8 | 4 | (8+2)=(6+x) | 8 2 + 6 x + = | 8:puppy 2:puppy +:puppy 6:puppy x:puppy +:puppy =:puppy
EXPR: 0 | POS | INT | 15 | 8 |  | x=((6-8)+2) | x 6 8 - 2 + = | x:puppy 6:puppy 8:puppy -:puppy 2:puppy +:puppy =:puppy
EXPR: 0 | POS | INT | 15 | 8 | 12 | x=(6+(8-2)) | x 6 8 2 - + = | x:puppy 6:puppy 8:puppy 2:puppy -:puppy +:puppy =:puppy
EXPR: 0 | POS | INT | 15 | 8 |  | x=(6-(8-2)) | x 6 8 2 - - = | x:puppy 6:puppy 8:puppy 2:puppy -:puppy -:puppy =:puppy
EXPR: 0 | POS | INT | 15 | 8 | 16 | x=(6+(8+2)) | x 6 8 2 + + = | x:puppy 6:puppy 8:puppy 2:puppy +:puppy +:puppy =:puppy
EXPR: 0 | POS | INT | 16 | 8 |  | x=((6-8)+2) | x 6 8 - 2 + = | x:puppy 6:puppy 8:puppy -:puppy 2:puppy +:puppy =:puppy
EXPR: 0 | POS | INT | 16 | 8 | 12 | x=(6+(8-2)) | x 6 8 2 - + = | x:puppy 6:puppy 8:puppy 2:puppy -:puppy +:puppy =:puppy
EXPR: 0 | POS | INT | 16 | 8 |  | x=(6-(8-2)) | x 6 8 2 - - = | x:puppy 6:puppy 8:puppy 2:puppy -:puppy -:puppy =:puppy
EXPR: 0 | POS | INT | 16 | 8 | 16 | x=(6+(8+2)) | x 6 8 2 + + = | x:puppy 6:puppy 8:puppy 2:puppy +:puppy +:puppy =:puppy
EXPR: 0 | POS | INT | 17 | 8 | 4 | 6=((8-x)+2) | 6 8 x - 2 + = | 6:puppy 8:puppy x:puppy -:puppy 2:puppy +:puppy =:puppy
EXPR: 0 | POS | INT | 17 | 8 | 0 | 6=(8-(x+2)) | 6 8 x 2 + - = | 6:puppy 8:puppy x:puppy 2:puppy +:puppy -:puppy =:puppy
EXPR: 0 | POS | INT | 17 | 8 | 12 | (6-(x-8))=2 | 6 x 8 - - 2 = | 6:puppy x:puppy 8:puppy -:puppy -:puppy 2:puppy =:puppy
EXPR: 0 | POS | INT | 17 | 8 |  | ((x-6)+8)=2 | x 6 - 8 + 2 = | x:puppy 6:puppy -:puppy 8:puppy +:puppy 2:puppy =:puppy
EXPR: 0 | POS | INT | 17 | 8 | 4 | 6=(8+(2-x)) | 6 8 2 x - + = | 6:puppy 8:puppy 2:puppy x:puppy -:puppy +:puppy =:puppy
EXPR: 0 | POS | INT | 17 | 8 | 4 | (6-(8-x))=2 | 6 8 x - - 2 = | 6:puppy 8:puppy x:puppy -:puppy -:puppy 2:puppy =:puppy
EXPR: 0 | POS | INT | 17 | 8 |  | (x-(6-8))=2 | x 6 8 - - 2 = | x:puppy 6:puppy 8:puppy -:puppy -:puppy 2:puppy =:puppy
EXPR: 0 | POS | INT | 17 | 8 | 12 | (6+(8-x))=2 | 6 8 x - + 2 = | 6:puppy 8:puppy x:puppy -:puppy +:puppy 2:puppy =:puppy
EXPR: 0 | POS | INT | 17 | 8 | 0 | 6=(8-(2+x)) | 6 8 2 x + - = | 6:puppy 8:puppy 2:puppy x:puppy +:puppy -:puppy =:puppy
EXPR: 0 | POS | INT | 17 | 8 | 0 | 6=(8-(2-x)) | 6 8 2 x - - = | 6:puppy 8:puppy 2:puppy x:puppy -:puppy -:puppy =:puppy
EXPR: 0 | POS | INT | 17 | 8 | 0 | 6=((8+x)-2) | 6 8 x + 2 - = | 6:puppy 8:puppy x:puppy +:puppy 2:puppy -:puppy =:puppy
EXPR: 0 | POS | INT | 17 | 8 | 16 | ((x-6)-8)=2 | x 6 - 8 - 2 = | x:puppy 6:puppy -:puppy 8:puppy -:puppy 2:puppy =:puppy
EXPR: 0 | POS | INT | 17 | 8 | 12 | 6=((x-8)+2) | 6 x 8 - 2 + = | 6:puppy x:puppy 8:puppy -:puppy 2:puppy +:puppy =:puppy
EXPR: 0 | POS | INT | 17 | 8 | 4 | (6+(x-8))=2 | 6 x 8 - + 2 = | 6:puppy x:puppy 8:puppy -:puppy +:puppy 2:puppy =:puppy
EXPR: 0 | POS | INT | 17 | 8 | 16 | 6=((x-8)-2) | 6 x 8 - 2 - = | 6:puppy x:puppy 8:puppy -:puppy 2:puppy -:puppy =:puppy
EXPR: 0 | POS | INT | 17 | 8 | 4 | ((6-8)+x)=2 | 6 8 - x + 2 = | 6:puppy 8:puppy -:puppy x:puppy +:puppy 2:puppy =:puppy
EXPR: 0 | POS | INT | 17 | 8 | 4 | (x+(6-8))=2 | x 6 8 - + 2 = | x:puppy 6:puppy 8:puppy -:puppy +:puppy 2:puppy =:puppy
EXPR: 0 | POS | INT | 17 | 8 | 12 | ((6-x)+8)=2 | 6 x - 8 + 2 = | 6:puppy x:puppy -:puppy 8:puppy +:puppy 2:puppy =:puppy
EXPR: 0 | POS | INT | 17 | 8 | 0 | 6=((8-x)-2) | 6 8 x - 2 - = | 6:puppy 8:puppy x:puppy -:puppy 2:puppy -:puppy =:puppy
EXPR: 0 | POS | INT | 17 | 8 | 4 | ((6+x)-8)=2 | 6 x + 8 - 2 = | 6:puppy x:puppy +:puppy 8:puppy -:puppy 2:puppy =:puppy
EXPR: 0 | POS | INT | 17 | 8 | 0 | 6=((x+8)-2) | 6 x 8 + 2 - = | 6:puppy x:puppy 8:puppy +:puppy 2:puppy -:puppy =:puppy
EXPR: 0 | POS | INT | 17 | 8 | 0 | 6=(8+(x-2)) | 6 8 x 2 - + = | 6:puppy 8:puppy x:puppy 2:puppy -:puppy +:puppy =:puppy
EXPR: 0 | POS | INT | 17 | 8 | 4 | ((x+6)-8)=2 | x 6 + 8 - 2 = | x:puppy 6:puppy +:puppy 8:puppy -:puppy 2:puppy =:puppy
EXPR: 0 | POS | INT | 17 | 8 | 4 | 6=(8-(x-2)) | 6 8 x 2 - - = | 6:puppy 8:puppy x:puppy 2:puppy -:puppy -:puppy =:puppy
EXPR: 0 | POS | INT | 17 | 8 | 16 | 6=(x-(8+2)) | 6 x 8 2 + - = | 6:puppy x:puppy 8:puppy 2:puppy +:puppy -:puppy =:puppy
EXPR: 0 | POS | INT | 17 | 8 | 4 | 6=((8+2)-x) | 6 8 2 + x - = | 6:puppy 8:puppy 2:puppy +:puppy x:puppy -:puppy =:puppy
EXPR: 0 | POS | INT | 17 | 8 | 0 | 6=((8-2)+x) | 6 8 2 - x + = | 6:puppy 8:puppy 2:puppy -:puppy x:puppy +:puppy =:puppy
EXPR: 0 | POS | INT | 17 | 8 | 0 | 6=(x+(8-2)) | 6 x 8 2 - + = | 6:puppy x:puppy 8:puppy 2:puppy -:puppy +:puppy =:puppy
EXPR: 0 | POS | INT | 17 | 8 | 12 | 6=(x-(8-2)) | 6 x 8 2 - - = | 6:puppy x:puppy 8:puppy 2:puppy -:puppy -:puppy =:puppy
EXPR: 0 | POS | INT | 17 | 8 | 0 | 6=((8-2)-x) | 6 8 2 - x - = | 6:puppy 8:puppy 2:puppy -:puppy x:puppy -:puppy =:puppy
EXPR: 0 | POS | INT | 22 | 8 | 4 | (8-x)=(6-2) | 8 x - 6 2 - = | 8:puppy x:puppy -:puppy 6:puppy 2:puppy -:puppy =:puppy
EXPR: 0 | POS | INT | 22 | 8 | 0 | (8-6)=(2+x) | 8 6 - 2 x + = | 8:puppy 6:puppy -:puppy 2:puppy x:puppy +:puppy =:puppy
EXPR: 0 | POS | INT | 22 | 8 |  | (x+2)=(8-6) | x 2 + 8 6 - = | x:puppy 2:puppy +:puppy 8:puppy 6:puppy -:puppy =:puppy
EXPR: 0 | POS | INT | 22 | 8 | 0 | (8-6)=(2-x) | 8 6 - 2 x - = | 8:puppy 6:puppy -:puppy 2:puppy x:puppy -:puppy =:puppy
EXPR: 0 | POS | INT | 22 | 8 | 12 | (x+2)=(8+6) | x 2 + 8 6 + = | x:puppy 2:puppy +:puppy 8:puppy 6:puppy +:puppy =:puppy
EXPR: 0 | POS | INT | 22 | 8 | 12 | (x-8)=(6-2) | x 8 - 6 2 - = | x:puppy 8:puppy -:puppy 6:puppy 2:puppy -:puppy =:puppy
EXPR: 0 | POS | INT | 22 | 8 | 16 | (x-2)=(8+6) | x 2 - 8 6 + = | x:puppy 2:puppy -:puppy 8:puppy 6:puppy +:puppy =:puppy
EXPR: 0 | POS | INT | 22 | 8 | 4 | (x-2)=(8-6) | x 2 - 8 6 - = | x:puppy 2:puppy -:puppy 8:puppy 6:puppy -:puppy =:puppy
EXPR: 0 | POS | INT | 22 | 8 | 0 | (8-6)=(x+2) | 8 6 - x 2 + = | 8:puppy 6:puppy -:puppy x:puppy 2:puppy +:puppy =:puppy
EXPR: 0 | POS | INT | 22 | 8 |  | (2-x)=(8-6) | 2 x - 8 6 - = | 2:puppy x:puppy -:puppy 8:puppy 6:puppy -:puppy =:puppy
EXPR: 0 | POS | INT | 22 | 8 | 12 | (2-8)=(6-x) | 2 8 - 6 x - = | 2:puppy 8:puppy -:puppy 6:puppy x:puppy -:puppy =:puppy
EXPR: 0 | POS | INT | 22 | 8 | 4 | (8-6)=(x-2) | 8 6 - x 2 - = | 8:puppy 6:puppy -:puppy x:puppy 2:puppy -:puppy =:puppy
EXPR: 0 | POS | INT | 22 | 8 | 0 | (2-8)=(x-6) | 2 8 - x 6 - = | 2:puppy 8:puppy -:puppy x:puppy 6:puppy -:puppy =:puppy
EXPR: 0 | POS | INT | 22 | 8 |  | (2+x)=(8-6) | 2 x + 8 6 - = | 2:puppy x:puppy +:puppy 8:puppy 6:puppy -:puppy =:puppy
EXPR: 0 | POS | INT | 22 | 8 | 12 | (2+x)=(8+6) | 2 x + 8 6 + = | 2:puppy x:puppy +:puppy 8:puppy 6:puppy +:puppy =:puppy
EXPR: 0 | POS | INT | 22 | 8 | 16 | (8+6)=(x-2) | 8 6 + x 2 - = | 8:puppy 6:puppy +:puppy x:puppy 2:puppy -:puppy =:puppy
EXPR: 0 | POS | INT | 22 | 8 | 12 | (8+6)=(x+2) | 8 6 + x 2 + = | 8:puppy 6:puppy +:puppy x:puppy 2:puppy +:puppy =:puppy
EXPR: 0 | POS | INT | 22 | 8 | 12 | (8+6)=(2+x) | 8 6 + 2 x + = | 8:puppy 6:puppy +:puppy 2:puppy x:puppy +:puppy =:puppy
EXPR: 0 | POS | INT | 25 | 8 |  | x=((2+6)-8) | x 2 6 + 8 - = | x:puppy 2:puppy 6:puppy +:puppy 8:puppy -:puppy =:puppy
EXPR: 0 | POS | INT | 25 | 8 | 16 | x=((2+6)+8) | x 2 6 + 8 + = | x:puppy 2:puppy 6:puppy +:puppy 8:puppy +:puppy =:puppy
EXPR: 0 | POS | INT | 25 | 8 | 12 | x=((6-2)+8) | x 6 2 - 8 + = | x:puppy 6:puppy 2:puppy -:puppy 8:puppy +:puppy =:puppy
EXPR: 0 | POS | INT | 25 | 8 |  | x=(2+(6-8)) | x 2 6 8 - + = | x:puppy 2:puppy 6:puppy 8:puppy -:puppy +:puppy =:puppy
EXPR: 0 | POS | INT | 25 | 8 |  | x=(6+(2-8)) | x 6 2 8 - + = | x:puppy 6:puppy 2:puppy 8:puppy -:puppy +:puppy =:puppy
EXPR: 0 | POS | INT | 25 | 8 | 4 | x=(2-(6-8)) | x 2 6 8 - - = | x:puppy 2:puppy 6:puppy 8:puppy -:puppy -:puppy =:puppy
EXPR: 0 | POS | INT | 25 | 8 | 12 | x=(6-(2-8)) | x 6 2 8 - - = | x:puppy 6:puppy 2:puppy 8:puppy -:puppy -:puppy =:puppy
EXPR: 0 | POS | INT | 25 | 8 | 4 | x=((2-6)+8) | x 2 6 - 8 + = | x:puppy 2:puppy 6:puppy -:puppy 8:puppy +:puppy =:puppy
EXPR: 0 | POS | INT | 26 | 8 | 12 | x=((6-2)+8) | x 6 2 - 8 + = | x:puppy 6:puppy 2:puppy -:puppy 8:puppy +:puppy =:puppy
EXPR: 0 | POS | INT | 26 | 8 | 16 | x=((2+6)+8) | x 2 6 + 8 + = | x:puppy 2:puppy 6:puppy +:puppy 8:puppy +:puppy =:puppy
EXPR: 0 | POS | INT | 26 | 8 |  | x=(2+(6-8)) | x 2 6 8 - + = | x:puppy 2:puppy 6:puppy 8:puppy -:puppy +:puppy =:puppy
EXPR: 0 | POS | INT | 26 | 8 |  | x=((2+6)-8) | x 2 6 + 8 - = | x:puppy 2:puppy 6:puppy +:puppy 8:puppy -:puppy =:puppy
EXPR: 0 | POS | INT | 26 | 8 |  | x=(6+(2-8)) | x 6 2 8 - + = | x:puppy 6:puppy 2:puppy 8:puppy -:puppy +:puppy =:puppy
EXPR: 0 | POS | INT | 26 | 8 | 4 | x=(2-(6-8)) | x 2 6 8 - - = | x:puppy 2:puppy 6:puppy 8:puppy -:puppy -:puppy =:puppy
EXPR: 0 | POS | INT | 26 | 8 | 12 | x=(6-(2-8)) | x 6 2 8 - - = | x:puppy 6:puppy 2:puppy 8:puppy -:puppy -:puppy =:puppy
EXPR: 0 | POS | INT | 26 | 8 | 4 | x=((2-6)+8) | x 2 6 - 8 + = | x:puppy 2:puppy 6:puppy -:puppy 8:puppy +:puppy =:puppy
EXPR: 0 | POS | INT | 27 | 8 |  | (x+6)=(8-2) | x 6 + 8 2 - = | x:puppy 6:puppy +:puppy 8:puppy 2:puppy -:puppy =:puppy
EXPR: 0 | POS | INT | 27 | 8 | 4 | 6=((2-x)+8) | 6 2 x - 8 + = | 6:puppy 2:puppy x:puppy -:puppy 8:puppy +:puppy =:puppy
EXPR: 0 | POS | INT | 27 | 8 |  | ((2-x)+6)=8 | 2 x - 6 + 8 = | 2:puppy x:puppy -:puppy 6:puppy +:puppy 8:puppy =:puppy
EXPR: 0 | POS | INT | 27 | 8 | 4 | 6=(2-(x-8)) | 6 2 x 8 - - = | 6:puppy 2:puppy x:puppy 8:puppy -:puppy -:puppy =:puppy
EXPR: 0 | POS | INT | 27 | 8 | 16 | (x-6)=(8+2) | x 6 - 8 2 + = | x:puppy 6:puppy -:puppy 8:puppy 2:puppy +:puppy =:puppy
EXPR: 0 | POS | INT | 27 | 8 |  | ((6-x)+2)=8 | 6 x - 2 + 8 = | 6:puppy x:puppy -:puppy 2:puppy +:puppy 8:puppy =:puppy
EXPR: 0 | POS | INT | 27 | 8 | 12 | ((x-6)+2)=8 | x 6 - 2 + 8 = | x:puppy 6:puppy -:puppy 2:puppy +:puppy 8:puppy =:puppy
EXPR: 0 | POS | INT | 27 | 8 | 4 | (x+6)=(8+2) | x 6 + 8 2 + = | x:puppy 6:puppy +:puppy 8:puppy 2:puppy +:puppy =:puppy
EXPR: 0 | POS | INT | 27 | 8 |  | (6-(x-2))=8 | 6 x 2 - - 8 = | 6:puppy x:puppy 2:puppy -:puppy -:puppy 8:puppy =:puppy
EXPR: 0 | POS | INT | 27 | 8 | 4 | (x-(2-6))=8 | x 2 6 - - 8 = | x:puppy 2:puppy 6:puppy -:puppy -:puppy 8:puppy =:puppy
EXPR: 0 | POS | INT | 27 | 8 | 16 | (x-(2+6))=8 | x 2 6 + - 8 = | x:puppy 2:puppy 6:puppy +:puppy -:puppy 8:puppy =:puppy
EXPR: 0 | POS | INT | 27 | 8 | 12 | (x-(6-2))=8 | x 6 2 - - 8 = | x:puppy 6:puppy 2:puppy -:puppy -:puppy 8:puppy =:puppy
EXPR: 0 | POS | INT | 27 | 8 | 12 | (x+(2-6))=8 | x 2 6 - + 8 = | x:puppy 2:puppy 6:puppy -:puppy +:puppy 8:puppy =:puppy
EXPR: 0 | POS | INT | 27 | 8 |  | (6+(2-x))=8 | 6 2 x - + 8 = | 6:puppy 2:puppy x:puppy -:puppy +:puppy 8:puppy =:puppy
EXPR: 0 | POS | INT | 27 | 8 | 12 | (x-6)=(8-2) | x 6 - 8 2 - = | x:puppy 6:puppy -:puppy 8:puppy 2:puppy -:puppy =:puppy
EXPR: 0 | POS | INT | 27 | 8 | 4 | ((6+x)-2)=8 | 6 x + 2 - 8 = | 6:puppy x:puppy +:puppy 2:puppy -:puppy 8:puppy =:puppy
EXPR: 0 | POS | INT | 27 | 8 | 16 | ((x-6)-2)=8 | x 6 - 2 - 8 = | x:puppy 6:puppy -:puppy 2:puppy -:puppy 8:puppy =:puppy
EXPR: 0 | POS | INT | 27 | 8 | 16 | ((x-2)-6)=8 | x 2 - 6 - 8 = | x:puppy 2:puppy -:puppy 6:puppy -:puppy 8:puppy =:puppy
EXPR: 0 | POS | INT | 27 | 8 | 12 | 6=((2+x)-8) | 6 2 x + 8 - = | 6:puppy 2:puppy x:puppy +:puppy 8:puppy -:puppy =:puppy
EXPR: 0 | POS | INT | 27 | 8 | 4 | (6-(2-x))=8 | 6 2 x - - 8 = | 6:puppy 2:puppy x:puppy -:puppy -:puppy 8:puppy =:puppy
EXPR: 0 | POS | INT | 27 | 8 |  | (2+(6+x))=8 | 2 6 x + + 8 = | 2:puppy 6:puppy x:puppy +:puppy +:puppy 8:puppy =:puppy
EXPR: 0 | POS | INT | 27 | 8 |  | (x+(2+6))=8 | x 2 6 + + 8 = | x:puppy 2:puppy 6:puppy +:puppy +:puppy 8:puppy =:puppy
EXPR: 0 | POS | INT | 27 | 8 | 4 | 6=(2+(8-x)) | 6 2 8 x - + = | 6:puppy 2:puppy 8:puppy x:puppy -:puppy +:puppy =:puppy
EXPR: 0 | POS | INT | 27 | 8 | 16 | 2=((x-6)-8) | 2 x 6 - 8 - = | 2:puppy x:puppy 6:puppy -:puppy 8:puppy -:puppy =:puppy
EXPR: 0 | POS | INT | 27 | 8 |  | (2-(x-6))=8 | 2 x 6 - - 8 = | 2:puppy x:puppy 6:puppy -:puppy -:puppy 8:puppy =:puppy
EXPR: 0 | POS | INT | 27 | 8 | 4 | (6-8)=(2-x) | 6 8 - 2 x - = | 6:puppy 8:puppy -:puppy 2:puppy x:puppy -:puppy =:puppy
EXPR: 0 | POS | INT | 27 | 8 | 0 | 6=((x-2)+8) | 6 x 2 - 8 + = | 6:puppy x:puppy 2:puppy -:puppy 8:puppy +:puppy =:puppy
EXPR: 0 | POS | INT | 27 | 8 | 4 | 2=((x+6)-8) | 2 x 6 + 8 - = | 2:puppy x:puppy 6:puppy +:puppy 8:puppy -:puppy =:puppy
EXPR: 0 | POS | INT | 27 | 8 |  | (6+(x+2))=8 | 6 x 2 + + 8 = | 6:puppy x:puppy 2:puppy +:puppy +:puppy 8:puppy =:puppy
EXPR: 0 | POS | INT | 27 | 8 | 4 | (6+(x-2))=8 | 6 x 2 - + 8 = | 6:puppy x:puppy 2:puppy -:puppy +:puppy 8:puppy =:puppy
EXPR: 0 | POS | INT | 27 | 8 | 12 | 6=(2-(8-x)) | 6 2 8 x - - = | 6:puppy 2:puppy 8:puppy x:puppy -:puppy -:puppy =:puppy
EXPR: 0 | POS | INT | 27 | 8 | 16 | 6=((x-2)-8) | 6 x 2 - 8 - = | 6:puppy x:puppy 2:puppy -:puppy 8:puppy -:puppy =:puppy
EXPR: 0 | POS | INT | 27 | 8 |  | (2+(6-x))=8 | 2 6 x - + 8 = | 2:puppy 6:puppy x:puppy -:puppy +:puppy 8:puppy =:puppy
EXPR: 0 | POS | INT | 27 | 8 |  | ((6+x)+2)=8 | 6 x + 2 + 8 = | 6:puppy x:puppy +:puppy 2:puppy +:puppy 8:puppy =:puppy
EXPR: 0 | POS | INT | 27 | 8 | 4 | (x+(6-2))=8 | x 6 2 - + 8 = | x:puppy 6:puppy 2:puppy -:puppy +:puppy 8:puppy =:puppy
EXPR: 0 | POS | INT | 27 | 8 | 0 | 2=((x-6)+8) | 2 x 6 - 8 + = | 2:puppy x:puppy 6:puppy -:puppy 8:puppy +:puppy =:puppy
EXPR: 0 | POS | INT | 27 | 8 | 0 | (6-8)=(x-2) | 6 8 - x 2 - = | 6:puppy 8:puppy -:puppy x:puppy 2:puppy -:puppy =:puppy
EXPR: 0 | POS | INT | 27 | 8 | 12 | 6=((x+2)-8) | 6 x 2 + 8 - = | 6:puppy x:puppy 2:puppy +:puppy 8:puppy -:puppy =:puppy
EXPR: 0 | POS | INT | 27 | 8 | 12 | 6=(2+(x-8)) | 6 2 x 8 - + = | 6:puppy 2:puppy x:puppy 8:puppy -:puppy +:puppy =:puppy
EXPR: 0 | POS | INT | 27 | 8 |  | (6-x)=(8-2) | 6 x - 8 2 - = | 6:puppy x:puppy -:puppy 8:puppy 2:puppy -:puppy =:puppy
EXPR: 0 | POS | INT | 27 | 8 | 12 | (2-(6-x))=8 | 2 6 x - - 8 = | 2:puppy 6:puppy x:puppy -:puppy -:puppy 8:puppy =:puppy
EXPR: 0 | POS | INT | 27 | 8 | 12 | 2=(6-(x-8)) | 2 6 x 8 - - = | 2:puppy 6:puppy x:puppy 8:puppy -:puppy -:puppy =:puppy
EXPR: 0 | POS | INT | 27 | 8 | 12 | 2=(6+(8-x)) | 2 6 8 x - + = | 2:puppy 6:puppy 8:puppy x:puppy -:puppy +:puppy =:puppy
EXPR: 0 | POS | INT | 27 | 8 | 4 | 2=(x+(6-8)) | 2 x 6 8 - + = | 2:puppy x:puppy 6:puppy 8:puppy -:puppy +:puppy =:puppy
EXPR: 0 | POS | INT | 27 | 8 | 0 | 2=(x-(6-8)) | 2 x 6 8 - - = | 2:puppy x:puppy 6:puppy 8:puppy -:puppy -:puppy =:puppy
EXPR: 0 | POS | INT | 27 | 8 |  | ((2+6)+x)=8 | 2 6 + x + 8 = | 2:puppy 6:puppy +:puppy x:puppy +:puppy 8:puppy =:puppy
EXPR: 0 | POS | INT | 27 | 8 |  | (6+(2+x))=8 | 6 2 x + + 8 = | 6:puppy 2:puppy x:puppy +:puppy +:puppy 8:puppy =:puppy
EXPR: 0 | POS | INT | 27 | 8 |  | (2+(x+6))=8 | 2 x 6 + + 8 = | 2:puppy x:puppy 6:puppy +:puppy +:puppy 8:puppy =:puppy
EXPR: 0 | POS | INT | 27 | 8 | 4 | 2=(6+(x-8)) | 2 6 x 8 - + = | 2:puppy 6:puppy x:puppy 8:puppy -:puppy +:puppy =:puppy
EXPR: 0 | POS | INT | 27 | 8 | 4 | ((x+6)-2)=8 | x 6 + 2 - 8 = | x:puppy 6:puppy +:puppy 2:puppy -:puppy 8:puppy =:puppy
EXPR: 0 | POS | INT | 27 | 8 |  | ((x+6)+2)=8 | x 6 + 2 + 8 = | x:puppy 6:puppy +:puppy 2:puppy +:puppy 8:puppy =:puppy
EXPR: 0 | POS | INT | 27 | 8 | 4 | ((6-2)+x)=8 | 6 2 - x + 8 = | 6:puppy 2:puppy -:puppy x:puppy +:puppy 8:puppy =:puppy
EXPR: 0 | POS | INT | 27 | 8 |  | ((2+x)+6)=8 | 2 x + 6 + 8 = | 2:puppy x:puppy +:puppy 6:puppy +:puppy 8:puppy =:puppy
EXPR: 0 | POS | INT | 27 | 8 | 12 | ((2+x)-6)=8 | 2 x + 6 - 8 = | 2:puppy x:puppy +:puppy 6:puppy -:puppy 8:puppy =:puppy
EXPR: 0 | POS | INT | 27 | 8 | 4 | 2=((6+x)-8) | 2 6 x + 8 - = | 2:puppy 6:puppy x:puppy +:puppy 8:puppy -:puppy =:puppy
EXPR: 0 | POS | INT | 27 | 8 |  | (6+x)=(8-2) | 6 x + 8 2 - = | 6:puppy x:puppy +:puppy 8:puppy 2:puppy -:puppy =:puppy
EXPR: 0 | POS | INT | 27 | 8 | 12 | 2=((6-x)+8) | 2 6 x - 8 + = | 2:puppy 6:puppy x:puppy -:puppy 8:puppy +:puppy =:puppy
EXPR: 0 | POS | INT | 27 | 8 | 12 | 6=(x+(2-8)) | 6 x 2 8 - + = | 6:puppy x:puppy 2:puppy 8:puppy -:puppy +:puppy =:puppy
EXPR: 0 | POS | INT | 27 | 8 | 4 | 2=(6-(8-x)) | 2 6 8 x - - = | 2:puppy 6:puppy 8:puppy x:puppy -:puppy -:puppy =:puppy
EXPR: 0 | POS | INT | 27 | 8 |  | ((2+6)-x)=8 | 2 6 + x - 8 = | 2:puppy 6:puppy +:puppy x:puppy -:puppy 8:puppy =:puppy
EXPR: 0 | POS | INT | 27 | 8 | 4 | (6+x)=(8+2) | 6 x + 8 2 + = | 6:puppy x:puppy +:puppy 8:puppy 2:puppy +:puppy =:puppy
EXPR: 0 | POS | INT | 27 | 8 | 12 | (2+(x-6))=8 | 2 x 6 - + 8 = | 2:puppy x:puppy 6:puppy -:puppy +:puppy 8:puppy =:puppy
EXPR: 0 | POS | INT | 27 | 8 | 12 | ((x+2)-6)=8 | x 2 + 6 - 8 = | x:puppy 2:puppy +:puppy 6:puppy -:puppy 8:puppy =:puppy
EXPR: 0 | POS | INT | 27 | 8 |  | ((x+2)+6)=8 | x 2 + 6 + 8 = | x:puppy 2:puppy +:puppy 6:puppy +:puppy 8:puppy =:puppy
EXPR: 0 | POS | INT | 27 | 8 | 12 | 6=((2-8)+x) | 6 2 8 - x + = | 6:puppy 2:puppy 8:puppy -:puppy x:puppy +:puppy =:puppy
EXPR: 0 | POS | INT | 27 | 8 | 0 | 6=(x-(2-8)) | 6 x 2 8 - - = | 6:puppy x:puppy 2:puppy 8:puppy -:puppy -:puppy =:puppy
EXPR: 0 | POS | INT | 27 | 8 | 4 | ((x-2)+6)=8 | x 2 - 6 + 8 = | x:puppy 2:puppy -:puppy 6:puppy +:puppy 8:puppy =:puppy
EXPR: 0 | POS | INT | 27 | 8 | 12 | ((2-6)+x)=8 | 2 6 - x + 8 = | 2:puppy 6:puppy -:puppy x:puppy +:puppy 8:puppy =:puppy
EXPR: 0 | POS | INT | 27 | 8 | 4 | 2=((6-8)+x) | 2 6 8 - x + = | 2:puppy 6:puppy 8:puppy -:puppy x:puppy +:puppy =:puppy
EXPR: 0 | POS | INT | 37 | 8 |  | (x-6)=(2-8) | x 6 - 2 8 - = | x:puppy 6:puppy -:puppy 2:puppy 8:puppy -:puppy =:puppy
EXPR: 0 | POS | INT | 37 | 8 | 4 | (2-x)=(6-8) | 2 x - 6 8 - = | 2:puppy x:puppy -:puppy 6:puppy 8:puppy -:puppy =:puppy
EXPR: 0 | POS | INT | 37 | 8 | 12 | (6-x)=(2-8) | 6 x - 2 8 - = | 6:puppy x:puppy -:puppy 2:puppy 8:puppy -:puppy =:puppy
EXPR: 0 | POS | INT | 37 | 8 | 12 | (2-6)=(8-x) | 2 6 - 8 x - = | 2:puppy 6:puppy -:puppy 8:puppy x:puppy -:puppy =:puppy
EXPR: 0 | POS | INT | 37 | 8 | 4 | (6-2)=(8-x) | 6 2 - 8 x - = | 6:puppy 2:puppy -:puppy 8:puppy x:puppy -:puppy =:puppy
EXPR: 0 | POS | INT | 37 | 8 |  | (x-2)=(6-8) | x 2 - 6 8 - = | x:puppy 2:puppy -:puppy 6:puppy 8:puppy -:puppy =:puppy
EXPR: 0 | POS | INT | 37 | 8 | 4 | (2-6)=(x-8) | 2 6 - x 8 - = | 2:puppy 6:puppy -:puppy x:puppy 8:puppy -:puppy =:puppy
EXPR: 0 | POS | INT | 37 | 8 | 12 | (6-2)=(x-8) | 6 2 - x 8 - = | 6:puppy 2:puppy -:puppy x:puppy 8:puppy -:puppy =:puppy
EXPR: 0 | POS | INT | 37 | 8 | 16 | (2+6)=(x-8) | 2 6 + x 8 - = | 2:puppy 6:puppy +:puppy x:puppy 8:puppy -:puppy =:puppy
EXPR: 0 | POS | INT | 37 | 8 | 0 | (2+6)=(x+8) | 2 6 + x 8 + = | 2:puppy 6:puppy +:puppy x:puppy 8:puppy +:puppy =:puppy
EXPR: 0 | POS | INT | 37 | 8 | 0 | (2+6)=(8+x) | 2 6 + 8 x + = | 2:puppy 6:puppy +:puppy 8:puppy x:puppy +:puppy =:puppy
EXPR: 0 | POS | INT | 37 | 8 | 0 | (2+6)=(8-x) | 2 6 + 8 x - = | 2:puppy 6:puppy +:puppy 8:puppy x:puppy -:puppy =:puppy
NET 304 non-negative, integer-valued solutions found out of 408 total solutions
