parameters: n=7 l=3 k=1 p=5 q=1 m=9
TOTAL 408 solutions found
SOLN: CORRECT | POS/NEG | INT/FRA | OBJ-SCORE | TRUE-ANS | ANS | INFIX | POSTFIX | TYPED-POSTFIX
EXPR: 0 | POS | INT | 0 | 103 | 33 | x=(36+(32-35)) | x 36 32 35 - + = | x:lime 36:lime 32:lime 35:lime -:lime +:lime =:lime
EXPR: 0 | POS | INT | 0 | 103 | 39 | x=(36-(32-35)) | x 36 32 35 - - = | x:lime 36:lime 32:lime 35:lime -:lime -:lime =:lime
EXPR: 1 | POS | INT | 0 | 103 | 103 | x=(36+(32+35)) | x 36 32 35 + + = | x:lime 36:lime 32:lime 35:lime +:lime +:lime =:lime
EXPR: 0 | POS | INT | 0 | 103 | 39 | x=((36-32)+35) | x 36 32 - 35 + = | x:lime 36:lime 32:lime -:lime 35:lime +:lime =:lime
EXPR: 0 | POS | INT | 0 | 103 | 33 | x=((36+32)-35) | x 36 32 + 35 - = | x:lime 36:lime 32:lime +:lime 35:lime -:lime =:lime
EXPR: 1 | POS | INT | 0 | 103 | 103 | x=((36+32)+35) | x 36 32 + 35 + = | x:lime 36:lime 32:lime +:lime 35:lime +:lime =:lime
EXPR: 0 | POS | INT | 1 | 103 | 33 | x=(36+(32-35)) | x 36 32 35 - + = | x:lime 36:lime 32:lime 35:lime -:lime +:lime =:lime
EXPR: 0 | POS | INT | 1 | 103 | 39 | x=(36-(32-35)) | x 36 32 35 - - = | x:lime 36:lime 32:lime 35:lime -:lime -:lime =:lime
EXPR: 0 | POS | INT | 1 | 103 | 39 | x=((36-32)+35) | x 36 32 - 35 + = | x:lime 36:lime 32:lime -:lime 35:lime +:lime =:lime
EXPR: 1 | POS | INT | 1 | 103 | 103 | x=(36+(32+35)) | x 36 32 35 + + = | x:lime 36:lime 32:lime 35:lime +:lime +:lime =:lime
EXPR: 1 | POS | INT | 1 | 103 | 103 | x=((36+32)+35) | x 36 32 + 35 + = | x:lime 36:lime 32:lime +:lime 35:lime +:lime =:lime
EXPR: 0 | POS | INT | 1 | 103 | 33 | x=((36+32)-35) | x 36 32 + 35 - = | x:lime 36:lime 32:lime +:lime 35:lime -:lime =:lime
EXPR: 0 | POS | INT | 2 | 103 | 39 | ((x-36)+32)=35 | x 36 - 32 + 35 = | x:lime 36:lime -:lime 32:lime +:lime 35:lime =:lime
EXPR: 0 | POS | INT | 2 | 103 | 31 | 36=(32-(x-35)) | 36 32 x 35 - - = | 36:lime 32:lime x:lime 35:lime -:lime -:lime =:lime
EXPR: 0 | POS | INT | 2 | 103 | 39 | (x-(36-32))=35 | x 36 32 - - 35 = | x:lime 36:lime 32:lime -:lime -:lime 35:lime =:lime
EXPR: 1 | POS | INT | 2 | 103 | 103 | (x-(36+32))=35 | x 36 32 + - 35 = | x:lime 36:lime 32:lime +:lime -:lime 35:lime =:lime
EXPR: 0 | POS | INT | 2 | 103 | 31 | (x+(36-32))=35 | x 36 32 - + 35 = | x:lime 36:lime 32:lime -:lime +:lime 35:lime =:lime
EXPR: 0 | POS | INT | 2 | 103 | 31 | (36-(32-x))=35 | 36 32 x - - 35 = | 36:lime 32:lime x:lime -:lime -:lime 35:lime =:lime
EXPR: 0 | POS | INT | 2 | 103 | 33 | (36+(32-x))=35 | 36 32 x - + 35 = | 36:lime 32:lime x:lime -:lime +:lime 35:lime =:lime
EXPR: 0 | POS | INT | 2 | 103 | 31 | 36=(32+(35-x)) | 36 32 35 x - + = | 36:lime 32:lime 35:lime x:lime -:lime +:lime =:lime
EXPR: 1 | POS | INT | 2 | 103 | 103 | ((x-36)-32)=35 | x 36 - 32 - 35 = | x:lime 36:lime -:lime 32:lime -:lime 35:lime =:lime
EXPR: 0 | POS | INT | 2 | 103 | 33 | (36-(x-32))=35 | 36 x 32 - - 35 = | 36:lime x:lime 32:lime -:lime -:lime 35:lime =:lime
EXPR: 0 | POS | INT | 2 | 103 | 33 | ((36-x)+32)=35 | 36 x - 32 + 35 = | 36:lime x:lime -:lime 32:lime +:lime 35:lime =:lime
EXPR: 0 | POS | INT | 2 | 103 | 33 | 36=((x-32)+35) | 36 x 32 - 35 + = | 36:lime x:lime 32:lime -:lime 35:lime +:lime =:lime
EXPR: 0 | POS | INT | 2 | 103 | 39 | 36=((x+32)-35) | 36 x 32 + 35 - = | 36:lime x:lime 32:lime +:lime 35:lime -:lime =:lime
EXPR: 1 | POS | INT | 2 | 103 | 103 | 36=((x-32)-35) | 36 x 32 - 35 - = | 36:lime x:lime 32:lime -:lime 35:lime -:lime =:lime
EXPR: 0 | POS | INT | 2 | 103 | 39 | 36=(32-(35-x)) | 36 32 35 x - - = | 36:lime 32:lime 35:lime x:lime -:lime -:lime =:lime
EXPR: 0 | POS | INT | 2 | 103 | 31 | ((36-32)+x)=35 | 36 32 - x + 35 = | 36:lime 32:lime -:lime x:lime +:lime 35:lime =:lime
EXPR: 0 | POS | INT | 2 | 103 | 31 | ((36+x)-32)=35 | 36 x + 32 - 35 = | 36:lime x:lime +:lime 32:lime -:lime 35:lime =:lime
EXPR: 0 | POS | INT | 2 | 103 | 39 | 36=(x+(32-35)) | 36 x 32 35 - + = | 36:lime x:lime 32:lime 35:lime -:lime +:lime =:lime
EXPR: 0 | POS | INT | 2 | 103 | 33 | 36=(x-(32-35)) | 36 x 32 35 - - = | 36:lime x:lime 32:lime 35:lime -:lime -:lime =:lime
EXPR: 0 | POS | INT | 2 | 103 | 31 | (36+(x-32))=35 | 36 x 32 - + 35 = | 36:lime x:lime 32:lime -:lime +:lime 35:lime =:lime
EXPR: 1 | POS | INT | 2 | 103 | 103 | 36=(x-(32+35)) | 36 x 32 35 + - = | 36:lime x:lime 32:lime 35:lime +:lime -:lime =:lime
EXPR: 0 | POS | INT | 2 | 103 | 31 | 36=((32-x)+35) | 36 32 x - 35 + = | 36:lime 32:lime x:lime -:lime 35:lime +:lime =:lime
EXPR: 0 | POS | INT | 2 | 103 | 39 | 36=(32+(x-35)) | 36 32 x 35 - + = | 36:lime 32:lime x:lime 35:lime -:lime +:lime =:lime
EXPR: 0 | POS | INT | 2 | 103 | 31 | ((x+36)-32)=35 | x 36 + 32 - 35 = | x:lime 36:lime +:lime 32:lime -:lime 35:lime =:lime
EXPR: 0 | POS | INT | 2 | 103 | 39 | 36=((32+x)-35) | 36 32 x + 35 - = | 36:lime 32:lime x:lime +:lime 35:lime -:lime =:lime
EXPR: 0 | POS | INT | 2 | 103 | 33 | ((36+32)-x)=35 | 36 32 + x - 35 = | 36:lime 32:lime +:lime x:lime -:lime 35:lime =:lime
EXPR: 0 | POS | INT | 2 | 103 | 39 | 36=((32-35)+x) | 36 32 35 - x + = | 36:lime 32:lime 35:lime -:lime x:lime +:lime =:lime
EXPR: 0 | POS | INT | 2 | 103 | 31 | 36=((32+35)-x) | 36 32 35 + x - = | 36:lime 32:lime 35:lime +:lime x:lime -:lime =:lime
EXPR: 0 | POS | INT | 10 | 103 | 33 | x=(32+(36-35)) | x 32 36 35 - + = | x:lime 32:lime 36:lime 35:lime -:lime +:lime =:lime
EXPR: 0 | POS | INT | 10 | 103 | 39 | x=((36+35)-32) | x 36 35 + 32 - = | x:lime 36:lime 35:lime +:lime 32:lime -:lime =:lime
EXPR: 0 | POS | INT | 10 | 103 | 31 | x=((32-36)+35) | x 32 36 - 35 + = | x:lime 32:lime 36:lime -:lime 35:lime +:lime =:lime
EXPR: 1 | POS | INT | 10 | 103 | 103 | x=((36+35)+32) | x 36 35 + 32 + = | x:lime 36:lime 35:lime +:lime 32:lime +:lime =:lime
EXPR: 0 | POS | INT | 10 | 103 | 33 | x=(36-(35-32)) | x 36 35 32 - - = | x:lime 36:lime 35:lime 32:lime -:lime -:lime =:lime
EXPR: 1 | POS | INT | 10 | 103 | 103 | x=(32+(36+35)) | x 32 36 35 + + = | x:lime 32:lime 36:lime 35:lime +:lime +:lime =:lime
EXPR: 0 | POS | INT | 10 | 103 | 39 | x=(36+(35-32)) | x 36 35 32 - + = | x:lime 36:lime 35:lime 32:lime -:lime +:lime =:lime
EXPR: 0 | POS | INT | 10 | 103 | 33 | x=((36-35)+32) | x 36 35 - 32 + = | x:lime 36:lime 35:lime -:lime 32:lime +:lime =:lime
EXPR: 0 | POS | INT | 10 | 103 | 31 | x=(32-(36-35)) | x 32 36 35 - - = | x:lime 32:lime 36:lime 35:lime -:lime -:lime =:lime
EXPR: 0 | POS | INT | 11 | 103 | 31 | x=(32-(36-35)) | x 32 36 35 - - = | x:lime 32:lime 36:lime 35:lime -:lime -:lime =:lime
EXPR: 0 | POS | INT | 11 | 103 | 33 | x=(32+(36-35)) | x 32 36 35 - + = | x:lime 32:lime 36:lime 35:lime -:lime +:lime =:lime
EXPR: 0 | POS | INT | 11 | 103 | 39 | x=((36+35)-32) | x 36 35 + 32 - = | x:lime 36:lime 35:lime +:lime 32:lime -:lime =:lime
EXPR: 1 | POS | INT | 11 | 103 | 103 | x=((36+35)+32) | x 36 35 + 32 + = | x:lime 36:lime 35:lime +:lime 32:lime +:lime =:lime
EXPR: 0 | POS | INT | 11 | 103 | 31 | x=((32-36)+35) | x 32 36 - 35 + = | x:lime 32:lime 36:lime -:lime 35:lime +:lime =:lime
EXPR: 0 | POS | INT | 11 | 103 | 33 | x=(36-(35-32)) | x 36 35 32 - - = | x:lime 36:lime 35:lime 32:lime -:lime -:lime =:lime
EXPR: 1 | POS | INT | 11 | 103 | 103 | x=(32+(36+35)) | x 32 36 35 + + = | x:lime 32:lime 36:lime 35:lime +:lime +:lime =:lime
EXPR: 0 | POS | INT | 11 | 103 | 39 | x=(36+(35-32)) | x 36 35 32 - + = | x:lime 36:lime 35:lime 32:lime -:lime +:lime =:lime
EXPR: 0 | POS | INT | 11 | 103 | 33 | x=((36-35)+32) | x 36 35 - 32 + = | x:lime 36:lime 35:lime -:lime 32:lime +:lime =:lime
EXPR: 0 | POS | INT | 12 | 103 | 39 | 32=((36-x)+35) | 32 36 x - 35 + = | 32:lime 36:lime x:lime -:lime 35:lime +:lime =:lime
EXPR: 0 | POS | INT | 12 | 103 | 31 | 32=((36+x)-35) | 32 36 x + 35 - = | 32:lime 36:lime x:lime +:lime 35:lime -:lime =:lime
EXPR: 0 | POS | INT | 12 | 103 | 31 | ((x-32)+36)=35 | x 32 - 36 + 35 = | x:lime 32:lime -:lime 36:lime +:lime 35:lime =:lime
EXPR: 0 | POS | INT | 12 | 103 | 39 | ((36-x)+35)=32 | 36 x - 35 + 32 = | 36:lime x:lime -:lime 35:lime +:lime 32:lime =:lime
EXPR: 0 | POS | INT | 12 | 103 | 31 | 36=(35-(x-32)) | 36 35 x 32 - - = | 36:lime 35:lime x:lime 32:lime -:lime -:lime =:lime
EXPR: 1 | POS | INT | 12 | 103 | 103 | (x-36)=(32+35) | x 36 - 32 35 + = | x:lime 36:lime -:lime 32:lime 35:lime +:lime =:lime
EXPR: 0 | POS | INT | 12 | 103 | 39 | 32=(36-(x-35)) | 32 36 x 35 - - = | 32:lime 36:lime x:lime 35:lime -:lime -:lime =:lime
EXPR: 0 | POS | INT | 12 | 103 | 31 | (x-(32-36))=35 | x 32 36 - - 35 = | x:lime 32:lime 36:lime -:lime -:lime 35:lime =:lime
EXPR: 0 | POS | INT | 12 | 103 | 33 | (x-(36-35))=32 | x 36 35 - - 32 = | x:lime 36:lime 35:lime -:lime -:lime 32:lime =:lime
EXPR: 1 | POS | INT | 12 | 103 | 103 | ((x-32)-36)=35 | x 32 - 36 - 35 = | x:lime 32:lime -:lime 36:lime -:lime 35:lime =:lime
EXPR: 1 | POS | INT | 12 | 103 | 103 | (x-(36+35))=32 | x 36 35 + - 32 = | x:lime 36:lime 35:lime +:lime -:lime 32:lime =:lime
EXPR: 0 | POS | INT | 12 | 103 | 39 | (x+(32-36))=35 | x 32 36 - + 35 = | x:lime 32:lime 36:lime -:lime +:lime 35:lime =:lime
EXPR: 0 | POS | INT | 12 | 103 | 31 | (x+(36-35))=32 | x 36 35 - + 32 = | x:lime 36:lime 35:lime -:lime +:lime 32:lime =:lime
EXPR: 0 | POS | INT | 12 | 103 | 31 | (36-(35-x))=32 | 36 35 x - - 32 = | 36:lime 35:lime x:lime -:lime -:lime 32:lime =:lime
EXPR: 0 | POS | INT | 12 | 103 | 33 | ((x-36)+35)=32 | x 36 - 35 + 32 = | x:lime 36:lime -:lime 35:lime +:lime 32:lime =:lime
EXPR: 0 | POS | INT | 12 | 103 | 39 | ((32+x)-36)=35 | 32 x + 36 - 35 = | 32:lime x:lime +:lime 36:lime -:lime 35:lime =:lime
EXPR: 0 | POS | INT | 12 | 103 | 39 | (32-(36-x))=35 | 32 36 x - - 35 = | 32:lime 36:lime x:lime -:lime -:lime 35:lime =:lime
EXPR: 0 | POS | INT | 12 | 103 | 33 | (x-36)=(32-35) | x 36 - 32 35 - = | x:lime 36:lime -:lime 32:lime 35:lime -:lime =:lime
EXPR: 1 | POS | INT | 12 | 103 | 103 | ((x-36)-35)=32 | x 36 - 35 - 32 = | x:lime 36:lime -:lime 35:lime -:lime 32:lime =:lime
EXPR: 0 | POS | INT | 12 | 103 | 39 | (36-x)=(32-35) | 36 x - 32 35 - = | 36:lime x:lime -:lime 32:lime 35:lime -:lime =:lime
EXPR: 0 | POS | INT | 12 | 103 | 31 | 32=((36-35)+x) | 32 36 35 - x + = | 32:lime 36:lime 35:lime -:lime x:lime +:lime =:lime
EXPR: 0 | POS | INT | 12 | 103 | 33 | (32-(x-36))=35 | 32 x 36 - - 35 = | 32:lime x:lime 36:lime -:lime -:lime 35:lime =:lime
EXPR: 0 | POS | INT | 12 | 103 | 39 | 36=((x-35)+32) | 36 x 35 - 32 + = | 36:lime x:lime 35:lime -:lime 32:lime +:lime =:lime
EXPR: 0 | POS | INT | 12 | 103 | 33 | 36=((x+35)-32) | 36 x 35 + 32 - = | 36:lime x:lime 35:lime +:lime 32:lime -:lime =:lime
EXPR: 0 | POS | INT | 12 | 103 | 39 | 32=((36+35)-x) | 32 36 35 + x - = | 32:lime 36:lime 35:lime +:lime x:lime -:lime =:lime
EXPR: 0 | POS | INT | 12 | 103 | 33 | 32=((x-36)+35) | 32 x 36 - 35 + = | 32:lime x:lime 36:lime -:lime 35:lime +:lime =:lime
EXPR: 0 | POS | INT | 12 | 103 | 33 | (32+(36-x))=35 | 32 36 x - + 35 = | 32:lime 36:lime x:lime -:lime +:lime 35:lime =:lime
EXPR: 0 | POS | INT | 12 | 103 | 39 | (36-(x-35))=32 | 36 x 35 - - 32 = | 36:lime x:lime 35:lime -:lime -:lime 32:lime =:lime
EXPR: 0 | POS | INT | 12 | 103 | 31 | 36=(35+(32-x)) | 36 35 32 x - + = | 36:lime 35:lime 32:lime x:lime -:lime +:lime =:lime
EXPR: 0 | POS | INT | 12 | 103 | 33 | 36=(35-(32-x)) | 36 35 32 x - - = | 36:lime 35:lime 32:lime x:lime -:lime -:lime =:lime
EXPR: 0 | POS | INT | 12 | 103 | 31 | ((36-35)+x)=32 | 36 35 - x + 32 = | 36:lime 35:lime -:lime x:lime +:lime 32:lime =:lime
EXPR: 0 | POS | INT | 12 | 103 | 39 | (36-32)=(x-35) | 36 32 - x 35 - = | 36:lime 32:lime -:lime x:lime 35:lime -:lime =:lime
EXPR: 0 | POS | INT | 12 | 103 | 39 | 32=(36+(35-x)) | 32 36 35 x - + = | 32:lime 36:lime 35:lime x:lime -:lime +:lime =:lime
EXPR: 0 | POS | INT | 12 | 103 | 31 | 32=(36-(35-x)) | 32 36 35 x - - = | 32:lime 36:lime 35:lime x:lime -:lime -:lime =:lime
EXPR: 0 | POS | INT | 12 | 103 | 33 | ((32-x)+36)=35 | 32 x - 36 + 35 = | 32:lime x:lime -:lime 36:lime +:lime 35:lime =:lime
EXPR: 0 | POS | INT | 12 | 103 | 31 | 32=((x+36)-35) | 32 x 36 + 35 - = | 32:lime x:lime 36:lime +:lime 35:lime -:lime =:lime
EXPR: 0 | POS | INT | 12 | 103 | 31 | (36-32)=(35-x) | 36 32 - 35 x - = | 36:lime 32:lime -:lime 35:lime x:lime -:lime =:lime
EXPR: 0 | POS | INT | 12 | 103 | 39 | ((x+32)-36)=35 | x 32 + 36 - 35 = | x:lime 32:lime +:lime 36:lime -:lime 35:lime =:lime
EXPR: 1 | POS | INT | 12 | 103 | 103 | 36=((x-35)-32) | 36 x 35 - 32 - = | 36:lime x:lime 35:lime -:lime 32:lime -:lime =:lime
EXPR: 0 | POS | INT | 12 | 103 | 33 | 36=(x+(35-32)) | 36 x 35 32 - + = | 36:lime x:lime 35:lime 32:lime -:lime +:lime =:lime
EXPR: 0 | POS | INT | 12 | 103 | 31 | (36+(x-35))=32 | 36 x 35 - + 32 = | 36:lime x:lime 35:lime -:lime +:lime 32:lime =:lime
EXPR: 0 | POS | INT | 12 | 103 | 31 | 36=((35-x)+32) | 36 35 x - 32 + = | 36:lime 35:lime x:lime -:lime 32:lime +:lime =:lime
EXPR: 1 | POS | INT | 12 | 103 | 103 | 32=((x-36)-35) | 32 x 36 - 35 - = | 32:lime x:lime 36:lime -:lime 35:lime -:lime =:lime
EXPR: 0 | POS | INT | 12 | 103 | 33 | 36=(35+(x-32)) | 36 35 x 32 - + = | 36:lime 35:lime x:lime 32:lime -:lime +:lime =:lime
EXPR: 0 | POS | INT | 12 | 103 | 31 | 32=(x+(36-35)) | 32 x 36 35 - + = | 32:lime x:lime 36:lime 35:lime -:lime +:lime =:lime
EXPR: 0 | POS | INT | 12 | 103 | 33 | 32=(x-(36-35)) | 32 x 36 35 - - = | 32:lime x:lime 36:lime 35:lime -:lime -:lime =:lime
EXPR: 0 | POS | INT | 12 | 103 | 39 | ((32-36)+x)=35 | 32 36 - x + 35 = | 32:lime 36:lime -:lime x:lime +:lime 35:lime =:lime
EXPR: 0 | POS | INT | 12 | 103 | 39 | 36=(x-(35-32)) | 36 x 35 32 - - = | 36:lime x:lime 35:lime 32:lime -:lime -:lime =:lime
EXPR: 0 | POS | INT | 12 | 103 | 31 | 32=(36+(x-35)) | 32 36 x 35 - + = | 32:lime 36:lime x:lime 35:lime -:lime +:lime =:lime
EXPR: 0 | POS | INT | 12 | 103 | 31 | ((36+x)-35)=32 | 36 x + 35 - 32 = | 36:lime x:lime +:lime 35:lime -:lime 32:lime =:lime
EXPR: 1 | POS | INT | 12 | 103 | 103 | 32=(x-(36+35)) | 32 x 36 35 + - = | 32:lime x:lime 36:lime 35:lime +:lime -:lime =:lime
EXPR: 0 | POS | INT | 12 | 103 | 33 | 36=((35+x)-32) | 36 35 x + 32 - = | 36:lime 35:lime x:lime +:lime 32:lime -:lime =:lime
EXPR: 0 | POS | INT | 12 | 103 | 39 | (32+(x-36))=35 | 32 x 36 - + 35 = | 32:lime x:lime 36:lime -:lime +:lime 35:lime =:lime
EXPR: 0 | POS | INT | 12 | 103 | 39 | (36+(35-x))=32 | 36 35 x - + 32 = | 36:lime 35:lime x:lime -:lime +:lime 32:lime =:lime
EXPR: 0 | POS | INT | 12 | 103 | 39 | ((36+35)-x)=32 | 36 35 + x - 32 = | 36:lime 35:lime +:lime x:lime -:lime 32:lime =:lime
EXPR: 0 | POS | INT | 12 | 103 | 31 | (36+x)=(32+35) | 36 x + 32 35 + = | 36:lime x:lime +:lime 32:lime 35:lime +:lime =:lime
EXPR: 0 | POS | INT | 12 | 103 | 31 | ((x+36)-35)=32 | x 36 + 35 - 32 = | x:lime 36:lime +:lime 35:lime -:lime 32:lime =:lime
EXPR: 0 | POS | INT | 12 | 103 | 31 | (x+36)=(32+35) | x 36 + 32 35 + = | x:lime 36:lime +:lime 32:lime 35:lime +:lime =:lime
EXPR: 0 | POS | INT | 12 | 103 | 33 | 36=((35-32)+x) | 36 35 32 - x + = | 36:lime 35:lime 32:lime -:lime x:lime +:lime =:lime
EXPR: 1 | POS | INT | 12 | 103 | 103 | (36+32)=(x-35) | 36 32 + x 35 - = | 36:lime 32:lime +:lime x:lime 35:lime -:lime =:lime
EXPR: 0 | POS | INT | 12 | 103 | 33 | (36+32)=(x+35) | 36 32 + x 35 + = | 36:lime 32:lime +:lime x:lime 35:lime +:lime =:lime
EXPR: 0 | POS | INT | 12 | 103 | 33 | (36+32)=(35+x) | 36 32 + 35 x + = | 36:lime 32:lime +:lime 35:lime x:lime +:lime =:lime
EXPR: 0 | POS | INT | 15 | 103 | 31 | x=((35-36)+32) | x 35 36 - 32 + = | x:lime 35:lime 36:lime -:lime 32:lime +:lime =:lime
EXPR: 0 | POS | INT | 15 | 103 | 39 | x=(35+(36-32)) | x 35 36 32 - + = | x:lime 35:lime 36:lime 32:lime -:lime +:lime =:lime
EXPR: 0 | POS | INT | 15 | 103 | 31 | x=(35-(36-32)) | x 35 36 32 - - = | x:lime 35:lime 36:lime 32:lime -:lime -:lime =:lime
EXPR: 1 | POS | INT | 15 | 103 | 103 | x=(35+(36+32)) | x 35 36 32 + + = | x:lime 35:lime 36:lime 32:lime +:lime +:lime =:lime
EXPR: 0 | POS | INT | 16 | 103 | 31 | x=((35-36)+32) | x 35 36 - 32 + = | x:lime 35:lime 36:lime -:lime 32:lime +:lime =:lime
EXPR: 0 | POS | INT | 16 | 103 | 39 | x=(35+(36-32)) | x 35 36 32 - + = | x:lime 35:lime 36:lime 32:lime -:lime +:lime =:lime
EXPR: 0 | POS | INT | 16 | 103 | 31 | x=(35-(36-32)) | x 35 36 32 - - = | x:lime 35:lime 36:lime 32:lime -:lime -:lime =:lime
EXPR: 1 | POS | INT | 16 | 103 | 103 | x=(35+(36+32)) | x 35 36 32 + + = | x:lime 35:lime 36:lime 32:lime +:lime +:lime =:lime
EXPR: 0 | POS | INT | 17 | 103 | 33 | 35=((36-x)+32) | 35 36 x - 32 + = | 35:lime 36:lime x:lime -:lime 32:lime +:lime =:lime
EXPR: 0 | POS | INT | 17 | 103 | 39 | (35-(x-36))=32 | 35 x 36 - - 32 = | 35:lime x:lime 36:lime -:lime -:lime 32:lime =:lime
EXPR: 0 | POS | INT | 17 | 103 | 31 | ((x-35)+36)=32 | x 35 - 36 + 32 = | x:lime 35:lime -:lime 36:lime +:lime 32:lime =:lime
EXPR: 0 | POS | INT | 17 | 103 | 33 | 35=(36+(32-x)) | 35 36 32 x - + = | 35:lime 36:lime 32:lime x:lime -:lime +:lime =:lime
EXPR: 0 | POS | INT | 17 | 103 | 33 | (35-(36-x))=32 | 35 36 x - - 32 = | 35:lime 36:lime x:lime -:lime -:lime 32:lime =:lime
EXPR: 0 | POS | INT | 17 | 103 | 31 | (x-(35-36))=32 | x 35 36 - - 32 = | x:lime 35:lime 36:lime -:lime -:lime 32:lime =:lime
EXPR: 0 | POS | INT | 17 | 103 | 39 | (35+(36-x))=32 | 35 36 x - + 32 = | 35:lime 36:lime x:lime -:lime +:lime 32:lime =:lime
EXPR: 0 | POS | INT | 17 | 103 | 31 | 35=(36-(32-x)) | 35 36 32 x - - = | 35:lime 36:lime 32:lime x:lime -:lime -:lime =:lime
EXPR: 0 | POS | INT | 17 | 103 | 31 | 35=((36+x)-32) | 35 36 x + 32 - = | 35:lime 36:lime x:lime +:lime 32:lime -:lime =:lime
EXPR: 1 | POS | INT | 17 | 103 | 103 | ((x-35)-36)=32 | x 35 - 36 - 32 = | x:lime 35:lime -:lime 36:lime -:lime 32:lime =:lime
EXPR: 0 | POS | INT | 17 | 103 | 39 | 35=((x-36)+32) | 35 x 36 - 32 + = | 35:lime x:lime 36:lime -:lime 32:lime +:lime =:lime
EXPR: 0 | POS | INT | 17 | 103 | 33 | (35+(x-36))=32 | 35 x 36 - + 32 = | 35:lime x:lime 36:lime -:lime +:lime 32:lime =:lime
EXPR: 1 | POS | INT | 17 | 103 | 103 | 35=((x-36)-32) | 35 x 36 - 32 - = | 35:lime x:lime 36:lime -:lime 32:lime -:lime =:lime
EXPR: 0 | POS | INT | 17 | 103 | 33 | ((35-36)+x)=32 | 35 36 - x + 32 = | 35:lime 36:lime -:lime x:lime +:lime 32:lime =:lime
EXPR: 0 | POS | INT | 17 | 103 | 33 | (x+(35-36))=32 | x 35 36 - + 32 = | x:lime 35:lime 36:lime -:lime +:lime 32:lime =:lime
EXPR: 0 | POS | INT | 17 | 103 | 39 | ((35-x)+36)=32 | 35 x - 36 + 32 = | 35:lime x:lime -:lime 36:lime +:lime 32:lime =:lime
EXPR: 0 | POS | INT | 17 | 103 | 33 | ((35+x)-36)=32 | 35 x + 36 - 32 = | 35:lime x:lime +:lime 36:lime -:lime 32:lime =:lime
EXPR: 0 | POS | INT | 17 | 103 | 31 | 35=((x+36)-32) | 35 x 36 + 32 - = | 35:lime x:lime 36:lime +:lime 32:lime -:lime =:lime
EXPR: 0 | POS | INT | 17 | 103 | 31 | 35=(36+(x-32)) | 35 36 x 32 - + = | 35:lime 36:lime x:lime 32:lime -:lime +:lime =:lime
EXPR: 0 | POS | INT | 17 | 103 | 33 | ((x+35)-36)=32 | x 35 + 36 - 32 = | x:lime 35:lime +:lime 36:lime -:lime 32:lime =:lime
EXPR: 0 | POS | INT | 17 | 103 | 33 | 35=(36-(x-32)) | 35 36 x 32 - - = | 35:lime 36:lime x:lime 32:lime -:lime -:lime =:lime
EXPR: 1 | POS | INT | 17 | 103 | 103 | 35=(x-(36+32)) | 35 x 36 32 + - = | 35:lime x:lime 36:lime 32:lime +:lime -:lime =:lime
EXPR: 0 | POS | INT | 17 | 103 | 33 | 35=((36+32)-x) | 35 36 32 + x - = | 35:lime 36:lime 32:lime +:lime x:lime -:lime =:lime
EXPR: 0 | POS | INT | 17 | 103 | 31 | 35=((36-32)+x) | 35 36 32 - x + = | 35:lime 36:lime 32:lime -:lime x:lime +:lime =:lime
EXPR: 0 | POS | INT | 17 | 103 | 31 | 35=(x+(36-32)) | 35 x 36 32 - + = | 35:lime x:lime 36:lime 32:lime -:lime +:lime =:lime
EXPR: 0 | POS | INT | 17 | 103 | 39 | 35=(x-(36-32)) | 35 x 36 32 - - = | 35:lime x:lime 36:lime 32:lime -:lime -:lime =:lime
EXPR: 0 | POS | INT | 22 | 103 | 33 | (36-x)=(35-32) | 36 x - 35 32 - = | 36:lime x:lime -:lime 35:lime 32:lime -:lime =:lime
EXPR: 0 | POS | INT | 22 | 103 | 31 | (36-35)=(32-x) | 36 35 - 32 x - = | 36:lime 35:lime -:lime 32:lime x:lime -:lime =:lime
EXPR: 0 | POS | INT | 22 | 103 | 39 | (x+32)=(36+35) | x 32 + 36 35 + = | x:lime 32:lime +:lime 36:lime 35:lime +:lime =:lime
EXPR: 0 | POS | INT | 22 | 103 | 39 | (x-36)=(35-32) | x 36 - 35 32 - = | x:lime 36:lime -:lime 35:lime 32:lime -:lime =:lime
EXPR: 1 | POS | INT | 22 | 103 | 103 | (x-32)=(36+35) | x 32 - 36 35 + = | x:lime 32:lime -:lime 36:lime 35:lime +:lime =:lime
EXPR: 0 | POS | INT | 22 | 103 | 33 | (x-32)=(36-35) | x 32 - 36 35 - = | x:lime 32:lime -:lime 36:lime 35:lime -:lime =:lime
EXPR: 0 | POS | INT | 22 | 103 | 31 | (32-x)=(36-35) | 32 x - 36 35 - = | 32:lime x:lime -:lime 36:lime 35:lime -:lime =:lime
EXPR: 0 | POS | INT | 22 | 103 | 39 | (32-36)=(35-x) | 32 36 - 35 x - = | 32:lime 36:lime -:lime 35:lime x:lime -:lime =:lime
EXPR: 0 | POS | INT | 22 | 103 | 33 | (36-35)=(x-32) | 36 35 - x 32 - = | 36:lime 35:lime -:lime x:lime 32:lime -:lime =:lime
EXPR: 0 | POS | INT | 22 | 103 | 31 | (32-36)=(x-35) | 32 36 - x 35 - = | 32:lime 36:lime -:lime x:lime 35:lime -:lime =:lime
EXPR: 0 | POS | INT | 22 | 103 | 39 | (32+x)=(36+35) | 32 x + 36 35 + = | 32:lime x:lime +:lime 36:lime 35:lime +:lime =:lime
EXPR: 1 | POS | INT | 22 | 103 | 103 | (36+35)=(x-32) | 36 35 + x 32 - = | 36:lime 35:lime +:lime x:lime 32:lime -:lime =:lime
EXPR: 0 | POS | INT | 22 | 103 | 39 | (36+35)=(x+32) | 36 35 + x 32 + = | 36:lime 35:lime +:lime x:lime 32:lime +:lime =:lime
EXPR: 0 | POS | INT | 22 | 103 | 39 | (36+35)=(32+x) | 36 35 + 32 x + = | 36:lime 35:lime +:lime 32:lime x:lime +:lime =:lime
EXPR: 0 | POS | INT | 25 | 103 | 31 | x=((32+35)-36) | x 32 35 + 36 - = | x:lime 32:lime 35:lime +:lime 36:lime -:lime =:lime
EXPR: 1 | POS | INT | 25 | 103 | 103 | x=((32+35)+36) | x 32 35 + 36 + = | x:lime 32:lime 35:lime +:lime 36:lime +:lime =:lime
EXPR: 0 | POS | INT | 25 | 103 | 39 | x=((35-32)+36) | x 35 32 - 36 + = | x:lime 35:lime 32:lime -:lime 36:lime +:lime =:lime
EXPR: 0 | POS | INT | 25 | 103 | 31 | x=(32+(35-36)) | x 32 35 36 - + = | x:lime 32:lime 35:lime 36:lime -:lime +:lime =:lime
EXPR: 0 | POS | INT | 25 | 103 | 31 | x=(35+(32-36)) | x 35 32 36 - + = | x:lime 35:lime 32:lime 36:lime -:lime +:lime =:lime
EXPR: 0 | POS | INT | 25 | 103 | 33 | x=(32-(35-36)) | x 32 35 36 - - = | x:lime 32:lime 35:lime 36:lime -:lime -:lime =:lime
EXPR: 0 | POS | INT | 25 | 103 | 39 | x=(35-(32-36)) | x 35 32 36 - - = | x:lime 35:lime 32:lime 36:lime -:lime -:lime =:lime
EXPR: 0 | POS | INT | 25 | 103 | 33 | x=((32-35)+36) | x 32 35 - 36 + = | x:lime 32:lime 35:lime -:lime 36:lime +:lime =:lime
EXPR: 0 | POS | INT | 26 | 103 | 39 | x=((35-32)+36) | x 35 32 - 36 + = | x:lime 35:lime 32:lime -:lime 36:lime +:lime =:lime
EXPR: 1 | POS | INT | 26 | 103 | 103 | x=((32+35)+36) | x 32 35 + 36 + = | x:lime 32:lime 35:lime +:lime 36:lime +:lime =:lime
EXPR: 0 | POS | INT | 26 | 103 | 31 | x=(32+(35-36)) | x 32 35 36 - + = | x:lime 32:lime 35:lime 36:lime -:lime +:lime =:lime
EXPR: 0 | POS | INT | 26 | 103 | 31 | x=((32+35)-36) | x 32 35 + 36 - = | x:lime 32:lime 35:lime +:lime 36:lime -:lime =:lime
EXPR: 0 | POS | INT | 26 | 103 | 31 | x=(35+(32-36)) | x 35 32 36 - + = | x:lime 35:lime 32:lime 36:lime -:lime +:lime =:lime
EXPR: 0 | POS | INT | 26 | 103 | 33 | x=(32-(35-36)) | x 32 35 36 - - = | x:lime 32:lime 35:lime 36:lime -:lime -:lime =:lime
EXPR: 0 | POS | INT | 26 | 103 | 39 | x=(35-(32-36)) | x 35 32 36 - - = | x:lime 35:lime 32:lime 36:lime -:lime -:lime =:lime
EXPR: 0 | POS | INT | 26 | 103 | 33 | x=((32-35)+36) | x 32 35 - 36 + = | x:lime 32:lime 35:lime -:lime 36:lime +:lime =:lime
EXPR: 0 | POS | INT | 27 | 103 | 33 | 35=((32-x)+36) | 35 32 x - 36 + = | 35:lime 32:lime x:lime -:lime 36:lime +:lime =:lime
EXPR: 0 | POS | INT | 27 | 103 | 31 | ((32-x)+35)=36 | 32 x - 35 + 36 = | 32:lime x:lime -:lime 35:lime +:lime 36:lime =:lime
EXPR: 0 | POS | INT | 27 | 103 | 33 | 35=(32-(x-36)) | 35 32 x 36 - - = | 35:lime 32:lime x:lime 36:lime -:lime -:lime =:lime
EXPR: 1 | POS | INT | 27 | 103 | 103 | (x-35)=(36+32) | x 35 - 36 32 + = | x:lime 35:lime -:lime 36:lime 32:lime +:lime =:lime
EXPR: 0 | POS | INT | 27 | 103 | 31 | ((35-x)+32)=36 | 35 x - 32 + 36 = | 35:lime x:lime -:lime 32:lime +:lime 36:lime =:lime
EXPR: 0 | POS | INT | 27 | 103 | 39 | ((x-35)+32)=36 | x 35 - 32 + 36 = | x:lime 35:lime -:lime 32:lime +:lime 36:lime =:lime
EXPR: 0 | POS | INT | 27 | 103 | 33 | (x+35)=(36+32) | x 35 + 36 32 + = | x:lime 35:lime +:lime 36:lime 32:lime +:lime =:lime
EXPR: 0 | POS | INT | 27 | 103 | 31 | (35-(x-32))=36 | 35 x 32 - - 36 = | 35:lime x:lime 32:lime -:lime -:lime 36:lime =:lime
EXPR: 0 | POS | INT | 27 | 103 | 33 | (x-(32-35))=36 | x 32 35 - - 36 = | x:lime 32:lime 35:lime -:lime -:lime 36:lime =:lime
EXPR: 1 | POS | INT | 27 | 103 | 103 | (x-(32+35))=36 | x 32 35 + - 36 = | x:lime 32:lime 35:lime +:lime -:lime 36:lime =:lime
EXPR: 0 | POS | INT | 27 | 103 | 39 | (x-(35-32))=36 | x 35 32 - - 36 = | x:lime 35:lime 32:lime -:lime -:lime 36:lime =:lime
EXPR: 0 | POS | INT | 27 | 103 | 39 | (x+(32-35))=36 | x 32 35 - + 36 = | x:lime 32:lime 35:lime -:lime +:lime 36:lime =:lime
EXPR: 0 | POS | INT | 27 | 103 | 31 | (35+(32-x))=36 | 35 32 x - + 36 = | 35:lime 32:lime x:lime -:lime +:lime 36:lime =:lime
EXPR: 0 | POS | INT | 27 | 103 | 39 | (x-35)=(36-32) | x 35 - 36 32 - = | x:lime 35:lime -:lime 36:lime 32:lime -:lime =:lime
EXPR: 0 | POS | INT | 27 | 103 | 33 | ((35+x)-32)=36 | 35 x + 32 - 36 = | 35:lime x:lime +:lime 32:lime -:lime 36:lime =:lime
EXPR: 1 | POS | INT | 27 | 103 | 103 | ((x-35)-32)=36 | x 35 - 32 - 36 = | x:lime 35:lime -:lime 32:lime -:lime 36:lime =:lime
EXPR: 1 | POS | INT | 27 | 103 | 103 | ((x-32)-35)=36 | x 32 - 35 - 36 = | x:lime 32:lime -:lime 35:lime -:lime 36:lime =:lime
EXPR: 0 | POS | INT | 27 | 103 | 39 | 35=((32+x)-36) | 35 32 x + 36 - = | 35:lime 32:lime x:lime +:lime 36:lime -:lime =:lime
EXPR: 0 | POS | INT | 27 | 103 | 33 | (35-(32-x))=36 | 35 32 x - - 36 = | 35:lime 32:lime x:lime -:lime -:lime 36:lime =:lime
EXPR: 0 | POS | INT | 27 | 103 | 33 | 35=(32+(36-x)) | 35 32 36 x - + = | 35:lime 32:lime 36:lime x:lime -:lime +:lime =:lime
EXPR: 1 | POS | INT | 27 | 103 | 103 | 32=((x-35)-36) | 32 x 35 - 36 - = | 32:lime x:lime 35:lime -:lime 36:lime -:lime =:lime
EXPR: 0 | POS | INT | 27 | 103 | 31 | (32-(x-35))=36 | 32 x 35 - - 36 = | 32:lime x:lime 35:lime -:lime -:lime 36:lime =:lime
EXPR: 0 | POS | INT | 27 | 103 | 33 | (35-36)=(32-x) | 35 36 - 32 x - = | 35:lime 36:lime -:lime 32:lime x:lime -:lime =:lime
EXPR: 0 | POS | INT | 27 | 103 | 31 | 35=((x-32)+36) | 35 x 32 - 36 + = | 35:lime x:lime 32:lime -:lime 36:lime +:lime =:lime
EXPR: 0 | POS | INT | 27 | 103 | 33 | 32=((x+35)-36) | 32 x 35 + 36 - = | 32:lime x:lime 35:lime +:lime 36:lime -:lime =:lime
EXPR: 0 | POS | INT | 27 | 103 | 33 | (35+(x-32))=36 | 35 x 32 - + 36 = | 35:lime x:lime 32:lime -:lime +:lime 36:lime =:lime
EXPR: 0 | POS | INT | 27 | 103 | 39 | 35=(32-(36-x)) | 35 32 36 x - - = | 35:lime 32:lime 36:lime x:lime -:lime -:lime =:lime
EXPR: 1 | POS | INT | 27 | 103 | 103 | 35=((x-32)-36) | 35 x 32 - 36 - = | 35:lime x:lime 32:lime -:lime 36:lime -:lime =:lime
EXPR: 0 | POS | INT | 27 | 103 | 31 | (32+(35-x))=36 | 32 35 x - + 36 = | 32:lime 35:lime x:lime -:lime +:lime 36:lime =:lime
EXPR: 0 | POS | INT | 27 | 103 | 33 | (x+(35-32))=36 | x 35 32 - + 36 = | x:lime 35:lime 32:lime -:lime +:lime 36:lime =:lime
EXPR: 0 | POS | INT | 27 | 103 | 31 | 32=((x-35)+36) | 32 x 35 - 36 + = | 32:lime x:lime 35:lime -:lime 36:lime +:lime =:lime
EXPR: 0 | POS | INT | 27 | 103 | 31 | (35-36)=(x-32) | 35 36 - x 32 - = | 35:lime 36:lime -:lime x:lime 32:lime -:lime =:lime
EXPR: 0 | POS | INT | 27 | 103 | 39 | 35=((x+32)-36) | 35 x 32 + 36 - = | 35:lime x:lime 32:lime +:lime 36:lime -:lime =:lime
EXPR: 0 | POS | INT | 27 | 103 | 39 | 35=(32+(x-36)) | 35 32 x 36 - + = | 35:lime 32:lime x:lime 36:lime -:lime +:lime =:lime
EXPR: 0 | POS | INT | 27 | 103 | 31 | (35-x)=(36-32) | 35 x - 36 32 - = | 35:lime x:lime -:lime 36:lime 32:lime -:lime =:lime
EXPR: 0 | POS | INT | 27 | 103 | 39 | (32-(35-x))=36 | 32 35 x - - 36 = | 32:lime 35:lime x:lime -:lime -:lime 36:lime =:lime
EXPR: 0 | POS | INT | 27 | 103 | 39 | 32=(35-(x-36)) | 32 35 x 36 - - = | 32:lime 35:lime x:lime 36:lime -:lime -:lime =:lime
EXPR: 0 | POS | INT | 27 | 103 | 39 | 32=(35+(36-x)) | 32 35 36 x - + = | 32:lime 35:lime 36:lime x:lime -:lime +:lime =:lime
EXPR: 0 | POS | INT | 27 | 103 | 33 | 32=(x+(35-36)) | 32 x 35 36 - + = | 32:lime x:lime 35:lime 36:lime -:lime +:lime =:lime
EXPR: 0 | POS | INT | 27 | 103 | 31 | 32=(x-(35-36)) | 32 x 35 36 - - = | 32:lime x:lime 35:lime 36:lime -:lime -:lime =:lime
EXPR: 0 | POS | INT | 27 | 103 | 33 | 32=(35+(x-36)) | 32 35 x 36 - + = | 32:lime 35:lime x:lime 36:lime -:lime +:lime =:lime
EXPR: 0 | POS | INT | 27 | 103 | 33 | ((x+35)-32)=36 | x 35 + 32 - 36 = | x:lime 35:lime +:lime 32:lime -:lime 36:lime =:lime
EXPR: 0 | POS | INT | 27 | 103 | 33 | ((35-32)+x)=36 | 35 32 - x + 36 = | 35:lime 32:lime -:lime x:lime +:lime 36:lime =:lime
EXPR: 0 | POS | INT | 27 | 103 | 39 | ((32+x)-35)=36 | 32 x + 35 - 36 = | 32:lime x:lime +:lime 35:lime -:lime 36:lime =:lime
EXPR: 0 | POS | INT | 27 | 103 | 33 | 32=((35+x)-36) | 32 35 x + 36 - = | 32:lime 35:lime x:lime +:lime 36:lime -:lime =:lime
EXPR: 0 | POS | INT | 27 | 103 | 39 | 32=((35-x)+36) | 32 35 x - 36 + = | 32:lime 35:lime x:lime -:lime 36:lime +:lime =:lime
EXPR: 0 | POS | INT | 27 | 103 | 39 | 35=(x+(32-36)) | 35 x 32 36 - + = | 35:lime x:lime 32:lime 36:lime -:lime +:lime =:lime
EXPR: 0 | POS | INT | 27 | 103 | 33 | 32=(35-(36-x)) | 32 35 36 x - - = | 32:lime 35:lime 36:lime x:lime -:lime -:lime =:lime
EXPR: 0 | POS | INT | 27 | 103 | 31 | ((32+35)-x)=36 | 32 35 + x - 36 = | 32:lime 35:lime +:lime x:lime -:lime 36:lime =:lime
EXPR: 0 | POS | INT | 27 | 103 | 33 | (35+x)=(36+32) | 35 x + 36 32 + = | 35:lime x:lime +:lime 36:lime 32:lime +:lime =:lime
EXPR: 0 | POS | INT | 27 | 103 | 39 | (32+(x-35))=36 | 32 x 35 - + 36 = | 32:lime x:lime 35:lime -:lime +:lime 36:lime =:lime
EXPR: 0 | POS | INT | 27 | 103 | 39 | ((x+32)-35)=36 | x 32 + 35 - 36 = | x:lime 32:lime +:lime 35:lime -:lime 36:lime =:lime
EXPR: 0 | POS | INT | 27 | 103 | 39 | 35=((32-36)+x) | 35 32 36 - x + = | 35:lime 32:lime 36:lime -:lime x:lime +:lime =:lime
EXPR: 0 | POS | INT | 27 | 103 | 31 | 35=(x-(32-36)) | 35 x 32 36 - - = | 35:lime x:lime 32:lime 36:lime -:lime -:lime =:lime
EXPR: 0 | POS | INT | 27 | 103 | 33 | ((x-32)+35)=36 | x 32 - 35 + 36 = | x:lime 32:lime -:lime 35:lime +:lime 36:lime =:lime
EXPR: 0 | POS | INT | 27 | 103 | 39 | ((32-35)+x)=36 | 32 35 - x + 36 = | 32:lime 35:lime -:lime x:lime +:lime 36:lime =:lime
EXPR: 0 | POS | INT | 27 | 103 | 33 | 32=((35-36)+x) | 32 35 36 - x + = | 32:lime 35:lime 36:lime -:lime x:lime +:lime =:lime
EXPR: 0 | POS | INT | 37 | 103 | 31 | (x-35)=(32-36) | x 35 - 32 36 - = | x:lime 35:lime -:lime 32:lime 36:lime -:lime =:lime
EXPR: 0 | POS | INT | 37 | 103 | 33 | (32-x)=(35-36) | 32 x - 35 36 - = | 32:lime x:lime -:lime 35:lime 36:lime -:lime =:lime
EXPR: 0 | POS | INT | 37 | 103 | 39 | (35-x)=(32-36) | 35 x - 32 36 - = | 35:lime x:lime -:lime 32:lime 36:lime -:lime =:lime
EXPR: 0 | POS | INT | 37 | 103 | 39 | (32-35)=(36-x) | 32 35 - 36 x - = | 32:lime 35:lime -:lime 36:lime x:lime -:lime =:lime
EXPR: 0 | POS | INT | 37 | 103 | 33 | (35-32)=(36-x) | 35 32 - 36 x - = | 35:lime 32:lime -:lime 36:lime x:lime -:lime =:lime
EXPR: 0 | POS | INT | 37 | 103 | 31 | (x-32)=(35-36) | x 32 - 35 36 - = | x:lime 32:lime -:lime 35:lime 36:lime -:lime =:lime
EXPR: 0 | POS | INT | 37 | 103 | 33 | (32-35)=(x-36) | 32 35 - x 36 - = | 32:lime 35:lime -:lime x:lime 36:lime -:lime =:lime
EXPR: 0 | POS | INT | 37 | 103 | 39 | (35-32)=(x-36) | 35 32 - x 36 - = | 35:lime 32:lime -:lime x:lime 36:lime -:lime =:lime
EXPR: 1 | POS | INT | 37 | 103 | 103 | (32+35)=(x-36) | 32 35 + x 36 - = | 32:lime 35:lime +:lime x:lime 36:lime -:lime =:lime
EXPR: 0 | POS | INT | 37 | 103 | 31 | (32+35)=(x+36) | 32 35 + x 36 + = | 32:lime 35:lime +:lime x:lime 36:lime +:lime =:lime
EXPR: 0 | POS | INT | 37 | 103 | 31 | (32+35)=(36+x) | 32 35 + 36 x + = | 32:lime 35:lime +:lime 36:lime x:lime +:lime =:lime
NET 252 non-negative, integer-valued solutions found out of 408 total solutions
