parameters: n=7 l=3 k=1 p=5 q=1 m=9
TOTAL 408 solutions found
SOLN: CORRECT | POS/NEG | INT/FRA | OBJ-SCORE | TRUE-ANS | ANS | INFIX | POSTFIX | TYPED-POSTFIX
EXPR: 0 | POS | INT | 0 | 63 | 51 | x=(12.0-(36.0-75.0)) | x 12.0 36.0 75.0 - - = | x:money 12.0:money 36.0:money 75.0:money -:money -:money =:money
EXPR: 0 | POS | INT | 0 | 63 | 123 | x=(12.0+(36.0+75.0)) | x 12.0 36.0 75.0 + + = | x:money 12.0:money 36.0:money 75.0:money +:money +:money =:money
EXPR: 0 | POS | INT | 0 | 63 | 51 | x=((12.0-36.0)+75.0) | x 12.0 36.0 - 75.0 + = | x:money 12.0:money 36.0:money -:money 75.0:money +:money =:money
EXPR: 0 | POS | INT | 0 | 63 | 123 | x=((12.0+36.0)+75.0) | x 12.0 36.0 + 75.0 + = | x:money 12.0:money 36.0:money +:money 75.0:money +:money =:money
EXPR: 0 | POS | INT | 1 | 63 | 51 | x=(12.0-(36.0-75.0)) | x 12.0 36.0 75.0 - - = | x:money 12.0:money 36.0:money 75.0:money -:money -:money =:money
EXPR: 0 | POS | INT | 1 | 63 | 51 | x=((12.0-36.0)+75.0) | x 12.0 36.0 - 75.0 + = | x:money 12.0:money 36.0:money -:money 75.0:money +:money =:money
EXPR: 0 | POS | INT | 1 | 63 | 123 | x=(12.0+(36.0+75.0)) | x 12.0 36.0 75.0 + + = | x:money 12.0:money 36.0:money 75.0:money +:money +:money =:money
EXPR: 0 | POS | INT | 1 | 63 | 123 | x=((12.0+36.0)+75.0) | x 12.0 36.0 + 75.0 + = | x:money 12.0:money 36.0:money +:money 75.0:money +:money =:money
EXPR: 0 | POS | INT | 2 | 63 | 51 | ((x-12.0)+36.0)=75.0 | x 12.0 - 36.0 + 75.0 = | x:money 12.0:money -:money 36.0:money +:money 75.0:money =:money
EXPR: 0 | POS | INT | 2 | 63 | 99 | 12.0=(36.0-(x-75.0)) | 12.0 36.0 x 75.0 - - = | 12.0:money 36.0:money x:money 75.0:money -:money -:money =:money
EXPR: 0 | POS | INT | 2 | 63 | 51 | (x-(12.0-36.0))=75.0 | x 12.0 36.0 - - 75.0 = | x:money 12.0:money 36.0:money -:money -:money 75.0:money =:money
EXPR: 0 | POS | INT | 2 | 63 | 123 | (x-(12.0+36.0))=75.0 | x 12.0 36.0 + - 75.0 = | x:money 12.0:money 36.0:money +:money -:money 75.0:money =:money
EXPR: 0 | POS | INT | 2 | 63 | 99 | (x+(12.0-36.0))=75.0 | x 12.0 36.0 - + 75.0 = | x:money 12.0:money 36.0:money -:money +:money 75.0:money =:money
EXPR: 0 | POS | INT | 2 | 63 | 99 | (12.0-(36.0-x))=75.0 | 12.0 36.0 x - - 75.0 = | 12.0:money 36.0:money x:money -:money -:money 75.0:money =:money
EXPR: 0 | POS | INT | 2 | 63 | 99 | 12.0=(36.0+(75.0-x)) | 12.0 36.0 75.0 x - + = | 12.0:money 36.0:money 75.0:money x:money -:money +:money =:money
EXPR: 0 | POS | INT | 2 | 63 | 123 | ((x-12.0)-36.0)=75.0 | x 12.0 - 36.0 - 75.0 = | x:money 12.0:money -:money 36.0:money -:money 75.0:money =:money
EXPR: 0 | POS | INT | 2 | 63 | 27 | (12.0+(36.0+x))=75.0 | 12.0 36.0 x + + 75.0 = | 12.0:money 36.0:money x:money +:money +:money 75.0:money =:money
EXPR: 0 | POS | INT | 2 | 63 | 27 | (x+(12.0+36.0))=75.0 | x 12.0 36.0 + + 75.0 = | x:money 12.0:money 36.0:money +:money +:money 75.0:money =:money
EXPR: 0 | POS | INT | 2 | 63 | 51 | 12.0=((x+36.0)-75.0) | 12.0 x 36.0 + 75.0 - = | 12.0:money x:money 36.0:money +:money 75.0:money -:money =:money
EXPR: 0 | POS | INT | 2 | 63 | 123 | 12.0=((x-36.0)-75.0) | 12.0 x 36.0 - 75.0 - = | 12.0:money x:money 36.0:money -:money 75.0:money -:money =:money
EXPR: 0 | POS | INT | 2 | 63 | 51 | 12.0=(36.0-(75.0-x)) | 12.0 36.0 75.0 x - - = | 12.0:money 36.0:money 75.0:money x:money -:money -:money =:money
EXPR: 0 | POS | INT | 2 | 63 | 99 | ((12.0-36.0)+x)=75.0 | 12.0 36.0 - x + 75.0 = | 12.0:money 36.0:money -:money x:money +:money 75.0:money =:money
EXPR: 0 | POS | INT | 2 | 63 | 27 | ((12.0+36.0)+x)=75.0 | 12.0 36.0 + x + 75.0 = | 12.0:money 36.0:money +:money x:money +:money 75.0:money =:money
EXPR: 0 | POS | INT | 2 | 63 | 27 | ((12.0+x)+36.0)=75.0 | 12.0 x + 36.0 + 75.0 = | 12.0:money x:money +:money 36.0:money +:money 75.0:money =:money
EXPR: 0 | POS | INT | 2 | 63 | 99 | ((12.0+x)-36.0)=75.0 | 12.0 x + 36.0 - 75.0 = | 12.0:money x:money +:money 36.0:money -:money 75.0:money =:money
EXPR: 0 | POS | INT | 2 | 63 | 51 | 12.0=(x+(36.0-75.0)) | 12.0 x 36.0 75.0 - + = | 12.0:money x:money 36.0:money 75.0:money -:money +:money =:money
EXPR: 0 | POS | INT | 2 | 63 | 99 | (12.0+(x-36.0))=75.0 | 12.0 x 36.0 - + 75.0 = | 12.0:money x:money 36.0:money -:money +:money 75.0:money =:money
EXPR: 0 | POS | INT | 2 | 63 | 27 | (12.0+(x+36.0))=75.0 | 12.0 x 36.0 + + 75.0 = | 12.0:money x:money 36.0:money +:money +:money 75.0:money =:money
EXPR: 0 | POS | INT | 2 | 63 | 123 | 12.0=(x-(36.0+75.0)) | 12.0 x 36.0 75.0 + - = | 12.0:money x:money 36.0:money 75.0:money +:money -:money =:money
EXPR: 0 | POS | INT | 2 | 63 | 99 | 12.0=((36.0-x)+75.0) | 12.0 36.0 x - 75.0 + = | 12.0:money 36.0:money x:money -:money 75.0:money +:money =:money
EXPR: 0 | POS | INT | 2 | 63 | 51 | 12.0=(36.0+(x-75.0)) | 12.0 36.0 x 75.0 - + = | 12.0:money 36.0:money x:money 75.0:money -:money +:money =:money
EXPR: 0 | POS | INT | 2 | 63 | 99 | ((x+12.0)-36.0)=75.0 | x 12.0 + 36.0 - 75.0 = | x:money 12.0:money +:money 36.0:money -:money 75.0:money =:money
EXPR: 0 | POS | INT | 2 | 63 | 27 | ((x+12.0)+36.0)=75.0 | x 12.0 + 36.0 + 75.0 = | x:money 12.0:money +:money 36.0:money +:money 75.0:money =:money
EXPR: 0 | POS | INT | 2 | 63 | 51 | 12.0=((36.0+x)-75.0) | 12.0 36.0 x + 75.0 - = | 12.0:money 36.0:money x:money +:money 75.0:money -:money =:money
EXPR: 0 | POS | INT | 2 | 63 | 51 | 12.0=((36.0-75.0)+x) | 12.0 36.0 75.0 - x + = | 12.0:money 36.0:money 75.0:money -:money x:money +:money =:money
EXPR: 0 | POS | INT | 2 | 63 | 99 | 12.0=((36.0+75.0)-x) | 12.0 36.0 75.0 + x - = | 12.0:money 36.0:money 75.0:money +:money x:money -:money =:money
EXPR: 0 | POS | INT | 10 | 63 | 51 | x=((12.0+75.0)-36.0) | x 12.0 75.0 + 36.0 - = | x:money 12.0:money 75.0:money +:money 36.0:money -:money =:money
EXPR: 0 | POS | INT | 10 | 63 | 99 | x=((36.0-12.0)+75.0) | x 36.0 12.0 - 75.0 + = | x:money 36.0:money 12.0:money -:money 75.0:money +:money =:money
EXPR: 0 | POS | INT | 10 | 63 | 123 | x=((12.0+75.0)+36.0) | x 12.0 75.0 + 36.0 + = | x:money 12.0:money 75.0:money +:money 36.0:money +:money =:money
EXPR: 0 | POS | INT | 10 | 63 | 123 | x=(36.0+(12.0+75.0)) | x 36.0 12.0 75.0 + + = | x:money 36.0:money 12.0:money 75.0:money +:money +:money =:money
EXPR: 0 | POS | INT | 10 | 63 | 51 | x=(12.0+(75.0-36.0)) | x 12.0 75.0 36.0 - + = | x:money 12.0:money 75.0:money 36.0:money -:money +:money =:money
EXPR: 0 | POS | INT | 10 | 63 | 99 | x=(36.0-(12.0-75.0)) | x 36.0 12.0 75.0 - - = | x:money 36.0:money 12.0:money 75.0:money -:money -:money =:money
EXPR: 0 | POS | INT | 11 | 63 | 99 | x=(36.0-(12.0-75.0)) | x 36.0 12.0 75.0 - - = | x:money 36.0:money 12.0:money 75.0:money -:money -:money =:money
EXPR: 0 | POS | INT | 11 | 63 | 51 | x=((12.0+75.0)-36.0) | x 12.0 75.0 + 36.0 - = | x:money 12.0:money 75.0:money +:money 36.0:money -:money =:money
EXPR: 0 | POS | INT | 11 | 63 | 123 | x=((12.0+75.0)+36.0) | x 12.0 75.0 + 36.0 + = | x:money 12.0:money 75.0:money +:money 36.0:money +:money =:money
EXPR: 0 | POS | INT | 11 | 63 | 99 | x=((36.0-12.0)+75.0) | x 36.0 12.0 - 75.0 + = | x:money 36.0:money 12.0:money -:money 75.0:money +:money =:money
EXPR: 0 | POS | INT | 11 | 63 | 123 | x=(36.0+(12.0+75.0)) | x 36.0 12.0 75.0 + + = | x:money 36.0:money 12.0:money 75.0:money +:money +:money =:money
EXPR: 0 | POS | INT | 11 | 63 | 51 | x=(12.0+(75.0-36.0)) | x 12.0 75.0 36.0 - + = | x:money 12.0:money 75.0:money 36.0:money -:money +:money =:money
EXPR: 0 | POS | INT | 12 | 63 | 51 | 36.0=((12.0-x)+75.0) | 36.0 12.0 x - 75.0 + = | 36.0:money 12.0:money x:money -:money 75.0:money +:money =:money
EXPR: 0 | POS | INT | 12 | 63 | 99 | 36.0=((12.0+x)-75.0) | 36.0 12.0 x + 75.0 - = | 36.0:money 12.0:money x:money +:money 75.0:money -:money =:money
EXPR: 0 | POS | INT | 12 | 63 | 99 | ((x-36.0)+12.0)=75.0 | x 36.0 - 12.0 + 75.0 = | x:money 36.0:money -:money 12.0:money +:money 75.0:money =:money
EXPR: 0 | POS | INT | 12 | 63 | 51 | ((12.0-x)+75.0)=36.0 | 12.0 x - 75.0 + 36.0 = | 12.0:money x:money -:money 75.0:money +:money 36.0:money =:money
EXPR: 0 | POS | INT | 12 | 63 | 99 | 12.0=(75.0-(x-36.0)) | 12.0 75.0 x 36.0 - - = | 12.0:money 75.0:money x:money 36.0:money -:money -:money =:money
EXPR: 0 | POS | INT | 12 | 63 | 123 | (x-12.0)=(36.0+75.0) | x 12.0 - 36.0 75.0 + = | x:money 12.0:money -:money 36.0:money 75.0:money +:money =:money
EXPR: 0 | POS | INT | 12 | 63 | 51 | 36.0=(12.0-(x-75.0)) | 36.0 12.0 x 75.0 - - = | 36.0:money 12.0:money x:money 75.0:money -:money -:money =:money
EXPR: 0 | POS | INT | 12 | 63 | 99 | (x-(36.0-12.0))=75.0 | x 36.0 12.0 - - 75.0 = | x:money 36.0:money 12.0:money -:money -:money 75.0:money =:money
EXPR: 0 | POS | INT | 12 | 63 | 123 | ((x-36.0)-12.0)=75.0 | x 36.0 - 12.0 - 75.0 = | x:money 36.0:money -:money 12.0:money -:money 75.0:money =:money
EXPR: 0 | POS | INT | 12 | 63 | 123 | (x-(12.0+75.0))=36.0 | x 12.0 75.0 + - 36.0 = | x:money 12.0:money 75.0:money +:money -:money 36.0:money =:money
EXPR: 0 | POS | INT | 12 | 63 | 51 | (x+(36.0-12.0))=75.0 | x 36.0 12.0 - + 75.0 = | x:money 36.0:money 12.0:money -:money +:money 75.0:money =:money
EXPR: 0 | POS | INT | 12 | 63 | 99 | (x+(12.0-75.0))=36.0 | x 12.0 75.0 - + 36.0 = | x:money 12.0:money 75.0:money -:money +:money 36.0:money =:money
EXPR: 0 | POS | INT | 12 | 63 | 99 | (12.0-(75.0-x))=36.0 | 12.0 75.0 x - - 36.0 = | 12.0:money 75.0:money x:money -:money -:money 36.0:money =:money
EXPR: 0 | POS | INT | 12 | 63 | 51 | ((36.0+x)-12.0)=75.0 | 36.0 x + 12.0 - 75.0 = | 36.0:money x:money +:money 12.0:money -:money 75.0:money =:money
EXPR: 0 | POS | INT | 12 | 63 | 51 | (36.0-(12.0-x))=75.0 | 36.0 12.0 x - - 75.0 = | 36.0:money 12.0:money x:money -:money -:money 75.0:money =:money
EXPR: 0 | POS | INT | 12 | 63 | 123 | ((x-12.0)-75.0)=36.0 | x 12.0 - 75.0 - 36.0 = | x:money 12.0:money -:money 75.0:money -:money 36.0:money =:money
EXPR: 0 | POS | INT | 12 | 63 | 27 | 12.0=(75.0-(x+36.0)) | 12.0 75.0 x 36.0 + - = | 12.0:money 75.0:money x:money 36.0:money +:money -:money =:money
EXPR: 0 | POS | INT | 12 | 63 | 51 | (12.0-x)=(36.0-75.0) | 12.0 x - 36.0 75.0 - = | 12.0:money x:money -:money 36.0:money 75.0:money -:money =:money
EXPR: 0 | POS | INT | 12 | 63 | 99 | 36.0=((12.0-75.0)+x) | 36.0 12.0 75.0 - x + = | 36.0:money 12.0:money 75.0:money -:money x:money +:money =:money
EXPR: 0 | POS | INT | 12 | 63 | 27 | ((36.0+x)+12.0)=75.0 | 36.0 x + 12.0 + 75.0 = | 36.0:money x:money +:money 12.0:money +:money 75.0:money =:money
EXPR: 0 | POS | INT | 12 | 63 | 51 | 12.0=((x-75.0)+36.0) | 12.0 x 75.0 - 36.0 + = | 12.0:money x:money 75.0:money -:money 36.0:money +:money =:money
EXPR: 0 | POS | INT | 12 | 63 | 51 | 36.0=((12.0+75.0)-x) | 36.0 12.0 75.0 + x - = | 36.0:money 12.0:money 75.0:money +:money x:money -:money =:money
EXPR: 0 | POS | INT | 12 | 63 | 51 | (12.0-(x-75.0))=36.0 | 12.0 x 75.0 - - 36.0 = | 12.0:money x:money 75.0:money -:money -:money 36.0:money =:money
EXPR: 0 | POS | INT | 12 | 63 | 99 | 12.0=(75.0+(36.0-x)) | 12.0 75.0 36.0 x - + = | 12.0:money 75.0:money 36.0:money x:money -:money +:money =:money
EXPR: 0 | POS | INT | 12 | 63 | 99 | ((12.0-75.0)+x)=36.0 | 12.0 75.0 - x + 36.0 = | 12.0:money 75.0:money -:money x:money +:money 36.0:money =:money
EXPR: 0 | POS | INT | 12 | 63 | 51 | (12.0-36.0)=(x-75.0) | 12.0 36.0 - x 75.0 - = | 12.0:money 36.0:money -:money x:money 75.0:money -:money =:money
EXPR: 0 | POS | INT | 12 | 63 | 51 | 36.0=(12.0+(75.0-x)) | 36.0 12.0 75.0 x - + = | 36.0:money 12.0:money 75.0:money x:money -:money +:money =:money
EXPR: 0 | POS | INT | 12 | 63 | 99 | 36.0=(12.0-(75.0-x)) | 36.0 12.0 75.0 x - - = | 36.0:money 12.0:money 75.0:money x:money -:money -:money =:money
EXPR: 0 | POS | INT | 12 | 63 | 27 | 12.0=(75.0-(36.0+x)) | 12.0 75.0 36.0 x + - = | 12.0:money 75.0:money 36.0:money x:money +:money -:money =:money
EXPR: 0 | POS | INT | 12 | 63 | 99 | 36.0=((x+12.0)-75.0) | 36.0 x 12.0 + 75.0 - = | 36.0:money x:money 12.0:money +:money 75.0:money -:money =:money
EXPR: 0 | POS | INT | 12 | 63 | 99 | (12.0-36.0)=(75.0-x) | 12.0 36.0 - 75.0 x - = | 12.0:money 36.0:money -:money 75.0:money x:money -:money =:money
EXPR: 0 | POS | INT | 12 | 63 | 27 | (36.0+(12.0+x))=75.0 | 36.0 12.0 x + + 75.0 = | 36.0:money 12.0:money x:money +:money +:money 75.0:money =:money
EXPR: 0 | POS | INT | 12 | 63 | 51 | ((x+36.0)-12.0)=75.0 | x 36.0 + 12.0 - 75.0 = | x:money 36.0:money +:money 12.0:money -:money 75.0:money =:money
EXPR: 0 | POS | INT | 12 | 63 | 27 | (36.0+(x+12.0))=75.0 | 36.0 x 12.0 + + 75.0 = | 36.0:money x:money 12.0:money +:money +:money 75.0:money =:money
EXPR: 0 | POS | INT | 12 | 63 | 123 | 12.0=((x-75.0)-36.0) | 12.0 x 75.0 - 36.0 - = | 12.0:money x:money 75.0:money -:money 36.0:money -:money =:money
EXPR: 0 | POS | INT | 12 | 63 | 99 | (12.0+(x-75.0))=36.0 | 12.0 x 75.0 - + 36.0 = | 12.0:money x:money 75.0:money -:money +:money 36.0:money =:money
EXPR: 0 | POS | INT | 12 | 63 | 27 | ((x+36.0)+12.0)=75.0 | x 36.0 + 12.0 + 75.0 = | x:money 36.0:money +:money 12.0:money +:money 75.0:money =:money
EXPR: 0 | POS | INT | 12 | 63 | 99 | 12.0=((75.0-x)+36.0) | 12.0 75.0 x - 36.0 + = | 12.0:money 75.0:money x:money -:money 36.0:money +:money =:money
EXPR: 0 | POS | INT | 12 | 63 | 123 | 36.0=((x-12.0)-75.0) | 36.0 x 12.0 - 75.0 - = | 36.0:money x:money 12.0:money -:money 75.0:money -:money =:money
EXPR: 0 | POS | INT | 12 | 63 | 99 | 36.0=(x+(12.0-75.0)) | 36.0 x 12.0 75.0 - + = | 36.0:money x:money 12.0:money 75.0:money -:money +:money =:money
EXPR: 0 | POS | INT | 12 | 63 | 51 | ((36.0-12.0)+x)=75.0 | 36.0 12.0 - x + 75.0 = | 36.0:money 12.0:money -:money x:money +:money 75.0:money =:money
EXPR: 0 | POS | INT | 12 | 63 | 51 | 12.0=(x-(75.0-36.0)) | 12.0 x 75.0 36.0 - - = | 12.0:money x:money 75.0:money 36.0:money -:money -:money =:money
EXPR: 0 | POS | INT | 12 | 63 | 99 | 36.0=(12.0+(x-75.0)) | 36.0 12.0 x 75.0 - + = | 36.0:money 12.0:money x:money 75.0:money -:money +:money =:money
EXPR: 0 | POS | INT | 12 | 63 | 27 | 12.0=((75.0-x)-36.0) | 12.0 75.0 x - 36.0 - = | 12.0:money 75.0:money x:money -:money 36.0:money -:money =:money
EXPR: 0 | POS | INT | 12 | 63 | 99 | ((12.0+x)-75.0)=36.0 | 12.0 x + 75.0 - 36.0 = | 12.0:money x:money +:money 75.0:money -:money 36.0:money =:money
EXPR: 0 | POS | INT | 12 | 63 | 123 | 36.0=(x-(12.0+75.0)) | 36.0 x 12.0 75.0 + - = | 36.0:money x:money 12.0:money 75.0:money +:money -:money =:money
EXPR: 0 | POS | INT | 12 | 63 | 51 | (36.0+(x-12.0))=75.0 | 36.0 x 12.0 - + 75.0 = | 36.0:money x:money 12.0:money -:money +:money 75.0:money =:money
EXPR: 0 | POS | INT | 12 | 63 | 51 | (12.0+(75.0-x))=36.0 | 12.0 75.0 x - + 36.0 = | 12.0:money 75.0:money x:money -:money +:money 36.0:money =:money
EXPR: 0 | POS | INT | 12 | 63 | 51 | ((12.0+75.0)-x)=36.0 | 12.0 75.0 + x - 36.0 = | 12.0:money 75.0:money +:money x:money -:money 36.0:money =:money
EXPR: 0 | POS | INT | 12 | 63 | 99 | (12.0+x)=(36.0+75.0) | 12.0 x + 36.0 75.0 + = | 12.0:money x:money +:money 36.0:money 75.0:money +:money =:money
EXPR: 0 | POS | INT | 12 | 63 | 99 | ((x+12.0)-75.0)=36.0 | x 12.0 + 75.0 - 36.0 = | x:money 12.0:money +:money 75.0:money -:money 36.0:money =:money
EXPR: 0 | POS | INT | 12 | 63 | 99 | (x+12.0)=(36.0+75.0) | x 12.0 + 36.0 75.0 + = | x:money 12.0:money +:money 36.0:money 75.0:money +:money =:money
EXPR: 0 | POS | INT | 12 | 63 | 27 | 12.0=((75.0-36.0)-x) | 12.0 75.0 36.0 - x - = | 12.0:money 75.0:money 36.0:money -:money x:money -:money =:money
EXPR: 0 | POS | INT | 12 | 63 | 123 | (12.0+36.0)=(x-75.0) | 12.0 36.0 + x 75.0 - = | 12.0:money 36.0:money +:money x:money 75.0:money -:money =:money
EXPR: 0 | POS | INT | 12 | 63 | 27 | (12.0+36.0)=(75.0-x) | 12.0 36.0 + 75.0 x - = | 12.0:money 36.0:money +:money 75.0:money x:money -:money =:money
EXPR: 0 | POS | INT | 15 | 63 | 27 | x=((75.0-12.0)-36.0) | x 75.0 12.0 - 36.0 - = | x:money 75.0:money 12.0:money -:money 36.0:money -:money =:money
EXPR: 0 | POS | INT | 15 | 63 | 99 | x=((75.0-12.0)+36.0) | x 75.0 12.0 - 36.0 + = | x:money 75.0:money 12.0:money -:money 36.0:money +:money =:money
EXPR: 0 | POS | INT | 15 | 63 | 51 | x=(75.0+(12.0-36.0)) | x 75.0 12.0 36.0 - + = | x:money 75.0:money 12.0:money 36.0:money -:money +:money =:money
EXPR: 0 | POS | INT | 15 | 63 | 99 | x=(75.0-(12.0-36.0)) | x 75.0 12.0 36.0 - - = | x:money 75.0:money 12.0:money 36.0:money -:money -:money =:money
EXPR: 0 | POS | INT | 15 | 63 | 27 | x=(75.0-(12.0+36.0)) | x 75.0 12.0 36.0 + - = | x:money 75.0:money 12.0:money 36.0:money +:money -:money =:money
EXPR: 0 | POS | INT | 15 | 63 | 123 | x=(75.0+(12.0+36.0)) | x 75.0 12.0 36.0 + + = | x:money 75.0:money 12.0:money 36.0:money +:money +:money =:money
EXPR: 0 | POS | INT | 16 | 63 | 27 | x=((75.0-12.0)-36.0) | x 75.0 12.0 - 36.0 - = | x:money 75.0:money 12.0:money -:money 36.0:money -:money =:money
EXPR: 0 | POS | INT | 16 | 63 | 99 | x=((75.0-12.0)+36.0) | x 75.0 12.0 - 36.0 + = | x:money 75.0:money 12.0:money -:money 36.0:money +:money =:money
EXPR: 0 | POS | INT | 16 | 63 | 51 | x=(75.0+(12.0-36.0)) | x 75.0 12.0 36.0 - + = | x:money 75.0:money 12.0:money 36.0:money -:money +:money =:money
EXPR: 0 | POS | INT | 16 | 63 | 99 | x=(75.0-(12.0-36.0)) | x 75.0 12.0 36.0 - - = | x:money 75.0:money 12.0:money 36.0:money -:money -:money =:money
EXPR: 0 | POS | INT | 16 | 63 | 27 | x=(75.0-(12.0+36.0)) | x 75.0 12.0 36.0 + - = | x:money 75.0:money 12.0:money 36.0:money +:money -:money =:money
EXPR: 0 | POS | INT | 16 | 63 | 123 | x=(75.0+(12.0+36.0)) | x 75.0 12.0 36.0 + + = | x:money 75.0:money 12.0:money 36.0:money +:money +:money =:money
EXPR: 0 | POS | INT | 17 | 63 | 51 | (75.0-(x-12.0))=36.0 | 75.0 x 12.0 - - 36.0 = | 75.0:money x:money 12.0:money -:money -:money 36.0:money =:money
EXPR: 0 | POS | INT | 17 | 63 | 99 | ((x-75.0)+12.0)=36.0 | x 75.0 - 12.0 + 36.0 = | x:money 75.0:money -:money 12.0:money +:money 36.0:money =:money
EXPR: 0 | POS | INT | 17 | 63 | 99 | (x-(75.0-12.0))=36.0 | x 75.0 12.0 - - 36.0 = | x:money 75.0:money 12.0:money -:money -:money 36.0:money =:money
EXPR: 0 | POS | INT | 17 | 63 | 51 | (75.0+(12.0-x))=36.0 | 75.0 12.0 x - + 36.0 = | 75.0:money 12.0:money x:money -:money +:money 36.0:money =:money
EXPR: 0 | POS | INT | 17 | 63 | 99 | 75.0=(12.0-(36.0-x)) | 75.0 12.0 36.0 x - - = | 75.0:money 12.0:money 36.0:money x:money -:money -:money =:money
EXPR: 0 | POS | INT | 17 | 63 | 27 | (75.0-(12.0+x))=36.0 | 75.0 12.0 x + - 36.0 = | 75.0:money 12.0:money x:money +:money -:money 36.0:money =:money
EXPR: 0 | POS | INT | 17 | 63 | 27 | ((75.0-x)-12.0)=36.0 | 75.0 x - 12.0 - 36.0 = | 75.0:money x:money -:money 12.0:money -:money 36.0:money =:money
EXPR: 0 | POS | INT | 17 | 63 | 99 | 75.0=((12.0+x)-36.0) | 75.0 12.0 x + 36.0 - = | 75.0:money 12.0:money x:money +:money 36.0:money -:money =:money
EXPR: 0 | POS | INT | 17 | 63 | 27 | 75.0=(12.0+(36.0+x)) | 75.0 12.0 36.0 x + + = | 75.0:money 12.0:money 36.0:money x:money +:money +:money =:money
EXPR: 0 | POS | INT | 17 | 63 | 123 | ((x-75.0)-12.0)=36.0 | x 75.0 - 12.0 - 36.0 = | x:money 75.0:money -:money 12.0:money -:money 36.0:money =:money
EXPR: 0 | POS | INT | 17 | 63 | 27 | (75.0-(x+12.0))=36.0 | 75.0 x 12.0 + - 36.0 = | 75.0:money x:money 12.0:money +:money -:money 36.0:money =:money
EXPR: 0 | POS | INT | 17 | 63 | 51 | 75.0=((x-12.0)+36.0) | 75.0 x 12.0 - 36.0 + = | 75.0:money x:money 12.0:money -:money 36.0:money +:money =:money
EXPR: 0 | POS | INT | 17 | 63 | 123 | 75.0=((x-12.0)-36.0) | 75.0 x 12.0 - 36.0 - = | 75.0:money x:money 12.0:money -:money 36.0:money -:money =:money
EXPR: 0 | POS | INT | 17 | 63 | 27 | ((75.0-12.0)-x)=36.0 | 75.0 12.0 - x - 36.0 = | 75.0:money 12.0:money -:money x:money -:money 36.0:money =:money
EXPR: 0 | POS | INT | 17 | 63 | 51 | ((75.0-x)+12.0)=36.0 | 75.0 x - 12.0 + 36.0 = | 75.0:money x:money -:money 12.0:money +:money 36.0:money =:money
EXPR: 0 | POS | INT | 17 | 63 | 27 | 75.0=((12.0+x)+36.0) | 75.0 12.0 x + 36.0 + = | 75.0:money 12.0:money x:money +:money 36.0:money +:money =:money
EXPR: 0 | POS | INT | 17 | 63 | 99 | 75.0=((x+12.0)-36.0) | 75.0 x 12.0 + 36.0 - = | 75.0:money x:money 12.0:money +:money 36.0:money -:money =:money
EXPR: 0 | POS | INT | 17 | 63 | 99 | 75.0=(12.0+(x-36.0)) | 75.0 12.0 x 36.0 - + = | 75.0:money 12.0:money x:money 36.0:money -:money +:money =:money
EXPR: 0 | POS | INT | 17 | 63 | 123 | 75.0=(x-(12.0+36.0)) | 75.0 x 12.0 36.0 + - = | 75.0:money x:money 12.0:money 36.0:money +:money -:money =:money
EXPR: 0 | POS | INT | 17 | 63 | 27 | 75.0=((x+12.0)+36.0) | 75.0 x 12.0 + 36.0 + = | 75.0:money x:money 12.0:money +:money 36.0:money +:money =:money
EXPR: 0 | POS | INT | 17 | 63 | 27 | 75.0=(12.0+(x+36.0)) | 75.0 12.0 x 36.0 + + = | 75.0:money 12.0:money x:money 36.0:money +:money +:money =:money
EXPR: 0 | POS | INT | 17 | 63 | 99 | 75.0=((12.0-36.0)+x) | 75.0 12.0 36.0 - x + = | 75.0:money 12.0:money 36.0:money -:money x:money +:money =:money
EXPR: 0 | POS | INT | 17 | 63 | 27 | 75.0=(x+(12.0+36.0)) | 75.0 x 12.0 36.0 + + = | 75.0:money x:money 12.0:money 36.0:money +:money +:money =:money
EXPR: 0 | POS | INT | 17 | 63 | 99 | 75.0=(x+(12.0-36.0)) | 75.0 x 12.0 36.0 - + = | 75.0:money x:money 12.0:money 36.0:money -:money +:money =:money
EXPR: 0 | POS | INT | 17 | 63 | 51 | 75.0=(x-(12.0-36.0)) | 75.0 x 12.0 36.0 - - = | 75.0:money x:money 12.0:money 36.0:money -:money -:money =:money
EXPR: 0 | POS | INT | 17 | 63 | 27 | 75.0=((12.0+36.0)+x) | 75.0 12.0 36.0 + x + = | 75.0:money 12.0:money 36.0:money +:money x:money +:money =:money
EXPR: 0 | POS | INT | 22 | 63 | 99 | (12.0-75.0)=(36.0-x) | 12.0 75.0 - 36.0 x - = | 12.0:money 75.0:money -:money 36.0:money x:money -:money =:money
EXPR: 0 | POS | INT | 22 | 63 | 51 | (x+36.0)=(12.0+75.0) | x 36.0 + 12.0 75.0 + = | x:money 36.0:money +:money 12.0:money 75.0:money +:money =:money
EXPR: 0 | POS | INT | 22 | 63 | 27 | (x+12.0)=(75.0-36.0) | x 12.0 + 75.0 36.0 - = | x:money 12.0:money +:money 75.0:money 36.0:money -:money =:money
EXPR: 0 | POS | INT | 22 | 63 | 51 | (x-12.0)=(75.0-36.0) | x 12.0 - 75.0 36.0 - = | x:money 12.0:money -:money 75.0:money 36.0:money -:money =:money
EXPR: 0 | POS | INT | 22 | 63 | 123 | (x-36.0)=(12.0+75.0) | x 36.0 - 12.0 75.0 + = | x:money 36.0:money -:money 12.0:money 75.0:money +:money =:money
EXPR: 0 | POS | INT | 22 | 63 | 99 | (36.0-x)=(12.0-75.0) | 36.0 x - 12.0 75.0 - = | 36.0:money x:money -:money 12.0:money 75.0:money -:money =:money
EXPR: 0 | POS | INT | 22 | 63 | 51 | (36.0-12.0)=(75.0-x) | 36.0 12.0 - 75.0 x - = | 36.0:money 12.0:money -:money 75.0:money x:money -:money =:money
EXPR: 0 | POS | INT | 22 | 63 | 99 | (36.0-12.0)=(x-75.0) | 36.0 12.0 - x 75.0 - = | 36.0:money 12.0:money -:money x:money 75.0:money -:money =:money
EXPR: 0 | POS | INT | 22 | 63 | 27 | (12.0+x)=(75.0-36.0) | 12.0 x + 75.0 36.0 - = | 12.0:money x:money +:money 75.0:money 36.0:money -:money =:money
EXPR: 0 | POS | INT | 22 | 63 | 51 | (36.0+x)=(12.0+75.0) | 36.0 x + 12.0 75.0 + = | 36.0:money x:money +:money 12.0:money 75.0:money +:money =:money
EXPR: 0 | POS | INT | 22 | 63 | 123 | (12.0+75.0)=(x-36.0) | 12.0 75.0 + x 36.0 - = | 12.0:money 75.0:money +:money x:money 36.0:money -:money =:money
EXPR: 0 | POS | INT | 22 | 63 | 51 | (12.0+75.0)=(x+36.0) | 12.0 75.0 + x 36.0 + = | 12.0:money 75.0:money +:money x:money 36.0:money +:money =:money
EXPR: 0 | POS | INT | 22 | 63 | 51 | (12.0+75.0)=(36.0+x) | 12.0 75.0 + 36.0 x + = | 12.0:money 75.0:money +:money 36.0:money x:money +:money =:money
EXPR: 0 | POS | INT | 25 | 63 | 99 | x=((36.0+75.0)-12.0) | x 36.0 75.0 + 12.0 - = | x:money 36.0:money 75.0:money +:money 12.0:money -:money =:money
EXPR: 0 | POS | INT | 25 | 63 | 27 | x=((75.0-36.0)-12.0) | x 75.0 36.0 - 12.0 - = | x:money 75.0:money 36.0:money -:money 12.0:money -:money =:money
EXPR: 0 | POS | INT | 25 | 63 | 123 | x=((36.0+75.0)+12.0) | x 36.0 75.0 + 12.0 + = | x:money 36.0:money 75.0:money +:money 12.0:money +:money =:money
EXPR: 0 | POS | INT | 25 | 63 | 51 | x=((75.0-36.0)+12.0) | x 75.0 36.0 - 12.0 + = | x:money 75.0:money 36.0:money -:money 12.0:money +:money =:money
EXPR: 0 | POS | INT | 25 | 63 | 99 | x=(36.0+(75.0-12.0)) | x 36.0 75.0 12.0 - + = | x:money 36.0:money 75.0:money 12.0:money -:money +:money =:money
EXPR: 0 | POS | INT | 25 | 63 | 99 | x=(75.0+(36.0-12.0)) | x 75.0 36.0 12.0 - + = | x:money 75.0:money 36.0:money 12.0:money -:money +:money =:money
EXPR: 0 | POS | INT | 25 | 63 | 51 | x=(75.0-(36.0-12.0)) | x 75.0 36.0 12.0 - - = | x:money 75.0:money 36.0:money 12.0:money -:money -:money =:money
EXPR: 0 | POS | INT | 26 | 63 | 51 | x=((75.0-36.0)+12.0) | x 75.0 36.0 - 12.0 + = | x:money 75.0:money 36.0:money -:money 12.0:money +:money =:money
EXPR: 0 | POS | INT | 26 | 63 | 27 | x=((75.0-36.0)-12.0) | x 75.0 36.0 - 12.0 - = | x:money 75.0:money 36.0:money -:money 12.0:money -:money =:money
EXPR: 0 | POS | INT | 26 | 63 | 123 | x=((36.0+75.0)+12.0) | x 36.0 75.0 + 12.0 + = | x:money 36.0:money 75.0:money +:money 12.0:money +:money =:money
EXPR: 0 | POS | INT | 26 | 63 | 99 | x=(36.0+(75.0-12.0)) | x 36.0 75.0 12.0 - + = | x:money 36.0:money 75.0:money 12.0:money -:money +:money =:money
EXPR: 0 | POS | INT | 26 | 63 | 99 | x=((36.0+75.0)-12.0) | x 36.0 75.0 + 12.0 - = | x:money 36.0:money 75.0:money +:money 12.0:money -:money =:money
EXPR: 0 | POS | INT | 26 | 63 | 99 | x=(75.0+(36.0-12.0)) | x 75.0 36.0 12.0 - + = | x:money 75.0:money 36.0:money 12.0:money -:money +:money =:money
EXPR: 0 | POS | INT | 26 | 63 | 51 | x=(75.0-(36.0-12.0)) | x 75.0 36.0 12.0 - - = | x:money 75.0:money 36.0:money 12.0:money -:money -:money =:money
EXPR: 0 | POS | INT | 27 | 63 | 27 | ((75.0-x)-36.0)=12.0 | 75.0 x - 36.0 - 12.0 = | 75.0:money x:money -:money 36.0:money -:money 12.0:money =:money
EXPR: 0 | POS | INT | 27 | 63 | 99 | ((36.0-x)+75.0)=12.0 | 36.0 x - 75.0 + 12.0 = | 36.0:money x:money -:money 75.0:money +:money 12.0:money =:money
EXPR: 0 | POS | INT | 27 | 63 | 123 | (x-75.0)=(12.0+36.0) | x 75.0 - 12.0 36.0 + = | x:money 75.0:money -:money 12.0:money 36.0:money +:money =:money
EXPR: 0 | POS | INT | 27 | 63 | 99 | ((75.0-x)+36.0)=12.0 | 75.0 x - 36.0 + 12.0 = | 75.0:money x:money -:money 36.0:money +:money 12.0:money =:money
EXPR: 0 | POS | INT | 27 | 63 | 51 | ((x-75.0)+36.0)=12.0 | x 75.0 - 36.0 + 12.0 = | x:money 75.0:money -:money 36.0:money +:money 12.0:money =:money
EXPR: 0 | POS | INT | 27 | 63 | 27 | 75.0=(36.0+(x+12.0)) | 75.0 36.0 x 12.0 + + = | 75.0:money 36.0:money x:money 12.0:money +:money +:money =:money
EXPR: 0 | POS | INT | 27 | 63 | 99 | (75.0-(x-36.0))=12.0 | 75.0 x 36.0 - - 12.0 = | 75.0:money x:money 36.0:money -:money -:money 12.0:money =:money
EXPR: 0 | POS | INT | 27 | 63 | 123 | (x-(36.0+75.0))=12.0 | x 36.0 75.0 + - 12.0 = | x:money 36.0:money 75.0:money +:money -:money 12.0:money =:money
EXPR: 0 | POS | INT | 27 | 63 | 27 | (75.0-12.0)=(36.0+x) | 75.0 12.0 - 36.0 x + = | 75.0:money 12.0:money -:money 36.0:money x:money +:money =:money
EXPR: 0 | POS | INT | 27 | 63 | 51 | (x-(75.0-36.0))=12.0 | x 75.0 36.0 - - 12.0 = | x:money 75.0:money 36.0:money -:money -:money 12.0:money =:money
EXPR: 0 | POS | INT | 27 | 63 | 51 | (x+(36.0-75.0))=12.0 | x 36.0 75.0 - + 12.0 = | x:money 36.0:money 75.0:money -:money +:money 12.0:money =:money
EXPR: 0 | POS | INT | 27 | 63 | 99 | (75.0+(36.0-x))=12.0 | 75.0 36.0 x - + 12.0 = | 75.0:money 36.0:money x:money -:money +:money 12.0:money =:money
EXPR: 0 | POS | INT | 27 | 63 | 51 | (x-75.0)=(12.0-36.0) | x 75.0 - 12.0 36.0 - = | x:money 75.0:money -:money 12.0:money 36.0:money -:money =:money
EXPR: 0 | POS | INT | 27 | 63 | 123 | ((x-75.0)-36.0)=12.0 | x 75.0 - 36.0 - 12.0 = | x:money 75.0:money -:money 36.0:money -:money 12.0:money =:money
EXPR: 0 | POS | INT | 27 | 63 | 123 | ((x-36.0)-75.0)=12.0 | x 36.0 - 75.0 - 12.0 = | x:money 36.0:money -:money 75.0:money -:money 12.0:money =:money
EXPR: 0 | POS | INT | 27 | 63 | 51 | 75.0=((36.0+x)-12.0) | 75.0 36.0 x + 12.0 - = | 75.0:money 36.0:money x:money +:money 12.0:money -:money =:money
EXPR: 0 | POS | INT | 27 | 63 | 27 | (75.0-x)=(12.0+36.0) | 75.0 x - 12.0 36.0 + = | 75.0:money x:money -:money 12.0:money 36.0:money +:money =:money
EXPR: 0 | POS | INT | 27 | 63 | 27 | 75.0=((36.0+x)+12.0) | 75.0 36.0 x + 12.0 + = | 75.0:money 36.0:money x:money +:money 12.0:money +:money =:money
EXPR: 0 | POS | INT | 27 | 63 | 27 | 36.0=(75.0-(x+12.0)) | 36.0 75.0 x 12.0 + - = | 36.0:money 75.0:money x:money 12.0:money +:money -:money =:money
EXPR: 0 | POS | INT | 27 | 63 | 123 | 36.0=((x-75.0)-12.0) | 36.0 x 75.0 - 12.0 - = | 36.0:money x:money 75.0:money -:money 12.0:money -:money =:money
EXPR: 0 | POS | INT | 27 | 63 | 99 | (36.0-(x-75.0))=12.0 | 36.0 x 75.0 - - 12.0 = | 36.0:money x:money 75.0:money -:money -:money 12.0:money =:money
EXPR: 0 | POS | INT | 27 | 63 | 27 | (75.0-(x+36.0))=12.0 | 75.0 x 36.0 + - 12.0 = | 75.0:money x:money 36.0:money +:money -:money 12.0:money =:money
EXPR: 0 | POS | INT | 27 | 63 | 99 | 75.0=((x-36.0)+12.0) | 75.0 x 36.0 - 12.0 + = | 75.0:money x:money 36.0:money -:money 12.0:money +:money =:money
EXPR: 0 | POS | INT | 27 | 63 | 51 | 75.0=(36.0-(12.0-x)) | 75.0 36.0 12.0 x - - = | 75.0:money 36.0:money 12.0:money x:money -:money -:money =:money
EXPR: 0 | POS | INT | 27 | 63 | 123 | 75.0=((x-36.0)-12.0) | 75.0 x 36.0 - 12.0 - = | 75.0:money x:money 36.0:money -:money 12.0:money -:money =:money
EXPR: 0 | POS | INT | 27 | 63 | 27 | (75.0-12.0)=(x+36.0) | 75.0 12.0 - x 36.0 + = | 75.0:money 12.0:money -:money x:money 36.0:money +:money =:money
EXPR: 0 | POS | INT | 27 | 63 | 99 | (36.0+(75.0-x))=12.0 | 36.0 75.0 x - + 12.0 = | 36.0:money 75.0:money x:money -:money +:money 12.0:money =:money
EXPR: 0 | POS | INT | 27 | 63 | 99 | 36.0=((x-75.0)+12.0) | 36.0 x 75.0 - 12.0 + = | 36.0:money x:money 75.0:money -:money 12.0:money +:money =:money
EXPR: 0 | POS | INT | 27 | 63 | 27 | ((75.0-36.0)-x)=12.0 | 75.0 36.0 - x - 12.0 = | 75.0:money 36.0:money -:money x:money -:money 12.0:money =:money
EXPR: 0 | POS | INT | 27 | 63 | 99 | (75.0-12.0)=(x-36.0) | 75.0 12.0 - x 36.0 - = | 75.0:money 12.0:money -:money x:money 36.0:money -:money =:money
EXPR: 0 | POS | INT | 27 | 63 | 27 | 75.0=(36.0+(12.0+x)) | 75.0 36.0 12.0 x + + = | 75.0:money 36.0:money 12.0:money x:money +:money +:money =:money
EXPR: 0 | POS | INT | 27 | 63 | 51 | 75.0=((x+36.0)-12.0) | 75.0 x 36.0 + 12.0 - = | 75.0:money x:money 36.0:money +:money 12.0:money -:money =:money
EXPR: 0 | POS | INT | 27 | 63 | 51 | 75.0=(36.0+(x-12.0)) | 75.0 36.0 x 12.0 - + = | 75.0:money 36.0:money x:money 12.0:money -:money +:money =:money
EXPR: 0 | POS | INT | 27 | 63 | 99 | (75.0-x)=(12.0-36.0) | 75.0 x - 12.0 36.0 - = | 75.0:money x:money -:money 12.0:money 36.0:money -:money =:money
EXPR: 0 | POS | INT | 27 | 63 | 27 | 36.0=(75.0-(12.0+x)) | 36.0 75.0 12.0 x + - = | 36.0:money 75.0:money 12.0:money x:money +:money -:money =:money
EXPR: 0 | POS | INT | 27 | 63 | 27 | (75.0-(36.0+x))=12.0 | 75.0 36.0 x + - 12.0 = | 75.0:money 36.0:money x:money +:money -:money 12.0:money =:money
EXPR: 0 | POS | INT | 27 | 63 | 51 | (36.0-(75.0-x))=12.0 | 36.0 75.0 x - - 12.0 = | 36.0:money 75.0:money x:money -:money -:money 12.0:money =:money
EXPR: 0 | POS | INT | 27 | 63 | 51 | 36.0=(75.0-(x-12.0)) | 36.0 75.0 x 12.0 - - = | 36.0:money 75.0:money x:money 12.0:money -:money -:money =:money
EXPR: 0 | POS | INT | 27 | 63 | 51 | 36.0=(75.0+(12.0-x)) | 36.0 75.0 12.0 x - + = | 36.0:money 75.0:money 12.0:money x:money -:money +:money =:money
EXPR: 0 | POS | INT | 27 | 63 | 99 | 36.0=(x-(75.0-12.0)) | 36.0 x 75.0 12.0 - - = | 36.0:money x:money 75.0:money 12.0:money -:money -:money =:money
EXPR: 0 | POS | INT | 27 | 63 | 27 | 75.0=((x+36.0)+12.0) | 75.0 x 36.0 + 12.0 + = | 75.0:money x:money 36.0:money +:money 12.0:money +:money =:money
EXPR: 0 | POS | INT | 27 | 63 | 51 | ((36.0+x)-75.0)=12.0 | 36.0 x + 75.0 - 12.0 = | 36.0:money x:money +:money 75.0:money -:money 12.0:money =:money
EXPR: 0 | POS | INT | 27 | 63 | 51 | 36.0=((75.0-x)+12.0) | 36.0 75.0 x - 12.0 + = | 36.0:money 75.0:money x:money -:money 12.0:money +:money =:money
EXPR: 0 | POS | INT | 27 | 63 | 51 | 75.0=(x+(36.0-12.0)) | 75.0 x 36.0 12.0 - + = | 75.0:money x:money 36.0:money 12.0:money -:money +:money =:money
EXPR: 0 | POS | INT | 27 | 63 | 99 | ((36.0+75.0)-x)=12.0 | 36.0 75.0 + x - 12.0 = | 36.0:money 75.0:money +:money x:money -:money 12.0:money =:money
EXPR: 0 | POS | INT | 27 | 63 | 51 | (36.0+(x-75.0))=12.0 | 36.0 x 75.0 - + 12.0 = | 36.0:money x:money 75.0:money -:money +:money 12.0:money =:money
EXPR: 0 | POS | INT | 27 | 63 | 51 | ((x+36.0)-75.0)=12.0 | x 36.0 + 75.0 - 12.0 = | x:money 36.0:money +:money 75.0:money -:money 12.0:money =:money
EXPR: 0 | POS | INT | 27 | 63 | 51 | 75.0=((36.0-12.0)+x) | 75.0 36.0 12.0 - x + = | 75.0:money 36.0:money 12.0:money -:money x:money +:money =:money
EXPR: 0 | POS | INT | 27 | 63 | 99 | 75.0=(x-(36.0-12.0)) | 75.0 x 36.0 12.0 - - = | 75.0:money x:money 36.0:money 12.0:money -:money -:money =:money
EXPR: 0 | POS | INT | 27 | 63 | 51 | ((36.0-75.0)+x)=12.0 | 36.0 75.0 - x + 12.0 = | 36.0:money 75.0:money -:money x:money +:money 12.0:money =:money
EXPR: 0 | POS | INT | 27 | 63 | 27 | 36.0=((75.0-x)-12.0) | 36.0 75.0 x - 12.0 - = | 36.0:money 75.0:money x:money -:money 12.0:money -:money =:money
EXPR: 0 | POS | INT | 27 | 63 | 27 | 36.0=((75.0-12.0)-x) | 36.0 75.0 12.0 - x - = | 36.0:money 75.0:money 12.0:money -:money x:money -:money =:money
EXPR: 0 | POS | INT | 37 | 63 | 99 | (x-75.0)=(36.0-12.0) | x 75.0 - 36.0 12.0 - = | x:money 75.0:money -:money 36.0:money 12.0:money -:money =:money
EXPR: 0 | POS | INT | 37 | 63 | 27 | (x+36.0)=(75.0-12.0) | x 36.0 + 75.0 12.0 - = | x:money 36.0:money +:money 75.0:money 12.0:money -:money =:money
EXPR: 0 | POS | INT | 37 | 63 | 51 | (75.0-x)=(36.0-12.0) | 75.0 x - 36.0 12.0 - = | 75.0:money x:money -:money 36.0:money 12.0:money -:money =:money
EXPR: 0 | POS | INT | 37 | 63 | 27 | (75.0-36.0)=(12.0+x) | 75.0 36.0 - 12.0 x + = | 75.0:money 36.0:money -:money 12.0:money x:money +:money =:money
EXPR: 0 | POS | INT | 37 | 63 | 51 | (36.0-75.0)=(12.0-x) | 36.0 75.0 - 12.0 x - = | 36.0:money 75.0:money -:money 12.0:money x:money -:money =:money
EXPR: 0 | POS | INT | 37 | 63 | 27 | (75.0-36.0)=(x+12.0) | 75.0 36.0 - x 12.0 + = | 75.0:money 36.0:money -:money x:money 12.0:money +:money =:money
EXPR: 0 | POS | INT | 37 | 63 | 99 | (x-36.0)=(75.0-12.0) | x 36.0 - 75.0 12.0 - = | x:money 36.0:money -:money 75.0:money 12.0:money -:money =:money
EXPR: 0 | POS | INT | 37 | 63 | 51 | (75.0-36.0)=(x-12.0) | 75.0 36.0 - x 12.0 - = | 75.0:money 36.0:money -:money x:money 12.0:money -:money =:money
EXPR: 0 | POS | INT | 37 | 63 | 27 | (36.0+x)=(75.0-12.0) | 36.0 x + 75.0 12.0 - = | 36.0:money x:money +:money 75.0:money 12.0:money -:money =:money
EXPR: 0 | POS | INT | 37 | 63 | 123 | (36.0+75.0)=(x-12.0) | 36.0 75.0 + x 12.0 - = | 36.0:money 75.0:money +:money x:money 12.0:money -:money =:money
EXPR: 0 | POS | INT | 37 | 63 | 99 | (36.0+75.0)=(x+12.0) | 36.0 75.0 + x 12.0 + = | 36.0:money 75.0:money +:money x:money 12.0:money +:money =:money
EXPR: 0 | POS | INT | 37 | 63 | 99 | (36.0+75.0)=(12.0+x) | 36.0 75.0 + 12.0 x + = | 36.0:money 75.0:money +:money 12.0:money x:money +:money =:money
NET 232 non-negative, integer-valued solutions found out of 408 total solutions
