parameters: n=7 l=3 k=1 p=5 q=1 m=9
TOTAL 480 solutions found
SOLN: CORRECT | POS/NEG | INT/FRA | OBJ-SCORE | TRUE-ANS | ANS | INFIX | POSTFIX | TYPED-POSTFIX
EXPR: 1 | POS | FRA | 0 | 42.33 | 42.33 | (15+(14.82+12.51))=x | 15 14.82 12.51 + + x = | 15:dollar 14.82:dollar 12.51:dollar +:dollar +:dollar x:dollar =:dollar
EXPR: 0 | POS | FRA | 0 | 42.33 | 12.69 | x=(15-(14.82-12.51)) | x 15 14.82 12.51 - - = | x:dollar 15:dollar 14.82:dollar 12.51:dollar -:dollar -:dollar =:dollar
EXPR: 0 | POS | FRA | 0 | 42.33 | 17.31 | x=(15+(14.82-12.51)) | x 15 14.82 12.51 - + = | x:dollar 15:dollar 14.82:dollar 12.51:dollar -:dollar +:dollar =:dollar
EXPR: 0 | POS | FRA | 0 | 42.33 | 17.31 | x=((15+14.82)-12.51) | x 15 14.82 + 12.51 - = | x:dollar 15:dollar 14.82:dollar +:dollar 12.51:dollar -:dollar =:dollar
EXPR: 1 | POS | FRA | 0 | 42.33 | 42.33 | x=((15+14.82)+12.51) | x 15 14.82 + 12.51 + = | x:dollar 15:dollar 14.82:dollar +:dollar 12.51:dollar +:dollar =:dollar
EXPR: 0 | POS | FRA | 0 | 42.33 | 17.31 | (15+(14.82-12.51))=x | 15 14.82 12.51 - + x = | 15:dollar 14.82:dollar 12.51:dollar -:dollar +:dollar x:dollar =:dollar
EXPR: 1 | POS | FRA | 0 | 42.33 | 42.33 | x=(15+(14.82+12.51)) | x 15 14.82 12.51 + + = | x:dollar 15:dollar 14.82:dollar 12.51:dollar +:dollar +:dollar =:dollar
EXPR: 0 | POS | FRA | 0 | 42.33 | 12.69 | x=((15-14.82)+12.51) | x 15 14.82 - 12.51 + = | x:dollar 15:dollar 14.82:dollar -:dollar 12.51:dollar +:dollar =:dollar
EXPR: 0 | POS | FRA | 0 | 42.33 | 12.69 | (15-(14.82-12.51))=x | 15 14.82 12.51 - - x = | 15:dollar 14.82:dollar 12.51:dollar -:dollar -:dollar x:dollar =:dollar
EXPR: 0 | POS | FRA | 0 | 42.33 | 17.31 | ((15+14.82)-12.51)=x | 15 14.82 + 12.51 - x = | 15:dollar 14.82:dollar +:dollar 12.51:dollar -:dollar x:dollar =:dollar
EXPR: 0 | POS | FRA | 0 | 42.33 | 12.69 | ((15-14.82)+12.51)=x | 15 14.82 - 12.51 + x = | 15:dollar 14.82:dollar -:dollar 12.51:dollar +:dollar x:dollar =:dollar
EXPR: 1 | POS | FRA | 0 | 42.33 | 42.33 | ((15+14.82)+12.51)=x | 15 14.82 + 12.51 + x = | 15:dollar 14.82:dollar +:dollar 12.51:dollar +:dollar x:dollar =:dollar
EXPR: 0 | POS | FRA | 2 | 42.33 | 12.33 | 15=((14.82-x)+12.51) | 15 14.82 x - 12.51 + = | 15:dollar 14.82:dollar x:dollar -:dollar 12.51:dollar +:dollar =:dollar
EXPR: 0 | POS | FRA | 2 | 42.33 | 17.31 | x=(15-(12.51-14.82)) | x 15 12.51 14.82 - - = | x:dollar 15:dollar 12.51:dollar 14.82:dollar -:dollar -:dollar =:dollar
EXPR: 0 | POS | FRA | 2 | 42.33 | 12.33 | 15=(14.82-(x-12.51)) | 15 14.82 x 12.51 - - = | 15:dollar 14.82:dollar x:dollar 12.51:dollar -:dollar -:dollar =:dollar
EXPR: 0 | POS | FRA | 2 | 42.33 | 12.69 | x=(15+(12.51-14.82)) | x 15 12.51 14.82 - + = | x:dollar 15:dollar 12.51:dollar 14.82:dollar -:dollar +:dollar =:dollar
EXPR: 0 | POS | FRA | 2 | 42.33 | 17.31 | (14.82+(15-12.51))=x | 14.82 15 12.51 - + x = | 14.82:dollar 15:dollar 12.51:dollar -:dollar +:dollar x:dollar =:dollar
EXPR: 1 | POS | FRA | 2 | 42.33 | 42.33 | (x-(15+14.82))=12.51 | x 15 14.82 + - 12.51 = | x:dollar 15:dollar 14.82:dollar +:dollar -:dollar 12.51:dollar =:dollar
EXPR: 0 | POS | FRA | 2 | 42.33 | 12.33 | x=(14.82-(15-12.51)) | x 14.82 15 12.51 - - = | x:dollar 14.82:dollar 15:dollar 12.51:dollar -:dollar -:dollar =:dollar
EXPR: 0 | POS | FRA | 2 | 42.33 | 12.69 | (15+(12.51-14.82))=x | 15 12.51 14.82 - + x = | 15:dollar 12.51:dollar 14.82:dollar -:dollar +:dollar x:dollar =:dollar
EXPR: 0 | POS | FRA | 2 | 42.33 | 17.31 | ((15-12.51)+14.82)=x | 15 12.51 - 14.82 + x = | 15:dollar 12.51:dollar -:dollar 14.82:dollar +:dollar x:dollar =:dollar
EXPR: 0 | POS | FRA | 2 | 42.33 | 12.33 | (14.82-(15-12.51))=x | 14.82 15 12.51 - - x = | 14.82:dollar 15:dollar 12.51:dollar -:dollar -:dollar x:dollar =:dollar
EXPR: 0 | POS | FRA | 2 | 42.33 | 17.31 | (15-(12.51-14.82))=x | 15 12.51 14.82 - - x = | 15:dollar 12.51:dollar 14.82:dollar -:dollar -:dollar x:dollar =:dollar
EXPR: 1 | POS | FRA | 2 | 42.33 | 42.33 | (14.82+(15+12.51))=x | 14.82 15 12.51 + + x = | 14.82:dollar 15:dollar 12.51:dollar +:dollar +:dollar x:dollar =:dollar
EXPR: 0 | POS | FRA | 2 | 42.33 | 12.33 | ((14.82-15)+12.51)=x | 14.82 15 - 12.51 + x = | 14.82:dollar 15:dollar -:dollar 12.51:dollar +:dollar x:dollar =:dollar
EXPR: 0 | POS | FRA | 2 | 42.33 | 12.69 | 15=((14.82-12.51)+x) | 15 14.82 12.51 - x + = | 15:dollar 14.82:dollar 12.51:dollar -:dollar x:dollar +:dollar =:dollar
EXPR: 0 | POS | FRA | 2 | 42.33 | 12.69 | ((15+12.51)-14.82)=x | 15 12.51 + 14.82 - x = | 15:dollar 12.51:dollar +:dollar 14.82:dollar -:dollar x:dollar =:dollar
EXPR: 0 | POS | FRA | 2 | 42.33 | 12.33 | x=((14.82-15)+12.51) | x 14.82 15 - 12.51 + = | x:dollar 14.82:dollar 15:dollar -:dollar 12.51:dollar +:dollar =:dollar
EXPR: 0 | POS | FRA | 2 | 42.33 | 12.69 | 15=((14.82+x)-12.51) | 15 14.82 x + 12.51 - = | 15:dollar 14.82:dollar x:dollar +:dollar 12.51:dollar -:dollar =:dollar
EXPR: 0 | POS | FRA | 2 | 42.33 | 17.31 | x=(14.82+(15-12.51)) | x 14.82 15 12.51 - + = | x:dollar 14.82:dollar 15:dollar 12.51:dollar -:dollar +:dollar =:dollar
EXPR: 0 | POS | FRA | 2 | 42.33 | 17.31 | (15-(x-14.82))=12.51 | 15 x 14.82 - - 12.51 = | 15:dollar x:dollar 14.82:dollar -:dollar -:dollar 12.51:dollar =:dollar
EXPR: 0 | POS | FRA | 2 | 42.33 | 12.69 | 15=(14.82+(x-12.51)) | 15 14.82 x 12.51 - + = | 15:dollar 14.82:dollar x:dollar 12.51:dollar -:dollar +:dollar =:dollar
EXPR: 1 | POS | FRA | 2 | 42.33 | 42.33 | ((x-15)-14.82)=12.51 | x 15 - 14.82 - 12.51 = | x:dollar 15:dollar -:dollar 14.82:dollar -:dollar 12.51:dollar =:dollar
EXPR: 0 | POS | FRA | 2 | 42.33 | 12.69 | ((x-15)+14.82)=12.51 | x 15 - 14.82 + 12.51 = | x:dollar 15:dollar -:dollar 14.82:dollar +:dollar 12.51:dollar =:dollar
EXPR: 0 | POS | FRA | 2 | 42.33 | 12.33 | 15=((14.82+12.51)-x) | 15 14.82 12.51 + x - = | 15:dollar 14.82:dollar 12.51:dollar +:dollar x:dollar -:dollar =:dollar
EXPR: 0 | POS | FRA | 2 | 42.33 | 12.69 | (x-(15-14.82))=12.51 | x 15 14.82 - - 12.51 = | x:dollar 15:dollar 14.82:dollar -:dollar -:dollar 12.51:dollar =:dollar
EXPR: 0 | POS | FRA | 2 | 42.33 | 12.33 | 15=(14.82+(12.51-x)) | 15 14.82 12.51 x - + = | 15:dollar 14.82:dollar 12.51:dollar x:dollar -:dollar +:dollar =:dollar
EXPR: 0 | POS | FRA | 2 | 42.33 | 12.33 | (15-(14.82-x))=12.51 | 15 14.82 x - - 12.51 = | 15:dollar 14.82:dollar x:dollar -:dollar -:dollar 12.51:dollar =:dollar
EXPR: 1 | POS | FRA | 2 | 42.33 | 42.33 | ((15+12.51)+14.82)=x | 15 12.51 + 14.82 + x = | 15:dollar 12.51:dollar +:dollar 14.82:dollar +:dollar x:dollar =:dollar
EXPR: 0 | POS | FRA | 2 | 42.33 | 12.33 | (15+(x-14.82))=12.51 | 15 x 14.82 - + 12.51 = | 15:dollar x:dollar 14.82:dollar -:dollar +:dollar 12.51:dollar =:dollar
EXPR: 0 | POS | FRA | 2 | 42.33 | 12.33 | ((15-14.82)+x)=12.51 | 15 14.82 - x + 12.51 = | 15:dollar 14.82:dollar -:dollar x:dollar +:dollar 12.51:dollar =:dollar
EXPR: 0 | POS | FRA | 2 | 42.33 | 12.33 | (x+(15-14.82))=12.51 | x 15 14.82 - + 12.51 = | x:dollar 15:dollar 14.82:dollar -:dollar +:dollar 12.51:dollar =:dollar
EXPR: 0 | POS | FRA | 2 | 42.33 | 17.31 | x=((15-12.51)+14.82) | x 15 12.51 - 14.82 + = | x:dollar 15:dollar 12.51:dollar -:dollar 14.82:dollar +:dollar =:dollar
EXPR: 0 | POS | FRA | 2 | 42.33 | 12.69 | x=((15+12.51)-14.82) | x 15 12.51 + 14.82 - = | x:dollar 15:dollar 12.51:dollar +:dollar 14.82:dollar -:dollar =:dollar
EXPR: 1 | POS | FRA | 2 | 42.33 | 42.33 | x=((15+12.51)+14.82) | x 15 12.51 + 14.82 + = | x:dollar 15:dollar 12.51:dollar +:dollar 14.82:dollar +:dollar =:dollar
EXPR: 0 | POS | FRA | 2 | 42.33 | 17.31 | ((15+14.82)-x)=12.51 | 15 14.82 + x - 12.51 = | 15:dollar 14.82:dollar +:dollar x:dollar -:dollar 12.51:dollar =:dollar
EXPR: 0 | POS | FRA | 2 | 42.33 | 12.33 | ((x+15)-14.82)=12.51 | x 15 + 14.82 - 12.51 = | x:dollar 15:dollar +:dollar 14.82:dollar -:dollar 12.51:dollar =:dollar
EXPR: 0 | POS | FRA | 2 | 42.33 | 17.31 | (15+(14.82-x))=12.51 | 15 14.82 x - + 12.51 = | 15:dollar 14.82:dollar x:dollar -:dollar +:dollar 12.51:dollar =:dollar
EXPR: 1 | POS | FRA | 2 | 42.33 | 42.33 | x=(14.82+(15+12.51)) | x 14.82 15 12.51 + + = | x:dollar 14.82:dollar 15:dollar 12.51:dollar +:dollar +:dollar =:dollar
EXPR: 0 | POS | FRA | 2 | 42.33 | 17.31 | 15=(x-(14.82-12.51)) | 15 x 14.82 12.51 - - = | 15:dollar x:dollar 14.82:dollar 12.51:dollar -:dollar -:dollar =:dollar
EXPR: 1 | POS | FRA | 2 | 42.33 | 42.33 | 15=(x-(14.82+12.51)) | 15 x 14.82 12.51 + - = | 15:dollar x:dollar 14.82:dollar 12.51:dollar +:dollar -:dollar =:dollar
EXPR: 0 | POS | FRA | 2 | 42.33 | 17.31 | ((15-x)+14.82)=12.51 | 15 x - 14.82 + 12.51 = | 15:dollar x:dollar -:dollar 14.82:dollar +:dollar 12.51:dollar =:dollar
EXPR: 0 | POS | FRA | 2 | 42.33 | 12.33 | ((15+x)-14.82)=12.51 | 15 x + 14.82 - 12.51 = | 15:dollar x:dollar +:dollar 14.82:dollar -:dollar 12.51:dollar =:dollar
EXPR: 0 | POS | FRA | 2 | 42.33 | 12.69 | 15=(x+(14.82-12.51)) | 15 x 14.82 12.51 - + = | 15:dollar x:dollar 14.82:dollar 12.51:dollar -:dollar +:dollar =:dollar
EXPR: 0 | POS | FRA | 2 | 42.33 | 12.69 | 15=(14.82-(12.51-x)) | 15 14.82 12.51 x - - = | 15:dollar 14.82:dollar 12.51:dollar x:dollar -:dollar -:dollar =:dollar
EXPR: 1 | POS | FRA | 2 | 42.33 | 42.33 | 15=((x-14.82)-12.51) | 15 x 14.82 - 12.51 - = | 15:dollar x:dollar 14.82:dollar -:dollar 12.51:dollar -:dollar =:dollar
EXPR: 0 | POS | FRA | 2 | 42.33 | 17.31 | 15=((x-14.82)+12.51) | 15 x 14.82 - 12.51 + = | 15:dollar x:dollar 14.82:dollar -:dollar 12.51:dollar +:dollar =:dollar
EXPR: 0 | POS | FRA | 2 | 42.33 | 12.69 | 15=((x+14.82)-12.51) | 15 x 14.82 + 12.51 - = | 15:dollar x:dollar 14.82:dollar +:dollar 12.51:dollar -:dollar =:dollar
EXPR: 0 | POS | FRA | 4 | 42.33 | 12.33 | 14.82=((15+x)-12.51) | 14.82 15 x + 12.51 - = | 14.82:dollar 15:dollar x:dollar +:dollar 12.51:dollar -:dollar =:dollar
EXPR: 0 | POS | FRA | 4 | 42.33 | 17.31 | 15=(12.51-(14.82-x)) | 15 12.51 14.82 x - - = | 15:dollar 12.51:dollar 14.82:dollar x:dollar -:dollar -:dollar =:dollar
EXPR: 0 | POS | FRA | 4 | 42.33 | 12.33 | 15=(12.51-(x-14.82)) | 15 12.51 x 14.82 - - = | 15:dollar 12.51:dollar x:dollar 14.82:dollar -:dollar -:dollar =:dollar
EXPR: 0 | POS | FRA | 4 | 42.33 | 12.69 | (15+(12.51-x))=14.82 | 15 12.51 x - + 14.82 = | 15:dollar 12.51:dollar x:dollar -:dollar +:dollar 14.82:dollar =:dollar
EXPR: 0 | POS | FRA | 4 | 42.33 | 12.33 | ((x-14.82)+15)=12.51 | x 14.82 - 15 + 12.51 = | x:dollar 14.82:dollar -:dollar 15:dollar +:dollar 12.51:dollar =:dollar
EXPR: 0 | POS | FRA | 4 | 42.33 | 12.33 | 15=((12.51-x)+14.82) | 15 12.51 x - 14.82 + = | 15:dollar 12.51:dollar x:dollar -:dollar 14.82:dollar +:dollar =:dollar
EXPR: 0 | POS | FRA | 4 | 42.33 | 12.69 | (15-(x-12.51))=14.82 | 15 x 12.51 - - 14.82 = | 15:dollar x:dollar 12.51:dollar -:dollar -:dollar 14.82:dollar =:dollar
EXPR: 0 | POS | FRA | 4 | 42.33 | 17.31 | (14.82+(15-x))=12.51 | 14.82 15 x - + 12.51 = | 14.82:dollar 15:dollar x:dollar -:dollar +:dollar 12.51:dollar =:dollar
EXPR: 0 | POS | FRA | 4 | 42.33 | 12.69 | ((15+12.51)-x)=14.82 | 15 12.51 + x - 14.82 = | 15:dollar 12.51:dollar +:dollar x:dollar -:dollar 14.82:dollar =:dollar
EXPR: 0 | POS | FRA | 4 | 42.33 | 17.31 | 15=(12.51+(x-14.82)) | 15 12.51 x 14.82 - + = | 15:dollar 12.51:dollar x:dollar 14.82:dollar -:dollar +:dollar =:dollar
EXPR: 1 | POS | FRA | 4 | 42.33 | 42.33 | (x-(15+12.51))=14.82 | x 15 12.51 + - 14.82 = | x:dollar 15:dollar 12.51:dollar +:dollar -:dollar 14.82:dollar =:dollar
EXPR: 0 | POS | FRA | 4 | 42.33 | 12.33 | (15+(x-12.51))=14.82 | 15 x 12.51 - + 14.82 = | 15:dollar x:dollar 12.51:dollar -:dollar +:dollar 14.82:dollar =:dollar
EXPR: 0 | POS | FRA | 4 | 42.33 | 12.69 | 14.82=((15-x)+12.51) | 14.82 15 x - 12.51 + = | 14.82:dollar 15:dollar x:dollar -:dollar 12.51:dollar +:dollar =:dollar
EXPR: 1 | POS | FRA | 4 | 42.33 | 42.33 | ((x-14.82)-15)=12.51 | x 14.82 - 15 - 12.51 = | x:dollar 14.82:dollar -:dollar 15:dollar -:dollar 12.51:dollar =:dollar
EXPR: 0 | POS | FRA | 4 | 42.33 | 17.31 | 15=((12.51+x)-14.82) | 15 12.51 x + 14.82 - = | 15:dollar 12.51:dollar x:dollar +:dollar 14.82:dollar -:dollar =:dollar
EXPR: 0 | POS | FRA | 4 | 42.33 | 12.69 | ((14.82-15)+x)=12.51 | 14.82 15 - x + 12.51 = | 14.82:dollar 15:dollar -:dollar x:dollar +:dollar 12.51:dollar =:dollar
EXPR: 0 | POS | FRA | 4 | 42.33 | 17.31 | 15=((12.51-14.82)+x) | 15 12.51 14.82 - x + = | 15:dollar 12.51:dollar 14.82:dollar -:dollar x:dollar +:dollar =:dollar
EXPR: 0 | POS | FRA | 4 | 42.33 | 12.69 | (14.82-(15-x))=12.51 | 14.82 15 x - - 12.51 = | 14.82:dollar 15:dollar x:dollar -:dollar -:dollar 12.51:dollar =:dollar
EXPR: 0 | POS | FRA | 4 | 42.33 | 12.69 | 14.82=(15-(x-12.51)) | 14.82 15 x 12.51 - - = | 14.82:dollar 15:dollar x:dollar 12.51:dollar -:dollar -:dollar =:dollar
EXPR: 0 | POS | FRA | 4 | 42.33 | 17.31 | (14.82-(x-15))=12.51 | 14.82 x 15 - - 12.51 = | 14.82:dollar x:dollar 15:dollar -:dollar -:dollar 12.51:dollar =:dollar
EXPR: 0 | POS | FRA | 4 | 42.33 | 17.31 | (x-(15-12.51))=14.82 | x 15 12.51 - - 14.82 = | x:dollar 15:dollar 12.51:dollar -:dollar -:dollar 14.82:dollar =:dollar
EXPR: 0 | POS | FRA | 4 | 42.33 | 12.33 | (15-(12.51-x))=14.82 | 15 12.51 x - - 14.82 = | 15:dollar 12.51:dollar x:dollar -:dollar -:dollar 14.82:dollar =:dollar
EXPR: 0 | POS | FRA | 4 | 42.33 | 12.33 | 14.82=(15-(12.51-x)) | 14.82 15 12.51 x - - = | 14.82:dollar 15:dollar 12.51:dollar x:dollar -:dollar -:dollar =:dollar
EXPR: 0 | POS | FRA | 4 | 42.33 | 12.33 | 15=(12.51+(14.82-x)) | 15 12.51 14.82 x - + = | 15:dollar 12.51:dollar 14.82:dollar x:dollar -:dollar +:dollar =:dollar
EXPR: 0 | POS | FRA | 4 | 42.33 | 12.33 | ((15-12.51)+x)=14.82 | 15 12.51 - x + 14.82 = | 15:dollar 12.51:dollar -:dollar x:dollar +:dollar 14.82:dollar =:dollar
EXPR: 0 | POS | FRA | 4 | 42.33 | 12.69 | ((x+14.82)-15)=12.51 | x 14.82 + 15 - 12.51 = | x:dollar 14.82:dollar +:dollar 15:dollar -:dollar 12.51:dollar =:dollar
EXPR: 0 | POS | FRA | 4 | 42.33 | 12.33 | (x-(14.82-15))=12.51 | x 14.82 15 - - 12.51 = | x:dollar 14.82:dollar 15:dollar -:dollar -:dollar 12.51:dollar =:dollar
EXPR: 0 | POS | FRA | 4 | 42.33 | 12.69 | (x+(14.82-15))=12.51 | x 14.82 15 - + 12.51 = | x:dollar 14.82:dollar 15:dollar -:dollar +:dollar 12.51:dollar =:dollar
EXPR: 0 | POS | FRA | 4 | 42.33 | 12.33 | (x+(15-12.51))=14.82 | x 15 12.51 - + 14.82 = | x:dollar 15:dollar 12.51:dollar -:dollar +:dollar 14.82:dollar =:dollar
EXPR: 0 | POS | FRA | 4 | 42.33 | 12.33 | 14.82=(15+(x-12.51)) | 14.82 15 x 12.51 - + = | 14.82:dollar 15:dollar x:dollar 12.51:dollar -:dollar +:dollar =:dollar
EXPR: 0 | POS | FRA | 4 | 42.33 | 12.69 | 14.82=(15+(12.51-x)) | 14.82 15 12.51 x - + = | 14.82:dollar 15:dollar 12.51:dollar x:dollar -:dollar +:dollar =:dollar
EXPR: 0 | POS | FRA | 4 | 42.33 | 17.31 | 14.82=(x-(15-12.51)) | 14.82 x 15 12.51 - - = | 14.82:dollar x:dollar 15:dollar 12.51:dollar -:dollar -:dollar =:dollar
EXPR: 0 | POS | FRA | 4 | 42.33 | 12.69 | 15=(x-(12.51-14.82)) | 15 x 12.51 14.82 - - = | 15:dollar x:dollar 12.51:dollar 14.82:dollar -:dollar -:dollar =:dollar
EXPR: 0 | POS | FRA | 4 | 42.33 | 17.31 | 15=(x+(12.51-14.82)) | 15 x 12.51 14.82 - + = | 15:dollar x:dollar 12.51:dollar 14.82:dollar -:dollar +:dollar =:dollar
EXPR: 0 | POS | FRA | 4 | 42.33 | 12.33 | 14.82=(x+(15-12.51)) | 14.82 x 15 12.51 - + = | 14.82:dollar x:dollar 15:dollar 12.51:dollar -:dollar +:dollar =:dollar
EXPR: 0 | POS | FRA | 4 | 42.33 | 12.69 | (14.82+(x-15))=12.51 | 14.82 x 15 - + 12.51 = | 14.82:dollar x:dollar 15:dollar -:dollar +:dollar 12.51:dollar =:dollar
EXPR: 1 | POS | FRA | 4 | 42.33 | 42.33 | 14.82=(x-(15+12.51)) | 14.82 x 15 12.51 + - = | 14.82:dollar x:dollar 15:dollar 12.51:dollar +:dollar -:dollar =:dollar
EXPR: 1 | POS | FRA | 4 | 42.33 | 42.33 | ((x-15)-12.51)=14.82 | x 15 - 12.51 - 14.82 = | x:dollar 15:dollar -:dollar 12.51:dollar -:dollar 14.82:dollar =:dollar
EXPR: 0 | POS | FRA | 4 | 42.33 | 12.33 | ((15+x)-12.51)=14.82 | 15 x + 12.51 - 14.82 = | 15:dollar x:dollar +:dollar 12.51:dollar -:dollar 14.82:dollar =:dollar
EXPR: 0 | POS | FRA | 4 | 42.33 | 12.33 | ((x+15)-12.51)=14.82 | x 15 + 12.51 - 14.82 = | x:dollar 15:dollar +:dollar 12.51:dollar -:dollar 14.82:dollar =:dollar
EXPR: 0 | POS | FRA | 4 | 42.33 | 17.31 | ((x-15)+12.51)=14.82 | x 15 - 12.51 + 14.82 = | x:dollar 15:dollar -:dollar 12.51:dollar +:dollar 14.82:dollar =:dollar
EXPR: 0 | POS | FRA | 4 | 42.33 | 12.69 | 14.82=((15+12.51)-x) | 14.82 15 12.51 + x - = | 14.82:dollar 15:dollar 12.51:dollar +:dollar x:dollar -:dollar =:dollar
EXPR: 1 | POS | FRA | 4 | 42.33 | 42.33 | 14.82=((x-15)-12.51) | 14.82 x 15 - 12.51 - = | 14.82:dollar x:dollar 15:dollar -:dollar 12.51:dollar -:dollar =:dollar
EXPR: 0 | POS | FRA | 4 | 42.33 | 12.69 | ((15-x)+12.51)=14.82 | 15 x - 12.51 + 14.82 = | 15:dollar x:dollar -:dollar 12.51:dollar +:dollar 14.82:dollar =:dollar
EXPR: 0 | POS | FRA | 4 | 42.33 | 12.33 | 14.82=((15-12.51)+x) | 14.82 15 12.51 - x + = | 14.82:dollar 15:dollar 12.51:dollar -:dollar x:dollar +:dollar =:dollar
EXPR: 0 | POS | FRA | 4 | 42.33 | 12.33 | 14.82=((x+15)-12.51) | 14.82 x 15 + 12.51 - = | 14.82:dollar x:dollar 15:dollar +:dollar 12.51:dollar -:dollar =:dollar
EXPR: 0 | POS | FRA | 4 | 42.33 | 17.31 | 14.82=((x-15)+12.51) | 14.82 x 15 - 12.51 + = | 14.82:dollar x:dollar 15:dollar -:dollar 12.51:dollar +:dollar =:dollar
EXPR: 0 | POS | FRA | 4 | 42.33 | 12.69 | ((14.82+x)-15)=12.51 | 14.82 x + 15 - 12.51 = | 14.82:dollar x:dollar +:dollar 15:dollar -:dollar 12.51:dollar =:dollar
EXPR: 0 | POS | FRA | 4 | 42.33 | 17.31 | ((14.82-x)+15)=12.51 | 14.82 x - 15 + 12.51 = | 14.82:dollar x:dollar -:dollar 15:dollar +:dollar 12.51:dollar =:dollar
EXPR: 0 | POS | FRA | 4 | 42.33 | 17.31 | 15=((x+12.51)-14.82) | 15 x 12.51 + 14.82 - = | 15:dollar x:dollar 12.51:dollar +:dollar 14.82:dollar -:dollar =:dollar
EXPR: 1 | POS | FRA | 4 | 42.33 | 42.33 | 15=((x-12.51)-14.82) | 15 x 12.51 - 14.82 - = | 15:dollar x:dollar 12.51:dollar -:dollar 14.82:dollar -:dollar =:dollar
EXPR: 0 | POS | FRA | 4 | 42.33 | 12.69 | 15=((x-12.51)+14.82) | 15 x 12.51 - 14.82 + = | 15:dollar x:dollar 12.51:dollar -:dollar 14.82:dollar +:dollar =:dollar
EXPR: 0 | POS | FRA | 5 | 42.33 | 12.33 | x=((12.51-15)+14.82) | x 12.51 15 - 14.82 + = | x:dollar 12.51:dollar 15:dollar -:dollar 14.82:dollar +:dollar =:dollar
EXPR: 0 | POS | FRA | 5 | 42.33 | 17.31 | x=(14.82-(12.51-15)) | x 14.82 12.51 15 - - = | x:dollar 14.82:dollar 12.51:dollar 15:dollar -:dollar -:dollar =:dollar
EXPR: 0 | POS | FRA | 5 | 42.33 | 12.69 | x=(12.51+(15-14.82)) | x 12.51 15 14.82 - + = | x:dollar 12.51:dollar 15:dollar 14.82:dollar -:dollar +:dollar =:dollar
EXPR: 0 | POS | FRA | 5 | 42.33 | 12.33 | x=((14.82+12.51)-15) | x 14.82 12.51 + 15 - = | x:dollar 14.82:dollar 12.51:dollar +:dollar 15:dollar -:dollar =:dollar
EXPR: 0 | POS | FRA | 5 | 42.33 | 17.31 | (14.82-(12.51-15))=x | 14.82 12.51 15 - - x = | 14.82:dollar 12.51:dollar 15:dollar -:dollar -:dollar x:dollar =:dollar
EXPR: 0 | POS | FRA | 5 | 42.33 | 12.33 | (12.51-(15-14.82))=x | 12.51 15 14.82 - - x = | 12.51:dollar 15:dollar 14.82:dollar -:dollar -:dollar x:dollar =:dollar
EXPR: 0 | POS | FRA | 5 | 42.33 | 17.31 | x=((14.82-12.51)+15) | x 14.82 12.51 - 15 + = | x:dollar 14.82:dollar 12.51:dollar -:dollar 15:dollar +:dollar =:dollar
EXPR: 0 | POS | FRA | 5 | 42.33 | 12.69 | (12.51+(15-14.82))=x | 12.51 15 14.82 - + x = | 12.51:dollar 15:dollar 14.82:dollar -:dollar +:dollar x:dollar =:dollar
EXPR: 1 | POS | FRA | 5 | 42.33 | 42.33 | (12.51+(15+14.82))=x | 12.51 15 14.82 + + x = | 12.51:dollar 15:dollar 14.82:dollar +:dollar +:dollar x:dollar =:dollar
EXPR: 0 | POS | FRA | 5 | 42.33 | 12.33 | x=(14.82+(12.51-15)) | x 14.82 12.51 15 - + = | x:dollar 14.82:dollar 12.51:dollar 15:dollar -:dollar +:dollar =:dollar
EXPR: 0 | POS | FRA | 5 | 42.33 | 12.33 | x=(12.51-(15-14.82)) | x 12.51 15 14.82 - - = | x:dollar 12.51:dollar 15:dollar 14.82:dollar -:dollar -:dollar =:dollar
EXPR: 0 | POS | FRA | 5 | 42.33 | 12.33 | (14.82+(12.51-15))=x | 14.82 12.51 15 - + x = | 14.82:dollar 12.51:dollar 15:dollar -:dollar +:dollar x:dollar =:dollar
EXPR: 1 | POS | FRA | 5 | 42.33 | 42.33 | x=((14.82+12.51)+15) | x 14.82 12.51 + 15 + = | x:dollar 14.82:dollar 12.51:dollar +:dollar 15:dollar +:dollar =:dollar
EXPR: 0 | POS | FRA | 5 | 42.33 | 12.33 | ((12.51-15)+14.82)=x | 12.51 15 - 14.82 + x = | 12.51:dollar 15:dollar -:dollar 14.82:dollar +:dollar x:dollar =:dollar
EXPR: 1 | POS | FRA | 5 | 42.33 | 42.33 | x=(12.51+(15+14.82)) | x 12.51 15 14.82 + + = | x:dollar 12.51:dollar 15:dollar 14.82:dollar +:dollar +:dollar =:dollar
EXPR: 0 | POS | FRA | 5 | 42.33 | 17.31 | ((14.82-12.51)+15)=x | 14.82 12.51 - 15 + x = | 14.82:dollar 12.51:dollar -:dollar 15:dollar +:dollar x:dollar =:dollar
EXPR: 0 | POS | FRA | 5 | 42.33 | 12.33 | ((14.82+12.51)-15)=x | 14.82 12.51 + 15 - x = | 14.82:dollar 12.51:dollar +:dollar 15:dollar -:dollar x:dollar =:dollar
EXPR: 1 | POS | FRA | 5 | 42.33 | 42.33 | ((14.82+12.51)+15)=x | 14.82 12.51 + 15 + x = | 14.82:dollar 12.51:dollar +:dollar 15:dollar +:dollar x:dollar =:dollar
EXPR: 1 | POS | FRA | 7 | 42.33 | 42.33 | 12.51=(x-(15+14.82)) | 12.51 x 15 14.82 + - = | 12.51:dollar x:dollar 15:dollar 14.82:dollar +:dollar -:dollar =:dollar
EXPR: 1 | POS | FRA | 7 | 42.33 | 42.33 | (x-(14.82+12.51))=15 | x 14.82 12.51 + - 15 = | x:dollar 14.82:dollar 12.51:dollar +:dollar -:dollar 15:dollar =:dollar
EXPR: 0 | POS | FRA | 7 | 42.33 | 12.69 | x=((12.51-14.82)+15) | x 12.51 14.82 - 15 + = | x:dollar 12.51:dollar 14.82:dollar -:dollar 15:dollar +:dollar =:dollar
EXPR: 0 | POS | FRA | 7 | 42.33 | 12.33 | (14.82+(12.51-x))=15 | 14.82 12.51 x - + 15 = | 14.82:dollar 12.51:dollar x:dollar -:dollar +:dollar 15:dollar =:dollar
EXPR: 0 | POS | FRA | 7 | 42.33 | 12.69 | ((14.82-12.51)+x)=15 | 14.82 12.51 - x + 15 = | 14.82:dollar 12.51:dollar -:dollar x:dollar +:dollar 15:dollar =:dollar
EXPR: 0 | POS | FRA | 7 | 42.33 | 12.33 | (x-(12.51-15))=14.82 | x 12.51 15 - - 14.82 = | x:dollar 12.51:dollar 15:dollar -:dollar -:dollar 14.82:dollar =:dollar
EXPR: 0 | POS | FRA | 7 | 42.33 | 17.31 | (12.51-(15-x))=14.82 | 12.51 15 x - - 14.82 = | 12.51:dollar 15:dollar x:dollar -:dollar -:dollar 14.82:dollar =:dollar
EXPR: 0 | POS | FRA | 7 | 42.33 | 17.31 | 12.51=(15+(14.82-x)) | 12.51 15 14.82 x - + = | 12.51:dollar 15:dollar 14.82:dollar x:dollar -:dollar +:dollar =:dollar
EXPR: 0 | POS | FRA | 7 | 42.33 | 17.31 | ((x-14.82)+12.51)=15 | x 14.82 - 12.51 + 15 = | x:dollar 14.82:dollar -:dollar 12.51:dollar +:dollar 15:dollar =:dollar
EXPR: 0 | POS | FRA | 7 | 42.33 | 17.31 | (12.51+(x-15))=14.82 | 12.51 x 15 - + 14.82 = | 12.51:dollar x:dollar 15:dollar -:dollar +:dollar 14.82:dollar =:dollar
EXPR: 0 | POS | FRA | 7 | 42.33 | 17.31 | (x-(14.82-12.51))=15 | x 14.82 12.51 - - 15 = | x:dollar 14.82:dollar 12.51:dollar -:dollar -:dollar 15:dollar =:dollar
EXPR: 0 | POS | FRA | 7 | 42.33 | 17.31 | 14.82=((12.51+x)-15) | 14.82 12.51 x + 15 - = | 14.82:dollar 12.51:dollar x:dollar +:dollar 15:dollar -:dollar =:dollar
EXPR: 0 | POS | FRA | 7 | 42.33 | 12.33 | 14.82=(x-(12.51-15)) | 14.82 x 12.51 15 - - = | 14.82:dollar x:dollar 12.51:dollar 15:dollar -:dollar -:dollar =:dollar
EXPR: 0 | POS | FRA | 7 | 42.33 | 12.69 | (14.82+(x-12.51))=15 | 14.82 x 12.51 - + 15 = | 14.82:dollar x:dollar 12.51:dollar -:dollar +:dollar 15:dollar =:dollar
EXPR: 0 | POS | FRA | 7 | 42.33 | 17.31 | 14.82=(12.51-(15-x)) | 14.82 12.51 15 x - - = | 14.82:dollar 12.51:dollar 15:dollar x:dollar -:dollar -:dollar =:dollar
EXPR: 0 | POS | FRA | 7 | 42.33 | 12.33 | (14.82-(x-12.51))=15 | 14.82 x 12.51 - - 15 = | 14.82:dollar x:dollar 12.51:dollar -:dollar -:dollar 15:dollar =:dollar
EXPR: 0 | POS | FRA | 7 | 42.33 | 12.69 | 14.82=(12.51+(15-x)) | 14.82 12.51 15 x - + = | 14.82:dollar 12.51:dollar 15:dollar x:dollar -:dollar +:dollar =:dollar
EXPR: 0 | POS | FRA | 7 | 42.33 | 12.33 | x=(12.51+(14.82-15)) | x 12.51 14.82 15 - + = | x:dollar 12.51:dollar 14.82:dollar 15:dollar -:dollar +:dollar =:dollar
EXPR: 0 | POS | FRA | 7 | 42.33 | 12.69 | (12.51+(15-x))=14.82 | 12.51 15 x - + 14.82 = | 12.51:dollar 15:dollar x:dollar -:dollar +:dollar 14.82:dollar =:dollar
EXPR: 0 | POS | FRA | 7 | 42.33 | 12.33 | 12.51=(15-(14.82-x)) | 12.51 15 14.82 x - - = | 12.51:dollar 15:dollar 14.82:dollar x:dollar -:dollar -:dollar =:dollar
EXPR: 0 | POS | FRA | 7 | 42.33 | 12.33 | ((14.82+12.51)-x)=15 | 14.82 12.51 + x - 15 = | 14.82:dollar 12.51:dollar +:dollar x:dollar -:dollar 15:dollar =:dollar
EXPR: 0 | POS | FRA | 7 | 42.33 | 12.69 | (12.51-(14.82-15))=x | 12.51 14.82 15 - - x = | 12.51:dollar 14.82:dollar 15:dollar -:dollar -:dollar x:dollar =:dollar
EXPR: 1 | POS | FRA | 7 | 42.33 | 42.33 | ((x-14.82)-12.51)=15 | x 14.82 - 12.51 - 15 = | x:dollar 14.82:dollar -:dollar 12.51:dollar -:dollar 15:dollar =:dollar
EXPR: 0 | POS | FRA | 7 | 42.33 | 12.33 | 12.51=(15+(x-14.82)) | 12.51 15 x 14.82 - + = | 12.51:dollar 15:dollar x:dollar 14.82:dollar -:dollar +:dollar =:dollar
EXPR: 0 | POS | FRA | 7 | 42.33 | 17.31 | ((12.51+x)-15)=14.82 | 12.51 x + 15 - 14.82 = | 12.51:dollar x:dollar +:dollar 15:dollar -:dollar 14.82:dollar =:dollar
EXPR: 0 | POS | FRA | 7 | 42.33 | 12.69 | (12.51-(x-15))=14.82 | 12.51 x 15 - - 14.82 = | 12.51:dollar x:dollar 15:dollar -:dollar -:dollar 14.82:dollar =:dollar
EXPR: 0 | POS | FRA | 7 | 42.33 | 17.31 | 12.51=(15-(x-14.82)) | 12.51 15 x 14.82 - - = | 12.51:dollar 15:dollar x:dollar 14.82:dollar -:dollar -:dollar =:dollar
EXPR: 0 | POS | FRA | 7 | 42.33 | 12.69 | x=(12.51-(14.82-15)) | x 12.51 14.82 15 - - = | x:dollar 12.51:dollar 14.82:dollar 15:dollar -:dollar -:dollar =:dollar
EXPR: 0 | POS | FRA | 7 | 42.33 | 17.31 | (x+(12.51-15))=14.82 | x 12.51 15 - + 14.82 = | x:dollar 12.51:dollar 15:dollar -:dollar +:dollar 14.82:dollar =:dollar
EXPR: 0 | POS | FRA | 7 | 42.33 | 12.33 | (12.51+(14.82-15))=x | 12.51 14.82 15 - + x = | 12.51:dollar 14.82:dollar 15:dollar -:dollar +:dollar x:dollar =:dollar
EXPR: 0 | POS | FRA | 7 | 42.33 | 12.33 | 12.51=((15+x)-14.82) | 12.51 15 x + 14.82 - = | 12.51:dollar 15:dollar x:dollar +:dollar 14.82:dollar -:dollar =:dollar
EXPR: 0 | POS | FRA | 7 | 42.33 | 12.69 | (x+(14.82-12.51))=15 | x 14.82 12.51 - + 15 = | x:dollar 14.82:dollar 12.51:dollar -:dollar +:dollar 15:dollar =:dollar
EXPR: 0 | POS | FRA | 7 | 42.33 | 17.31 | 14.82=((12.51-15)+x) | 14.82 12.51 15 - x + = | 14.82:dollar 12.51:dollar 15:dollar -:dollar x:dollar +:dollar =:dollar
EXPR: 0 | POS | FRA | 7 | 42.33 | 17.31 | ((12.51-15)+x)=14.82 | 12.51 15 - x + 14.82 = | 12.51:dollar 15:dollar -:dollar x:dollar +:dollar 14.82:dollar =:dollar
EXPR: 0 | POS | FRA | 7 | 42.33 | 12.33 | 12.51=((15-14.82)+x) | 12.51 15 14.82 - x + = | 12.51:dollar 15:dollar 14.82:dollar -:dollar x:dollar +:dollar =:dollar
EXPR: 0 | POS | FRA | 7 | 42.33 | 17.31 | 14.82=(x+(12.51-15)) | 14.82 x 12.51 15 - + = | 14.82:dollar x:dollar 12.51:dollar 15:dollar -:dollar +:dollar =:dollar
EXPR: 0 | POS | FRA | 7 | 42.33 | 12.69 | 12.51=(x-(15-14.82)) | 12.51 x 15 14.82 - - = | 12.51:dollar x:dollar 15:dollar 14.82:dollar -:dollar -:dollar =:dollar
EXPR: 0 | POS | FRA | 7 | 42.33 | 12.69 | 14.82=(12.51-(x-15)) | 14.82 12.51 x 15 - - = | 14.82:dollar 12.51:dollar x:dollar 15:dollar -:dollar -:dollar =:dollar
EXPR: 0 | POS | FRA | 7 | 42.33 | 17.31 | 14.82=(12.51+(x-15)) | 14.82 12.51 x 15 - + = | 14.82:dollar 12.51:dollar x:dollar 15:dollar -:dollar +:dollar =:dollar
EXPR: 0 | POS | FRA | 7 | 42.33 | 17.31 | 12.51=((15+14.82)-x) | 12.51 15 14.82 + x - = | 12.51:dollar 15:dollar 14.82:dollar +:dollar x:dollar -:dollar =:dollar
EXPR: 0 | POS | FRA | 7 | 42.33 | 12.69 | 14.82=((12.51-x)+15) | 14.82 12.51 x - 15 + = | 14.82:dollar 12.51:dollar x:dollar -:dollar 15:dollar +:dollar =:dollar
EXPR: 0 | POS | FRA | 7 | 42.33 | 12.69 | ((12.51-x)+15)=14.82 | 12.51 x - 15 + 14.82 = | 12.51:dollar x:dollar -:dollar 15:dollar +:dollar 14.82:dollar =:dollar
EXPR: 0 | POS | FRA | 7 | 42.33 | 17.31 | 12.51=((15-x)+14.82) | 12.51 15 x - 14.82 + = | 12.51:dollar 15:dollar x:dollar -:dollar 14.82:dollar +:dollar =:dollar
EXPR: 1 | POS | FRA | 7 | 42.33 | 42.33 | ((x-12.51)-15)=14.82 | x 12.51 - 15 - 14.82 = | x:dollar 12.51:dollar -:dollar 15:dollar -:dollar 14.82:dollar =:dollar
EXPR: 0 | POS | FRA | 7 | 42.33 | 12.69 | (14.82-(12.51-x))=15 | 14.82 12.51 x - - 15 = | 14.82:dollar 12.51:dollar x:dollar -:dollar -:dollar 15:dollar =:dollar
EXPR: 0 | POS | FRA | 7 | 42.33 | 12.33 | 12.51=((x+15)-14.82) | 12.51 x 15 + 14.82 - = | 12.51:dollar x:dollar 15:dollar +:dollar 14.82:dollar -:dollar =:dollar
EXPR: 0 | POS | FRA | 7 | 42.33 | 12.69 | ((14.82+x)-12.51)=15 | 14.82 x + 12.51 - 15 = | 14.82:dollar x:dollar +:dollar 12.51:dollar -:dollar 15:dollar =:dollar
EXPR: 1 | POS | FRA | 7 | 42.33 | 42.33 | 12.51=((x-15)-14.82) | 12.51 x 15 - 14.82 - = | 12.51:dollar x:dollar 15:dollar -:dollar 14.82:dollar -:dollar =:dollar
EXPR: 0 | POS | FRA | 7 | 42.33 | 12.69 | 12.51=((x-15)+14.82) | 12.51 x 15 - 14.82 + = | 12.51:dollar x:dollar 15:dollar -:dollar 14.82:dollar +:dollar =:dollar
EXPR: 0 | POS | FRA | 7 | 42.33 | 12.33 | 12.51=(x+(15-14.82)) | 12.51 x 15 14.82 - + = | 12.51:dollar x:dollar 15:dollar 14.82:dollar -:dollar +:dollar =:dollar
EXPR: 0 | POS | FRA | 7 | 42.33 | 12.33 | ((14.82-x)+12.51)=15 | 14.82 x - 12.51 + 15 = | 14.82:dollar x:dollar -:dollar 12.51:dollar +:dollar 15:dollar =:dollar
EXPR: 0 | POS | FRA | 7 | 42.33 | 12.33 | ((x-12.51)+15)=14.82 | x 12.51 - 15 + 14.82 = | x:dollar 12.51:dollar -:dollar 15:dollar +:dollar 14.82:dollar =:dollar
EXPR: 0 | POS | FRA | 7 | 42.33 | 17.31 | ((x+12.51)-15)=14.82 | x 12.51 + 15 - 14.82 = | x:dollar 12.51:dollar +:dollar 15:dollar -:dollar 14.82:dollar =:dollar
EXPR: 0 | POS | FRA | 7 | 42.33 | 12.69 | ((12.51-14.82)+15)=x | 12.51 14.82 - 15 + x = | 12.51:dollar 14.82:dollar -:dollar 15:dollar +:dollar x:dollar =:dollar
EXPR: 0 | POS | FRA | 7 | 42.33 | 12.69 | ((x+14.82)-12.51)=15 | x 14.82 + 12.51 - 15 = | x:dollar 14.82:dollar +:dollar 12.51:dollar -:dollar 15:dollar =:dollar
EXPR: 1 | POS | FRA | 7 | 42.33 | 42.33 | 14.82=((x-12.51)-15) | 14.82 x 12.51 - 15 - = | 14.82:dollar x:dollar 12.51:dollar -:dollar 15:dollar -:dollar =:dollar
EXPR: 0 | POS | FRA | 7 | 42.33 | 17.31 | 14.82=((x+12.51)-15) | 14.82 x 12.51 + 15 - = | 14.82:dollar x:dollar 12.51:dollar +:dollar 15:dollar -:dollar =:dollar
EXPR: 0 | POS | FRA | 7 | 42.33 | 12.33 | 14.82=((x-12.51)+15) | 14.82 x 12.51 - 15 + = | 14.82:dollar x:dollar 12.51:dollar -:dollar 15:dollar +:dollar =:dollar
EXPR: 0 | POS | FRA | 9 | 42.33 | 17.31 | (12.51+(x-14.82))=15 | 12.51 x 14.82 - + 15 = | 12.51:dollar x:dollar 14.82:dollar -:dollar +:dollar 15:dollar =:dollar
EXPR: 0 | POS | FRA | 9 | 42.33 | 12.69 | ((x-12.51)+14.82)=15 | x 12.51 - 14.82 + 15 = | x:dollar 12.51:dollar -:dollar 14.82:dollar +:dollar 15:dollar =:dollar
EXPR: 0 | POS | FRA | 9 | 42.33 | 12.33 | ((12.51-x)+14.82)=15 | 12.51 x - 14.82 + 15 = | 12.51:dollar x:dollar -:dollar 14.82:dollar +:dollar 15:dollar =:dollar
EXPR: 0 | POS | FRA | 9 | 42.33 | 17.31 | 12.51=(14.82+(15-x)) | 12.51 14.82 15 x - + = | 12.51:dollar 14.82:dollar 15:dollar x:dollar -:dollar +:dollar =:dollar
EXPR: 1 | POS | FRA | 9 | 42.33 | 42.33 | ((x-12.51)-14.82)=15 | x 12.51 - 14.82 - 15 = | x:dollar 12.51:dollar -:dollar 14.82:dollar -:dollar 15:dollar =:dollar
EXPR: 0 | POS | FRA | 9 | 42.33 | 12.69 | 12.51=(14.82-(15-x)) | 12.51 14.82 15 x - - = | 12.51:dollar 14.82:dollar 15:dollar x:dollar -:dollar -:dollar =:dollar
EXPR: 0 | POS | FRA | 9 | 42.33 | 12.69 | 12.51=(14.82+(x-15)) | 12.51 14.82 x 15 - + = | 12.51:dollar 14.82:dollar x:dollar 15:dollar -:dollar +:dollar =:dollar
EXPR: 0 | POS | FRA | 9 | 42.33 | 12.69 | (x-(12.51-14.82))=15 | x 12.51 14.82 - - 15 = | x:dollar 12.51:dollar 14.82:dollar -:dollar -:dollar 15:dollar =:dollar
EXPR: 0 | POS | FRA | 9 | 42.33 | 17.31 | 12.51=(14.82-(x-15)) | 12.51 14.82 x 15 - - = | 12.51:dollar 14.82:dollar x:dollar 15:dollar -:dollar -:dollar =:dollar
EXPR: 0 | POS | FRA | 9 | 42.33 | 17.31 | (x+(12.51-14.82))=15 | x 12.51 14.82 - + 15 = | x:dollar 12.51:dollar 14.82:dollar -:dollar +:dollar 15:dollar =:dollar
EXPR: 0 | POS | FRA | 9 | 42.33 | 12.33 | (12.51-(x-14.82))=15 | 12.51 x 14.82 - - 15 = | 12.51:dollar x:dollar 14.82:dollar -:dollar -:dollar 15:dollar =:dollar
EXPR: 0 | POS | FRA | 9 | 42.33 | 17.31 | ((12.51-14.82)+x)=15 | 12.51 14.82 - x + 15 = | 12.51:dollar 14.82:dollar -:dollar x:dollar +:dollar 15:dollar =:dollar
EXPR: 0 | POS | FRA | 9 | 42.33 | 12.69 | 12.51=((14.82+x)-15) | 12.51 14.82 x + 15 - = | 12.51:dollar 14.82:dollar x:dollar +:dollar 15:dollar -:dollar =:dollar
EXPR: 0 | POS | FRA | 9 | 42.33 | 17.31 | (12.51-(14.82-x))=15 | 12.51 14.82 x - - 15 = | 12.51:dollar 14.82:dollar x:dollar -:dollar -:dollar 15:dollar =:dollar
EXPR: 0 | POS | FRA | 9 | 42.33 | 12.69 | 12.51=((14.82-15)+x) | 12.51 14.82 15 - x + = | 12.51:dollar 14.82:dollar 15:dollar -:dollar x:dollar +:dollar =:dollar
EXPR: 0 | POS | FRA | 9 | 42.33 | 17.31 | ((12.51+x)-14.82)=15 | 12.51 x + 14.82 - 15 = | 12.51:dollar x:dollar +:dollar 14.82:dollar -:dollar 15:dollar =:dollar
EXPR: 0 | POS | FRA | 9 | 42.33 | 17.31 | 12.51=((14.82-x)+15) | 12.51 14.82 x - 15 + = | 12.51:dollar 14.82:dollar x:dollar -:dollar 15:dollar +:dollar =:dollar
EXPR: 0 | POS | FRA | 9 | 42.33 | 12.33 | (12.51+(14.82-x))=15 | 12.51 14.82 x - + 15 = | 12.51:dollar 14.82:dollar x:dollar -:dollar +:dollar 15:dollar =:dollar
EXPR: 1 | POS | FRA | 9 | 42.33 | 42.33 | 12.51=((x-14.82)-15) | 12.51 x 14.82 - 15 - = | 12.51:dollar x:dollar 14.82:dollar -:dollar 15:dollar -:dollar =:dollar
EXPR: 0 | POS | FRA | 9 | 42.33 | 12.33 | 12.51=((x-14.82)+15) | 12.51 x 14.82 - 15 + = | 12.51:dollar x:dollar 14.82:dollar -:dollar 15:dollar +:dollar =:dollar
EXPR: 0 | POS | FRA | 9 | 42.33 | 12.33 | 12.51=(x-(14.82-15)) | 12.51 x 14.82 15 - - = | 12.51:dollar x:dollar 14.82:dollar 15:dollar -:dollar -:dollar =:dollar
EXPR: 0 | POS | FRA | 9 | 42.33 | 12.69 | 12.51=(x+(14.82-15)) | 12.51 x 14.82 15 - + = | 12.51:dollar x:dollar 14.82:dollar 15:dollar -:dollar +:dollar =:dollar
EXPR: 0 | POS | FRA | 9 | 42.33 | 17.31 | ((x+12.51)-14.82)=15 | x 12.51 + 14.82 - 15 = | x:dollar 12.51:dollar +:dollar 14.82:dollar -:dollar 15:dollar =:dollar
EXPR: 0 | POS | FRA | 9 | 42.33 | 12.69 | 12.51=((x+14.82)-15) | 12.51 x 14.82 + 15 - = | 12.51:dollar x:dollar 14.82:dollar +:dollar 15:dollar -:dollar =:dollar
EXPR: 1 | POS | FRA | 12 | 42.33 | 42.33 | (15+14.82)=(x-12.51) | 15 14.82 + x 12.51 - = | 15:dollar 14.82:dollar +:dollar x:dollar 12.51:dollar -:dollar =:dollar
EXPR: 0 | POS | FRA | 12 | 42.33 | 12.69 | (15-x)=(14.82-12.51) | 15 x - 14.82 12.51 - = | 15:dollar x:dollar -:dollar 14.82:dollar 12.51:dollar -:dollar =:dollar
EXPR: 0 | POS | FRA | 12 | 42.33 | 17.31 | (15+14.82)=(x+12.51) | 15 14.82 + x 12.51 + = | 15:dollar 14.82:dollar +:dollar x:dollar 12.51:dollar +:dollar =:dollar
EXPR: 0 | POS | FRA | 12 | 42.33 | 12.69 | (15-14.82)=(x-12.51) | 15 14.82 - x 12.51 - = | 15:dollar 14.82:dollar -:dollar x:dollar 12.51:dollar -:dollar =:dollar
EXPR: 0 | POS | FRA | 12 | 42.33 | 12.33 | (15+x)=(14.82+12.51) | 15 x + 14.82 12.51 + = | 15:dollar x:dollar +:dollar 14.82:dollar 12.51:dollar +:dollar =:dollar
EXPR: 0 | POS | FRA | 12 | 42.33 | 12.33 | (15-14.82)=(12.51-x) | 15 14.82 - 12.51 x - = | 15:dollar 14.82:dollar -:dollar 12.51:dollar x:dollar -:dollar =:dollar
EXPR: 0 | POS | FRA | 12 | 42.33 | 17.31 | (15+14.82)=(12.51+x) | 15 14.82 + 12.51 x + = | 15:dollar 14.82:dollar +:dollar 12.51:dollar x:dollar +:dollar =:dollar
EXPR: 0 | POS | FRA | 12 | 42.33 | 12.33 | (x+15)=(14.82+12.51) | x 15 + 14.82 12.51 + = | x:dollar 15:dollar +:dollar 14.82:dollar 12.51:dollar +:dollar =:dollar
EXPR: 0 | POS | FRA | 12 | 42.33 | 17.31 | (x-15)=(14.82-12.51) | x 15 - 14.82 12.51 - = | x:dollar 15:dollar -:dollar 14.82:dollar 12.51:dollar -:dollar =:dollar
EXPR: 1 | POS | FRA | 12 | 42.33 | 42.33 | (x-15)=(14.82+12.51) | x 15 - 14.82 12.51 + = | x:dollar 15:dollar -:dollar 14.82:dollar 12.51:dollar +:dollar =:dollar
EXPR: 0 | POS | FRA | 14 | 42.33 | 12.33 | (14.82-x)=(15-12.51) | 14.82 x - 15 12.51 - = | 14.82:dollar x:dollar -:dollar 15:dollar 12.51:dollar -:dollar =:dollar
EXPR: 0 | POS | FRA | 14 | 42.33 | 12.33 | (15-12.51)=(14.82-x) | 15 12.51 - 14.82 x - = | 15:dollar 12.51:dollar -:dollar 14.82:dollar x:dollar -:dollar =:dollar
EXPR: 0 | POS | FRA | 14 | 42.33 | 12.69 | (x-15)=(12.51-14.82) | x 15 - 12.51 14.82 - = | x:dollar 15:dollar -:dollar 12.51:dollar 14.82:dollar -:dollar =:dollar
EXPR: 0 | POS | FRA | 14 | 42.33 | 17.31 | (15-12.51)=(x-14.82) | 15 12.51 - x 14.82 - = | 15:dollar 12.51:dollar -:dollar x:dollar 14.82:dollar -:dollar =:dollar
EXPR: 0 | POS | FRA | 14 | 42.33 | 12.69 | (14.82+x)=(15+12.51) | 14.82 x + 15 12.51 + = | 14.82:dollar x:dollar +:dollar 15:dollar 12.51:dollar +:dollar =:dollar
EXPR: 0 | POS | FRA | 14 | 42.33 | 17.31 | (15-x)=(12.51-14.82) | 15 x - 12.51 14.82 - = | 15:dollar x:dollar -:dollar 12.51:dollar 14.82:dollar -:dollar =:dollar
EXPR: 0 | POS | FRA | 14 | 42.33 | 12.69 | (15+12.51)=(14.82+x) | 15 12.51 + 14.82 x + = | 15:dollar 12.51:dollar +:dollar 14.82:dollar x:dollar +:dollar =:dollar
EXPR: 0 | POS | FRA | 14 | 42.33 | 12.33 | (14.82-15)=(x-12.51) | 14.82 15 - x 12.51 - = | 14.82:dollar 15:dollar -:dollar x:dollar 12.51:dollar -:dollar =:dollar
EXPR: 0 | POS | FRA | 14 | 42.33 | 17.31 | (x-14.82)=(15-12.51) | x 14.82 - 15 12.51 - = | x:dollar 14.82:dollar -:dollar 15:dollar 12.51:dollar -:dollar =:dollar
EXPR: 1 | POS | FRA | 14 | 42.33 | 42.33 | (x-14.82)=(15+12.51) | x 14.82 - 15 12.51 + = | x:dollar 14.82:dollar -:dollar 15:dollar 12.51:dollar +:dollar =:dollar
EXPR: 0 | POS | FRA | 14 | 42.33 | 12.69 | (14.82-15)=(12.51-x) | 14.82 15 - 12.51 x - = | 14.82:dollar 15:dollar -:dollar 12.51:dollar x:dollar -:dollar =:dollar
EXPR: 0 | POS | FRA | 14 | 42.33 | 12.69 | (x+14.82)=(15+12.51) | x 14.82 + 15 12.51 + = | x:dollar 14.82:dollar +:dollar 15:dollar 12.51:dollar +:dollar =:dollar
EXPR: 1 | POS | FRA | 14 | 42.33 | 42.33 | (15+12.51)=(x-14.82) | 15 12.51 + x 14.82 - = | 15:dollar 12.51:dollar +:dollar x:dollar 14.82:dollar -:dollar =:dollar
EXPR: 0 | POS | FRA | 14 | 42.33 | 12.69 | (15+12.51)=(x+14.82) | 15 12.51 + x 14.82 + = | 15:dollar 12.51:dollar +:dollar x:dollar 14.82:dollar +:dollar =:dollar
EXPR: 0 | POS | FRA | 17 | 42.33 | 17.31 | (14.82-12.51)=(x-15) | 14.82 12.51 - x 15 - = | 14.82:dollar 12.51:dollar -:dollar x:dollar 15:dollar -:dollar =:dollar
EXPR: 1 | POS | FRA | 17 | 42.33 | 42.33 | (14.82+12.51)=(x-15) | 14.82 12.51 + x 15 - = | 14.82:dollar 12.51:dollar +:dollar x:dollar 15:dollar -:dollar =:dollar
EXPR: 0 | POS | FRA | 17 | 42.33 | 12.69 | (x-12.51)=(15-14.82) | x 12.51 - 15 14.82 - = | x:dollar 12.51:dollar -:dollar 15:dollar 14.82:dollar -:dollar =:dollar
EXPR: 0 | POS | FRA | 17 | 42.33 | 17.31 | (14.82-x)=(12.51-15) | 14.82 x - 12.51 15 - = | 14.82:dollar x:dollar -:dollar 12.51:dollar 15:dollar -:dollar =:dollar
EXPR: 1 | POS | FRA | 17 | 42.33 | 42.33 | (x-12.51)=(15+14.82) | x 12.51 - 15 14.82 + = | x:dollar 12.51:dollar -:dollar 15:dollar 14.82:dollar +:dollar =:dollar
EXPR: 0 | POS | FRA | 17 | 42.33 | 12.33 | (14.82+12.51)=(x+15) | 14.82 12.51 + x 15 + = | 14.82:dollar 12.51:dollar +:dollar x:dollar 15:dollar +:dollar =:dollar
EXPR: 0 | POS | FRA | 17 | 42.33 | 12.69 | (14.82-12.51)=(15-x) | 14.82 12.51 - 15 x - = | 14.82:dollar 12.51:dollar -:dollar 15:dollar x:dollar -:dollar =:dollar
EXPR: 0 | POS | FRA | 17 | 42.33 | 12.33 | (12.51-x)=(15-14.82) | 12.51 x - 15 14.82 - = | 12.51:dollar x:dollar -:dollar 15:dollar 14.82:dollar -:dollar =:dollar
EXPR: 0 | POS | FRA | 17 | 42.33 | 12.33 | (x-14.82)=(12.51-15) | x 14.82 - 12.51 15 - = | x:dollar 14.82:dollar -:dollar 12.51:dollar 15:dollar -:dollar =:dollar
EXPR: 0 | POS | FRA | 17 | 42.33 | 12.33 | (12.51-15)=(x-14.82) | 12.51 15 - x 14.82 - = | 12.51:dollar 15:dollar -:dollar x:dollar 14.82:dollar -:dollar =:dollar
EXPR: 0 | POS | FRA | 17 | 42.33 | 17.31 | (12.51-15)=(14.82-x) | 12.51 15 - 14.82 x - = | 12.51:dollar 15:dollar -:dollar 14.82:dollar x:dollar -:dollar =:dollar
EXPR: 0 | POS | FRA | 17 | 42.33 | 17.31 | (x+12.51)=(15+14.82) | x 12.51 + 15 14.82 + = | x:dollar 12.51:dollar +:dollar 15:dollar 14.82:dollar +:dollar =:dollar
EXPR: 0 | POS | FRA | 17 | 42.33 | 17.31 | (12.51+x)=(15+14.82) | 12.51 x + 15 14.82 + = | 12.51:dollar x:dollar +:dollar 15:dollar 14.82:dollar +:dollar =:dollar
EXPR: 0 | POS | FRA | 17 | 42.33 | 12.33 | (14.82+12.51)=(15+x) | 14.82 12.51 + 15 x + = | 14.82:dollar 12.51:dollar +:dollar 15:dollar x:dollar +:dollar =:dollar
EXPR: 0 | POS | FRA | 19 | 42.33 | 12.33 | (x-12.51)=(14.82-15) | x 12.51 - 14.82 15 - = | x:dollar 12.51:dollar -:dollar 14.82:dollar 15:dollar -:dollar =:dollar
EXPR: 0 | POS | FRA | 19 | 42.33 | 12.69 | (12.51-x)=(14.82-15) | 12.51 x - 14.82 15 - = | 12.51:dollar x:dollar -:dollar 14.82:dollar 15:dollar -:dollar =:dollar
EXPR: 0 | POS | FRA | 19 | 42.33 | 12.69 | (12.51-14.82)=(x-15) | 12.51 14.82 - x 15 - = | 12.51:dollar 14.82:dollar -:dollar x:dollar 15:dollar -:dollar =:dollar
EXPR: 0 | POS | FRA | 19 | 42.33 | 17.31 | (12.51-14.82)=(15-x) | 12.51 14.82 - 15 x - = | 12.51:dollar 14.82:dollar -:dollar 15:dollar x:dollar -:dollar =:dollar
NET 252 unique, non-negative solutions found out of 480 total solutions
