parameters: n=7 l=3 k=1 p=5 q=2 m=9
TOTAL 1000 solutions found
SOLN: CORRECT | POS/NEG | INT/FRA | OBJ-SCORE | TRUE-ANS | ANS | INFIX | POSTFIX | TYPED-POSTFIX
EXPR: 0 | POS | INT | 0 | 18 | 49 | x=(7*(9-2)) | x 7 9 2 - * = | x:nickel 7:penny 9:nickel 2:nickel -:nickel *:nickel =:nickel
EXPR: 0 | POS | INT | 0 | 18 | 77 | x=(7*(9+2)) | x 7 9 2 + * = | x:nickel 7:penny 9:nickel 2:nickel +:nickel *:nickel =:nickel
EXPR: 0 | POS | INT | 0 | 18 | 77 | (7*(9+2))=x | 7 9 2 + * x = | 7:penny 9:nickel 2:nickel +:nickel *:nickel x:nickel =:nickel
EXPR: 0 | POS | INT | 0 | 18 | 65 | ((7*9)+2)=x | 7 9 * 2 + x = | 7:penny 9:nickel *:nickel 2:nickel +:nickel x:nickel =:nickel
EXPR: 0 | POS | INT | 0 | 18 | 61 | ((7*9)-2)=x | 7 9 * 2 - x = | 7:penny 9:nickel *:nickel 2:nickel -:nickel x:nickel =:nickel
EXPR: 0 | POS | INT | 0 | 18 | 65 | x=((7*9)+2) | x 7 9 * 2 + = | x:nickel 7:penny 9:nickel *:nickel 2:nickel +:nickel =:nickel
EXPR: 0 | POS | INT | 0 | 18 | 61 | x=((7*9)-2) | x 7 9 * 2 - = | x:nickel 7:penny 9:nickel *:nickel 2:nickel -:nickel =:nickel
EXPR: 0 | POS | INT | 0 | 18 | 49 | (7*(9-2))=x | 7 9 2 - * x = | 7:penny 9:nickel 2:nickel -:nickel *:nickel x:nickel =:nickel
EXPR: 0 | POS | INT | 2 | 18 | 23 | x=((7*2)+9) | x 7 2 * 9 + = | x:nickel 7:penny 2:nickel *:nickel 9:nickel +:nickel =:nickel
EXPR: 0 | POS | INT | 2 | 18 | 23 | ((7*2)+9)=x | 7 2 * 9 + x = | 7:penny 2:nickel *:nickel 9:nickel +:nickel x:nickel =:nickel
EXPR: 0 | POS | INT | 2 | 18 | 5 | x=((7*2)-9) | x 7 2 * 9 - = | x:nickel 7:penny 2:nickel *:nickel 9:nickel -:nickel =:nickel
EXPR: 0 | POS | INT | 2 | 18 | 5 | ((7*2)-9)=x | 7 2 * 9 - x = | 7:penny 2:nickel *:nickel 9:nickel -:nickel x:nickel =:nickel
EXPR: 0 | POS | INT | 2 | 18 | 23 | (9+(7*2))=x | 9 7 2 * + x = | 9:nickel 7:penny 2:nickel *:nickel +:nickel x:nickel =:nickel
EXPR: 0 | POS | INT | 2 | 18 | 65 | (x-(7*9))=2 | x 7 9 * - 2 = | x:nickel 7:penny 9:nickel *:nickel -:nickel 2:nickel =:nickel
EXPR: 0 | POS | INT | 2 | 18 | 23 | x=(9+(7*2)) | x 9 7 2 * + = | x:nickel 9:nickel 7:penny 2:nickel *:nickel +:nickel =:nickel
EXPR: 0 | POS | INT | 2 | 18 | 61 | ((7*9)-x)=2 | 7 9 * x - 2 = | 7:penny 9:nickel *:nickel x:nickel -:nickel 2:nickel =:nickel
EXPR: 0 | POS | INT | 2 | 18 | 77 | ((x/7)-9)=2 | x 7 / 9 - 2 = | x:nickel 7:penny /:nickel 9:nickel -:nickel 2:nickel =:nickel
EXPR: 0 | POS | INT | 4 | 18 | 77 | 9=((x/7)-2) | 9 x 7 / 2 - = | 9:nickel x:nickel 7:penny /:nickel 2:nickel -:nickel =:nickel
EXPR: 0 | POS | INT | 4 | 18 | 49 | 9=((x/7)+2) | 9 x 7 / 2 + = | 9:nickel x:nickel 7:penny /:nickel 2:nickel +:nickel =:nickel
EXPR: 0 | POS | INT | 4 | 18 | 1 | 9=((x*7)+2) | 9 x 7 * 2 + = | 9:nickel x:nickel 7:penny *:nickel 2:nickel +:nickel =:nickel
EXPR: 0 | POS | INT | 4 | 18 | 1 | (9-(7*x))=2 | 9 7 x * - 2 = | 9:nickel 7:penny x:nickel *:nickel -:nickel 2:nickel =:nickel
EXPR: 0 | POS | INT | 4 | 18 | 1 | ((x*7)+2)=9 | x 7 * 2 + 9 = | x:nickel 7:penny *:nickel 2:nickel +:nickel 9:nickel =:nickel
EXPR: 0 | POS | INT | 4 | 18 | 1 | 9=((7*x)+2) | 9 7 x * 2 + = | 9:nickel 7:penny x:nickel *:nickel 2:nickel +:nickel =:nickel
EXPR: 0 | POS | INT | 4 | 18 | 23 | (x-(7*2))=9 | x 7 2 * - 9 = | x:nickel 7:penny 2:nickel *:nickel -:nickel 9:nickel =:nickel
EXPR: 0 | POS | INT | 4 | 18 | 5 | 9=((7*2)-x) | 9 7 2 * x - = | 9:nickel 7:penny 2:nickel *:nickel x:nickel -:nickel =:nickel
EXPR: 0 | POS | INT | 4 | 18 | 23 | 9=(x-(7*2)) | 9 x 7 2 * - = | 9:nickel x:nickel 7:penny 2:nickel *:nickel -:nickel =:nickel
EXPR: 0 | POS | INT | 4 | 18 | 49 | ((x/7)+2)=9 | x 7 / 2 + 9 = | x:nickel 7:penny /:nickel 2:nickel +:nickel 9:nickel =:nickel
EXPR: 0 | POS | INT | 4 | 18 | 77 | ((x/7)-2)=9 | x 7 / 2 - 9 = | x:nickel 7:penny /:nickel 2:nickel -:nickel 9:nickel =:nickel
EXPR: 0 | POS | INT | 4 | 18 | 23 | ((x-9)/7)=2 | x 9 - 7 / 2 = | x:nickel 9:nickel -:nickel 7:penny /:nickel 2:nickel =:nickel
EXPR: 0 | POS | INT | 4 | 18 | 1 | ((7*x)+2)=9 | 7 x * 2 + 9 = | 7:penny x:nickel *:nickel 2:nickel +:nickel 9:nickel =:nickel
EXPR: 0 | POS | INT | 4 | 18 | 5 | ((9+x)/7)=2 | 9 x + 7 / 2 = | 9:nickel x:nickel +:nickel 7:penny /:nickel 2:nickel =:nickel
EXPR: 0 | POS | INT | 4 | 18 | 5 | ((x+9)/7)=2 | x 9 + 7 / 2 = | x:nickel 9:nickel +:nickel 7:penny /:nickel 2:nickel =:nickel
EXPR: 0 | POS | INT | 4 | 18 | 1 | (9-(x*7))=2 | 9 x 7 * - 2 = | 9:nickel x:nickel 7:penny *:nickel -:nickel 2:nickel =:nickel
EXPR: 0 | POS | INT | 4 | 18 | 5 | ((7*2)-x)=9 | 7 2 * x - 9 = | 7:penny 2:nickel *:nickel x:nickel -:nickel 9:nickel =:nickel
EXPR: 0 | POS | INT | 4 | 18 | 49 | (9-(x/7))=2 | 9 x 7 / - 2 = | 9:nickel x:nickel 7:penny /:nickel -:nickel 2:nickel =:nickel
EXPR: 0 | POS | INT | 5 | 18 | 65 | x=(2+(7*9)) | x 2 7 9 * + = | x:nickel 2:nickel 7:penny 9:nickel *:nickel +:nickel =:nickel
EXPR: 0 | POS | INT | 5 | 18 | 77 | x=((9+2)*7) | x 9 2 + 7 * = | x:nickel 9:nickel 2:nickel +:nickel 7:penny *:nickel =:nickel
EXPR: 0 | POS | INT | 5 | 18 | 65 | (2+(7*9))=x | 2 7 9 * + x = | 2:nickel 7:penny 9:nickel *:nickel +:nickel x:nickel =:nickel
EXPR: 0 | POS | INT | 5 | 18 | 77 | ((9+2)*7)=x | 9 2 + 7 * x = | 9:nickel 2:nickel +:nickel 7:penny *:nickel x:nickel =:nickel
EXPR: 0 | POS | INT | 5 | 18 | 49 | x=((9-2)*7) | x 9 2 - 7 * = | x:nickel 9:nickel 2:nickel -:nickel 7:penny *:nickel =:nickel
EXPR: 0 | POS | INT | 5 | 18 | 1 | x=((9-2)/7) | x 9 2 - 7 / = | x:nickel 9:nickel 2:nickel -:nickel 7:penny /:nickel =:nickel
EXPR: 0 | POS | INT | 5 | 18 | 49 | ((9-2)*7)=x | 9 2 - 7 * x = | 9:nickel 2:nickel -:nickel 7:penny *:nickel x:nickel =:nickel
EXPR: 0 | POS | INT | 5 | 18 | 1 | ((9-2)/7)=x | 9 2 - 7 / x = | 9:nickel 2:nickel -:nickel 7:penny /:nickel x:nickel =:nickel
EXPR: 0 | POS | INT | 7 | 18 | 1 | 9=(2+(x*7)) | 9 2 x 7 * + = | 9:nickel 2:nickel x:nickel 7:penny *:nickel +:nickel =:nickel
EXPR: 0 | POS | INT | 7 | 18 | 49 | 9=(2+(x/7)) | 9 2 x 7 / + = | 9:nickel 2:nickel x:nickel 7:penny /:nickel +:nickel =:nickel
EXPR: 0 | POS | INT | 7 | 18 | 1 | (2+(7*x))=9 | 2 7 x * + 9 = | 2:nickel 7:penny x:nickel *:nickel +:nickel 9:nickel =:nickel
EXPR: 0 | POS | INT | 7 | 18 | 1 | 9=(2+(7*x)) | 9 2 7 x * + = | 9:nickel 2:nickel 7:penny x:nickel *:nickel +:nickel =:nickel
EXPR: 0 | POS | INT | 7 | 18 | 77 | 2=((x/7)-9) | 2 x 7 / 9 - = | 2:nickel x:nickel 7:penny /:nickel 9:nickel -:nickel =:nickel
EXPR: 0 | POS | INT | 7 | 18 | 65 | 9=((x-2)/7) | 9 x 2 - 7 / = | 9:nickel x:nickel 2:nickel -:nickel 7:penny /:nickel =:nickel
EXPR: 0 | POS | INT | 7 | 18 | 61 | 2=((7*9)-x) | 2 7 9 * x - = | 2:nickel 7:penny 9:nickel *:nickel x:nickel -:nickel =:nickel
EXPR: 0 | POS | INT | 7 | 18 | 61 | 9=((x+2)/7) | 9 x 2 + 7 / = | 9:nickel x:nickel 2:nickel +:nickel 7:penny /:nickel =:nickel
EXPR: 0 | POS | INT | 7 | 18 | 65 | ((x-2)/7)=9 | x 2 - 7 / 9 = | x:nickel 2:nickel -:nickel 7:penny /:nickel 9:nickel =:nickel
EXPR: 0 | POS | INT | 7 | 18 | 61 | ((x+2)/7)=9 | x 2 + 7 / 9 = | x:nickel 2:nickel +:nickel 7:penny /:nickel 9:nickel =:nickel
EXPR: 0 | POS | INT | 7 | 18 | 61 | ((2+x)/7)=9 | 2 x + 7 / 9 = | 2:nickel x:nickel +:nickel 7:penny /:nickel 9:nickel =:nickel
EXPR: 0 | POS | INT | 7 | 18 | 1 | (2+(x*7))=9 | 2 x 7 * + 9 = | 2:nickel x:nickel 7:penny *:nickel +:nickel 9:nickel =:nickel
EXPR: 0 | POS | INT | 7 | 18 | 49 | (2+(x/7))=9 | 2 x 7 / + 9 = | 2:nickel x:nickel 7:penny /:nickel +:nickel 9:nickel =:nickel
EXPR: 0 | POS | INT | 7 | 18 | 61 | 9=((2+x)/7) | 9 2 x + 7 / = | 9:nickel 2:nickel x:nickel +:nickel 7:penny /:nickel =:nickel
EXPR: 0 | POS | INT | 7 | 18 | 65 | 2=(x-(7*9)) | 2 x 7 9 * - = | 2:nickel x:nickel 7:penny 9:nickel *:nickel -:nickel =:nickel
EXPR: 0 | POS | INT | 9 | 18 | 1 | 2=(9-(x*7)) | 2 9 x 7 * - = | 2:nickel 9:nickel x:nickel 7:penny *:nickel -:nickel =:nickel
EXPR: 0 | POS | INT | 9 | 18 | 1 | 2=(9-(7*x)) | 2 9 7 x * - = | 2:nickel 9:nickel 7:penny x:nickel *:nickel -:nickel =:nickel
EXPR: 0 | POS | INT | 9 | 18 | 5 | 2=((9+x)/7) | 2 9 x + 7 / = | 2:nickel 9:nickel x:nickel +:nickel 7:penny /:nickel =:nickel
EXPR: 0 | POS | INT | 9 | 18 | 23 | 2=((x-9)/7) | 2 x 9 - 7 / = | 2:nickel x:nickel 9:nickel -:nickel 7:penny /:nickel =:nickel
EXPR: 0 | POS | INT | 9 | 18 | 5 | 2=((x+9)/7) | 2 x 9 + 7 / = | 2:nickel x:nickel 9:nickel +:nickel 7:penny /:nickel =:nickel
EXPR: 0 | POS | INT | 9 | 18 | 49 | 2=(9-(x/7)) | 2 9 x 7 / - = | 2:nickel 9:nickel x:nickel 7:penny /:nickel -:nickel =:nickel
EXPR: 0 | POS | INT | 10 | 18 |  | x=((7-9)+2) | x 7 9 - 2 + = | x:nickel 7:nickel 9:nickel -:nickel 2:nickel +:nickel =:nickel
EXPR: 0 | POS | INT | 10 | 18 | 14 | x=((7+9)-2) | x 7 9 + 2 - = | x:nickel 7:nickel 9:nickel +:nickel 2:nickel -:nickel =:nickel
EXPR: 0 | POS | INT | 10 | 18 | 1 | x=(7/(9-2)) | x 7 9 2 - / = | x:penny 7:penny 9:nickel 2:nickel -:nickel /:penny =:penny
EXPR: 1 | POS | INT | 10 | 18 | 18 | x=(7+(9+2)) | x 7 9 2 + + = | x:nickel 7:nickel 9:nickel 2:nickel +:nickel +:nickel =:nickel
EXPR: 0 | POS | INT | 10 | 18 |  | x=(7-(9-2)) | x 7 9 2 - - = | x:nickel 7:nickel 9:nickel 2:nickel -:nickel -:nickel =:nickel
EXPR: 0 | POS | INT | 10 | 18 | 32 | ((7+9)*2)=x | 7 9 + 2 * x = | 7:penny 9:penny +:penny 2:nickel *:nickel x:nickel =:nickel
EXPR: 0 | POS | INT | 10 | 18 | 1 | (7/(9-2))=x | 7 9 2 - / x = | 7:penny 9:nickel 2:nickel -:nickel /:penny x:penny =:penny
EXPR: 0 | POS | INT | 10 | 18 | 14 | x=(7+(9-2)) | x 7 9 2 - + = | x:nickel 7:nickel 9:nickel 2:nickel -:nickel +:nickel =:nickel
EXPR: 1 | POS | INT | 10 | 18 | 18 | x=((7+9)+2) | x 7 9 + 2 + = | x:nickel 7:nickel 9:nickel +:nickel 2:nickel +:nickel =:nickel
EXPR: 0 | POS | INT | 10 | 18 | 0 | ((7-9)+2)=x | 7 9 - 2 + x = | 7:nickel 9:nickel -:nickel 2:nickel +:nickel x:nickel =:nickel
EXPR: 0 | POS | INT | 10 | 18 | 0 | (7-(9-2))=x | 7 9 2 - - x = | 7:nickel 9:nickel 2:nickel -:nickel -:nickel x:nickel =:nickel
EXPR: 1 | POS | INT | 10 | 18 | 18 | ((7+9)+2)=x | 7 9 + 2 + x = | 7:nickel 9:nickel +:nickel 2:nickel +:nickel x:nickel =:nickel
EXPR: 0 | POS | INT | 10 | 18 | 14 | ((7+9)-2)=x | 7 9 + 2 - x = | 7:nickel 9:nickel +:nickel 2:nickel -:nickel x:nickel =:nickel
EXPR: 0 | POS | INT | 10 | 18 | 14 | (7+(9-2))=x | 7 9 2 - + x = | 7:nickel 9:nickel 2:nickel -:nickel +:nickel x:nickel =:nickel
EXPR: 1 | POS | INT | 10 | 18 | 18 | (7+(9+2))=x | 7 9 2 + + x = | 7:nickel 9:nickel 2:nickel +:nickel +:nickel x:nickel =:nickel
EXPR: 0 | POS | INT | 10 | 18 | 32 | x=((7+9)*2) | x 7 9 + 2 * = | x:nickel 7:penny 9:penny +:penny 2:nickel *:nickel =:nickel
EXPR: 0 | POS | INT | 12 | 18 | 4 | ((9-7)+2)=x | 9 7 - 2 + x = | 9:nickel 7:nickel -:nickel 2:nickel +:nickel x:nickel =:nickel
EXPR: 0 | POS | INT | 12 | 18 | 45 | (9*(7-2))=x | 9 7 2 - * x = | 9:nickel 7:penny 2:penny -:penny *:nickel x:nickel =:nickel
EXPR: 0 | POS | INT | 12 | 18 | 4 | ((9-7)*2)=x | 9 7 - 2 * x = | 9:penny 7:penny -:penny 2:nickel *:nickel x:nickel =:nickel
EXPR: 0 | POS | INT | 12 | 18 | 45 | ((7-2)*9)=x | 7 2 - 9 * x = | 7:penny 2:penny -:penny 9:nickel *:nickel x:nickel =:nickel
EXPR: 1 | POS | INT | 12 | 18 | 18 | (x-(7+9))=2 | x 7 9 + - 2 = | x:nickel 7:nickel 9:nickel +:nickel -:nickel 2:nickel =:nickel
EXPR: 0 | POS | INT | 12 | 18 | 81 | ((7+2)*9)=x | 7 2 + 9 * x = | 7:penny 2:penny +:penny 9:nickel *:nickel x:nickel =:nickel
EXPR: 0 | POS | INT | 12 | 18 | 0 | (9-(7+2))=x | 9 7 2 + - x = | 9:nickel 7:nickel 2:nickel +:nickel -:nickel x:nickel =:nickel
EXPR: 0 | POS | INT | 12 | 18 | 0 | ((9-7)-2)=x | 9 7 - 2 - x = | 9:nickel 7:nickel -:nickel 2:nickel -:nickel x:nickel =:nickel
EXPR: 0 | POS | INT | 12 | 18 | 14 | ((7+9)-x)=2 | 7 9 + x - 2 = | 7:nickel 9:nickel +:nickel x:nickel -:nickel 2:nickel =:nickel
EXPR: 0 | POS | INT | 12 | 18 | 1 | (7*x)=(9-2) | 7 x * 9 2 - = | 7:penny x:nickel *:nickel 9:nickel 2:nickel -:nickel =:nickel
EXPR: 0 | POS | INT | 12 | 18 | 4 | (9-(7-2))=x | 9 7 2 - - x = | 9:nickel 7:nickel 2:nickel -:nickel -:nickel x:nickel =:nickel
EXPR: 0 | POS | INT | 12 | 18 | 0 | 7=((9+x)-2) | 7 9 x + 2 - = | 7:nickel 9:nickel x:nickel +:nickel 2:nickel -:nickel =:nickel
EXPR: 0 | POS | INT | 12 | 18 |  | x=((9-7)-2) | x 9 7 - 2 - = | x:nickel 9:nickel 7:nickel -:nickel 2:nickel -:nickel =:nickel
EXPR: 0 | POS | INT | 12 | 18 | 1 | (x*7)=(9-2) | x 7 * 9 2 - = | x:nickel 7:penny *:nickel 9:nickel 2:nickel -:nickel =:nickel
EXPR: 0 | POS | INT | 12 | 18 | 49 | (x/7)=(9-2) | x 7 / 9 2 - = | x:nickel 7:penny /:nickel 9:nickel 2:nickel -:nickel =:nickel
EXPR: 0 | POS | INT | 12 | 18 | 14 | x=((7-2)+9) | x 7 2 - 9 + = | x:nickel 7:nickel 2:nickel -:nickel 9:nickel +:nickel =:nickel
EXPR: 0 | POS | INT | 12 | 18 |  | x=((7+2)-9) | x 7 2 + 9 - = | x:nickel 7:nickel 2:nickel +:nickel 9:nickel -:nickel =:nickel
EXPR: 0 | POS | INT | 12 | 18 | 0 | 7=((9-x)-2) | 7 9 x - 2 - = | 7:nickel 9:nickel x:nickel -:nickel 2:nickel -:nickel =:nickel
EXPR: 0 | POS | INT | 12 | 18 | 4 | 7=((9-x)+2) | 7 9 x - 2 + = | 7:nickel 9:nickel x:nickel -:nickel 2:nickel +:nickel =:nickel
EXPR: 0 | POS | INT | 12 | 18 | 14 | ((7-2)+9)=x | 7 2 - 9 + x = | 7:nickel 2:nickel -:nickel 9:nickel +:nickel x:nickel =:nickel
EXPR: 0 | POS | INT | 12 | 18 | 4 | x=((9-7)+2) | x 9 7 - 2 + = | x:nickel 9:nickel 7:nickel -:nickel 2:nickel +:nickel =:nickel
EXPR: 0 | POS | INT | 12 | 18 | 32 | (x/(7+9))=2 | x 7 9 + / 2 = | x:nickel 7:penny 9:penny +:penny /:nickel 2:nickel =:nickel
EXPR: 0 | POS | INT | 12 | 18 | 1 | x=(9/(7+2)) | x 9 7 2 + / = | x:nickel 9:nickel 7:penny 2:penny +:penny /:nickel =:nickel
EXPR: 0 | POS | INT | 12 | 18 | 14 | (7+(9-x))=2 | 7 9 x - + 2 = | 7:nickel 9:nickel x:nickel -:nickel +:nickel 2:nickel =:nickel
EXPR: 0 | POS | INT | 12 | 18 | 4 | ((7-9)+x)=2 | 7 9 - x + 2 = | 7:nickel 9:nickel -:nickel x:nickel +:nickel 2:nickel =:nickel
EXPR: 0 | POS | INT | 12 | 18 | 77 | (x/7)=(9+2) | x 7 / 9 2 + = | x:nickel 7:penny /:nickel 9:nickel 2:nickel +:nickel =:nickel
EXPR: 0 | POS | INT | 12 | 18 | 0 | 7=(9+(x-2)) | 7 9 x 2 - + = | 7:nickel 9:nickel x:nickel 2:nickel -:nickel +:nickel =:nickel
EXPR: 0 | POS | INT | 12 | 18 | 14 | ((7-x)+9)=2 | 7 x - 9 + 2 = | 7:nickel x:nickel -:nickel 9:nickel +:nickel 2:nickel =:nickel
EXPR: 1 | POS | INT | 12 | 18 | 18 | ((7+2)+9)=x | 7 2 + 9 + x = | 7:nickel 2:nickel +:nickel 9:nickel +:nickel x:nickel =:nickel
EXPR: 0 | POS | INT | 12 | 18 | 0 | ((7+2)-9)=x | 7 2 + 9 - x = | 7:nickel 2:nickel +:nickel 9:nickel -:nickel x:nickel =:nickel
EXPR: 0 | POS | INT | 12 | 18 | 81 | x=(9*(7+2)) | x 9 7 2 + * = | x:nickel 9:nickel 7:penny 2:penny +:penny *:nickel =:nickel
EXPR: 0 | POS | INT | 12 | 18 | 45 | x=(9*(7-2)) | x 9 7 2 - * = | x:nickel 9:nickel 7:penny 2:penny -:penny *:nickel =:nickel
EXPR: 0 | POS | INT | 12 | 18 | 4 | (7+(x-9))=2 | 7 x 9 - + 2 = | 7:nickel x:nickel 9:nickel -:nickel +:nickel 2:nickel =:nickel
EXPR: 0 | POS | INT | 12 | 18 | 4 | ((7+x)-9)=2 | 7 x + 9 - 2 = | 7:nickel x:nickel +:nickel 9:nickel -:nickel 2:nickel =:nickel
EXPR: 0 | POS | INT | 12 | 18 | 14 | (9+(7-2))=x | 9 7 2 - + x = | 9:nickel 7:nickel 2:nickel -:nickel +:nickel x:nickel =:nickel
EXPR: 1 | POS | INT | 12 | 18 | 18 | x=((7+2)+9) | x 7 2 + 9 + = | x:nickel 7:nickel 2:nickel +:nickel 9:nickel +:nickel =:nickel
EXPR: 0 | POS | INT | 12 | 18 | 0 | (7+(2-9))=x | 7 2 9 - + x = | 7:nickel 2:nickel 9:nickel -:nickel +:nickel x:nickel =:nickel
EXPR: 1 | POS | INT | 12 | 18 | 18 | 7=(x-(9+2)) | 7 x 9 2 + - = | 7:nickel x:nickel 9:nickel 2:nickel +:nickel -:nickel =:nickel
EXPR: 0 | POS | INT | 12 | 18 | 0 | 7=(x+(9-2)) | 7 x 9 2 - + = | 7:nickel x:nickel 9:nickel 2:nickel -:nickel +:nickel =:nickel
EXPR: 0 | POS | INT | 12 | 18 | 4 | (7-(9-x))=2 | 7 9 x - - 2 = | 7:nickel 9:nickel x:nickel -:nickel -:nickel 2:nickel =:nickel
EXPR: 0 | POS | INT | 12 | 18 | 14 | (7-(x-9))=2 | 7 x 9 - - 2 = | 7:nickel x:nickel 9:nickel -:nickel -:nickel 2:nickel =:nickel
EXPR: 0 | POS | INT | 12 | 18 | 0 | 7=((x+9)-2) | 7 x 9 + 2 - = | 7:nickel x:nickel 9:nickel +:nickel 2:nickel -:nickel =:nickel
EXPR: 1 | POS | INT | 12 | 18 | 18 | 7=((x-9)-2) | 7 x 9 - 2 - = | 7:nickel x:nickel 9:nickel -:nickel 2:nickel -:nickel =:nickel
EXPR: 0 | POS | INT | 12 | 18 | 4 | 7=((9+2)-x) | 7 9 2 + x - = | 7:nickel 9:nickel 2:nickel +:nickel x:nickel -:nickel =:nickel
EXPR: 1 | POS | INT | 12 | 18 | 18 | x=(9+(7+2)) | x 9 7 2 + + = | x:nickel 9:nickel 7:nickel 2:nickel +:nickel +:nickel =:nickel
EXPR: 0 | POS | INT | 12 | 18 |  | x=(9-(7+2)) | x 9 7 2 + - = | x:nickel 9:nickel 7:nickel 2:nickel +:nickel -:nickel =:nickel
EXPR: 0 | POS | INT | 12 | 18 | 81 | (9*(7+2))=x | 9 7 2 + * x = | 9:nickel 7:penny 2:penny +:penny *:nickel x:nickel =:nickel
EXPR: 0 | POS | INT | 12 | 18 | 1 | (9/(7+2))=x | 9 7 2 + / x = | 9:nickel 7:penny 2:penny +:penny /:nickel x:nickel =:nickel
EXPR: 0 | POS | INT | 12 | 18 | 4 | (x+(7-9))=2 | x 7 9 - + 2 = | x:nickel 7:nickel 9:nickel -:nickel +:nickel 2:nickel =:nickel
EXPR: 0 | POS | INT | 12 | 18 | 0 | 7=((9-2)+x) | 7 9 2 - x + = | 7:nickel 9:nickel 2:nickel -:nickel x:nickel +:nickel =:nickel
EXPR: 0 | POS | INT | 12 | 18 | 0 | 7=(9-(x+2)) | 7 9 x 2 + - = | 7:nickel 9:nickel x:nickel 2:nickel +:nickel -:nickel =:nickel
EXPR: 0 | POS | INT | 12 | 18 | 0 | 7=((9-2)-x) | 7 9 2 - x - = | 7:nickel 9:nickel 2:nickel -:nickel x:nickel -:nickel =:nickel
EXPR: 0 | POS | INT | 12 | 18 |  | (x-(7-9))=2 | x 7 9 - - 2 = | x:nickel 7:nickel 9:nickel -:nickel -:nickel 2:nickel =:nickel
EXPR: 0 | POS | INT | 12 | 18 | 14 | (7-(2-9))=x | 7 2 9 - - x = | 7:nickel 2:nickel 9:nickel -:nickel -:nickel x:nickel =:nickel
EXPR: 0 | POS | INT | 12 | 18 | 14 | 7=((x-9)+2) | 7 x 9 - 2 + = | 7:nickel x:nickel 9:nickel -:nickel 2:nickel +:nickel =:nickel
EXPR: 0 | POS | INT | 12 | 18 | 0 | 7=(9-(2+x)) | 7 9 2 x + - = | 7:nickel 9:nickel 2:nickel x:nickel +:nickel -:nickel =:nickel
EXPR: 0 | POS | INT | 12 | 18 | 4 | ((x+7)-9)=2 | x 7 + 9 - 2 = | x:nickel 7:nickel +:nickel 9:nickel -:nickel 2:nickel =:nickel
EXPR: 0 | POS | INT | 12 | 18 | 14 | 7=(x-(9-2)) | 7 x 9 2 - - = | 7:nickel x:nickel 9:nickel 2:nickel -:nickel -:nickel =:nickel
EXPR: 0 | POS | INT | 12 | 18 | 1 | 7=(x*(9-2)) | 7 x 9 2 - * = | 7:penny x:penny 9:nickel 2:nickel -:nickel *:penny =:penny
EXPR: 0 | POS | INT | 12 | 18 |  | ((x-7)+9)=2 | x 7 - 9 + 2 = | x:nickel 7:nickel -:nickel 9:nickel +:nickel 2:nickel =:nickel
EXPR: 1 | POS | INT | 12 | 18 | 18 | ((x-7)-9)=2 | x 7 - 9 - 2 = | x:nickel 7:nickel -:nickel 9:nickel -:nickel 2:nickel =:nickel
EXPR: 0 | POS | INT | 12 | 18 | 4 | x=((9-7)*2) | x 9 7 - 2 * = | x:nickel 9:penny 7:penny -:penny 2:nickel *:nickel =:nickel
EXPR: 0 | POS | INT | 12 | 18 | 14 | x=(9+(7-2)) | x 9 7 2 - + = | x:nickel 9:nickel 7:nickel 2:nickel -:nickel +:nickel =:nickel
EXPR: 0 | POS | INT | 12 | 18 | 61 | (7*9)=(2+x) | 7 9 * 2 x + = | 7:penny 9:nickel *:nickel 2:nickel x:nickel +:nickel =:nickel
EXPR: 0 | POS | INT | 12 | 18 | 4 | 7=(9-(x-2)) | 7 9 x 2 - - = | 7:nickel 9:nickel x:nickel 2:nickel -:nickel -:nickel =:nickel
EXPR: 0 | POS | INT | 12 | 18 | 4 | x=(9-(7-2)) | x 9 7 2 - - = | x:nickel 9:nickel 7:nickel 2:nickel -:nickel -:nickel =:nickel
EXPR: 0 | POS | INT | 12 | 18 | 65 | (7*9)=(x-2) | 7 9 * x 2 - = | 7:penny 9:nickel *:nickel x:nickel 2:nickel -:nickel =:nickel
EXPR: 1 | POS | INT | 12 | 18 | 18 | (9+(7+2))=x | 9 7 2 + + x = | 9:nickel 7:nickel 2:nickel +:nickel +:nickel x:nickel =:nickel
EXPR: 0 | POS | INT | 12 | 18 | 61 | (7*9)=(x+2) | 7 9 * x 2 + = | 7:penny 9:nickel *:nickel x:nickel 2:nickel +:nickel =:nickel
EXPR: 0 | POS | INT | 12 | 18 | 4 | 7=(9+(2-x)) | 7 9 2 x - + = | 7:nickel 9:nickel 2:nickel x:nickel -:nickel +:nickel =:nickel
EXPR: 0 | POS | INT | 12 | 18 | 1 | 7=((9-2)*x) | 7 9 2 - x * = | 7:penny 9:nickel 2:nickel -:nickel x:penny *:penny =:penny
EXPR: 0 | POS | INT | 12 | 18 | 45 | x=((7-2)*9) | x 7 2 - 9 * = | x:nickel 7:penny 2:penny -:penny 9:nickel *:nickel =:nickel
EXPR: 0 | POS | INT | 12 | 18 | 81 | x=((7+2)*9) | x 7 2 + 9 * = | x:nickel 7:penny 2:penny +:penny 9:nickel *:nickel =:nickel
EXPR: 0 | POS | INT | 12 | 18 | 77 | 7=(x/(9+2)) | 7 x 9 2 + / = | 7:penny x:penny 9:nickel 2:nickel +:nickel /:penny =:penny
EXPR: 0 | POS | INT | 12 | 18 | 49 | 7=(x/(9-2)) | 7 x 9 2 - / = | 7:penny x:penny 9:nickel 2:nickel -:nickel /:penny =:penny
EXPR: 0 | POS | INT | 12 | 18 | 14 | x=(7-(2-9)) | x 7 2 9 - - = | x:nickel 7:nickel 2:nickel 9:nickel -:nickel -:nickel =:nickel
EXPR: 0 | POS | INT | 12 | 18 |  | x=(7+(2-9)) | x 7 2 9 - + = | x:nickel 7:nickel 2:nickel 9:nickel -:nickel +:nickel =:nickel
EXPR: 0 | POS | INT | 12 | 18 | 0 | 7=(9-(2-x)) | 7 9 2 x - - = | 7:nickel 9:nickel 2:nickel x:nickel -:nickel -:nickel =:nickel
EXPR: 1 | POS | INT | 14 | 18 | 18 | (x-(7+2))=9 | x 7 2 + - 9 = | x:nickel 7:nickel 2:nickel +:nickel -:nickel 9:nickel =:nickel
EXPR: 0 | POS | INT | 14 | 18 | 23 | (7*2)=(x-9) | 7 2 * x 9 - = | 7:penny 2:nickel *:nickel x:nickel 9:nickel -:nickel =:nickel
EXPR: 0 | POS | INT | 14 | 18 | 45 | (x/(7-2))=9 | x 7 2 - / 9 = | x:nickel 7:penny 2:penny -:penny /:nickel 9:nickel =:nickel
EXPR: 0 | POS | INT | 14 | 18 | 5 | (x+9)=(7*2) | x 9 + 7 2 * = | x:nickel 9:nickel +:nickel 7:penny 2:nickel *:nickel =:nickel
EXPR: 0 | POS | INT | 14 | 18 |  | ((9-7)+x)=2 | 9 7 - x + 2 = | 9:nickel 7:nickel -:nickel x:nickel +:nickel 2:nickel =:nickel
EXPR: 0 | POS | INT | 14 | 18 | 1 | ((9-7)*x)=2 | 9 7 - x * 2 = | 9:penny 7:penny -:penny x:nickel *:nickel 2:nickel =:nickel
EXPR: 0 | POS | INT | 14 | 18 | 4 | ((7+x)-2)=9 | 7 x + 2 - 9 = | 7:nickel x:nickel +:nickel 2:nickel -:nickel 9:nickel =:nickel
EXPR: 0 | POS | INT | 14 | 18 | 4 | 9=((7+x)-2) | 9 7 x + 2 - = | 9:nickel 7:nickel x:nickel +:nickel 2:nickel -:nickel =:nickel
EXPR: 0 | POS | INT | 14 | 18 | 0 | 9=(7+(x+2)) | 9 7 x 2 + + = | 9:nickel 7:nickel x:nickel 2:nickel +:nickel +:nickel =:nickel
EXPR: 0 | POS | INT | 14 | 18 |  | (9-(7-x))=2 | 9 7 x - - 2 = | 9:nickel 7:nickel x:nickel -:nickel -:nickel 2:nickel =:nickel
EXPR: 0 | POS | INT | 14 | 18 | 14 | 7=(x+(2-9)) | 7 x 2 9 - + = | 7:nickel x:nickel 2:nickel 9:nickel -:nickel +:nickel =:nickel
EXPR: 0 | POS | INT | 14 | 18 | 23 | (x-9)=(7*2) | x 9 - 7 2 * = | x:nickel 9:nickel -:nickel 7:penny 2:nickel *:nickel =:nickel
EXPR: 0 | POS | INT | 14 | 18 | 0 | 9=((7+x)+2) | 9 7 x + 2 + = | 9:nickel 7:nickel x:nickel +:nickel 2:nickel +:nickel =:nickel
EXPR: 0 | POS | INT | 14 | 18 | 1 | ((7+2)*x)=9 | 7 2 + x * 9 = | 7:penny 2:penny +:penny x:nickel *:nickel 9:nickel =:nickel
EXPR: 0 | POS | INT | 14 | 18 | 1 | (x*(9-7))=2 | x 9 7 - * 2 = | x:nickel 9:penny 7:penny -:penny *:nickel 2:nickel =:nickel
EXPR: 0 | POS | INT | 14 | 18 |  | (9-(x+7))=2 | 9 x 7 + - 2 = | 9:nickel x:nickel 7:nickel +:nickel -:nickel 2:nickel =:nickel
EXPR: 0 | POS | INT | 14 | 18 | 1 | (x*(7+2))=9 | x 7 2 + * 9 = | x:nickel 7:penny 2:penny +:penny *:nickel 9:nickel =:nickel
EXPR: 0 | POS | INT | 14 | 18 | 81 | (x/(7+2))=9 | x 7 2 + / 9 = | x:nickel 7:penny 2:penny +:penny /:nickel 9:nickel =:nickel
EXPR: 0 | POS | INT | 14 | 18 |  | ((9-7)-x)=2 | 9 7 - x - 2 = | 9:nickel 7:nickel -:nickel x:nickel -:nickel 2:nickel =:nickel
EXPR: 0 | POS | INT | 14 | 18 | 14 | (9+(7-x))=2 | 9 7 x - + 2 = | 9:nickel 7:nickel x:nickel -:nickel +:nickel 2:nickel =:nickel
EXPR: 0 | POS | INT | 14 | 18 | 1 | 9=((7+2)*x) | 9 7 2 + x * = | 9:nickel 7:penny 2:penny +:penny x:nickel *:nickel =:nickel
EXPR: 0 | POS | INT | 14 | 18 | 0 | 9=(7+(2+x)) | 9 7 2 x + + = | 9:nickel 7:nickel 2:nickel x:nickel +:nickel +:nickel =:nickel
EXPR: 0 | POS | INT | 14 | 18 | 5 | (7*2)=(x+9) | 7 2 * x 9 + = | 7:penny 2:nickel *:nickel x:nickel 9:nickel +:nickel =:nickel
EXPR: 0 | POS | INT | 14 | 18 |  | (7+(2-x))=9 | 7 2 x - + 9 = | 7:nickel 2:nickel x:nickel -:nickel +:nickel 9:nickel =:nickel
EXPR: 0 | POS | INT | 14 | 18 |  | ((7-x)+2)=9 | 7 x - 2 + 9 = | 7:nickel x:nickel -:nickel 2:nickel +:nickel 9:nickel =:nickel
EXPR: 0 | POS | INT | 14 | 18 | 4 | 7=(2+(9-x)) | 7 2 9 x - + = | 7:nickel 2:nickel 9:nickel x:nickel -:nickel +:nickel =:nickel
EXPR: 0 | POS | INT | 14 | 18 | 0 | 9=(7-(x-2)) | 9 7 x 2 - - = | 9:nickel 7:nickel x:nickel 2:nickel -:nickel -:nickel =:nickel
EXPR: 0 | POS | INT | 14 | 18 | 14 | 7=(2+(x-9)) | 7 2 x 9 - + = | 7:nickel 2:nickel x:nickel 9:nickel -:nickel +:nickel =:nickel
EXPR: 0 | POS | INT | 14 | 18 | 1 | 9=(x*(7+2)) | 9 x 7 2 + * = | 9:nickel x:nickel 7:penny 2:penny +:penny *:nickel =:nickel
EXPR: 0 | POS | INT | 14 | 18 | 81 | 9=(x/(7+2)) | 9 x 7 2 + / = | 9:nickel x:nickel 7:penny 2:penny +:penny /:nickel =:nickel
EXPR: 0 | POS | INT | 14 | 18 | 4 | 7=(2-(x-9)) | 7 2 x 9 - - = | 7:nickel 2:nickel x:nickel 9:nickel -:nickel -:nickel =:nickel
EXPR: 0 | POS | INT | 14 | 18 | 0 | 7=(x-(2-9)) | 7 x 2 9 - - = | 7:nickel x:nickel 2:nickel 9:nickel -:nickel -:nickel =:nickel
EXPR: 0 | POS | INT | 14 | 18 | 4 | ((7-2)+x)=9 | 7 2 - x + 9 = | 7:nickel 2:nickel -:nickel x:nickel +:nickel 9:nickel =:nickel
EXPR: 0 | POS | INT | 14 | 18 | 14 | 7=((x+2)-9) | 7 x 2 + 9 - = | 7:nickel x:nickel 2:nickel +:nickel 9:nickel -:nickel =:nickel
EXPR: 1 | POS | INT | 14 | 18 | 18 | 7=((x-2)-9) | 7 x 2 - 9 - = | 7:nickel x:nickel 2:nickel -:nickel 9:nickel -:nickel =:nickel
EXPR: 0 | POS | INT | 14 | 18 | 4 | (7+(x-2))=9 | 7 x 2 - + 9 = | 7:nickel x:nickel 2:nickel -:nickel +:nickel 9:nickel =:nickel
EXPR: 0 | POS | INT | 14 | 18 | 14 | 7=(2-(9-x)) | 7 2 9 x - - = | 7:nickel 2:nickel 9:nickel x:nickel -:nickel -:nickel =:nickel
EXPR: 0 | POS | INT | 14 | 18 | 14 | (x-(7-2))=9 | x 7 2 - - 9 = | x:nickel 7:nickel 2:nickel -:nickel -:nickel 9:nickel =:nickel
EXPR: 0 | POS | INT | 14 | 18 | 45 | 9=(x/(7-2)) | 9 x 7 2 - / = | 9:nickel x:nickel 7:penny 2:penny -:penny /:nickel =:nickel
EXPR: 0 | POS | INT | 14 | 18 | 0 | 7=((x-2)+9) | 7 x 2 - 9 + = | 7:nickel x:nickel 2:nickel -:nickel 9:nickel +:nickel =:nickel
EXPR: 0 | POS | INT | 14 | 18 | 0 | 9=(x+(7+2)) | 9 x 7 2 + + = | 9:nickel x:nickel 7:nickel 2:nickel +:nickel +:nickel =:nickel
EXPR: 0 | POS | INT | 14 | 18 |  | ((7+x)+2)=9 | 7 x + 2 + 9 = | 7:nickel x:nickel +:nickel 2:nickel +:nickel 9:nickel =:nickel
EXPR: 0 | POS | INT | 14 | 18 | 4 | (7-(2-x))=9 | 7 2 x - - 9 = | 7:nickel 2:nickel x:nickel -:nickel -:nickel 9:nickel =:nickel
EXPR: 0 | POS | INT | 14 | 18 | 4 | (x+(7-2))=9 | x 7 2 - + 9 = | x:nickel 7:nickel 2:nickel -:nickel +:nickel 9:nickel =:nickel
EXPR: 0 | POS | INT | 14 | 18 |  | ((7+2)+x)=9 | 7 2 + x + 9 = | 7:nickel 2:nickel +:nickel x:nickel +:nickel 9:nickel =:nickel
EXPR: 1 | POS | INT | 14 | 18 | 18 | 9=(x-(7+2)) | 9 x 7 2 + - = | 9:nickel x:nickel 7:nickel 2:nickel +:nickel -:nickel =:nickel
EXPR: 0 | POS | INT | 14 | 18 | 0 | 9=((7+2)-x) | 9 7 2 + x - = | 9:nickel 7:nickel 2:nickel +:nickel x:nickel -:nickel =:nickel
EXPR: 0 | POS | INT | 14 | 18 |  | (x+(9-7))=2 | x 9 7 - + 2 = | x:nickel 9:nickel 7:nickel -:nickel +:nickel 2:nickel =:nickel
EXPR: 0 | POS | INT | 14 | 18 | 5 | (9+x)=(7*2) | 9 x + 7 2 * = | 9:nickel x:nickel +:nickel 7:penny 2:nickel *:nickel =:nickel
EXPR: 0 | POS | INT | 14 | 18 |  | (7-(x-2))=9 | 7 x 2 - - 9 = | 7:nickel x:nickel 2:nickel -:nickel -:nickel 9:nickel =:nickel
EXPR: 0 | POS | INT | 14 | 18 | 4 | 9=((7-2)+x) | 9 7 2 - x + = | 9:nickel 7:nickel 2:nickel -:nickel x:nickel +:nickel =:nickel
EXPR: 0 | POS | INT | 14 | 18 | 14 | (9-(x-7))=2 | 9 x 7 - - 2 = | 9:nickel x:nickel 7:nickel -:nickel -:nickel 2:nickel =:nickel
EXPR: 0 | POS | INT | 14 | 18 | 4 | (x-(9-7))=2 | x 9 7 - - 2 = | x:nickel 9:nickel 7:nickel -:nickel -:nickel 2:nickel =:nickel
EXPR: 0 | POS | INT | 14 | 18 | 4 | 9=(x+(7-2)) | 9 x 7 2 - + = | 9:nickel x:nickel 7:nickel 2:nickel -:nickel +:nickel =:nickel
EXPR: 0 | POS | INT | 14 | 18 | 4 | (x/(9-7))=2 | x 9 7 - / 2 = | x:nickel 9:penny 7:penny -:penny /:nickel 2:nickel =:nickel
EXPR: 0 | POS | INT | 14 | 18 | 14 | 9=(x-(7-2)) | 9 x 7 2 - - = | 9:nickel x:nickel 7:nickel 2:nickel -:nickel -:nickel =:nickel
EXPR: 0 | POS | INT | 14 | 18 | 0 | 9=((7+2)+x) | 9 7 2 + x + = | 9:nickel 7:nickel 2:nickel +:nickel x:nickel +:nickel =:nickel
EXPR: 0 | POS | INT | 14 | 18 | 14 | 7=((2-9)+x) | 7 2 9 - x + = | 7:nickel 2:nickel 9:nickel -:nickel x:nickel +:nickel =:nickel
EXPR: 0 | POS | INT | 14 | 18 | 0 | 9=(7+(2-x)) | 9 7 2 x - + = | 9:nickel 7:nickel 2:nickel x:nickel -:nickel +:nickel =:nickel
EXPR: 0 | POS | INT | 14 | 18 |  | ((7+2)-x)=9 | 7 2 + x - 9 = | 7:nickel 2:nickel +:nickel x:nickel -:nickel 9:nickel =:nickel
EXPR: 0 | POS | INT | 14 | 18 | 4 | 9=(7-(2-x)) | 9 7 2 x - - = | 9:nickel 7:nickel 2:nickel x:nickel -:nickel -:nickel =:nickel
EXPR: 0 | POS | INT | 14 | 18 | 4 | 9=((x+7)-2) | 9 x 7 + 2 - = | 9:nickel x:nickel 7:nickel +:nickel 2:nickel -:nickel =:nickel
EXPR: 0 | POS | INT | 14 | 18 | 14 | 9=((x-7)+2) | 9 x 7 - 2 + = | 9:nickel x:nickel 7:nickel -:nickel 2:nickel +:nickel =:nickel
EXPR: 0 | POS | INT | 14 | 18 | 4 | 9=(7+(x-2)) | 9 7 x 2 - + = | 9:nickel 7:nickel x:nickel 2:nickel -:nickel +:nickel =:nickel
EXPR: 0 | POS | INT | 14 | 18 |  | (9+(x-7))=2 | 9 x 7 - + 2 = | 9:nickel x:nickel 7:nickel -:nickel +:nickel 2:nickel =:nickel
EXPR: 1 | POS | INT | 14 | 18 | 18 | 9=((x-7)-2) | 9 x 7 - 2 - = | 9:nickel x:nickel 7:nickel -:nickel 2:nickel -:nickel =:nickel
EXPR: 0 | POS | INT | 14 | 18 |  | ((x+9)-7)=2 | x 9 + 7 - 2 = | x:nickel 9:nickel +:nickel 7:nickel -:nickel 2:nickel =:nickel
EXPR: 0 | POS | INT | 14 | 18 | 0 | 9=((x+7)+2) | 9 x 7 + 2 + = | 9:nickel x:nickel 7:nickel +:nickel 2:nickel +:nickel =:nickel
EXPR: 1 | POS | INT | 14 | 18 | 18 | ((x-9)-7)=2 | x 9 - 7 - 2 = | x:nickel 9:nickel -:nickel 7:nickel -:nickel 2:nickel =:nickel
EXPR: 0 | POS | INT | 14 | 18 | 4 | ((x-9)+7)=2 | x 9 - 7 + 2 = | x:nickel 9:nickel -:nickel 7:nickel +:nickel 2:nickel =:nickel
EXPR: 0 | POS | INT | 14 | 18 | 0 | 9=((7-x)+2) | 9 7 x - 2 + = | 9:nickel 7:nickel x:nickel -:nickel 2:nickel +:nickel =:nickel
EXPR: 0 | POS | INT | 14 | 18 | 14 | ((9-x)+7)=2 | 9 x - 7 + 2 = | 9:nickel x:nickel -:nickel 7:nickel +:nickel 2:nickel =:nickel
EXPR: 0 | POS | INT | 14 | 18 | 14 | ((x-7)+2)=9 | x 7 - 2 + 9 = | x:nickel 7:nickel -:nickel 2:nickel +:nickel 9:nickel =:nickel
EXPR: 0 | POS | INT | 14 | 18 |  | (7+(x+2))=9 | 7 x 2 + + 9 = | 7:nickel x:nickel 2:nickel +:nickel +:nickel 9:nickel =:nickel
EXPR: 0 | POS | INT | 14 | 18 | 4 | ((x+7)-2)=9 | x 7 + 2 - 9 = | x:nickel 7:nickel +:nickel 2:nickel -:nickel 9:nickel =:nickel
EXPR: 1 | POS | INT | 14 | 18 | 18 | ((x-7)-2)=9 | x 7 - 2 - 9 = | x:nickel 7:nickel -:nickel 2:nickel -:nickel 9:nickel =:nickel
EXPR: 0 | POS | INT | 14 | 18 |  | (x+(7+2))=9 | x 7 2 + + 9 = | x:nickel 7:nickel 2:nickel +:nickel +:nickel 9:nickel =:nickel
EXPR: 0 | POS | INT | 14 | 18 |  | ((9+x)-7)=2 | 9 x + 7 - 2 = | 9:nickel x:nickel +:nickel 7:nickel -:nickel 2:nickel =:nickel
EXPR: 0 | POS | INT | 14 | 18 |  | ((9-x)-7)=2 | 9 x - 7 - 2 = | 9:nickel x:nickel -:nickel 7:nickel -:nickel 2:nickel =:nickel
EXPR: 0 | POS | INT | 14 | 18 | 14 | 7=((2+x)-9) | 7 2 x + 9 - = | 7:nickel 2:nickel x:nickel +:nickel 9:nickel -:nickel =:nickel
EXPR: 0 | POS | INT | 14 | 18 | 5 | (7*2)=(9+x) | 7 2 * 9 x + = | 7:penny 2:nickel *:nickel 9:nickel x:nickel +:nickel =:nickel
EXPR: 0 | POS | INT | 14 | 18 |  | (7+(2+x))=9 | 7 2 x + + 9 = | 7:nickel 2:nickel x:nickel +:nickel +:nickel 9:nickel =:nickel
EXPR: 0 | POS | INT | 14 | 18 |  | (9-(7+x))=2 | 9 7 x + - 2 = | 9:nickel 7:nickel x:nickel +:nickel -:nickel 2:nickel =:nickel
EXPR: 0 | POS | INT | 14 | 18 | 4 | 7=((2-x)+9) | 7 2 x - 9 + = | 7:nickel 2:nickel x:nickel -:nickel 9:nickel +:nickel =:nickel
EXPR: 0 | POS | INT | 14 | 18 |  | ((x+7)+2)=9 | x 7 + 2 + 9 = | x:nickel 7:nickel +:nickel 2:nickel +:nickel 9:nickel =:nickel
EXPR: 1 | POS | INT | 15 | 18 | 18 | (2+(7+9))=x | 2 7 9 + + x = | 2:nickel 7:nickel 9:nickel +:nickel +:nickel x:nickel =:nickel
EXPR: 0 | POS | INT | 15 | 18 | 4 | x=((9+2)-7) | x 9 2 + 7 - = | x:nickel 9:nickel 2:nickel +:nickel 7:nickel -:nickel =:nickel
EXPR: 0 | POS | INT | 15 | 18 | 14 | x=((9-2)+7) | x 9 2 - 7 + = | x:nickel 9:nickel 2:nickel -:nickel 7:nickel +:nickel =:nickel
EXPR: 0 | POS | INT | 15 | 18 | 4 | ((2-7)+9)=x | 2 7 - 9 + x = | 2:nickel 7:nickel -:nickel 9:nickel +:nickel x:nickel =:nickel
EXPR: 0 | POS | INT | 15 | 18 | 4 | x=((2-7)+9) | x 2 7 - 9 + = | x:nickel 2:nickel 7:nickel -:nickel 9:nickel +:nickel =:nickel
EXPR: 0 | POS | INT | 15 | 18 | 32 | x=(2*(7+9)) | x 2 7 9 + * = | x:nickel 2:nickel 7:penny 9:penny +:penny *:nickel =:nickel
EXPR: 0 | POS | INT | 15 | 18 | 4 | (2-(7-9))=x | 2 7 9 - - x = | 2:nickel 7:nickel 9:nickel -:nickel -:nickel x:nickel =:nickel
EXPR: 0 | POS | INT | 15 | 18 | 4 | (9+(2-7))=x | 9 2 7 - + x = | 9:nickel 2:nickel 7:nickel -:nickel +:nickel x:nickel =:nickel
EXPR: 0 | POS | INT | 15 | 18 | 0 | (2+(7-9))=x | 2 7 9 - + x = | 2:nickel 7:nickel 9:nickel -:nickel +:nickel x:nickel =:nickel
EXPR: 1 | POS | INT | 15 | 18 | 18 | x=((9+2)+7) | x 9 2 + 7 + = | x:nickel 9:nickel 2:nickel +:nickel 7:nickel +:nickel =:nickel
EXPR: 0 | POS | INT | 15 | 18 | 14 | (9-(2-7))=x | 9 2 7 - - x = | 9:nickel 2:nickel 7:nickel -:nickel -:nickel x:nickel =:nickel
EXPR: 0 | POS | INT | 15 | 18 | 14 | ((9-2)+7)=x | 9 2 - 7 + x = | 9:nickel 2:nickel -:nickel 7:nickel +:nickel x:nickel =:nickel
EXPR: 0 | POS | INT | 15 | 18 | 32 | (2*(7+9))=x | 2 7 9 + * x = | 2:nickel 7:penny 9:penny +:penny *:nickel x:nickel =:nickel
EXPR: 1 | POS | INT | 15 | 18 | 18 | ((9+2)+7)=x | 9 2 + 7 + x = | 9:nickel 2:nickel +:nickel 7:nickel +:nickel x:nickel =:nickel
EXPR: 0 | POS | INT | 15 | 18 | 4 | ((9+2)-7)=x | 9 2 + 7 - x = | 9:nickel 2:nickel +:nickel 7:nickel -:nickel x:nickel =:nickel
EXPR: 0 | POS | INT | 15 | 18 | 0 | ((9-2)-7)=x | 9 2 - 7 - x = | 9:nickel 2:nickel -:nickel 7:nickel -:nickel x:nickel =:nickel
EXPR: 0 | POS | INT | 15 | 18 |  | x=((9-2)-7) | x 9 2 - 7 - = | x:nickel 9:nickel 2:nickel -:nickel 7:nickel -:nickel =:nickel
EXPR: 0 | POS | INT | 15 | 18 |  | x=(2+(7-9)) | x 2 7 9 - + = | x:nickel 2:nickel 7:nickel 9:nickel -:nickel +:nickel =:nickel
EXPR: 1 | POS | INT | 15 | 18 | 18 | x=(2+(7+9)) | x 2 7 9 + + = | x:nickel 2:nickel 7:nickel 9:nickel +:nickel +:nickel =:nickel
EXPR: 0 | POS | INT | 15 | 18 | 4 | x=(2-(7-9)) | x 2 7 9 - - = | x:nickel 2:nickel 7:nickel 9:nickel -:nickel -:nickel =:nickel
EXPR: 0 | POS | INT | 15 | 18 | 14 | x=(9-(2-7)) | x 9 2 7 - - = | x:nickel 9:nickel 2:nickel 7:nickel -:nickel -:nickel =:nickel
EXPR: 0 | POS | INT | 15 | 18 | 4 | x=(9+(2-7)) | x 9 2 7 - + = | x:nickel 9:nickel 2:nickel 7:nickel -:nickel +:nickel =:nickel
EXPR: 0 | POS | INT | 17 | 18 | 14 | 2=((7-x)+9) | 2 7 x - 9 + = | 2:nickel 7:nickel x:nickel -:nickel 9:nickel +:nickel =:nickel
EXPR: 0 | POS | INT | 17 | 18 | 14 | 9=((x+2)-7) | 9 x 2 + 7 - = | 9:nickel x:nickel 2:nickel +:nickel 7:nickel -:nickel =:nickel
EXPR: 0 | POS | INT | 17 | 18 | 0 | 9=((x+2)+7) | 9 x 2 + 7 + = | 9:nickel x:nickel 2:nickel +:nickel 7:nickel +:nickel =:nickel
EXPR: 0 | POS | INT | 17 | 18 | 4 | x=(2+(9-7)) | x 2 9 7 - + = | x:nickel 2:nickel 9:nickel 7:nickel -:nickel +:nickel =:nickel
EXPR: 0 | POS | INT | 17 | 18 |  | x=(2-(9-7)) | x 2 9 7 - - = | x:nickel 2:nickel 9:nickel 7:nickel -:nickel -:nickel =:nickel
EXPR: 0 | POS | INT | 17 | 18 | 0 | 9=(2+(x+7)) | 9 2 x 7 + + = | 9:nickel 2:nickel x:nickel 7:nickel +:nickel +:nickel =:nickel
EXPR: 0 | POS | INT | 17 | 18 | 1 | x=(2/(9-7)) | x 2 9 7 - / = | x:nickel 2:nickel 9:penny 7:penny -:penny /:nickel =:nickel
EXPR: 0 | POS | INT | 17 | 18 | 14 | 9=(2+(x-7)) | 9 2 x 7 - + = | 9:nickel 2:nickel x:nickel 7:nickel -:nickel +:nickel =:nickel
EXPR: 0 | POS | INT | 17 | 18 | 14 | ((2-7)+x)=9 | 2 7 - x + 9 = | 2:nickel 7:nickel -:nickel x:nickel +:nickel 9:nickel =:nickel
EXPR: 1 | POS | INT | 17 | 18 | 18 | (x-(9+2))=7 | x 9 2 + - 7 = | x:nickel 9:nickel 2:nickel +:nickel -:nickel 7:nickel =:nickel
EXPR: 0 | POS | INT | 17 | 18 | 4 | x=(2*(9-7)) | x 2 9 7 - * = | x:nickel 2:nickel 9:penny 7:penny -:penny *:nickel =:nickel
EXPR: 0 | POS | INT | 17 | 18 | 4 | 9=((x-2)+7) | 9 x 2 - 7 + = | 9:nickel x:nickel 2:nickel -:nickel 7:nickel +:nickel =:nickel
EXPR: 0 | POS | INT | 17 | 18 | 0 | 9=((2-x)+7) | 9 2 x - 7 + = | 9:nickel 2:nickel x:nickel -:nickel 7:nickel +:nickel =:nickel
EXPR: 1 | POS | INT | 17 | 18 | 18 | 9=((x-2)-7) | 9 x 2 - 7 - = | 9:nickel x:nickel 2:nickel -:nickel 7:nickel -:nickel =:nickel
EXPR: 0 | POS | INT | 17 | 18 |  | x=((2-9)+7) | x 2 9 - 7 + = | x:nickel 2:nickel 9:nickel -:nickel 7:nickel +:nickel =:nickel
EXPR: 0 | POS | INT | 17 | 18 |  | (9-(x+2))=7 | 9 x 2 + - 7 = | 9:nickel x:nickel 2:nickel +:nickel -:nickel 7:nickel =:nickel
EXPR: 0 | POS | INT | 17 | 18 | 49 | (x/(9-2))=7 | x 9 2 - / 7 = | x:penny 9:nickel 2:nickel -:nickel /:penny 7:penny =:penny
EXPR: 0 | POS | INT | 17 | 18 |  | (2+(x+7))=9 | 2 x 7 + + 9 = | 2:nickel x:nickel 7:nickel +:nickel +:nickel 9:nickel =:nickel
EXPR: 0 | POS | INT | 17 | 18 | 77 | (x/(9+2))=7 | x 9 2 + / 7 = | x:penny 9:nickel 2:nickel +:nickel /:penny 7:penny =:penny
EXPR: 0 | POS | INT | 17 | 18 |  | ((9+x)-2)=7 | 9 x + 2 - 7 = | 9:nickel x:nickel +:nickel 2:nickel -:nickel 7:nickel =:nickel
EXPR: 0 | POS | INT | 17 | 18 | 14 | 9=(x+(2-7)) | 9 x 2 7 - + = | 9:nickel x:nickel 2:nickel 7:nickel -:nickel +:nickel =:nickel
EXPR: 0 | POS | INT | 17 | 18 | 14 | (2-(7-x))=9 | 2 7 x - - 9 = | 2:nickel 7:nickel x:nickel -:nickel -:nickel 9:nickel =:nickel
EXPR: 0 | POS | INT | 17 | 18 |  | ((9-x)-2)=7 | 9 x - 2 - 7 = | 9:nickel x:nickel -:nickel 2:nickel -:nickel 7:nickel =:nickel
EXPR: 0 | POS | INT | 17 | 18 | 4 | 9=(x-(2-7)) | 9 x 2 7 - - = | 9:nickel x:nickel 2:nickel 7:nickel -:nickel -:nickel =:nickel
EXPR: 0 | POS | INT | 17 | 18 | 0 | (2-(9-7))=x | 2 9 7 - - x = | 2:nickel 9:nickel 7:nickel -:nickel -:nickel x:nickel =:nickel
EXPR: 0 | POS | INT | 17 | 18 | 1 | (9-2)=(7*x) | 9 2 - 7 x * = | 9:nickel 2:nickel -:nickel 7:penny x:nickel *:nickel =:nickel
EXPR: 0 | POS | INT | 17 | 18 | 0 | 9=(2+(7+x)) | 9 2 7 x + + = | 9:nickel 2:nickel 7:nickel x:nickel +:nickel +:nickel =:nickel
EXPR: 0 | POS | INT | 17 | 18 | 14 | 9=(2-(7-x)) | 9 2 7 x - - = | 9:nickel 2:nickel 7:nickel x:nickel -:nickel -:nickel =:nickel
EXPR: 0 | POS | INT | 17 | 18 | 14 | (2+(x-7))=9 | 2 x 7 - + 9 = | 2:nickel x:nickel 7:nickel -:nickel +:nickel 9:nickel =:nickel
EXPR: 0 | POS | INT | 17 | 18 | 14 | 2=(7-(x-9)) | 2 7 x 9 - - = | 2:nickel 7:nickel x:nickel 9:nickel -:nickel -:nickel =:nickel
EXPR: 0 | POS | INT | 17 | 18 | 14 | (x-(9-2))=7 | x 9 2 - - 7 = | x:nickel 9:nickel 2:nickel -:nickel -:nickel 7:nickel =:nickel
EXPR: 0 | POS | INT | 17 | 18 | 4 | 2=(7+(x-9)) | 2 7 x 9 - + = | 2:nickel 7:nickel x:nickel 9:nickel -:nickel +:nickel =:nickel
EXPR: 0 | POS | INT | 17 | 18 |  | (2+(7-x))=9 | 2 7 x - + 9 = | 2:nickel 7:nickel x:nickel -:nickel +:nickel 9:nickel =:nickel
EXPR: 0 | POS | INT | 17 | 18 |  | ((9-2)+x)=7 | 9 2 - x + 7 = | 9:nickel 2:nickel -:nickel x:nickel +:nickel 7:nickel =:nickel
EXPR: 0 | POS | INT | 17 | 18 | 0 | ((2-9)+7)=x | 2 9 - 7 + x = | 2:nickel 9:nickel -:nickel 7:nickel +:nickel x:nickel =:nickel
EXPR: 0 | POS | INT | 17 | 18 | 0 | 9=(2+(7-x)) | 9 2 7 x - + = | 9:nickel 2:nickel 7:nickel x:nickel -:nickel +:nickel =:nickel
EXPR: 0 | POS | INT | 17 | 18 |  | ((9-2)-x)=7 | 9 2 - x - 7 = | 9:nickel 2:nickel -:nickel x:nickel -:nickel 7:nickel =:nickel
EXPR: 0 | POS | INT | 17 | 18 |  | (9+(x-2))=7 | 9 x 2 - + 7 = | 9:nickel x:nickel 2:nickel -:nickel +:nickel 7:nickel =:nickel
EXPR: 0 | POS | INT | 17 | 18 | 4 | 2=(7-(9-x)) | 2 7 9 x - - = | 2:nickel 7:nickel 9:nickel x:nickel -:nickel -:nickel =:nickel
EXPR: 0 | POS | INT | 17 | 18 | 14 | 2=(7+(9-x)) | 2 7 9 x - + = | 2:nickel 7:nickel 9:nickel x:nickel -:nickel +:nickel =:nickel
EXPR: 0 | POS | INT | 17 | 18 | 14 | 2=((7+9)-x) | 2 7 9 + x - = | 2:nickel 7:nickel 9:nickel +:nickel x:nickel -:nickel =:nickel
EXPR: 0 | POS | INT | 17 | 18 | 4 | (2+(9-7))=x | 2 9 7 - + x = | 2:nickel 9:nickel 7:nickel -:nickel +:nickel x:nickel =:nickel
EXPR: 0 | POS | INT | 17 | 18 | 4 | 2=((x+7)-9) | 2 x 7 + 9 - = | 2:nickel x:nickel 7:nickel +:nickel 9:nickel -:nickel =:nickel
EXPR: 0 | POS | INT | 17 | 18 |  | (x+(9-2))=7 | x 9 2 - + 7 = | x:nickel 9:nickel 2:nickel -:nickel +:nickel 7:nickel =:nickel
EXPR: 0 | POS | INT | 17 | 18 |  | (2-(x-7))=9 | 2 x 7 - - 9 = | 2:nickel x:nickel 7:nickel -:nickel -:nickel 9:nickel =:nickel
EXPR: 0 | POS | INT | 17 | 18 | 14 | (x+(2-7))=9 | x 2 7 - + 9 = | x:nickel 2:nickel 7:nickel -:nickel +:nickel 9:nickel =:nickel
EXPR: 0 | POS | INT | 17 | 18 | 4 | ((9+2)-x)=7 | 9 2 + x - 7 = | 9:nickel 2:nickel +:nickel x:nickel -:nickel 7:nickel =:nickel
EXPR: 0 | POS | INT | 17 | 18 | 4 | (9-(x-2))=7 | 9 x 2 - - 7 = | 9:nickel x:nickel 2:nickel -:nickel -:nickel 7:nickel =:nickel
EXPR: 0 | POS | INT | 17 | 18 | 4 | (x-(2-7))=9 | x 2 7 - - 9 = | x:nickel 2:nickel 7:nickel -:nickel -:nickel 9:nickel =:nickel
EXPR: 0 | POS | INT | 17 | 18 | 4 | 2=((7-9)+x) | 2 7 9 - x + = | 2:nickel 7:nickel 9:nickel -:nickel x:nickel +:nickel =:nickel
EXPR: 0 | POS | INT | 17 | 18 | 14 | 9=((2+x)-7) | 9 2 x + 7 - = | 9:nickel 2:nickel x:nickel +:nickel 7:nickel -:nickel =:nickel
EXPR: 0 | POS | INT | 17 | 18 | 0 | 9=((2+x)+7) | 9 2 x + 7 + = | 9:nickel 2:nickel x:nickel +:nickel 7:nickel +:nickel =:nickel
EXPR: 0 | POS | INT | 17 | 18 | 4 | (9+(2-x))=7 | 9 2 x - + 7 = | 9:nickel 2:nickel x:nickel -:nickel +:nickel 7:nickel =:nickel
EXPR: 0 | POS | INT | 17 | 18 | 14 | 9=((2-7)+x) | 9 2 7 - x + = | 9:nickel 2:nickel 7:nickel -:nickel x:nickel +:nickel =:nickel
EXPR: 0 | POS | INT | 17 | 18 | 14 | ((x+2)-7)=9 | x 2 + 7 - 9 = | x:nickel 2:nickel +:nickel 7:nickel -:nickel 9:nickel =:nickel
EXPR: 0 | POS | INT | 17 | 18 | 4 | ((9-x)+2)=7 | 9 x - 2 + 7 = | 9:nickel x:nickel -:nickel 2:nickel +:nickel 7:nickel =:nickel
EXPR: 0 | POS | INT | 17 | 18 | 61 | (2+x)=(7*9) | 2 x + 7 9 * = | 2:nickel x:nickel +:nickel 7:penny 9:nickel *:nickel =:nickel
EXPR: 0 | POS | INT | 17 | 18 | 4 | 2=(x+(7-9)) | 2 x 7 9 - + = | 2:nickel x:nickel 7:nickel 9:nickel -:nickel +:nickel =:nickel
EXPR: 0 | POS | INT | 17 | 18 |  | ((x+2)+7)=9 | x 2 + 7 + 9 = | x:nickel 2:nickel +:nickel 7:nickel +:nickel 9:nickel =:nickel
EXPR: 0 | POS | INT | 17 | 18 | 1 | ((9-2)*x)=7 | 9 2 - x * 7 = | 9:nickel 2:nickel -:nickel x:penny *:penny 7:penny =:penny
EXPR: 0 | POS | INT | 17 | 18 | 1 | (x*(9-2))=7 | x 9 2 - * 7 = | x:penny 9:nickel 2:nickel -:nickel *:penny 7:penny =:penny
EXPR: 0 | POS | INT | 17 | 18 | 4 | 2=((7+x)-9) | 2 7 x + 9 - = | 2:nickel 7:nickel x:nickel +:nickel 9:nickel -:nickel =:nickel
EXPR: 0 | POS | INT | 17 | 18 | 0 | 9=(2-(x-7)) | 9 2 x 7 - - = | 9:nickel 2:nickel x:nickel 7:nickel -:nickel -:nickel =:nickel
EXPR: 1 | POS | INT | 17 | 18 | 18 | 2=(x-(7+9)) | 2 x 7 9 + - = | 2:nickel x:nickel 7:nickel 9:nickel +:nickel -:nickel =:nickel
EXPR: 0 | POS | INT | 17 | 18 | 14 | ((x-9)+2)=7 | x 9 - 2 + 7 = | x:nickel 9:nickel -:nickel 2:nickel +:nickel 7:nickel =:nickel
EXPR: 0 | POS | INT | 17 | 18 | 4 | (2*(9-7))=x | 2 9 7 - * x = | 2:nickel 9:penny 7:penny -:penny *:nickel x:nickel =:nickel
EXPR: 1 | POS | INT | 17 | 18 | 18 | ((x-2)-7)=9 | x 2 - 7 - 9 = | x:nickel 2:nickel -:nickel 7:nickel -:nickel 9:nickel =:nickel
EXPR: 0 | POS | INT | 17 | 18 |  | ((x+9)-2)=7 | x 9 + 2 - 7 = | x:nickel 9:nickel +:nickel 2:nickel -:nickel 7:nickel =:nickel
EXPR: 0 | POS | INT | 17 | 18 | 0 | 2=(x-(7-9)) | 2 x 7 9 - - = | 2:nickel x:nickel 7:nickel 9:nickel -:nickel -:nickel =:nickel
EXPR: 0 | POS | INT | 17 | 18 | 1 | (2/(9-7))=x | 2 9 7 - / x = | 2:nickel 9:penny 7:penny -:penny /:nickel x:nickel =:nickel
EXPR: 0 | POS | INT | 17 | 18 |  | ((2+x)+7)=9 | 2 x + 7 + 9 = | 2:nickel x:nickel +:nickel 7:nickel +:nickel 9:nickel =:nickel
EXPR: 0 | POS | INT | 17 | 18 |  | ((2-x)+7)=9 | 2 x - 7 + 9 = | 2:nickel x:nickel -:nickel 7:nickel +:nickel 9:nickel =:nickel
EXPR: 0 | POS | INT | 17 | 18 | 1 | (9-2)=(x*7) | 9 2 - x 7 * = | 9:nickel 2:nickel -:nickel x:nickel 7:penny *:nickel =:nickel
EXPR: 0 | POS | INT | 17 | 18 | 49 | (9-2)=(x/7) | 9 2 - x 7 / = | 9:nickel 2:nickel -:nickel x:nickel 7:penny /:nickel =:nickel
EXPR: 1 | POS | INT | 17 | 18 | 18 | ((x-9)-2)=7 | x 9 - 2 - 7 = | x:nickel 9:nickel -:nickel 2:nickel -:nickel 7:nickel =:nickel
EXPR: 0 | POS | INT | 17 | 18 | 32 | 2=(x/(7+9)) | 2 x 7 9 + / = | 2:nickel x:nickel 7:penny 9:penny +:penny /:nickel =:nickel
EXPR: 1 | POS | INT | 17 | 18 | 18 | 2=((x-7)-9) | 2 x 7 - 9 - = | 2:nickel x:nickel 7:nickel -:nickel 9:nickel -:nickel =:nickel
EXPR: 0 | POS | INT | 17 | 18 | 0 | 2=((x-7)+9) | 2 x 7 - 9 + = | 2:nickel x:nickel 7:nickel -:nickel 9:nickel +:nickel =:nickel
EXPR: 0 | POS | INT | 17 | 18 | 14 | ((2+x)-7)=9 | 2 x + 7 - 9 = | 2:nickel x:nickel +:nickel 7:nickel -:nickel 9:nickel =:nickel
EXPR: 0 | POS | INT | 17 | 18 | 77 | (9+2)=(x/7) | 9 2 + x 7 / = | 9:nickel 2:nickel +:nickel x:nickel 7:penny /:nickel =:nickel
EXPR: 0 | POS | INT | 17 | 18 |  | (2+(7+x))=9 | 2 7 x + + 9 = | 2:nickel 7:nickel x:nickel +:nickel +:nickel 9:nickel =:nickel
EXPR: 0 | POS | INT | 17 | 18 | 4 | ((x-2)+7)=9 | x 2 - 7 + 9 = | x:nickel 2:nickel -:nickel 7:nickel +:nickel 9:nickel =:nickel
EXPR: 0 | POS | INT | 17 | 18 |  | (9-(2+x))=7 | 9 2 x + - 7 = | 9:nickel 2:nickel x:nickel +:nickel -:nickel 7:nickel =:nickel
EXPR: 0 | POS | INT | 17 | 18 | 65 | (x-2)=(7*9) | x 2 - 7 9 * = | x:nickel 2:nickel -:nickel 7:penny 9:nickel *:nickel =:nickel
EXPR: 0 | POS | INT | 17 | 18 | 61 | (x+2)=(7*9) | x 2 + 7 9 * = | x:nickel 2:nickel +:nickel 7:penny 9:nickel *:nickel =:nickel
EXPR: 0 | POS | INT | 17 | 18 |  | (9-(2-x))=7 | 9 2 x - - 7 = | 9:nickel 2:nickel x:nickel -:nickel -:nickel 7:nickel =:nickel
EXPR: 0 | POS | INT | 19 | 18 | 0 | 2=((x+9)-7) | 2 x 9 + 7 - = | 2:nickel x:nickel 9:nickel +:nickel 7:nickel -:nickel =:nickel
EXPR: 0 | POS | INT | 19 | 18 | 4 | 2=(x/(9-7)) | 2 x 9 7 - / = | 2:nickel x:nickel 9:penny 7:penny -:penny /:nickel =:nickel
EXPR: 0 | POS | INT | 19 | 18 | 0 | 2=(x+(9-7)) | 2 x 9 7 - + = | 2:nickel x:nickel 9:nickel 7:nickel -:nickel +:nickel =:nickel
EXPR: 0 | POS | INT | 19 | 18 | 14 | 2=((9-x)+7) | 2 9 x - 7 + = | 2:nickel 9:nickel x:nickel -:nickel 7:nickel +:nickel =:nickel
EXPR: 0 | POS | INT | 19 | 18 | 0 | 2=((9-x)-7) | 2 9 x - 7 - = | 2:nickel 9:nickel x:nickel -:nickel 7:nickel -:nickel =:nickel
EXPR: 0 | POS | INT | 19 | 18 | 1 | 2=(x*(9-7)) | 2 x 9 7 - * = | 2:nickel x:nickel 9:penny 7:penny -:penny *:nickel =:nickel
EXPR: 0 | POS | INT | 19 | 18 | 4 | 2=((x-9)+7) | 2 x 9 - 7 + = | 2:nickel x:nickel 9:nickel -:nickel 7:nickel +:nickel =:nickel
EXPR: 0 | POS | INT | 19 | 18 | 4 | 2=(x-(9-7)) | 2 x 9 7 - - = | 2:nickel x:nickel 9:nickel 7:nickel -:nickel -:nickel =:nickel
EXPR: 0 | POS | INT | 19 | 18 | 0 | 2=(9+(x-7)) | 2 9 x 7 - + = | 2:nickel 9:nickel x:nickel 7:nickel -:nickel +:nickel =:nickel
EXPR: 1 | POS | INT | 19 | 18 | 18 | 2=((x-9)-7) | 2 x 9 - 7 - = | 2:nickel x:nickel 9:nickel -:nickel 7:nickel -:nickel =:nickel
EXPR: 0 | POS | INT | 19 | 18 | 14 | (2+(x-9))=7 | 2 x 9 - + 7 = | 2:nickel x:nickel 9:nickel -:nickel +:nickel 7:nickel =:nickel
EXPR: 0 | POS | INT | 19 | 18 | 14 | 2=(9-(x-7)) | 2 9 x 7 - - = | 2:nickel 9:nickel x:nickel 7:nickel -:nickel -:nickel =:nickel
EXPR: 0 | POS | INT | 19 | 18 |  | (x-(2-9))=7 | x 2 9 - - 7 = | x:nickel 2:nickel 9:nickel -:nickel -:nickel 7:nickel =:nickel
EXPR: 0 | POS | INT | 19 | 18 | 0 | 2=(9-(7+x)) | 2 9 7 x + - = | 2:nickel 9:nickel 7:nickel x:nickel +:nickel -:nickel =:nickel
EXPR: 0 | POS | INT | 19 | 18 | 0 | 2=(9-(7-x)) | 2 9 7 x - - = | 2:nickel 9:nickel 7:nickel x:nickel -:nickel -:nickel =:nickel
EXPR: 0 | POS | INT | 19 | 18 | 0 | 2=(9-(x+7)) | 2 9 x 7 + - = | 2:nickel 9:nickel x:nickel 7:nickel +:nickel -:nickel =:nickel
EXPR: 0 | POS | INT | 19 | 18 | 14 | 2=(9+(7-x)) | 2 9 7 x - + = | 2:nickel 9:nickel 7:nickel x:nickel -:nickel +:nickel =:nickel
EXPR: 0 | POS | INT | 19 | 18 | 0 | 2=((9-7)+x) | 2 9 7 - x + = | 2:nickel 9:nickel 7:nickel -:nickel x:nickel +:nickel =:nickel
EXPR: 0 | POS | INT | 19 | 18 | 0 | 2=((9-7)-x) | 2 9 7 - x - = | 2:nickel 9:nickel 7:nickel -:nickel x:nickel -:nickel =:nickel
EXPR: 0 | POS | INT | 19 | 18 | 14 | (x+(2-9))=7 | x 2 9 - + 7 = | x:nickel 2:nickel 9:nickel -:nickel +:nickel 7:nickel =:nickel
EXPR: 0 | POS | INT | 19 | 18 | 0 | 2=((9+x)-7) | 2 9 x + 7 - = | 2:nickel 9:nickel x:nickel +:nickel 7:nickel -:nickel =:nickel
EXPR: 0 | POS | INT | 19 | 18 | 4 | (2+(9-x))=7 | 2 9 x - + 7 = | 2:nickel 9:nickel x:nickel -:nickel +:nickel 7:nickel =:nickel
EXPR: 0 | POS | INT | 19 | 18 | 14 | ((x+2)-9)=7 | x 2 + 9 - 7 = | x:nickel 2:nickel +:nickel 9:nickel -:nickel 7:nickel =:nickel
EXPR: 0 | POS | INT | 19 | 18 | 4 | (2-(x-9))=7 | 2 x 9 - - 7 = | 2:nickel x:nickel 9:nickel -:nickel -:nickel 7:nickel =:nickel
EXPR: 0 | POS | INT | 19 | 18 | 1 | 2=((9-7)*x) | 2 9 7 - x * = | 2:nickel 9:penny 7:penny -:penny x:nickel *:nickel =:nickel
EXPR: 0 | POS | INT | 19 | 18 | 14 | ((2-9)+x)=7 | 2 9 - x + 7 = | 2:nickel 9:nickel -:nickel x:nickel +:nickel 7:nickel =:nickel
EXPR: 1 | POS | INT | 19 | 18 | 18 | ((x-2)-9)=7 | x 2 - 9 - 7 = | x:nickel 2:nickel -:nickel 9:nickel -:nickel 7:nickel =:nickel
EXPR: 0 | POS | INT | 19 | 18 |  | ((x-2)+9)=7 | x 2 - 9 + 7 = | x:nickel 2:nickel -:nickel 9:nickel +:nickel 7:nickel =:nickel
EXPR: 0 | POS | INT | 19 | 18 | 4 | ((2-x)+9)=7 | 2 x - 9 + 7 = | 2:nickel x:nickel -:nickel 9:nickel +:nickel 7:nickel =:nickel
EXPR: 0 | POS | INT | 19 | 18 | 14 | ((2+x)-9)=7 | 2 x + 9 - 7 = | 2:nickel x:nickel +:nickel 9:nickel -:nickel 7:nickel =:nickel
EXPR: 0 | POS | INT | 19 | 18 | 14 | (2-(9-x))=7 | 2 9 x - - 7 = | 2:nickel 9:nickel x:nickel -:nickel -:nickel 7:nickel =:nickel
EXPR: 0 | POS | INT | 20 | 18 | 25 | x=(7+(9*2)) | x 7 9 2 * + = | x:nickel 7:nickel 9:penny 2:nickel *:nickel +:nickel =:nickel
EXPR: 0 | POS | INT | 20 | 18 | 25 | (7+(9*2))=x | 7 9 2 * + x = | 7:penny 9:nickel 2:penny *:penny +:penny x:penny =:penny
EXPR: 0 | POS | INT | 20 | 18 | 8 | ((7+9)/2)=x | 7 9 + 2 / x = | 7:penny 9:penny +:penny 2:nickel /:penny x:penny =:penny
NET 385 unique, non-negative, integer-valued solutions found out of 1000 total solutions
