parameters: n=7 l=3 k=1 p=5 q=2 m=9
TOTAL 1000 solutions found
SOLN: CORRECT | POS/NEG | INT/FRA | OBJ-SCORE | TRUE-ANS | ANS | INFIX | POSTFIX | TYPED-POSTFIX
EXPR: 0 | POS | INT | 0 | 48 | 2352 | ((15+33)*49)=x | 15 33 + 49 * x = | 15:dime 33:dime +:dime 49:nickel *:dime x:dime =:dime
EXPR: 0 | POS | INT | 0 | 48 | 1632 | (15+(33*49))=x | 15 33 49 * + x = | 15:dime 33:dime 49:nickel *:dime +:dime x:dime =:dime
EXPR: 0 | POS | INT | 0 | 48 | 2352 | x=((15+33)*49) | x 15 33 + 49 * = | x:dime 15:dime 33:dime +:dime 49:nickel *:dime =:dime
EXPR: 0 | POS | INT | 0 | 48 | 1632 | x=(15+(33*49)) | x 15 33 49 * + = | x:dime 15:dime 33:dime 49:nickel *:dime +:dime =:dime
EXPR: 0 | POS | INT | 2 | 48 | 768 | ((15*49)+33)=x | 15 49 * 33 + x = | 15:dime 49:nickel *:dime 33:dime +:dime x:dime =:dime
EXPR: 0 | POS | INT | 2 | 48 | 768 | x=((15*49)+33) | x 15 49 * 33 + = | x:dime 15:dime 49:nickel *:dime 33:dime +:dime =:dime
EXPR: 0 | POS | INT | 2 | 48 | 1602 | 15=((33*49)-x) | 15 33 49 * x - = | 15:dime 33:dime 49:nickel *:dime x:dime -:dime =:dime
EXPR: 0 | POS | INT | 2 | 48 | 702 | x=((15*49)-33) | x 15 49 * 33 - = | x:dime 15:dime 49:nickel *:dime 33:dime -:dime =:dime
EXPR: 0 | POS | INT | 2 | 48 | 768 | x=(33+(15*49)) | x 33 15 49 * + = | x:dime 33:dime 15:dime 49:nickel *:dime +:dime =:dime
EXPR: 0 | POS | INT | 2 | 48 | 702 | 15=((33+x)/49) | 15 33 x + 49 / = | 15:dime 33:dime x:dime +:dime 49:nickel /:dime =:dime
EXPR: 0 | POS | INT | 2 | 48 | 702 | ((15*49)-33)=x | 15 49 * 33 - x = | 15:dime 49:nickel *:dime 33:dime -:dime x:dime =:dime
EXPR: 0 | POS | INT | 2 | 48 | 882 | x=((33-15)*49) | x 33 15 - 49 * = | x:dime 33:dime 15:dime -:dime 49:nickel *:dime =:dime
EXPR: 0 | POS | INT | 2 | 48 | 1632 | 15=(x-(33*49)) | 15 x 33 49 * - = | 15:dime x:dime 33:dime 49:nickel *:dime -:dime =:dime
EXPR: 0 | POS | INT | 2 | 48 | 702 | 15=((x+33)/49) | 15 x 33 + 49 / = | 15:dime x:dime 33:dime +:dime 49:nickel /:dime =:dime
EXPR: 0 | POS | INT | 2 | 48 | 882 | 15=(33-(x/49)) | 15 33 x 49 / - = | 15:dime 33:dime x:dime 49:nickel /:dime -:dime =:dime
EXPR: 0 | POS | INT | 2 | 48 | 768 | 15=((x-33)/49) | 15 x 33 - 49 / = | 15:dime x:dime 33:dime -:dime 49:nickel /:dime =:dime
EXPR: 0 | POS | INT | 2 | 48 | 768 | (33+(15*49))=x | 33 15 49 * + x = | 33:dime 15:dime 49:nickel *:dime +:dime x:dime =:dime
EXPR: 0 | POS | INT | 2 | 48 | 882 | ((33-15)*49)=x | 33 15 - 49 * x = | 33:dime 15:dime -:dime 49:nickel *:dime x:dime =:dime
EXPR: 0 | POS | INT | 4 | 48 | 702 | ((15*49)-x)=33 | 15 49 * x - 33 = | 15:dime 49:nickel *:dime x:dime -:dime 33:dime =:dime
EXPR: 0 | POS | INT | 4 | 48 | 768 | (x-(15*49))=33 | x 15 49 * - 33 = | x:dime 15:dime 49:nickel *:dime -:dime 33:dime =:dime
EXPR: 0 | POS | INT | 4 | 48 | 882 | (15+(x/49))=33 | 15 x 49 / + 33 = | 15:dime x:dime 49:nickel /:dime +:dime 33:dime =:dime
EXPR: 0 | POS | INT | 4 | 48 | 768 | 33=(x-(15*49)) | 33 x 15 49 * - = | 33:dime x:dime 15:dime 49:nickel *:dime -:dime =:dime
EXPR: 0 | POS | INT | 4 | 48 | 2352 | 15=((x/49)-33) | 15 x 49 / 33 - = | 15:dime x:dime 49:nickel /:dime 33:dime -:dime =:dime
EXPR: 0 | POS | INT | 4 | 48 | 882 | 33=(15+(x/49)) | 33 15 x 49 / + = | 33:dime 15:dime x:dime 49:nickel /:dime +:dime =:dime
EXPR: 0 | POS | INT | 4 | 48 | 1602 | ((15+x)/49)=33 | 15 x + 49 / 33 = | 15:dime x:dime +:dime 49:nickel /:dime 33:dime =:dime
EXPR: 0 | POS | INT | 4 | 48 | 1602 | 33=((x+15)/49) | 33 x 15 + 49 / = | 33:dime x:dime 15:dime +:dime 49:nickel /:dime =:dime
EXPR: 0 | POS | INT | 4 | 48 | 1632 | 33=((x-15)/49) | 33 x 15 - 49 / = | 33:dime x:dime 15:dime -:dime 49:nickel /:dime =:dime
EXPR: 0 | POS | INT | 4 | 48 | 1602 | 33=((15+x)/49) | 33 15 x + 49 / = | 33:dime 15:dime x:dime +:dime 49:nickel /:dime =:dime
EXPR: 0 | POS | INT | 4 | 48 | 702 | 33=((15*49)-x) | 33 15 49 * x - = | 33:dime 15:dime 49:nickel *:dime x:dime -:dime =:dime
EXPR: 0 | POS | INT | 4 | 48 | 1602 | ((x+15)/49)=33 | x 15 + 49 / 33 = | x:dime 15:dime +:dime 49:nickel /:dime 33:dime =:dime
EXPR: 0 | POS | INT | 4 | 48 | 1632 | ((x-15)/49)=33 | x 15 - 49 / 33 = | x:dime 15:dime -:dime 49:nickel /:dime 33:dime =:dime
EXPR: 0 | POS | INT | 5 | 48 | 1602 | x=((33*49)-15) | x 33 49 * 15 - = | x:dime 33:dime 49:nickel *:dime 15:dime -:dime =:dime
EXPR: 0 | POS | INT | 5 | 48 | 1632 | x=((33*49)+15) | x 33 49 * 15 + = | x:dime 33:dime 49:nickel *:dime 15:dime +:dime =:dime
EXPR: 0 | POS | INT | 5 | 48 | 2352 | x=(49*(15+33)) | x 49 15 33 + * = | x:dime 49:nickel 15:dime 33:dime +:dime *:dime =:dime
EXPR: 0 | POS | INT | 5 | 48 | 2352 | (49*(15+33))=x | 49 15 33 + * x = | 49:nickel 15:dime 33:dime +:dime *:dime x:dime =:dime
EXPR: 0 | POS | INT | 5 | 48 | 1632 | ((33*49)+15)=x | 33 49 * 15 + x = | 33:dime 49:nickel *:dime 15:dime +:dime x:dime =:dime
EXPR: 0 | POS | INT | 5 | 48 | 1602 | ((33*49)-15)=x | 33 49 * 15 - x = | 33:dime 49:nickel *:dime 15:dime -:dime x:dime =:dime
EXPR: 0 | POS | INT | 7 | 48 | 702 | ((33+x)/49)=15 | 33 x + 49 / 15 = | 33:dime x:dime +:dime 49:nickel /:dime 15:dime =:dime
EXPR: 0 | POS | INT | 7 | 48 | 1602 | ((33*49)-x)=15 | 33 49 * x - 15 = | 33:dime 49:nickel *:dime x:dime -:dime 15:dime =:dime
EXPR: 0 | POS | INT | 7 | 48 | 768 | ((x-33)/49)=15 | x 33 - 49 / 15 = | x:dime 33:dime -:dime 49:nickel /:dime 15:dime =:dime
EXPR: 0 | POS | INT | 7 | 48 | 882 | x=(49*(33-15)) | x 49 33 15 - * = | x:dime 49:nickel 33:dime 15:dime -:dime *:dime =:dime
EXPR: 0 | POS | INT | 7 | 48 | 1632 | (x-(33*49))=15 | x 33 49 * - 15 = | x:dime 33:dime 49:nickel *:dime -:dime 15:dime =:dime
EXPR: 0 | POS | INT | 7 | 48 | 882 | 33=((x/49)+15) | 33 x 49 / 15 + = | 33:dime x:dime 49:nickel /:dime 15:dime +:dime =:dime
EXPR: 0 | POS | INT | 7 | 48 | 882 | (33-(x/49))=15 | 33 x 49 / - 15 = | 33:dime x:dime 49:nickel /:dime -:dime 15:dime =:dime
EXPR: 0 | POS | INT | 7 | 48 | 882 | (49*(33-15))=x | 49 33 15 - * x = | 49:nickel 33:dime 15:dime -:dime *:dime x:dime =:dime
EXPR: 0 | POS | INT | 7 | 48 | 702 | ((x+33)/49)=15 | x 33 + 49 / 15 = | x:dime 33:dime +:dime 49:nickel /:dime 15:dime =:dime
EXPR: 0 | POS | INT | 7 | 48 | 2352 | 33=((x/49)-15) | 33 x 49 / 15 - = | 33:dime x:dime 49:nickel /:dime 15:dime -:dime =:dime
EXPR: 0 | POS | INT | 7 | 48 | 2352 | ((x/49)-15)=33 | x 49 / 15 - 33 = | x:dime 49:nickel /:dime 15:dime -:dime 33:dime =:dime
EXPR: 0 | POS | INT | 7 | 48 | 882 | ((x/49)+15)=33 | x 49 / 15 + 33 = | x:dime 49:nickel /:dime 15:dime +:dime 33:dime =:dime
EXPR: 0 | POS | INT | 9 | 48 | 2352 | ((x/49)-33)=15 | x 49 / 33 - 15 = | x:dime 49:nickel /:dime 33:dime -:dime 15:dime =:dime
EXPR: 0 | POS | INT | 10 | 48 | 97 | ((15+33)+49)=x | 15 33 + 49 + x = | 15:dime 33:dime +:dime 49:dime +:dime x:dime =:dime
EXPR: 0 | POS | INT | 10 | 48 | 31 | ((15-33)+49)=x | 15 33 - 49 + x = | 15:dime 33:dime -:dime 49:dime +:dime x:dime =:dime
EXPR: 0 | POS | INT | 10 | 48 | 31 | (15-(33-49))=x | 15 33 49 - - x = | 15:dime 33:dime 49:dime -:dime -:dime x:dime =:dime
EXPR: 0 | POS | INT | 10 | 48 | 1230 | x=(15*(33+49)) | x 15 33 49 + * = | x:dime 15:dime 33:nickel 49:nickel +:nickel *:dime =:dime
EXPR: 0 | POS | INT | 10 | 48 | 31 | x=((15-33)+49) | x 15 33 - 49 + = | x:dime 15:dime 33:dime -:dime 49:dime +:dime =:dime
EXPR: 0 | POS | INT | 10 | 48 | 1230 | (15*(33+49))=x | 15 33 49 + * x = | 15:dime 33:nickel 49:nickel +:nickel *:dime x:dime =:dime
EXPR: 0 | POS | INT | 10 | 48 | 97 | x=((15+33)+49) | x 15 33 + 49 + = | x:dime 15:dime 33:dime +:dime 49:dime +:dime =:dime
EXPR: 0 | POS | INT | 10 | 48 | 31 | x=(15-(33-49)) | x 15 33 49 - - = | x:dime 15:dime 33:dime 49:dime -:dime -:dime =:dime
EXPR: 0 | POS | INT | 10 | 48 | 97 | x=(15+(33+49)) | x 15 33 49 + + = | x:dime 15:dime 33:dime 49:dime +:dime +:dime =:dime
EXPR: 0 | POS | INT | 10 | 48 | 97 | (15+(33+49))=x | 15 33 49 + + x = | 15:dime 33:dime 49:dime +:dime +:dime x:dime =:dime
EXPR: 0 | POS | INT | 12 | 48 | 240 | (15*(49-33))=x | 15 49 33 - * x = | 15:dime 49:nickel 33:nickel -:nickel *:dime x:dime =:dime
EXPR: 0 | POS | INT | 12 | 48 | 67 | ((15+x)-33)=49 | 15 x + 33 - 49 = | 15:dime x:dime +:dime 33:dime -:dime 49:dime =:dime
EXPR: 0 | POS | INT | 12 | 48 | 31 | ((15+49)-33)=x | 15 49 + 33 - x = | 15:dime 49:dime +:dime 33:dime -:dime x:dime =:dime
EXPR: 0 | POS | INT | 12 | 48 | 31 | x=((15+49)-33) | x 15 49 + 33 - = | x:dime 15:dime 49:dime +:dime 33:dime -:dime =:dime
EXPR: 0 | POS | INT | 12 | 48 | 1 | (15+(x+33))=49 | 15 x 33 + + 49 = | 15:dime x:dime 33:dime +:dime +:dime 49:dime =:dime
EXPR: 0 | POS | INT | 12 | 48 | 2112 | x=(33*(15+49)) | x 33 15 49 + * = | x:dime 33:dime 15:nickel 49:nickel +:nickel *:dime =:dime
EXPR: 0 | POS | INT | 12 | 48 | 67 | (x+(15-33))=49 | x 15 33 - + 49 = | x:dime 15:dime 33:dime -:dime +:dime 49:dime =:dime
EXPR: 0 | POS | INT | 12 | 48 | 240 | x=(15*(49-33)) | x 15 49 33 - * = | x:dime 15:dime 49:nickel 33:nickel -:nickel *:dime =:dime
EXPR: 0 | POS | INT | 12 | 48 | 2112 | ((15+49)*33)=x | 15 49 + 33 * x = | 15:nickel 49:nickel +:nickel 33:dime *:dime x:dime =:dime
EXPR: 0 | POS | INT | 12 | 48 | 97 | ((15+49)+33)=x | 15 49 + 33 + x = | 15:dime 49:dime +:dime 33:dime +:dime x:dime =:dime
EXPR: 0 | POS | INT | 12 | 48 | 1 | (x+(15+33))=49 | x 15 33 + + 49 = | x:dime 15:dime 33:dime +:dime +:dime 49:dime =:dime
EXPR: 0 | POS | INT | 12 | 48 | 97 | (x-(15+33))=49 | x 15 33 + - 49 = | x:dime 15:dime 33:dime +:dime -:dime 49:dime =:dime
EXPR: 0 | POS | INT | 12 | 48 | 67 | (15-(33-x))=49 | 15 33 x - - 49 = | 15:dime 33:dime x:dime -:dime -:dime 49:dime =:dime
EXPR: 0 | POS | INT | 12 | 48 | 2352 | (15+33)=(x/49) | 15 33 + x 49 / = | 15:dime 33:dime +:dime x:dime 49:nickel /:dime =:dime
EXPR: 0 | POS | INT | 12 | 48 | 31 | (x-(15-33))=49 | x 15 33 - - 49 = | x:dime 15:dime 33:dime -:dime -:dime 49:dime =:dime
EXPR: 0 | POS | INT | 12 | 48 | 1 | ((x+15)+33)=49 | x 15 + 33 + 49 = | x:dime 15:dime +:dime 33:dime +:dime 49:dime =:dime
EXPR: 0 | POS | INT | 12 | 48 | 1230 | 15=(x/(33+49)) | 15 x 33 49 + / = | 15:dime x:dime 33:nickel 49:nickel +:nickel /:dime =:dime
EXPR: 0 | POS | INT | 12 | 48 | 31 | 15=((33-49)+x) | 15 33 49 - x + = | 15:dime 33:dime 49:dime -:dime x:dime +:dime =:dime
EXPR: 0 | POS | INT | 12 | 48 | 67 | (33-(15-49))=x | 33 15 49 - - x = | 33:dime 15:dime 49:dime -:dime -:dime x:dime =:dime
EXPR: 0 | POS | INT | 12 | 48 | 67 | 15=((33-x)+49) | 15 33 x - 49 + = | 15:dime 33:dime x:dime -:dime 49:dime +:dime =:dime
EXPR: 0 | POS | INT | 12 | 48 | 31 | 15=(x+(33-49)) | 15 x 33 49 - + = | 15:dime x:dime 33:dime 49:dime -:dime +:dime =:dime
EXPR: 0 | POS | INT | 12 | 48 | 1 | ((15+x)+33)=49 | 15 x + 33 + 49 = | 15:dime x:dime +:dime 33:dime +:dime 49:dime =:dime
EXPR: 0 | POS | INT | 12 | 48 | 97 | 15=(x-(33+49)) | 15 x 33 49 + - = | 15:dime x:dime 33:dime 49:dime +:dime -:dime =:dime
EXPR: 0 | POS | INT | 12 | 48 | 67 | ((x+15)-33)=49 | x 15 + 33 - 49 = | x:dime 15:dime +:dime 33:dime -:dime 49:dime =:dime
EXPR: 0 | POS | INT | 12 | 48 | 67 | 15=((33+49)-x) | 15 33 49 + x - = | 15:dime 33:dime 49:dime +:dime x:dime -:dime =:dime
EXPR: 0 | POS | INT | 12 | 48 | 1 | ((15+33)+x)=49 | 15 33 + x + 49 = | 15:dime 33:dime +:dime x:dime +:dime 49:dime =:dime
EXPR: 0 | POS | INT | 12 | 48 | 31 | 15=(33-(49-x)) | 15 33 49 x - - = | 15:dime 33:dime 49:dime x:dime -:dime -:dime =:dime
EXPR: 0 | POS | INT | 12 | 48 | 2352 | (x/(15+33))=49 | x 15 33 + / 49 = | x:nickel 15:dime 33:dime +:dime /:nickel 49:nickel =:nickel
EXPR: 0 | POS | INT | 12 | 48 | 67 | 15=(33-(x-49)) | 15 33 x 49 - - = | 15:dime 33:dime x:dime 49:dime -:dime -:dime =:dime
EXPR: 0 | POS | INT | 12 | 48 | 2112 | x=((15+49)*33) | x 15 49 + 33 * = | x:dime 15:nickel 49:nickel +:nickel 33:dime *:dime =:dime
EXPR: 0 | POS | INT | 12 | 48 | 67 | 15=(33+(49-x)) | 15 33 49 x - + = | 15:dime 33:dime 49:dime x:dime -:dime +:dime =:dime
EXPR: 0 | POS | INT | 12 | 48 | 31 | 15=(33+(x-49)) | 15 33 x 49 - + = | 15:dime 33:dime x:dime 49:dime -:dime +:dime =:dime
EXPR: 0 | POS | INT | 12 | 48 | 67 | (15+(x-33))=49 | 15 x 33 - + 49 = | 15:dime x:dime 33:dime -:dime +:dime 49:dime =:dime
EXPR: 0 | POS | INT | 12 | 48 | 31 | (15+(49-33))=x | 15 49 33 - + x = | 15:dime 49:dime 33:dime -:dime +:dime x:dime =:dime
EXPR: 0 | POS | INT | 12 | 48 | 31 | 15=((x+33)-49) | 15 x 33 + 49 - = | 15:dime x:dime 33:dime +:dime 49:dime -:dime =:dime
EXPR: 0 | POS | INT | 12 | 48 | 97 | 15=((x-33)-49) | 15 x 33 - 49 - = | 15:dime x:dime 33:dime -:dime 49:dime -:dime =:dime
EXPR: 0 | POS | INT | 12 | 48 | 67 | x=((33-15)+49) | x 33 15 - 49 + = | x:dime 33:dime 15:dime -:dime 49:dime +:dime =:dime
EXPR: 0 | POS | INT | 12 | 48 | 1602 | (15+x)=(33*49) | 15 x + 33 49 * = | 15:dime x:dime +:dime 33:dime 49:nickel *:dime =:dime
EXPR: 0 | POS | INT | 12 | 48 | 31 | 15=((33+x)-49) | 15 33 x + 49 - = | 15:dime 33:dime x:dime +:dime 49:dime -:dime =:dime
EXPR: 0 | POS | INT | 12 | 48 | 97 | x=((15+49)+33) | x 15 49 + 33 + = | x:dime 15:dime 49:dime +:dime 33:dime +:dime =:dime
EXPR: 0 | POS | INT | 12 | 48 | 2112 | (33*(15+49))=x | 33 15 49 + * x = | 33:dime 15:nickel 49:nickel +:nickel *:dime x:dime =:dime
EXPR: 0 | POS | INT | 12 | 48 | 67 | ((33-15)+49)=x | 33 15 - 49 + x = | 33:dime 15:dime -:dime 49:dime +:dime x:dime =:dime
EXPR: 0 | POS | INT | 12 | 48 | 31 | ((x-15)+33)=49 | x 15 - 33 + 49 = | x:dime 15:dime -:dime 33:dime +:dime 49:dime =:dime
EXPR: 0 | POS | INT | 12 | 48 | 1602 | (x+15)=(33*49) | x 15 + 33 49 * = | x:dime 15:dime +:dime 33:dime 49:nickel *:dime =:dime
EXPR: 0 | POS | INT | 12 | 48 | 31 | x=(15+(49-33)) | x 15 49 33 - + = | x:dime 15:dime 49:dime 33:dime -:dime +:dime =:dime
EXPR: 0 | POS | INT | 12 | 48 | 67 | x=(33-(15-49)) | x 33 15 49 - - = | x:dime 33:dime 15:dime 49:dime -:dime -:dime =:dime
EXPR: 0 | POS | INT | 12 | 48 | 1632 | (x-15)=(33*49) | x 15 - 33 49 * = | x:dime 15:dime -:dime 33:dime 49:nickel *:dime =:dime
EXPR: 0 | POS | INT | 12 | 48 | 97 | (33+(15+49))=x | 33 15 49 + + x = | 33:dime 15:dime 49:dime +:dime +:dime x:dime =:dime
EXPR: 0 | POS | INT | 12 | 48 | 1 | (15+(33+x))=49 | 15 33 x + + 49 = | 15:dime 33:dime x:dime +:dime +:dime 49:dime =:dime
EXPR: 0 | POS | INT | 12 | 48 | 97 | ((x-15)-33)=49 | x 15 - 33 - 49 = | x:dime 15:dime -:dime 33:dime -:dime 49:dime =:dime
EXPR: 0 | POS | INT | 12 | 48 | 97 | x=(33+(15+49)) | x 33 15 49 + + = | x:dime 33:dime 15:dime 49:dime +:dime +:dime =:dime
EXPR: 0 | POS | INT | 12 | 48 | 67 | ((15-33)+x)=49 | 15 33 - x + 49 = | 15:dime 33:dime -:dime x:dime +:dime 49:dime =:dime
EXPR: 0 | POS | INT | 14 | 48 | 31 | ((15-x)+49)=33 | 15 x - 49 + 33 = | 15:dime x:dime -:dime 49:dime +:dime 33:dime =:dime
EXPR: 0 | POS | INT | 14 | 48 | 97 | (x-(15+49))=33 | x 15 49 + - 33 = | x:dime 15:dime 49:dime +:dime -:dime 33:dime =:dime
EXPR: 0 | POS | INT | 14 | 48 | 1 | (33+(x+15))=49 | 33 x 15 + + 49 = | 33:dime x:dime 15:dime +:dime +:dime 49:dime =:dime
EXPR: 0 | POS | INT | 14 | 48 | 31 | ((33+x)-15)=49 | 33 x + 15 - 49 = | 33:dime x:dime +:dime 15:dime -:dime 49:dime =:dime
EXPR: 0 | POS | INT | 14 | 48 | 67 | (x+(15-49))=33 | x 15 49 - + 33 = | x:dime 15:dime 49:dime -:dime +:dime 33:dime =:dime
EXPR: 0 | POS | INT | 14 | 48 | 31 | (33-(15-x))=49 | 33 15 x - - 49 = | 33:dime 15:dime x:dime -:dime -:dime 49:dime =:dime
EXPR: 0 | POS | INT | 14 | 48 | 1 | ((x+33)+15)=49 | x 33 + 15 + 49 = | x:dime 33:dime +:dime 15:dime +:dime 49:dime =:dime
EXPR: 0 | POS | INT | 14 | 48 | 1 | ((33+x)+15)=49 | 33 x + 15 + 49 = | 33:dime x:dime +:dime 15:dime +:dime 49:dime =:dime
EXPR: 0 | POS | INT | 14 | 48 | 2112 | (x/(15+49))=33 | x 15 49 + / 33 = | x:dime 15:nickel 49:nickel +:nickel /:dime 33:dime =:dime
EXPR: 0 | POS | INT | 14 | 48 | 31 | ((15+49)-x)=33 | 15 49 + x - 33 = | 15:dime 49:dime +:dime x:dime -:dime 33:dime =:dime
EXPR: 0 | POS | INT | 14 | 48 | 67 | 33=((15-49)+x) | 33 15 49 - x + = | 33:dime 15:dime 49:dime -:dime x:dime +:dime =:dime
EXPR: 0 | POS | INT | 14 | 48 | 67 | (x-(33-15))=49 | x 33 15 - - 49 = | x:dime 33:dime 15:dime -:dime -:dime 49:dime =:dime
EXPR: 0 | POS | INT | 14 | 48 | 97 | 15=((x-49)-33) | 15 x 49 - 33 - = | 15:dime x:dime 49:dime -:dime 33:dime -:dime =:dime
EXPR: 0 | POS | INT | 14 | 48 | 1 | 15=((49-x)-33) | 15 49 x - 33 - = | 15:dime 49:dime x:dime -:dime 33:dime -:dime =:dime
EXPR: 0 | POS | INT | 14 | 48 | 97 | 33=(x-(15+49)) | 33 x 15 49 + - = | 33:dime x:dime 15:dime 49:dime +:dime -:dime =:dime
EXPR: 0 | POS | INT | 14 | 48 | 31 | 15=((x-49)+33) | 15 x 49 - 33 + = | 15:dime x:dime 49:dime -:dime 33:dime +:dime =:dime
EXPR: 0 | POS | INT | 14 | 48 | 1 | 15=(49-(x+33)) | 15 49 x 33 + - = | 15:dime 49:dime x:dime 33:dime +:dime -:dime =:dime
EXPR: 0 | POS | INT | 14 | 48 | 67 | 15=(49-(x-33)) | 15 49 x 33 - - = | 15:dime 49:dime x:dime 33:dime -:dime -:dime =:dime
EXPR: 0 | POS | INT | 14 | 48 | 240 | 15=(x/(49-33)) | 15 x 49 33 - / = | 15:dime x:dime 49:nickel 33:nickel -:nickel /:dime =:dime
EXPR: 0 | POS | INT | 14 | 48 | 67 | 33=(x+(15-49)) | 33 x 15 49 - + = | 33:dime x:dime 15:dime 49:dime -:dime +:dime =:dime
EXPR: 0 | POS | INT | 14 | 48 | 31 | (15-(x-49))=33 | 15 x 49 - - 33 = | 15:dime x:dime 49:dime -:dime -:dime 33:dime =:dime
EXPR: 0 | POS | INT | 14 | 48 | 1 | 15=(49-(33+x)) | 15 49 33 x + - = | 15:dime 49:dime 33:dime x:dime +:dime -:dime =:dime
EXPR: 0 | POS | INT | 14 | 48 | 2112 | 33=(x/(15+49)) | 33 x 15 49 + / = | 33:dime x:dime 15:nickel 49:nickel +:nickel /:dime =:dime
EXPR: 0 | POS | INT | 14 | 48 | 31 | 33=((15-x)+49) | 33 15 x - 49 + = | 33:dime 15:dime x:dime -:dime 49:dime +:dime =:dime
EXPR: 0 | POS | INT | 14 | 48 | 31 | ((x+33)-15)=49 | x 33 + 15 - 49 = | x:dime 33:dime +:dime 15:dime -:dime 49:dime =:dime
EXPR: 0 | POS | INT | 14 | 48 | 67 | 15=(49+(33-x)) | 15 49 33 x - + = | 15:dime 49:dime 33:dime x:dime -:dime +:dime =:dime
EXPR: 0 | POS | INT | 14 | 48 | 67 | 33=(15+(x-49)) | 33 15 x 49 - + = | 33:dime 15:dime x:dime 49:dime -:dime +:dime =:dime
EXPR: 0 | POS | INT | 14 | 48 | 31 | 33=(15+(49-x)) | 33 15 49 x - + = | 33:dime 15:dime 49:dime x:dime -:dime +:dime =:dime
EXPR: 0 | POS | INT | 14 | 48 | 67 | 33=(15-(49-x)) | 33 15 49 x - - = | 33:dime 15:dime 49:dime x:dime -:dime -:dime =:dime
EXPR: 0 | POS | INT | 14 | 48 | 882 | (x/(33-15))=49 | x 33 15 - / 49 = | x:nickel 33:dime 15:dime -:dime /:nickel 49:nickel =:nickel
EXPR: 0 | POS | INT | 14 | 48 | 67 | 15=((49-x)+33) | 15 49 x - 33 + = | 15:dime 49:dime x:dime -:dime 33:dime +:dime =:dime
EXPR: 0 | POS | INT | 14 | 48 | 31 | (15+(49-x))=33 | 15 49 x - + 33 = | 15:dime 49:dime x:dime -:dime +:dime 33:dime =:dime
EXPR: 0 | POS | INT | 14 | 48 | 31 | (33+(x-15))=49 | 33 x 15 - + 49 = | 33:dime x:dime 15:dime -:dime +:dime 49:dime =:dime
EXPR: 0 | POS | INT | 14 | 48 | 67 | (15-(49-x))=33 | 15 49 x - - 33 = | 15:dime 49:dime x:dime -:dime -:dime 33:dime =:dime
EXPR: 0 | POS | INT | 14 | 48 | 1 | 15=((49-33)-x) | 15 49 33 - x - = | 15:dime 49:dime 33:dime -:dime x:dime -:dime =:dime
EXPR: 0 | POS | INT | 14 | 48 | 31 | 33=(15-(x-49)) | 33 15 x 49 - - = | 33:dime 15:dime x:dime 49:dime -:dime -:dime =:dime
EXPR: 0 | POS | INT | 14 | 48 | 67 | 33=((x+15)-49) | 33 x 15 + 49 - = | 33:dime x:dime 15:dime +:dime 49:dime -:dime =:dime
EXPR: 0 | POS | INT | 14 | 48 | 67 | ((15+x)-49)=33 | 15 x + 49 - 33 = | 15:dime x:dime +:dime 49:dime -:dime 33:dime =:dime
EXPR: 0 | POS | INT | 14 | 48 | 67 | ((x+15)-49)=33 | x 15 + 49 - 33 = | x:dime 15:dime +:dime 49:dime -:dime 33:dime =:dime
EXPR: 0 | POS | INT | 14 | 48 | 67 | (15+(x-49))=33 | 15 x 49 - + 33 = | 15:dime x:dime 49:dime -:dime +:dime 33:dime =:dime
EXPR: 0 | POS | INT | 14 | 48 | 882 | (33-15)=(x/49) | 33 15 - x 49 / = | 33:dime 15:dime -:dime x:dime 49:nickel /:dime =:dime
EXPR: 0 | POS | INT | 14 | 48 | 97 | 33=((x-15)-49) | 33 x 15 - 49 - = | 33:dime x:dime 15:dime -:dime 49:dime -:dime =:dime
EXPR: 0 | POS | INT | 14 | 48 | 31 | 15=(x-(49-33)) | 15 x 49 33 - - = | 15:dime x:dime 49:dime 33:dime -:dime -:dime =:dime
EXPR: 0 | POS | INT | 14 | 48 | 31 | ((33-15)+x)=49 | 33 15 - x + 49 = | 33:dime 15:dime -:dime x:dime +:dime 49:dime =:dime
EXPR: 0 | POS | INT | 14 | 48 | 67 | 33=((15+x)-49) | 33 15 x + 49 - = | 33:dime 15:dime x:dime +:dime 49:dime -:dime =:dime
EXPR: 0 | POS | INT | 14 | 48 | 702 | (33+x)=(15*49) | 33 x + 15 49 * = | 33:dime x:dime +:dime 15:dime 49:nickel *:dime =:dime
EXPR: 0 | POS | INT | 14 | 48 | 31 | 33=((15+49)-x) | 33 15 49 + x - = | 33:dime 15:dime 49:dime +:dime x:dime -:dime =:dime
EXPR: 0 | POS | INT | 14 | 48 | 768 | (15*49)=(x-33) | 15 49 * x 33 - = | 15:dime 49:nickel *:dime x:dime 33:dime -:dime =:dime
EXPR: 0 | POS | INT | 14 | 48 | 67 | ((x-33)+15)=49 | x 33 - 15 + 49 = | x:dime 33:dime -:dime 15:dime +:dime 49:dime =:dime
EXPR: 0 | POS | INT | 14 | 48 | 97 | ((x-33)-15)=49 | x 33 - 15 - 49 = | x:dime 33:dime -:dime 15:dime -:dime 49:dime =:dime
EXPR: 0 | POS | INT | 14 | 48 | 1 | (33+(15+x))=49 | 33 15 x + + 49 = | 33:dime 15:dime x:dime +:dime +:dime 49:dime =:dime
EXPR: 0 | POS | INT | 14 | 48 | 702 | (15*49)=(x+33) | 15 49 * x 33 + = | 15:dime 49:nickel *:dime x:dime 33:dime +:dime =:dime
EXPR: 0 | POS | INT | 14 | 48 | 702 | (x+33)=(15*49) | x 33 + 15 49 * = | x:dime 33:dime +:dime 15:dime 49:nickel *:dime =:dime
EXPR: 0 | POS | INT | 14 | 48 | 31 | (x+(33-15))=49 | x 33 15 - + 49 = | x:dime 33:dime 15:dime -:dime +:dime 49:dime =:dime
EXPR: 0 | POS | INT | 14 | 48 | 97 | ((x-15)-49)=33 | x 15 - 49 - 33 = | x:dime 15:dime -:dime 49:dime -:dime 33:dime =:dime
EXPR: 0 | POS | INT | 14 | 48 | 702 | (15*49)=(33+x) | 15 49 * 33 x + = | 15:dime 49:nickel *:dime 33:dime x:dime +:dime =:dime
EXPR: 0 | POS | INT | 14 | 48 | 67 | ((15-49)+x)=33 | 15 49 - x + 33 = | 15:dime 49:dime -:dime x:dime +:dime 33:dime =:dime
EXPR: 0 | POS | INT | 14 | 48 | 768 | (x-33)=(15*49) | x 33 - 15 49 * = | x:dime 33:dime -:dime 15:dime 49:nickel *:dime =:dime
EXPR: 0 | POS | INT | 15 | 48 | 1122 | (33*(49-15))=x | 33 49 15 - * x = | 33:dime 49:nickel 15:nickel -:nickel *:dime x:dime =:dime
EXPR: 0 | POS | INT | 15 | 48 | 1230 | ((33+49)*15)=x | 33 49 + 15 * x = | 33:nickel 49:nickel +:nickel 15:dime *:dime x:dime =:dime
EXPR: 0 | POS | INT | 15 | 48 | 67 | x=((33+49)-15) | x 33 49 + 15 - = | x:dime 33:dime 49:dime +:dime 15:dime -:dime =:dime
EXPR: 0 | POS | INT | 15 | 48 | 1122 | x=(33*(49-15)) | x 33 49 15 - * = | x:dime 33:dime 49:nickel 15:nickel -:nickel *:dime =:dime
EXPR: 0 | POS | INT | 15 | 48 | 1122 | ((49-15)*33)=x | 49 15 - 33 * x = | 49:nickel 15:nickel -:nickel 33:dime *:dime x:dime =:dime
EXPR: 0 | POS | INT | 15 | 48 | 1122 | x=((49-15)*33) | x 49 15 - 33 * = | x:dime 49:nickel 15:nickel -:nickel 33:dime *:dime =:dime
EXPR: 0 | POS | INT | 15 | 48 | 1 | x=(49-(15+33)) | x 49 15 33 + - = | x:dime 49:dime 15:dime 33:dime +:dime -:dime =:dime
EXPR: 0 | POS | INT | 15 | 48 | 67 | x=(49-(15-33)) | x 49 15 33 - - = | x:dime 49:dime 15:dime 33:dime -:dime -:dime =:dime
EXPR: 0 | POS | INT | 15 | 48 | 31 | x=(49+(15-33)) | x 49 15 33 - + = | x:dime 49:dime 15:dime 33:dime -:dime +:dime =:dime
EXPR: 0 | POS | INT | 15 | 48 | 97 | x=(49+(15+33)) | x 49 15 33 + + = | x:dime 49:dime 15:dime 33:dime +:dime +:dime =:dime
EXPR: 0 | POS | INT | 15 | 48 | 1230 | x=((33+49)*15) | x 33 49 + 15 * = | x:dime 33:nickel 49:nickel +:nickel 15:dime *:dime =:dime
EXPR: 0 | POS | INT | 15 | 48 | 67 | (49-(15-33))=x | 49 15 33 - - x = | 49:dime 15:dime 33:dime -:dime -:dime x:dime =:dime
EXPR: 0 | POS | INT | 15 | 48 | 67 | (33+(49-15))=x | 33 49 15 - + x = | 33:dime 49:dime 15:dime -:dime +:dime x:dime =:dime
EXPR: 0 | POS | INT | 15 | 48 | 31 | (49+(15-33))=x | 49 15 33 - + x = | 49:dime 15:dime 33:dime -:dime +:dime x:dime =:dime
EXPR: 0 | POS | INT | 15 | 48 | 67 | x=((49-15)+33) | x 49 15 - 33 + = | x:dime 49:dime 15:dime -:dime 33:dime +:dime =:dime
EXPR: 0 | POS | INT | 15 | 48 | 1 | (49-(15+33))=x | 49 15 33 + - x = | 49:dime 15:dime 33:dime +:dime -:dime x:dime =:dime
EXPR: 0 | POS | INT | 15 | 48 | 97 | x=((33+49)+15) | x 33 49 + 15 + = | x:dime 33:dime 49:dime +:dime 15:dime +:dime =:dime
EXPR: 0 | POS | INT | 15 | 48 | 67 | x=(33+(49-15)) | x 33 49 15 - + = | x:dime 33:dime 49:dime 15:dime -:dime +:dime =:dime
EXPR: 0 | POS | INT | 15 | 48 | 67 | ((49-15)+33)=x | 49 15 - 33 + x = | 49:dime 15:dime -:dime 33:dime +:dime x:dime =:dime
EXPR: 0 | POS | INT | 15 | 48 | 1 | ((49-15)-33)=x | 49 15 - 33 - x = | 49:dime 15:dime -:dime 33:dime -:dime x:dime =:dime
EXPR: 0 | POS | INT | 15 | 48 | 97 | (49+(15+33))=x | 49 15 33 + + x = | 49:dime 15:dime 33:dime +:dime +:dime x:dime =:dime
EXPR: 0 | POS | INT | 15 | 48 | 97 | ((33+49)+15)=x | 33 49 + 15 + x = | 33:dime 49:dime +:dime 15:dime +:dime x:dime =:dime
EXPR: 0 | POS | INT | 15 | 48 | 67 | ((33+49)-15)=x | 33 49 + 15 - x = | 33:dime 49:dime +:dime 15:dime -:dime x:dime =:dime
EXPR: 0 | POS | INT | 15 | 48 | 1 | x=((49-15)-33) | x 49 15 - 33 - = | x:dime 49:dime 15:dime -:dime 33:dime -:dime =:dime
EXPR: 0 | POS | INT | 17 | 48 | 31 | ((33+x)-49)=15 | 33 x + 49 - 15 = | 33:dime x:dime +:dime 49:dime -:dime 15:dime =:dime
EXPR: 0 | POS | INT | 17 | 48 | 1 | x=((49-33)-15) | x 49 33 - 15 - = | x:dime 49:dime 33:dime -:dime 15:dime -:dime =:dime
EXPR: 0 | POS | INT | 17 | 48 | 67 | ((33-x)+49)=15 | 33 x - 49 + 15 = | 33:dime x:dime -:dime 49:dime +:dime 15:dime =:dime
EXPR: 0 | POS | INT | 17 | 48 | 31 | ((49-x)+15)=33 | 49 x - 15 + 33 = | 49:dime x:dime -:dime 15:dime +:dime 33:dime =:dime
EXPR: 0 | POS | INT | 17 | 48 | 240 | ((49-33)*15)=x | 49 33 - 15 * x = | 49:nickel 33:nickel -:nickel 15:dime *:dime x:dime =:dime
EXPR: 0 | POS | INT | 17 | 48 | 1 | (49-(x+15))=33 | 49 x 15 + - 33 = | 49:dime x:dime 15:dime +:dime -:dime 33:dime =:dime
EXPR: 0 | POS | INT | 17 | 48 | 1230 | (x/(33+49))=15 | x 33 49 + / 15 = | x:dime 33:nickel 49:nickel +:nickel /:dime 15:dime =:dime
EXPR: 0 | POS | INT | 17 | 48 | 67 | x=(49+(33-15)) | x 49 33 15 - + = | x:dime 49:dime 33:dime 15:dime -:dime +:dime =:dime
EXPR: 0 | POS | INT | 17 | 48 | 31 | x=(49-(33-15)) | x 49 33 15 - - = | x:dime 49:dime 33:dime 15:dime -:dime -:dime =:dime
EXPR: 0 | POS | INT | 17 | 48 | 31 | ((49-33)+15)=x | 49 33 - 15 + x = | 49:dime 33:dime -:dime 15:dime +:dime x:dime =:dime
EXPR: 0 | POS | INT | 17 | 48 | 67 | ((x-49)+15)=33 | x 49 - 15 + 33 = | x:dime 49:dime -:dime 15:dime +:dime 33:dime =:dime
EXPR: 0 | POS | INT | 17 | 48 | 97 | ((x-49)-15)=33 | x 49 - 15 - 33 = | x:dime 49:dime -:dime 15:dime -:dime 33:dime =:dime
EXPR: 0 | POS | INT | 17 | 48 | 67 | ((33+49)-x)=15 | 33 49 + x - 15 = | 33:dime 49:dime +:dime x:dime -:dime 15:dime =:dime
EXPR: 0 | POS | INT | 17 | 48 | 1 | ((49-x)-15)=33 | 49 x - 15 - 33 = | 49:dime x:dime -:dime 15:dime -:dime 33:dime =:dime
EXPR: 0 | POS | INT | 17 | 48 | 97 | (x-(33+49))=15 | x 33 49 + - 15 = | x:dime 33:dime 49:dime +:dime -:dime 15:dime =:dime
EXPR: 0 | POS | INT | 17 | 48 | 31 | (49+(15-x))=33 | 49 15 x - + 33 = | 49:dime 15:dime x:dime -:dime +:dime 33:dime =:dime
EXPR: 0 | POS | INT | 17 | 48 | 67 | (33-(x-49))=15 | 33 x 49 - - 15 = | 33:dime x:dime 49:dime -:dime -:dime 15:dime =:dime
EXPR: 0 | POS | INT | 17 | 48 | 31 | (x+(33-49))=15 | x 33 49 - + 15 = | x:dime 33:dime 49:dime -:dime +:dime 15:dime =:dime
EXPR: 0 | POS | INT | 17 | 48 | 31 | (33+(x-49))=15 | 33 x 49 - + 15 = | 33:dime x:dime 49:dime -:dime +:dime 15:dime =:dime
EXPR: 0 | POS | INT | 17 | 48 | 1 | ((49-33)-15)=x | 49 33 - 15 - x = | 49:dime 33:dime -:dime 15:dime -:dime x:dime =:dime
EXPR: 0 | POS | INT | 17 | 48 | 1122 | 33=(x/(49-15)) | 33 x 49 15 - / = | 33:dime x:dime 49:nickel 15:nickel -:nickel /:dime =:dime
EXPR: 0 | POS | INT | 17 | 48 | 240 | x=((49-33)*15) | x 49 33 - 15 * = | x:dime 49:nickel 33:nickel -:nickel 15:dime *:dime =:dime
EXPR: 0 | POS | INT | 17 | 48 | 97 | 49=(x-(15+33)) | 49 x 15 33 + - = | 49:dime x:dime 15:dime 33:dime +:dime -:dime =:dime
EXPR: 0 | POS | INT | 17 | 48 | 31 | 49=(x-(15-33)) | 49 x 15 33 - - = | 49:dime x:dime 15:dime 33:dime -:dime -:dime =:dime
EXPR: 0 | POS | INT | 17 | 48 | 67 | (x-(49-15))=33 | x 49 15 - - 33 = | x:dime 49:dime 15:dime -:dime -:dime 33:dime =:dime
EXPR: 0 | POS | INT | 17 | 48 | 1 | 33=((49-x)-15) | 33 49 x - 15 - = | 33:dime 49:dime x:dime -:dime 15:dime -:dime =:dime
EXPR: 0 | POS | INT | 17 | 48 | 97 | 33=((x-49)-15) | 33 x 49 - 15 - = | 33:dime x:dime 49:dime -:dime 15:dime -:dime =:dime
EXPR: 0 | POS | INT | 17 | 48 | 1 | 33=(49-(x+15)) | 33 49 x 15 + - = | 33:dime 49:dime x:dime 15:dime +:dime -:dime =:dime
EXPR: 0 | POS | INT | 17 | 48 | 67 | 49=(15-(33-x)) | 49 15 33 x - - = | 49:dime 15:dime 33:dime x:dime -:dime -:dime =:dime
EXPR: 0 | POS | INT | 17 | 48 | 31 | 33=(49-(x-15)) | 33 49 x 15 - - = | 33:dime 49:dime x:dime 15:dime -:dime -:dime =:dime
EXPR: 0 | POS | INT | 17 | 48 | 31 | 33=(49+(15-x)) | 33 49 15 x - + = | 33:dime 49:dime 15:dime x:dime -:dime +:dime =:dime
EXPR: 0 | POS | INT | 17 | 48 | 67 | 49=(15+(x-33)) | 49 15 x 33 - + = | 49:dime 15:dime x:dime 33:dime -:dime +:dime =:dime
EXPR: 0 | POS | INT | 17 | 48 | 31 | (33-(49-x))=15 | 33 49 x - - 15 = | 33:dime 49:dime x:dime -:dime -:dime 15:dime =:dime
EXPR: 0 | POS | INT | 17 | 48 | 67 | (33+(49-x))=15 | 33 49 x - + 15 = | 33:dime 49:dime x:dime -:dime +:dime 15:dime =:dime
EXPR: 0 | POS | INT | 17 | 48 | 31 | ((33-49)+x)=15 | 33 49 - x + 15 = | 33:dime 49:dime -:dime x:dime +:dime 15:dime =:dime
EXPR: 0 | POS | INT | 17 | 48 | 1 | 49=(15+(33+x)) | 49 15 33 x + + = | 49:dime 15:dime 33:dime x:dime +:dime +:dime =:dime
EXPR: 0 | POS | INT | 17 | 48 | 31 | (49-(33-15))=x | 49 33 15 - - x = | 49:dime 33:dime 15:dime -:dime -:dime x:dime =:dime
EXPR: 0 | POS | INT | 17 | 48 | 31 | 33=((49-x)+15) | 33 49 x - 15 + = | 33:dime 49:dime x:dime -:dime 15:dime +:dime =:dime
EXPR: 0 | POS | INT | 17 | 48 | 97 | ((x-33)-49)=15 | x 33 - 49 - 15 = | x:dime 33:dime -:dime 49:dime -:dime 15:dime =:dime
EXPR: 0 | POS | INT | 17 | 48 | 67 | (49+(33-15))=x | 49 33 15 - + x = | 49:dime 33:dime 15:dime -:dime +:dime x:dime =:dime
EXPR: 0 | POS | INT | 17 | 48 | 67 | 33=((x-49)+15) | 33 x 49 - 15 + = | 33:dime x:dime 49:dime -:dime 15:dime +:dime =:dime
EXPR: 0 | POS | INT | 17 | 48 | 2352 | 49=(x/(15+33)) | 49 x 15 33 + / = | 49:nickel x:nickel 15:dime 33:dime +:dime /:nickel =:nickel
EXPR: 0 | POS | INT | 17 | 48 | 67 | 49=((x+15)-33) | 49 x 15 + 33 - = | 49:dime x:dime 15:dime +:dime 33:dime -:dime =:dime
EXPR: 0 | POS | INT | 17 | 48 | 1 | 49=((x+15)+33) | 49 x 15 + 33 + = | 49:dime x:dime 15:dime +:dime 33:dime +:dime =:dime
EXPR: 0 | POS | INT | 17 | 48 | 1 | 33=(49-(15+x)) | 33 49 15 x + - = | 33:dime 49:dime 15:dime x:dime +:dime -:dime =:dime
EXPR: 0 | POS | INT | 17 | 48 | 67 | 49=(x+(15-33)) | 49 x 15 33 - + = | 49:dime x:dime 15:dime 33:dime -:dime +:dime =:dime
EXPR: 0 | POS | INT | 17 | 48 | 1 | 49=(x+(15+33)) | 49 x 15 33 + + = | 49:dime x:dime 15:dime 33:dime +:dime +:dime =:dime
EXPR: 0 | POS | INT | 17 | 48 | 31 | x=((49-33)+15) | x 49 33 - 15 + = | x:dime 49:dime 33:dime -:dime 15:dime +:dime =:dime
EXPR: 0 | POS | INT | 17 | 48 | 67 | 49=((15-33)+x) | 49 15 33 - x + = | 49:dime 15:dime 33:dime -:dime x:dime +:dime =:dime
EXPR: 0 | POS | INT | 17 | 48 | 31 | (49-(x-15))=33 | 49 x 15 - - 33 = | 49:dime x:dime 15:dime -:dime -:dime 33:dime =:dime
EXPR: 0 | POS | INT | 17 | 48 | 1 | 33=((49-15)-x) | 33 49 15 - x - = | 33:dime 49:dime 15:dime -:dime x:dime -:dime =:dime
EXPR: 0 | POS | INT | 17 | 48 | 31 | ((x+33)-49)=15 | x 33 + 49 - 15 = | x:dime 33:dime +:dime 49:dime -:dime 15:dime =:dime
EXPR: 0 | POS | INT | 17 | 48 | 97 | 49=((x-15)-33) | 49 x 15 - 33 - = | 49:dime x:dime 15:dime -:dime 33:dime -:dime =:dime
EXPR: 0 | POS | INT | 17 | 48 | 1 | 49=((15+33)+x) | 49 15 33 + x + = | 49:dime 15:dime 33:dime +:dime x:dime +:dime =:dime
EXPR: 0 | POS | INT | 17 | 48 | 67 | 33=(x-(49-15)) | 33 x 49 15 - - = | 33:dime x:dime 49:dime 15:dime -:dime -:dime =:dime
EXPR: 0 | POS | INT | 17 | 48 | 1602 | (33*49)=(15+x) | 33 49 * 15 x + = | 33:dime 49:nickel *:dime 15:dime x:dime +:dime =:dime
EXPR: 0 | POS | INT | 17 | 48 | 1602 | (33*49)=(x+15) | 33 49 * x 15 + = | 33:dime 49:nickel *:dime x:dime 15:dime +:dime =:dime
EXPR: 0 | POS | INT | 17 | 48 | 31 | 49=((x-15)+33) | 49 x 15 - 33 + = | 49:dime x:dime 15:dime -:dime 33:dime +:dime =:dime
EXPR: 0 | POS | INT | 17 | 48 | 1 | 49=(15+(x+33)) | 49 15 x 33 + + = | 49:dime 15:dime x:dime 33:dime +:dime +:dime =:dime
EXPR: 0 | POS | INT | 17 | 48 | 67 | 49=((15+x)-33) | 49 15 x + 33 - = | 49:dime 15:dime x:dime +:dime 33:dime -:dime =:dime
EXPR: 0 | POS | INT | 17 | 48 | 1 | 49=((15+x)+33) | 49 15 x + 33 + = | 49:dime 15:dime x:dime +:dime 33:dime +:dime =:dime
EXPR: 0 | POS | INT | 17 | 48 | 1122 | (x/(49-15))=33 | x 49 15 - / 33 = | x:dime 49:nickel 15:nickel -:nickel /:dime 33:dime =:dime
EXPR: 0 | POS | INT | 17 | 48 | 1632 | (33*49)=(x-15) | 33 49 * x 15 - = | 33:dime 49:nickel *:dime x:dime 15:dime -:dime =:dime
EXPR: 0 | POS | INT | 17 | 48 | 1 | (49-(15+x))=33 | 49 15 x + - 33 = | 49:dime 15:dime x:dime +:dime -:dime 33:dime =:dime
EXPR: 0 | POS | INT | 17 | 48 | 1 | ((49-15)-x)=33 | 49 15 - x - 33 = | 49:dime 15:dime -:dime x:dime -:dime 33:dime =:dime
EXPR: 0 | POS | INT | 17 | 48 | 2352 | (x/49)=(15+33) | x 49 / 15 33 + = | x:dime 49:nickel /:dime 15:dime 33:dime +:dime =:dime
EXPR: 0 | POS | INT | 19 | 48 | 67 | ((49-x)+33)=15 | 49 x - 33 + 15 = | 49:dime x:dime -:dime 33:dime +:dime 15:dime =:dime
EXPR: 0 | POS | INT | 19 | 48 | 1 | (49-(x+33))=15 | 49 x 33 + - 15 = | 49:dime x:dime 33:dime +:dime -:dime 15:dime =:dime
EXPR: 0 | POS | INT | 19 | 48 | 97 | ((x-49)-33)=15 | x 49 - 33 - 15 = | x:dime 49:dime -:dime 33:dime -:dime 15:dime =:dime
EXPR: 0 | POS | INT | 19 | 48 | 31 | ((x-49)+33)=15 | x 49 - 33 + 15 = | x:dime 49:dime -:dime 33:dime +:dime 15:dime =:dime
EXPR: 0 | POS | INT | 19 | 48 | 1 | ((49-33)-x)=15 | 49 33 - x - 15 = | 49:dime 33:dime -:dime x:dime -:dime 15:dime =:dime
EXPR: 0 | POS | INT | 19 | 48 | 31 | (x-(49-33))=15 | x 49 33 - - 15 = | x:dime 49:dime 33:dime -:dime -:dime 15:dime =:dime
EXPR: 0 | POS | INT | 19 | 48 | 67 | 49=(x-(33-15)) | 49 x 33 15 - - = | 49:dime x:dime 33:dime 15:dime -:dime -:dime =:dime
EXPR: 0 | POS | INT | 19 | 48 | 67 | (49+(33-x))=15 | 49 33 x - + 15 = | 49:dime 33:dime x:dime -:dime +:dime 15:dime =:dime
EXPR: 0 | POS | INT | 19 | 48 | 31 | 49=(33-(15-x)) | 49 33 15 x - - = | 49:dime 33:dime 15:dime x:dime -:dime -:dime =:dime
EXPR: 0 | POS | INT | 19 | 48 | 1 | 49=((x+33)+15) | 49 x 33 + 15 + = | 49:dime x:dime 33:dime +:dime 15:dime +:dime =:dime
EXPR: 0 | POS | INT | 19 | 48 | 31 | 49=(x+(33-15)) | 49 x 33 15 - + = | 49:dime x:dime 33:dime 15:dime -:dime +:dime =:dime
EXPR: 0 | POS | INT | 19 | 48 | 67 | (49-(x-33))=15 | 49 x 33 - - 15 = | 49:dime x:dime 33:dime -:dime -:dime 15:dime =:dime
EXPR: 0 | POS | INT | 19 | 48 | 1 | 49=(33+(15+x)) | 49 33 15 x + + = | 49:dime 33:dime 15:dime x:dime +:dime +:dime =:dime
EXPR: 0 | POS | INT | 19 | 48 | 31 | 49=((x+33)-15) | 49 x 33 + 15 - = | 49:dime x:dime 33:dime +:dime 15:dime -:dime =:dime
EXPR: 0 | POS | INT | 19 | 48 | 31 | 49=((33-15)+x) | 49 33 15 - x + = | 49:dime 33:dime 15:dime -:dime x:dime +:dime =:dime
EXPR: 0 | POS | INT | 19 | 48 | 97 | 49=((x-33)-15) | 49 x 33 - 15 - = | 49:dime x:dime 33:dime -:dime 15:dime -:dime =:dime
EXPR: 0 | POS | INT | 19 | 48 | 1 | ((49-x)-33)=15 | 49 x - 33 - 15 = | 49:dime x:dime -:dime 33:dime -:dime 15:dime =:dime
EXPR: 0 | POS | INT | 19 | 48 | 67 | 49=((x-33)+15) | 49 x 33 - 15 + = | 49:dime x:dime 33:dime -:dime 15:dime +:dime =:dime
EXPR: 0 | POS | INT | 19 | 48 | 31 | 49=((33+x)-15) | 49 33 x + 15 - = | 49:dime 33:dime x:dime +:dime 15:dime -:dime =:dime
EXPR: 0 | POS | INT | 19 | 48 | 240 | (x/(49-33))=15 | x 49 33 - / 15 = | x:dime 49:nickel 33:nickel -:nickel /:dime 15:dime =:dime
EXPR: 0 | POS | INT | 19 | 48 | 1 | (49-(33+x))=15 | 49 33 x + - 15 = | 49:dime 33:dime x:dime +:dime -:dime 15:dime =:dime
EXPR: 0 | POS | INT | 19 | 48 | 31 | 49=(33+(x-15)) | 49 33 x 15 - + = | 49:dime 33:dime x:dime 15:dime -:dime +:dime =:dime
EXPR: 0 | POS | INT | 19 | 48 | 1 | 49=(33+(x+15)) | 49 33 x 15 + + = | 49:dime 33:dime x:dime 15:dime +:dime +:dime =:dime
EXPR: 0 | POS | INT | 19 | 48 | 1 | 49=((33+x)+15) | 49 33 x + 15 + = | 49:dime 33:dime x:dime +:dime 15:dime +:dime =:dime
EXPR: 0 | POS | INT | 19 | 48 | 882 | 49=(x/(33-15)) | 49 x 33 15 - / = | 49:nickel x:nickel 33:dime 15:dime -:dime /:nickel =:nickel
EXPR: 0 | POS | INT | 19 | 48 | 882 | (x/49)=(33-15) | x 49 / 33 15 - = | x:dime 49:nickel /:dime 33:dime 15:dime -:dime =:dime
EXPR: 0 | POS | INT | 20 | 48 | 544 | x=((15*33)+49) | x 15 33 * 49 + = | x:dime 15:dime 33:nickel *:dime 49:dime +:dime =:dime
EXPR: 0 | POS | INT | 20 | 48 | 446 | x=((15*33)-49) | x 15 33 * 49 - = | x:nickel 15:dime 33:nickel *:nickel 49:nickel -:nickel =:nickel
EXPR: 0 | POS | INT | 20 | 48 | 446 | ((15*33)-49)=x | 15 33 * 49 - x = | 15:dime 33:nickel *:nickel 49:nickel -:nickel x:nickel =:nickel
EXPR: 0 | POS | INT | 20 | 48 | 544 | ((15*33)+49)=x | 15 33 * 49 + x = | 15:dime 33:nickel *:nickel 49:nickel +:nickel x:nickel =:nickel
NET 290 unique, non-negative, integer-valued solutions found out of 1000 total solutions
