parameters: n=9 l=4 k=1 p=5 q=2 m=10
TOTAL 1000 solutions found
EXPR: 1 | POS | INT | 0 | 224 | 224 | (((10+1)+3)*16)=x | 10 1 + 3 + 16 * x = | 10:book 1:book +:book 3:book +:book 16:dollar *:dollar x:dollar =:dollar
EXPR: 0 | POS | INT | 0 | 224 | 96 | (((10-1)-3)*16)=x | 10 1 - 3 - 16 * x = | 10:book 1:book -:book 3:book -:book 16:dollar *:dollar x:dollar =:dollar
EXPR: 0 | POS | INT | 0 | 224 | 128 | (((10+1)-3)*16)=x | 10 1 + 3 - 16 * x = | 10:book 1:book +:book 3:book -:book 16:dollar *:dollar x:dollar =:dollar
EXPR: 1 | POS | INT | 0 | 224 | 224 | x=((10+(1+3))*16) | x 10 1 3 + + 16 * = | x:dollar 10:book 1:book 3:book +:book +:book 16:dollar *:dollar =:dollar
EXPR: 0 | POS | INT | 0 | 224 | 192 | (((10-1)+3)*16)=x | 10 1 - 3 + 16 * x = | 10:book 1:book -:book 3:book +:book 16:dollar *:dollar x:dollar =:dollar
EXPR: 0 | POS | INT | 0 | 224 | 96 | x=((10-(1+3))*16) | x 10 1 3 + - 16 * = | x:dollar 10:book 1:book 3:book +:book -:book 16:dollar *:dollar =:dollar
EXPR: 0 | POS | INT | 0 | 224 | 192 | x=((10-(1-3))*16) | x 10 1 3 - - 16 * = | x:dollar 10:book 1:book 3:book -:book -:book 16:dollar *:dollar =:dollar
EXPR: 0 | POS | INT | 0 | 224 | 128 | x=((10+(1-3))*16) | x 10 1 3 - + 16 * = | x:dollar 10:book 1:book 3:book -:book +:book 16:dollar *:dollar =:dollar
EXPR: 0 | POS | INT | 0 | 224 | 128 | ((10+(1-3))*16)=x | 10 1 3 - + 16 * x = | 10:book 1:book 3:book -:book +:book 16:dollar *:dollar x:dollar =:dollar
EXPR: 0 | POS | INT | 0 | 224 | 96 | ((10-(1+3))*16)=x | 10 1 3 + - 16 * x = | 10:book 1:book 3:book +:book -:book 16:dollar *:dollar x:dollar =:dollar
EXPR: 0 | POS | INT | 0 | 224 | 192 | ((10-(1-3))*16)=x | 10 1 3 - - 16 * x = | 10:book 1:book 3:book -:book -:book 16:dollar *:dollar x:dollar =:dollar
EXPR: 0 | POS | INT | 0 | 224 | 128 | x=(((10+1)-3)*16) | x 10 1 + 3 - 16 * = | x:dollar 10:book 1:book +:book 3:book -:book 16:dollar *:dollar =:dollar
EXPR: 0 | POS | INT | 0 | 224 | 192 | x=(((10-1)+3)*16) | x 10 1 - 3 + 16 * = | x:dollar 10:book 1:book -:book 3:book +:book 16:dollar *:dollar =:dollar
EXPR: 0 | POS | INT | 0 | 224 | 96 | x=(((10-1)-3)*16) | x 10 1 - 3 - 16 * = | x:dollar 10:book 1:book -:book 3:book -:book 16:dollar *:dollar =:dollar
EXPR: 1 | POS | INT | 0 | 224 | 224 | ((10+(1+3))*16)=x | 10 1 3 + + 16 * x = | 10:book 1:book 3:book +:book +:book 16:dollar *:dollar x:dollar =:dollar
EXPR: 1 | POS | INT | 0 | 224 | 224 | x=(((10+1)+3)*16) | x 10 1 + 3 + 16 * = | x:dollar 10:book 1:book +:book 3:book +:book 16:dollar *:dollar =:dollar
EXPR: 0 | POS | INT | 1 | 224 | 128 | (((10+1)-3)*16)=x | 10 1 + 3 - 16 * x = | 10:book 1:book +:book 3:book -:book 16:dollar *:dollar x:dollar =:dollar
EXPR: 1 | POS | INT | 1 | 224 | 224 | (((10+1)+3)*16)=x | 10 1 + 3 + 16 * x = | 10:book 1:book +:book 3:book +:book 16:dollar *:dollar x:dollar =:dollar
EXPR: 1 | POS | INT | 1 | 224 | 224 | x=((10+(1+3))*16) | x 10 1 3 + + 16 * = | x:dollar 10:book 1:book 3:book +:book +:book 16:dollar *:dollar =:dollar
EXPR: 0 | POS | INT | 1 | 224 | 96 | (((10-1)-3)*16)=x | 10 1 - 3 - 16 * x = | 10:book 1:book -:book 3:book -:book 16:dollar *:dollar x:dollar =:dollar
EXPR: 0 | POS | INT | 1 | 224 | 192 | (((10-1)+3)*16)=x | 10 1 - 3 + 16 * x = | 10:book 1:book -:book 3:book +:book 16:dollar *:dollar x:dollar =:dollar
EXPR: 0 | POS | INT | 1 | 224 | 96 | x=((10-(1+3))*16) | x 10 1 3 + - 16 * = | x:dollar 10:book 1:book 3:book +:book -:book 16:dollar *:dollar =:dollar
EXPR: 0 | POS | INT | 1 | 224 | 192 | x=((10-(1-3))*16) | x 10 1 3 - - 16 * = | x:dollar 10:book 1:book 3:book -:book -:book 16:dollar *:dollar =:dollar
EXPR: 0 | POS | INT | 1 | 224 | 128 | ((10+(1-3))*16)=x | 10 1 3 - + 16 * x = | 10:book 1:book 3:book -:book +:book 16:dollar *:dollar x:dollar =:dollar
EXPR: 0 | POS | INT | 1 | 224 | 192 | ((10-(1-3))*16)=x | 10 1 3 - - 16 * x = | 10:book 1:book 3:book -:book -:book 16:dollar *:dollar x:dollar =:dollar
EXPR: 0 | POS | INT | 1 | 224 | 128 | x=(((10+1)-3)*16) | x 10 1 + 3 - 16 * = | x:dollar 10:book 1:book +:book 3:book -:book 16:dollar *:dollar =:dollar
EXPR: 0 | POS | INT | 1 | 224 | 192 | x=(((10-1)+3)*16) | x 10 1 - 3 + 16 * = | x:dollar 10:book 1:book -:book 3:book +:book 16:dollar *:dollar =:dollar
EXPR: 0 | POS | INT | 1 | 224 | 96 | x=(((10-1)-3)*16) | x 10 1 - 3 - 16 * = | x:dollar 10:book 1:book -:book 3:book -:book 16:dollar *:dollar =:dollar
EXPR: 1 | POS | INT | 1 | 224 | 224 | ((10+(1+3))*16)=x | 10 1 3 + + 16 * x = | 10:book 1:book 3:book +:book +:book 16:dollar *:dollar x:dollar =:dollar
EXPR: 0 | POS | INT | 1 | 224 | 128 | x=((10+(1-3))*16) | x 10 1 3 - + 16 * = | x:dollar 10:book 1:book 3:book -:book +:book 16:dollar *:dollar =:dollar
EXPR: 0 | POS | INT | 1 | 224 | 96 | ((10-(1+3))*16)=x | 10 1 3 + - 16 * x = | 10:book 1:book 3:book +:book -:book 16:dollar *:dollar x:dollar =:dollar
EXPR: 1 | POS | INT | 1 | 224 | 224 | x=(((10+1)+3)*16) | x 10 1 + 3 + 16 * = | x:dollar 10:book 1:book +:book 3:book +:book 16:dollar *:dollar =:dollar
EXPR: 0 | POS | INT | 2 | 224 | 48 | (((10-1)*16)/3)=x | 10 1 - 16 * 3 / x = | 10:book 1:book -:book 16:dollar *:dollar 3:book /:dollar x:dollar =:dollar
EXPR: 0 | POS | INT | 2 | 224 | 2 | (((10+1)-3)*x)=16 | 10 1 + 3 - x * 16 = | 10:book 1:book +:book 3:book -:book x:dollar *:dollar 16:dollar =:dollar
EXPR: 1 | POS | INT | 2 | 224 | 224 | x=((1+(10+3))*16) | x 1 10 3 + + 16 * = | x:dollar 1:book 10:book 3:book +:book +:book 16:dollar *:dollar =:dollar
EXPR: 0 | POS | INT | 2 | 224 | 128 | x=((1+(10-3))*16) | x 1 10 3 - + 16 * = | x:dollar 1:book 10:book 3:book -:book +:book 16:dollar *:dollar =:dollar
EXPR: 0 | POS | INT | 2 | 224 | 128 | ((10-(3-1))*16)=x | 10 3 1 - - 16 * x = | 10:book 3:book 1:book -:book -:book 16:dollar *:dollar x:dollar =:dollar
EXPR: 1 | POS | INT | 2 | 224 | 224 | ((1+(10+3))*16)=x | 1 10 3 + + 16 * x = | 1:book 10:book 3:book +:book +:book 16:dollar *:dollar x:dollar =:dollar
EXPR: 1 | POS | INT | 3 | 224 | 224 | x=((1+(10+3))*16) | x 1 10 3 + + 16 * = | x:dollar 1:book 10:book 3:book +:book +:book 16:dollar *:dollar =:dollar
EXPR: 0 | POS | INT | 3 | 224 | 128 | x=((1+(10-3))*16) | x 1 10 3 - + 16 * = | x:dollar 1:book 10:book 3:book -:book +:book 16:dollar *:dollar =:dollar
EXPR: 0 | POS | INT | 5 | 224 | 128 | ((1-(3-10))*16)=x | 1 3 10 - - 16 * x = | 1:book 3:book 10:book -:book -:book 16:dollar *:dollar x:dollar =:dollar
EXPR: 0 | POS | INT | 5 | 224 | 128 | x=((1-(3-10))*16) | x 1 3 10 - - 16 * = | x:dollar 1:book 3:book 10:book -:book -:book 16:dollar *:dollar =:dollar
EXPR: 0 | POS | INT | 6 | 224 | 128 | x=((1-(3-10))*16) | x 1 3 10 - - 16 * = | x:dollar 1:book 3:book 10:book -:book -:book 16:dollar *:dollar =:dollar
EXPR: 0 | POS | INT | 10 | 224 | 112 | x=(((10*1)-3)*16) | x 10 1 * 3 - 16 * = | x:dollar 10:dollar 1:book *:book 3:book -:book 16:dollar *:dollar =:dollar
EXPR: 0 | POS | INT | 10 | 224 | 43 | x=(((10-1)*3)+16) | x 10 1 - 3 * 16 + = | x:dollar 10:book 1:book -:book 3:dollar *:dollar 16:dollar +:dollar =:dollar
EXPR: 0 | POS | INT | 10 | 224 | 208 | x=((10+(1*3))*16) | x 10 1 3 * + 16 * = | x:dollar 10:book 1:dollar 3:book *:book +:book 16:dollar *:dollar =:dollar
EXPR: 0 | POS | INT | 10 | 224 | 192 | ((10-(1-3))*16)=x | 10 1 3 - - 16 * x = | 10:book 1:book 3:book -:book -:book 16:dollar *:book x:book =:book
EXPR: 1 | POS | INT | 10 | 224 | 224 | ((10+(1+3))*16)=x | 10 1 3 + + 16 * x = | 10:book 1:book 3:book +:book +:book 16:dollar *:book x:book =:book
EXPR: 0 | POS | INT | 10 | 224 | 96 | ((10-(1+3))*16)=x | 10 1 3 + - 16 * x = | 10:book 1:book 3:book +:book -:book 16:dollar *:book x:book =:book
EXPR: 0 | POS | INT | 10 | 224 | 11 | x=(((10-1)*3)-16) | x 10 1 - 3 * 16 - = | x:dollar 10:book 1:book -:book 3:dollar *:dollar 16:dollar -:dollar =:dollar
EXPR: 0 | POS | INT | 10 | 224 | 17 | x=(((10+1)*3)-16) | x 10 1 + 3 * 16 - = | x:dollar 10:book 1:book +:book 3:dollar *:dollar 16:dollar -:dollar =:dollar
EXPR: 0 | POS | INT | 11 | 224 | 112 | x=(((10*1)-3)*16) | x 10 1 * 3 - 16 * = | x:dollar 10:dollar 1:book *:book 3:book -:book 16:dollar *:dollar =:dollar
EXPR: 0 | POS | INT | 11 | 224 | 43 | x=(((10-1)*3)+16) | x 10 1 - 3 * 16 + = | x:dollar 10:book 1:book -:book 3:dollar *:dollar 16:dollar +:dollar =:dollar
EXPR: 0 | POS | INT | 11 | 224 | 48 | ((16*(10-1))/x)=3 | 16 10 1 - * x / 3 = | 16:dollar 10:book 1:book -:book *:book x:dollar /:book 3:book =:book
EXPR: 1 | POS | INT | 12 | 224 | 224 | ((1+(10+3))*16)=x | 1 10 3 + + 16 * x = | 1:book 10:book 3:book +:book +:book 16:dollar *:book x:book =:book
EXPR: 0 | POS | INT | 12 | 224 | 117 | x=((10-1)*(16-3)) | x 10 1 - 16 3 - * = | x:dollar 10:book 1:book -:book 16:dollar 3:dollar -:dollar *:dollar =:dollar
EXPR: 0 | POS | INT | 12 | 224 | 143 | x=((10+1)*(16-3)) | x 10 1 + 16 3 - * = | x:dollar 10:book 1:book +:book 16:dollar 3:dollar -:dollar *:dollar =:dollar
EXPR: 0 | POS | INT | 12 | 224 | 78 | 10=(((x*1)/3)-16) | 10 x 1 * 3 / 16 - = | 10:dollar x:dollar 1:book *:dollar 3:book /:dollar 16:dollar -:dollar =:dollar
EXPR: 0 | POS | INT | 12 | 224 | 21 | ((10/(3-1))+16)=x | 10 3 1 - / 16 + x = | 10:dollar 3:book 1:book -:book /:dollar 16:dollar +:dollar x:dollar =:dollar
EXPR: 0 | POS | INT | 12 | 224 | 36 | ((10*(3-1))+16)=x | 10 3 1 - * 16 + x = | 10:dollar 3:book 1:book -:book *:dollar 16:dollar +:dollar x:dollar =:dollar
EXPR: 0 | POS | INT | 13 | 224 | 117 | x=((10-1)*(16-3)) | x 10 1 - 16 3 - * = | x:dollar 10:book 1:book -:book 16:dollar 3:dollar -:dollar *:dollar =:dollar
EXPR: 0 | POS | INT | 13 | 224 | 143 | x=((10+1)*(16-3)) | x 10 1 + 16 3 - * = | x:dollar 10:book 1:book +:book 16:dollar 3:dollar -:dollar *:dollar =:dollar
EXPR: 0 | POS | INT | 13 | 224 | 112 | ((16*(10-3))/x)=1 | 16 10 3 - * x / 1 = | 16:dollar 10:book 3:book -:book *:book x:dollar /:book 1:book =:book
EXPR: 0 | POS | INT | 13 | 224 | 208 | ((16*(10+3))/x)=1 | 16 10 3 + * x / 1 = | 16:dollar 10:book 3:book +:book *:book x:dollar /:book 1:book =:book
EXPR: 0 | POS | INT | 13 | 224 | 21 | ((10/(3-1))+16)=x | 10 3 1 - / 16 + x = | 10:dollar 3:book 1:book -:book /:dollar 16:dollar +:dollar x:dollar =:dollar
EXPR: 0 | POS | INT | 13 | 224 | 36 | ((10*(3-1))+16)=x | 10 3 1 - * 16 + x = | 10:dollar 3:book 1:book -:book *:dollar 16:dollar +:dollar x:dollar =:dollar
EXPR: 0 | POS | INT | 14 | 224 | 11 | ((10/(3-1))+x)=16 | 10 3 1 - / x + 16 = | 10:dollar 3:book 1:book -:book /:dollar x:dollar +:dollar 16:dollar =:dollar
EXPR: 0 | POS | INT | 14 | 224 | 432 | 1=(10-(x/(3*16))) | 1 10 x 3 16 * / - = | 1:book 10:book x:book 3:book 16:dollar *:dollar /:book -:book =:book
EXPR: 0 | POS | INT | 14 | 224 | 38 | (((x*1)+10)/3)=16 | x 1 * 10 + 3 / 16 = | x:dollar 1:book *:dollar 10:dollar +:dollar 3:book /:dollar 16:dollar =:dollar
EXPR: 0 | POS | INT | 15 | 224 | 209 | (((10+3)*16)+1)=x | 10 3 + 16 * 1 + x = | 10:book 3:book +:book 16:dollar *:dollar 1:dollar +:dollar x:dollar =:dollar
EXPR: 0 | POS | INT | 15 | 224 | 195 | x=((10+3)*(16-1)) | x 10 3 + 16 1 - * = | x:dollar 10:book 3:book +:book 16:dollar 1:dollar -:dollar *:dollar =:dollar
EXPR: 0 | POS | INT | 15 | 224 | 156 | ((10*16)-(1+3))=x | 10 16 * 1 3 + - x = | 10:book 16:dollar *:book 1:book 3:book +:book -:book x:book =:book
EXPR: 0 | POS | INT | 16 | 224 | 209 | (((10+3)*16)+1)=x | 10 3 + 16 * 1 + x = | 10:book 3:book +:book 16:dollar *:dollar 1:dollar +:dollar x:dollar =:dollar
EXPR: 0 | POS | INT | 16 | 224 | 192 | x=(16*((3-1)+10)) | x 16 3 1 - 10 + * = | x:dollar 16:dollar 3:book 1:book -:book 10:book +:book *:dollar =:dollar
EXPR: 0 | POS | INT | 16 | 224 | 80 | x=((16/(3-1))*10) | x 16 3 1 - / 10 * = | x:dollar 16:dollar 3:book 1:book -:book /:dollar 10:book *:dollar =:dollar
EXPR: 0 | POS | INT | 16 | 224 | 195 | x=((10+3)*(16-1)) | x 10 3 + 16 1 - * = | x:dollar 10:book 3:book +:book 16:dollar 1:dollar -:dollar *:dollar =:dollar
EXPR: 0 | POS | INT | 17 | 224 | 192 | x=(16*((3-1)+10)) | x 16 3 1 - 10 + * = | x:dollar 16:dollar 3:book 1:book -:book 10:book +:book *:dollar =:dollar
EXPR: 0 | POS | INT | 17 | 224 | 52 | ((10+16)*(3-1))=x | 10 16 + 3 1 - * x = | 10:dollar 16:dollar +:dollar 3:book 1:book -:book *:dollar x:dollar =:dollar
EXPR: 0 | POS | INT | 18 | 224 | 52 | ((10+16)*(3-1))=x | 10 16 + 3 1 - * x = | 10:dollar 16:dollar +:dollar 3:book 1:book -:book *:dollar x:dollar =:dollar
EXPR: 0 | POS | INT | 19 | 224 | 24 | x=((1+3)*(16-10)) | x 1 3 + 16 10 - * = | x:dollar 1:book 3:book +:book 16:dollar 10:dollar -:dollar *:dollar =:dollar
EXPR: 0 | POS | INT | 19 | 224 | 490 | x=((1+(3*16))*10) | x 1 3 16 * + 10 * = | x:dollar 1:dollar 3:book 16:dollar *:dollar +:dollar 10:book *:dollar =:dollar
EXPR: 0 | POS | INT | 19 | 224 | 3 | ((3+(x*1))+10)=16 | 3 x 1 * + 10 + 16 = | 3:book x:dollar 1:book *:book +:book 10:book +:book 16:book =:book
EXPR: 0 | POS | INT | 19 | 224 | 192 | x=(16*(10-(1-3))) | x 16 10 1 3 - - * = | x:book 16:dollar 10:book 1:book 3:book -:book -:book *:book =:book
EXPR: 0 | POS | INT | 19 | 224 | 128 | x=(16*(10+(1-3))) | x 16 10 1 3 - + * = | x:book 16:dollar 10:book 1:book 3:book -:book +:book *:book =:book
EXPR: 0 | POS | INT | 19 | 224 | 43 | ((3*(1-10))+x)=16 | 3 1 10 - * x + 16 = | 3:dollar 1:book 10:book -:book *:dollar x:dollar +:dollar 16:dollar =:dollar
EXPR: 0 | POS | INT | 20 | 224 | 190 | ((10*1)*(3+16))=x | 10 1 * 3 16 + * x = | 10:book 1:dollar *:dollar 3:book 16:book +:book *:dollar x:dollar =:dollar
EXPR: 0 | POS | INT | 20 | 224 | 28 | (((10-1)+3)+16)=x | 10 1 - 3 + 16 + x = | 10:book 1:book -:book 3:book +:book 16:book +:book x:book =:book
EXPR: 0 | POS | INT | 20 | 224 | 57 | (10-(1-(3*16)))=x | 10 1 3 16 * - - x = | 10:dollar 1:dollar 3:book 16:dollar *:dollar -:dollar -:dollar x:dollar =:dollar
EXPR: 0 | POS | INT | 20 | 224 | 59 | (10+(1+(3*16)))=x | 10 1 3 16 * + + x = | 10:dollar 1:dollar 3:book 16:dollar *:dollar +:dollar +:dollar x:dollar =:dollar
EXPR: 0 | POS | INT | 20 | 224 | 59 | x=((10+1)+(3*16)) | x 10 1 + 3 16 * + = | x:dollar 10:dollar 1:dollar +:dollar 3:book 16:dollar *:dollar +:dollar =:dollar
EXPR: 0 | POS | INT | 20 | 224 | 28 | ((10-1)+(3+16))=x | 10 1 - 3 16 + + x = | 10:book 1:book -:book 3:book 16:book +:book +:book x:book =:book
EXPR: 0 | POS | INT | 20 | 224 | 490 | x=((1+(3*16))*10) | x 1 3 16 * + 10 * = | x:dollar 1:dollar 3:book 16:dollar *:dollar +:dollar 10:book *:dollar =:dollar
EXPR: 0 | POS | INT | 20 | 224 | 192 | x=(16*(10-(1-3))) | x 16 10 1 3 - - * = | x:book 16:dollar 10:book 1:book 3:book -:book -:book *:book =:book
EXPR: 0 | POS | INT | 20 | 224 | 128 | x=(16*(10+(1-3))) | x 16 10 1 3 - + * = | x:book 16:dollar 10:book 1:book 3:book -:book +:book *:book =:book
EXPR: 0 | POS | INT | 21 | 224 | 28 | (((10-1)+3)+16)=x | 10 1 - 3 + 16 + x = | 10:book 1:book -:book 3:book +:book 16:book +:book x:book =:book
EXPR: 0 | POS | INT | 21 | 224 | 59 | (10+(1+(3*16)))=x | 10 1 3 16 * + + x = | 10:dollar 1:dollar 3:book 16:dollar *:dollar +:dollar +:dollar x:dollar =:dollar
EXPR: 0 | POS | INT | 21 | 224 | 28 | ((10-1)+(3+16))=x | 10 1 - 3 16 + + x = | 10:book 1:book -:book 3:book 16:book +:book +:book x:book =:book
EXPR: 0 | POS | INT | 21 | 224 | 12 | x=((3-1)*(16-10)) | x 3 1 - 16 10 - * = | x:dollar 3:book 1:book -:book 16:dollar 10:dollar -:dollar *:dollar =:dollar
EXPR: 0 | POS | INT | 21 | 224 | 59 | x=((10+1)+(3*16)) | x 10 1 + 3 16 * + = | x:dollar 10:dollar 1:dollar +:dollar 3:book 16:dollar *:dollar +:dollar =:dollar
EXPR: 0 | POS | INT | 21 | 224 | 2 | 16=(x*(10+(1-3))) | 16 x 10 1 3 - + * = | 16:book x:dollar 10:book 1:book 3:book -:book +:book *:book =:book
EXPR: 0 | POS | INT | 21 | 224 | 9 | ((16+(10+1))/x)=3 | 16 10 1 + + x / 3 = | 16:book 10:book 1:book +:book +:book x:dollar /:book 3:book =:book
EXPR: 0 | POS | INT | 21 | 224 | 22 | x=(((3-1)*16)-10) | x 3 1 - 16 * 10 - = | x:dollar 3:book 1:book -:book 16:dollar *:dollar 10:dollar -:dollar =:dollar
EXPR: 0 | POS | INT | 21 | 224 | 128 | x=(16*(10-(3-1))) | x 16 10 3 1 - - * = | x:book 16:dollar 10:book 3:book 1:book -:book -:book *:book =:book
EXPR: 0 | POS | INT | 21 | 224 | 192 | x=(16*(10+(3-1))) | x 16 10 3 1 - + * = | x:book 16:dollar 10:book 3:book 1:book -:book +:book *:book =:book
EXPR: 0 | POS | INT | 22 | 224 | 81 | x=((10+(1+16))*3) | x 10 1 16 + + 3 * = | x:dollar 10:book 1:book 16:book +:book +:book 3:dollar *:dollar =:dollar
EXPR: 0 | POS | INT | 22 | 224 | 81 | x=(((10+1)+16)*3) | x 10 1 + 16 + 3 * = | x:dollar 10:book 1:book +:book 16:book +:book 3:dollar *:dollar =:dollar
EXPR: 0 | POS | INT | 22 | 224 | 77 | 10=(((x+1)/3)-16) | 10 x 1 + 3 / 16 - = | 10:dollar x:dollar 1:dollar +:dollar 3:book /:dollar 16:dollar -:dollar =:dollar
EXPR: 0 | POS | INT | 22 | 224 | 12 | x=((3-1)*(16-10)) | x 3 1 - 16 10 - * = | x:dollar 3:book 1:book -:book 16:dollar 10:dollar -:dollar *:dollar =:dollar
EXPR: 0 | POS | INT | 22 | 224 | 3 | (10+(1*(x+3)))=16 | 10 1 x 3 + * + 16 = | 10:book 1:book x:dollar 3:dollar +:dollar *:book +:book 16:book =:book
EXPR: 0 | POS | INT | 22 | 224 | 28 | (((10-1)+16)+3)=x | 10 1 - 16 + 3 + x = | 10:book 1:book -:book 16:book +:book 3:book +:book x:book =:book
EXPR: 0 | POS | INT | 22 | 224 | 24 | (((10+1)+16)-3)=x | 10 1 + 16 + 3 - x = | 10:book 1:book +:book 16:book +:book 3:book -:book x:book =:book
EXPR: 0 | POS | INT | 22 | 224 | 8 | (((10+x)+1)-3)=16 | 10 x + 1 + 3 - 16 = | 10:book x:book +:book 1:book +:book 3:book -:book 16:book =:book
EXPR: 0 | POS | INT | 22 | 224 | 4 | (((10-1)+x)+3)=16 | 10 1 - x + 3 + 16 = | 10:book 1:book -:book x:book +:book 3:book +:book 16:book =:book
EXPR: 0 | POS | INT | 22 | 224 | 30 | (((10+1)+16)+3)=x | 10 1 + 16 + 3 + x = | 10:book 1:book +:book 16:book +:book 3:book +:book x:book =:book
EXPR: 0 | POS | INT | 22 | 224 | 2 | (((10+1)+x)+3)=16 | 10 1 + x + 3 + 16 = | 10:book 1:book +:book x:book +:book 3:book +:book 16:book =:book
EXPR: 0 | POS | INT | 22 | 224 | 192 | x=(16*(10+(3-1))) | x 16 10 3 1 - + * = | x:book 16:dollar 10:book 3:book 1:book -:book +:book *:book =:book
EXPR: 0 | POS | INT | 22 | 224 | 38 | ((10+(x*1))/3)=16 | 10 x 1 * + 3 / 16 = | 10:book x:dollar 1:book *:book +:book 3:dollar /:book 16:book =:book
EXPR: 0 | POS | INT | 22 | 224 | 480 | 10=(((1/3)*x)/16) | 10 1 3 / x * 16 / = | 10:book 1:dollar 3:book /:dollar x:book *:book 16:dollar /:book =:book
EXPR: 0 | POS | INT | 23 | 224 | 81 | x=((10+(1+16))*3) | x 10 1 16 + + 3 * = | x:dollar 10:book 1:book 16:book +:book +:book 3:dollar *:dollar =:dollar
EXPR: 0 | POS | INT | 23 | 224 | 50 | 1=(16-(3*(x/10))) | 1 16 3 x 10 / * - = | 1:dollar 16:dollar 3:book x:dollar 10:book /:dollar *:dollar -:dollar =:dollar
EXPR: 0 | POS | INT | 23 | 224 | 43 | 16=(((1-10)*3)+x) | 16 1 10 - 3 * x + = | 16:dollar 1:book 10:book -:book 3:dollar *:dollar x:dollar +:dollar =:dollar
EXPR: 0 | POS | INT | 23 | 224 | 147 | ((16*(1-10))+x)=3 | 16 1 10 - * x + 3 = | 16:dollar 1:book 10:book -:book *:dollar x:dollar +:dollar 3:dollar =:dollar
EXPR: 0 | POS | INT | 23 | 224 | 30 | (((10+1)+16)+3)=x | 10 1 + 16 + 3 + x = | 10:book 1:book +:book 16:book +:book 3:book +:book x:book =:book
EXPR: 0 | POS | INT | 24 | 224 | 3 | (((10+x)+3)*1)=16 | 10 x + 3 + 1 * 16 = | 10:book x:book +:book 3:book +:book 1:dollar *:dollar 16:dollar =:dollar
EXPR: 0 | POS | INT | 24 | 224 | 81 | x=((1+(10+16))*3) | x 1 10 16 + + 3 * = | x:dollar 1:book 10:book 16:book +:book +:book 3:dollar *:dollar =:dollar
EXPR: 0 | POS | INT | 24 | 224 | 23 | 10=((3-(1*16))+x) | 10 3 1 16 * - x + = | 10:dollar 3:dollar 1:book 16:dollar *:dollar -:dollar x:dollar +:dollar =:dollar
EXPR: 0 | POS | INT | 24 | 224 | 23 | ((10-x)+(1*16))=3 | 10 x - 1 16 * + 3 = | 10:dollar x:dollar -:dollar 1:book 16:dollar *:dollar +:dollar 3:dollar =:dollar
EXPR: 0 | POS | INT | 24 | 224 | 21 | x=(((1-10)+16)*3) | x 1 10 - 16 + 3 * = | x:dollar 1:book 10:book -:book 16:book +:book 3:dollar *:dollar =:dollar
EXPR: 0 | POS | INT | 24 | 224 | 41 | 1=(((x+10)/3)-16) | 1 x 10 + 3 / 16 - = | 1:dollar x:dollar 10:dollar +:dollar 3:book /:dollar 16:dollar -:dollar =:dollar
EXPR: 0 | POS | INT | 24 | 224 | 10 | (((1-10)+16)+3)=x | 1 10 - 16 + 3 + x = | 1:book 10:book -:book 16:book +:book 3:book +:book x:book =:book
EXPR: 0 | POS | INT | 24 | 224 | 4 | (((1-10)+16)-3)=x | 1 10 - 16 + 3 - x = | 1:book 10:book -:book 16:book +:book 3:book -:book x:book =:book
EXPR: 0 | POS | INT | 24 | 224 | 28 | (((1-10)+x)-3)=16 | 1 10 - x + 3 - 16 = | 1:book 10:book -:book x:book +:book 3:book -:book 16:book =:book
EXPR: 0 | POS | INT | 24 | 224 | 432 | (3*16)=(x/(10-1)) | 3 16 * x 10 1 - / = | 3:book 16:dollar *:dollar x:dollar 10:book 1:book -:book /:dollar =:dollar
EXPR: 0 | POS | INT | 24 | 224 | 528 | (3*16)=(x/(10+1)) | 3 16 * x 10 1 + / = | 3:book 16:dollar *:dollar x:dollar 10:book 1:book +:book /:dollar =:dollar
EXPR: 0 | POS | INT | 25 | 224 | 17 | ((3*(10+1))-16)=x | 3 10 1 + * 16 - x = | 3:book 10:dollar 1:dollar +:dollar *:dollar 16:dollar -:dollar x:dollar =:dollar
EXPR: 0 | POS | INT | 25 | 224 | 10 | (((1-10)+16)+3)=x | 1 10 - 16 + 3 + x = | 1:book 10:book -:book 16:book +:book 3:book +:book x:book =:book
EXPR: 0 | POS | INT | 25 | 224 | 4 | (((1-10)+16)-3)=x | 1 10 - 16 + 3 - x = | 1:book 10:book -:book 16:book +:book 3:book -:book x:book =:book
EXPR: 0 | POS | INT | 25 | 224 | 153 | x=(3-(10*(1-16))) | x 3 10 1 16 - * - = | x:dollar 3:dollar 10:book 1:dollar 16:dollar -:dollar *:dollar -:dollar =:dollar
EXPR: 0 | POS | INT | 25 | 224 | 153 | x=(3-(10*(1-16))) | x 3 10 1 16 - * - = | x:book 3:book 10:book 1:dollar 16:dollar -:dollar *:book -:book =:book
EXPR: 0 | POS | INT | 26 | 224 | 42 | ((16*(1-3))+x)=10 | 16 1 3 - * x + 10 = | 16:dollar 1:book 3:book -:book *:dollar x:dollar +:dollar 10:dollar =:dollar
EXPR: 0 | POS | INT | 26 | 224 | 78 | 16=(((x*1)/3)-10) | 16 x 1 * 3 / 10 - = | 16:dollar x:dollar 1:book *:dollar 3:book /:dollar 10:dollar -:dollar =:dollar
EXPR: 0 | POS | INT | 26 | 224 | 2 | ((16+(1+3))/x)=10 | 16 1 3 + + x / 10 = | 16:book 1:book 3:book +:book +:book x:dollar /:book 10:book =:book
EXPR: 0 | POS | INT | 26 | 224 | 163 | 16=(((x*1)-3)/10) | 16 x 1 * 3 - 10 / = | 16:dollar x:dollar 1:book *:dollar 3:dollar -:dollar 10:book /:dollar =:dollar
EXPR: 0 | POS | INT | 26 | 224 | 153 | x=(3-(10*(1-16))) | x 3 10 1 16 - * - = | x:book 3:book 10:book 1:dollar 16:dollar -:dollar *:book -:book =:book
EXPR: 0 | POS | INT | 27 | 224 | 480 | ((1*(x/3))/10)=16 | 1 x 3 / * 10 / 16 = | 1:book x:dollar 3:book /:dollar *:book 10:dollar /:book 16:book =:book
EXPR: 0 | POS | INT | 27 | 224 | 35 | 10=(((16-1)*3)-x) | 10 16 1 - 3 * x - = | 10:dollar 16:dollar 1:dollar -:dollar 3:book *:dollar x:dollar -:dollar =:dollar
EXPR: 0 | POS | INT | 27 | 224 | 9 | 10=((16+(1*3))-x) | 10 16 1 3 * + x - = | 10:dollar 16:dollar 1:book 3:dollar *:dollar +:dollar x:dollar -:dollar =:dollar
EXPR: 0 | POS | INT | 27 | 224 | 15 | 10=((16+(x-1))/3) | 10 16 x 1 - + 3 / = | 10:dollar 16:dollar x:dollar 1:dollar -:dollar +:dollar 3:book /:dollar =:dollar
EXPR: 0 | POS | INT | 27 | 224 | 480 | ((10*3)*(16/x))=1 | 10 3 * 16 x / * 1 = | 10:book 3:dollar *:dollar 16:book x:dollar /:book *:book 1:book =:book
EXPR: 0 | POS | INT | 27 | 224 | 9 | x=(3-(1*(10-16))) | x 3 1 10 16 - * - = | x:dollar 3:dollar 1:book 10:dollar 16:dollar -:dollar *:dollar -:dollar =:dollar
EXPR: 0 | POS | INT | 28 | 224 | 9 | x=((3-(10-16))*1) | x 3 10 16 - - 1 * = | x:dollar 3:book 10:book 16:book -:book -:book 1:dollar *:dollar =:dollar
EXPR: 0 | POS | INT | 28 | 224 | 29 | x=((3+(10+16))*1) | x 3 10 16 + + 1 * = | x:dollar 3:book 10:book 16:book +:book +:book 1:dollar *:dollar =:dollar
EXPR: 0 | POS | INT | 28 | 224 | 2 | x=(1*((16-10)/3)) | x 1 16 10 - 3 / * = | x:book 1:book 16:dollar 10:dollar -:dollar 3:book /:dollar *:book =:book
EXPR: 0 | POS | INT | 28 | 224 | 9 | x=(3-(1*(10-16))) | x 3 1 10 16 - * - = | x:dollar 3:dollar 1:book 10:dollar 16:dollar -:dollar *:dollar -:dollar =:dollar
EXPR: 0 | POS | INT | 29 | 224 | 140 | 3=((1-(x/10))+16) | 3 1 x 10 / - 16 + = | 3:dollar 1:dollar x:dollar 10:book /:dollar -:dollar 16:dollar +:dollar =:dollar
EXPR: 0 | POS | INT | 29 | 224 | 2 | x=(1*((16-10)/3)) | x 1 16 10 - 3 / * = | x:book 1:book 16:dollar 10:dollar -:dollar 3:book /:dollar *:book =:book
EXPR: 0 | POS | INT | 30 | 224 | 53 | (3*x)=((10*16)-1) | 3 x * 10 16 * 1 - = | 3:book x:dollar *:dollar 10:book 16:dollar *:dollar 1:dollar -:dollar =:dollar
EXPR: 0 | POS | INT | 30 | 224 | 40 | ((10/(1+3))*16)=x | 10 1 3 + / 16 * x = | 10:book 1:dollar 3:dollar +:dollar /:book 16:dollar *:book x:book =:book
EXPR: 0 | POS | INT | 30 | 224 | 23 | (((10*1)-3)+16)=x | 10 1 * 3 - 16 + x = | 10:dollar 1:book *:book 3:book -:book 16:book +:book x:book =:book
EXPR: 0 | POS | INT | 30 | 224 | 17 | 1=(((16-10)*3)-x) | 1 16 10 - 3 * x - = | 1:dollar 16:dollar 10:dollar -:dollar 3:book *:dollar x:dollar -:dollar =:dollar
EXPR: 0 | POS | INT | 30 | 224 | 57 | (10-(1-(3*16)))=x | 10 1 3 16 * - - x = | 10:book 1:book 3:dollar 16:book *:book -:book -:book x:book =:book
EXPR: 0 | POS | INT | 30 | 224 | 59 | (10+(1+(3*16)))=x | 10 1 3 16 * + + x = | 10:book 1:book 3:dollar 16:book *:book +:book +:book x:book =:book
EXPR: 0 | POS | INT | 30 | 224 | 17 | (((10+1)*3)-16)=x | 10 1 + 3 * 16 - x = | 10:book 1:book +:book 3:dollar *:book 16:book -:book x:book =:book
EXPR: 0 | POS | INT | 30 | 224 | 23 | ((10-(1*3))+16)=x | 10 1 3 * - 16 + x = | 10:book 1:dollar 3:book *:book -:book 16:book +:book x:book =:book
EXPR: 0 | POS | INT | 31 | 224 | 29 | x=((16+(10+3))*1) | x 16 10 3 + + 1 * = | x:dollar 16:book 10:book 3:book +:book +:book 1:dollar *:dollar =:dollar
EXPR: 0 | POS | INT | 31 | 224 | 200 | x=((3+(1+16))*10) | x 3 1 16 + + 10 * = | x:dollar 3:book 1:book 16:book +:book +:book 10:dollar *:dollar =:dollar
EXPR: 0 | POS | INT | 31 | 224 | 180 | x=((3-(1-16))*10) | x 3 1 16 - - 10 * = | x:dollar 3:book 1:book 16:book -:book -:book 10:dollar *:dollar =:dollar
EXPR: 0 | POS | INT | 31 | 224 | 3 | x=((16-(10+3))*1) | x 16 10 3 + - 1 * = | x:dollar 16:book 10:book 3:book +:book -:book 1:dollar *:dollar =:dollar
EXPR: 0 | POS | INT | 31 | 224 | 28 | ((1+(x-3))-16)=10 | 1 x 3 - + 16 - 10 = | 1:book x:book 3:book -:book +:book 16:book -:book 10:book =:book
EXPR: 0 | POS | INT | 31 | 224 | 9 | x=(((16-10)+3)*1) | x 16 10 - 3 + 1 * = | x:dollar 16:book 10:book -:book 3:book +:book 1:dollar *:dollar =:dollar
EXPR: 0 | POS | INT | 31 | 224 | 157 | ((x+(1*3))/16)=10 | x 1 3 * + 16 / 10 = | x:book 1:book 3:dollar *:book +:book 16:dollar /:book 10:book =:book
EXPR: 0 | POS | INT | 31 | 224 | 180 | x=(((3-1)+16)*10) | x 3 1 - 16 + 10 * = | x:dollar 3:book 1:book -:book 16:book +:book 10:dollar *:dollar =:dollar
EXPR: 0 | POS | INT | 31 | 224 | 22 | (((x+1)+3)-16)=10 | x 1 + 3 + 16 - 10 = | x:book 1:book +:book 3:book +:book 16:book -:book 10:book =:book
EXPR: 0 | POS | INT | 31 | 224 | 59 | (10+(1+(3*16)))=x | 10 1 3 16 * + + x = | 10:book 1:book 3:dollar 16:book *:book +:book +:book x:book =:book
EXPR: 0 | POS | INT | 31 | 224 | 23 | (((10*1)-3)+16)=x | 10 1 * 3 - 16 + x = | 10:dollar 1:book *:book 3:book -:book 16:book +:book x:book =:book
EXPR: 0 | POS | INT | 31 | 224 | 17 | (((10+1)*3)-16)=x | 10 1 + 3 * 16 - x = | 10:book 1:book +:book 3:dollar *:book 16:book -:book x:book =:book
EXPR: 0 | POS | INT | 31 | 224 | 23 | ((10-(1*3))+16)=x | 10 1 3 * - 16 + x = | 10:book 1:dollar 3:book *:book -:book 16:book +:book x:book =:book
EXPR: 0 | POS | INT | 31 | 224 | 157 | ((x+(1*3))/16)=10 | x 1 3 * + 16 / 10 = | x:book 1:dollar 3:book *:book +:book 16:dollar /:book 10:book =:book
EXPR: 0 | POS | INT | 32 | 224 | 29 | x=((16+(10+3))*1) | x 16 10 3 + + 1 * = | x:dollar 16:book 10:book 3:book +:book +:book 1:dollar *:dollar =:dollar
EXPR: 0 | POS | INT | 32 | 224 | 200 | x=((3+(1+16))*10) | x 3 1 16 + + 10 * = | x:dollar 3:book 1:book 16:book +:book +:book 10:dollar *:dollar =:dollar
EXPR: 0 | POS | INT | 32 | 224 | 180 | x=(10*(3-(1-16))) | x 10 3 1 16 - - * = | x:book 10:dollar 3:book 1:book 16:book -:book -:book *:book =:book
EXPR: 0 | POS | INT | 32 | 224 | 78 | x=((10+(1*16))*3) | x 10 1 16 * + 3 * = | x:dollar 10:book 1:dollar 16:book *:book +:book 3:dollar *:dollar =:dollar
EXPR: 0 | POS | INT | 32 | 224 | 180 | x=(((3-1)+16)*10) | x 3 1 - 16 + 10 * = | x:dollar 3:book 1:book -:book 16:book +:book 10:dollar *:dollar =:dollar
EXPR: 0 | POS | INT | 32 | 224 | 9 | x=(((16-10)+3)*1) | x 16 10 - 3 + 1 * = | x:dollar 16:book 10:book -:book 3:book +:book 1:dollar *:dollar =:dollar
EXPR: 0 | POS | INT | 32 | 224 | 3 | (10+(1*(x+3)))=16 | 10 1 x 3 + * + 16 = | 10:dollar 1:dollar x:book 3:book +:book *:dollar +:dollar 16:dollar =:dollar
EXPR: 0 | POS | INT | 32 | 224 | 23 | x=(10+(1*(16-3))) | x 10 1 16 3 - * + = | x:book 10:book 1:dollar 16:book 3:book -:book *:book +:book =:book
EXPR: 0 | POS | INT | 32 | 224 | 39 | ((x+(10-1))/3)=16 | x 10 1 - + 3 / 16 = | x:book 10:book 1:book -:book +:book 3:dollar /:book 16:book =:book
EXPR: 0 | POS | INT | 32 | 224 | 23 | x=(10+(1*(16-3))) | x 10 1 16 3 - * + = | x:dollar 10:dollar 1:dollar 16:book 3:book -:book *:dollar +:dollar =:dollar
EXPR: 0 | POS | INT | 32 | 224 | 3 | x=((16-(10+3))*1) | x 16 10 3 + - 1 * = | x:dollar 16:book 10:book 3:book +:book -:book 1:dollar *:dollar =:dollar
EXPR: 0 | POS | INT | 32 | 224 | 78 | x=(((10*1)+16)*3) | x 10 1 * 16 + 3 * = | x:dollar 10:book 1:dollar *:book 16:book +:book 3:dollar *:dollar =:dollar
EXPR: 0 | POS | INT | 32 | 224 | 37 | ((x+(10+1))/3)=16 | x 10 1 + + 3 / 16 = | x:book 10:book 1:book +:book +:book 3:dollar /:book 16:book =:book
EXPR: 0 | POS | INT | 32 | 224 | 29 | (((10+3)*1)+16)=x | 10 3 + 1 * 16 + x = | 10:book 3:book +:book 1:dollar *:book 16:book +:book x:book =:book
EXPR: 0 | POS | INT | 32 | 224 | 23 | x=(1*(10-(3-16))) | x 1 10 3 16 - - * = | x:book 1:dollar 10:book 3:book 16:book -:book -:book *:book =:book
EXPR: 0 | POS | INT | 32 | 224 | 23 | 10=(1*(x+(3-16))) | 10 1 x 3 16 - + * = | 10:book 1:dollar x:book 3:book 16:book -:book +:book *:book =:book
EXPR: 0 | POS | INT | 32 | 224 | 9 | ((10-(1*3))+x)=16 | 10 1 3 * - x + 16 = | 10:book 1:dollar 3:book *:book -:book x:book +:book 16:book =:book
EXPR: 0 | POS | INT | 32 | 224 | 13 | ((10*3)-(1+16))=x | 10 3 * 1 16 + - x = | 10:book 3:dollar *:book 1:book 16:book +:book -:book x:book =:book
EXPR: 0 | POS | INT | 33 | 224 | 29 | 3=(((x*1)-16)-10) | 3 x 1 * 16 - 10 - = | 3:dollar x:dollar 1:book *:dollar 16:dollar -:dollar 10:dollar -:dollar =:dollar
EXPR: 0 | POS | INT | 33 | 224 | 22 | ((1-16)+(x+3))=10 | 1 16 - x 3 + + 10 = | 1:book 16:book -:book x:book 3:book +:book +:book 10:book =:book
EXPR: 0 | POS | INT | 33 | 224 | 23 | x=(10+(1*(16-3))) | x 10 1 16 3 - * + = | x:book 10:book 1:dollar 16:book 3:book -:book *:book +:book =:book
EXPR: 0 | POS | INT | 33 | 224 | 23 | 16=(((x-10)+3)*1) | 16 x 10 - 3 + 1 * = | 16:dollar x:book 10:book -:book 3:book +:book 1:dollar *:dollar =:dollar
EXPR: 0 | POS | INT | 33 | 224 | 78 | x=(((10*1)+16)*3) | x 10 1 * 16 + 3 * = | x:dollar 10:book 1:dollar *:book 16:book +:book 3:dollar *:dollar =:dollar
EXPR: 0 | POS | INT | 33 | 224 | 450 | (x/((16-1)*10))=3 | x 16 1 - 10 * / 3 = | x:book 16:dollar 1:dollar -:dollar 10:book *:dollar /:book 3:book =:book
EXPR: 0 | POS | INT | 33 | 224 | 3 | (16-(1*(x+10)))=3 | 16 1 x 10 + * - 3 = | 16:dollar 1:book x:dollar 10:dollar +:dollar *:dollar -:dollar 3:dollar =:dollar
EXPR: 0 | POS | INT | 33 | 224 | 29 | (((10+3)*1)+16)=x | 10 3 + 1 * 16 + x = | 10:book 3:book +:book 1:dollar *:book 16:book +:book x:book =:book
EXPR: 0 | POS | INT | 33 | 224 | 23 | x=(1*(10-(3-16))) | x 1 10 3 16 - - * = | x:book 1:dollar 10:book 3:book 16:book -:book -:book *:book =:book
EXPR: 0 | POS | INT | 33 | 224 | 9 | 3=(((x*1)-16)+10) | 3 x 1 * 16 - 10 + = | 3:dollar x:dollar 1:book *:dollar 16:dollar -:dollar 10:dollar +:dollar =:dollar
EXPR: 0 | POS | INT | 33 | 224 | 13 | ((10*3)-(1+16))=x | 10 3 * 1 16 + - x = | 10:book 3:dollar *:book 1:book 16:book +:book -:book x:book =:book
EXPR: 0 | POS | INT | 34 | 224 | 9 | (16+(3-(10*1)))=x | 16 3 10 1 * - + x = | 16:dollar 3:dollar 10:book 1:dollar *:dollar -:dollar +:dollar x:dollar =:dollar
EXPR: 0 | POS | INT | 34 | 224 | 3 | 3=(16-((10*1)+x)) | 3 16 10 1 * x + - = | 3:dollar 16:dollar 10:book 1:dollar *:dollar x:dollar +:dollar -:dollar =:dollar
EXPR: 0 | POS | INT | 34 | 224 | 120 | x=(((16-1)-3)*10) | x 16 1 - 3 - 10 * = | x:dollar 16:book 1:book -:book 3:book -:book 10:dollar *:dollar =:dollar
EXPR: 0 | POS | INT | 34 | 224 | 180 | x=(((16-1)+3)*10) | x 16 1 - 3 + 10 * = | x:dollar 16:book 1:book -:book 3:book +:book 10:dollar *:dollar =:dollar
EXPR: 0 | POS | INT | 34 | 224 | 23 | ((10*1)+(16-x))=3 | 10 1 * 16 x - + 3 = | 10:dollar 1:book *:book 16:book x:book -:book +:book 3:book =:book
EXPR: 0 | POS | INT | 34 | 224 | 112 | 10=(((x*1)/16)+3) | 10 x 1 * 16 / 3 + = | 10:dollar x:dollar 1:book *:dollar 16:book /:dollar 3:dollar +:dollar =:dollar
EXPR: 0 | POS | INT | 34 | 224 | 58 | 1=((10+(3*16))/x) | 1 10 3 16 * + x / = | 1:dollar 10:dollar 3:book 16:dollar *:dollar +:dollar x:book /:dollar =:dollar
EXPR: 0 | POS | INT | 34 | 224 | 2 | 1=((10+(3*x))/16) | 1 10 3 x * + 16 / = | 1:dollar 10:dollar 3:book x:dollar *:dollar +:dollar 16:book /:dollar =:dollar
EXPR: 0 | POS | INT | 34 | 224 | 3 | 3=(((16-10)*1)-x) | 3 16 10 - 1 * x - = | 3:dollar 16:dollar 10:dollar -:dollar 1:book *:dollar x:dollar -:dollar =:dollar
EXPR: 0 | POS | INT | 34 | 224 | 480 | ((x*(1/10))/3)=16 | x 1 10 / * 3 / 16 = | x:dollar 1:book 10:dollar /:book *:book 3:dollar /:book 16:book =:book
EXPR: 0 | POS | INT | 34 | 224 | 208 | 10=(((x*1)/16)-3) | 10 x 1 * 16 / 3 - = | 10:dollar x:dollar 1:book *:dollar 16:book /:dollar 3:dollar -:dollar =:dollar
EXPR: 0 | POS | INT | 34 | 224 | 3 | (x+10)=(1*(16-3)) | x 10 + 1 16 3 - * = | x:dollar 10:dollar +:dollar 1:book 16:dollar 3:dollar -:dollar *:dollar =:dollar
EXPR: 0 | POS | INT | 34 | 224 | 432 | 1=(10-(x/(3*16))) | 1 10 x 3 16 * / - = | 1:book 10:book x:book 3:dollar 16:book *:dollar /:book -:book =:book
EXPR: 0 | POS | INT | 34 | 224 | 23 | x=(1*(10+(16-3))) | x 1 10 16 3 - + * = | x:book 1:dollar 10:book 16:book 3:book -:book +:book *:book =:book
EXPR: 0 | POS | INT | 35 | 224 | 9 | (16+(3-(10*1)))=x | 16 3 10 1 * - + x = | 16:dollar 3:dollar 10:book 1:dollar *:dollar -:dollar +:dollar x:dollar =:dollar
EXPR: 0 | POS | INT | 35 | 224 | 120 | x=(((16-1)-3)*10) | x 16 1 - 3 - 10 * = | x:dollar 16:book 1:book -:book 3:book -:book 10:dollar *:dollar =:dollar
EXPR: 0 | POS | INT | 35 | 224 | 24 | ((1-(3-10))+16)=x | 1 3 10 - - 16 + x = | 1:dollar 3:dollar 10:dollar -:dollar -:dollar 16:dollar +:dollar x:dollar =:dollar
EXPR: 0 | POS | INT | 35 | 224 | 180 | x=(((16-1)+3)*10) | x 16 1 - 3 + 10 * = | x:dollar 16:book 1:book -:book 3:book +:book 10:dollar *:dollar =:dollar
EXPR: 0 | POS | INT | 35 | 224 | 22 | (10+((16-1)-3))=x | 10 16 1 - 3 - + x = | 10:dollar 16:dollar 1:dollar -:dollar 3:dollar -:dollar +:dollar x:dollar =:dollar
EXPR: 0 | POS | INT | 35 | 224 | 24 | x=((10-(3-16))+1) | x 10 3 16 - - 1 + = | x:dollar 10:dollar 3:dollar 16:dollar -:dollar -:dollar 1:dollar +:dollar =:dollar
EXPR: 0 | POS | INT | 35 | 224 | 156 | ((10*16)-(1+3))=x | 10 16 * 1 3 + - x = | 10:dollar 16:book *:book 1:book 3:book +:book -:book x:book =:book
EXPR: 0 | POS | INT | 36 | 224 | 3 | 16=((3+(10+x))*1) | 16 3 10 x + + 1 * = | 16:dollar 3:book 10:book x:book +:book +:book 1:dollar *:dollar =:dollar
EXPR: 0 | POS | INT | 36 | 224 | 23 | 16=((3-(10-x))*1) | 16 3 10 x - - 1 * = | 16:dollar 3:book 10:book x:book -:book -:book 1:dollar *:dollar =:dollar
EXPR: 0 | POS | INT | 36 | 224 | 2 | 3=(((16-1)*x)/10) | 3 16 1 - x * 10 / = | 3:dollar 16:book 1:book -:book x:dollar *:dollar 10:book /:dollar =:dollar
EXPR: 0 | POS | INT | 36 | 224 | 5 | 3=((16-1)/(10-x)) | 3 16 1 - 10 x - / = | 3:book 16:book 1:book -:book 10:dollar x:dollar -:dollar /:book =:book
EXPR: 0 | POS | INT | 36 | 224 | 22 | (10+((16-1)-3))=x | 10 16 1 - 3 - + x = | 10:dollar 16:dollar 1:dollar -:dollar 3:dollar -:dollar +:dollar x:dollar =:dollar
EXPR: 0 | POS | INT | 36 | 224 | 157 | ((16/(x+3))*10)=1 | 16 x 3 + / 10 * 1 = | 16:dollar x:book 3:book +:book /:dollar 10:book *:dollar 1:dollar =:dollar
EXPR: 0 | POS | INT | 36 | 224 | 79 | 16=(((x-1)/3)-10) | 16 x 1 - 3 / 10 - = | 16:dollar x:dollar 1:dollar -:dollar 3:book /:dollar 10:dollar -:dollar =:dollar
EXPR: 0 | POS | INT | 36 | 224 | 15 | 3=((16+(x-1))/10) | 3 16 x 1 - + 10 / = | 3:dollar 16:dollar x:dollar 1:dollar -:dollar +:dollar 10:book /:dollar =:dollar
EXPR: 0 | POS | INT | 36 | 224 | 24 | x=((10-(3-16))+1) | x 10 3 16 - - 1 + = | x:dollar 10:dollar 3:dollar 16:dollar -:dollar -:dollar 1:dollar +:dollar =:dollar
EXPR: 0 | POS | INT | 36 | 224 | 77 | 16=(((x+1)/3)-10) | 16 x 1 + 3 / 10 - = | 16:dollar x:dollar 1:dollar +:dollar 3:book /:dollar 10:dollar -:dollar =:dollar
EXPR: 0 | POS | INT | 36 | 224 | 130 | (x/((16-3)*10))=1 | x 16 3 - 10 * / 1 = | x:book 16:dollar 3:dollar -:dollar 10:book *:dollar /:book 1:book =:book
EXPR: 0 | POS | INT | 36 | 224 | 140 | ((1-(x/10))+16)=3 | 1 x 10 / - 16 + 3 = | 1:book x:book 10:dollar /:book -:book 16:book +:book 3:book =:book
EXPR: 0 | POS | INT | 37 | 224 | 164 | ((x-(1+3))/10)=16 | x 1 3 + - 10 / 16 = | x:book 1:book 3:book +:book -:book 10:dollar /:book 16:book =:book
EXPR: 0 | POS | INT | 37 | 224 | 162 | ((x+(1-3))/10)=16 | x 1 3 - + 10 / 16 = | x:book 1:book 3:book -:book +:book 10:dollar /:book 16:book =:book
EXPR: 0 | POS | INT | 37 | 224 | 158 | ((x-(1-3))/10)=16 | x 1 3 - - 10 / 16 = | x:book 1:book 3:book -:book -:book 10:dollar /:book 16:book =:book
EXPR: 0 | POS | INT | 37 | 224 | 480 | ((x*(1/3))/10)=16 | x 1 3 / * 10 / 16 = | x:dollar 1:book 3:dollar /:book *:book 10:dollar /:book 16:book =:book
EXPR: 0 | POS | INT | 37 | 224 | 50 | (((x*3)/10)+1)=16 | x 3 * 10 / 1 + 16 = | x:book 3:dollar *:dollar 10:book /:dollar 1:dollar +:dollar 16:dollar =:dollar
EXPR: 0 | POS | INT | 37 | 224 | 77 | (((10+16)*3)-1)=x | 10 16 + 3 * 1 - x = | 10:book 16:book +:book 3:dollar *:dollar 1:dollar -:dollar x:dollar =:dollar
EXPR: 0 | POS | INT | 37 | 224 | 480 | ((10*3)*(16/x))=1 | 10 3 * 16 x / * 1 = | 10:book 3:dollar *:dollar 16:book x:dollar /:book *:dollar 1:dollar =:dollar
EXPR: 0 | POS | INT | 37 | 224 | 75 | ((10-(x/3))+16)=1 | 10 x 3 / - 16 + 1 = | 10:book x:book 3:dollar /:book -:book 16:book +:book 1:book =:book
EXPR: 0 | POS | INT | 37 | 224 | 23 | ((3-(10*1))+x)=16 | 3 10 1 * - x + 16 = | 3:book 10:book 1:dollar *:book -:book x:book +:book 16:book =:book
EXPR: 0 | POS | INT | 37 | 224 | 2 | 10=(((16-1)*x)/3) | 10 16 1 - x * 3 / = | 10:book 16:dollar 1:dollar -:dollar x:book *:book 3:dollar /:book =:book
EXPR: 0 | POS | INT | 37 | 224 | 480 | ((10*3)*(16/x))=1 | 10 3 * 16 x / * 1 = | 10:dollar 3:book *:dollar 16:book x:dollar /:book *:dollar 1:dollar =:dollar
EXPR: 0 | POS | INT | 38 | 224 | 4 | 16=(((3-1)*10)-x) | 16 3 1 - 10 * x - = | 16:dollar 3:dollar 1:dollar -:dollar 10:book *:dollar x:dollar -:dollar =:dollar
EXPR: 0 | POS | INT | 38 | 224 | 3 | 16=((3+(x*1))+10) | 16 3 x 1 * + 10 + = | 16:dollar 3:dollar x:dollar 1:book *:dollar +:dollar 10:dollar +:dollar =:dollar
EXPR: 0 | POS | INT | 38 | 224 | 158 | 16=((3+(x-1))/10) | 16 3 x 1 - + 10 / = | 16:dollar 3:dollar x:dollar 1:dollar -:dollar +:dollar 10:book /:dollar =:dollar
EXPR: 0 | POS | INT | 38 | 224 | 156 | 16=((3+(x+1))/10) | 16 3 x 1 + + 10 / = | 16:dollar 3:dollar x:dollar 1:dollar +:dollar +:dollar 10:book /:dollar =:dollar
EXPR: 0 | POS | INT | 38 | 224 | 130 | (x/((16-3)*1))=10 | x 16 3 - 1 * / 10 = | x:book 16:dollar 3:dollar -:dollar 1:book *:dollar /:book 10:book =:book
EXPR: 0 | POS | INT | 38 | 224 | 1 | (16-(3*(x+1)))=10 | 16 3 x 1 + * - 10 = | 16:dollar 3:book x:dollar 1:dollar +:dollar *:dollar -:dollar 10:dollar =:dollar
EXPR: 0 | POS | INT | 38 | 224 | 77 | (((10+16)*3)-1)=x | 10 16 + 3 * 1 - x = | 10:book 16:book +:book 3:dollar *:dollar 1:dollar -:dollar x:dollar =:dollar
EXPR: 0 | POS | INT | 38 | 224 | 9 | x=(1*((16-10)+3)) | x 1 16 10 - 3 + * = | x:book 1:book 16:dollar 10:dollar -:dollar 3:dollar +:dollar *:book =:book
EXPR: 0 | POS | INT | 39 | 224 | 24 | x=((16-10)*(1+3)) | x 16 10 - 1 3 + * = | x:dollar 16:book 10:book -:book 1:dollar 3:dollar +:dollar *:dollar =:dollar
EXPR: 0 | POS | INT | 39 | 224 | 48 | ((16*(10-1))/3)=x | 16 10 1 - * 3 / x = | 16:book 10:dollar 1:dollar -:dollar *:dollar 3:book /:dollar x:dollar =:dollar
EXPR: 0 | POS | INT | 39 | 224 | 23 | (10+(16-3))=(x*1) | 10 16 3 - + x 1 * = | 10:dollar 16:dollar 3:dollar -:dollar +:dollar x:dollar 1:book *:dollar =:dollar
EXPR: 0 | POS | INT | 39 | 224 | 23 | ((10+16)/(3+x))=1 | 10 16 + 3 x + / 1 = | 10:dollar 16:dollar +:dollar 3:book x:book +:book /:dollar 1:dollar =:dollar
EXPR: 0 | POS | INT | 39 | 224 | 30 | x=((1+(3+16))+10) | x 1 3 16 + + 10 + = | x:dollar 1:dollar 3:dollar 16:dollar +:dollar +:dollar 10:dollar +:dollar =:dollar
EXPR: 0 | POS | INT | 39 | 224 | 4 | 3=((1-(x+10))+16) | 3 1 x 10 + - 16 + = | 3:dollar 1:dollar x:dollar 10:dollar +:dollar -:dollar 16:dollar +:dollar =:dollar
EXPR: 0 | POS | INT | 39 | 224 | 80 | (x*((3-1)/10))=16 | x 3 1 - 10 / * 16 = | x:book 3:dollar 1:dollar -:dollar 10:book /:dollar *:dollar 16:dollar =:dollar
EXPR: 0 | POS | INT | 39 | 224 | 24 | x=((1-(3-16))+10) | x 1 3 16 - - 10 + = | x:dollar 1:dollar 3:dollar 16:dollar -:dollar -:dollar 10:dollar +:dollar =:dollar
EXPR: 0 | POS | INT | 39 | 224 | 9 | x=(1*((16-10)+3)) | x 1 16 10 - 3 + * = | x:book 1:book 16:dollar 10:dollar -:dollar 3:dollar +:dollar *:book =:book
EXPR: 0 | POS | INT | 40 | 224 | 38 | 3=(((x+10)/16)*1) | 3 x 10 + 16 / 1 * = | 3:dollar x:book 10:book +:book 16:dollar /:book 1:dollar *:dollar =:dollar
EXPR: 0 | POS | INT | 40 | 224 | 24 | x=((16-10)*(1+3)) | x 16 10 - 1 3 + * = | x:dollar 16:book 10:book -:book 1:dollar 3:dollar +:dollar *:dollar =:dollar
EXPR: 0 | POS | INT | 40 | 224 | 30 | x=((1+(3+16))+10) | x 1 3 16 + + 10 + = | x:dollar 1:dollar 3:dollar 16:dollar +:dollar +:dollar 10:dollar +:dollar =:dollar
EXPR: 0 | POS | INT | 40 | 224 | 2 | (((x*3)+10)/16)=1 | x 3 * 10 + 16 / 1 = | x:dollar 3:book *:dollar 10:dollar +:dollar 16:book /:dollar 1:dollar =:dollar
EXPR: 0 | POS | INT | 41 | 224 | 3 | (((1*16)-3)-10)=x | 1 16 * 3 - 10 - x = | 1:dollar 16:book *:book 3:book -:book 10:book -:book x:book =:book
EXPR: 0 | POS | INT | 41 | 224 | 23 | (((1*16)-3)+10)=x | 1 16 * 3 - 10 + x = | 1:dollar 16:book *:book 3:book -:book 10:book +:book x:book =:book
EXPR: 0 | POS | INT | 41 | 224 | 12 | x=((16-10)*(3-1)) | x 16 10 - 3 1 - * = | x:dollar 16:book 10:book -:book 3:dollar 1:dollar -:dollar *:dollar =:dollar
EXPR: 0 | POS | INT | 41 | 224 | 12 | ((x/(16-10))+1)=3 | x 16 10 - / 1 + 3 = | x:dollar 16:book 10:book -:book /:dollar 1:dollar +:dollar 3:dollar =:dollar
EXPR: 0 | POS | INT | 41 | 224 | 38 | (16/(10+x))=(1/3) | 16 10 x + / 1 3 / = | 16:dollar 10:book x:book +:book /:dollar 1:dollar 3:book /:dollar =:dollar
EXPR: 0 | POS | INT | 41 | 224 | 23 | 16=(((x-10)*1)+3) | 16 x 10 - 1 * 3 + = | 16:dollar x:book 10:book -:book 1:dollar *:dollar 3:dollar +:dollar =:dollar
EXPR: 0 | POS | INT | 42 | 224 | 3 | (((1*16)-3)-10)=x | 1 16 * 3 - 10 - x = | 1:dollar 16:book *:book 3:book -:book 10:book -:book x:book =:book
EXPR: 0 | POS | INT | 42 | 224 | 12 | x=((16-10)*(3-1)) | x 16 10 - 3 1 - * = | x:dollar 16:book 10:book -:book 3:dollar 1:dollar -:dollar *:dollar =:dollar
EXPR: 0 | POS | INT | 42 | 224 | 9 | (10+((x*1)-3))=16 | 10 x 1 * 3 - + 16 = | 10:dollar x:book 1:dollar *:dollar 3:dollar -:dollar +:dollar 16:dollar =:dollar
NET 281 non-negative, integer-valued solutions found out of 1000 total solutions
