parameters: n=7 l=3 k=1 p=5 q=3 m=9
TOTAL 1000 solutions found
SOLN: CORRECT | POS/NEG | INT/FRA | OBJ-SCORE | TRUE-ANS | ANS | INFIX | POSTFIX | TYPED-POSTFIX
EXPR: 1 | POS | INT | 2 | 56 | 56 | 84=((x/8)*12) | 84 x 8 / 12 * = | 84:marble x:dozen 8:Melanie /:dozen 12:marble *:marble =:marble
EXPR: 1 | POS | INT | 2 | 56 | 56 | (84*(8/x))=12 | 84 8 x / * 12 = | 84:marble 8:Melanie x:dozen /:Melanie *:marble 12:marble =:marble
EXPR: 1 | POS | INT | 2 | 56 | 56 | ((84/x)*8)=12 | 84 x / 8 * 12 = | 84:marble x:dozen /:marble 8:Melanie *:marble 12:marble =:marble
EXPR: 1 | POS | INT | 2 | 56 | 56 | ((84*8)/x)=12 | 84 8 * x / 12 = | 84:marble 8:Melanie *:marble x:dozen /:marble 12:marble =:marble
EXPR: 1 | POS | INT | 10 | 56 | 56 | x=((84*8)/12) | x 84 8 * 12 / = | x:dozen 84:marble 8:dozen *:dozen 12:marble /:dozen =:dozen
EXPR: 0 | POS | INT | 10 | 56 | 8064 | x=((84*8)*12) | x 84 8 * 12 * = | x:dozen 84:marble 8:Melanie *:Melanie 12:dozen *:dozen =:dozen
EXPR: 0 | POS | INT | 10 | 56 | 8064 | x=(84*(8*12)) | x 84 8 12 * * = | x:dozen 84:dozen 8:Melanie 12:marble *:Melanie *:dozen =:dozen
EXPR: 0 | POS | INT | 10 | 56 | 8064 | x=((84*8)*12) | x 84 8 * 12 * = | x:dozen 84:marble 8:Melanie *:marble 12:dozen *:dozen =:dozen
EXPR: 0 | POS | INT | 10 | 56 | 126 | x=((84/8)*12) | x 84 8 / 12 * = | x:dozen 84:marble 8:Melanie /:marble 12:dozen *:dozen =:dozen
EXPR: 0 | POS | INT | 10 | 56 | 8064 | x=((84*8)*12) | x 84 8 * 12 * = | x:marble 84:marble 8:Melanie *:Melanie 12:marble *:marble =:marble
EXPR: 0 | POS | INT | 10 | 56 | 8064 | x=(84*(8*12)) | x 84 8 12 * * = | x:dozen 84:marble 8:Melanie 12:dozen *:dozen *:dozen =:dozen
EXPR: 1 | POS | INT | 10 | 56 | 56 | x=((84*8)/12) | x 84 8 * 12 / = | x:Melanie 84:marble 8:Melanie *:Melanie 12:marble /:Melanie =:Melanie
EXPR: 0 | POS | INT | 10 | 56 | 8064 | x=((84*8)*12) | x 84 8 * 12 * = | x:dozen 84:dozen 8:Melanie *:dozen 12:marble *:dozen =:dozen
EXPR: 0 | POS | INT | 10 | 56 | 8064 | x=((84*8)*12) | x 84 8 * 12 * = | x:Melanie 84:marble 8:Melanie *:Melanie 12:marble *:Melanie =:Melanie
EXPR: 1 | POS | INT | 10 | 56 | 56 | x=((84*8)/12) | x 84 8 * 12 / = | x:dozen 84:dozen 8:Melanie *:dozen 12:marble /:dozen =:dozen
EXPR: 0 | POS | INT | 10 | 56 | 126 | x=((84/8)*12) | x 84 8 / 12 * = | x:dozen 84:dozen 8:Melanie /:dozen 12:marble *:dozen =:dozen
EXPR: 1 | POS | INT | 10 | 56 | 56 | x=(84*(8/12)) | x 84 8 12 / * = | x:dozen 84:dozen 8:Melanie 12:marble /:Melanie *:dozen =:dozen
EXPR: 0 | POS | INT | 10 | 56 | 180 | x=(84+(8*12)) | x 84 8 12 * + = | x:marble 84:marble 8:Melanie 12:marble *:marble +:marble =:marble
EXPR: 0 | POS | INT | 10 | 56 | 8064 | x=(84*(8*12)) | x 84 8 12 * * = | x:dozen 84:dozen 8:Melanie 12:marble *:marble *:dozen =:dozen
EXPR: 0 | POS | INT | 11 | 56 | 8064 | x=((84*8)*12) | x 84 8 * 12 * = | x:dozen 84:marble 8:Melanie *:Melanie 12:dozen *:dozen =:dozen
EXPR: 0 | POS | INT | 11 | 56 | 8064 | x=(84*(8*12)) | x 84 8 12 * * = | x:dozen 84:marble 8:Melanie 12:dozen *:dozen *:dozen =:dozen
EXPR: 0 | POS | INT | 11 | 56 | 8064 | x=((84*8)*12) | x 84 8 * 12 * = | x:dozen 84:marble 8:Melanie *:marble 12:dozen *:dozen =:dozen
EXPR: 0 | POS | INT | 11 | 56 | 126 | x=((84/8)*12) | x 84 8 / 12 * = | x:dozen 84:marble 8:Melanie /:marble 12:dozen *:dozen =:dozen
EXPR: 1 | POS | INT | 11 | 56 | 56 | x=((84*8)/12) | x 84 8 * 12 / = | x:Melanie 84:marble 8:Melanie *:Melanie 12:marble /:Melanie =:Melanie
EXPR: 0 | POS | INT | 11 | 56 | 8064 | x=((84*8)*12) | x 84 8 * 12 * = | x:Melanie 84:marble 8:Melanie *:Melanie 12:marble *:Melanie =:Melanie
EXPR: 1 | POS | INT | 11 | 56 | 56 | x=((84*8)/12) | x 84 8 * 12 / = | x:dozen 84:dozen 8:Melanie *:dozen 12:marble /:dozen =:dozen
EXPR: 0 | POS | INT | 11 | 56 | 8064 | x=((84*8)*12) | x 84 8 * 12 * = | x:dozen 84:dozen 8:Melanie *:dozen 12:marble *:dozen =:dozen
EXPR: 0 | POS | INT | 11 | 56 | 8064 | x=(84*(8*12)) | x 84 8 12 * * = | x:dozen 84:dozen 8:Melanie 12:marble *:Melanie *:dozen =:dozen
EXPR: 1 | POS | INT | 11 | 56 | 56 | x=(84*(8/12)) | x 84 8 12 / * = | x:dozen 84:dozen 8:Melanie 12:marble /:Melanie *:dozen =:dozen
EXPR: 1 | POS | INT | 11 | 56 | 56 | x=((84*8)/12) | x 84 8 * 12 / = | x:dozen 84:marble 8:dozen *:dozen 12:marble /:dozen =:dozen
EXPR: 0 | POS | INT | 11 | 56 | 180 | x=(84+(8*12)) | x 84 8 12 * + = | x:marble 84:marble 8:Melanie 12:marble *:marble +:marble =:marble
EXPR: 0 | POS | INT | 11 | 56 | 8064 | x=(84*(8*12)) | x 84 8 12 * * = | x:dozen 84:dozen 8:Melanie 12:marble *:marble *:dozen =:dozen
EXPR: 0 | POS | INT | 11 | 56 | 8064 | x=((84*8)*12) | x 84 8 * 12 * = | x:marble 84:marble 8:Melanie *:Melanie 12:marble *:marble =:marble
EXPR: 1 | POS | INT | 12 | 56 | 56 | (8*(84/x))=12 | 8 84 x / * 12 = | 8:Melanie 84:marble x:dozen /:marble *:marble 12:marble =:marble
EXPR: 0 | POS | INT | 12 | 56 | 180 | 84=(x-(8*12)) | 84 x 8 12 * - = | 84:marble x:marble 8:Melanie 12:marble *:marble -:marble =:marble
EXPR: 0 | POS | INT | 12 | 56 | 12 | 84=((x*8)-12) | 84 x 8 * 12 - = | 84:marble x:dozen 8:marble *:marble 12:marble -:marble =:marble
EXPR: 0 | POS | INT | 12 | 56 | 9 | 84=((x*8)+12) | 84 x 8 * 12 + = | 84:marble x:dozen 8:marble *:marble 12:marble +:marble =:marble
EXPR: 0 | POS | INT | 12 | 56 | 126 | ((x/84)*8)=12 | x 84 / 8 * 12 = | x:dozen 84:marble /:dozen 8:Melanie *:dozen 12:dozen =:dozen
EXPR: 0 | POS | INT | 12 | 56 | 126 | 84=((8/12)*x) | 84 8 12 / x * = | 84:Melanie 8:Melanie 12:marble /:Melanie x:dozen *:Melanie =:Melanie
EXPR: 0 | POS | INT | 12 | 56 | 126 | ((x/84)*8)=12 | x 84 / 8 * 12 = | x:dozen 84:marble /:dozen 8:marble *:marble 12:marble =:marble
EXPR: 0 | POS | INT | 12 | 56 | 660 | ((84*8)-x)=12 | 84 8 * x - 12 = | 84:marble 8:Melanie *:marble x:marble -:marble 12:marble =:marble
EXPR: 1 | POS | INT | 12 | 56 | 56 | ((84/x)*8)=12 | 84 x / 8 * 12 = | 84:marble x:dozen /:marble 8:dozen *:marble 12:marble =:marble
EXPR: 1 | POS | INT | 12 | 56 | 56 | ((84/x)*8)=12 | 84 x / 8 * 12 = | 84:marble x:Melanie /:marble 8:Melanie *:marble 12:marble =:marble
EXPR: 1 | POS | INT | 12 | 56 | 56 | ((84*8)/x)=12 | 84 8 * x / 12 = | 84:marble 8:Melanie *:marble x:Melanie /:marble 12:marble =:marble
EXPR: 0 | POS | INT | 12 | 56 | 126 | 84=(x*(8/12)) | 84 x 8 12 / * = | 84:marble x:marble 8:Melanie 12:marble /:Melanie *:marble =:marble
EXPR: 0 | POS | INT | 12 | 56 | 8064 | 84=(x/(8*12)) | 84 x 8 12 * / = | 84:marble x:marble 8:Melanie 12:marble *:Melanie /:marble =:marble
EXPR: 0 | POS | INT | 12 | 56 | 15 | (84/(x-8))=12 | 84 x 8 - / 12 = | 84:marble x:Melanie 8:Melanie -:Melanie /:marble 12:marble =:marble
EXPR: 1 | POS | INT | 12 | 56 | 56 | 84=((x*12)/8) | 84 x 12 * 8 / = | 84:marble x:dozen 12:marble *:marble 8:Melanie /:marble =:marble
EXPR: 1 | POS | INT | 12 | 56 | 56 | 84=((12/8)*x) | 84 12 8 / x * = | 84:marble 12:marble 8:Melanie /:marble x:dozen *:marble =:marble
EXPR: 0 | POS | INT | 12 | 56 | 126 | 84=((x*8)/12) | 84 x 8 * 12 / = | 84:Melanie x:dozen 8:Melanie *:Melanie 12:marble /:Melanie =:Melanie
EXPR: 0 | POS | INT | 12 | 56 | 126 | 84=((8*x)/12) | 84 8 x * 12 / = | 84:Melanie 8:Melanie x:dozen *:Melanie 12:marble /:Melanie =:Melanie
EXPR: 0 | POS | INT | 12 | 56 | 126 | ((x/84)*8)=12 | x 84 / 8 * 12 = | x:dozen 84:marble /:dozen 8:Melanie *:Melanie 12:Melanie =:Melanie
EXPR: 0 | POS | INT | 12 | 56 | 126 | 84=(x*(8/12)) | 84 x 8 12 / * = | 84:dozen x:dozen 8:Melanie 12:marble /:Melanie *:dozen =:dozen
EXPR: 1 | POS | INT | 12 | 56 | 56 | ((84/x)*8)=12 | 84 x / 8 * 12 = | 84:marble x:dozen /:marble 8:Melanie *:Melanie 12:Melanie =:Melanie
EXPR: 0 | POS | INT | 12 | 56 | 8064 | 84=(x/(8*12)) | 84 x 8 12 * / = | 84:dozen x:dozen 8:Melanie 12:marble *:Melanie /:dozen =:dozen
EXPR: 0 | POS | INT | 12 | 56 | 9 | (84-(x*8))=12 | 84 x 8 * - 12 = | 84:marble x:dozen 8:marble *:marble -:marble 12:marble =:marble
EXPR: 0 | POS | INT | 12 | 56 | 768 | 84=((x/8)-12) | 84 x 8 / 12 - = | 84:marble x:marble 8:Melanie /:marble 12:marble -:marble =:marble
EXPR: 0 | POS | INT | 12 | 56 | 576 | 84=((x/8)+12) | 84 x 8 / 12 + = | 84:marble x:marble 8:Melanie /:marble 12:marble +:marble =:marble
EXPR: 0 | POS | INT | 12 | 56 | 9 | 84=((x*8)+12) | 84 x 8 * 12 + = | 84:marble x:marble 8:Melanie *:marble 12:marble +:marble =:marble
EXPR: 0 | POS | INT | 12 | 56 | 12 | 84=((x*8)-12) | 84 x 8 * 12 - = | 84:marble x:marble 8:Melanie *:marble 12:marble -:marble =:marble
EXPR: 0 | POS | INT | 12 | 56 | 9 | (84-(8*x))=12 | 84 8 x * - 12 = | 84:marble 8:Melanie x:marble *:marble -:marble 12:marble =:marble
EXPR: 0 | POS | INT | 12 | 56 | 1 | 84=((8-x)*12) | 84 8 x - 12 * = | 84:marble 8:Melanie x:Melanie -:Melanie 12:marble *:marble =:marble
EXPR: 0 | POS | INT | 12 | 56 | 8064 | (x/(84*8))=12 | x 84 8 * / 12 = | x:dozen 84:marble 8:Melanie *:marble /:dozen 12:dozen =:dozen
EXPR: 0 | POS | INT | 12 | 56 | 8064 | (x/(84*8))=12 | x 84 8 * / 12 = | x:marble 84:marble 8:Melanie *:Melanie /:marble 12:marble =:marble
EXPR: 0 | POS | INT | 12 | 56 | 8064 | 84=(x/(8*12)) | 84 x 8 12 * / = | 84:dozen x:dozen 8:Melanie 12:marble *:marble /:dozen =:dozen
EXPR: 0 | POS | INT | 12 | 56 | 1 | (84/(8-x))=12 | 84 8 x - / 12 = | 84:marble 8:dozen x:dozen -:dozen /:marble 12:marble =:marble
EXPR: 0 | POS | INT | 12 | 56 | 12 | ((84+x)/8)=12 | 84 x + 8 / 12 = | 84:marble x:marble +:marble 8:Melanie /:marble 12:marble =:marble
EXPR: 0 | POS | INT | 12 | 56 | 684 | (x-(84*8))=12 | x 84 8 * - 12 = | x:marble 84:marble 8:Melanie *:marble -:marble 12:marble =:marble
EXPR: 0 | POS | INT | 12 | 56 | 576 | (84-(x/8))=12 | 84 x 8 / - 12 = | 84:marble x:marble 8:Melanie /:marble -:marble 12:marble =:marble
EXPR: 0 | POS | INT | 12 | 56 | 9 | (84-(x*8))=12 | 84 x 8 * - 12 = | 84:marble x:marble 8:Melanie *:marble -:marble 12:marble =:marble
EXPR: 1 | POS | INT | 12 | 56 | 56 | ((84*8)/x)=12 | 84 8 * x / 12 = | 84:marble 8:dozen *:marble x:dozen /:marble 12:marble =:marble
EXPR: 0 | POS | INT | 12 | 56 | 15 | 84=((x-8)*12) | 84 x 8 - 12 * = | 84:marble x:Melanie 8:Melanie -:Melanie 12:marble *:marble =:marble
EXPR: 1 | POS | INT | 12 | 56 | 56 | (84*(8/x))=12 | 84 8 x / * 12 = | 84:marble 8:Melanie x:dozen /:Melanie *:Melanie 12:Melanie =:Melanie
EXPR: 1 | POS | INT | 12 | 56 | 56 | ((84*8)/x)=12 | 84 8 * x / 12 = | 84:marble 8:Melanie *:Melanie x:dozen /:Melanie 12:Melanie =:Melanie
EXPR: 0 | POS | INT | 12 | 56 | 126 | 84=(8*(x/12)) | 84 8 x 12 / * = | 84:dozen 8:Melanie x:dozen 12:marble /:dozen *:dozen =:dozen
EXPR: 0 | POS | INT | 12 | 56 | 1 | (84/(8-x))=12 | 84 8 x - / 12 = | 84:marble 8:Melanie x:Melanie -:Melanie /:marble 12:marble =:marble
EXPR: 0 | POS | INT | 12 | 56 | 126 | 84=(8*(x/12)) | 84 8 x 12 / * = | 84:marble 8:marble x:dozen 12:marble /:dozen *:marble =:marble
EXPR: 1 | POS | INT | 17 | 56 | 56 | 12=(84*(8/x)) | 12 84 8 x / * = | 12:marble 84:marble 8:Melanie x:dozen /:Melanie *:marble =:marble
EXPR: 0 | POS | INT | 20 | 56 | 126 | x=(84*(12/8)) | x 84 12 8 / * = | x:dozen 84:dozen 12:marble 8:Melanie /:marble *:dozen =:dozen
EXPR: 0 | POS | INT | 20 | 56 | 126 | x=(84*(12/8)) | x 84 12 8 / * = | x:dozen 84:marble 12:dozen 8:Melanie /:dozen *:dozen =:dozen
EXPR: 0 | POS | INT | 20 | 56 | 126 | x=((84*12)/8) | x 84 12 * 8 / = | x:dozen 84:dozen 12:marble *:dozen 8:Melanie /:dozen =:dozen
EXPR: 0 | POS | INT | 20 | 56 | 684 | x=((84*8)+12) | x 84 8 * 12 + = | x:Melanie 84:marble 8:Melanie *:Melanie 12:Melanie +:Melanie =:Melanie
EXPR: 0 | POS | INT | 20 | 56 | 660 | x=((84*8)-12) | x 84 8 * 12 - = | x:Melanie 84:marble 8:Melanie *:Melanie 12:Melanie -:Melanie =:Melanie
EXPR: 0 | POS | INT | 20 | 56 | 660 | x=((84*8)-12) | x 84 8 * 12 - = | x:dozen 84:dozen 8:Melanie *:dozen 12:dozen -:dozen =:dozen
EXPR: 0 | POS | INT | 20 | 56 | 684 | x=((84*8)+12) | x 84 8 * 12 + = | x:dozen 84:dozen 8:Melanie *:dozen 12:dozen +:dozen =:dozen
EXPR: 0 | POS | INT | 20 | 56 | 8064 | x=(84*(8*12)) | x 84 8 12 * * = | x:dozen 84:dozen 8:Melanie 12:dozen *:Melanie *:dozen =:dozen
EXPR: 0 | POS | INT | 20 | 56 | 126 | x=((84/8)*12) | x 84 8 / 12 * = | x:marble 84:marble 8:Melanie /:marble 12:dozen *:marble =:marble
EXPR: 0 | POS | INT | 20 | 56 | 1104 | x=((84+8)*12) | x 84 8 + 12 * = | x:marble 84:Melanie 8:Melanie +:Melanie 12:marble *:marble =:marble
EXPR: 0 | POS | INT | 20 | 56 | 1104 | x=((84+8)*12) | x 84 8 + 12 * = | x:dozen 84:marble 8:marble +:marble 12:dozen *:dozen =:dozen
EXPR: 0 | POS | INT | 20 | 56 | 8064 | x=((84*8)*12) | x 84 8 * 12 * = | x:marble 84:dozen 8:Melanie *:dozen 12:marble *:marble =:marble
EXPR: 0 | POS | INT | 20 | 56 | 8064 | x=(8*(84*12)) | x 8 84 12 * * = | x:dozen 8:Melanie 84:marble 12:dozen *:dozen *:dozen =:dozen
EXPR: 0 | POS | INT | 20 | 56 | 126 | x=((84/8)*12) | x 84 8 / 12 * = | x:marble 84:dozen 8:Melanie /:dozen 12:marble *:marble =:marble
EXPR: 1 | POS | INT | 20 | 56 | 56 | x=((84*8)/12) | x 84 8 * 12 / = | x:marble 84:marble 8:Melanie *:marble 12:dozen /:marble =:marble
EXPR: 0 | POS | INT | 20 | 56 | 768 | x=((84+12)*8) | x 84 12 + 8 * = | x:dozen 84:marble 12:marble +:marble 8:dozen *:dozen =:dozen
EXPR: 0 | POS | INT | 20 | 56 | 8064 | x=((84*8)*12) | x 84 8 * 12 * = | x:dozen 84:dozen 8:Melanie *:Melanie 12:dozen *:dozen =:dozen
EXPR: 0 | POS | INT | 20 | 56 | 126 | x=((84/8)*12) | x 84 8 / 12 * = | x:dozen 84:dozen 8:marble /:dozen 12:marble *:dozen =:dozen
EXPR: 1 | POS | INT | 20 | 56 | 56 | x=((84*8)/12) | x 84 8 * 12 / = | x:dozen 84:dozen 8:marble *:dozen 12:marble /:dozen =:dozen
EXPR: 0 | POS | INT | 20 | 56 | 8064 | x=(84*(8*12)) | x 84 8 12 * * = | x:marble 84:marble 8:Melanie 12:dozen *:dozen *:marble =:marble
EXPR: 0 | POS | INT | 20 | 56 | 912 | x=((84-8)*12) | x 84 8 - 12 * = | x:dozen 84:Melanie 8:Melanie -:Melanie 12:dozen *:dozen =:dozen
EXPR: 1 | POS | INT | 20 | 56 | 56 | x=((84*8)/12) | x 84 8 * 12 / = | x:Melanie 84:marble 8:Melanie *:Melanie 12:dozen /:Melanie =:Melanie
EXPR: 0 | POS | INT | 20 | 56 | 576 | x=(8*(84-12)) | x 8 84 12 - * = | x:dozen 8:dozen 84:marble 12:marble -:marble *:dozen =:dozen
EXPR: 0 | POS | INT | 20 | 56 | 768 | x=(8*(84+12)) | x 8 84 12 + * = | x:dozen 8:dozen 84:marble 12:marble +:marble *:dozen =:dozen
EXPR: 0 | POS | INT | 20 | 56 | 912 | x=((84-8)*12) | x 84 8 - 12 * = | x:marble 84:Melanie 8:Melanie -:Melanie 12:marble *:marble =:marble
EXPR: 0 | POS | INT | 20 | 56 | 8064 | x=((84*8)*12) | x 84 8 * 12 * = | x:Melanie 84:marble 8:Melanie *:Melanie 12:dozen *:Melanie =:Melanie
EXPR: 0 | POS | INT | 20 | 56 | 684 | x=((84*8)+12) | x 84 8 * 12 + = | x:dozen 84:marble 8:dozen *:dozen 12:dozen +:dozen =:dozen
EXPR: 0 | POS | INT | 20 | 56 | 660 | x=((84*8)-12) | x 84 8 * 12 - = | x:dozen 84:marble 8:dozen *:dozen 12:dozen -:dozen =:dozen
EXPR: 0 | POS | INT | 20 | 56 | 1104 | x=((84+8)*12) | x 84 8 + 12 * = | x:Melanie 84:Melanie 8:Melanie +:Melanie 12:marble *:Melanie =:Melanie
EXPR: 0 | POS | INT | 20 | 56 | 912 | x=((84-8)*12) | x 84 8 - 12 * = | x:Melanie 84:Melanie 8:Melanie -:Melanie 12:marble *:Melanie =:Melanie
EXPR: 0 | POS | INT | 20 | 56 | 8064 | x=(84*(8*12)) | x 84 8 12 * * = | x:dozen 84:Melanie 8:Melanie 12:dozen *:dozen *:dozen =:dozen
EXPR: 0 | POS | INT | 20 | 56 | 8064 | x=(84*(8*12)) | x 84 8 12 * * = | x:Melanie 84:marble 8:Melanie 12:dozen *:Melanie *:Melanie =:Melanie
EXPR: 0 | POS | INT | 20 | 56 | 1104 | x=((84+8)*12) | x 84 8 + 12 * = | x:dozen 84:Melanie 8:Melanie +:Melanie 12:dozen *:dozen =:dozen
EXPR: 0 | POS | INT | 20 | 56 | 8064 | x=(84*(8*12)) | x 84 8 12 * * = | x:dozen 84:marble 8:marble 12:dozen *:dozen *:dozen =:dozen
EXPR: 0 | POS | INT | 20 | 56 | 8064 | x=((84*12)*8) | x 84 12 * 8 * = | x:dozen 84:marble 12:dozen *:dozen 8:Melanie *:dozen =:dozen
EXPR: 1 | POS | INT | 20 | 56 | 56 | x=((84*8)/12) | x 84 8 * 12 / = | x:Melanie 84:dozen 8:Melanie *:Melanie 12:marble /:Melanie =:Melanie
EXPR: 0 | POS | INT | 20 | 56 | 1680 | x=(84*(8+12)) | x 84 8 12 + * = | x:dozen 84:dozen 8:marble 12:marble +:marble *:dozen =:dozen
EXPR: 0 | POS | INT | 21 | 56 | 768 | x=((84+12)*8) | x 84 12 + 8 * = | x:Melanie 84:marble 12:marble +:marble 8:Melanie *:Melanie =:Melanie
EXPR: 0 | POS | INT | 21 | 56 | 684 | x=((84*8)+12) | x 84 8 * 12 + = | x:Melanie 84:marble 8:Melanie *:Melanie 12:Melanie +:Melanie =:Melanie
EXPR: 0 | POS | INT | 21 | 56 | 8064 | x=((84*8)*12) | x 84 8 * 12 * = | x:marble 84:dozen 8:Melanie *:Melanie 12:marble *:marble =:marble
EXPR: 0 | POS | INT | 21 | 56 | 684 | x=((84*8)+12) | x 84 8 * 12 + = | x:dozen 84:dozen 8:Melanie *:dozen 12:dozen +:dozen =:dozen
EXPR: 0 | POS | INT | 21 | 56 | 126 | x=(84*(12/8)) | x 84 12 8 / * = | x:dozen 84:dozen 12:marble 8:Melanie /:marble *:dozen =:dozen
EXPR: 0 | POS | INT | 21 | 56 | 1104 | x=((84+8)*12) | x 84 8 + 12 * = | x:marble 84:Melanie 8:Melanie +:Melanie 12:marble *:marble =:marble
EXPR: 0 | POS | INT | 21 | 56 | 660 | x=((84*8)-12) | x 84 8 * 12 - = | x:dozen 84:dozen 8:Melanie *:dozen 12:dozen -:dozen =:dozen
EXPR: 0 | POS | INT | 21 | 56 | 8064 | x=(84*(8*12)) | x 84 8 12 * * = | x:dozen 84:dozen 8:Melanie 12:dozen *:Melanie *:dozen =:dozen
EXPR: 0 | POS | INT | 21 | 56 | 8064 | x=(8*(84*12)) | x 8 84 12 * * = | x:dozen 8:Melanie 84:marble 12:dozen *:dozen *:dozen =:dozen
EXPR: 0 | POS | INT | 21 | 56 | 126 | x=((84/8)*12) | x 84 8 / 12 * = | x:marble 84:marble 8:Melanie /:marble 12:dozen *:marble =:marble
EXPR: 0 | POS | INT | 21 | 56 | 1104 | x=((84+8)*12) | x 84 8 + 12 * = | x:dozen 84:marble 8:marble +:marble 12:dozen *:dozen =:dozen
EXPR: 0 | POS | INT | 21 | 56 | 768 | x=((84+12)*8) | x 84 12 + 8 * = | x:dozen 84:marble 12:marble +:marble 8:dozen *:dozen =:dozen
EXPR: 0 | POS | INT | 21 | 56 | 8064 | x=((84*8)*12) | x 84 8 * 12 * = | x:dozen 84:dozen 8:Melanie *:Melanie 12:dozen *:dozen =:dozen
EXPR: 1 | POS | INT | 21 | 56 | 56 | x=((84*8)/12) | x 84 8 * 12 / = | x:dozen 84:dozen 8:marble *:dozen 12:marble /:dozen =:dozen
EXPR: 0 | POS | INT | 21 | 56 | 8064 | x=(84*(8*12)) | x 84 8 12 * * = | x:marble 84:marble 8:Melanie 12:dozen *:dozen *:marble =:marble
EXPR: 0 | POS | INT | 21 | 56 | 576 | x=(8*(84-12)) | x 8 84 12 - * = | x:dozen 8:dozen 84:marble 12:marble -:marble *:dozen =:dozen
EXPR: 0 | POS | INT | 21 | 56 | 768 | x=(8*(84+12)) | x 8 84 12 + * = | x:dozen 8:dozen 84:marble 12:marble +:marble *:dozen =:dozen
EXPR: 0 | POS | INT | 21 | 56 | 126 | x=(84*(12/8)) | x 84 12 8 / * = | x:dozen 84:marble 12:dozen 8:Melanie /:dozen *:dozen =:dozen
EXPR: 1 | POS | INT | 21 | 56 | 56 | x=((84*8)/12) | x 84 8 * 12 / = | x:Melanie 84:marble 8:Melanie *:Melanie 12:dozen /:Melanie =:Melanie
EXPR: 0 | POS | INT | 21 | 56 | 8064 | x=((84*8)*12) | x 84 8 * 12 * = | x:Melanie 84:marble 8:Melanie *:Melanie 12:dozen *:Melanie =:Melanie
EXPR: 0 | POS | INT | 21 | 56 | 660 | x=((84*8)-12) | x 84 8 * 12 - = | x:dozen 84:marble 8:dozen *:dozen 12:dozen -:dozen =:dozen
EXPR: 0 | POS | INT | 21 | 56 | 1104 | x=((84+8)*12) | x 84 8 + 12 * = | x:Melanie 84:Melanie 8:Melanie +:Melanie 12:marble *:Melanie =:Melanie
EXPR: 0 | POS | INT | 21 | 56 | 912 | x=((84-8)*12) | x 84 8 - 12 * = | x:Melanie 84:Melanie 8:Melanie -:Melanie 12:marble *:Melanie =:Melanie
EXPR: 0 | POS | INT | 21 | 56 | 126 | x=((84*12)/8) | x 84 12 * 8 / = | x:dozen 84:dozen 12:marble *:dozen 8:Melanie /:dozen =:dozen
EXPR: 0 | POS | INT | 21 | 56 | 8064 | x=(84*(8*12)) | x 84 8 12 * * = | x:dozen 84:Melanie 8:Melanie 12:dozen *:dozen *:dozen =:dozen
EXPR: 0 | POS | INT | 21 | 56 | 1104 | x=((84+8)*12) | x 84 8 + 12 * = | x:dozen 84:Melanie 8:Melanie +:Melanie 12:dozen *:dozen =:dozen
EXPR: 0 | POS | INT | 21 | 56 | 8064 | x=(84*(8*12)) | x 84 8 12 * * = | x:dozen 84:marble 8:marble 12:dozen *:dozen *:dozen =:dozen
EXPR: 0 | POS | INT | 21 | 56 | 8064 | x=((84*12)*8) | x 84 12 * 8 * = | x:dozen 84:marble 12:dozen *:dozen 8:Melanie *:dozen =:dozen
EXPR: 1 | POS | INT | 21 | 56 | 56 | x=((84*8)/12) | x 84 8 * 12 / = | x:Melanie 84:dozen 8:Melanie *:Melanie 12:marble /:Melanie =:Melanie
EXPR: 0 | POS | INT | 22 | 56 | 15 | 84=((x-8)*12) | 84 x 8 - 12 * = | 84:dozen x:dozen 8:dozen -:dozen 12:marble *:dozen =:dozen
EXPR: 0 | POS | INT | 22 | 56 | 8064 | 84=(x/(8*12)) | 84 x 8 12 * / = | 84:marble x:marble 8:Melanie 12:dozen *:dozen /:marble =:marble
EXPR: 0 | POS | INT | 22 | 56 | 684 | (x-(84*8))=12 | x 84 8 * - 12 = | x:dozen 84:dozen 8:Melanie *:dozen -:dozen 12:dozen =:dozen
EXPR: 0 | POS | INT | 22 | 56 | 1 | 84=(12*(8-x)) | 84 12 8 x - * = | 84:marble 12:marble 8:Melanie x:Melanie -:Melanie *:marble =:marble
EXPR: 0 | POS | INT | 22 | 56 | 12 | ((x*8)-84)=12 | x 8 * 84 - 12 = | x:dozen 8:marble *:marble 84:marble -:marble 12:marble =:marble
EXPR: 0 | POS | INT | 22 | 56 | 8064 | (x/(84*8))=12 | x 84 8 * / 12 = | x:marble 84:dozen 8:Melanie *:Melanie /:marble 12:marble =:marble
EXPR: 0 | POS | INT | 22 | 56 | 12 | 84=((x*8)-12) | 84 x 8 * 12 - = | 84:marble x:Melanie 8:marble *:marble 12:marble -:marble =:marble
EXPR: 1 | POS | INT | 22 | 56 | 56 | 84=((x/8)*12) | 84 x 8 / 12 * = | 84:Melanie x:dozen 8:Melanie /:dozen 12:Melanie *:Melanie =:Melanie
EXPR: 0 | POS | INT | 22 | 56 | 9 | 84=((x*8)+12) | 84 x 8 * 12 + = | 84:marble x:Melanie 8:marble *:marble 12:marble +:marble =:marble
EXPR: 0 | POS | INT | 22 | 56 | 126 | ((x/84)*8)=12 | x 84 / 8 * 12 = | x:dozen 84:marble /:dozen 8:marble *:dozen 12:dozen =:dozen
EXPR: 0 | POS | INT | 22 | 56 | 684 | (x-(84*8))=12 | x 84 8 * - 12 = | x:Melanie 84:marble 8:Melanie *:Melanie -:Melanie 12:Melanie =:Melanie
EXPR: 0 | POS | INT | 22 | 56 | 126 | 84=((8*x)/12) | 84 8 x * 12 / = | 84:marble 8:Melanie x:marble *:marble 12:dozen /:marble =:marble
EXPR: 0 | POS | INT | 22 | 56 | 126 | 84=((x/12)*8) | 84 x 12 / 8 * = | 84:Melanie x:dozen 12:marble /:dozen 8:Melanie *:Melanie =:Melanie
EXPR: 1 | POS | INT | 22 | 56 | 56 | ((x/84)*12)=8 | x 84 / 12 * 8 = | x:dozen 84:marble /:dozen 12:Melanie *:Melanie 8:Melanie =:Melanie
EXPR: 0 | POS | INT | 22 | 56 | 64 | (84-(x+8))=12 | 84 x 8 + - 12 = | 84:marble x:marble 8:marble +:marble -:marble 12:marble =:marble
EXPR: 0 | POS | INT | 22 | 56 | 126 | ((x/84)*8)=12 | x 84 / 8 * 12 = | x:dozen 84:Melanie /:dozen 8:marble *:marble 12:marble =:marble
EXPR: 0 | POS | INT | 22 | 56 | 126 | 84=((8/12)*x) | 84 8 12 / x * = | 84:marble 8:Melanie 12:dozen /:Melanie x:marble *:marble =:marble
EXPR: 0 | POS | INT | 22 | 56 | 126 | ((x/84)*8)=12 | x 84 / 8 * 12 = | x:dozen 84:Melanie /:dozen 8:Melanie *:Melanie 12:Melanie =:Melanie
EXPR: 0 | POS | INT | 22 | 56 | 126 | ((x/84)*8)=12 | x 84 / 8 * 12 = | x:marble 84:Melanie /:marble 8:Melanie *:marble 12:marble =:marble
EXPR: 1 | POS | INT | 22 | 56 | 56 | (84*(8/x))=12 | 84 8 x / * 12 = | 84:marble 8:dozen x:Melanie /:dozen *:marble 12:marble =:marble
EXPR: 0 | POS | INT | 22 | 56 | 80 | ((84+8)-x)=12 | 84 8 + x - 12 = | 84:marble 8:marble +:marble x:marble -:marble 12:marble =:marble
EXPR: 0 | POS | INT | 22 | 56 | 126 | ((x*8)/84)=12 | x 8 * 84 / 12 = | x:dozen 8:Melanie *:Melanie 84:marble /:Melanie 12:Melanie =:Melanie
EXPR: 0 | POS | INT | 22 | 56 | 126 | (x*(8/84))=12 | x 8 84 / * 12 = | x:dozen 8:Melanie 84:marble /:Melanie *:Melanie 12:Melanie =:Melanie
EXPR: 0 | POS | INT | 22 | 56 | 12 | ((8*x)-84)=12 | 8 x * 84 - 12 = | 8:marble x:dozen *:marble 84:marble -:marble 12:marble =:marble
EXPR: 0 | POS | INT | 22 | 56 | 684 | (84*8)=(x-12) | 84 8 * x 12 - = | 84:marble 8:Melanie *:marble x:marble 12:marble -:marble =:marble
EXPR: 0 | POS | INT | 22 | 56 | 126 | (84*(12/x))=8 | 84 12 x / * 8 = | 84:marble 12:Melanie x:dozen /:Melanie *:Melanie 8:Melanie =:Melanie
EXPR: 1 | POS | INT | 22 | 56 | 56 | (84*(8/x))=12 | 84 8 x / * 12 = | 84:marble 8:dozen x:marble /:dozen *:marble 12:marble =:marble
EXPR: 1 | POS | INT | 22 | 56 | 56 | ((84/x)*8)=12 | 84 x / 8 * 12 = | 84:marble x:dozen /:marble 8:dozen *:dozen 12:dozen =:dozen
EXPR: 0 | POS | INT | 22 | 56 | 64 | ((84-8)-x)=12 | 84 8 - x - 12 = | 84:marble 8:marble -:marble x:marble -:marble 12:marble =:marble
EXPR: 0 | POS | INT | 22 | 56 | 180 | ((x-84)/8)=12 | x 84 - 8 / 12 = | x:marble 84:marble -:marble 8:dozen /:marble 12:marble =:marble
EXPR: 1 | POS | INT | 22 | 56 | 56 | ((84*8)/x)=12 | 84 8 * x / 12 = | 84:marble 8:Melanie *:Melanie x:marble /:Melanie 12:Melanie =:Melanie
EXPR: 0 | POS | INT | 22 | 56 | 9 | 84=((8*x)+12) | 84 8 x * 12 + = | 84:Melanie 8:Melanie x:dozen *:Melanie 12:Melanie +:Melanie =:Melanie
EXPR: 0 | POS | INT | 22 | 56 | 8064 | (x/(84*8))=12 | x 84 8 * / 12 = | x:marble 84:dozen 8:Melanie *:dozen /:marble 12:marble =:marble
EXPR: 0 | POS | INT | 22 | 56 | 126 | ((8/84)*x)=12 | 8 84 / x * 12 = | 8:Melanie 84:marble /:Melanie x:marble *:marble 12:marble =:marble
EXPR: 0 | POS | INT | 22 | 56 | 126 | 84=((x*8)/12) | 84 x 8 * 12 / = | 84:marble x:dozen 8:marble *:marble 12:Melanie /:marble =:marble
EXPR: 0 | POS | INT | 22 | 56 | 12 | 84=((x*8)-12) | 84 x 8 * 12 - = | 84:Melanie x:dozen 8:Melanie *:Melanie 12:Melanie -:Melanie =:Melanie
EXPR: 0 | POS | INT | 22 | 56 | 9 | 84=((x*8)+12) | 84 x 8 * 12 + = | 84:Melanie x:dozen 8:Melanie *:Melanie 12:Melanie +:Melanie =:Melanie
EXPR: 0 | POS | INT | 22 | 56 | 126 | 84=((8/12)*x) | 84 8 12 / x * = | 84:marble 8:marble 12:Melanie /:marble x:dozen *:marble =:marble
EXPR: 0 | POS | INT | 22 | 56 | 9 | 84=(12+(8*x)) | 84 12 8 x * + = | 84:marble 12:marble 8:Melanie x:marble *:marble +:marble =:marble
EXPR: 0 | POS | INT | 22 | 56 | 126 | 84=((x*8)/12) | 84 x 8 * 12 / = | 84:marble x:dozen 8:marble *:marble 12:dozen /:marble =:marble
EXPR: 0 | POS | INT | 22 | 56 | 126 | 84=((8/12)*x) | 84 8 12 / x * = | 84:marble 8:marble 12:dozen /:marble x:dozen *:marble =:marble
EXPR: 0 | POS | INT | 22 | 56 | 12 | ((84+12)/x)=8 | 84 12 + x / 8 = | 84:marble 12:marble +:marble x:dozen /:marble 8:marble =:marble
EXPR: 0 | POS | INT | 22 | 56 | 12 | ((x+84)/8)=12 | x 84 + 8 / 12 = | x:marble 84:marble +:marble 8:dozen /:marble 12:marble =:marble
EXPR: 0 | POS | INT | 22 | 56 | 660 | 84=((12+x)/8) | 84 12 x + 8 / = | 84:marble 12:marble x:marble +:marble 8:Melanie /:marble =:marble
EXPR: 0 | POS | INT | 22 | 56 | 660 | ((84*8)-x)=12 | 84 8 * x - 12 = | 84:marble 8:dozen *:marble x:marble -:marble 12:marble =:marble
EXPR: 0 | POS | INT | 22 | 56 | 126 | ((8/84)*x)=12 | 8 84 / x * 12 = | 8:Melanie 84:marble /:Melanie x:dozen *:dozen 12:dozen =:dozen
EXPR: 1 | POS | INT | 22 | 56 | 56 | 84=((x*12)/8) | 84 x 12 * 8 / = | 84:marble x:Melanie 12:marble *:marble 8:Melanie /:marble =:marble
EXPR: 1 | POS | INT | 22 | 56 | 56 | 84=((x*12)/8) | 84 x 12 * 8 / = | 84:marble x:dozen 12:marble *:marble 8:dozen /:marble =:marble
EXPR: 0 | POS | INT | 22 | 56 | 1104 | (x/(84+8))=12 | x 84 8 + / 12 = | x:dozen 84:Melanie 8:Melanie +:Melanie /:dozen 12:dozen =:dozen
EXPR: 0 | POS | INT | 22 | 56 | 912 | (x/(84-8))=12 | x 84 8 - / 12 = | x:dozen 84:Melanie 8:Melanie -:Melanie /:dozen 12:dozen =:dozen
EXPR: 1 | POS | INT | 22 | 56 | 56 | 84=((12/8)*x) | 84 12 8 / x * = | 84:marble 12:marble 8:dozen /:marble x:dozen *:marble =:marble
EXPR: 0 | POS | INT | 22 | 56 | 88 | 84=(8-(12-x)) | 84 8 12 x - - = | 84:marble 8:marble 12:marble x:marble -:marble -:marble =:marble
EXPR: 1 | POS | INT | 22 | 56 | 56 | 8=((x/84)*12) | 8 x 84 / 12 * = | 8:Melanie x:Melanie 84:marble /:Melanie 12:marble *:Melanie =:Melanie
EXPR: 0 | POS | INT | 22 | 56 | 8064 | (84*8)=(x/12) | 84 8 * x 12 / = | 84:marble 8:Melanie *:Melanie x:Melanie 12:marble /:Melanie =:Melanie
EXPR: 1 | POS | INT | 22 | 56 | 56 | (84*8)=(12*x) | 84 8 * 12 x * = | 84:marble 8:dozen *:dozen 12:marble x:dozen *:dozen =:dozen
EXPR: 0 | POS | INT | 22 | 56 | 126 | 84=((8/12)*x) | 84 8 12 / x * = | 84:marble 8:dozen 12:marble /:dozen x:marble *:marble =:marble
EXPR: 1 | POS | INT | 22 | 56 | 56 | ((x/84)*12)=8 | x 84 / 12 * 8 = | x:dozen 84:marble /:dozen 12:marble *:marble 8:marble =:marble
EXPR: 1 | POS | INT | 22 | 56 | 56 | (84*(8/x))=12 | 84 8 x / * 12 = | 84:marble 8:Melanie x:marble /:Melanie *:Melanie 12:Melanie =:Melanie
EXPR: 0 | POS | INT | 22 | 56 | 126 | 84=((8*x)/12) | 84 8 x * 12 / = | 84:marble 8:marble x:dozen *:marble 12:dozen /:marble =:marble
EXPR: 0 | POS | INT | 22 | 56 | 576 | 8=(x/(84-12)) | 8 x 84 12 - / = | 8:dozen x:dozen 84:marble 12:marble -:marble /:dozen =:dozen
EXPR: 0 | POS | INT | 22 | 56 | 768 | 8=(x/(84+12)) | 8 x 84 12 + / = | 8:dozen x:dozen 84:marble 12:marble +:marble /:dozen =:dozen
EXPR: 1 | POS | INT | 22 | 56 | 56 | (84*8)=(x*12) | 84 8 * x 12 * = | 84:marble 8:Melanie *:Melanie x:Melanie 12:marble *:Melanie =:Melanie
EXPR: 1 | POS | INT | 22 | 56 | 56 | (84*8)=(x*12) | 84 8 * x 12 * = | 84:marble 8:Melanie *:Melanie x:dozen 12:Melanie *:Melanie =:Melanie
EXPR: 0 | POS | INT | 22 | 56 | 15 | 84=(12*(x-8)) | 84 12 x 8 - * = | 84:marble 12:marble x:dozen 8:dozen -:dozen *:marble =:marble
EXPR: 0 | POS | INT | 22 | 56 | 1680 | 84=(x/(8+12)) | 84 x 8 12 + / = | 84:dozen x:dozen 8:marble 12:marble +:marble /:dozen =:dozen
EXPR: 0 | POS | INT | 22 | 56 | 64 | (84-(8+x))=12 | 84 8 x + - 12 = | 84:marble 8:marble x:marble +:marble -:marble 12:marble =:marble
EXPR: 0 | POS | INT | 22 | 56 | 12 | ((84+x)/8)=12 | 84 x + 8 / 12 = | 84:dozen x:dozen +:dozen 8:Melanie /:dozen 12:dozen =:dozen
EXPR: 0 | POS | INT | 22 | 56 | 9 | 84=(12+(8*x)) | 84 12 8 x * + = | 84:marble 12:marble 8:marble x:dozen *:marble +:marble =:marble
EXPR: 0 | POS | INT | 22 | 56 | 126 | 84=((8*x)/12) | 84 8 x * 12 / = | 84:marble 8:marble x:dozen *:marble 12:Melanie /:marble =:marble
EXPR: 0 | POS | INT | 22 | 56 | 88 | 84=((8+x)-12) | 84 8 x + 12 - = | 84:marble 8:marble x:marble +:marble 12:marble -:marble =:marble
EXPR: 0 | POS | INT | 22 | 56 | 12 | 84=((8*12)-x) | 84 8 12 * x - = | 84:Melanie 8:Melanie 12:marble *:Melanie x:Melanie -:Melanie =:Melanie
EXPR: 0 | POS | INT | 22 | 56 | 64 | 84=((8+x)+12) | 84 8 x + 12 + = | 84:marble 8:marble x:marble +:marble 12:marble +:marble =:marble
EXPR: 0 | POS | INT | 22 | 56 | 12 | ((x*8)-84)=12 | x 8 * 84 - 12 = | x:marble 8:Melanie *:marble 84:marble -:marble 12:marble =:marble
EXPR: 0 | POS | INT | 22 | 56 | 768 | ((x/8)-84)=12 | x 8 / 84 - 12 = | x:marble 8:Melanie /:marble 84:marble -:marble 12:marble =:marble
EXPR: 0 | POS | INT | 22 | 56 | 64 | 84=((8+12)+x) | 84 8 12 + x + = | 84:marble 8:marble 12:marble +:marble x:marble +:marble =:marble
EXPR: 1 | POS | INT | 22 | 56 | 56 | (8*(84/x))=12 | 8 84 x / * 12 = | 8:dozen 84:marble x:dozen /:marble *:marble 12:marble =:marble
EXPR: 1 | POS | INT | 22 | 56 | 56 | ((84*8)/x)=12 | 84 8 * x / 12 = | 84:Melanie 8:marble *:marble x:dozen /:marble 12:marble =:marble
EXPR: 0 | POS | INT | 22 | 56 | 126 | ((x/84)*8)=12 | x 84 / 8 * 12 = | x:Melanie 84:marble /:Melanie 8:marble *:marble 12:marble =:marble
EXPR: 0 | POS | INT | 22 | 56 | 912 | 84=(8+(x/12)) | 84 8 x 12 / + = | 84:Melanie 8:Melanie x:Melanie 12:marble /:Melanie +:Melanie =:Melanie
EXPR: 0 | POS | INT | 22 | 56 | 80 | (84+(8-x))=12 | 84 8 x - + 12 = | 84:marble 8:marble x:marble -:marble +:marble 12:marble =:marble
EXPR: 1 | POS | INT | 22 | 56 | 56 | 84=((x/8)*12) | 84 x 8 / 12 * = | 84:marble x:Melanie 8:dozen /:Melanie 12:marble *:marble =:marble
EXPR: 1 | POS | INT | 22 | 56 | 56 | ((84/x)*8)=12 | 84 x / 8 * 12 = | 84:marble x:Melanie /:marble 8:Melanie *:Melanie 12:Melanie =:Melanie
EXPR: 0 | POS | INT | 22 | 56 | 126 | 84=((x*8)/12) | 84 x 8 * 12 / = | 84:Melanie x:marble 8:Melanie *:Melanie 12:marble /:Melanie =:Melanie
EXPR: 0 | POS | INT | 22 | 56 | 8064 | (x/84)=(8*12) | x 84 / 8 12 * = | x:dozen 84:marble /:dozen 8:Melanie 12:dozen *:dozen =:dozen
EXPR: 1 | POS | INT | 22 | 56 | 56 | (8*(84/x))=12 | 8 84 x / * 12 = | 8:Melanie 84:marble x:dozen /:marble *:Melanie 12:Melanie =:Melanie
EXPR: 0 | POS | INT | 22 | 56 | 9 | (84-(x*8))=12 | 84 x 8 * - 12 = | 84:marble x:Melanie 8:marble *:marble -:marble 12:marble =:marble
EXPR: 0 | POS | INT | 22 | 56 | 1016 | 84=((x-8)/12) | 84 x 8 - 12 / = | 84:dozen x:dozen 8:dozen -:dozen 12:marble /:dozen =:dozen
EXPR: 0 | POS | INT | 22 | 56 | 1000 | 84=((x+8)/12) | 84 x 8 + 12 / = | 84:dozen x:dozen 8:dozen +:dozen 12:marble /:dozen =:dozen
EXPR: 1 | POS | INT | 22 | 56 | 56 | (x/84)=(8/12) | x 84 / 8 12 / = | x:dozen 84:marble /:dozen 8:dozen 12:marble /:dozen =:dozen
EXPR: 0 | POS | INT | 22 | 56 | 8064 | (x/84)=(8*12) | x 84 / 8 12 * = | x:dozen 84:marble /:dozen 8:dozen 12:marble *:dozen =:dozen
EXPR: 0 | POS | INT | 22 | 56 | 8064 | (x/(84*8))=12 | x 84 8 * / 12 = | x:Melanie 84:marble 8:Melanie *:marble /:Melanie 12:Melanie =:Melanie
EXPR: 0 | POS | INT | 22 | 56 | 9 | ((84-12)/x)=8 | 84 12 - x / 8 = | 84:marble 12:marble -:marble x:dozen /:marble 8:marble =:marble
EXPR: 0 | POS | INT | 22 | 56 | 12 | 84=((8*12)-x) | 84 8 12 * x - = | 84:dozen 8:dozen 12:marble *:dozen x:dozen -:dozen =:dozen
EXPR: 0 | POS | INT | 22 | 56 | 126 | 8=((84/x)*12) | 8 84 x / 12 * = | 8:Melanie 84:marble x:dozen /:marble 12:Melanie *:Melanie =:Melanie
EXPR: 0 | POS | INT | 22 | 56 | 126 | 8=((84/x)*12) | 8 84 x / 12 * = | 8:Melanie 84:Melanie x:dozen /:Melanie 12:marble *:Melanie =:Melanie
EXPR: 0 | POS | INT | 22 | 56 | 126 | 84=((x/12)*8) | 84 x 12 / 8 * = | 84:marble x:dozen 12:marble /:dozen 8:marble *:marble =:marble
EXPR: 0 | POS | INT | 22 | 56 | 126 | 84=((8*x)/12) | 84 8 x * 12 / = | 84:Melanie 8:Melanie x:dozen *:Melanie 12:dozen /:Melanie =:Melanie
EXPR: 0 | POS | INT | 22 | 56 | 1680 | ((x/84)-8)=12 | x 84 / 8 - 12 = | x:Melanie 84:marble /:Melanie 8:Melanie -:Melanie 12:Melanie =:Melanie
EXPR: 0 | POS | INT | 22 | 56 | 8064 | (x/(84*8))=12 | x 84 8 * / 12 = | x:dozen 84:dozen 8:Melanie *:Melanie /:dozen 12:dozen =:dozen
EXPR: 0 | POS | INT | 22 | 56 | 126 | ((x/84)*8)=12 | x 84 / 8 * 12 = | x:dozen 84:Melanie /:dozen 8:Melanie *:dozen 12:dozen =:dozen
EXPR: 0 | POS | INT | 22 | 56 | 660 | ((84*8)-x)=12 | 84 8 * x - 12 = | 84:dozen 8:Melanie *:dozen x:dozen -:dozen 12:dozen =:dozen
EXPR: 0 | POS | INT | 22 | 56 | 126 | ((x*8)/84)=12 | x 8 * 84 / 12 = | x:dozen 8:Melanie *:dozen 84:marble /:dozen 12:dozen =:dozen
EXPR: 0 | POS | INT | 22 | 56 | 9 | (84-(8*x))=12 | 84 8 x * - 12 = | 84:marble 8:dozen x:marble *:marble -:marble 12:marble =:marble
EXPR: 0 | POS | INT | 22 | 56 | 336 | ((x/84)+8)=12 | x 84 / 8 + 12 = | x:Melanie 84:marble /:Melanie 8:Melanie +:Melanie 12:Melanie =:Melanie
EXPR: 0 | POS | INT | 22 | 56 | 912 | (x/(84-8))=12 | x 84 8 - / 12 = | x:marble 84:Melanie 8:Melanie -:Melanie /:marble 12:marble =:marble
EXPR: 0 | POS | INT | 22 | 56 | 8064 | (x/84)=(8*12) | x 84 / 8 12 * = | x:Melanie 84:marble /:Melanie 8:Melanie 12:marble *:Melanie =:Melanie
EXPR: 0 | POS | INT | 22 | 56 | 126 | ((8*x)/84)=12 | 8 x * 84 / 12 = | 8:Melanie x:dozen *:Melanie 84:marble /:Melanie 12:Melanie =:Melanie
EXPR: 0 | POS | INT | 22 | 56 | 64 | 84=(8+(12+x)) | 84 8 12 x + + = | 84:marble 8:marble 12:marble x:marble +:marble +:marble =:marble
EXPR: 0 | POS | INT | 22 | 56 | 126 | 8=(84*(12/x)) | 8 84 12 x / * = | 8:Melanie 84:marble 12:Melanie x:dozen /:Melanie *:Melanie =:Melanie
EXPR: 1 | POS | INT | 22 | 56 | 56 | (x/84)=(8/12) | x 84 / 8 12 / = | x:Melanie 84:marble /:Melanie 8:Melanie 12:marble /:Melanie =:Melanie
EXPR: 0 | POS | INT | 22 | 56 | 126 | 84=((8/12)*x) | 84 8 12 / x * = | 84:Melanie 8:Melanie 12:marble /:Melanie x:marble *:Melanie =:Melanie
EXPR: 1 | POS | INT | 22 | 56 | 56 | 84=((12*x)/8) | 84 12 x * 8 / = | 84:marble 12:marble x:dozen *:marble 8:dozen /:marble =:marble
EXPR: 0 | POS | INT | 22 | 56 | 1104 | (x/(84+8))=12 | x 84 8 + / 12 = | x:dozen 84:marble 8:marble +:marble /:dozen 12:dozen =:dozen
EXPR: 0 | POS | INT | 22 | 56 | 9 | (84-(8*x))=12 | 84 8 x * - 12 = | 84:marble 8:marble x:Melanie *:marble -:marble 12:marble =:marble
EXPR: 0 | POS | INT | 22 | 56 | 180 | (x-84)=(8*12) | x 84 - 8 12 * = | x:marble 84:marble -:marble 8:Melanie 12:marble *:marble =:marble
EXPR: 0 | POS | INT | 22 | 56 | 126 | ((84/x)*12)=8 | 84 x / 12 * 8 = | 84:marble x:dozen /:marble 12:Melanie *:Melanie 8:Melanie =:Melanie
EXPR: 0 | POS | INT | 22 | 56 | 126 | 84=(8*(x/12)) | 84 8 x 12 / * = | 84:marble 8:Melanie x:marble 12:dozen /:marble *:marble =:marble
EXPR: 1 | POS | INT | 22 | 56 | 56 | 84=(x*(12/8)) | 84 x 12 8 / * = | 84:marble x:dozen 12:marble 8:dozen /:marble *:marble =:marble
EXPR: 1 | POS | INT | 22 | 56 | 56 | ((84/x)*8)=12 | 84 x / 8 * 12 = | 84:marble x:Melanie /:marble 8:dozen *:marble 12:marble =:marble
EXPR: 0 | POS | INT | 22 | 56 | 12 | 84=((x*8)-12) | 84 x 8 * 12 - = | 84:dozen x:dozen 8:Melanie *:dozen 12:dozen -:dozen =:dozen
EXPR: 0 | POS | INT | 22 | 56 | 768 | 84=((x/8)-12) | 84 x 8 / 12 - = | 84:dozen x:dozen 8:Melanie /:dozen 12:dozen -:dozen =:dozen
EXPR: 0 | POS | INT | 22 | 56 | 576 | 84=((x/8)+12) | 84 x 8 / 12 + = | 84:dozen x:dozen 8:Melanie /:dozen 12:dozen +:dozen =:dozen
EXPR: 1 | POS | INT | 22 | 56 | 56 | (84*8)=(12*x) | 84 8 * 12 x * = | 84:marble 8:Melanie *:Melanie 12:Melanie x:dozen *:Melanie =:Melanie
EXPR: 0 | POS | INT | 22 | 56 | 12 | ((84+x)/8)=12 | 84 x + 8 / 12 = | 84:marble x:marble +:marble 8:dozen /:marble 12:marble =:marble
EXPR: 1 | POS | INT | 22 | 56 | 56 | (84*8)=(x*12) | 84 8 * x 12 * = | 84:marble 8:Melanie *:marble x:Melanie 12:marble *:marble =:marble
EXPR: 0 | POS | INT | 22 | 56 | 576 | (84-(x/8))=12 | 84 x 8 / - 12 = | 84:dozen x:dozen 8:Melanie /:dozen -:dozen 12:dozen =:dozen
EXPR: 0 | POS | INT | 22 | 56 | 9 | 84=((x*8)+12) | 84 x 8 * 12 + = | 84:dozen x:dozen 8:Melanie *:dozen 12:dozen +:dozen =:dozen
EXPR: 0 | POS | INT | 22 | 56 | 126 | (84*(12/x))=8 | 84 12 x / * 8 = | 84:Melanie 12:marble x:dozen /:marble *:Melanie 8:Melanie =:Melanie
EXPR: 0 | POS | INT | 22 | 56 | 126 | 84=((8/12)*x) | 84 8 12 / x * = | 84:dozen 8:Melanie 12:dozen /:Melanie x:dozen *:dozen =:dozen
EXPR: 0 | POS | INT | 22 | 56 | 9 | (84-(x*8))=12 | 84 x 8 * - 12 = | 84:dozen x:dozen 8:Melanie *:dozen -:dozen 12:dozen =:dozen
EXPR: 1 | POS | INT | 22 | 56 | 56 | ((84*8)/x)=12 | 84 8 * x / 12 = | 84:dozen 8:marble *:marble x:dozen /:marble 12:marble =:marble
EXPR: 0 | POS | INT | 22 | 56 | 1680 | ((x/84)-8)=12 | x 84 / 8 - 12 = | x:dozen 84:marble /:dozen 8:dozen -:dozen 12:dozen =:dozen
EXPR: 0 | POS | INT | 22 | 56 | 336 | ((x/84)+8)=12 | x 84 / 8 + 12 = | x:dozen 84:marble /:dozen 8:dozen +:dozen 12:dozen =:dozen
EXPR: 0 | POS | INT | 22 | 56 | 88 | 84=(8+(x-12)) | 84 8 x 12 - + = | 84:marble 8:marble x:marble 12:marble -:marble +:marble =:marble
EXPR: 1 | POS | INT | 22 | 56 | 56 | (84*(8/x))=12 | 84 8 x / * 12 = | 84:dozen 8:Melanie x:dozen /:Melanie *:Melanie 12:Melanie =:Melanie
EXPR: 1 | POS | INT | 22 | 56 | 56 | (84*(8/x))=12 | 84 8 x / * 12 = | 84:Melanie 8:marble x:dozen /:marble *:marble 12:marble =:marble
EXPR: 0 | POS | INT | 22 | 56 | 64 | 84=(8+(x+12)) | 84 8 x 12 + + = | 84:marble 8:marble x:marble 12:marble +:marble +:marble =:marble
EXPR: 0 | POS | INT | 22 | 56 | 12 | (x+84)=(8*12) | x 84 + 8 12 * = | x:marble 84:marble +:marble 8:Melanie 12:marble *:marble =:marble
EXPR: 0 | POS | INT | 22 | 56 | 180 | ((x-84)/8)=12 | x 84 - 8 / 12 = | x:dozen 84:dozen -:dozen 8:Melanie /:dozen 12:dozen =:dozen
EXPR: 0 | POS | INT | 22 | 56 | 12 | ((x+84)/8)=12 | x 84 + 8 / 12 = | x:dozen 84:dozen +:dozen 8:Melanie /:dozen 12:dozen =:dozen
EXPR: 0 | POS | INT | 22 | 56 | 126 | 84=((x*8)/12) | 84 x 8 * 12 / = | 84:marble x:marble 8:Melanie *:marble 12:dozen /:marble =:marble
EXPR: 0 | POS | INT | 22 | 56 | 1680 | 84=(x/(8+12)) | 84 x 8 12 + / = | 84:marble x:marble 8:Melanie 12:Melanie +:Melanie /:marble =:marble
EXPR: 0 | POS | INT | 22 | 56 | 126 | ((8/84)*x)=12 | 8 84 / x * 12 = | 8:Melanie 84:marble /:Melanie x:dozen *:Melanie 12:Melanie =:Melanie
EXPR: 1 | POS | INT | 22 | 56 | 56 | 84=((x/8)*12) | 84 x 8 / 12 * = | 84:marble x:marble 8:Melanie /:marble 12:dozen *:marble =:marble
EXPR: 1 | POS | INT | 22 | 56 | 56 | (8*(84/x))=12 | 8 84 x / * 12 = | 8:Melanie 84:marble x:Melanie /:marble *:marble 12:marble =:marble
EXPR: 0 | POS | INT | 22 | 56 | 1104 | (x/(84+8))=12 | x 84 8 + / 12 = | x:marble 84:Melanie 8:Melanie +:Melanie /:marble 12:marble =:marble
EXPR: 0 | POS | INT | 22 | 56 | 126 | 84=(8*(x/12)) | 84 8 x 12 / * = | 84:marble 8:marble x:dozen 12:Melanie /:dozen *:marble =:marble
EXPR: 0 | POS | INT | 22 | 56 | 126 | 84=(8*(x/12)) | 84 8 x 12 / * = | 84:dozen 8:Melanie x:dozen 12:Melanie /:dozen *:dozen =:dozen
EXPR: 0 | POS | INT | 22 | 56 | 126 | 84=(8*(x/12)) | 84 8 x 12 / * = | 84:marble 8:marble x:Melanie 12:marble /:Melanie *:marble =:marble
EXPR: 0 | POS | INT | 22 | 56 | 8064 | 84=(x/(8*12)) | 84 x 8 12 * / = | 84:dozen x:dozen 8:Melanie 12:dozen *:Melanie /:dozen =:dozen
EXPR: 0 | POS | INT | 22 | 56 | 126 | 84=(8*(x/12)) | 84 8 x 12 / * = | 84:dozen 8:marble x:dozen 12:marble /:dozen *:dozen =:dozen
EXPR: 0 | POS | INT | 22 | 56 | 8064 | 84=(x/(8*12)) | 84 x 8 12 * / = | 84:marble x:marble 8:Melanie 12:dozen *:Melanie /:marble =:marble
EXPR: 0 | POS | INT | 22 | 56 | 12 | (84+x)=(8*12) | 84 x + 8 12 * = | 84:marble x:marble +:marble 8:Melanie 12:marble *:marble =:marble
EXPR: 0 | POS | INT | 25 | 56 | 8064 | x=(12*(84*8)) | x 12 84 8 * * = | x:dozen 12:dozen 84:marble 8:Melanie *:marble *:dozen =:dozen
EXPR: 0 | POS | INT | 25 | 56 | 8064 | x=(12*(84*8)) | x 12 84 8 * * = | x:dozen 12:marble 84:marble 8:dozen *:dozen *:dozen =:dozen
EXPR: 0 | POS | INT | 25 | 56 | 126 | x=(12*(84/8)) | x 12 84 8 / * = | x:dozen 12:dozen 84:marble 8:Melanie /:marble *:dozen =:dozen
EXPR: 0 | POS | INT | 25 | 56 | 684 | x=(12+(84*8)) | x 12 84 8 * + = | x:marble 12:marble 84:marble 8:Melanie *:marble +:marble =:marble
EXPR: 0 | POS | INT | 25 | 56 | 8064 | x=(12*(84*8)) | x 12 84 8 * * = | x:dozen 12:dozen 84:marble 8:Melanie *:Melanie *:dozen =:dozen
EXPR: 0 | POS | INT | 26 | 56 | 8064 | x=(12*(84*8)) | x 12 84 8 * * = | x:dozen 12:dozen 84:marble 8:Melanie *:marble *:dozen =:dozen
EXPR: 0 | POS | INT | 26 | 56 | 8064 | x=(12*(84*8)) | x 12 84 8 * * = | x:dozen 12:marble 84:marble 8:dozen *:dozen *:dozen =:dozen
EXPR: 0 | POS | INT | 26 | 56 | 126 | x=(12*(84/8)) | x 12 84 8 / * = | x:dozen 12:dozen 84:marble 8:Melanie /:marble *:dozen =:dozen
EXPR: 0 | POS | INT | 26 | 56 | 8064 | x=(12*(84*8)) | x 12 84 8 * * = | x:dozen 12:dozen 84:marble 8:Melanie *:Melanie *:dozen =:dozen
EXPR: 1 | POS | INT | 27 | 56 | 56 | (x*(12/8))=84 | x 12 8 / * 84 = | x:dozen 12:marble 8:Melanie /:marble *:marble 84:marble =:marble
EXPR: 1 | POS | INT | 27 | 56 | 56 | ((x/8)*12)=84 | x 8 / 12 * 84 = | x:dozen 8:Melanie /:dozen 12:marble *:marble 84:marble =:marble
EXPR: 1 | POS | INT | 27 | 56 | 56 | ((12*x)/8)=84 | 12 x * 8 / 84 = | 12:marble x:dozen *:marble 8:Melanie /:marble 84:marble =:marble
EXPR: 1 | POS | INT | 27 | 56 | 56 | ((12/8)*x)=84 | 12 8 / x * 84 = | 12:marble 8:Melanie /:marble x:dozen *:marble 84:marble =:marble
EXPR: 0 | POS | INT | 27 | 56 | 126 | 12=((x/84)*8) | 12 x 84 / 8 * = | 12:marble x:dozen 84:marble /:dozen 8:marble *:marble =:marble
EXPR: 0 | POS | INT | 27 | 56 | 126 | (12*(84/x))=8 | 12 84 x / * 8 = | 12:marble 84:Melanie x:dozen /:Melanie *:Melanie 8:Melanie =:Melanie
EXPR: 1 | POS | INT | 27 | 56 | 56 | (12*(x/8))=84 | 12 x 8 / * 84 = | 12:marble x:dozen 8:Melanie /:dozen *:marble 84:marble =:marble
EXPR: 1 | POS | INT | 27 | 56 | 56 | ((x*12)/84)=8 | x 12 * 84 / 8 = | x:dozen 12:Melanie *:Melanie 84:marble /:Melanie 8:Melanie =:Melanie
EXPR: 1 | POS | INT | 27 | 56 | 56 | (12*(x/84))=8 | 12 x 84 / * 8 = | 12:marble x:dozen 84:marble /:dozen *:marble 8:marble =:marble
EXPR: 1 | POS | INT | 27 | 56 | 56 | ((12*x)/84)=8 | 12 x * 84 / 8 = | 12:marble x:dozen *:dozen 84:marble /:dozen 8:dozen =:dozen
EXPR: 0 | POS | INT | 27 | 56 | 126 | 12=((x/84)*8) | 12 x 84 / 8 * = | 12:dozen x:dozen 84:marble /:dozen 8:Melanie *:dozen =:dozen
EXPR: 1 | POS | INT | 27 | 56 | 56 | 12=((84/x)*8) | 12 84 x / 8 * = | 12:Melanie 84:marble x:dozen /:marble 8:Melanie *:Melanie =:Melanie
EXPR: 0 | POS | INT | 27 | 56 | 21 | 12=((84/x)+8) | 12 84 x / 8 + = | 12:marble 84:marble x:dozen /:marble 8:marble +:marble =:marble
EXPR: 1 | POS | INT | 27 | 56 | 56 | (12*(x/84))=8 | 12 x 84 / * 8 = | 12:Melanie x:dozen 84:marble /:dozen *:Melanie 8:Melanie =:Melanie
EXPR: 0 | POS | INT | 27 | 56 | 1 | 12=(84/(8-x)) | 12 84 8 x - / = | 12:marble 84:marble 8:Melanie x:Melanie -:Melanie /:marble =:marble
EXPR: 1 | POS | INT | 27 | 56 | 56 | 12=((8/x)*84) | 12 8 x / 84 * = | 12:marble 8:Melanie x:dozen /:Melanie 84:marble *:marble =:marble
EXPR: 1 | POS | INT | 27 | 56 | 56 | ((12*x)/84)=8 | 12 x * 84 / 8 = | 12:Melanie x:dozen *:Melanie 84:marble /:Melanie 8:Melanie =:Melanie
EXPR: 0 | POS | INT | 27 | 56 | 126 | (12*(84/x))=8 | 12 84 x / * 8 = | 12:Melanie 84:marble x:dozen /:marble *:Melanie 8:Melanie =:Melanie
EXPR: 0 | POS | INT | 27 | 56 | 8064 | 12=(x/(84*8)) | 12 x 84 8 * / = | 12:marble x:marble 84:marble 8:Melanie *:Melanie /:marble =:marble
EXPR: 0 | POS | INT | 27 | 56 | 8064 | 12=(x/(84*8)) | 12 x 84 8 * / = | 12:dozen x:dozen 84:marble 8:Melanie *:Melanie /:dozen =:dozen
EXPR: 1 | POS | INT | 27 | 56 | 56 | ((12/84)*x)=8 | 12 84 / x * 8 = | 12:Melanie 84:marble /:Melanie x:dozen *:Melanie 8:Melanie =:Melanie
EXPR: 0 | POS | INT | 27 | 56 | 126 | 12=((x/84)*8) | 12 x 84 / 8 * = | 12:Melanie x:dozen 84:marble /:dozen 8:Melanie *:Melanie =:Melanie
EXPR: 1 | POS | INT | 27 | 56 | 56 | 12=((84*8)/x) | 12 84 8 * x / = | 12:marble 84:marble 8:dozen *:marble x:dozen /:marble =:marble
EXPR: 0 | POS | INT | 30 | 56 | 8064 | x=((84*12)*8) | x 84 12 * 8 * = | x:Melanie 84:dozen 12:marble *:marble 8:Melanie *:Melanie =:Melanie
EXPR: 0 | POS | INT | 30 | 56 | 1016 | x=((84*12)+8) | x 84 12 * 8 + = | x:Melanie 84:marble 12:Melanie *:Melanie 8:Melanie +:Melanie =:Melanie
EXPR: 0 | POS | INT | 30 | 56 | 1104 | x=((84+8)*12) | x 84 8 + 12 * = | x:Melanie 84:marble 8:marble +:marble 12:Melanie *:Melanie =:Melanie
EXPR: 0 | POS | INT | 30 | 56 | 8064 | x=((84*12)*8) | x 84 12 * 8 * = | x:dozen 84:marble 12:Melanie *:Melanie 8:dozen *:dozen =:dozen
EXPR: 0 | POS | INT | 30 | 56 | 15 | x=((84/12)+8) | x 84 12 / 8 + = | x:dozen 84:dozen 12:marble /:dozen 8:dozen +:dozen =:dozen
EXPR: 0 | POS | INT | 30 | 56 | 8064 | x=((84*12)*8) | x 84 12 * 8 * = | x:marble 84:Melanie 12:marble *:marble 8:Melanie *:marble =:marble
EXPR: 0 | POS | INT | 30 | 56 | 8064 | x=(8*(84*12)) | x 8 84 12 * * = | x:dozen 8:dozen 84:Melanie 12:marble *:Melanie *:dozen =:dozen
EXPR: 1 | POS | INT | 30 | 56 | 56 | x=(8*(84/12)) | x 8 84 12 / * = | x:dozen 8:dozen 84:Melanie 12:marble /:Melanie *:dozen =:dozen
EXPR: 0 | POS | INT | 30 | 56 | 8064 | x=(8*(84*12)) | x 8 84 12 * * = | x:dozen 8:dozen 84:marble 12:dozen *:marble *:dozen =:dozen
EXPR: 0 | POS | INT | 30 | 56 | 8064 | x=(84*(8*12)) | x 84 8 12 * * = | x:dozen 84:Melanie 8:marble 12:dozen *:dozen *:dozen =:dozen
EXPR: 0 | POS | INT | 30 | 56 | 126 | x=((84/8)*12) | x 84 8 / 12 * = | x:Melanie 84:Melanie 8:marble /:Melanie 12:marble *:Melanie =:Melanie
EXPR: 1 | POS | INT | 30 | 56 | 56 | x=((84*8)/12) | x 84 8 * 12 / = | x:Melanie 84:dozen 8:Melanie *:Melanie 12:dozen /:Melanie =:Melanie
EXPR: 0 | POS | INT | 30 | 56 | 8064 | x=(8*(84*12)) | x 8 84 12 * * = | x:marble 8:Melanie 84:Melanie 12:marble *:marble *:marble =:marble
EXPR: 0 | POS | INT | 30 | 56 | 8064 | x=((84*8)*12) | x 84 8 * 12 * = | x:Melanie 84:Melanie 8:marble *:Melanie 12:marble *:Melanie =:Melanie
EXPR: 0 | POS | INT | 30 | 56 | 126 | x=((84/8)*12) | x 84 8 / 12 * = | x:Melanie 84:dozen 8:Melanie /:dozen 12:Melanie *:Melanie =:Melanie
EXPR: 0 | POS | INT | 30 | 56 | 1016 | x=(8+(84*12)) | x 8 84 12 * + = | x:dozen 8:dozen 84:marble 12:dozen *:dozen +:dozen =:dozen
EXPR: 0 | POS | INT | 30 | 56 | 88 | x=(84-(8-12)) | x 84 8 12 - - = | x:Melanie 84:Melanie 8:Melanie 12:Melanie -:Melanie -:Melanie =:Melanie
EXPR: 0 | POS | INT | 30 | 56 | 80 | x=(84+(8-12)) | x 84 8 12 - + = | x:Melanie 84:Melanie 8:Melanie 12:Melanie -:Melanie +:Melanie =:Melanie
EXPR: 0 | POS | INT | 30 | 56 | 180 | x=(84+(8*12)) | x 84 8 12 * + = | x:dozen 84:dozen 8:marble 12:dozen *:dozen +:dozen =:dozen
EXPR: 0 | POS | INT | 30 | 56 | 126 | x=((84/8)*12) | x 84 8 / 12 * = | x:marble 84:dozen 8:marble /:dozen 12:marble *:marble =:marble
EXPR: 0 | POS | INT | 30 | 56 | 8064 | x=((84*8)*12) | x 84 8 * 12 * = | x:Melanie 84:dozen 8:Melanie *:Melanie 12:dozen *:Melanie =:Melanie
EXPR: 0 | POS | INT | 30 | 56 | 64 | x=(84-(8+12)) | x 84 8 12 + - = | x:Melanie 84:Melanie 8:Melanie 12:Melanie +:Melanie -:Melanie =:Melanie
EXPR: 0 | POS | INT | 30 | 56 | 8064 | x=((84*8)*12) | x 84 8 * 12 * = | x:Melanie 84:dozen 8:Melanie *:dozen 12:Melanie *:Melanie =:Melanie
EXPR: 1 | POS | INT | 30 | 56 | 56 | x=(8*(84/12)) | x 8 84 12 / * = | x:dozen 8:dozen 84:marble 12:dozen /:marble *:dozen =:dozen
EXPR: 0 | POS | INT | 30 | 56 | 126 | x=(84*(12/8)) | x 84 12 8 / * = | x:marble 84:Melanie 12:marble 8:Melanie /:marble *:marble =:marble
EXPR: 0 | POS | INT | 30 | 56 | 104 | x=(84+(8+12)) | x 84 8 12 + + = | x:Melanie 84:Melanie 8:Melanie 12:Melanie +:Melanie +:Melanie =:Melanie
EXPR: 0 | POS | INT | 30 | 56 | 126 | x=((84/8)*12) | x 84 8 / 12 * = | x:dozen 84:dozen 8:marble /:dozen 12:Melanie *:dozen =:dozen
NET 356 non-negative, integer-valued solutions found out of 1000 total solutions
