parameters: n=11 l=5 k=1 p=5 q=1 m=11
TOTAL 453 solutions found
SOLN: CORRECT | POS/NEG | INT/FRA | OBJ-SCORE | TRUE-ANS | ANS | INFIX | POSTFIX | TYPED-POSTFIX
EXPR: 0 | POS | INT | 0 | 39 | 55 | x=((20+((12+20)-5))+8) | x 20 12 20 + 5 - + 8 + = | x:sticker 20:sticker 12:sticker 20:sticker +:sticker 5:sticker -:sticker +:sticker 8:sticker +:sticker =:sticker
EXPR: 0 | POS | INT | 0 | 39 | 9 | x=(20+((12-(20-5))-8)) | x 20 12 20 5 - - 8 - + = | x:sticker 20:sticker 12:sticker 20:sticker 5:sticker -:sticker -:sticker 8:sticker -:sticker +:sticker =:sticker
EXPR: 0 | POS | INT | 0 | 39 | 55 | x=(20+((12+(20-5))+8)) | x 20 12 20 5 - + 8 + + = | x:sticker 20:sticker 12:sticker 20:sticker 5:sticker -:sticker +:sticker 8:sticker +:sticker +:sticker =:sticker
EXPR: 0 | POS | INT | 0 | 39 | 25 | x=(20+(12-((20-5)-8))) | x 20 12 20 5 - 8 - - + = | x:sticker 20:sticker 12:sticker 20:sticker 5:sticker -:sticker 8:sticker -:sticker -:sticker +:sticker =:sticker
EXPR: 0 | POS | INT | 0 | 39 | 31 | x=(20-(12-((20-5)+8))) | x 20 12 20 5 - 8 + - - = | x:sticker 20:sticker 12:sticker 20:sticker 5:sticker -:sticker 8:sticker +:sticker -:sticker -:sticker =:sticker
EXPR: 0 | POS | INT | 0 | 39 | 15 | x=(20-(12-((20-5)-8))) | x 20 12 20 5 - 8 - - - = | x:sticker 20:sticker 12:sticker 20:sticker 5:sticker -:sticker 8:sticker -:sticker -:sticker -:sticker =:sticker
EXPR: 1 | POS | INT | 0 | 39 | 39 | x=(20+((12+(20-5))-8)) | x 20 12 20 5 - + 8 - + = | x:sticker 20:sticker 12:sticker 20:sticker 5:sticker -:sticker +:sticker 8:sticker -:sticker +:sticker =:sticker
EXPR: 0 | POS | INT | 0 | 39 | 9 | x=((20+12)-((20-5)+8)) | x 20 12 + 20 5 - 8 + - = | x:sticker 20:sticker 12:sticker +:sticker 20:sticker 5:sticker -:sticker 8:sticker +:sticker -:sticker =:sticker
EXPR: 0 | POS | INT | 0 | 39 | 25 | x=(20-(12-((20+5)-8))) | x 20 12 20 5 + 8 - - - = | x:sticker 20:sticker 12:sticker 20:sticker 5:sticker +:sticker 8:sticker -:sticker -:sticker -:sticker =:sticker
EXPR: 1 | POS | INT | 0 | 39 | 39 | x=((20+12)+(20-(5+8))) | x 20 12 + 20 5 8 + - + = | x:sticker 20:sticker 12:sticker +:sticker 20:sticker 5:sticker 8:sticker +:sticker -:sticker +:sticker =:sticker
EXPR: 1 | POS | INT | 0 | 39 | 39 | x=((20+12)+((20-5)-8)) | x 20 12 + 20 5 - 8 - + = | x:sticker 20:sticker 12:sticker +:sticker 20:sticker 5:sticker -:sticker 8:sticker -:sticker +:sticker =:sticker
EXPR: 0 | POS | INT | 0 | 39 | 41 | x=(20-(12-((20+5)+8))) | x 20 12 20 5 + 8 + - - = | x:sticker 20:sticker 12:sticker 20:sticker 5:sticker +:sticker 8:sticker +:sticker -:sticker -:sticker =:sticker
EXPR: 0 | POS | INT | 0 | 39 | 25 | x=((20+12)-(20-(5+8))) | x 20 12 + 20 5 8 + - - = | x:sticker 20:sticker 12:sticker +:sticker 20:sticker 5:sticker 8:sticker +:sticker -:sticker -:sticker =:sticker
EXPR: 0 | POS | INT | 0 | 39 | 49 | x=((20+12)+(20+(5-8))) | x 20 12 + 20 5 8 - + + = | x:sticker 20:sticker 12:sticker +:sticker 20:sticker 5:sticker 8:sticker -:sticker +:sticker +:sticker =:sticker
EXPR: 0 | POS | INT | 0 | 39 | 9 | x=((20+12)-(20-(5-8))) | x 20 12 + 20 5 8 - - - = | x:sticker 20:sticker 12:sticker +:sticker 20:sticker 5:sticker 8:sticker -:sticker -:sticker -:sticker =:sticker
EXPR: 0 | POS | INT | 0 | 39 | 15 | x=(20-((12-(20-5))+8)) | x 20 12 20 5 - - 8 + - = | x:sticker 20:sticker 12:sticker 20:sticker 5:sticker -:sticker -:sticker 8:sticker +:sticker -:sticker =:sticker
EXPR: 0 | POS | INT | 0 | 39 | 25 | x=((20-12)+(20+(5-8))) | x 20 12 - 20 5 8 - + + = | x:sticker 20:sticker 12:sticker -:sticker 20:sticker 5:sticker 8:sticker -:sticker +:sticker +:sticker =:sticker
EXPR: 0 | POS | INT | 0 | 39 | 1 | x=(((20-12)-20)+(5+8)) | x 20 12 - 20 - 5 8 + + = | x:sticker 20:sticker 12:sticker -:sticker 20:sticker -:sticker 5:sticker 8:sticker +:sticker +:sticker =:sticker
EXPR: 0 | POS | INT | 0 | 39 | 1 | x=(20-((12+(20-5))-8)) | x 20 12 20 5 - + 8 - - = | x:sticker 20:sticker 12:sticker 20:sticker 5:sticker -:sticker +:sticker 8:sticker -:sticker -:sticker =:sticker
EXPR: 0 | POS | INT | 0 | 39 | 15 | x=((20-12)+((20-5)-8)) | x 20 12 - 20 5 - 8 - + = | x:sticker 20:sticker 12:sticker -:sticker 20:sticker 5:sticker -:sticker 8:sticker -:sticker +:sticker =:sticker
EXPR: 0 | POS | INT | 0 | 39 | 15 | x=((20-12)+(20-(5+8))) | x 20 12 - 20 5 8 + - + = | x:sticker 20:sticker 12:sticker -:sticker 20:sticker 5:sticker 8:sticker +:sticker -:sticker +:sticker =:sticker
EXPR: 0 | POS | INT | 0 | 39 | 1 | x=(20-(12+((20-5)-8))) | x 20 12 20 5 - 8 - + - = | x:sticker 20:sticker 12:sticker 20:sticker 5:sticker -:sticker 8:sticker -:sticker +:sticker -:sticker =:sticker
EXPR: 0 | POS | INT | 0 | 39 | 9 | x=(20+(12-((20-5)+8))) | x 20 12 20 5 - 8 + - + = | x:sticker 20:sticker 12:sticker 20:sticker 5:sticker -:sticker 8:sticker +:sticker -:sticker +:sticker =:sticker
EXPR: 0 | POS | INT | 0 | 39 | 31 | x=((20-12)+(20-(5-8))) | x 20 12 - 20 5 8 - - + = | x:sticker 20:sticker 12:sticker -:sticker 20:sticker 5:sticker 8:sticker -:sticker -:sticker +:sticker =:sticker
EXPR: 0 | POS | INT | 0 | 39 | 15 | x=(20+((12-(20+5))+8)) | x 20 12 20 5 + - 8 + + = | x:sticker 20:sticker 12:sticker 20:sticker 5:sticker +:sticker -:sticker 8:sticker +:sticker +:sticker =:sticker
EXPR: 0 | POS | INT | 0 | 39 | 31 | x=((20-12)+((20-5)+8)) | x 20 12 - 20 5 - 8 + + = | x:sticker 20:sticker 12:sticker -:sticker 20:sticker 5:sticker -:sticker 8:sticker +:sticker +:sticker =:sticker
EXPR: 0 | POS | INT | 0 | 39 | 15 | x=(((20-12)+20)-(5+8)) | x 20 12 - 20 + 5 8 + - = | x:sticker 20:sticker 12:sticker -:sticker 20:sticker +:sticker 5:sticker 8:sticker +:sticker -:sticker =:sticker
EXPR: 0 | POS | INT | 0 | 39 | 41 | x=(20-((12-(20+5))-8)) | x 20 12 20 5 + - 8 - - = | x:sticker 20:sticker 12:sticker 20:sticker 5:sticker +:sticker -:sticker 8:sticker -:sticker -:sticker =:sticker
EXPR: 1 | POS | INT | 0 | 39 | 39 | x=(20+(((12+20)-5)-8)) | x 20 12 20 + 5 - 8 - + = | x:sticker 20:sticker 12:sticker 20:sticker +:sticker 5:sticker -:sticker 8:sticker -:sticker +:sticker =:sticker
EXPR: 0 | POS | INT | 0 | 39 | 49 | x=(20+(12+((20+5)-8))) | x 20 12 20 5 + 8 - + + = | x:sticker 20:sticker 12:sticker 20:sticker 5:sticker +:sticker 8:sticker -:sticker +:sticker +:sticker =:sticker
EXPR: 0 | POS | INT | 0 | 39 | 25 | x=((20+12)-((20-5)-8)) | x 20 12 + 20 5 - 8 - - = | x:sticker 20:sticker 12:sticker +:sticker 20:sticker 5:sticker -:sticker 8:sticker -:sticker -:sticker =:sticker
EXPR: 0 | POS | INT | 0 | 39 | 55 | x=((20+12)+((20-5)+8)) | x 20 12 + 20 5 - 8 + + = | x:sticker 20:sticker 12:sticker +:sticker 20:sticker 5:sticker -:sticker 8:sticker +:sticker +:sticker =:sticker
EXPR: 0 | POS | INT | 0 | 39 | 49 | x=(((20+12)+(20+5))-8) | x 20 12 + 20 5 + + 8 - = | x:sticker 20:sticker 12:sticker +:sticker 20:sticker 5:sticker +:sticker +:sticker 8:sticker -:sticker =:sticker
EXPR: 0 | POS | INT | 0 | 39 | 65 | x=(20+(12+((20+5)+8))) | x 20 12 20 5 + 8 + + + = | x:sticker 20:sticker 12:sticker 20:sticker 5:sticker +:sticker 8:sticker +:sticker +:sticker +:sticker =:sticker
EXPR: 0 | POS | INT | 0 | 39 | 15 | x=((20+12)-(20+(5-8))) | x 20 12 + 20 5 8 - + - = | x:sticker 20:sticker 12:sticker +:sticker 20:sticker 5:sticker 8:sticker -:sticker +:sticker -:sticker =:sticker
EXPR: 0 | POS | INT | 0 | 39 | 9 | x=((((20+12)-20)+5)-8) | x 20 12 + 20 - 5 + 8 - = | x:sticker 20:sticker 12:sticker +:sticker 20:sticker -:sticker 5:sticker +:sticker 8:sticker -:sticker =:sticker
EXPR: 0 | POS | INT | 0 | 39 | 25 | x=(((20-12)+(20+5))-8) | x 20 12 - 20 5 + + 8 - = | x:sticker 20:sticker 12:sticker -:sticker 20:sticker 5:sticker +:sticker +:sticker 8:sticker -:sticker =:sticker
EXPR: 0 | POS | INT | 0 | 39 | 1 | x=((20-12)-((20-5)-8)) | x 20 12 - 20 5 - 8 - - = | x:sticker 20:sticker 12:sticker -:sticker 20:sticker 5:sticker -:sticker 8:sticker -:sticker -:sticker =:sticker
EXPR: 0 | POS | INT | 0 | 39 | 25 | x=((((20+12)-20)+5)+8) | x 20 12 + 20 - 5 + 8 + = | x:sticker 20:sticker 12:sticker +:sticker 20:sticker -:sticker 5:sticker +:sticker 8:sticker +:sticker =:sticker
EXPR: 0 | POS | INT | 0 | 39 | 15 | x=((((20+12)-20)-5)+8) | x 20 12 + 20 - 5 - 8 + = | x:sticker 20:sticker 12:sticker +:sticker 20:sticker -:sticker 5:sticker -:sticker 8:sticker +:sticker =:sticker
EXPR: 0 | POS | INT | 0 | 39 | 55 | x=((20+12)+(20-(5-8))) | x 20 12 + 20 5 8 - - + = | x:sticker 20:sticker 12:sticker +:sticker 20:sticker 5:sticker 8:sticker -:sticker -:sticker +:sticker =:sticker
EXPR: 0 | POS | INT | 0 | 39 | 15 | x=(20-(((12-20)+5)+8)) | x 20 12 20 - 5 + 8 + - = | x:sticker 20:sticker 12:sticker 20:sticker -:sticker 5:sticker +:sticker 8:sticker +:sticker -:sticker =:sticker
EXPR: 0 | POS | INT | 0 | 39 | 41 | x=((20-12)+(20+(5+8))) | x 20 12 - 20 5 8 + + + = | x:sticker 20:sticker 12:sticker -:sticker 20:sticker 5:sticker 8:sticker +:sticker +:sticker +:sticker =:sticker
EXPR: 0 | POS | INT | 0 | 39 | 31 | x=(20-((12-(20-5))-8)) | x 20 12 20 5 - - 8 - - = | x:sticker 20:sticker 12:sticker 20:sticker 5:sticker -:sticker -:sticker 8:sticker -:sticker -:sticker =:sticker
EXPR: 1 | POS | INT | 0 | 39 | 39 | x=(20+(12+((20-5)-8))) | x 20 12 20 5 - 8 - + + = | x:sticker 20:sticker 12:sticker 20:sticker 5:sticker -:sticker 8:sticker -:sticker +:sticker +:sticker =:sticker
EXPR: 0 | POS | INT | 0 | 39 | 15 | x=(20+(((12-20)-5)+8)) | x 20 12 20 - 5 - 8 + + = | x:sticker 20:sticker 12:sticker 20:sticker -:sticker 5:sticker -:sticker 8:sticker +:sticker +:sticker =:sticker
EXPR: 0 | POS | INT | 0 | 39 | 25 | x=(20+(((12-20)+5)+8)) | x 20 12 20 - 5 + 8 + + = | x:sticker 20:sticker 12:sticker 20:sticker -:sticker 5:sticker +:sticker 8:sticker +:sticker +:sticker =:sticker
EXPR: 0 | POS | INT | 0 | 39 | 55 | x=(20+(12+((20-5)+8))) | x 20 12 20 5 - 8 + + + = | x:sticker 20:sticker 12:sticker 20:sticker 5:sticker -:sticker 8:sticker +:sticker +:sticker +:sticker =:sticker
EXPR: 0 | POS | INT | 0 | 39 | 65 | x=((20+12)+(20+(5+8))) | x 20 12 + 20 5 8 + + + = | x:sticker 20:sticker 12:sticker +:sticker 20:sticker 5:sticker 8:sticker +:sticker +:sticker +:sticker =:sticker
EXPR: 0 | POS | INT | 1 | 39 | 9 | x=(20+((12-(20-5))-8)) | x 20 12 20 5 - - 8 - + = | x:sticker 20:sticker 12:sticker 20:sticker 5:sticker -:sticker -:sticker 8:sticker -:sticker +:sticker =:sticker
EXPR: 0 | POS | INT | 1 | 39 | 25 | x=(20+(12-((20-5)-8))) | x 20 12 20 5 - 8 - - + = | x:sticker 20:sticker 12:sticker 20:sticker 5:sticker -:sticker 8:sticker -:sticker -:sticker +:sticker =:sticker
EXPR: 0 | POS | INT | 1 | 39 | 15 | x=(20-(12-((20-5)-8))) | x 20 12 20 5 - 8 - - - = | x:sticker 20:sticker 12:sticker 20:sticker 5:sticker -:sticker 8:sticker -:sticker -:sticker -:sticker =:sticker
EXPR: 0 | POS | INT | 1 | 39 | 9 | x=((20+12)-((20-5)+8)) | x 20 12 + 20 5 - 8 + - = | x:sticker 20:sticker 12:sticker +:sticker 20:sticker 5:sticker -:sticker 8:sticker +:sticker -:sticker =:sticker
EXPR: 1 | POS | INT | 1 | 39 | 39 | x=((20+12)+(20-(5+8))) | x 20 12 + 20 5 8 + - + = | x:sticker 20:sticker 12:sticker +:sticker 20:sticker 5:sticker 8:sticker +:sticker -:sticker +:sticker =:sticker
EXPR: 0 | POS | INT | 1 | 39 | 55 | x=(20+((12+(20-5))+8)) | x 20 12 20 5 - + 8 + + = | x:sticker 20:sticker 12:sticker 20:sticker 5:sticker -:sticker +:sticker 8:sticker +:sticker +:sticker =:sticker
EXPR: 1 | POS | INT | 1 | 39 | 39 | x=((20+12)+((20-5)-8)) | x 20 12 + 20 5 - 8 - + = | x:sticker 20:sticker 12:sticker +:sticker 20:sticker 5:sticker -:sticker 8:sticker -:sticker +:sticker =:sticker
EXPR: 0 | POS | INT | 1 | 39 | 41 | x=(20-(12-((20+5)+8))) | x 20 12 20 5 + 8 + - - = | x:sticker 20:sticker 12:sticker 20:sticker 5:sticker +:sticker 8:sticker +:sticker -:sticker -:sticker =:sticker
EXPR: 0 | POS | INT | 1 | 39 | 25 | x=((20-12)+(20+(5-8))) | x 20 12 - 20 5 8 - + + = | x:sticker 20:sticker 12:sticker -:sticker 20:sticker 5:sticker 8:sticker -:sticker +:sticker +:sticker =:sticker
EXPR: 0 | POS | INT | 1 | 39 | 1 | x=(20-((12+(20-5))-8)) | x 20 12 20 5 - + 8 - - = | x:sticker 20:sticker 12:sticker 20:sticker 5:sticker -:sticker +:sticker 8:sticker -:sticker -:sticker =:sticker
EXPR: 0 | POS | INT | 1 | 39 | 9 | x=((20+12)-(20-(5-8))) | x 20 12 + 20 5 8 - - - = | x:sticker 20:sticker 12:sticker +:sticker 20:sticker 5:sticker 8:sticker -:sticker -:sticker -:sticker =:sticker
EXPR: 0 | POS | INT | 1 | 39 | 25 | x=((20+12)-(20-(5+8))) | x 20 12 + 20 5 8 + - - = | x:sticker 20:sticker 12:sticker +:sticker 20:sticker 5:sticker 8:sticker +:sticker -:sticker -:sticker =:sticker
EXPR: 0 | POS | INT | 1 | 39 | 25 | x=(20-(12-((20+5)-8))) | x 20 12 20 5 + 8 - - - = | x:sticker 20:sticker 12:sticker 20:sticker 5:sticker +:sticker 8:sticker -:sticker -:sticker -:sticker =:sticker
EXPR: 0 | POS | INT | 1 | 39 | 1 | x=(20-(12+((20-5)-8))) | x 20 12 20 5 - 8 - + - = | x:sticker 20:sticker 12:sticker 20:sticker 5:sticker -:sticker 8:sticker -:sticker +:sticker -:sticker =:sticker
EXPR: 0 | POS | INT | 1 | 39 | 1 | x=(((20-12)-20)+(5+8)) | x 20 12 - 20 - 5 8 + + = | x:sticker 20:sticker 12:sticker -:sticker 20:sticker -:sticker 5:sticker 8:sticker +:sticker +:sticker =:sticker
EXPR: 0 | POS | INT | 1 | 39 | 9 | x=(20+(12-((20-5)+8))) | x 20 12 20 5 - 8 + - + = | x:sticker 20:sticker 12:sticker 20:sticker 5:sticker -:sticker 8:sticker +:sticker -:sticker +:sticker =:sticker
EXPR: 0 | POS | INT | 1 | 39 | 31 | x=(20-(12-((20-5)+8))) | x 20 12 20 5 - 8 + - - = | x:sticker 20:sticker 12:sticker 20:sticker 5:sticker -:sticker 8:sticker +:sticker -:sticker -:sticker =:sticker
EXPR: 0 | POS | INT | 1 | 39 | 15 | x=((20-12)+((20-5)-8)) | x 20 12 - 20 5 - 8 - + = | x:sticker 20:sticker 12:sticker -:sticker 20:sticker 5:sticker -:sticker 8:sticker -:sticker +:sticker =:sticker
EXPR: 0 | POS | INT | 1 | 39 | 15 | x=((20-12)+(20-(5+8))) | x 20 12 - 20 5 8 + - + = | x:sticker 20:sticker 12:sticker -:sticker 20:sticker 5:sticker 8:sticker +:sticker -:sticker +:sticker =:sticker
EXPR: 0 | POS | INT | 1 | 39 | 41 | x=(20-((12-(20+5))-8)) | x 20 12 20 5 + - 8 - - = | x:sticker 20:sticker 12:sticker 20:sticker 5:sticker +:sticker -:sticker 8:sticker -:sticker -:sticker =:sticker
EXPR: 0 | POS | INT | 1 | 39 | 31 | x=((20-12)+(20-(5-8))) | x 20 12 - 20 5 8 - - + = | x:sticker 20:sticker 12:sticker -:sticker 20:sticker 5:sticker 8:sticker -:sticker -:sticker +:sticker =:sticker
EXPR: 1 | POS | INT | 1 | 39 | 39 | x=(20+(((12+20)-5)-8)) | x 20 12 20 + 5 - 8 - + = | x:sticker 20:sticker 12:sticker 20:sticker +:sticker 5:sticker -:sticker 8:sticker -:sticker +:sticker =:sticker
EXPR: 0 | POS | INT | 1 | 39 | 65 | x=(20+(12+((20+5)+8))) | x 20 12 20 5 + 8 + + + = | x:sticker 20:sticker 12:sticker 20:sticker 5:sticker +:sticker 8:sticker +:sticker +:sticker +:sticker =:sticker
EXPR: 0 | POS | INT | 1 | 39 | 9 | x=((((20+12)-20)+5)-8) | x 20 12 + 20 - 5 + 8 - = | x:sticker 20:sticker 12:sticker +:sticker 20:sticker -:sticker 5:sticker +:sticker 8:sticker -:sticker =:sticker
EXPR: 0 | POS | INT | 1 | 39 | 15 | x=((20+12)-(20+(5-8))) | x 20 12 + 20 5 8 - + - = | x:sticker 20:sticker 12:sticker +:sticker 20:sticker 5:sticker 8:sticker -:sticker +:sticker -:sticker =:sticker
EXPR: 0 | POS | INT | 1 | 39 | 1 | x=((20-12)-((20-5)-8)) | x 20 12 - 20 5 - 8 - - = | x:sticker 20:sticker 12:sticker -:sticker 20:sticker 5:sticker -:sticker 8:sticker -:sticker -:sticker =:sticker
EXPR: 0 | POS | INT | 1 | 39 | 15 | x=(20-(((12-20)+5)+8)) | x 20 12 20 - 5 + 8 + - = | x:sticker 20:sticker 12:sticker 20:sticker -:sticker 5:sticker +:sticker 8:sticker +:sticker -:sticker =:sticker
EXPR: 0 | POS | INT | 1 | 39 | 25 | x=((((20+12)-20)+5)+8) | x 20 12 + 20 - 5 + 8 + = | x:sticker 20:sticker 12:sticker +:sticker 20:sticker -:sticker 5:sticker +:sticker 8:sticker +:sticker =:sticker
EXPR: 1 | POS | INT | 1 | 39 | 39 | x=(20+(12+((20-5)-8))) | x 20 12 20 5 - 8 - + + = | x:sticker 20:sticker 12:sticker 20:sticker 5:sticker -:sticker 8:sticker -:sticker +:sticker +:sticker =:sticker
EXPR: 0 | POS | INT | 1 | 39 | 25 | x=(20+(((12-20)+5)+8)) | x 20 12 20 - 5 + 8 + + = | x:sticker 20:sticker 12:sticker 20:sticker -:sticker 5:sticker +:sticker 8:sticker +:sticker +:sticker =:sticker
EXPR: 0 | POS | INT | 10 | 39 | 15 | x=(20-(((20-12)+5)-8)) | x 20 20 12 - 5 + 8 - - = | x:sticker 20:sticker 20:sticker 12:sticker -:sticker 5:sticker +:sticker 8:sticker -:sticker -:sticker =:sticker
EXPR: 0 | POS | INT | 10 | 39 | 25 | x=((20-12)+(5+(20-8))) | x 20 12 - 5 20 8 - + + = | x:sticker 20:sticker 12:sticker -:sticker 5:sticker 20:sticker 8:sticker -:sticker +:sticker +:sticker =:sticker
EXPR: 0 | POS | INT | 10 | 39 | 25 | x=(12+(20-((20-5)-8))) | x 12 20 20 5 - 8 - - + = | x:sticker 12:sticker 20:sticker 20:sticker 5:sticker -:sticker 8:sticker -:sticker -:sticker +:sticker =:sticker
EXPR: 0 | POS | INT | 10 | 39 | 15 | x=(12-(20-((20-5)+8))) | x 12 20 20 5 - 8 + - - = | x:sticker 12:sticker 20:sticker 20:sticker 5:sticker -:sticker 8:sticker +:sticker -:sticker -:sticker =:sticker
EXPR: 0 | POS | INT | 10 | 39 | 25 | x=(((20-(12-5))+20)-8) | x 20 12 5 - - 20 + 8 - = | x:sticker 20:sticker 12:sticker 5:sticker -:sticker -:sticker 20:sticker +:sticker 8:sticker -:sticker =:sticker
EXPR: 0 | POS | INT | 10 | 39 | 31 | x=((20-12)+(20+(8-5))) | x 20 12 - 20 8 5 - + + = | x:sticker 20:sticker 12:sticker -:sticker 20:sticker 8:sticker 5:sticker -:sticker +:sticker +:sticker =:sticker
EXPR: 0 | POS | INT | 10 | 39 | 9 | x=((12-20)+(20+(5-8))) | x 12 20 - 20 5 8 - + + = | x:sticker 12:sticker 20:sticker -:sticker 20:sticker 5:sticker 8:sticker -:sticker +:sticker +:sticker =:sticker
EXPR: 0 | POS | INT | 10 | 39 | 15 | x=(12+((20-(20+5))+8)) | x 12 20 20 5 + - 8 + + = | x:sticker 12:sticker 20:sticker 20:sticker 5:sticker +:sticker -:sticker 8:sticker +:sticker +:sticker =:sticker
EXPR: 1 | POS | INT | 10 | 39 | 39 | x=(((20+12)-5)+(20-8)) | x 20 12 + 5 - 20 8 - + = | x:sticker 20:sticker 12:sticker +:sticker 5:sticker -:sticker 20:sticker 8:sticker -:sticker +:sticker =:sticker
EXPR: 0 | POS | INT | 10 | 39 | 9 | x=(12-(20-((20+5)-8))) | x 12 20 20 5 + 8 - - - = | x:sticker 12:sticker 20:sticker 20:sticker 5:sticker +:sticker 8:sticker -:sticker -:sticker -:sticker =:sticker
EXPR: 0 | POS | INT | 10 | 39 | 15 | x=((12-20)+(20-(5-8))) | x 12 20 - 20 5 8 - - + = | x:sticker 12:sticker 20:sticker -:sticker 20:sticker 5:sticker 8:sticker -:sticker -:sticker +:sticker =:sticker
EXPR: 0 | POS | INT | 10 | 39 | 55 | x=((20+12)+(20+(8-5))) | x 20 12 + 20 8 5 - + + = | x:sticker 20:sticker 12:sticker +:sticker 20:sticker 8:sticker 5:sticker -:sticker +:sticker +:sticker =:sticker
EXPR: 0 | POS | INT | 10 | 39 | 25 | x=((20-12)+(20-(8-5))) | x 20 12 - 20 8 5 - - + = | x:sticker 20:sticker 12:sticker -:sticker 20:sticker 8:sticker 5:sticker -:sticker -:sticker +:sticker =:sticker
EXPR: 1 | POS | INT | 10 | 39 | 39 | x=(12+(((20+20)-5)-8)) | x 12 20 20 + 5 - 8 - + = | x:sticker 12:sticker 20:sticker 20:sticker +:sticker 5:sticker -:sticker 8:sticker -:sticker +:sticker =:sticker
EXPR: 1 | POS | INT | 10 | 39 | 39 | x=(20+(((12+20)-8)-5)) | x 20 12 20 + 8 - 5 - + = | x:sticker 20:sticker 12:sticker 20:sticker +:sticker 8:sticker -:sticker 5:sticker -:sticker +:sticker =:sticker
EXPR: 0 | POS | INT | 10 | 39 | 9 | x=(12-((20-(20+5))+8)) | x 12 20 20 5 + - 8 + - = | x:sticker 12:sticker 20:sticker 20:sticker 5:sticker +:sticker -:sticker 8:sticker +:sticker -:sticker =:sticker
EXPR: 0 | POS | INT | 10 | 39 | 65 | x=(12+(20+((20+5)+8))) | x 12 20 20 5 + 8 + + + = | x:sticker 12:sticker 20:sticker 20:sticker 5:sticker +:sticker 8:sticker +:sticker +:sticker +:sticker =:sticker
EXPR: 0 | POS | INT | 10 | 39 | 49 | x=(12+((20+(20+5))-8)) | x 12 20 20 5 + + 8 - + = | x:sticker 12:sticker 20:sticker 20:sticker 5:sticker +:sticker +:sticker 8:sticker -:sticker +:sticker =:sticker
EXPR: 0 | POS | INT | 10 | 39 | 9 | x=((20+12)-(20+(8-5))) | x 20 12 + 20 8 5 - + - = | x:sticker 20:sticker 12:sticker +:sticker 20:sticker 8:sticker 5:sticker -:sticker +:sticker -:sticker =:sticker
EXPR: 1 | POS | INT | 10 | 39 | 39 | x=((20+((12+20)-8))-5) | x 20 12 20 + 8 - + 5 - = | x:sticker 20:sticker 12:sticker 20:sticker +:sticker 8:sticker -:sticker +:sticker 5:sticker -:sticker =:sticker
EXPR: 0 | POS | INT | 10 | 39 | 15 | x=(20-(((12-20)+8)+5)) | x 20 12 20 - 8 + 5 + - = | x:sticker 20:sticker 12:sticker 20:sticker -:sticker 8:sticker +:sticker 5:sticker +:sticker -:sticker =:sticker
EXPR: 1 | POS | INT | 10 | 39 | 39 | x=(12+(20+((20-5)-8))) | x 12 20 20 5 - 8 - + + = | x:sticker 12:sticker 20:sticker 20:sticker 5:sticker -:sticker 8:sticker -:sticker +:sticker +:sticker =:sticker
EXPR: 0 | POS | INT | 10 | 39 | 25 | x=((12-20)+(20+(5+8))) | x 12 20 - 20 5 8 + + + = | x:sticker 12:sticker 20:sticker -:sticker 20:sticker 5:sticker 8:sticker +:sticker +:sticker +:sticker =:sticker
EXPR: 0 | POS | INT | 10 | 39 | 9 | x=((12-(20-20))+(5-8)) | x 12 20 20 - - 5 8 - + = | x:sticker 12:sticker 20:sticker 20:sticker -:sticker -:sticker 5:sticker 8:sticker -:sticker +:sticker =:sticker
EXPR: 1 | POS | INT | 10 | 39 | 39 | x=(12+((20+(20-5))-8)) | x 12 20 20 5 - + 8 - + = | x:sticker 12:sticker 20:sticker 20:sticker 5:sticker -:sticker +:sticker 8:sticker -:sticker +:sticker =:sticker
EXPR: 0 | POS | INT | 10 | 39 | 49 | x=((20+((12+20)-8))+5) | x 20 12 20 + 8 - + 5 + = | x:sticker 20:sticker 12:sticker 20:sticker +:sticker 8:sticker -:sticker +:sticker 5:sticker +:sticker =:sticker
EXPR: 0 | POS | INT | 10 | 39 | 25 | x=(12+(((20-20)+5)+8)) | x 12 20 20 - 5 + 8 + + = | x:sticker 12:sticker 20:sticker 20:sticker -:sticker 5:sticker +:sticker 8:sticker +:sticker +:sticker =:sticker
EXPR: 0 | POS | INT | 10 | 39 | 25 | x=(20+(((12-20)+8)+5)) | x 20 12 20 - 8 + 5 + + = | x:sticker 20:sticker 12:sticker 20:sticker -:sticker 8:sticker +:sticker 5:sticker +:sticker +:sticker =:sticker
EXPR: 0 | POS | INT | 11 | 39 | 15 | x=(20-(((20-12)+5)-8)) | x 20 20 12 - 5 + 8 - - = | x:sticker 20:sticker 20:sticker 12:sticker -:sticker 5:sticker +:sticker 8:sticker -:sticker -:sticker =:sticker
EXPR: 0 | POS | INT | 11 | 39 | 25 | x=(((20-(12-5))+20)-8) | x 20 12 5 - - 20 + 8 - = | x:sticker 20:sticker 12:sticker 5:sticker -:sticker -:sticker 20:sticker +:sticker 8:sticker -:sticker =:sticker
EXPR: 0 | POS | INT | 11 | 39 | 15 | x=(12+((20-(20+5))+8)) | x 12 20 20 5 + - 8 + + = | x:sticker 12:sticker 20:sticker 20:sticker 5:sticker +:sticker -:sticker 8:sticker +:sticker +:sticker =:sticker
EXPR: 1 | POS | INT | 11 | 39 | 39 | x=(((20+12)-5)+(20-8)) | x 20 12 + 5 - 20 8 - + = | x:sticker 20:sticker 12:sticker +:sticker 5:sticker -:sticker 20:sticker 8:sticker -:sticker +:sticker =:sticker
EXPR: 0 | POS | INT | 11 | 39 | 55 | x=((20+12)+(20+(8-5))) | x 20 12 + 20 8 5 - + + = | x:sticker 20:sticker 12:sticker +:sticker 20:sticker 8:sticker 5:sticker -:sticker +:sticker +:sticker =:sticker
EXPR: 0 | POS | INT | 11 | 39 | 9 | x=(12-((20-(20+5))+8)) | x 12 20 20 5 + - 8 + - = | x:sticker 12:sticker 20:sticker 20:sticker 5:sticker +:sticker -:sticker 8:sticker +:sticker -:sticker =:sticker
EXPR: 0 | POS | INT | 11 | 39 | 49 | x=(12+((20+(20+5))-8)) | x 12 20 20 5 + + 8 - + = | x:sticker 12:sticker 20:sticker 20:sticker 5:sticker +:sticker +:sticker 8:sticker -:sticker +:sticker =:sticker
EXPR: 1 | POS | INT | 11 | 39 | 39 | x=((20+((12+20)-8))-5) | x 20 12 20 + 8 - + 5 - = | x:sticker 20:sticker 12:sticker 20:sticker +:sticker 8:sticker -:sticker +:sticker 5:sticker -:sticker =:sticker
EXPR: 0 | POS | INT | 12 | 39 | 15 | 20=((((20-12)+x)+5)-8) | 20 20 12 - x + 5 + 8 - = | 20:sticker 20:sticker 12:sticker -:sticker x:sticker +:sticker 5:sticker +:sticker 8:sticker -:sticker =:sticker
EXPR: 0 | POS | INT | 15 | 39 | 55 | x=(20+((20+(12-5))+8)) | x 20 20 12 5 - + 8 + + = | x:sticker 20:sticker 20:sticker 12:sticker 5:sticker -:sticker +:sticker 8:sticker +:sticker +:sticker =:sticker
EXPR: 0 | POS | INT | 15 | 39 | 41 | x=(20+(20-((12-5)-8))) | x 20 20 12 5 - 8 - - + = | x:sticker 20:sticker 20:sticker 12:sticker 5:sticker -:sticker 8:sticker -:sticker -:sticker +:sticker =:sticker
EXPR: 0 | POS | INT | 15 | 39 | 9 | x=(20+((5+(12-20))-8)) | x 20 5 12 20 - + 8 - + = | x:sticker 20:sticker 5:sticker 12:sticker 20:sticker -:sticker +:sticker 8:sticker -:sticker +:sticker =:sticker
EXPR: 0 | POS | INT | 15 | 39 | 15 | x=(20-(20-((12-5)+8))) | x 20 20 12 5 - 8 + - - = | x:sticker 20:sticker 20:sticker 12:sticker 5:sticker -:sticker 8:sticker +:sticker -:sticker -:sticker =:sticker
EXPR: 0 | POS | INT | 15 | 39 | 25 | x=(20+((5-(12-20))-8)) | x 20 5 12 20 - - 8 - + = | x:sticker 20:sticker 5:sticker 12:sticker 20:sticker -:sticker -:sticker 8:sticker -:sticker +:sticker =:sticker
EXPR: 0 | POS | INT | 15 | 39 | 9 | x=(20-(20-((12+5)-8))) | x 20 20 12 5 + 8 - - - = | x:sticker 20:sticker 20:sticker 12:sticker 5:sticker +:sticker 8:sticker -:sticker -:sticker -:sticker =:sticker
EXPR: 0 | POS | INT | 15 | 39 | 1 | x=(20-(20+((12-5)-8))) | x 20 20 12 5 - 8 - + - = | x:sticker 20:sticker 20:sticker 12:sticker 5:sticker -:sticker 8:sticker -:sticker +:sticker -:sticker =:sticker
EXPR: 0 | POS | INT | 15 | 39 | 55 | x=(20+((20+12)-(5-8))) | x 20 20 12 + 5 8 - - + = | x:sticker 20:sticker 20:sticker 12:sticker +:sticker 5:sticker 8:sticker -:sticker -:sticker +:sticker =:sticker
EXPR: 0 | POS | INT | 15 | 39 | 65 | x=(20+(20+((12+5)+8))) | x 20 20 12 5 + 8 + + + = | x:sticker 20:sticker 20:sticker 12:sticker 5:sticker +:sticker 8:sticker +:sticker +:sticker +:sticker =:sticker
EXPR: 1 | POS | INT | 15 | 39 | 39 | x=(20+(20+((12-5)-8))) | x 20 20 12 5 - 8 - + + = | x:sticker 20:sticker 20:sticker 12:sticker 5:sticker -:sticker 8:sticker -:sticker +:sticker +:sticker =:sticker
EXPR: 0 | POS | INT | 16 | 39 | 55 | x=(20+((20+(12-5))+8)) | x 20 20 12 5 - + 8 + + = | x:sticker 20:sticker 20:sticker 12:sticker 5:sticker -:sticker +:sticker 8:sticker +:sticker +:sticker =:sticker
EXPR: 0 | POS | INT | 16 | 39 | 55 | x=(20+((20+12)-(5-8))) | x 20 20 12 + 5 8 - - + = | x:sticker 20:sticker 20:sticker 12:sticker +:sticker 5:sticker 8:sticker -:sticker -:sticker +:sticker =:sticker
EXPR: 0 | POS | INT | 20 | 39 | 9 | x=(20-(((20-12)+8)-5)) | x 20 20 12 - 8 + 5 - - = | x:sticker 20:sticker 20:sticker 12:sticker -:sticker 8:sticker +:sticker 5:sticker -:sticker -:sticker =:sticker
EXPR: 0 | POS | INT | 20 | 39 | 41 | x=(5+(20-((12-20)-8))) | x 5 20 12 20 - 8 - - + = | x:sticker 5:sticker 20:sticker 12:sticker 20:sticker -:sticker 8:sticker -:sticker -:sticker +:sticker =:sticker
EXPR: 0 | POS | INT | 20 | 39 | 9 | x=(5-(20-((12+20)-8))) | x 5 20 12 20 + 8 - - - = | x:sticker 5:sticker 20:sticker 12:sticker 20:sticker +:sticker 8:sticker -:sticker -:sticker -:sticker =:sticker
EXPR: 0 | POS | INT | 20 | 39 | 1 | x=(5-(20+((12-20)-8))) | x 5 20 12 20 - 8 - + - = | x:sticker 5:sticker 20:sticker 12:sticker 20:sticker -:sticker 8:sticker -:sticker +:sticker -:sticker =:sticker
EXPR: 0 | POS | INT | 20 | 39 | 9 | x=(5-(20-(12+(20-8)))) | x 5 20 12 20 8 - + - - = | x:sticker 5:sticker 20:sticker 12:sticker 20:sticker 8:sticker -:sticker +:sticker -:sticker -:sticker =:sticker
EXPR: 0 | POS | INT | 20 | 39 | 65 | x=(5+(20+((12+20)+8))) | x 5 20 12 20 + 8 + + + = | x:sticker 5:sticker 20:sticker 12:sticker 20:sticker +:sticker 8:sticker +:sticker +:sticker +:sticker =:sticker
EXPR: 0 | POS | INT | 20 | 39 | 25 | x=(5-(20-(12+(20+8)))) | x 5 20 12 20 8 + + - - = | x:sticker 5:sticker 20:sticker 12:sticker 20:sticker 8:sticker +:sticker +:sticker -:sticker -:sticker =:sticker
EXPR: 0 | POS | INT | 20 | 39 | 41 | x=(5+(20-(12-(20+8)))) | x 5 20 12 20 8 + - - + = | x:sticker 5:sticker 20:sticker 12:sticker 20:sticker 8:sticker +:sticker -:sticker -:sticker +:sticker =:sticker
EXPR: 0 | POS | INT | 20 | 39 | 9 | x=(5+(20+((12-20)-8))) | x 5 20 12 20 - 8 - + + = | x:sticker 5:sticker 20:sticker 12:sticker 20:sticker -:sticker 8:sticker -:sticker +:sticker +:sticker =:sticker
EXPR: 0 | POS | INT | 21 | 39 | 9 | x=(5-(20-(12+(20-8)))) | x 5 20 12 20 8 - + - - = | x:sticker 5:sticker 20:sticker 12:sticker 20:sticker 8:sticker -:sticker +:sticker -:sticker -:sticker =:sticker
EXPR: 0 | POS | INT | 22 | 39 | 15 | 5=((20+12)-(x+(20-8))) | 5 20 12 + x 20 8 - + - = | 5:sticker 20:sticker 12:sticker +:sticker x:sticker 20:sticker 8:sticker -:sticker +:sticker -:sticker =:sticker
EXPR: 0 | POS | INT | 22 | 39 | 9 | (20-20)=(12+(5-(x+8))) | 20 20 - 12 5 x 8 + - + = | 20:sticker 20:sticker -:sticker 12:sticker 5:sticker x:sticker 8:sticker +:sticker -:sticker +:sticker =:sticker
EXPR: 1 | POS | INT | 22 | 39 | 39 | 5=((20+12)-(x-(20-8))) | 5 20 12 + x 20 8 - - - = | 5:sticker 20:sticker 12:sticker +:sticker x:sticker 20:sticker 8:sticker -:sticker -:sticker -:sticker =:sticker
EXPR: 0 | POS | INT | 22 | 39 | 1 | 5=((20+12)-(20+(8-x))) | 5 20 12 + 20 8 x - + - = | 5:sticker 20:sticker 12:sticker +:sticker 20:sticker 8:sticker x:sticker -:sticker +:sticker -:sticker =:sticker
EXPR: 1 | POS | INT | 22 | 39 | 39 | 5=(((20-x)+(12+20))-8) | 5 20 x - 12 20 + + 8 - = | 5:sticker 20:sticker x:sticker -:sticker 12:sticker 20:sticker +:sticker +:sticker 8:sticker -:sticker =:sticker
EXPR: 0 | POS | INT | 22 | 39 | 9 | 5=((20+x)-(12+(20-8))) | 5 20 x + 12 20 8 - + - = | 5:sticker 20:sticker x:sticker +:sticker 12:sticker 20:sticker 8:sticker -:sticker +:sticker -:sticker =:sticker
EXPR: 0 | POS | INT | 25 | 39 | 15 | x=((8+((20+12)-20))-5) | x 8 20 12 + 20 - + 5 - = | x:sticker 8:sticker 20:sticker 12:sticker +:sticker 20:sticker -:sticker +:sticker 5:sticker -:sticker =:sticker
EXPR: 0 | POS | INT | 25 | 39 | 25 | x=(8+((20+12)-(20-5))) | x 8 20 12 + 20 5 - - + = | x:sticker 8:sticker 20:sticker 12:sticker +:sticker 20:sticker 5:sticker -:sticker -:sticker +:sticker =:sticker
EXPR: 0 | POS | INT | 25 | 39 | 9 | x=(20+((12-(20-5))-8)) | x 20 12 20 5 - - 8 - + = | x:sticker 20:sticker 12:sticker 20:sticker 5:sticker -:sticker -:sticker 8:sticker -:sticker +:sticker =:sticker
EXPR: 0 | POS | INT | 25 | 39 | 25 | x=(20+((5+(20-12))-8)) | x 20 5 20 12 - + 8 - + = | x:sticker 20:sticker 5:sticker 20:sticker 12:sticker -:sticker +:sticker 8:sticker -:sticker +:sticker =:sticker
EXPR: 0 | POS | INT | 25 | 39 | 15 | x=((((20-12)+20)-5)-8) | x 20 12 - 20 + 5 - 8 - = | x:sticker 20:sticker 12:sticker -:sticker 20:sticker +:sticker 5:sticker -:sticker 8:sticker -:sticker =:sticker
EXPR: 0 | POS | INT | 25 | 39 | 1 | x=((20-12)-(20-(5+8))) | x 20 12 - 20 5 8 + - - = | x:sticker 20:sticker 12:sticker -:sticker 20:sticker 5:sticker 8:sticker +:sticker -:sticker -:sticker =:sticker
EXPR: 0 | POS | INT | 25 | 39 | 15 | x=(20-((12-(20-5))+8)) | x 20 12 20 5 - - 8 + - = | x:sticker 20:sticker 12:sticker 20:sticker 5:sticker -:sticker -:sticker 8:sticker +:sticker -:sticker =:sticker
EXPR: 0 | POS | INT | 25 | 39 | 1 | x=(20-((12+(20-5))-8)) | x 20 12 20 5 - + 8 - - = | x:sticker 20:sticker 12:sticker 20:sticker 5:sticker -:sticker +:sticker 8:sticker -:sticker -:sticker =:sticker
EXPR: 0 | POS | INT | 25 | 39 | 9 | x=(((20-(20-5))+12)-8) | x 20 20 5 - - 12 + 8 - = | x:sticker 20:sticker 20:sticker 5:sticker -:sticker -:sticker 12:sticker +:sticker 8:sticker -:sticker =:sticker
EXPR: 0 | POS | INT | 25 | 39 | 31 | x=(20-(12-((20-5)+8))) | x 20 12 20 5 - 8 + - - = | x:sticker 20:sticker 12:sticker 20:sticker 5:sticker -:sticker 8:sticker +:sticker -:sticker -:sticker =:sticker
EXPR: 0 | POS | INT | 25 | 39 | 41 | x=(20+((5+(20-12))+8)) | x 20 5 20 12 - + 8 + + = | x:sticker 20:sticker 5:sticker 20:sticker 12:sticker -:sticker +:sticker 8:sticker +:sticker +:sticker =:sticker
EXPR: 0 | POS | INT | 25 | 39 | 31 | x=((20-((12-8)+5))+20) | x 20 12 8 - 5 + - 20 + = | x:sticker 20:sticker 12:sticker 8:sticker -:sticker 5:sticker +:sticker -:sticker 20:sticker +:sticker =:sticker
EXPR: 1 | POS | INT | 25 | 39 | 39 | x=(((20+20)-5)+(12-8)) | x 20 20 + 5 - 12 8 - + = | x:sticker 20:sticker 20:sticker +:sticker 5:sticker -:sticker 12:sticker 8:sticker -:sticker +:sticker =:sticker
EXPR: 0 | POS | INT | 25 | 39 | 15 | x=(20-((5+(20-12))-8)) | x 20 5 20 12 - + 8 - - = | x:sticker 20:sticker 5:sticker 20:sticker 12:sticker -:sticker +:sticker 8:sticker -:sticker -:sticker =:sticker
EXPR: 0 | POS | INT | 25 | 39 | 49 | x=(20+((12+5)-(8-20))) | x 20 12 5 + 8 20 - - + = | x:sticker 20:sticker 12:sticker 5:sticker +:sticker 8:sticker 20:sticker -:sticker -:sticker +:sticker =:sticker
EXPR: 0 | POS | INT | 25 | 39 | 15 | x=(((20-5)-20)+(12+8)) | x 20 5 - 20 - 12 8 + + = | x:sticker 20:sticker 5:sticker -:sticker 20:sticker -:sticker 12:sticker 8:sticker +:sticker +:sticker =:sticker
EXPR: 0 | POS | INT | 25 | 39 | 15 | x=(((20-5)+20)-(12+8)) | x 20 5 - 20 + 12 8 + - = | x:sticker 20:sticker 5:sticker -:sticker 20:sticker +:sticker 12:sticker 8:sticker +:sticker -:sticker =:sticker
EXPR: 0 | POS | INT | 25 | 39 | 41 | x=((20+(5+(20-12)))+8) | x 20 5 20 12 - + + 8 + = | x:sticker 20:sticker 5:sticker 20:sticker 12:sticker -:sticker +:sticker +:sticker 8:sticker +:sticker =:sticker
EXPR: 0 | POS | INT | 25 | 39 | 15 | x=(8-(20-(12+(20-5)))) | x 8 20 12 20 5 - + - - = | x:sticker 8:sticker 20:sticker 12:sticker 20:sticker 5:sticker -:sticker +:sticker -:sticker -:sticker =:sticker
EXPR: 0 | POS | INT | 25 | 39 | 9 | x=((((20+5)-20)+12)-8) | x 20 5 + 20 - 12 + 8 - = | x:sticker 20:sticker 5:sticker +:sticker 20:sticker -:sticker 12:sticker +:sticker 8:sticker -:sticker =:sticker
EXPR: 0 | POS | INT | 25 | 39 | 25 | x=((((20+5)-20)+12)+8) | x 20 5 + 20 - 12 + 8 + = | x:sticker 20:sticker 5:sticker +:sticker 20:sticker -:sticker 12:sticker +:sticker 8:sticker +:sticker =:sticker
EXPR: 0 | POS | INT | 25 | 39 | 25 | x=((20+(5+(20-12)))-8) | x 20 5 20 12 - + + 8 - = | x:sticker 20:sticker 5:sticker 20:sticker 12:sticker -:sticker +:sticker +:sticker 8:sticker -:sticker =:sticker
EXPR: 0 | POS | INT | 25 | 39 | 49 | x=((20+((12+5)-8))+20) | x 20 12 5 + 8 - + 20 + = | x:sticker 20:sticker 12:sticker 5:sticker +:sticker 8:sticker -:sticker +:sticker 20:sticker +:sticker =:sticker
EXPR: 0 | POS | INT | 26 | 39 | 25 | x=(8+((20+12)-(20-5))) | x 8 20 12 + 20 5 - - + = | x:sticker 8:sticker 20:sticker 12:sticker +:sticker 20:sticker 5:sticker -:sticker -:sticker +:sticker =:sticker
EXPR: 0 | POS | INT | 26 | 39 | 15 | x=((((20-12)+20)-5)-8) | x 20 12 - 20 + 5 - 8 - = | x:sticker 20:sticker 12:sticker -:sticker 20:sticker +:sticker 5:sticker -:sticker 8:sticker -:sticker =:sticker
EXPR: 0 | POS | INT | 26 | 39 | 1 | x=((20-12)-(20-(5+8))) | x 20 12 - 20 5 8 + - - = | x:sticker 20:sticker 12:sticker -:sticker 20:sticker 5:sticker 8:sticker +:sticker -:sticker -:sticker =:sticker
EXPR: 0 | POS | INT | 26 | 39 | 1 | x=(20-((12+(20-5))-8)) | x 20 12 20 5 - + 8 - - = | x:sticker 20:sticker 12:sticker 20:sticker 5:sticker -:sticker +:sticker 8:sticker -:sticker -:sticker =:sticker
EXPR: 0 | POS | INT | 26 | 39 | 41 | x=(20+((5+(20-12))+8)) | x 20 5 20 12 - + 8 + + = | x:sticker 20:sticker 5:sticker 20:sticker 12:sticker -:sticker +:sticker 8:sticker +:sticker +:sticker =:sticker
EXPR: 0 | POS | INT | 26 | 39 | 31 | x=((20-((12-8)+5))+20) | x 20 12 8 - 5 + - 20 + = | x:sticker 20:sticker 12:sticker 8:sticker -:sticker 5:sticker +:sticker -:sticker 20:sticker +:sticker =:sticker
EXPR: 0 | POS | INT | 26 | 39 | 15 | x=(20-((5+(20-12))-8)) | x 20 5 20 12 - + 8 - - = | x:sticker 20:sticker 5:sticker 20:sticker 12:sticker -:sticker +:sticker 8:sticker -:sticker -:sticker =:sticker
EXPR: 0 | POS | INT | 26 | 39 | 15 | x=(((20-5)+20)-(12+8)) | x 20 5 - 20 + 12 8 + - = | x:sticker 20:sticker 5:sticker -:sticker 20:sticker +:sticker 12:sticker 8:sticker +:sticker -:sticker =:sticker
EXPR: 0 | POS | INT | 26 | 39 | 41 | x=((20+(5+(20-12)))+8) | x 20 5 20 12 - + + 8 + = | x:sticker 20:sticker 5:sticker 20:sticker 12:sticker -:sticker +:sticker +:sticker 8:sticker +:sticker =:sticker
EXPR: 0 | POS | INT | 26 | 39 | 25 | x=((((20+5)-20)+12)+8) | x 20 5 + 20 - 12 + 8 + = | x:sticker 20:sticker 5:sticker +:sticker 20:sticker -:sticker 12:sticker +:sticker 8:sticker +:sticker =:sticker
EXPR: 0 | POS | INT | 27 | 39 | 41 | (x-(((20+20)+5)-12))=8 | x 20 20 + 5 + 12 - - 8 = | x:sticker 20:sticker 20:sticker +:sticker 5:sticker +:sticker 12:sticker -:sticker -:sticker 8:sticker =:sticker
EXPR: 0 | POS | INT | 27 | 39 | 25 | 20=(12-((20+(5-x))-8)) | 20 12 20 5 x - + 8 - - = | 20:sticker 12:sticker 20:sticker 5:sticker x:sticker -:sticker +:sticker 8:sticker -:sticker -:sticker =:sticker
EXPR: 0 | POS | INT | 27 | 39 | 15 | ((20-5)+(20-(12+x)))=8 | 20 5 - 20 12 x + - + 8 = | 20:sticker 5:sticker -:sticker 20:sticker 12:sticker x:sticker +:sticker -:sticker +:sticker 8:sticker =:sticker
EXPR: 0 | POS | INT | 27 | 39 | 49 | 20=(x-((12+5)-(8-20))) | 20 x 12 5 + 8 20 - - - = | 20:sticker x:sticker 12:sticker 5:sticker +:sticker 8:sticker 20:sticker -:sticker -:sticker -:sticker =:sticker
EXPR: 1 | POS | INT | 27 | 39 | 39 | 8=((20+((12+20)-5))-x) | 8 20 12 20 + 5 - + x - = | 8:sticker 20:sticker 12:sticker 20:sticker +:sticker 5:sticker -:sticker +:sticker x:sticker -:sticker =:sticker
EXPR: 1 | POS | INT | 30 | 39 | 39 | x=(20-(((8-12)+5)-20)) | x 20 8 12 - 5 + 20 - - = | x:sticker 20:sticker 8:sticker 12:sticker -:sticker 5:sticker +:sticker 20:sticker -:sticker -:sticker =:sticker
EXPR: 0 | POS | INT | 30 | 39 | 41 | x=((5-(12-20))+(20+8)) | x 5 12 20 - - 20 8 + + = | x:sticker 5:sticker 12:sticker 20:sticker -:sticker -:sticker 20:sticker 8:sticker +:sticker +:sticker =:sticker
EXPR: 0 | POS | INT | 30 | 39 | 1 | x=(5-(20-((20-12)+8))) | x 5 20 20 12 - 8 + - - = | x:sticker 5:sticker 20:sticker 20:sticker 12:sticker -:sticker 8:sticker +:sticker -:sticker -:sticker =:sticker
EXPR: 0 | POS | INT | 30 | 39 | 15 | x=((20-5)+(12+(8-20))) | x 20 5 - 12 8 20 - + + = | x:sticker 20:sticker 5:sticker -:sticker 12:sticker 8:sticker 20:sticker -:sticker +:sticker +:sticker =:sticker
EXPR: 0 | POS | INT | 30 | 39 | 15 | x=((20-5)-(12+(8-20))) | x 20 5 - 12 8 20 - + - = | x:sticker 20:sticker 5:sticker -:sticker 12:sticker 8:sticker 20:sticker -:sticker +:sticker -:sticker =:sticker
EXPR: 0 | POS | INT | 30 | 39 | 25 | x=((5-12)+(20+(20-8))) | x 5 12 - 20 20 8 - + + = | x:sticker 5:sticker 12:sticker -:sticker 20:sticker 20:sticker 8:sticker -:sticker +:sticker +:sticker =:sticker
EXPR: 0 | POS | INT | 30 | 39 | 49 | x=(((12+5)+(20+20))-8) | x 12 5 + 20 20 + + 8 - = | x:sticker 12:sticker 5:sticker +:sticker 20:sticker 20:sticker +:sticker +:sticker 8:sticker -:sticker =:sticker
EXPR: 0 | POS | INT | 30 | 39 | 1 | x=(5-((20-(20-12))-8)) | x 5 20 20 12 - - 8 - - = | x:sticker 5:sticker 20:sticker 20:sticker 12:sticker -:sticker -:sticker 8:sticker -:sticker -:sticker =:sticker
EXPR: 0 | POS | INT | 30 | 39 | 31 | x=(((20+8)-12)-(5-20)) | x 20 8 + 12 - 5 20 - - = | x:sticker 20:sticker 8:sticker +:sticker 12:sticker -:sticker 5:sticker 20:sticker -:sticker -:sticker =:sticker
EXPR: 0 | POS | INT | 31 | 39 | 41 | x=((5-(12-20))+(20+8)) | x 5 12 20 - - 20 8 + + = | x:sticker 5:sticker 12:sticker 20:sticker -:sticker -:sticker 20:sticker 8:sticker +:sticker +:sticker =:sticker
EXPR: 0 | POS | INT | 31 | 39 | 1 | x=(5-(20-((20-12)+8))) | x 5 20 20 12 - 8 + - - = | x:sticker 5:sticker 20:sticker 20:sticker 12:sticker -:sticker 8:sticker +:sticker -:sticker -:sticker =:sticker
EXPR: 0 | POS | INT | 31 | 39 | 31 | x=(((20+8)-12)-(5-20)) | x 20 8 + 12 - 5 20 - - = | x:sticker 20:sticker 8:sticker +:sticker 12:sticker -:sticker 5:sticker 20:sticker -:sticker -:sticker =:sticker
EXPR: 0 | POS | INT | 32 | 39 | 49 | (x-5)=((20+(12+20))-8) | x 5 - 20 12 20 + + 8 - = | x:sticker 5:sticker -:sticker 20:sticker 12:sticker 20:sticker +:sticker +:sticker 8:sticker -:sticker =:sticker
EXPR: 0 | POS | INT | 32 | 39 | 25 | 5=((12+((x-20)-20))+8) | 5 12 x 20 - 20 - + 8 + = | 5:sticker 12:sticker x:sticker 20:sticker -:sticker 20:sticker -:sticker +:sticker 8:sticker +:sticker =:sticker
EXPR: 1 | POS | INT | 32 | 39 | 39 | 5=(12+(((20+20)-x)-8)) | 5 12 20 20 + x - 8 - + = | 5:sticker 12:sticker 20:sticker 20:sticker +:sticker x:sticker -:sticker 8:sticker -:sticker +:sticker =:sticker
EXPR: 1 | POS | INT | 35 | 39 | 39 | x=(20-((8+(5-12))-20)) | x 20 8 5 12 - + 20 - - = | x:sticker 20:sticker 8:sticker 5:sticker 12:sticker -:sticker +:sticker 20:sticker -:sticker -:sticker =:sticker
EXPR: 0 | POS | INT | 35 | 39 | 9 | x=(20+((5-(8-12))-20)) | x 20 5 8 12 - - 20 - + = | x:sticker 20:sticker 5:sticker 8:sticker 12:sticker -:sticker -:sticker 20:sticker -:sticker +:sticker =:sticker
EXPR: 0 | POS | INT | 35 | 39 | 25 | x=(((12-(20-20))+8)+5) | x 12 20 20 - - 8 + 5 + = | x:sticker 12:sticker 20:sticker 20:sticker -:sticker -:sticker 8:sticker +:sticker 5:sticker +:sticker =:sticker
EXPR: 0 | POS | INT | 35 | 39 | 31 | x=((20-(12-20))+(8-5)) | x 20 12 20 - - 8 5 - + = | x:sticker 20:sticker 12:sticker 20:sticker -:sticker -:sticker 8:sticker 5:sticker -:sticker +:sticker =:sticker
EXPR: 0 | POS | INT | 35 | 39 | 25 | x=((5-(20-20))+(12+8)) | x 5 20 20 - - 12 8 + + = | x:sticker 5:sticker 20:sticker 20:sticker -:sticker -:sticker 12:sticker 8:sticker +:sticker +:sticker =:sticker
EXPR: 0 | POS | INT | 35 | 39 | 31 | x=(8+((20+(20-12))-5)) | x 8 20 20 12 - + 5 - + = | x:sticker 8:sticker 20:sticker 20:sticker 12:sticker -:sticker +:sticker 5:sticker -:sticker +:sticker =:sticker
EXPR: 0 | POS | INT | 35 | 39 | 9 | x=(((5-20)+(20+12))-8) | x 5 20 - 20 12 + + 8 - = | x:sticker 5:sticker 20:sticker -:sticker 20:sticker 12:sticker +:sticker +:sticker 8:sticker -:sticker =:sticker
EXPR: 0 | POS | INT | 36 | 39 | 31 | x=((20-(12-20))+(8-5)) | x 20 12 20 - - 8 5 - + = | x:sticker 20:sticker 12:sticker 20:sticker -:sticker -:sticker 8:sticker 5:sticker -:sticker +:sticker =:sticker
EXPR: 0 | POS | INT | 37 | 39 | 15 | 8=((20-12)+(x+(5-20))) | 8 20 12 - x 5 20 - + + = | 8:sticker 20:sticker 12:sticker -:sticker x:sticker 5:sticker 20:sticker -:sticker +:sticker +:sticker =:sticker
EXPR: 0 | POS | INT | 37 | 39 | 15 | 8=((20-12)-(x+(5-20))) | 8 20 12 - x 5 20 - + - = | 8:sticker 20:sticker 12:sticker -:sticker x:sticker 5:sticker 20:sticker -:sticker +:sticker -:sticker =:sticker
EXPR: 0 | POS | INT | 37 | 39 | 25 | ((x-(20+12))-5)=(8-20) | x 20 12 + - 5 - 8 20 - = | x:sticker 20:sticker 12:sticker +:sticker -:sticker 5:sticker -:sticker 8:sticker 20:sticker -:sticker =:sticker
EXPR: 0 | POS | INT | 37 | 39 | 49 | (8-(20+((12-x)+5)))=20 | 8 20 12 x - 5 + + - 20 = | 8:sticker 20:sticker 12:sticker x:sticker -:sticker 5:sticker +:sticker +:sticker -:sticker 20:sticker =:sticker
EXPR: 1 | POS | INT | 37 | 39 | 39 | 8=((20-((x-12)+5))+20) | 8 20 x 12 - 5 + - 20 + = | 8:sticker 20:sticker x:sticker 12:sticker -:sticker 5:sticker +:sticker -:sticker 20:sticker +:sticker =:sticker
EXPR: 0 | POS | INT | 40 | 39 | 1 | x=((8+(20+(5-12)))-20) | x 8 20 5 12 - + + 20 - = | x:sticker 8:sticker 20:sticker 5:sticker 12:sticker -:sticker +:sticker +:sticker 20:sticker -:sticker =:sticker
EXPR: 0 | POS | INT | 41 | 39 | 1 | x=((8+(20+(5-12)))-20) | x 8 20 5 12 - + + 20 - = | x:sticker 8:sticker 20:sticker 5:sticker 12:sticker -:sticker +:sticker +:sticker 20:sticker -:sticker =:sticker
EXPR: 0 | POS | INT | 42 | 39 | 1 | (x-20)=((5-12)+(8-20)) | x 20 - 5 12 - 8 20 - + = | x:sticker 20:sticker -:sticker 5:sticker 12:sticker -:sticker 8:sticker 20:sticker -:sticker +:sticker =:sticker
EXPR: 0 | POS | INT | 42 | 39 | 1 | 8=((x+20)-((20-12)+5)) | 8 x 20 + 20 12 - 5 + - = | 8:sticker x:sticker 20:sticker +:sticker 20:sticker 12:sticker -:sticker 5:sticker +:sticker -:sticker =:sticker
EXPR: 0 | POS | INT | 42 | 39 | 9 | 8=((((20-x)-20)+12)+5) | 8 20 x - 20 - 12 + 5 + = | 8:sticker 20:sticker x:sticker -:sticker 20:sticker -:sticker 12:sticker +:sticker 5:sticker +:sticker =:sticker
EXPR: 0 | POS | INT | 42 | 39 | 65 | 8=((x-20)-(5+(12+20))) | 8 x 20 - 5 12 20 + + - = | 8:sticker x:sticker 20:sticker -:sticker 5:sticker 12:sticker 20:sticker +:sticker +:sticker -:sticker =:sticker
EXPR: 0 | POS | INT | 42 | 39 | 15 | 8=((20-x)+(20-(12+5))) | 8 20 x - 20 12 5 + - + = | 8:sticker 20:sticker x:sticker -:sticker 20:sticker 12:sticker 5:sticker +:sticker -:sticker +:sticker =:sticker
EXPR: 0 | POS | INT | 42 | 39 | 15 | 8=((20+((5-12)-20))+x) | 8 20 5 12 - 20 - + x + = | 8:sticker 20:sticker 5:sticker 12:sticker -:sticker 20:sticker -:sticker +:sticker x:sticker +:sticker =:sticker
EXPR: 0 | POS | INT | 42 | 39 | 25 | 5=(((20-8)+x)-(12+20)) | 5 20 8 - x + 12 20 + - = | 5:sticker 20:sticker 8:sticker -:sticker x:sticker +:sticker 12:sticker 20:sticker +:sticker -:sticker =:sticker
EXPR: 1 | POS | INT | 45 | 39 | 39 | x=(20-(((5-20)+8)-12)) | x 20 5 20 - 8 + 12 - - = | x:sticker 20:sticker 5:sticker 20:sticker -:sticker 8:sticker +:sticker 12:sticker -:sticker -:sticker =:sticker
EXPR: 0 | POS | INT | 45 | 39 | 1 | x=((5-(12-20))+(8-20)) | x 5 12 20 - - 8 20 - + = | x:sticker 5:sticker 12:sticker 20:sticker -:sticker -:sticker 8:sticker 20:sticker -:sticker +:sticker =:sticker
EXPR: 0 | POS | INT | 45 | 39 | 41 | x=((8+(5+(20-12)))+20) | x 8 5 20 12 - + + 20 + = | x:sticker 8:sticker 5:sticker 20:sticker 12:sticker -:sticker +:sticker +:sticker 20:sticker +:sticker =:sticker
EXPR: 0 | POS | INT | 45 | 39 | 9 | x=(((12-(20-5))+20)-8) | x 12 20 5 - - 20 + 8 - = | x:sticker 12:sticker 20:sticker 5:sticker -:sticker -:sticker 20:sticker +:sticker 8:sticker -:sticker =:sticker
EXPR: 0 | POS | INT | 45 | 39 | 25 | x=((5-12)+(20-(8-20))) | x 5 12 - 20 8 20 - - + = | x:sticker 5:sticker 12:sticker -:sticker 20:sticker 8:sticker 20:sticker -:sticker -:sticker +:sticker =:sticker
EXPR: 0 | POS | INT | 45 | 39 | 9 | x=((((12+20)+5)-20)-8) | x 12 20 + 5 + 20 - 8 - = | x:sticker 12:sticker 20:sticker +:sticker 5:sticker +:sticker 20:sticker -:sticker 8:sticker -:sticker =:sticker
EXPR: 0 | POS | INT | 45 | 39 | 15 | x=((20-((20-8)+5))+12) | x 20 20 8 - 5 + - 12 + = | x:sticker 20:sticker 20:sticker 8:sticker -:sticker 5:sticker +:sticker -:sticker 12:sticker +:sticker =:sticker
EXPR: 1 | POS | INT | 45 | 39 | 39 | x=(((12+20)-5)+(20-8)) | x 12 20 + 5 - 20 8 - + = | x:sticker 12:sticker 20:sticker +:sticker 5:sticker -:sticker 20:sticker 8:sticker -:sticker +:sticker =:sticker
EXPR: 0 | POS | INT | 45 | 39 | 15 | x=(12-((5+(20-20))-8)) | x 12 5 20 20 - + 8 - - = | x:sticker 12:sticker 5:sticker 20:sticker 20:sticker -:sticker +:sticker 8:sticker -:sticker -:sticker =:sticker
EXPR: 0 | POS | INT | 45 | 39 | 31 | x=(((20-12)-5)+(20+8)) | x 20 12 - 5 - 20 8 + + = | x:sticker 20:sticker 12:sticker -:sticker 5:sticker -:sticker 20:sticker 8:sticker +:sticker +:sticker =:sticker
EXPR: 0 | POS | INT | 45 | 39 | 31 | x=((20-5)+(20+(8-12))) | x 20 5 - 20 8 12 - + + = | x:sticker 20:sticker 5:sticker -:sticker 20:sticker 8:sticker 12:sticker -:sticker +:sticker +:sticker =:sticker
EXPR: 0 | POS | INT | 45 | 39 | 41 | x=((20+5)+(20+(8-12))) | x 20 5 + 20 8 12 - + + = | x:sticker 20:sticker 5:sticker +:sticker 20:sticker 8:sticker 12:sticker -:sticker +:sticker +:sticker =:sticker
EXPR: 0 | POS | INT | 45 | 39 | 1 | x=((20+5)-(20-(8-12))) | x 20 5 + 20 8 12 - - - = | x:sticker 20:sticker 5:sticker +:sticker 20:sticker 8:sticker 12:sticker -:sticker -:sticker -:sticker =:sticker
EXPR: 1 | POS | INT | 45 | 39 | 39 | x=((20-5)+(20-(8-12))) | x 20 5 - 20 8 12 - - + = | x:sticker 20:sticker 5:sticker -:sticker 20:sticker 8:sticker 12:sticker -:sticker -:sticker +:sticker =:sticker
EXPR: 0 | POS | INT | 45 | 39 | 15 | x=(((12-5)-20)+(20+8)) | x 12 5 - 20 - 20 8 + + = | x:sticker 12:sticker 5:sticker -:sticker 20:sticker -:sticker 20:sticker 8:sticker +:sticker +:sticker =:sticker
EXPR: 0 | POS | INT | 45 | 39 | 25 | x=((12+(5+(20-20)))+8) | x 12 5 20 20 - + + 8 + = | x:sticker 12:sticker 5:sticker 20:sticker 20:sticker -:sticker +:sticker +:sticker 8:sticker +:sticker =:sticker
EXPR: 0 | POS | INT | 45 | 39 | 15 | x=(((12+8)-20)-(5-20)) | x 12 8 + 20 - 5 20 - - = | x:sticker 12:sticker 8:sticker +:sticker 20:sticker -:sticker 5:sticker 20:sticker -:sticker -:sticker =:sticker
EXPR: 0 | POS | INT | 45 | 39 | 25 | x=((((12+5)-20)+20)+8) | x 12 5 + 20 - 20 + 8 + = | x:sticker 12:sticker 5:sticker +:sticker 20:sticker -:sticker 20:sticker +:sticker 8:sticker +:sticker =:sticker
EXPR: 0 | POS | INT | 46 | 39 | 41 | x=((8+(5+(20-12)))+20) | x 8 5 20 12 - + + 20 + = | x:sticker 8:sticker 5:sticker 20:sticker 12:sticker -:sticker +:sticker +:sticker 20:sticker +:sticker =:sticker
EXPR: 0 | POS | INT | 46 | 39 | 9 | x=((((12+20)+5)-20)-8) | x 12 20 + 5 + 20 - 8 - = | x:sticker 12:sticker 20:sticker +:sticker 5:sticker +:sticker 20:sticker -:sticker 8:sticker -:sticker =:sticker
EXPR: 0 | POS | INT | 46 | 39 | 31 | x=(((20-12)-5)+(20+8)) | x 20 12 - 5 - 20 8 + + = | x:sticker 20:sticker 12:sticker -:sticker 5:sticker -:sticker 20:sticker 8:sticker +:sticker +:sticker =:sticker
EXPR: 0 | POS | INT | 46 | 39 | 1 | x=((20+5)-(20-(8-12))) | x 20 5 + 20 8 12 - - - = | x:sticker 20:sticker 5:sticker +:sticker 20:sticker 8:sticker 12:sticker -:sticker -:sticker -:sticker =:sticker
EXPR: 1 | POS | INT | 46 | 39 | 39 | x=((20-5)+(20-(8-12))) | x 20 5 - 20 8 12 - - + = | x:sticker 20:sticker 5:sticker -:sticker 20:sticker 8:sticker 12:sticker -:sticker -:sticker +:sticker =:sticker
EXPR: 0 | POS | INT | 47 | 39 | 9 | 12=((((x-5)-20)+20)+8) | 12 x 5 - 20 - 20 + 8 + = | 12:sticker x:sticker 5:sticker -:sticker 20:sticker -:sticker 20:sticker +:sticker 8:sticker +:sticker =:sticker
EXPR: 0 | POS | INT | 47 | 39 | 15 | 12=((((5-20)+x)+20)-8) | 12 5 20 - x + 20 + 8 - = | 12:sticker 5:sticker 20:sticker -:sticker x:sticker +:sticker 20:sticker +:sticker 8:sticker -:sticker =:sticker
EXPR: 1 | POS | INT | 47 | 39 | 39 | (8-(12+((20-x)-5)))=20 | 8 12 20 x - 5 - + - 20 = | 8:sticker 12:sticker 20:sticker x:sticker -:sticker 5:sticker -:sticker +:sticker -:sticker 20:sticker =:sticker
EXPR: 0 | POS | INT | 47 | 39 | 1 | 12=(5-((20-8)+(x-20))) | 12 5 20 8 - x 20 - + - = | 12:sticker 5:sticker 20:sticker 8:sticker -:sticker x:sticker 20:sticker -:sticker +:sticker -:sticker =:sticker
EXPR: 0 | POS | INT | 47 | 39 | 1 | 20=((5-(x-8))+(20-12)) | 20 5 x 8 - - 20 12 - + = | 20:sticker 5:sticker x:sticker 8:sticker -:sticker -:sticker 20:sticker 12:sticker -:sticker +:sticker =:sticker
EXPR: 0 | POS | INT | 47 | 39 | 15 | (x-(8+((12-20)-5)))=20 | x 8 12 20 - 5 - + - 20 = | x:sticker 8:sticker 12:sticker 20:sticker -:sticker 5:sticker -:sticker +:sticker -:sticker 20:sticker =:sticker
EXPR: 0 | POS | INT | 47 | 39 | 55 | 8=(((5-(20+12))-20)+x) | 8 5 20 12 + - 20 - x + = | 8:sticker 5:sticker 20:sticker 12:sticker +:sticker -:sticker 20:sticker -:sticker x:sticker +:sticker =:sticker
EXPR: 0 | POS | INT | 47 | 39 | 1 | 5=(12+((20-(8-x))-20)) | 5 12 20 8 x - - 20 - + = | 5:sticker 12:sticker 20:sticker 8:sticker x:sticker -:sticker -:sticker 20:sticker -:sticker +:sticker =:sticker
EXPR: 0 | POS | INT | 47 | 39 | 1 | 5=(((12-20)+x)-(8-20)) | 5 12 20 - x + 8 20 - - = | 5:sticker 12:sticker 20:sticker -:sticker x:sticker +:sticker 8:sticker 20:sticker -:sticker -:sticker =:sticker
EXPR: 0 | POS | INT | 47 | 39 | 31 | 20=(((5+(12+x))-20)-8) | 20 5 12 x + + 20 - 8 - = | 20:sticker 5:sticker 12:sticker x:sticker +:sticker +:sticker 20:sticker -:sticker 8:sticker -:sticker =:sticker
EXPR: 0 | POS | INT | 50 | 39 | 25 | x=(8+((12+(20-20))+5)) | x 8 12 20 20 - + 5 + + = | x:sticker 8:sticker 12:sticker 20:sticker 20:sticker -:sticker +:sticker 5:sticker +:sticker +:sticker =:sticker
EXPR: 0 | POS | INT | 50 | 39 | 55 | x=((20+(20+8))-(5-12)) | x 20 20 8 + + 5 12 - - = | x:sticker 20:sticker 20:sticker 8:sticker +:sticker +:sticker 5:sticker 12:sticker -:sticker -:sticker =:sticker
EXPR: 0 | POS | INT | 50 | 39 | 1 | x=(20-(20-(5+(8-12)))) | x 20 20 5 8 12 - + - - = | x:sticker 20:sticker 20:sticker 5:sticker 8:sticker 12:sticker -:sticker +:sticker -:sticker -:sticker =:sticker
EXPR: 0 | POS | INT | 50 | 39 | 1 | x=((5-(20-8))+(20-12)) | x 5 20 8 - - 20 12 - + = | x:sticker 5:sticker 20:sticker 8:sticker -:sticker -:sticker 20:sticker 12:sticker -:sticker +:sticker =:sticker
EXPR: 0 | POS | INT | 51 | 39 | 25 | x=(8+((12+(20-20))+5)) | x 8 12 20 20 - + 5 + + = | x:sticker 8:sticker 12:sticker 20:sticker 20:sticker -:sticker +:sticker 5:sticker +:sticker +:sticker =:sticker
EXPR: 0 | POS | INT | 51 | 39 | 55 | x=((20+(20+8))-(5-12)) | x 20 20 8 + + 5 12 - - = | x:sticker 20:sticker 20:sticker 8:sticker +:sticker +:sticker 5:sticker 12:sticker -:sticker -:sticker =:sticker
EXPR: 0 | POS | INT | 51 | 39 | 1 | x=(20-(20-(5+(8-12)))) | x 20 20 5 8 12 - + - - = | x:sticker 20:sticker 20:sticker 5:sticker 8:sticker 12:sticker -:sticker +:sticker -:sticker -:sticker =:sticker
EXPR: 0 | POS | INT | 52 | 39 | 55 | (x-8)=(20-(5-(12+20))) | x 8 - 20 5 12 20 + - - = | x:sticker 8:sticker -:sticker 20:sticker 5:sticker 12:sticker 20:sticker +:sticker -:sticker -:sticker =:sticker
EXPR: 0 | POS | INT | 52 | 39 | 15 | 8=(((20-12)-x)+(20-5)) | 8 20 12 - x - 20 5 - + = | 8:sticker 20:sticker 12:sticker -:sticker x:sticker -:sticker 20:sticker 5:sticker -:sticker +:sticker =:sticker
EXPR: 0 | POS | INT | 52 | 39 | 15 | 8=(x+(((20-20)+5)-12)) | 8 x 20 20 - 5 + 12 - + = | 8:sticker x:sticker 20:sticker 20:sticker -:sticker 5:sticker +:sticker 12:sticker -:sticker +:sticker =:sticker
EXPR: 0 | POS | INT | 52 | 39 | 1 | 8=((12+((20-20)-5))+x) | 8 12 20 20 - 5 - + x + = | 8:sticker 12:sticker 20:sticker 20:sticker -:sticker 5:sticker -:sticker +:sticker x:sticker +:sticker =:sticker
EXPR: 0 | POS | INT | 52 | 39 | 25 | 8=((20-x)+(20+(5-12))) | 8 20 x - 20 5 12 - + + = | 8:sticker 20:sticker x:sticker -:sticker 20:sticker 5:sticker 12:sticker -:sticker +:sticker +:sticker =:sticker
EXPR: 0 | POS | INT | 52 | 39 | 9 | 5=((x-(20-8))+(20-12)) | 5 x 20 8 - - 20 12 - + = | 5:sticker x:sticker 20:sticker 8:sticker -:sticker -:sticker 20:sticker 12:sticker -:sticker +:sticker =:sticker
EXPR: 0 | POS | INT | 52 | 39 | 25 | 5=((x-(20-8))-(20-12)) | 5 x 20 8 - - 20 12 - - = | 5:sticker x:sticker 20:sticker 8:sticker -:sticker -:sticker 20:sticker 12:sticker -:sticker -:sticker =:sticker
EXPR: 0 | POS | INT | 55 | 39 | 25 | x=(20+(8-((20-5)-12))) | x 20 8 20 5 - 12 - - + = | x:sticker 20:sticker 8:sticker 20:sticker 5:sticker -:sticker 12:sticker -:sticker -:sticker +:sticker =:sticker
EXPR: 0 | POS | INT | 55 | 39 | 25 | x=(20-(8-(20+(5-12)))) | x 20 8 20 5 12 - + - - = | x:sticker 20:sticker 8:sticker 20:sticker 5:sticker 12:sticker -:sticker +:sticker -:sticker -:sticker =:sticker
EXPR: 0 | POS | INT | 55 | 39 | 9 | x=((12+((5-8)-20))+20) | x 12 5 8 - 20 - + 20 + = | x:sticker 12:sticker 5:sticker 8:sticker -:sticker 20:sticker -:sticker +:sticker 20:sticker +:sticker =:sticker
EXPR: 0 | POS | INT | 55 | 39 | 25 | x=(((5-8)-12)+(20+20)) | x 5 8 - 12 - 20 20 + + = | x:sticker 5:sticker 8:sticker -:sticker 12:sticker -:sticker 20:sticker 20:sticker +:sticker +:sticker =:sticker
EXPR: 0 | POS | INT | 55 | 39 | 15 | x=(((20+8)-20)-(5-12)) | x 20 8 + 20 - 5 12 - - = | x:sticker 20:sticker 8:sticker +:sticker 20:sticker -:sticker 5:sticker 12:sticker -:sticker -:sticker =:sticker
EXPR: 0 | POS | INT | 56 | 39 | 25 | x=(20+(8-((20-5)-12))) | x 20 8 20 5 - 12 - - + = | x:sticker 20:sticker 8:sticker 20:sticker 5:sticker -:sticker 12:sticker -:sticker -:sticker +:sticker =:sticker
EXPR: 0 | POS | INT | 56 | 39 | 25 | x=(20-(8-(20+(5-12)))) | x 20 8 20 5 12 - + - - = | x:sticker 20:sticker 8:sticker 20:sticker 5:sticker 12:sticker -:sticker +:sticker -:sticker -:sticker =:sticker
EXPR: 0 | POS | INT | 57 | 39 | 41 | ((x-(20+20))-5)=(8-12) | x 20 20 + - 5 - 8 12 - = | x:sticker 20:sticker 20:sticker +:sticker -:sticker 5:sticker -:sticker 8:sticker 12:sticker -:sticker =:sticker
EXPR: 0 | POS | INT | 57 | 39 | 25 | ((x-8)-12)=((20+5)-20) | x 8 - 12 - 20 5 + 20 - = | x:sticker 8:sticker -:sticker 12:sticker -:sticker 20:sticker 5:sticker +:sticker 20:sticker -:sticker =:sticker
EXPR: 0 | POS | INT | 57 | 39 | 9 | (8+(x-(5-(20-20))))=12 | 8 x 5 20 20 - - - + 12 = | 8:sticker x:sticker 5:sticker 20:sticker 20:sticker -:sticker -:sticker -:sticker +:sticker 12:sticker =:sticker
EXPR: 0 | POS | INT | 57 | 39 | 25 | 8=(((5-12)-x)+(20+20)) | 8 5 12 - x - 20 20 + + = | 8:sticker 5:sticker 12:sticker -:sticker x:sticker -:sticker 20:sticker 20:sticker +:sticker +:sticker =:sticker
EXPR: 0 | POS | INT | 57 | 39 | 25 | 5=(((8-20)+x)-(20-12)) | 5 8 20 - x + 20 12 - - = | 5:sticker 8:sticker 20:sticker -:sticker x:sticker +:sticker 20:sticker 12:sticker -:sticker -:sticker =:sticker
EXPR: 0 | POS | INT | 57 | 39 | 31 | 5=(8+(((20+20)-x)-12)) | 5 8 20 20 + x - 12 - + = | 5:sticker 8:sticker 20:sticker 20:sticker +:sticker x:sticker -:sticker 12:sticker -:sticker +:sticker =:sticker
EXPR: 0 | POS | INT | 60 | 39 | 25 | x=((20-(8-5))+(20-12)) | x 20 8 5 - - 20 12 - + = | x:sticker 20:sticker 8:sticker 5:sticker -:sticker -:sticker 20:sticker 12:sticker -:sticker +:sticker =:sticker
EXPR: 0 | POS | INT | 60 | 39 | 1 | x=((5+(8+(20-20)))-12) | x 5 8 20 20 - + + 12 - = | x:sticker 5:sticker 8:sticker 20:sticker 20:sticker -:sticker +:sticker +:sticker 12:sticker -:sticker =:sticker
EXPR: 0 | POS | INT | 60 | 39 | 15 | x=(8-((5+(20-20))-12)) | x 8 5 20 20 - + 12 - - = | x:sticker 8:sticker 5:sticker 20:sticker 20:sticker -:sticker +:sticker 12:sticker -:sticker -:sticker =:sticker
EXPR: 0 | POS | INT | 61 | 39 | 25 | x=((20-(8-5))+(20-12)) | x 20 8 5 - - 20 12 - + = | x:sticker 20:sticker 8:sticker 5:sticker -:sticker -:sticker 20:sticker 12:sticker -:sticker +:sticker =:sticker
EXPR: 0 | POS | INT | 61 | 39 | 1 | x=((5+(8+(20-20)))-12) | x 5 8 20 20 - + + 12 - = | x:sticker 5:sticker 8:sticker 20:sticker 20:sticker -:sticker +:sticker +:sticker 12:sticker -:sticker =:sticker
EXPR: 0 | POS | INT | 62 | 39 | 49 | (5+(20+20))=(8+(x-12)) | 5 20 20 + + 8 x 12 - + = | 5:sticker 20:sticker 20:sticker +:sticker +:sticker 8:sticker x:sticker 12:sticker -:sticker +:sticker =:sticker
EXPR: 0 | POS | INT | 67 | 39 | 25 | ((x-12)-5)=((8-20)+20) | x 12 - 5 - 8 20 - 20 + = | x:sticker 12:sticker -:sticker 5:sticker -:sticker 8:sticker 20:sticker -:sticker 20:sticker +:sticker =:sticker
EXPR: 0 | POS | INT | 67 | 39 | 49 | ((8-12)-5)=((20+20)-x) | 8 12 - 5 - 20 20 + x - = | 8:sticker 12:sticker -:sticker 5:sticker -:sticker 20:sticker 20:sticker +:sticker x:sticker -:sticker =:sticker
EXPR: 0 | POS | INT | 70 | 39 | 1 | x=((8+(20+(5-12)))-20) | x 8 20 5 12 - + + 20 - = | x:sticker 8:sticker 20:sticker 5:sticker 12:sticker -:sticker +:sticker +:sticker 20:sticker -:sticker =:sticker
EXPR: 1 | POS | INT | 70 | 39 | 39 | x=(12-(((5-20)+8)-20)) | x 12 5 20 - 8 + 20 - - = | x:sticker 12:sticker 5:sticker 20:sticker -:sticker 8:sticker +:sticker 20:sticker -:sticker -:sticker =:sticker
EXPR: 0 | POS | INT | 70 | 39 | 15 | x=((8-((20-12)+5))+20) | x 8 20 12 - 5 + - 20 + = | x:sticker 8:sticker 20:sticker 12:sticker -:sticker 5:sticker +:sticker -:sticker 20:sticker +:sticker =:sticker
EXPR: 0 | POS | INT | 70 | 39 | 15 | x=((12-((20-8)+5))+20) | x 12 20 8 - 5 + - 20 + = | x:sticker 12:sticker 20:sticker 8:sticker -:sticker 5:sticker +:sticker -:sticker 20:sticker +:sticker =:sticker
EXPR: 0 | POS | INT | 70 | 39 | 25 | x=((12+5)+(20+(8-20))) | x 12 5 + 20 8 20 - + + = | x:sticker 12:sticker 5:sticker +:sticker 20:sticker 8:sticker 20:sticker -:sticker +:sticker +:sticker =:sticker
EXPR: 1 | POS | INT | 70 | 39 | 39 | x=((12-5)+(20-(8-20))) | x 12 5 - 20 8 20 - - + = | x:sticker 12:sticker 5:sticker -:sticker 20:sticker 8:sticker 20:sticker -:sticker -:sticker +:sticker =:sticker
EXPR: 0 | POS | INT | 70 | 39 | 55 | x=((20+(12+8))-(5-20)) | x 20 12 8 + + 5 20 - - = | x:sticker 20:sticker 12:sticker 8:sticker +:sticker +:sticker 5:sticker 20:sticker -:sticker -:sticker =:sticker
EXPR: 0 | POS | INT | 70 | 39 | 1 | x=((20-12)+(5+(8-20))) | x 20 12 - 5 8 20 - + + = | x:sticker 20:sticker 12:sticker -:sticker 5:sticker 8:sticker 20:sticker -:sticker +:sticker +:sticker =:sticker
EXPR: 0 | POS | INT | 70 | 39 | 15 | x=((20-12)-(5+(8-20))) | x 20 12 - 5 8 20 - + - = | x:sticker 20:sticker 12:sticker -:sticker 5:sticker 8:sticker 20:sticker -:sticker +:sticker -:sticker =:sticker
EXPR: 0 | POS | INT | 71 | 39 | 1 | x=((8+(20+(5-12)))-20) | x 8 20 5 12 - + + 20 - = | x:sticker 8:sticker 20:sticker 5:sticker 12:sticker -:sticker +:sticker +:sticker 20:sticker -:sticker =:sticker
EXPR: 0 | POS | INT | 71 | 39 | 15 | x=((20-12)-(5+(8-20))) | x 20 12 - 5 8 20 - + - = | x:sticker 20:sticker 12:sticker -:sticker 5:sticker 8:sticker 20:sticker -:sticker +:sticker -:sticker =:sticker
EXPR: 0 | POS | INT | 72 | 39 | 9 | 20=((((8-12)-5)+20)+x) | 20 8 12 - 5 - 20 + x + = | 20:sticker 8:sticker 12:sticker -:sticker 5:sticker -:sticker 20:sticker +:sticker x:sticker +:sticker =:sticker
EXPR: 0 | POS | INT | 72 | 39 | 25 | 8=(20-((12+(5-x))+20)) | 8 20 12 5 x - + 20 + - = | 8:sticker 20:sticker 12:sticker 5:sticker x:sticker -:sticker +:sticker 20:sticker +:sticker -:sticker =:sticker
EXPR: 0 | POS | INT | 72 | 39 | 1 | 12=((5-(x-8))+(20-20)) | 12 5 x 8 - - 20 20 - + = | 12:sticker 5:sticker x:sticker 8:sticker -:sticker -:sticker 20:sticker 20:sticker -:sticker +:sticker =:sticker
EXPR: 0 | POS | INT | 72 | 39 | 25 | ((x-20)-5)=((8-20)+12) | x 20 - 5 - 8 20 - 12 + = | x:sticker 20:sticker -:sticker 5:sticker -:sticker 8:sticker 20:sticker -:sticker 12:sticker +:sticker =:sticker
EXPR: 0 | POS | INT | 72 | 39 | 25 | ((20-12)-((5-x)+8))=20 | 20 12 - 5 x - 8 + - 20 = | 20:sticker 12:sticker -:sticker 5:sticker x:sticker -:sticker 8:sticker +:sticker -:sticker 20:sticker =:sticker
EXPR: 0 | POS | INT | 72 | 39 | 1 | 12=(20+(8-((x-5)+20))) | 12 20 8 x 5 - 20 + - + = | 12:sticker 20:sticker 8:sticker x:sticker 5:sticker -:sticker 20:sticker +:sticker -:sticker +:sticker =:sticker
EXPR: 0 | POS | INT | 72 | 39 | 1 | 8=((20+((x+12)-5))-20) | 8 20 x 12 + 5 - + 20 - = | 8:sticker 20:sticker x:sticker 12:sticker +:sticker 5:sticker -:sticker +:sticker 20:sticker -:sticker =:sticker
EXPR: 0 | POS | INT | 82 | 39 | 49 | (x-5)=((20-(8-12))+20) | x 5 - 20 8 12 - - 20 + = | x:sticker 5:sticker -:sticker 20:sticker 8:sticker 12:sticker -:sticker -:sticker 20:sticker +:sticker =:sticker
EXPR: 0 | POS | INT | 82 | 39 | 9 | ((5-8)+12)=((20-20)+x) | 5 8 - 12 + 20 20 - x + = | 5:sticker 8:sticker -:sticker 12:sticker +:sticker 20:sticker 20:sticker -:sticker x:sticker +:sticker =:sticker
NET 307 non-negative, integer-valued solutions found out of 453 total solutions
