parameters: n=9 l=4 k=1 p=5 q=1 m=10
TOTAL 1000 solutions found
SOLN: CORRECT | POS/NEG | INT/FRA | OBJ-SCORE | TRUE-ANS | ANS | INFIX | POSTFIX | TYPED-POSTFIX
EXPR: 1 | POS | INT | 0 | 67 | 67 | x=(30+(49+(46-58))) | x 30 49 46 58 - + + = | x:dollar 30:dollar 49:dollar 46:dollar 58:dollar -:dollar +:dollar +:dollar =:dollar
EXPR: 0 | POS | INT | 0 | 67 | 183 | x=(30+(49+(46+58))) | x 30 49 46 58 + + + = | x:dollar 30:dollar 49:dollar 46:dollar 58:dollar +:dollar +:dollar +:dollar =:dollar
EXPR: 0 | POS | INT | 0 | 67 | 91 | x=(30+(49-(46-58))) | x 30 49 46 58 - - + = | x:dollar 30:dollar 49:dollar 46:dollar 58:dollar -:dollar -:dollar +:dollar =:dollar
EXPR: 0 | POS | INT | 0 | 67 | 85 | x=(30-(49-(46+58))) | x 30 49 46 58 + - - = | x:dollar 30:dollar 49:dollar 46:dollar 58:dollar +:dollar -:dollar -:dollar =:dollar
EXPR: 0 | POS | INT | 0 | 67 | 85 | x=((30-(49-46))+58) | x 30 49 46 - - 58 + = | x:dollar 30:dollar 49:dollar 46:dollar -:dollar -:dollar 58:dollar +:dollar =:dollar
EXPR: 0 | POS | INT | 0 | 67 | 91 | x=((30+(49-46))+58) | x 30 49 46 - + 58 + = | x:dollar 30:dollar 49:dollar 46:dollar -:dollar +:dollar 58:dollar +:dollar =:dollar
EXPR: 1 | POS | INT | 0 | 67 | 67 | x=((30+(49+46))-58) | x 30 49 46 + + 58 - = | x:dollar 30:dollar 49:dollar 46:dollar +:dollar +:dollar 58:dollar -:dollar =:dollar
EXPR: 0 | POS | INT | 0 | 67 | 183 | x=((30+(49+46))+58) | x 30 49 46 + + 58 + = | x:dollar 30:dollar 49:dollar 46:dollar +:dollar +:dollar 58:dollar +:dollar =:dollar
EXPR: 0 | POS | INT | 0 | 67 | 85 | x=((30-49)+(46+58)) | x 30 49 - 46 58 + + = | x:dollar 30:dollar 49:dollar -:dollar 46:dollar 58:dollar +:dollar +:dollar =:dollar
EXPR: 0 | POS | INT | 0 | 67 | 91 | x=(((30+49)-46)+58) | x 30 49 + 46 - 58 + = | x:dollar 30:dollar 49:dollar +:dollar 46:dollar -:dollar 58:dollar +:dollar =:dollar
EXPR: 1 | POS | INT | 0 | 67 | 67 | x=(((30+49)+46)-58) | x 30 49 + 46 + 58 - = | x:dollar 30:dollar 49:dollar +:dollar 46:dollar +:dollar 58:dollar -:dollar =:dollar
EXPR: 0 | POS | INT | 0 | 67 | 85 | x=(((30-49)+46)+58) | x 30 49 - 46 + 58 + = | x:dollar 30:dollar 49:dollar -:dollar 46:dollar +:dollar 58:dollar +:dollar =:dollar
EXPR: 0 | POS | INT | 0 | 67 | 183 | x=(30+((49+46)+58)) | x 30 49 46 + 58 + + = | x:dollar 30:dollar 49:dollar 46:dollar +:dollar 58:dollar +:dollar +:dollar =:dollar
EXPR: 0 | POS | INT | 0 | 67 | 85 | x=(30-((49-46)-58)) | x 30 49 46 - 58 - - = | x:dollar 30:dollar 49:dollar 46:dollar -:dollar 58:dollar -:dollar -:dollar =:dollar
EXPR: 0 | POS | INT | 0 | 67 | 91 | x=(30+((49-46)+58)) | x 30 49 46 - 58 + + = | x:dollar 30:dollar 49:dollar 46:dollar -:dollar 58:dollar +:dollar +:dollar =:dollar
EXPR: 1 | POS | INT | 0 | 67 | 67 | x=(30+((49+46)-58)) | x 30 49 46 + 58 - + = | x:dollar 30:dollar 49:dollar 46:dollar +:dollar 58:dollar -:dollar +:dollar =:dollar
EXPR: 0 | POS | INT | 0 | 67 | 183 | x=(((30+49)+46)+58) | x 30 49 + 46 + 58 + = | x:dollar 30:dollar 49:dollar +:dollar 46:dollar +:dollar 58:dollar +:dollar =:dollar
EXPR: 0 | POS | INT | 0 | 67 | 91 | x=((30+49)-(46-58)) | x 30 49 + 46 58 - - = | x:dollar 30:dollar 49:dollar +:dollar 46:dollar 58:dollar -:dollar -:dollar =:dollar
EXPR: 1 | POS | INT | 0 | 67 | 67 | x=((30+49)+(46-58)) | x 30 49 + 46 58 - + = | x:dollar 30:dollar 49:dollar +:dollar 46:dollar 58:dollar -:dollar +:dollar =:dollar
EXPR: 0 | POS | INT | 0 | 67 | 183 | x=((30+49)+(46+58)) | x 30 49 + 46 58 + + = | x:dollar 30:dollar 49:dollar +:dollar 46:dollar 58:dollar +:dollar +:dollar =:dollar
EXPR: 1 | POS | INT | 1 | 67 | 67 | x=(30+(49+(46-58))) | x 30 49 46 58 - + + = | x:dollar 30:dollar 49:dollar 46:dollar 58:dollar -:dollar +:dollar +:dollar =:dollar
EXPR: 0 | POS | INT | 1 | 67 | 183 | x=(30+(49+(46+58))) | x 30 49 46 58 + + + = | x:dollar 30:dollar 49:dollar 46:dollar 58:dollar +:dollar +:dollar +:dollar =:dollar
EXPR: 0 | POS | INT | 1 | 67 | 91 | x=(30+(49-(46-58))) | x 30 49 46 58 - - + = | x:dollar 30:dollar 49:dollar 46:dollar 58:dollar -:dollar -:dollar +:dollar =:dollar
EXPR: 0 | POS | INT | 1 | 67 | 85 | x=(30-(49-(46+58))) | x 30 49 46 58 + - - = | x:dollar 30:dollar 49:dollar 46:dollar 58:dollar +:dollar -:dollar -:dollar =:dollar
EXPR: 0 | POS | INT | 1 | 67 | 85 | x=((30-(49-46))+58) | x 30 49 46 - - 58 + = | x:dollar 30:dollar 49:dollar 46:dollar -:dollar -:dollar 58:dollar +:dollar =:dollar
EXPR: 0 | POS | INT | 1 | 67 | 91 | x=((30+(49-46))+58) | x 30 49 46 - + 58 + = | x:dollar 30:dollar 49:dollar 46:dollar -:dollar +:dollar 58:dollar +:dollar =:dollar
EXPR: 0 | POS | INT | 1 | 67 | 183 | x=((30+(49+46))+58) | x 30 49 46 + + 58 + = | x:dollar 30:dollar 49:dollar 46:dollar +:dollar +:dollar 58:dollar +:dollar =:dollar
EXPR: 0 | POS | INT | 1 | 67 | 85 | x=((30-49)+(46+58)) | x 30 49 - 46 58 + + = | x:dollar 30:dollar 49:dollar -:dollar 46:dollar 58:dollar +:dollar +:dollar =:dollar
EXPR: 0 | POS | INT | 1 | 67 | 91 | x=(((30+49)-46)+58) | x 30 49 + 46 - 58 + = | x:dollar 30:dollar 49:dollar +:dollar 46:dollar -:dollar 58:dollar +:dollar =:dollar
EXPR: 1 | POS | INT | 1 | 67 | 67 | x=(((30+49)+46)-58) | x 30 49 + 46 + 58 - = | x:dollar 30:dollar 49:dollar +:dollar 46:dollar +:dollar 58:dollar -:dollar =:dollar
EXPR: 0 | POS | INT | 1 | 67 | 85 | x=(((30-49)+46)+58) | x 30 49 - 46 + 58 + = | x:dollar 30:dollar 49:dollar -:dollar 46:dollar +:dollar 58:dollar +:dollar =:dollar
EXPR: 1 | POS | INT | 1 | 67 | 67 | x=((30+(49+46))-58) | x 30 49 46 + + 58 - = | x:dollar 30:dollar 49:dollar 46:dollar +:dollar +:dollar 58:dollar -:dollar =:dollar
EXPR: 0 | POS | INT | 1 | 67 | 183 | x=(30+((49+46)+58)) | x 30 49 46 + 58 + + = | x:dollar 30:dollar 49:dollar 46:dollar +:dollar 58:dollar +:dollar +:dollar =:dollar
EXPR: 0 | POS | INT | 1 | 67 | 91 | x=(30+((49-46)+58)) | x 30 49 46 - 58 + + = | x:dollar 30:dollar 49:dollar 46:dollar -:dollar 58:dollar +:dollar +:dollar =:dollar
EXPR: 1 | POS | INT | 1 | 67 | 67 | x=(30+((49+46)-58)) | x 30 49 46 + 58 - + = | x:dollar 30:dollar 49:dollar 46:dollar +:dollar 58:dollar -:dollar +:dollar =:dollar
EXPR: 0 | POS | INT | 1 | 67 | 183 | x=(((30+49)+46)+58) | x 30 49 + 46 + 58 + = | x:dollar 30:dollar 49:dollar +:dollar 46:dollar +:dollar 58:dollar +:dollar =:dollar
EXPR: 0 | POS | INT | 1 | 67 | 85 | x=(30-((49-46)-58)) | x 30 49 46 - 58 - - = | x:dollar 30:dollar 49:dollar 46:dollar -:dollar 58:dollar -:dollar -:dollar =:dollar
EXPR: 0 | POS | INT | 1 | 67 | 91 | x=((30+49)-(46-58)) | x 30 49 + 46 58 - - = | x:dollar 30:dollar 49:dollar +:dollar 46:dollar 58:dollar -:dollar -:dollar =:dollar
EXPR: 0 | POS | INT | 1 | 67 | 183 | x=((30+49)+(46+58)) | x 30 49 + 46 58 + + = | x:dollar 30:dollar 49:dollar +:dollar 46:dollar 58:dollar +:dollar +:dollar =:dollar
EXPR: 1 | POS | INT | 1 | 67 | 67 | x=((30+49)+(46-58)) | x 30 49 + 46 58 - + = | x:dollar 30:dollar 49:dollar +:dollar 46:dollar 58:dollar -:dollar +:dollar =:dollar
EXPR: 0 | POS | INT | 2 | 67 | 7 | 30=(((49+46)-58)-x) | 30 49 46 + 58 - x - = | 30:dollar 49:dollar 46:dollar +:dollar 58:dollar -:dollar x:dollar -:dollar =:dollar
EXPR: 0 | POS | INT | 2 | 67 | 123 | 30=(49+(46-(x-58))) | 30 49 46 x 58 - - + = | 30:dollar 49:dollar 46:dollar x:dollar 58:dollar -:dollar -:dollar +:dollar =:dollar
EXPR: 0 | POS | INT | 2 | 67 | 7 | 30=(((49+46)-x)-58) | 30 49 46 + x - 58 - = | 30:dollar 49:dollar 46:dollar +:dollar x:dollar -:dollar 58:dollar -:dollar =:dollar
EXPR: 0 | POS | INT | 2 | 67 | 7 | 30=(49+((46-58)-x)) | 30 49 46 58 - x - + = | 30:dollar 49:dollar 46:dollar 58:dollar -:dollar x:dollar -:dollar +:dollar =:dollar
EXPR: 1 | POS | INT | 2 | 67 | 67 | 30=((x-49)-(46-58)) | 30 x 49 - 46 58 - - = | 30:dollar x:dollar 49:dollar -:dollar 46:dollar 58:dollar -:dollar -:dollar =:dollar
EXPR: 0 | POS | INT | 2 | 67 | 85 | 30=((x+49)-(46+58)) | 30 x 49 + 46 58 + - = | 30:dollar x:dollar 49:dollar +:dollar 46:dollar 58:dollar +:dollar -:dollar =:dollar
EXPR: 0 | POS | INT | 2 | 67 | 91 | 30=((x-49)+(46-58)) | 30 x 49 - 46 58 - + = | 30:dollar x:dollar 49:dollar -:dollar 46:dollar 58:dollar -:dollar +:dollar =:dollar
EXPR: 0 | POS | INT | 2 | 67 | 85 | 30=(49+((x-46)-58)) | 30 49 x 46 - 58 - + = | 30:dollar 49:dollar x:dollar 46:dollar -:dollar 58:dollar -:dollar +:dollar =:dollar
EXPR: 0 | POS | INT | 2 | 67 | 183 | (((x-30)-49)-46)=58 | x 30 - 49 - 46 - 58 = | x:dollar 30:dollar -:dollar 49:dollar -:dollar 46:dollar -:dollar 58:dollar =:dollar
EXPR: 0 | POS | INT | 2 | 67 | 7 | 30=(49-(x-(46-58))) | 30 49 x 46 58 - - - = | 30:dollar 49:dollar x:dollar 46:dollar 58:dollar -:dollar -:dollar -:dollar =:dollar
EXPR: 0 | POS | INT | 2 | 67 | 31 | 30=(49-((x+46)-58)) | 30 49 x 46 + 58 - - = | 30:dollar 49:dollar x:dollar 46:dollar +:dollar 58:dollar -:dollar -:dollar =:dollar
EXPR: 0 | POS | INT | 2 | 67 | 25 | (((30+49)-46)+x)=58 | 30 49 + 46 - x + 58 = | 30:dollar 49:dollar +:dollar 46:dollar -:dollar x:dollar +:dollar 58:dollar =:dollar
EXPR: 0 | POS | INT | 2 | 67 | 31 | 30=(49-(x+(46-58))) | 30 49 x 46 58 - + - = | 30:dollar 49:dollar x:dollar 46:dollar 58:dollar -:dollar +:dollar -:dollar =:dollar
EXPR: 0 | POS | INT | 2 | 67 | 91 | (((x-30)-49)+46)=58 | x 30 - 49 - 46 + 58 = | x:dollar 30:dollar -:dollar 49:dollar -:dollar 46:dollar +:dollar 58:dollar =:dollar
EXPR: 0 | POS | INT | 2 | 67 | 85 | (((x-30)+49)-46)=58 | x 30 - 49 + 46 - 58 = | x:dollar 30:dollar -:dollar 49:dollar +:dollar 46:dollar -:dollar 58:dollar =:dollar
EXPR: 0 | POS | INT | 2 | 67 | 123 | (((30-49)+x)-46)=58 | 30 49 - x + 46 - 58 = | 30:dollar 49:dollar -:dollar x:dollar +:dollar 46:dollar -:dollar 58:dollar =:dollar
EXPR: 1 | POS | INT | 2 | 67 | 67 | (((30+49)-x)+46)=58 | 30 49 + x - 46 + 58 = | 30:dollar 49:dollar +:dollar x:dollar -:dollar 46:dollar +:dollar 58:dollar =:dollar
EXPR: 1 | POS | INT | 2 | 67 | 67 | (((30+49)+46)-x)=58 | 30 49 + 46 + x - 58 = | 30:dollar 49:dollar +:dollar 46:dollar +:dollar x:dollar -:dollar 58:dollar =:dollar
EXPR: 1 | POS | INT | 2 | 67 | 67 | (30+((49-x)+46))=58 | 30 49 x - 46 + + 58 = | 30:dollar 49:dollar x:dollar -:dollar 46:dollar +:dollar +:dollar 58:dollar =:dollar
EXPR: 0 | POS | INT | 2 | 67 | 25 | (30+((49+x)-46))=58 | 30 49 x + 46 - + 58 = | 30:dollar 49:dollar x:dollar +:dollar 46:dollar -:dollar +:dollar 58:dollar =:dollar
EXPR: 0 | POS | INT | 2 | 67 | 85 | 30=(x+((49-46)-58)) | 30 x 49 46 - 58 - + = | 30:dollar x:dollar 49:dollar 46:dollar -:dollar 58:dollar -:dollar +:dollar =:dollar
EXPR: 1 | POS | INT | 2 | 67 | 67 | 30=(x-((49+46)-58)) | 30 x 49 46 + 58 - - = | 30:dollar x:dollar 49:dollar 46:dollar +:dollar 58:dollar -:dollar -:dollar =:dollar
EXPR: 0 | POS | INT | 2 | 67 | 123 | (((x+30)-49)-46)=58 | x 30 + 49 - 46 - 58 = | x:dollar 30:dollar +:dollar 49:dollar -:dollar 46:dollar -:dollar 58:dollar =:dollar
EXPR: 0 | POS | INT | 2 | 67 | 25 | (((x+30)+49)-46)=58 | x 30 + 49 + 46 - 58 = | x:dollar 30:dollar +:dollar 49:dollar +:dollar 46:dollar -:dollar 58:dollar =:dollar
EXPR: 0 | POS | INT | 2 | 67 | 31 | 30=((49-(x+46))+58) | 30 49 x 46 + - 58 + = | 30:dollar 49:dollar x:dollar 46:dollar +:dollar -:dollar 58:dollar +:dollar =:dollar
EXPR: 0 | POS | INT | 2 | 67 | 91 | 30=(x-((49-46)+58)) | 30 x 49 46 - 58 + - = | 30:dollar x:dollar 49:dollar 46:dollar -:dollar 58:dollar +:dollar -:dollar =:dollar
EXPR: 0 | POS | INT | 2 | 67 | 85 | 30=((49+(x-46))-58) | 30 49 x 46 - + 58 - = | 30:dollar 49:dollar x:dollar 46:dollar -:dollar +:dollar 58:dollar -:dollar =:dollar
EXPR: 0 | POS | INT | 2 | 67 | 31 | 30=((49-(46+x))+58) | 30 49 46 x + - 58 + = | 30:dollar 49:dollar 46:dollar x:dollar +:dollar -:dollar 58:dollar +:dollar =:dollar
EXPR: 0 | POS | INT | 2 | 67 | 123 | 30=((49-(x-46))+58) | 30 49 x 46 - - 58 + = | 30:dollar 49:dollar x:dollar 46:dollar -:dollar -:dollar 58:dollar +:dollar =:dollar
EXPR: 0 | POS | INT | 2 | 67 | 123 | 30=((49+46)+(58-x)) | 30 49 46 + 58 x - + = | 30:dollar 49:dollar 46:dollar +:dollar 58:dollar x:dollar -:dollar +:dollar =:dollar
EXPR: 0 | POS | INT | 2 | 67 | 85 | 30=((49-(46-x))-58) | 30 49 46 x - - 58 - = | 30:dollar 49:dollar 46:dollar x:dollar -:dollar -:dollar 58:dollar -:dollar =:dollar
EXPR: 0 | POS | INT | 2 | 67 | 31 | 30=((49-46)+(58-x)) | 30 49 46 - 58 x - + = | 30:dollar 49:dollar 46:dollar -:dollar 58:dollar x:dollar -:dollar +:dollar =:dollar
EXPR: 0 | POS | INT | 2 | 67 | 123 | 30=(49+(46+(58-x))) | 30 49 46 58 x - + + = | 30:dollar 49:dollar 46:dollar 58:dollar x:dollar -:dollar +:dollar +:dollar =:dollar
EXPR: 0 | POS | INT | 2 | 67 | 85 | 30=(49-(46+(58-x))) | 30 49 46 58 x - + - = | 30:dollar 49:dollar 46:dollar 58:dollar x:dollar -:dollar +:dollar -:dollar =:dollar
EXPR: 0 | POS | INT | 2 | 67 | 7 | 30=((49+(46-x))-58) | 30 49 46 x - + 58 - = | 30:dollar 49:dollar 46:dollar x:dollar -:dollar +:dollar 58:dollar -:dollar =:dollar
EXPR: 0 | POS | INT | 2 | 67 | 85 | 30=(x+(49-(46+58))) | 30 x 49 46 58 + - + = | 30:dollar x:dollar 49:dollar 46:dollar 58:dollar +:dollar -:dollar +:dollar =:dollar
EXPR: 0 | POS | INT | 2 | 67 | 123 | (30-(49-(x-46)))=58 | 30 49 x 46 - - - 58 = | 30:dollar 49:dollar x:dollar 46:dollar -:dollar -:dollar -:dollar 58:dollar =:dollar
EXPR: 0 | POS | INT | 2 | 67 | 85 | 30=((49-46)-(58-x)) | 30 49 46 - 58 x - - = | 30:dollar 49:dollar 46:dollar -:dollar 58:dollar x:dollar -:dollar -:dollar =:dollar
EXPR: 0 | POS | INT | 2 | 67 | 123 | (30-(49+(46-x)))=58 | 30 49 46 x - + - 58 = | 30:dollar 49:dollar 46:dollar x:dollar -:dollar +:dollar -:dollar 58:dollar =:dollar
EXPR: 0 | POS | INT | 2 | 67 | 7 | 30=((49-(x-46))-58) | 30 49 x 46 - - 58 - = | 30:dollar 49:dollar x:dollar 46:dollar -:dollar -:dollar 58:dollar -:dollar =:dollar
EXPR: 0 | POS | INT | 2 | 67 | 91 | 30=(x-(49-(46-58))) | 30 x 49 46 58 - - - = | 30:dollar x:dollar 49:dollar 46:dollar 58:dollar -:dollar -:dollar -:dollar =:dollar
EXPR: 1 | POS | INT | 2 | 67 | 67 | (30+(49-(x-46)))=58 | 30 49 x 46 - - + 58 = | 30:dollar 49:dollar x:dollar 46:dollar -:dollar -:dollar +:dollar 58:dollar =:dollar
EXPR: 0 | POS | INT | 2 | 67 | 31 | (30-(49-(x+46)))=58 | 30 49 x 46 + - - 58 = | 30:dollar 49:dollar x:dollar 46:dollar +:dollar -:dollar -:dollar 58:dollar =:dollar
EXPR: 0 | POS | INT | 2 | 67 | 123 | 30=(49-(x-(46+58))) | 30 49 x 46 58 + - - = | 30:dollar 49:dollar x:dollar 46:dollar 58:dollar +:dollar -:dollar -:dollar =:dollar
EXPR: 0 | POS | INT | 2 | 67 | 85 | 30=(49+(x-(46+58))) | 30 49 x 46 58 + - + = | 30:dollar 49:dollar x:dollar 46:dollar 58:dollar +:dollar -:dollar +:dollar =:dollar
EXPR: 1 | POS | INT | 2 | 67 | 67 | 30=(x-(49+(46-58))) | 30 x 49 46 58 - + - = | 30:dollar x:dollar 49:dollar 46:dollar 58:dollar -:dollar +:dollar -:dollar =:dollar
EXPR: 0 | POS | INT | 2 | 67 | 183 | 30=(x-(49+(46+58))) | 30 x 49 46 58 + + - = | 30:dollar x:dollar 49:dollar 46:dollar 58:dollar +:dollar +:dollar -:dollar =:dollar
EXPR: 0 | POS | INT | 2 | 67 | 31 | 30=(49-(46-(58-x))) | 30 49 46 58 x - - - = | 30:dollar 49:dollar 46:dollar 58:dollar x:dollar -:dollar -:dollar -:dollar =:dollar
EXPR: 0 | POS | INT | 2 | 67 | 123 | 30=(49+((46+58)-x)) | 30 49 46 58 + x - + = | 30:dollar 49:dollar 46:dollar 58:dollar +:dollar x:dollar -:dollar +:dollar =:dollar
EXPR: 0 | POS | INT | 2 | 67 | 85 | 30=(49-((46+58)-x)) | 30 49 46 58 + x - - = | 30:dollar 49:dollar 46:dollar 58:dollar +:dollar x:dollar -:dollar -:dollar =:dollar
EXPR: 0 | POS | INT | 2 | 67 | 31 | (((30-49)+x)+46)=58 | 30 49 - x + 46 + 58 = | 30:dollar 49:dollar -:dollar x:dollar +:dollar 46:dollar +:dollar 58:dollar =:dollar
EXPR: 0 | POS | INT | 2 | 67 | 85 | (x-((30-49)+46))=58 | x 30 49 - 46 + - 58 = | x:dollar 30:dollar 49:dollar -:dollar 46:dollar +:dollar -:dollar 58:dollar =:dollar
EXPR: 0 | POS | INT | 2 | 67 | 31 | (x+((30-49)+46))=58 | x 30 49 - 46 + + 58 = | x:dollar 30:dollar 49:dollar -:dollar 46:dollar +:dollar +:dollar 58:dollar =:dollar
EXPR: 0 | POS | INT | 2 | 67 | 123 | 30=((49+46)-(x-58)) | 30 49 46 + x 58 - - = | 30:dollar 49:dollar 46:dollar +:dollar x:dollar 58:dollar -:dollar -:dollar =:dollar
EXPR: 0 | POS | INT | 2 | 67 | 85 | 30=(((49-46)-58)+x) | 30 49 46 - 58 - x + = | 30:dollar 49:dollar 46:dollar -:dollar 58:dollar -:dollar x:dollar +:dollar =:dollar
EXPR: 0 | POS | INT | 2 | 67 | 31 | 30=(((49-46)+58)-x) | 30 49 46 - 58 + x - = | 30:dollar 49:dollar 46:dollar -:dollar 58:dollar +:dollar x:dollar -:dollar =:dollar
EXPR: 0 | POS | INT | 2 | 67 | 7 | 30=((49+46)-(x+58)) | 30 49 46 + x 58 + - = | 30:dollar 49:dollar 46:dollar +:dollar x:dollar 58:dollar +:dollar -:dollar =:dollar
EXPR: 0 | POS | INT | 2 | 67 | 85 | 30=(49-(46-(x-58))) | 30 49 46 x 58 - - - = | 30:dollar 49:dollar 46:dollar x:dollar 58:dollar -:dollar -:dollar -:dollar =:dollar
EXPR: 0 | POS | INT | 2 | 67 | 31 | 30=(((49-x)-46)+58) | 30 49 x - 46 - 58 + = | 30:dollar 49:dollar x:dollar -:dollar 46:dollar -:dollar 58:dollar +:dollar =:dollar
EXPR: 0 | POS | INT | 2 | 67 | 25 | (((30+49)+x)-46)=58 | 30 49 + x + 46 - 58 = | 30:dollar 49:dollar +:dollar x:dollar +:dollar 46:dollar -:dollar 58:dollar =:dollar
EXPR: 0 | POS | INT | 2 | 67 | 7 | 30=(49+(46-(x+58))) | 30 49 46 x 58 + - + = | 30:dollar 49:dollar 46:dollar x:dollar 58:dollar +:dollar -:dollar +:dollar =:dollar
EXPR: 0 | POS | INT | 2 | 67 | 123 | (x+((30-49)-46))=58 | x 30 49 - 46 - + 58 = | x:dollar 30:dollar 49:dollar -:dollar 46:dollar -:dollar +:dollar 58:dollar =:dollar
EXPR: 0 | POS | INT | 2 | 67 | 91 | (x-((30+49)-46))=58 | x 30 49 + 46 - - 58 = | x:dollar 30:dollar 49:dollar +:dollar 46:dollar -:dollar -:dollar 58:dollar =:dollar
EXPR: 0 | POS | INT | 2 | 67 | 91 | 30=(((x-49)+46)-58) | 30 x 49 - 46 + 58 - = | 30:dollar x:dollar 49:dollar -:dollar 46:dollar +:dollar 58:dollar -:dollar =:dollar
EXPR: 1 | POS | INT | 2 | 67 | 67 | 30=(((x-49)-46)+58) | 30 x 49 - 46 - 58 + = | 30:dollar x:dollar 49:dollar -:dollar 46:dollar -:dollar 58:dollar +:dollar =:dollar
EXPR: 0 | POS | INT | 2 | 67 | 183 | (x-((30+49)+46))=58 | x 30 49 + 46 + - 58 = | x:dollar 30:dollar 49:dollar +:dollar 46:dollar +:dollar -:dollar 58:dollar =:dollar
EXPR: 0 | POS | INT | 2 | 67 | 85 | 30=(((x+49)-46)-58) | 30 x 49 + 46 - 58 - = | 30:dollar x:dollar 49:dollar +:dollar 46:dollar -:dollar 58:dollar -:dollar =:dollar
EXPR: 0 | POS | INT | 2 | 67 | 85 | 30=((49+x)-(46+58)) | 30 49 x + 46 58 + - = | 30:dollar 49:dollar x:dollar +:dollar 46:dollar 58:dollar +:dollar -:dollar =:dollar
EXPR: 1 | POS | INT | 10 | 67 | 67 | x=(49+(30+(46-58))) | x 49 30 46 58 - + + = | x:dollar 49:dollar 30:dollar 46:dollar 58:dollar -:dollar +:dollar +:dollar =:dollar
EXPR: 0 | POS | INT | 10 | 67 | 91 | x=(49+(30-(46-58))) | x 49 30 46 58 - - + = | x:dollar 49:dollar 30:dollar 46:dollar 58:dollar -:dollar -:dollar +:dollar =:dollar
EXPR: 0 | POS | INT | 10 | 67 | 7 | x=((49-(30-46))-58) | x 49 30 46 - - 58 - = | x:dollar 49:dollar 30:dollar 46:dollar -:dollar -:dollar 58:dollar -:dollar =:dollar
EXPR: 0 | POS | INT | 10 | 67 | 31 | x=(((49-30)-46)+58) | x 49 30 - 46 - 58 + = | x:dollar 49:dollar 30:dollar -:dollar 46:dollar -:dollar 58:dollar +:dollar =:dollar
EXPR: 1 | POS | INT | 10 | 67 | 67 | x=((49+(30+46))-58) | x 49 30 46 + + 58 - = | x:dollar 49:dollar 30:dollar 46:dollar +:dollar +:dollar 58:dollar -:dollar =:dollar
EXPR: 0 | POS | INT | 10 | 67 | 91 | x=(49+((30-46)+58)) | x 49 30 46 - 58 + + = | x:dollar 49:dollar 30:dollar 46:dollar -:dollar 58:dollar +:dollar +:dollar =:dollar
EXPR: 0 | POS | INT | 10 | 67 | 183 | x=(49+((30+46)+58)) | x 49 30 46 + 58 + + = | x:dollar 49:dollar 30:dollar 46:dollar +:dollar 58:dollar +:dollar +:dollar =:dollar
EXPR: 0 | POS | INT | 10 | 67 | 123 | x=((49-30)+(46+58)) | x 49 30 - 46 58 + + = | x:dollar 49:dollar 30:dollar -:dollar 46:dollar 58:dollar +:dollar +:dollar =:dollar
EXPR: 1 | POS | INT | 10 | 67 | 67 | x=(49+((30+46)-58)) | x 49 30 46 + 58 - + = | x:dollar 49:dollar 30:dollar 46:dollar +:dollar 58:dollar -:dollar +:dollar =:dollar
EXPR: 0 | POS | INT | 10 | 67 | 7 | x=(((49-30)+46)-58) | x 49 30 - 46 + 58 - = | x:dollar 49:dollar 30:dollar -:dollar 46:dollar +:dollar 58:dollar -:dollar =:dollar
EXPR: 0 | POS | INT | 10 | 67 | 31 | x=((49-30)-(46-58)) | x 49 30 - 46 58 - - = | x:dollar 49:dollar 30:dollar -:dollar 46:dollar 58:dollar -:dollar -:dollar =:dollar
EXPR: 0 | POS | INT | 10 | 67 | 123 | x=(((49-30)+46)+58) | x 49 30 - 46 + 58 + = | x:dollar 49:dollar 30:dollar -:dollar 46:dollar +:dollar 58:dollar +:dollar =:dollar
EXPR: 0 | POS | INT | 10 | 67 | 7 | x=((49-30)+(46-58)) | x 49 30 - 46 58 - + = | x:dollar 49:dollar 30:dollar -:dollar 46:dollar 58:dollar -:dollar +:dollar =:dollar
EXPR: 0 | POS | INT | 10 | 67 | 183 | x=((49+(30+46))+58) | x 49 30 46 + + 58 + = | x:dollar 49:dollar 30:dollar 46:dollar +:dollar +:dollar 58:dollar +:dollar =:dollar
EXPR: 0 | POS | INT | 10 | 67 | 183 | x=(49+(30+(46+58))) | x 49 30 46 58 + + + = | x:dollar 49:dollar 30:dollar 46:dollar 58:dollar +:dollar +:dollar +:dollar =:dollar
EXPR: 0 | POS | INT | 10 | 67 | 31 | x=(49-(30+(46-58))) | x 49 30 46 58 - + - = | x:dollar 49:dollar 30:dollar 46:dollar 58:dollar -:dollar +:dollar -:dollar =:dollar
EXPR: 0 | POS | INT | 10 | 67 | 85 | x=((30-(49-58))+46) | x 30 49 58 - - 46 + = | x:dollar 30:dollar 49:dollar 58:dollar -:dollar -:dollar 46:dollar +:dollar =:dollar
EXPR: 0 | POS | INT | 10 | 67 | 91 | x=((30+(49+58))-46) | x 30 49 58 + + 46 - = | x:dollar 30:dollar 49:dollar 58:dollar +:dollar +:dollar 46:dollar -:dollar =:dollar
EXPR: 0 | POS | INT | 10 | 67 | 183 | x=((30+(49+58))+46) | x 30 49 58 + + 46 + = | x:dollar 30:dollar 49:dollar 58:dollar +:dollar +:dollar 46:dollar +:dollar =:dollar
EXPR: 1 | POS | INT | 10 | 67 | 67 | x=((30+49)-(58-46)) | x 30 49 + 58 46 - - = | x:dollar 30:dollar 49:dollar +:dollar 58:dollar 46:dollar -:dollar -:dollar =:dollar
EXPR: 0 | POS | INT | 10 | 67 | 91 | x=((30+49)+(58-46)) | x 30 49 + 58 46 - + = | x:dollar 30:dollar 49:dollar +:dollar 58:dollar 46:dollar -:dollar +:dollar =:dollar
EXPR: 0 | POS | INT | 10 | 67 | 123 | x=(49-((30-46)-58)) | x 49 30 46 - 58 - - = | x:dollar 49:dollar 30:dollar 46:dollar -:dollar 58:dollar -:dollar -:dollar =:dollar
EXPR: 0 | POS | INT | 10 | 67 | 91 | x=((30-(46-49))+58) | x 30 46 49 - - 58 + = | x:dollar 30:dollar 46:dollar 49:dollar -:dollar -:dollar 58:dollar +:dollar =:dollar
EXPR: 0 | POS | INT | 10 | 67 | 85 | x=(30-((49-58)-46)) | x 30 49 58 - 46 - - = | x:dollar 30:dollar 49:dollar 58:dollar -:dollar 46:dollar -:dollar -:dollar =:dollar
EXPR: 0 | POS | INT | 10 | 67 | 91 | x=(30+((49+58)-46)) | x 30 49 58 + 46 - + = | x:dollar 30:dollar 49:dollar 58:dollar +:dollar 46:dollar -:dollar +:dollar =:dollar
EXPR: 1 | POS | INT | 10 | 67 | 67 | x=(((30+49)-58)+46) | x 30 49 + 58 - 46 + = | x:dollar 30:dollar 49:dollar +:dollar 58:dollar -:dollar 46:dollar +:dollar =:dollar
EXPR: 1 | POS | INT | 10 | 67 | 67 | x=(30+((49-58)+46)) | x 30 49 58 - 46 + + = | x:dollar 30:dollar 49:dollar 58:dollar -:dollar 46:dollar +:dollar +:dollar =:dollar
EXPR: 0 | POS | INT | 10 | 67 | 183 | x=(30+((49+58)+46)) | x 30 49 58 + 46 + + = | x:dollar 30:dollar 49:dollar 58:dollar +:dollar 46:dollar +:dollar +:dollar =:dollar
EXPR: 0 | POS | INT | 10 | 67 | 85 | x=(30+((46-49)+58)) | x 30 46 49 - 58 + + = | x:dollar 30:dollar 46:dollar 49:dollar -:dollar 58:dollar +:dollar +:dollar =:dollar
EXPR: 0 | POS | INT | 10 | 67 | 91 | x=(30-((46-49)-58)) | x 30 46 49 - 58 - - = | x:dollar 30:dollar 46:dollar 49:dollar -:dollar 58:dollar -:dollar -:dollar =:dollar
EXPR: 1 | POS | INT | 10 | 67 | 67 | x=((30+(49-58))+46) | x 30 49 58 - + 46 + = | x:dollar 30:dollar 49:dollar 58:dollar -:dollar +:dollar 46:dollar +:dollar =:dollar
EXPR: 0 | POS | INT | 10 | 67 | 85 | x=((30+(46-49))+58) | x 30 46 49 - + 58 + = | x:dollar 30:dollar 46:dollar 49:dollar -:dollar +:dollar 58:dollar +:dollar =:dollar
EXPR: 0 | POS | INT | 10 | 67 | 123 | x=((49-(30-46))+58) | x 49 30 46 - - 58 + = | x:dollar 49:dollar 30:dollar 46:dollar -:dollar -:dollar 58:dollar +:dollar =:dollar
EXPR: 0 | POS | INT | 10 | 67 | 85 | x=(((30-49)+58)+46) | x 30 49 - 58 + 46 + = | x:dollar 30:dollar 49:dollar -:dollar 58:dollar +:dollar 46:dollar +:dollar =:dollar
EXPR: 0 | POS | INT | 11 | 67 | 31 | x=(((49-30)-46)+58) | x 49 30 - 46 - 58 + = | x:dollar 49:dollar 30:dollar -:dollar 46:dollar -:dollar 58:dollar +:dollar =:dollar
EXPR: 1 | POS | INT | 11 | 67 | 67 | x=((49+(30+46))-58) | x 49 30 46 + + 58 - = | x:dollar 49:dollar 30:dollar 46:dollar +:dollar +:dollar 58:dollar -:dollar =:dollar
EXPR: 0 | POS | INT | 11 | 67 | 91 | x=(49+((30-46)+58)) | x 49 30 46 - 58 + + = | x:dollar 49:dollar 30:dollar 46:dollar -:dollar 58:dollar +:dollar +:dollar =:dollar
EXPR: 0 | POS | INT | 11 | 67 | 183 | x=(49+((30+46)+58)) | x 49 30 46 + 58 + + = | x:dollar 49:dollar 30:dollar 46:dollar +:dollar 58:dollar +:dollar +:dollar =:dollar
EXPR: 0 | POS | INT | 11 | 67 | 123 | x=((49-30)+(46+58)) | x 49 30 - 46 58 + + = | x:dollar 49:dollar 30:dollar -:dollar 46:dollar 58:dollar +:dollar +:dollar =:dollar
EXPR: 1 | POS | INT | 11 | 67 | 67 | x=(49+((30+46)-58)) | x 49 30 46 + 58 - + = | x:dollar 49:dollar 30:dollar 46:dollar +:dollar 58:dollar -:dollar +:dollar =:dollar
EXPR: 0 | POS | INT | 11 | 67 | 31 | x=((49-30)-(46-58)) | x 49 30 - 46 58 - - = | x:dollar 49:dollar 30:dollar -:dollar 46:dollar 58:dollar -:dollar -:dollar =:dollar
EXPR: 0 | POS | INT | 11 | 67 | 123 | x=(((49-30)+46)+58) | x 49 30 - 46 + 58 + = | x:dollar 49:dollar 30:dollar -:dollar 46:dollar +:dollar 58:dollar +:dollar =:dollar
EXPR: 0 | POS | INT | 11 | 67 | 7 | x=(((49-30)+46)-58) | x 49 30 - 46 + 58 - = | x:dollar 49:dollar 30:dollar -:dollar 46:dollar +:dollar 58:dollar -:dollar =:dollar
EXPR: 1 | POS | INT | 11 | 67 | 67 | x=(49+(30+(46-58))) | x 49 30 46 58 - + + = | x:dollar 49:dollar 30:dollar 46:dollar 58:dollar -:dollar +:dollar +:dollar =:dollar
EXPR: 0 | POS | INT | 11 | 67 | 85 | x=((30-(49-58))+46) | x 30 49 58 - - 46 + = | x:dollar 30:dollar 49:dollar 58:dollar -:dollar -:dollar 46:dollar +:dollar =:dollar
EXPR: 0 | POS | INT | 11 | 67 | 91 | x=((30+(49+58))-46) | x 30 49 58 + + 46 - = | x:dollar 30:dollar 49:dollar 58:dollar +:dollar +:dollar 46:dollar -:dollar =:dollar
EXPR: 0 | POS | INT | 11 | 67 | 183 | x=(49+(30+(46+58))) | x 49 30 46 58 + + + = | x:dollar 49:dollar 30:dollar 46:dollar 58:dollar +:dollar +:dollar +:dollar =:dollar
EXPR: 0 | POS | INT | 11 | 67 | 183 | x=((30+(49+58))+46) | x 30 49 58 + + 46 + = | x:dollar 30:dollar 49:dollar 58:dollar +:dollar +:dollar 46:dollar +:dollar =:dollar
EXPR: 0 | POS | INT | 11 | 67 | 31 | x=(49-(30+(46-58))) | x 49 30 46 58 - + - = | x:dollar 49:dollar 30:dollar 46:dollar 58:dollar -:dollar +:dollar -:dollar =:dollar
EXPR: 0 | POS | INT | 11 | 67 | 91 | x=((30+49)+(58-46)) | x 30 49 + 58 46 - + = | x:dollar 30:dollar 49:dollar +:dollar 58:dollar 46:dollar -:dollar +:dollar =:dollar
EXPR: 0 | POS | INT | 11 | 67 | 123 | x=(49-((30-46)-58)) | x 49 30 46 - 58 - - = | x:dollar 49:dollar 30:dollar 46:dollar -:dollar 58:dollar -:dollar -:dollar =:dollar
EXPR: 0 | POS | INT | 11 | 67 | 183 | x=((49+(30+46))+58) | x 49 30 46 + + 58 + = | x:dollar 49:dollar 30:dollar 46:dollar +:dollar +:dollar 58:dollar +:dollar =:dollar
EXPR: 0 | POS | INT | 11 | 67 | 91 | x=((30-(46-49))+58) | x 30 46 49 - - 58 + = | x:dollar 30:dollar 46:dollar 49:dollar -:dollar -:dollar 58:dollar +:dollar =:dollar
EXPR: 1 | POS | INT | 11 | 67 | 67 | x=(((30+49)-58)+46) | x 30 49 + 58 - 46 + = | x:dollar 30:dollar 49:dollar +:dollar 58:dollar -:dollar 46:dollar +:dollar =:dollar
EXPR: 1 | POS | INT | 11 | 67 | 67 | x=(30+((49-58)+46)) | x 30 49 58 - 46 + + = | x:dollar 30:dollar 49:dollar 58:dollar -:dollar 46:dollar +:dollar +:dollar =:dollar
EXPR: 0 | POS | INT | 11 | 67 | 183 | x=(30+((49+58)+46)) | x 30 49 58 + 46 + + = | x:dollar 30:dollar 49:dollar 58:dollar +:dollar 46:dollar +:dollar +:dollar =:dollar
EXPR: 0 | POS | INT | 11 | 67 | 91 | x=(30+((49+58)-46)) | x 30 49 58 + 46 - + = | x:dollar 30:dollar 49:dollar 58:dollar +:dollar 46:dollar -:dollar +:dollar =:dollar
EXPR: 0 | POS | INT | 11 | 67 | 91 | x=(30-((46-49)-58)) | x 30 46 49 - 58 - - = | x:dollar 30:dollar 46:dollar 49:dollar -:dollar 58:dollar -:dollar -:dollar =:dollar
EXPR: 1 | POS | INT | 11 | 67 | 67 | x=((30+(49-58))+46) | x 30 49 58 - + 46 + = | x:dollar 30:dollar 49:dollar 58:dollar -:dollar +:dollar 46:dollar +:dollar =:dollar
EXPR: 1 | POS | INT | 11 | 67 | 67 | x=((30+49)-(58-46)) | x 30 49 + 58 46 - - = | x:dollar 30:dollar 49:dollar +:dollar 58:dollar 46:dollar -:dollar -:dollar =:dollar
EXPR: 0 | POS | INT | 11 | 67 | 85 | x=(30-((49-58)-46)) | x 30 49 58 - 46 - - = | x:dollar 30:dollar 49:dollar 58:dollar -:dollar 46:dollar -:dollar -:dollar =:dollar
EXPR: 0 | POS | INT | 11 | 67 | 85 | x=((30+(46-49))+58) | x 30 46 49 - + 58 + = | x:dollar 30:dollar 46:dollar 49:dollar -:dollar +:dollar 58:dollar +:dollar =:dollar
EXPR: 0 | POS | INT | 11 | 67 | 123 | x=((49-(30-46))+58) | x 49 30 46 - - 58 + = | x:dollar 49:dollar 30:dollar 46:dollar -:dollar -:dollar 58:dollar +:dollar =:dollar
EXPR: 0 | POS | INT | 11 | 67 | 85 | x=(((30-49)+58)+46) | x 30 49 - 58 + 46 + = | x:dollar 30:dollar 49:dollar -:dollar 58:dollar +:dollar 46:dollar +:dollar =:dollar
EXPR: 0 | POS | INT | 12 | 67 | 85 | ((x+49)-(30+46))=58 | x 49 + 30 46 + - 58 = | x:dollar 49:dollar +:dollar 30:dollar 46:dollar +:dollar -:dollar 58:dollar =:dollar
EXPR: 0 | POS | INT | 12 | 67 | 7 | (30-((49-58)-x))=46 | 30 49 58 - x - - 46 = | 30:dollar 49:dollar 58:dollar -:dollar x:dollar -:dollar -:dollar 46:dollar =:dollar
EXPR: 0 | POS | INT | 12 | 67 | 85 | 30=((49-58)+(x-46)) | 30 49 58 - x 46 - + = | 30:dollar 49:dollar 58:dollar -:dollar x:dollar 46:dollar -:dollar +:dollar =:dollar
EXPR: 0 | POS | INT | 12 | 67 | 85 | 49=(30+(46-(x-58))) | 49 30 46 x 58 - - + = | 49:dollar 30:dollar 46:dollar x:dollar 58:dollar -:dollar -:dollar +:dollar =:dollar
EXPR: 0 | POS | INT | 12 | 67 | 7 | 49=(x+(30-(46-58))) | 49 x 30 46 58 - - + = | 49:dollar x:dollar 30:dollar 46:dollar 58:dollar -:dollar -:dollar +:dollar =:dollar
EXPR: 0 | POS | INT | 12 | 67 | 31 | 49=(x+(30+(46-58))) | 49 x 30 46 58 - + + = | 49:dollar x:dollar 30:dollar 46:dollar 58:dollar -:dollar +:dollar +:dollar =:dollar
EXPR: 0 | POS | INT | 12 | 67 | 31 | 30=(49+((58-x)-46)) | 30 49 58 x - 46 - + = | 30:dollar 49:dollar 58:dollar x:dollar -:dollar 46:dollar -:dollar +:dollar =:dollar
EXPR: 0 | POS | INT | 12 | 67 | 85 | 49=(((30-x)+46)+58) | 49 30 x - 46 + 58 + = | 49:dollar 30:dollar x:dollar -:dollar 46:dollar +:dollar 58:dollar +:dollar =:dollar
EXPR: 0 | POS | INT | 12 | 67 | 25 | 30=((46-49)-(x-58)) | 30 46 49 - x 58 - - = | 30:dollar 46:dollar 49:dollar -:dollar x:dollar 58:dollar -:dollar -:dollar =:dollar
EXPR: 0 | POS | INT | 12 | 67 | 91 | 30=((x-49)-(58-46)) | 30 x 49 - 58 46 - - = | 30:dollar x:dollar 49:dollar -:dollar 58:dollar 46:dollar -:dollar -:dollar =:dollar
EXPR: 0 | POS | INT | 12 | 67 | 85 | 30=(((49+x)-58)-46) | 30 49 x + 58 - 46 - = | 30:dollar 49:dollar x:dollar +:dollar 58:dollar -:dollar 46:dollar -:dollar =:dollar
EXPR: 0 | POS | INT | 12 | 67 | 25 | 30=(((46-49)+58)-x) | 30 46 49 - 58 + x - = | 30:dollar 46:dollar 49:dollar -:dollar 58:dollar +:dollar x:dollar -:dollar =:dollar
EXPR: 0 | POS | INT | 12 | 67 | 123 | (30-49)=((46-x)+58) | 30 49 - 46 x - 58 + = | 30:dollar 49:dollar -:dollar 46:dollar x:dollar -:dollar 58:dollar +:dollar =:dollar
EXPR: 0 | POS | INT | 12 | 67 | 91 | 30=(46+((x-49)-58)) | 30 46 x 49 - 58 - + = | 30:dollar 46:dollar x:dollar 49:dollar -:dollar 58:dollar -:dollar +:dollar =:dollar
EXPR: 0 | POS | INT | 12 | 67 | 25 | 30=(((46-49)-x)+58) | 30 46 49 - x - 58 + = | 30:dollar 46:dollar 49:dollar -:dollar x:dollar -:dollar 58:dollar +:dollar =:dollar
EXPR: 0 | POS | INT | 12 | 67 | 7 | (30-49)=((46-x)-58) | 30 49 - 46 x - 58 - = | 30:dollar 49:dollar -:dollar 46:dollar x:dollar -:dollar 58:dollar -:dollar =:dollar
EXPR: 0 | POS | INT | 12 | 67 | 91 | 30=(((46-49)+x)-58) | 30 46 49 - x + 58 - = | 30:dollar 46:dollar 49:dollar -:dollar x:dollar +:dollar 58:dollar -:dollar =:dollar
EXPR: 0 | POS | INT | 12 | 67 | 7 | 30=(46+((49-58)-x)) | 30 46 49 58 - x - + = | 30:dollar 46:dollar 49:dollar 58:dollar -:dollar x:dollar -:dollar +:dollar =:dollar
EXPR: 0 | POS | INT | 12 | 67 | 123 | 30=(46-(x-(49+58))) | 30 46 x 49 58 + - - = | 30:dollar 46:dollar x:dollar 49:dollar 58:dollar +:dollar -:dollar -:dollar =:dollar
EXPR: 0 | POS | INT | 12 | 67 | 91 | 30=(46+(x-(49+58))) | 30 46 x 49 58 + - + = | 30:dollar 46:dollar x:dollar 49:dollar 58:dollar +:dollar -:dollar +:dollar =:dollar
EXPR: 0 | POS | INT | 12 | 67 | 7 | 30=(46-(x-(49-58))) | 30 46 x 49 58 - - - = | 30:dollar 46:dollar x:dollar 49:dollar 58:dollar -:dollar -:dollar -:dollar =:dollar
EXPR: 0 | POS | INT | 12 | 67 | 25 | 30=(46-(x+(49-58))) | 30 46 x 49 58 - + - = | 30:dollar 46:dollar x:dollar 49:dollar 58:dollar -:dollar +:dollar -:dollar =:dollar
EXPR: 0 | POS | INT | 12 | 67 | 123 | 49=(((30-46)-58)+x) | 49 30 46 - 58 - x + = | 49:dollar 30:dollar 46:dollar -:dollar 58:dollar -:dollar x:dollar +:dollar =:dollar
EXPR: 0 | POS | INT | 12 | 67 | 183 | (((x-30)-46)-49)=58 | x 30 - 46 - 49 - 58 = | x:dollar 30:dollar -:dollar 46:dollar -:dollar 49:dollar -:dollar 58:dollar =:dollar
EXPR: 0 | POS | INT | 12 | 67 | 183 | ((x-30)-49)=(46+58) | x 30 - 49 - 46 58 + = | x:dollar 30:dollar -:dollar 49:dollar -:dollar 46:dollar 58:dollar +:dollar =:dollar
EXPR: 0 | POS | INT | 12 | 67 | 7 | ((x+30)-49)=(46-58) | x 30 + 49 - 46 58 - = | x:dollar 30:dollar +:dollar 49:dollar -:dollar 46:dollar 58:dollar -:dollar =:dollar
EXPR: 1 | POS | INT | 12 | 67 | 67 | (((30+46)-x)+49)=58 | 30 46 + x - 49 + 58 = | 30:dollar 46:dollar +:dollar x:dollar -:dollar 49:dollar +:dollar 58:dollar =:dollar
EXPR: 0 | POS | INT | 12 | 67 | 183 | 30=(x-(46+(49+58))) | 30 x 46 49 58 + + - = | 30:dollar x:dollar 46:dollar 49:dollar 58:dollar +:dollar +:dollar -:dollar =:dollar
EXPR: 0 | POS | INT | 12 | 67 | 31 | (((x+30)+46)-49)=58 | x 30 + 46 + 49 - 58 = | x:dollar 30:dollar +:dollar 46:dollar +:dollar 49:dollar -:dollar 58:dollar =:dollar
EXPR: 0 | POS | INT | 12 | 67 | 123 | ((x+30)-49)=(46+58) | x 30 + 49 - 46 58 + = | x:dollar 30:dollar +:dollar 49:dollar -:dollar 46:dollar 58:dollar +:dollar =:dollar
EXPR: 0 | POS | INT | 12 | 67 | 85 | (((49-30)+x)-46)=58 | 49 30 - x + 46 - 58 = | 49:dollar 30:dollar -:dollar x:dollar +:dollar 46:dollar -:dollar 58:dollar =:dollar
EXPR: 0 | POS | INT | 12 | 67 | 7 | (((49-30)-x)+46)=58 | 49 30 - x - 46 + 58 = | 49:dollar 30:dollar -:dollar x:dollar -:dollar 46:dollar +:dollar 58:dollar =:dollar
EXPR: 0 | POS | INT | 12 | 67 | 7 | (((49-30)+46)-x)=58 | 49 30 - 46 + x - 58 = | 49:dollar 30:dollar -:dollar 46:dollar +:dollar x:dollar -:dollar 58:dollar =:dollar
EXPR: 0 | POS | INT | 12 | 67 | 85 | (((49-30)-46)+x)=58 | 49 30 - 46 - x + 58 = | 49:dollar 30:dollar -:dollar 46:dollar -:dollar x:dollar +:dollar 58:dollar =:dollar
EXPR: 0 | POS | INT | 12 | 67 | 123 | (30-49)=(46-(x-58)) | 30 49 - 46 x 58 - - = | 30:dollar 49:dollar -:dollar 46:dollar x:dollar 58:dollar -:dollar -:dollar =:dollar
EXPR: 0 | POS | INT | 12 | 67 | 7 | (30-49)=(46-(x+58)) | 30 49 - 46 x 58 + - = | 30:dollar 49:dollar -:dollar 46:dollar x:dollar 58:dollar +:dollar -:dollar =:dollar
EXPR: 0 | POS | INT | 12 | 67 | 123 | (((x+30)-46)-49)=58 | x 30 + 46 - 49 - 58 = | x:dollar 30:dollar +:dollar 46:dollar -:dollar 49:dollar -:dollar 58:dollar =:dollar
EXPR: 0 | POS | INT | 12 | 67 | 31 | (((30+46)-49)+x)=58 | 30 46 + 49 - x + 58 = | 30:dollar 46:dollar +:dollar 49:dollar -:dollar x:dollar +:dollar 58:dollar =:dollar
EXPR: 0 | POS | INT | 12 | 67 | 85 | ((x-30)+49)=(46+58) | x 30 - 49 + 46 58 + = | x:dollar 30:dollar -:dollar 49:dollar +:dollar 46:dollar 58:dollar +:dollar =:dollar
EXPR: 0 | POS | INT | 12 | 67 | 25 | 30=((46-(x+49))+58) | 30 46 x 49 + - 58 + = | 30:dollar 46:dollar x:dollar 49:dollar +:dollar -:dollar 58:dollar +:dollar =:dollar
EXPR: 0 | POS | INT | 12 | 67 | 123 | 30=(46+((49+58)-x)) | 30 46 49 58 + x - + = | 30:dollar 46:dollar 49:dollar 58:dollar +:dollar x:dollar -:dollar +:dollar =:dollar
EXPR: 0 | POS | INT | 12 | 67 | 123 | 30=((46-(x-49))+58) | 30 46 x 49 - - 58 + = | 30:dollar 46:dollar x:dollar 49:dollar -:dollar -:dollar 58:dollar +:dollar =:dollar
EXPR: 0 | POS | INT | 12 | 67 | 123 | 30=(46-((x-49)-58)) | 30 46 x 49 - 58 - - = | 30:dollar 46:dollar x:dollar 49:dollar -:dollar 58:dollar -:dollar -:dollar =:dollar
EXPR: 0 | POS | INT | 12 | 67 | 25 | 30=(46-((49-58)+x)) | 30 46 49 58 - x + - = | 30:dollar 46:dollar 49:dollar 58:dollar -:dollar x:dollar +:dollar -:dollar =:dollar
EXPR: 1 | POS | INT | 12 | 67 | 67 | (((30+46)+49)-x)=58 | 30 46 + 49 + x - 58 = | 30:dollar 46:dollar +:dollar 49:dollar +:dollar x:dollar -:dollar 58:dollar =:dollar
EXPR: 0 | POS | INT | 12 | 67 | 25 | (((x+30)-46)+49)=58 | x 30 + 46 - 49 + 58 = | x:dollar 30:dollar +:dollar 46:dollar -:dollar 49:dollar +:dollar 58:dollar =:dollar
EXPR: 0 | POS | INT | 12 | 67 | 85 | 49=(30-((x-46)-58)) | 49 30 x 46 - 58 - - = | 49:dollar 30:dollar x:dollar 46:dollar -:dollar 58:dollar -:dollar -:dollar =:dollar
EXPR: 0 | POS | INT | 12 | 67 | 85 | (49-((30-x)+46))=58 | 49 30 x - 46 + - 58 = | 49:dollar 30:dollar x:dollar -:dollar 46:dollar +:dollar -:dollar 58:dollar =:dollar
EXPR: 0 | POS | INT | 12 | 67 | 123 | (((30-46)+x)-49)=58 | 30 46 - x + 49 - 58 = | 30:dollar 46:dollar -:dollar x:dollar +:dollar 49:dollar -:dollar 58:dollar =:dollar
EXPR: 1 | POS | INT | 12 | 67 | 67 | (49+((30-x)+46))=58 | 49 30 x - 46 + + 58 = | 49:dollar 30:dollar x:dollar -:dollar 46:dollar +:dollar +:dollar 58:dollar =:dollar
EXPR: 0 | POS | INT | 12 | 67 | 7 | (49-((30+x)-46))=58 | 49 30 x + 46 - - 58 = | 49:dollar 30:dollar x:dollar +:dollar 46:dollar -:dollar -:dollar 58:dollar =:dollar
EXPR: 0 | POS | INT | 12 | 67 | 91 | (30+((49-x)+58))=46 | 30 49 x - 58 + + 46 = | 30:dollar 49:dollar x:dollar -:dollar 58:dollar +:dollar +:dollar 46:dollar =:dollar
EXPR: 0 | POS | INT | 12 | 67 | 91 | 30=(x+(46-(49+58))) | 30 x 46 49 58 + - + = | 30:dollar x:dollar 46:dollar 49:dollar 58:dollar +:dollar -:dollar +:dollar =:dollar
EXPR: 0 | POS | INT | 12 | 67 | 7 | 30=((49-58)-(x-46)) | 30 49 58 - x 46 - - = | 30:dollar 49:dollar 58:dollar -:dollar x:dollar 46:dollar -:dollar -:dollar =:dollar
EXPR: 0 | POS | INT | 12 | 67 | 25 | (49+((30+x)-46))=58 | 49 30 x + 46 - + 58 = | 49:dollar 30:dollar x:dollar +:dollar 46:dollar -:dollar +:dollar 58:dollar =:dollar
EXPR: 0 | POS | INT | 12 | 67 | 91 | 30=(x+((46-49)-58)) | 30 x 46 49 - 58 - + = | 30:dollar x:dollar 46:dollar 49:dollar -:dollar 58:dollar -:dollar +:dollar =:dollar
EXPR: 0 | POS | INT | 12 | 67 | 183 | 49=((x-30)-(46+58)) | 49 x 30 - 46 58 + - = | 49:dollar x:dollar 30:dollar -:dollar 46:dollar 58:dollar +:dollar -:dollar =:dollar
EXPR: 1 | POS | INT | 12 | 67 | 67 | 30=(x-(46+(49-58))) | 30 x 46 49 58 - + - = | 30:dollar x:dollar 46:dollar 49:dollar 58:dollar -:dollar +:dollar -:dollar =:dollar
EXPR: 0 | POS | INT | 12 | 67 | 85 | 49=(((30+46)+58)-x) | 49 30 46 + 58 + x - = | 49:dollar 30:dollar 46:dollar +:dollar 58:dollar +:dollar x:dollar -:dollar =:dollar
EXPR: 0 | POS | INT | 12 | 67 | 85 | 30=(x+((49-58)-46)) | 30 x 49 58 - 46 - + = | 30:dollar x:dollar 49:dollar 58:dollar -:dollar 46:dollar -:dollar +:dollar =:dollar
EXPR: 0 | POS | INT | 12 | 67 | 123 | (30-((49-x)+58))=46 | 30 49 x - 58 + - 46 = | 30:dollar 49:dollar x:dollar -:dollar 58:dollar +:dollar -:dollar 46:dollar =:dollar
EXPR: 0 | POS | INT | 12 | 67 | 31 | 30=(49+((58-46)-x)) | 30 49 58 46 - x - + = | 30:dollar 49:dollar 58:dollar 46:dollar -:dollar x:dollar -:dollar +:dollar =:dollar
EXPR: 0 | POS | INT | 12 | 67 | 123 | 49=(x+((30-46)-58)) | 49 x 30 46 - 58 - + = | 49:dollar x:dollar 30:dollar 46:dollar -:dollar 58:dollar -:dollar +:dollar =:dollar
EXPR: 0 | POS | INT | 12 | 67 | 85 | 30=((49-58)-(46-x)) | 30 49 58 - 46 x - - = | 30:dollar 49:dollar 58:dollar -:dollar 46:dollar x:dollar -:dollar -:dollar =:dollar
EXPR: 0 | POS | INT | 12 | 67 | 183 | (x-(30+49))=(46+58) | x 30 49 + - 46 58 + = | x:dollar 30:dollar 49:dollar +:dollar -:dollar 46:dollar 58:dollar +:dollar =:dollar
EXPR: 0 | POS | INT | 12 | 67 | 85 | 30=(x-((46-49)+58)) | 30 x 46 49 - 58 + - = | 30:dollar x:dollar 46:dollar 49:dollar -:dollar 58:dollar +:dollar -:dollar =:dollar
EXPR: 0 | POS | INT | 12 | 67 | 7 | 30=((49-58)+(46-x)) | 30 49 58 - 46 x - + = | 30:dollar 49:dollar 58:dollar -:dollar 46:dollar x:dollar -:dollar +:dollar =:dollar
EXPR: 0 | POS | INT | 12 | 67 | 7 | (30-((49-x)-58))=46 | 30 49 x - 58 - - 46 = | 30:dollar 49:dollar x:dollar -:dollar 58:dollar -:dollar -:dollar 46:dollar =:dollar
EXPR: 0 | POS | INT | 12 | 67 | 123 | (((x-49)+30)-46)=58 | x 49 - 30 + 46 - 58 = | x:dollar 49:dollar -:dollar 30:dollar +:dollar 46:dollar -:dollar 58:dollar =:dollar
EXPR: 1 | POS | INT | 12 | 67 | 67 | ((x-30)-49)=(46-58) | x 30 - 49 - 46 58 - = | x:dollar 30:dollar -:dollar 49:dollar -:dollar 46:dollar 58:dollar -:dollar =:dollar
EXPR: 0 | POS | INT | 12 | 67 | 25 | (30+((49+x)-58))=46 | 30 49 x + 58 - + 46 = | 30:dollar 49:dollar x:dollar +:dollar 58:dollar -:dollar +:dollar 46:dollar =:dollar
EXPR: 0 | POS | INT | 12 | 67 | 123 | (x-(49-(30-46)))=58 | x 49 30 46 - - - 58 = | x:dollar 49:dollar 30:dollar 46:dollar -:dollar -:dollar -:dollar 58:dollar =:dollar
EXPR: 0 | POS | INT | 12 | 67 | 91 | (x-(49+(30-46)))=58 | x 49 30 46 - + - 58 = | x:dollar 49:dollar 30:dollar 46:dollar -:dollar +:dollar -:dollar 58:dollar =:dollar
EXPR: 0 | POS | INT | 12 | 67 | 183 | (x-(49+(30+46)))=58 | x 49 30 46 + + - 58 = | x:dollar 49:dollar 30:dollar 46:dollar +:dollar +:dollar -:dollar 58:dollar =:dollar
EXPR: 0 | POS | INT | 12 | 67 | 25 | ((30-46)+(x+49))=58 | 30 46 - x 49 + + 58 = | 30:dollar 46:dollar -:dollar x:dollar 49:dollar +:dollar +:dollar 58:dollar =:dollar
EXPR: 0 | POS | INT | 12 | 67 | 31 | 49=((30+46)-(58-x)) | 49 30 46 + 58 x - - = | 49:dollar 30:dollar 46:dollar +:dollar 58:dollar x:dollar -:dollar -:dollar =:dollar
EXPR: 0 | POS | INT | 12 | 67 | 7 | 49=(x+((30-46)+58)) | 49 x 30 46 - 58 + + = | 49:dollar x:dollar 30:dollar 46:dollar -:dollar 58:dollar +:dollar +:dollar =:dollar
EXPR: 0 | POS | INT | 12 | 67 | 85 | 49=((30+46)+(58-x)) | 49 30 46 + 58 x - + = | 49:dollar 30:dollar 46:dollar +:dollar 58:dollar x:dollar -:dollar +:dollar =:dollar
EXPR: 1 | POS | INT | 12 | 67 | 67 | (x-30)=(49+(46-58)) | x 30 - 49 46 58 - + = | x:dollar 30:dollar -:dollar 49:dollar 46:dollar 58:dollar -:dollar +:dollar =:dollar
EXPR: 0 | POS | INT | 12 | 67 | 7 | 49=((30-46)+(58+x)) | 49 30 46 - 58 x + + = | 49:dollar 30:dollar 46:dollar -:dollar 58:dollar x:dollar +:dollar +:dollar =:dollar
EXPR: 0 | POS | INT | 12 | 67 | 31 | (((x-49)+30)+46)=58 | x 49 - 30 + 46 + 58 = | x:dollar 49:dollar -:dollar 30:dollar +:dollar 46:dollar +:dollar 58:dollar =:dollar
EXPR: 0 | POS | INT | 12 | 67 | 25 | 30=(46-((x+49)-58)) | 30 46 x 49 + 58 - - = | 30:dollar 46:dollar x:dollar 49:dollar +:dollar 58:dollar -:dollar -:dollar =:dollar
EXPR: 0 | POS | INT | 12 | 67 | 123 | ((30-46)+(x-49))=58 | 30 46 - x 49 - + 58 = | 30:dollar 46:dollar -:dollar x:dollar 49:dollar -:dollar +:dollar 58:dollar =:dollar
EXPR: 1 | POS | INT | 12 | 67 | 67 | (49-((x-30)-46))=58 | 49 x 30 - 46 - - 58 = | 49:dollar x:dollar 30:dollar -:dollar 46:dollar -:dollar -:dollar 58:dollar =:dollar
EXPR: 0 | POS | INT | 12 | 67 | 31 | (x-(49-(30+46)))=58 | x 49 30 46 + - - 58 = | x:dollar 49:dollar 30:dollar 46:dollar +:dollar -:dollar -:dollar 58:dollar =:dollar
EXPR: 0 | POS | INT | 12 | 67 | 183 | (x-30)=(49+(46+58)) | x 30 - 49 46 58 + + = | x:dollar 30:dollar -:dollar 49:dollar 46:dollar 58:dollar +:dollar +:dollar =:dollar
EXPR: 0 | POS | INT | 12 | 67 | 91 | (x-30)=((49-46)+58) | x 30 - 49 46 - 58 + = | x:dollar 30:dollar -:dollar 49:dollar 46:dollar -:dollar 58:dollar +:dollar =:dollar
EXPR: 0 | POS | INT | 12 | 67 | 7 | (30+(x-49))=(46-58) | 30 x 49 - + 46 58 - = | 30:dollar x:dollar 49:dollar -:dollar +:dollar 46:dollar 58:dollar -:dollar =:dollar
EXPR: 0 | POS | INT | 12 | 67 | 31 | (x+30)=(49-(46-58)) | x 30 + 49 46 58 - - = | x:dollar 30:dollar +:dollar 49:dollar 46:dollar 58:dollar -:dollar -:dollar =:dollar
EXPR: 0 | POS | INT | 12 | 67 | 123 | (30+(x-49))=(46+58) | 30 x 49 - + 46 58 + = | 30:dollar x:dollar 49:dollar -:dollar +:dollar 46:dollar 58:dollar +:dollar =:dollar
EXPR: 0 | POS | INT | 12 | 67 | 25 | (x+(30+49))=(46+58) | x 30 49 + + 46 58 + = | x:dollar 30:dollar 49:dollar +:dollar +:dollar 46:dollar 58:dollar +:dollar =:dollar
EXPR: 0 | POS | INT | 12 | 67 | 7 | 30=((49-(58+x))+46) | 30 49 58 x + - 46 + = | 30:dollar 49:dollar 58:dollar x:dollar +:dollar -:dollar 46:dollar +:dollar =:dollar
EXPR: 0 | POS | INT | 12 | 67 | 7 | (x+30)=(49+(46-58)) | x 30 + 49 46 58 - + = | x:dollar 30:dollar +:dollar 49:dollar 46:dollar 58:dollar -:dollar +:dollar =:dollar
EXPR: 0 | POS | INT | 12 | 67 | 85 | (((x-30)-46)+49)=58 | x 30 - 46 - 49 + 58 = | x:dollar 30:dollar -:dollar 46:dollar -:dollar 49:dollar +:dollar 58:dollar =:dollar
EXPR: 0 | POS | INT | 12 | 67 | 31 | 30=((49+(58-x))-46) | 30 49 58 x - + 46 - = | 30:dollar 49:dollar 58:dollar x:dollar -:dollar +:dollar 46:dollar -:dollar =:dollar
EXPR: 0 | POS | INT | 12 | 67 | 31 | ((30+46)+(x-49))=58 | 30 46 + x 49 - + 58 = | 30:dollar 46:dollar +:dollar x:dollar 49:dollar -:dollar +:dollar 58:dollar =:dollar
EXPR: 0 | POS | INT | 12 | 67 | 123 | (x+30)=(49+(46+58)) | x 30 + 49 46 58 + + = | x:dollar 30:dollar +:dollar 49:dollar 46:dollar 58:dollar +:dollar +:dollar =:dollar
EXPR: 0 | POS | INT | 12 | 67 | 7 | 30=(((49-58)-x)+46) | 30 49 58 - x - 46 + = | 30:dollar 49:dollar 58:dollar -:dollar x:dollar -:dollar 46:dollar +:dollar =:dollar
EXPR: 0 | POS | INT | 12 | 67 | 91 | (x-(30-(46-49)))=58 | x 30 46 49 - - - 58 = | x:dollar 30:dollar 46:dollar 49:dollar -:dollar -:dollar -:dollar 58:dollar =:dollar
EXPR: 0 | POS | INT | 12 | 67 | 31 | (x+30)=((49-46)+58) | x 30 + 49 46 - 58 + = | x:dollar 30:dollar +:dollar 49:dollar 46:dollar -:dollar 58:dollar +:dollar =:dollar
EXPR: 0 | POS | INT | 12 | 67 | 123 | 30=((49+(58-x))+46) | 30 49 58 x - + 46 + = | 30:dollar 49:dollar 58:dollar x:dollar -:dollar +:dollar 46:dollar +:dollar =:dollar
EXPR: 0 | POS | INT | 12 | 67 | 91 | (30-(x-49))=(46-58) | 30 x 49 - - 46 58 - = | 30:dollar x:dollar 49:dollar -:dollar -:dollar 46:dollar 58:dollar -:dollar =:dollar
EXPR: 0 | POS | INT | 12 | 67 | 7 | 30=(((46-x)+49)-58) | 30 46 x - 49 + 58 - = | 30:dollar 46:dollar x:dollar -:dollar 49:dollar +:dollar 58:dollar -:dollar =:dollar
EXPR: 0 | POS | INT | 12 | 67 | 123 | 49=((30-46)-(58-x)) | 49 30 46 - 58 x - - = | 49:dollar 30:dollar 46:dollar -:dollar 58:dollar x:dollar -:dollar -:dollar =:dollar
EXPR: 0 | POS | INT | 12 | 67 | 31 | 30=((49+58)-(46+x)) | 30 49 58 + 46 x + - = | 30:dollar 49:dollar 58:dollar +:dollar 46:dollar x:dollar +:dollar -:dollar =:dollar
EXPR: 0 | POS | INT | 12 | 67 | 123 | 49=(30+((x-46)-58)) | 49 30 x 46 - 58 - + = | 49:dollar 30:dollar x:dollar 46:dollar -:dollar 58:dollar -:dollar +:dollar =:dollar
EXPR: 0 | POS | INT | 12 | 67 | 31 | 49=(30+((x+46)-58)) | 49 30 x 46 + 58 - + = | 49:dollar 30:dollar x:dollar 46:dollar +:dollar 58:dollar -:dollar +:dollar =:dollar
EXPR: 0 | POS | INT | 12 | 67 | 25 | 30=(((46-x)-49)+58) | 30 46 x - 49 - 58 + = | 30:dollar 46:dollar x:dollar -:dollar 49:dollar -:dollar 58:dollar +:dollar =:dollar
EXPR: 0 | POS | INT | 12 | 67 | 7 | 30=((49-(x+58))+46) | 30 49 x 58 + - 46 + = | 30:dollar 49:dollar x:dollar 58:dollar +:dollar -:dollar 46:dollar +:dollar =:dollar
EXPR: 0 | POS | INT | 12 | 67 | 31 | 49=(((30+46)-58)+x) | 49 30 46 + 58 - x + = | 49:dollar 30:dollar 46:dollar +:dollar 58:dollar -:dollar x:dollar +:dollar =:dollar
EXPR: 0 | POS | INT | 12 | 67 | 123 | 30=((49+58)+(46-x)) | 30 49 58 + 46 x - + = | 30:dollar 49:dollar 58:dollar +:dollar 46:dollar x:dollar -:dollar +:dollar =:dollar
EXPR: 0 | POS | INT | 12 | 67 | 7 | 49=(30+((x-46)+58)) | 49 30 x 46 - 58 + + = | 49:dollar 30:dollar x:dollar 46:dollar -:dollar 58:dollar +:dollar +:dollar =:dollar
EXPR: 0 | POS | INT | 12 | 67 | 7 | (49-(30-(46-x)))=58 | 49 30 46 x - - - 58 = | 49:dollar 30:dollar 46:dollar x:dollar -:dollar -:dollar -:dollar 58:dollar =:dollar
EXPR: 0 | POS | INT | 12 | 67 | 85 | 30=((49+(x-58))-46) | 30 49 x 58 - + 46 - = | 30:dollar 49:dollar x:dollar 58:dollar -:dollar +:dollar 46:dollar -:dollar =:dollar
EXPR: 0 | POS | INT | 12 | 67 | 85 | (x-(30+(46-49)))=58 | x 30 46 49 - + - 58 = | x:dollar 30:dollar 46:dollar 49:dollar -:dollar +:dollar -:dollar 58:dollar =:dollar
EXPR: 0 | POS | INT | 12 | 67 | 25 | (x+(30-(46-49)))=58 | x 30 46 49 - - + 58 = | x:dollar 30:dollar 46:dollar 49:dollar -:dollar -:dollar +:dollar 58:dollar =:dollar
EXPR: 0 | POS | INT | 12 | 67 | 123 | 30=(((46-x)+49)+58) | 30 46 x - 49 + 58 + = | 30:dollar 46:dollar x:dollar -:dollar 49:dollar +:dollar 58:dollar +:dollar =:dollar
EXPR: 0 | POS | INT | 12 | 67 | 31 | (x+(30+(46-49)))=58 | x 30 46 49 - + + 58 = | x:dollar 30:dollar 46:dollar 49:dollar -:dollar +:dollar +:dollar 58:dollar =:dollar
EXPR: 0 | POS | INT | 12 | 67 | 85 | (49-(30+(46-x)))=58 | 49 30 46 x - + - 58 = | 49:dollar 30:dollar 46:dollar x:dollar -:dollar +:dollar -:dollar 58:dollar =:dollar
EXPR: 0 | POS | INT | 12 | 67 | 123 | (30-(46-(x-49)))=58 | 30 46 x 49 - - - 58 = | 30:dollar 46:dollar x:dollar 49:dollar -:dollar -:dollar -:dollar 58:dollar =:dollar
EXPR: 0 | POS | INT | 12 | 67 | 85 | (49-(30-(x-46)))=58 | 49 30 x 46 - - - 58 = | 49:dollar 30:dollar x:dollar 46:dollar -:dollar -:dollar -:dollar 58:dollar =:dollar
EXPR: 0 | POS | INT | 12 | 67 | 123 | 49=((30-(46+58))+x) | 49 30 46 58 + - x + = | 49:dollar 30:dollar 46:dollar 58:dollar +:dollar -:dollar x:dollar +:dollar =:dollar
EXPR: 0 | POS | INT | 12 | 67 | 85 | (30-49)=(x-(46+58)) | 30 49 - x 46 58 + - = | 30:dollar 49:dollar -:dollar x:dollar 46:dollar 58:dollar +:dollar -:dollar =:dollar
EXPR: 1 | POS | INT | 12 | 67 | 67 | (49+(30+(46-x)))=58 | 49 30 46 x - + + 58 = | 49:dollar 30:dollar 46:dollar x:dollar -:dollar +:dollar +:dollar 58:dollar =:dollar
EXPR: 1 | POS | INT | 12 | 67 | 67 | (49+(30-(x-46)))=58 | 49 30 x 46 - - + 58 = | 49:dollar 30:dollar x:dollar 46:dollar -:dollar -:dollar +:dollar 58:dollar =:dollar
EXPR: 0 | POS | INT | 12 | 67 | 123 | 30=((49-(x-58))+46) | 30 49 x 58 - - 46 + = | 30:dollar 49:dollar x:dollar 58:dollar -:dollar -:dollar 46:dollar +:dollar =:dollar
EXPR: 0 | POS | INT | 12 | 67 | 7 | 49=(30-((46-58)-x)) | 49 30 46 58 - x - - = | 49:dollar 30:dollar 46:dollar 58:dollar -:dollar x:dollar -:dollar -:dollar =:dollar
EXPR: 0 | POS | INT | 12 | 67 | 85 | 49=(30+(46+(58-x))) | 49 30 46 58 x - + + = | 49:dollar 30:dollar 46:dollar 58:dollar x:dollar -:dollar +:dollar +:dollar =:dollar
EXPR: 0 | POS | INT | 12 | 67 | 123 | 49=(30-(46+(58-x))) | 49 30 46 58 x - + - = | 49:dollar 30:dollar 46:dollar 58:dollar x:dollar -:dollar +:dollar -:dollar =:dollar
EXPR: 0 | POS | INT | 12 | 67 | 25 | (30+(49-(58-x)))=46 | 30 49 58 x - - + 46 = | 30:dollar 49:dollar 58:dollar x:dollar -:dollar -:dollar +:dollar 46:dollar =:dollar
EXPR: 1 | POS | INT | 12 | 67 | 67 | ((30+46)-(x-49))=58 | 30 46 + x 49 - - 58 = | 30:dollar 46:dollar +:dollar x:dollar 49:dollar -:dollar -:dollar 58:dollar =:dollar
EXPR: 0 | POS | INT | 12 | 67 | 31 | 49=(30+(46-(58-x))) | 49 30 46 58 x - - + = | 49:dollar 30:dollar 46:dollar 58:dollar x:dollar -:dollar -:dollar +:dollar =:dollar
EXPR: 0 | POS | INT | 12 | 67 | 183 | 49=(x-((30+46)+58)) | 49 x 30 46 + 58 + - = | 49:dollar x:dollar 30:dollar 46:dollar +:dollar 58:dollar +:dollar -:dollar =:dollar
EXPR: 0 | POS | INT | 12 | 67 | 85 | ((x-30)-(46-49))=58 | x 30 - 46 49 - - 58 = | x:dollar 30:dollar -:dollar 46:dollar 49:dollar -:dollar -:dollar 58:dollar =:dollar
EXPR: 0 | POS | INT | 12 | 67 | 123 | (30-(49+(58-x)))=46 | 30 49 58 x - + - 46 = | 30:dollar 49:dollar 58:dollar x:dollar -:dollar +:dollar -:dollar 46:dollar =:dollar
EXPR: 0 | POS | INT | 12 | 67 | 7 | 49=((30-(46-58))+x) | 49 30 46 58 - - x + = | 49:dollar 30:dollar 46:dollar 58:dollar -:dollar -:dollar x:dollar +:dollar =:dollar
EXPR: 0 | POS | INT | 12 | 67 | 91 | (30+(49+(58-x)))=46 | 30 49 58 x - + + 46 = | 30:dollar 49:dollar 58:dollar x:dollar -:dollar +:dollar +:dollar 46:dollar =:dollar
EXPR: 0 | POS | INT | 12 | 67 | 123 | 49=((30+(x-46))-58) | 49 30 x 46 - + 58 - = | 49:dollar 30:dollar x:dollar 46:dollar -:dollar +:dollar 58:dollar -:dollar =:dollar
EXPR: 0 | POS | INT | 12 | 67 | 7 | 30=(49-((58+x)-46)) | 30 49 58 x + 46 - - = | 30:dollar 49:dollar 58:dollar x:dollar +:dollar 46:dollar -:dollar -:dollar =:dollar
EXPR: 0 | POS | INT | 12 | 67 | 7 | 30=(46+((49-x)-58)) | 30 46 49 x - 58 - + = | 30:dollar 46:dollar 49:dollar x:dollar -:dollar 58:dollar -:dollar +:dollar =:dollar
EXPR: 0 | POS | INT | 12 | 67 | 7 | (30-(49-(58+x)))=46 | 30 49 58 x + - - 46 = | 30:dollar 49:dollar 58:dollar x:dollar +:dollar -:dollar -:dollar 46:dollar =:dollar
EXPR: 0 | POS | INT | 12 | 67 | 7 | 49=(30-(46-(58+x))) | 49 30 46 58 x + - - = | 49:dollar 30:dollar 46:dollar 58:dollar x:dollar +:dollar -:dollar -:dollar =:dollar
EXPR: 0 | POS | INT | 12 | 67 | 85 | 49=((30+46)-(x-58)) | 49 30 46 + x 58 - - = | 49:dollar 30:dollar 46:dollar +:dollar x:dollar 58:dollar -:dollar -:dollar =:dollar
EXPR: 0 | POS | INT | 12 | 67 | 31 | (((30+46)+x)-49)=58 | 30 46 + x + 49 - 58 = | 30:dollar 46:dollar +:dollar x:dollar +:dollar 49:dollar -:dollar 58:dollar =:dollar
EXPR: 0 | POS | INT | 12 | 67 | 123 | (30-(49-x))=(46+58) | 30 49 x - - 46 58 + = | 30:dollar 49:dollar x:dollar -:dollar -:dollar 46:dollar 58:dollar +:dollar =:dollar
EXPR: 0 | POS | INT | 12 | 67 | 7 | 30=(((49-x)-58)+46) | 30 49 x - 58 - 46 + = | 30:dollar 49:dollar x:dollar -:dollar 58:dollar -:dollar 46:dollar +:dollar =:dollar
EXPR: 0 | POS | INT | 12 | 67 | 31 | (30+x)=((49-46)+58) | 30 x + 49 46 - 58 + = | 30:dollar x:dollar +:dollar 49:dollar 46:dollar -:dollar 58:dollar +:dollar =:dollar
EXPR: 0 | POS | INT | 12 | 67 | 85 | (30-x)=((49-46)-58) | 30 x - 49 46 - 58 - = | 30:dollar x:dollar -:dollar 49:dollar 46:dollar -:dollar 58:dollar -:dollar =:dollar
EXPR: 0 | POS | INT | 12 | 67 | 85 | (30-(49-46))=(x-58) | 30 49 46 - - x 58 - = | 30:dollar 49:dollar 46:dollar -:dollar -:dollar x:dollar 58:dollar -:dollar =:dollar
EXPR: 1 | POS | INT | 12 | 67 | 67 | 49=(((x-30)-46)+58) | 49 x 30 - 46 - 58 + = | 49:dollar x:dollar 30:dollar -:dollar 46:dollar -:dollar 58:dollar +:dollar =:dollar
EXPR: 0 | POS | INT | 12 | 67 | 31 | 30=(((49-x)+58)-46) | 30 49 x - 58 + 46 - = | 30:dollar 49:dollar x:dollar -:dollar 58:dollar +:dollar 46:dollar -:dollar =:dollar
EXPR: 0 | POS | INT | 12 | 67 | 31 | 49=((30+46)+(x-58)) | 49 30 46 + x 58 - + = | 49:dollar 30:dollar 46:dollar +:dollar x:dollar 58:dollar -:dollar +:dollar =:dollar
EXPR: 0 | POS | INT | 12 | 67 | 7 | 49=(30-(46-(x+58))) | 49 30 46 x 58 + - - = | 49:dollar 30:dollar 46:dollar x:dollar 58:dollar +:dollar -:dollar -:dollar =:dollar
EXPR: 0 | POS | INT | 12 | 67 | 91 | 49=(((x-30)+46)-58) | 49 x 30 - 46 + 58 - = | 49:dollar x:dollar 30:dollar -:dollar 46:dollar +:dollar 58:dollar -:dollar =:dollar
EXPR: 0 | POS | INT | 12 | 67 | 7 | (30-(49-x))=(46-58) | 30 49 x - - 46 58 - = | 30:dollar 49:dollar x:dollar -:dollar -:dollar 46:dollar 58:dollar -:dollar =:dollar
EXPR: 0 | POS | INT | 12 | 67 | 183 | 49=(((x-30)-46)-58) | 49 x 30 - 46 - 58 - = | 49:dollar x:dollar 30:dollar -:dollar 46:dollar -:dollar 58:dollar -:dollar =:dollar
EXPR: 0 | POS | INT | 12 | 67 | 7 | 49=((30+x)-(46-58)) | 49 30 x + 46 58 - - = | 49:dollar 30:dollar x:dollar +:dollar 46:dollar 58:dollar -:dollar -:dollar =:dollar
EXPR: 0 | POS | INT | 12 | 67 | 31 | 49=((30+(x+46))-58) | 49 30 x 46 + + 58 - = | 49:dollar 30:dollar x:dollar 46:dollar +:dollar +:dollar 58:dollar -:dollar =:dollar
EXPR: 0 | POS | INT | 12 | 67 | 91 | (x-30)=(49-(46-58)) | x 30 - 49 46 58 - - = | x:dollar 30:dollar -:dollar 49:dollar 46:dollar 58:dollar -:dollar -:dollar =:dollar
EXPR: 1 | POS | INT | 12 | 67 | 67 | 30=(((x-49)+58)-46) | 30 x 49 - 58 + 46 - = | 30:dollar x:dollar 49:dollar -:dollar 58:dollar +:dollar 46:dollar -:dollar =:dollar
EXPR: 0 | POS | INT | 12 | 67 | 123 | 30=(46+((49-x)+58)) | 30 46 49 x - 58 + + = | 30:dollar 46:dollar 49:dollar x:dollar -:dollar 58:dollar +:dollar +:dollar =:dollar
EXPR: 0 | POS | INT | 12 | 67 | 31 | 49=((30+x)+(46-58)) | 49 30 x + 46 58 - + = | 49:dollar 30:dollar x:dollar +:dollar 46:dollar 58:dollar -:dollar +:dollar =:dollar
EXPR: 0 | POS | INT | 12 | 67 | 183 | 30=(((x-49)-58)-46) | 30 x 49 - 58 - 46 - = | 30:dollar x:dollar 49:dollar -:dollar 58:dollar -:dollar 46:dollar -:dollar =:dollar
EXPR: 0 | POS | INT | 12 | 67 | 123 | 49=((30+x)-(46+58)) | 49 30 x + 46 58 + - = | 49:dollar 30:dollar x:dollar +:dollar 46:dollar 58:dollar +:dollar -:dollar =:dollar
EXPR: 0 | POS | INT | 12 | 67 | 25 | (49+(30-(46-x)))=58 | 49 30 46 x - - + 58 = | 49:dollar 30:dollar 46:dollar x:dollar -:dollar -:dollar +:dollar 58:dollar =:dollar
EXPR: 0 | POS | INT | 12 | 67 | 85 | 49=((30+(46+58))-x) | 49 30 46 58 + + x - = | 49:dollar 30:dollar 46:dollar 58:dollar +:dollar +:dollar x:dollar -:dollar =:dollar
EXPR: 0 | POS | INT | 12 | 67 | 123 | 30=(((49-x)+58)+46) | 30 49 x - 58 + 46 + = | 30:dollar 49:dollar x:dollar -:dollar 58:dollar +:dollar 46:dollar +:dollar =:dollar
EXPR: 0 | POS | INT | 12 | 67 | 91 | (30+(49-46))=(x-58) | 30 49 46 - + x 58 - = | 30:dollar 49:dollar 46:dollar -:dollar +:dollar x:dollar 58:dollar -:dollar =:dollar
EXPR: 0 | POS | INT | 12 | 67 | 85 | 30=(((x+49)-58)-46) | 30 x 49 + 58 - 46 - = | 30:dollar x:dollar 49:dollar +:dollar 58:dollar -:dollar 46:dollar -:dollar =:dollar
EXPR: 0 | POS | INT | 12 | 67 | 25 | ((x+49)+(30-46))=58 | x 49 + 30 46 - + 58 = | x:dollar 49:dollar +:dollar 30:dollar 46:dollar -:dollar +:dollar 58:dollar =:dollar
EXPR: 0 | POS | INT | 12 | 67 | 7 | 30=(46-((x-49)+58)) | 30 46 x 49 - 58 + - = | 30:dollar 46:dollar x:dollar 49:dollar -:dollar 58:dollar +:dollar -:dollar =:dollar
EXPR: 0 | POS | INT | 12 | 67 | 123 | 49=(((30+x)-46)-58) | 49 30 x + 46 - 58 - = | 49:dollar 30:dollar x:dollar +:dollar 46:dollar -:dollar 58:dollar -:dollar =:dollar
EXPR: 0 | POS | INT | 12 | 67 | 91 | 30=(((x-49)-58)+46) | 30 x 49 - 58 - 46 + = | 30:dollar x:dollar 49:dollar -:dollar 58:dollar -:dollar 46:dollar +:dollar =:dollar
EXPR: 0 | POS | INT | 12 | 67 | 123 | ((30-49)-(58-x))=46 | 30 49 - 58 x - - 46 = | 30:dollar 49:dollar -:dollar 58:dollar x:dollar -:dollar -:dollar 46:dollar =:dollar
EXPR: 0 | POS | INT | 12 | 67 | 123 | 49=(30-(46-(x-58))) | 49 30 46 x 58 - - - = | 49:dollar 30:dollar 46:dollar x:dollar 58:dollar -:dollar -:dollar -:dollar =:dollar
EXPR: 0 | POS | INT | 12 | 67 | 91 | 49=((x-30)+(46-58)) | 49 x 30 - 46 58 - + = | 49:dollar x:dollar 30:dollar -:dollar 46:dollar 58:dollar -:dollar +:dollar =:dollar
EXPR: 0 | POS | INT | 12 | 67 | 25 | ((30+49)-(58-x))=46 | 30 49 + 58 x - - 46 = | 30:dollar 49:dollar +:dollar 58:dollar x:dollar -:dollar -:dollar 46:dollar =:dollar
EXPR: 0 | POS | INT | 12 | 67 | 7 | ((30-49)+(58+x))=46 | 30 49 - 58 x + + 46 = | 30:dollar 49:dollar -:dollar 58:dollar x:dollar +:dollar +:dollar 46:dollar =:dollar
EXPR: 1 | POS | INT | 12 | 67 | 67 | 49=((x-30)-(46-58)) | 49 x 30 - 46 58 - - = | 49:dollar x:dollar 30:dollar -:dollar 46:dollar 58:dollar -:dollar -:dollar =:dollar
EXPR: 0 | POS | INT | 12 | 67 | 7 | 49=(((30+x)-46)+58) | 49 30 x + 46 - 58 + = | 49:dollar 30:dollar x:dollar +:dollar 46:dollar -:dollar 58:dollar +:dollar =:dollar
EXPR: 0 | POS | INT | 12 | 67 | 25 | (30+49)=(46-(x-58)) | 30 49 + 46 x 58 - - = | 30:dollar 49:dollar +:dollar 46:dollar x:dollar 58:dollar -:dollar -:dollar =:dollar
EXPR: 0 | POS | INT | 12 | 67 | 123 | 49=(x+(30-(46+58))) | 49 x 30 46 58 + - + = | 49:dollar x:dollar 30:dollar 46:dollar 58:dollar +:dollar -:dollar +:dollar =:dollar
EXPR: 0 | POS | INT | 15 | 67 | 25 | x=(((46-30)-49)+58) | x 46 30 - 49 - 58 + = | x:dollar 46:dollar 30:dollar -:dollar 49:dollar -:dollar 58:dollar +:dollar =:dollar
EXPR: 0 | POS | INT | 15 | 67 | 25 | x=((46-(30+49))+58) | x 46 30 49 + - 58 + = | x:dollar 46:dollar 30:dollar 49:dollar +:dollar -:dollar 58:dollar +:dollar =:dollar
EXPR: 0 | POS | INT | 15 | 67 | 85 | x=(30+(58-(49-46))) | x 30 58 49 46 - - + = | x:dollar 30:dollar 58:dollar 49:dollar 46:dollar -:dollar -:dollar +:dollar =:dollar
EXPR: 0 | POS | INT | 15 | 67 | 91 | x=(30+(58+(49-46))) | x 30 58 49 46 - + + = | x:dollar 30:dollar 58:dollar 49:dollar 46:dollar -:dollar +:dollar +:dollar =:dollar
EXPR: 0 | POS | INT | 15 | 67 | 123 | x=((46-(30-49))+58) | x 46 30 49 - - 58 + = | x:dollar 46:dollar 30:dollar 49:dollar -:dollar -:dollar 58:dollar +:dollar =:dollar
EXPR: 1 | POS | INT | 15 | 67 | 67 | x=((46+(30+49))-58) | x 46 30 49 + + 58 - = | x:dollar 46:dollar 30:dollar 49:dollar +:dollar +:dollar 58:dollar -:dollar =:dollar
EXPR: 0 | POS | INT | 15 | 67 | 7 | x=((46-(30-49))-58) | x 46 30 49 - - 58 - = | x:dollar 46:dollar 30:dollar 49:dollar -:dollar -:dollar 58:dollar -:dollar =:dollar
EXPR: 0 | POS | INT | 15 | 67 | 183 | x=((46+(30+49))+58) | x 46 30 49 + + 58 + = | x:dollar 46:dollar 30:dollar 49:dollar +:dollar +:dollar 58:dollar +:dollar =:dollar
EXPR: 0 | POS | INT | 15 | 67 | 85 | x=((46+(30-49))+58) | x 46 30 49 - + 58 + = | x:dollar 46:dollar 30:dollar 49:dollar -:dollar +:dollar 58:dollar +:dollar =:dollar
EXPR: 0 | POS | INT | 15 | 67 | 85 | x=(46+((30-49)+58)) | x 46 30 49 - 58 + + = | x:dollar 46:dollar 30:dollar 49:dollar -:dollar 58:dollar +:dollar +:dollar =:dollar
EXPR: 0 | POS | INT | 15 | 67 | 7 | x=(46-((30-49)+58)) | x 46 30 49 - 58 + - = | x:dollar 46:dollar 30:dollar 49:dollar -:dollar 58:dollar +:dollar -:dollar =:dollar
EXPR: 0 | POS | INT | 16 | 67 | 25 | x=(((46-30)-49)+58) | x 46 30 - 49 - 58 + = | x:dollar 46:dollar 30:dollar -:dollar 49:dollar -:dollar 58:dollar +:dollar =:dollar
EXPR: 0 | POS | INT | 16 | 67 | 91 | x=(30+(58+(49-46))) | x 30 58 49 46 - + + = | x:dollar 30:dollar 58:dollar 49:dollar 46:dollar -:dollar +:dollar +:dollar =:dollar
EXPR: 1 | POS | INT | 16 | 67 | 67 | x=((46+(30+49))-58) | x 46 30 49 + + 58 - = | x:dollar 46:dollar 30:dollar 49:dollar +:dollar +:dollar 58:dollar -:dollar =:dollar
EXPR: 0 | POS | INT | 16 | 67 | 123 | x=((46-(30-49))+58) | x 46 30 49 - - 58 + = | x:dollar 46:dollar 30:dollar 49:dollar -:dollar -:dollar 58:dollar +:dollar =:dollar
EXPR: 0 | POS | INT | 16 | 67 | 183 | x=((46+(30+49))+58) | x 46 30 49 + + 58 + = | x:dollar 46:dollar 30:dollar 49:dollar +:dollar +:dollar 58:dollar +:dollar =:dollar
EXPR: 0 | POS | INT | 16 | 67 | 7 | x=((46-(30-49))-58) | x 46 30 49 - - 58 - = | x:dollar 46:dollar 30:dollar 49:dollar -:dollar -:dollar 58:dollar -:dollar =:dollar
EXPR: 0 | POS | INT | 16 | 67 | 25 | x=((46-(30+49))+58) | x 46 30 49 + - 58 + = | x:dollar 46:dollar 30:dollar 49:dollar +:dollar -:dollar 58:dollar +:dollar =:dollar
EXPR: 0 | POS | INT | 16 | 67 | 85 | x=((46+(30-49))+58) | x 46 30 49 - + 58 + = | x:dollar 46:dollar 30:dollar 49:dollar -:dollar +:dollar 58:dollar +:dollar =:dollar
EXPR: 0 | POS | INT | 16 | 67 | 85 | x=(30+(58-(49-46))) | x 30 58 49 46 - - + = | x:dollar 30:dollar 58:dollar 49:dollar 46:dollar -:dollar -:dollar +:dollar =:dollar
EXPR: 0 | POS | INT | 16 | 67 | 85 | x=(46+((30-49)+58)) | x 46 30 49 - 58 + + = | x:dollar 46:dollar 30:dollar 49:dollar -:dollar 58:dollar +:dollar +:dollar =:dollar
EXPR: 0 | POS | INT | 16 | 67 | 7 | x=(46-((30-49)+58)) | x 46 30 49 - 58 + - = | x:dollar 46:dollar 30:dollar 49:dollar -:dollar 58:dollar +:dollar -:dollar =:dollar
EXPR: 0 | POS | INT | 17 | 67 | 123 | 46=((30-49)+(x-58)) | 46 30 49 - x 58 - + = | 46:dollar 30:dollar 49:dollar -:dollar x:dollar 58:dollar -:dollar +:dollar =:dollar
EXPR: 0 | POS | INT | 17 | 67 | 123 | 46=(x+((30-49)-58)) | 46 x 30 49 - 58 - + = | 46:dollar x:dollar 30:dollar 49:dollar -:dollar 58:dollar -:dollar +:dollar =:dollar
EXPR: 0 | POS | INT | 17 | 67 | 7 | 46=(x+((30-49)+58)) | 46 x 30 49 - 58 + + = | 46:dollar x:dollar 30:dollar 49:dollar -:dollar 58:dollar +:dollar +:dollar =:dollar
EXPR: 0 | POS | INT | 17 | 67 | 85 | 46=(x-((30-49)+58)) | 46 x 30 49 - 58 + - = | 46:dollar x:dollar 30:dollar 49:dollar -:dollar 58:dollar +:dollar -:dollar =:dollar
EXPR: 0 | POS | INT | 17 | 67 | 25 | 46=(x+((30+49)-58)) | 46 x 30 49 + 58 - + = | 46:dollar x:dollar 30:dollar 49:dollar +:dollar 58:dollar -:dollar +:dollar =:dollar
EXPR: 0 | POS | INT | 17 | 67 | 25 | 46=(((30+49)-58)+x) | 46 30 49 + 58 - x + = | 46:dollar 30:dollar 49:dollar +:dollar 58:dollar -:dollar x:dollar +:dollar =:dollar
EXPR: 0 | POS | INT | 17 | 67 | 25 | 30=((58-49)-(x-46)) | 30 58 49 - x 46 - - = | 30:dollar 58:dollar 49:dollar -:dollar x:dollar 46:dollar -:dollar -:dollar =:dollar
EXPR: 0 | POS | INT | 17 | 67 | 183 | 46=(x-((30+49)+58)) | 46 x 30 49 + 58 + - = | 46:dollar x:dollar 30:dollar 49:dollar +:dollar 58:dollar +:dollar -:dollar =:dollar
EXPR: 0 | POS | INT | 17 | 67 | 7 | 46=(30-((49-x)-58)) | 46 30 49 x - 58 - - = | 46:dollar 30:dollar 49:dollar x:dollar -:dollar 58:dollar -:dollar -:dollar =:dollar
EXPR: 0 | POS | INT | 17 | 67 | 123 | 30=(58+(49-(x-46))) | 30 58 49 x 46 - - + = | 30:dollar 58:dollar 49:dollar x:dollar 46:dollar -:dollar -:dollar +:dollar =:dollar
EXPR: 0 | POS | INT | 17 | 67 | 91 | 46=(30+(49+(58-x))) | 46 30 49 58 x - + + = | 46:dollar 30:dollar 49:dollar 58:dollar x:dollar -:dollar +:dollar +:dollar =:dollar
EXPR: 0 | POS | INT | 17 | 67 | 123 | 46=((30-(49+58))+x) | 46 30 49 58 + - x + = | 46:dollar 30:dollar 49:dollar 58:dollar +:dollar -:dollar x:dollar +:dollar =:dollar
EXPR: 0 | POS | INT | 17 | 67 | 91 | 46=(((30+49)+58)-x) | 46 30 49 + 58 + x - = | 46:dollar 30:dollar 49:dollar +:dollar 58:dollar +:dollar x:dollar -:dollar =:dollar
EXPR: 0 | POS | INT | 17 | 67 | 25 | 30=(((58-49)+46)-x) | 30 58 49 - 46 + x - = | 30:dollar 58:dollar 49:dollar -:dollar 46:dollar +:dollar x:dollar -:dollar =:dollar
EXPR: 0 | POS | INT | 17 | 67 | 123 | 46=(30-(49+(58-x))) | 46 30 49 58 x - + - = | 46:dollar 30:dollar 49:dollar 58:dollar x:dollar -:dollar +:dollar -:dollar =:dollar
EXPR: 0 | POS | INT | 17 | 67 | 31 | 30=(58+((49-x)-46)) | 30 58 49 x - 46 - + = | 30:dollar 58:dollar 49:dollar x:dollar -:dollar 46:dollar -:dollar +:dollar =:dollar
EXPR: 1 | POS | INT | 17 | 67 | 67 | 30=(((58-49)+x)-46) | 30 58 49 - x + 46 - = | 30:dollar 58:dollar 49:dollar -:dollar x:dollar +:dollar 46:dollar -:dollar =:dollar
EXPR: 0 | POS | INT | 17 | 67 | 7 | 46=((30-(49-58))+x) | 46 30 49 58 - - x + = | 46:dollar 30:dollar 49:dollar 58:dollar -:dollar -:dollar x:dollar +:dollar =:dollar
EXPR: 0 | POS | INT | 17 | 67 | 25 | 30=(((58-49)-x)+46) | 30 58 49 - x - 46 + = | 30:dollar 58:dollar 49:dollar -:dollar x:dollar -:dollar 46:dollar +:dollar =:dollar
EXPR: 0 | POS | INT | 17 | 67 | 25 | 46=(30+((49+x)-58)) | 46 30 49 x + 58 - + = | 46:dollar 30:dollar 49:dollar x:dollar +:dollar 58:dollar -:dollar +:dollar =:dollar
EXPR: 0 | POS | INT | 17 | 67 | 25 | 30=(58-(49+(x-46))) | 30 58 49 x 46 - + - = | 30:dollar 58:dollar 49:dollar x:dollar 46:dollar -:dollar +:dollar -:dollar =:dollar
EXPR: 0 | POS | INT | 17 | 67 | 25 | 46=(30+(49-(58-x))) | 46 30 49 58 x - - + = | 46:dollar 30:dollar 49:dollar 58:dollar x:dollar -:dollar -:dollar +:dollar =:dollar
EXPR: 0 | POS | INT | 17 | 67 | 91 | 46=((30+(49+58))-x) | 46 30 49 58 + + x - = | 46:dollar 30:dollar 49:dollar 58:dollar +:dollar +:dollar x:dollar -:dollar =:dollar
EXPR: 0 | POS | INT | 17 | 67 | 91 | 46=(30+(49-(x-58))) | 46 30 49 x 58 - - + = | 46:dollar 30:dollar 49:dollar x:dollar 58:dollar -:dollar -:dollar +:dollar =:dollar
EXPR: 0 | POS | INT | 17 | 67 | 25 | 46=(30+(49+(x-58))) | 46 30 49 x 58 - + + = | 46:dollar 30:dollar 49:dollar x:dollar 58:dollar -:dollar +:dollar +:dollar =:dollar
EXPR: 0 | POS | INT | 17 | 67 | 7 | (((46-30)+49)-x)=58 | 46 30 - 49 + x - 58 = | 46:dollar 30:dollar -:dollar 49:dollar +:dollar x:dollar -:dollar 58:dollar =:dollar
EXPR: 1 | POS | INT | 17 | 67 | 67 | 46=(x-((30+49)-58)) | 46 x 30 49 + 58 - - = | 46:dollar x:dollar 30:dollar 49:dollar +:dollar 58:dollar -:dollar -:dollar =:dollar
EXPR: 0 | POS | INT | 17 | 67 | 7 | 46=((x+30)-(49-58)) | 46 x 30 + 49 58 - - = | 46:dollar x:dollar 30:dollar +:dollar 49:dollar 58:dollar -:dollar -:dollar =:dollar
EXPR: 0 | POS | INT | 17 | 67 | 91 | (((46-30)+x)-49)=58 | 46 30 - x + 49 - 58 = | 46:dollar 30:dollar -:dollar x:dollar +:dollar 49:dollar -:dollar 58:dollar =:dollar
EXPR: 1 | POS | INT | 17 | 67 | 67 | 46=((x-30)-(49-58)) | 46 x 30 - 49 58 - - = | 46:dollar x:dollar 30:dollar -:dollar 49:dollar 58:dollar -:dollar -:dollar =:dollar
EXPR: 0 | POS | INT | 17 | 67 | 123 | 46=((x+30)-(49+58)) | 46 x 30 + 49 58 + - = | 46:dollar x:dollar 30:dollar +:dollar 49:dollar 58:dollar +:dollar -:dollar =:dollar
EXPR: 0 | POS | INT | 17 | 67 | 85 | 46=((x-30)+(49-58)) | 46 x 30 - 49 58 - + = | 46:dollar x:dollar 30:dollar -:dollar 49:dollar 58:dollar -:dollar +:dollar =:dollar
EXPR: 0 | POS | INT | 17 | 67 | 183 | 46=((x-30)-(49+58)) | 46 x 30 - 49 58 + - = | 46:dollar x:dollar 30:dollar -:dollar 49:dollar 58:dollar +:dollar -:dollar =:dollar
EXPR: 1 | POS | INT | 17 | 67 | 67 | 30=((58-49)-(46-x)) | 30 58 49 - 46 x - - = | 30:dollar 58:dollar 49:dollar -:dollar 46:dollar x:dollar -:dollar -:dollar =:dollar
EXPR: 0 | POS | INT | 17 | 67 | 25 | 30=((58-49)+(46-x)) | 30 58 49 - 46 x - + = | 30:dollar 58:dollar 49:dollar -:dollar 46:dollar x:dollar -:dollar +:dollar =:dollar
EXPR: 0 | POS | INT | 17 | 67 | 7 | 46=(30-((49-58)-x)) | 46 30 49 58 - x - - = | 46:dollar 30:dollar 49:dollar 58:dollar -:dollar x:dollar -:dollar -:dollar =:dollar
EXPR: 0 | POS | INT | 17 | 67 | 25 | 46=((30+(49-58))+x) | 46 30 49 58 - + x + = | 46:dollar 30:dollar 49:dollar 58:dollar -:dollar +:dollar x:dollar +:dollar =:dollar
EXPR: 0 | POS | INT | 17 | 67 | 31 | 30=(58+((49-46)-x)) | 30 58 49 46 - x - + = | 30:dollar 58:dollar 49:dollar 46:dollar -:dollar x:dollar -:dollar +:dollar =:dollar
EXPR: 0 | POS | INT | 17 | 67 | 85 | ((x-46)-(30-49))=58 | x 46 - 30 49 - - 58 = | x:dollar 46:dollar -:dollar 30:dollar 49:dollar -:dollar -:dollar 58:dollar =:dollar
EXPR: 0 | POS | INT | 17 | 67 | 123 | (x-(46-(30-49)))=58 | x 46 30 49 - - - 58 = | x:dollar 46:dollar 30:dollar 49:dollar -:dollar -:dollar -:dollar 58:dollar =:dollar
EXPR: 0 | POS | INT | 17 | 67 | 183 | ((x-46)-(30+49))=58 | x 46 - 30 49 + - 58 = | x:dollar 46:dollar -:dollar 30:dollar 49:dollar +:dollar -:dollar 58:dollar =:dollar
EXPR: 0 | POS | INT | 17 | 67 | 123 | 30=(58+((49+46)-x)) | 30 58 49 46 + x - + = | 30:dollar 58:dollar 49:dollar 46:dollar +:dollar x:dollar -:dollar +:dollar =:dollar
EXPR: 0 | POS | INT | 17 | 67 | 91 | ((x+46)-(30+49))=58 | x 46 + 30 49 + - 58 = | x:dollar 46:dollar +:dollar 30:dollar 49:dollar +:dollar -:dollar 58:dollar =:dollar
EXPR: 0 | POS | INT | 17 | 67 | 85 | (x-(46+(30-49)))=58 | x 46 30 49 - + - 58 = | x:dollar 46:dollar 30:dollar 49:dollar -:dollar +:dollar -:dollar 58:dollar =:dollar
EXPR: 0 | POS | INT | 17 | 67 | 25 | 30=(58-((49-46)+x)) | 30 58 49 46 - x + - = | 30:dollar 58:dollar 49:dollar 46:dollar -:dollar x:dollar +:dollar -:dollar =:dollar
EXPR: 0 | POS | INT | 17 | 67 | 123 | (((x-46)+30)-49)=58 | x 46 - 30 + 49 - 58 = | x:dollar 46:dollar -:dollar 30:dollar +:dollar 49:dollar -:dollar 58:dollar =:dollar
EXPR: 0 | POS | INT | 17 | 67 | 183 | (x-(46+(30+49)))=58 | x 46 30 49 + + - 58 = | x:dollar 46:dollar 30:dollar 49:dollar +:dollar +:dollar -:dollar 58:dollar =:dollar
EXPR: 0 | POS | INT | 17 | 67 | 7 | ((46-30)-(x-49))=58 | 46 30 - x 49 - - 58 = | 46:dollar 30:dollar -:dollar x:dollar 49:dollar -:dollar -:dollar 58:dollar =:dollar
EXPR: 0 | POS | INT | 17 | 67 | 31 | 30=(((58-x)+49)-46) | 30 58 x - 49 + 46 - = | 30:dollar 58:dollar x:dollar -:dollar 49:dollar +:dollar 46:dollar -:dollar =:dollar
EXPR: 1 | POS | INT | 17 | 67 | 67 | 30=(((58+x)-49)-46) | 30 58 x + 49 - 46 - = | 30:dollar 58:dollar x:dollar +:dollar 49:dollar -:dollar 46:dollar -:dollar =:dollar
EXPR: 0 | POS | INT | 17 | 67 | 25 | 30=(((58-x)-49)+46) | 30 58 x - 49 - 46 + = | 30:dollar 58:dollar x:dollar -:dollar 49:dollar -:dollar 46:dollar +:dollar =:dollar
EXPR: 0 | POS | INT | 17 | 67 | 91 | 46=(30-((x-49)-58)) | 46 30 x 49 - 58 - - = | 46:dollar 30:dollar x:dollar 49:dollar -:dollar 58:dollar -:dollar -:dollar =:dollar
EXPR: 0 | POS | INT | 17 | 67 | 91 | (46-((30-x)+49))=58 | 46 30 x - 49 + - 58 = | 46:dollar 30:dollar x:dollar -:dollar 49:dollar +:dollar -:dollar 58:dollar =:dollar
EXPR: 0 | POS | INT | 17 | 67 | 25 | (((x-46)+30)+49)=58 | x 46 - 30 + 49 + 58 = | x:dollar 46:dollar -:dollar 30:dollar +:dollar 49:dollar +:dollar 58:dollar =:dollar
EXPR: 0 | POS | INT | 17 | 67 | 25 | 30=(58-((49+x)-46)) | 30 58 49 x + 46 - - = | 30:dollar 58:dollar 49:dollar x:dollar +:dollar 46:dollar -:dollar -:dollar =:dollar
EXPR: 1 | POS | INT | 17 | 67 | 67 | (46+((30-x)+49))=58 | 46 30 x - 49 + + 58 = | 46:dollar 30:dollar x:dollar -:dollar 49:dollar +:dollar +:dollar 58:dollar =:dollar
EXPR: 0 | POS | INT | 17 | 67 | 7 | (((46-30)-x)+49)=58 | 46 30 - x - 49 + 58 = | 46:dollar 30:dollar -:dollar x:dollar -:dollar 49:dollar +:dollar 58:dollar =:dollar
EXPR: 0 | POS | INT | 17 | 67 | 25 | 46=((30+49)-(58-x)) | 46 30 49 + 58 x - - = | 46:dollar 30:dollar 49:dollar +:dollar 58:dollar x:dollar -:dollar -:dollar =:dollar
EXPR: 0 | POS | INT | 17 | 67 | 31 | 30=(58+(49-(x+46))) | 30 58 49 x 46 + - + = | 30:dollar 58:dollar 49:dollar x:dollar 46:dollar +:dollar -:dollar +:dollar =:dollar
EXPR: 0 | POS | INT | 17 | 67 | 123 | 46=(30+((x-49)-58)) | 46 30 x 49 - 58 - + = | 46:dollar 30:dollar x:dollar 49:dollar -:dollar 58:dollar -:dollar +:dollar =:dollar
EXPR: 1 | POS | INT | 17 | 67 | 67 | 30=(58-(49-(x-46))) | 30 58 49 x 46 - - - = | 30:dollar 58:dollar 49:dollar x:dollar 46:dollar -:dollar -:dollar -:dollar =:dollar
EXPR: 0 | POS | INT | 17 | 67 | 7 | (46-((30+x)-49))=58 | 46 30 x + 49 - - 58 = | 46:dollar 30:dollar x:dollar +:dollar 49:dollar -:dollar -:dollar 58:dollar =:dollar
EXPR: 0 | POS | INT | 17 | 67 | 7 | ((46-(30+x))+49)=58 | 46 30 x + - 49 + 58 = | 46:dollar 30:dollar x:dollar +:dollar -:dollar 49:dollar +:dollar 58:dollar =:dollar
EXPR: 0 | POS | INT | 17 | 67 | 25 | ((30-58)+(x+49))=46 | 30 58 - x 49 + + 46 = | 30:dollar 58:dollar -:dollar x:dollar 49:dollar +:dollar +:dollar 46:dollar =:dollar
EXPR: 0 | POS | INT | 17 | 67 | 91 | 46=((30+49)-(x-58)) | 46 30 49 + x 58 - - = | 46:dollar 30:dollar 49:dollar +:dollar x:dollar 58:dollar -:dollar -:dollar =:dollar
EXPR: 0 | POS | INT | 17 | 67 | 85 | ((x-30)-(58-49))=46 | x 30 - 58 49 - - 46 = | x:dollar 30:dollar -:dollar 58:dollar 49:dollar -:dollar -:dollar 46:dollar =:dollar
EXPR: 0 | POS | INT | 17 | 67 | 123 | ((30-58)+(x-49))=46 | 30 58 - x 49 - + 46 = | 30:dollar 58:dollar -:dollar x:dollar 49:dollar -:dollar +:dollar 46:dollar =:dollar
EXPR: 0 | POS | INT | 17 | 67 | 7 | ((30+58)+(x-49))=46 | 30 58 + x 49 - + 46 = | 30:dollar 58:dollar +:dollar x:dollar 49:dollar -:dollar +:dollar 46:dollar =:dollar
EXPR: 0 | POS | INT | 17 | 67 | 31 | (46+((30+x)-49))=58 | 46 30 x + 49 - + 58 = | 46:dollar 30:dollar x:dollar +:dollar 49:dollar -:dollar +:dollar 58:dollar =:dollar
EXPR: 0 | POS | INT | 17 | 67 | 123 | 46=(((30+x)-49)-58) | 46 30 x + 49 - 58 - = | 46:dollar 30:dollar x:dollar +:dollar 49:dollar -:dollar 58:dollar -:dollar =:dollar
EXPR: 0 | POS | INT | 17 | 67 | 7 | 46=(((30+x)-49)+58) | 46 30 x + 49 - 58 + = | 46:dollar 30:dollar x:dollar +:dollar 49:dollar -:dollar 58:dollar +:dollar =:dollar
EXPR: 0 | POS | INT | 17 | 67 | 123 | ((x-46)+(30-49))=58 | x 46 - 30 49 - + 58 = | x:dollar 46:dollar -:dollar 30:dollar 49:dollar -:dollar +:dollar 58:dollar =:dollar
EXPR: 0 | POS | INT | 17 | 67 | 25 | 46=((30+49)+(x-58)) | 46 30 49 + x 58 - + = | 46:dollar 30:dollar 49:dollar +:dollar x:dollar 58:dollar -:dollar +:dollar =:dollar
EXPR: 0 | POS | INT | 17 | 67 | 25 | 46=(((30+x)+49)-58) | 46 30 x + 49 + 58 - = | 46:dollar 30:dollar x:dollar +:dollar 49:dollar +:dollar 58:dollar -:dollar =:dollar
EXPR: 0 | POS | INT | 17 | 67 | 25 | 46=(30+((x+49)-58)) | 46 30 x 49 + 58 - + = | 46:dollar 30:dollar x:dollar 49:dollar +:dollar 58:dollar -:dollar +:dollar =:dollar
EXPR: 0 | POS | INT | 17 | 67 | 31 | ((x+46)+(30-49))=58 | x 46 + 30 49 - + 58 = | x:dollar 46:dollar +:dollar 30:dollar 49:dollar -:dollar +:dollar 58:dollar =:dollar
EXPR: 0 | POS | INT | 17 | 67 | 91 | 46=((30+(49-x))+58) | 46 30 49 x - + 58 + = | 46:dollar 30:dollar 49:dollar x:dollar -:dollar +:dollar 58:dollar +:dollar =:dollar
EXPR: 1 | POS | INT | 17 | 67 | 67 | ((x-30)+(58-49))=46 | x 30 - 58 49 - + 46 = | x:dollar 30:dollar -:dollar 58:dollar 49:dollar -:dollar +:dollar 46:dollar =:dollar
EXPR: 0 | POS | INT | 17 | 67 | 7 | ((x+30)+(58-49))=46 | x 30 + 58 49 - + 46 = | x:dollar 30:dollar +:dollar 58:dollar 49:dollar -:dollar +:dollar 46:dollar =:dollar
EXPR: 0 | POS | INT | 17 | 67 | 25 | ((x-46)+(30+49))=58 | x 46 - 30 49 + + 58 = | x:dollar 46:dollar -:dollar 30:dollar 49:dollar +:dollar +:dollar 58:dollar =:dollar
EXPR: 1 | POS | INT | 17 | 67 | 67 | (x-(30-(58-49)))=46 | x 30 58 49 - - - 46 = | x:dollar 30:dollar 58:dollar 49:dollar -:dollar -:dollar -:dollar 46:dollar =:dollar
EXPR: 0 | POS | INT | 17 | 67 | 91 | (46-(30-(x-49)))=58 | 46 30 x 49 - - - 58 = | 46:dollar 30:dollar x:dollar 49:dollar -:dollar -:dollar -:dollar 58:dollar =:dollar
EXPR: 0 | POS | INT | 17 | 67 | 183 | 30=(x-(58+(49+46))) | 30 x 58 49 46 + + - = | 30:dollar x:dollar 58:dollar 49:dollar 46:dollar +:dollar +:dollar -:dollar =:dollar
EXPR: 1 | POS | INT | 17 | 67 | 67 | (46+(30-(x-49)))=58 | 46 30 x 49 - - + 58 = | 46:dollar 30:dollar x:dollar 49:dollar -:dollar -:dollar +:dollar 58:dollar =:dollar
EXPR: 0 | POS | INT | 17 | 67 | 91 | 46=(((30-x)+49)+58) | 46 30 x - 49 + 58 + = | 46:dollar 30:dollar x:dollar -:dollar 49:dollar +:dollar 58:dollar +:dollar =:dollar
EXPR: 0 | POS | INT | 17 | 67 | 25 | 30=(58-(49-(46-x))) | 30 58 49 46 x - - - = | 30:dollar 58:dollar 49:dollar 46:dollar x:dollar -:dollar -:dollar -:dollar =:dollar
EXPR: 0 | POS | INT | 17 | 67 | 91 | 46=(30+((49+58)-x)) | 46 30 49 58 + x - + = | 46:dollar 30:dollar 49:dollar 58:dollar +:dollar x:dollar -:dollar +:dollar =:dollar
EXPR: 0 | POS | INT | 17 | 67 | 91 | ((30+58)-(x-49))=46 | 30 58 + x 49 - - 46 = | 30:dollar 58:dollar +:dollar x:dollar 49:dollar -:dollar -:dollar 46:dollar =:dollar
EXPR: 1 | POS | INT | 17 | 67 | 67 | 30=(x+(58-(49+46))) | 30 x 58 49 46 + - + = | 30:dollar x:dollar 58:dollar 49:dollar 46:dollar +:dollar -:dollar +:dollar =:dollar
EXPR: 0 | POS | INT | 17 | 67 | 7 | (46-(30+(x-49)))=58 | 46 30 x 49 - + - 58 = | 46:dollar 30:dollar x:dollar 49:dollar -:dollar +:dollar -:dollar 58:dollar =:dollar
EXPR: 0 | POS | INT | 17 | 67 | 123 | 30=(58+(49+(46-x))) | 30 58 49 46 x - + + = | 30:dollar 58:dollar 49:dollar 46:dollar x:dollar -:dollar +:dollar +:dollar =:dollar
EXPR: 0 | POS | INT | 17 | 67 | 31 | ((46+x)+(30-49))=58 | 46 x + 30 49 - + 58 = | 46:dollar x:dollar +:dollar 30:dollar 49:dollar -:dollar +:dollar 58:dollar =:dollar
EXPR: 0 | POS | INT | 17 | 67 | 7 | (30+(58-(49-x)))=46 | 30 58 49 x - - + 46 = | 30:dollar 58:dollar 49:dollar x:dollar -:dollar -:dollar +:dollar 46:dollar =:dollar
EXPR: 0 | POS | INT | 17 | 67 | 85 | 30=(x-(58-(49-46))) | 30 x 58 49 46 - - - = | 30:dollar x:dollar 58:dollar 49:dollar 46:dollar -:dollar -:dollar -:dollar =:dollar
EXPR: 0 | POS | INT | 17 | 67 | 25 | 30=((58-(x+49))+46) | 30 58 x 49 + - 46 + = | 30:dollar 58:dollar x:dollar 49:dollar +:dollar -:dollar 46:dollar +:dollar =:dollar
EXPR: 1 | POS | INT | 17 | 67 | 67 | 30=(58-(49+(46-x))) | 30 58 49 46 x - + - = | 30:dollar 58:dollar 49:dollar 46:dollar x:dollar -:dollar +:dollar -:dollar =:dollar
EXPR: 0 | POS | INT | 17 | 67 | 123 | 46=(30-((49+58)-x)) | 46 30 49 58 + x - - = | 46:dollar 30:dollar 49:dollar 58:dollar +:dollar x:dollar -:dollar -:dollar =:dollar
EXPR: 0 | POS | INT | 17 | 67 | 31 | (46+(30+(x-49)))=58 | 46 30 x 49 - + + 58 = | 46:dollar 30:dollar x:dollar 49:dollar -:dollar +:dollar +:dollar 58:dollar =:dollar
EXPR: 0 | POS | INT | 17 | 67 | 91 | ((46+x)-(30+49))=58 | 46 x + 30 49 + - 58 = | 46:dollar x:dollar +:dollar 30:dollar 49:dollar +:dollar -:dollar 58:dollar =:dollar
EXPR: 1 | POS | INT | 17 | 67 | 67 | 30=(58-((49+46)-x)) | 30 58 49 46 + x - - = | 30:dollar 58:dollar 49:dollar 46:dollar +:dollar x:dollar -:dollar -:dollar =:dollar
EXPR: 1 | POS | INT | 17 | 67 | 67 | 30=((58+(x-49))-46) | 30 58 x 49 - + 46 - = | 30:dollar 58:dollar x:dollar 49:dollar -:dollar +:dollar 46:dollar -:dollar =:dollar
EXPR: 0 | POS | INT | 17 | 67 | 25 | (x+(30-(58-49)))=46 | x 30 58 49 - - + 46 = | x:dollar 30:dollar 58:dollar 49:dollar -:dollar -:dollar +:dollar 46:dollar =:dollar
EXPR: 0 | POS | INT | 17 | 67 | 25 | 46=((x+30)+(49-58)) | 46 x 30 + 49 58 - + = | 46:dollar x:dollar 30:dollar +:dollar 49:dollar 58:dollar -:dollar +:dollar =:dollar
EXPR: 0 | POS | INT | 17 | 67 | 91 | ((46-(30+49))+x)=58 | 46 30 49 + - x + 58 = | 46:dollar 30:dollar 49:dollar +:dollar -:dollar x:dollar +:dollar 58:dollar =:dollar
EXPR: 0 | POS | INT | 17 | 67 | 7 | ((46-x)-(30-49))=58 | 46 x - 30 49 - - 58 = | 46:dollar x:dollar -:dollar 30:dollar 49:dollar -:dollar -:dollar 58:dollar =:dollar
EXPR: 1 | POS | INT | 20 | 67 | 67 | x=(49+(30-(58-46))) | x 49 30 58 46 - - + = | x:dollar 49:dollar 30:dollar 58:dollar 46:dollar -:dollar -:dollar +:dollar =:dollar
EXPR: 0 | POS | INT | 20 | 67 | 31 | x=((49-30)+(58-46)) | x 49 30 - 58 46 - + = | x:dollar 49:dollar 30:dollar -:dollar 58:dollar 46:dollar -:dollar +:dollar =:dollar
EXPR: 0 | POS | INT | 20 | 67 | 7 | x=((49-30)-(58-46)) | x 49 30 - 58 46 - - = | x:dollar 49:dollar 30:dollar -:dollar 58:dollar 46:dollar -:dollar -:dollar =:dollar
EXPR: 0 | POS | INT | 20 | 67 | 31 | x=(((49-30)+58)-46) | x 49 30 - 58 + 46 - = | x:dollar 49:dollar 30:dollar -:dollar 58:dollar +:dollar 46:dollar -:dollar =:dollar
EXPR: 0 | POS | INT | 20 | 67 | 123 | x=((49-(30-58))+46) | x 49 30 58 - - 46 + = | x:dollar 49:dollar 30:dollar 58:dollar -:dollar -:dollar 46:dollar +:dollar =:dollar
EXPR: 0 | POS | INT | 20 | 67 | 123 | x=((58-(30-49))+46) | x 58 30 49 - - 46 + = | x:dollar 58:dollar 30:dollar 49:dollar -:dollar -:dollar 46:dollar +:dollar =:dollar
EXPR: 0 | POS | INT | 20 | 67 | 31 | x=((58-(30-49))-46) | x 58 30 49 - - 46 - = | x:dollar 58:dollar 30:dollar 49:dollar -:dollar -:dollar 46:dollar -:dollar =:dollar
EXPR: 0 | POS | INT | 20 | 67 | 91 | x=((49+(30+58))-46) | x 49 30 58 + + 46 - = | x:dollar 49:dollar 30:dollar 58:dollar +:dollar +:dollar 46:dollar -:dollar =:dollar
EXPR: 0 | POS | INT | 20 | 67 | 31 | x=((49-(30-58))-46) | x 49 30 58 - - 46 - = | x:dollar 49:dollar 30:dollar 58:dollar -:dollar -:dollar 46:dollar -:dollar =:dollar
EXPR: 0 | POS | INT | 21 | 67 | 31 | x=((49-30)+(58-46)) | x 49 30 - 58 46 - + = | x:dollar 49:dollar 30:dollar -:dollar 58:dollar 46:dollar -:dollar +:dollar =:dollar
EXPR: 0 | POS | INT | 21 | 67 | 7 | x=((49-30)-(58-46)) | x 49 30 - 58 46 - - = | x:dollar 49:dollar 30:dollar -:dollar 58:dollar 46:dollar -:dollar -:dollar =:dollar
EXPR: 0 | POS | INT | 21 | 67 | 31 | x=(((49-30)+58)-46) | x 49 30 - 58 + 46 - = | x:dollar 49:dollar 30:dollar -:dollar 58:dollar +:dollar 46:dollar -:dollar =:dollar
EXPR: 0 | POS | INT | 21 | 67 | 123 | x=((58-(30-49))+46) | x 58 30 49 - - 46 + = | x:dollar 58:dollar 30:dollar 49:dollar -:dollar -:dollar 46:dollar +:dollar =:dollar
EXPR: 1 | POS | INT | 21 | 67 | 67 | x=(49+(30-(58-46))) | x 49 30 58 46 - - + = | x:dollar 49:dollar 30:dollar 58:dollar 46:dollar -:dollar -:dollar +:dollar =:dollar
EXPR: 0 | POS | INT | 21 | 67 | 91 | x=((49+(30+58))-46) | x 49 30 58 + + 46 - = | x:dollar 49:dollar 30:dollar 58:dollar +:dollar +:dollar 46:dollar -:dollar =:dollar
EXPR: 0 | POS | INT | 21 | 67 | 31 | x=((58-(30-49))-46) | x 58 30 49 - - 46 - = | x:dollar 58:dollar 30:dollar 49:dollar -:dollar -:dollar 46:dollar -:dollar =:dollar
EXPR: 0 | POS | INT | 21 | 67 | 31 | x=((49-(30-58))-46) | x 49 30 58 - - 46 - = | x:dollar 49:dollar 30:dollar 58:dollar -:dollar -:dollar 46:dollar -:dollar =:dollar
EXPR: 0 | POS | INT | 22 | 67 | 31 | ((58-x)-(30-49))=46 | 58 x - 30 49 - - 46 = | 58:dollar x:dollar -:dollar 30:dollar 49:dollar -:dollar -:dollar 46:dollar =:dollar
EXPR: 0 | POS | INT | 22 | 67 | 123 | 49=(((x+30)-58)-46) | 49 x 30 + 58 - 46 - = | 49:dollar x:dollar 30:dollar +:dollar 58:dollar -:dollar 46:dollar -:dollar =:dollar
EXPR: 0 | POS | INT | 22 | 67 | 91 | (30+49)=(x-(58-46)) | 30 49 + x 58 46 - - = | 30:dollar 49:dollar +:dollar x:dollar 58:dollar 46:dollar -:dollar -:dollar =:dollar
EXPR: 0 | POS | INT | 22 | 67 | 31 | ((49-30)-x)=(46-58) | 49 30 - x - 46 58 - = | 49:dollar 30:dollar -:dollar x:dollar -:dollar 46:dollar 58:dollar -:dollar =:dollar
EXPR: 0 | POS | INT | 22 | 67 | 123 | 49=(((30+x)-58)-46) | 49 30 x + 58 - 46 - = | 49:dollar 30:dollar x:dollar +:dollar 58:dollar -:dollar 46:dollar -:dollar =:dollar
EXPR: 0 | POS | INT | 22 | 67 | 31 | 49=(((x+30)-58)+46) | 49 x 30 + 58 - 46 + = | 49:dollar x:dollar 30:dollar +:dollar 58:dollar -:dollar 46:dollar +:dollar =:dollar
EXPR: 0 | POS | INT | 22 | 67 | 31 | 49=((30-(58-x))+46) | 49 30 58 x - - 46 + = | 49:dollar 30:dollar 58:dollar x:dollar -:dollar -:dollar 46:dollar +:dollar =:dollar
EXPR: 0 | POS | INT | 22 | 67 | 85 | 49=((30+(58-x))+46) | 49 30 58 x - + 46 + = | 49:dollar 30:dollar 58:dollar x:dollar -:dollar +:dollar 46:dollar +:dollar =:dollar
EXPR: 1 | POS | INT | 22 | 67 | 67 | 58=(((30+49)+46)-x) | 58 30 49 + 46 + x - = | 58:dollar 30:dollar 49:dollar +:dollar 46:dollar +:dollar x:dollar -:dollar =:dollar
EXPR: 0 | POS | INT | 22 | 67 | 25 | 58=(((30+49)-46)+x) | 58 30 49 + 46 - x + = | 58:dollar 30:dollar 49:dollar +:dollar 46:dollar -:dollar x:dollar +:dollar =:dollar
EXPR: 0 | POS | INT | 22 | 67 | 91 | ((x-30)-49)=(58-46) | x 30 - 49 - 58 46 - = | x:dollar 30:dollar -:dollar 49:dollar -:dollar 58:dollar 46:dollar -:dollar =:dollar
EXPR: 0 | POS | INT | 22 | 67 | 7 | 49=(((30+x)+58)-46) | 49 30 x + 58 + 46 - = | 49:dollar 30:dollar x:dollar +:dollar 58:dollar +:dollar 46:dollar -:dollar =:dollar
EXPR: 0 | POS | INT | 22 | 67 | 123 | (30-46)=((49-x)+58) | 30 46 - 49 x - 58 + = | 30:dollar 46:dollar -:dollar 49:dollar x:dollar -:dollar 58:dollar +:dollar =:dollar
EXPR: 0 | POS | INT | 22 | 67 | 25 | 58=(30+(49-(46-x))) | 58 30 49 46 x - - + = | 58:dollar 30:dollar 49:dollar 46:dollar x:dollar -:dollar -:dollar +:dollar =:dollar
EXPR: 1 | POS | INT | 22 | 67 | 67 | 58=(30+((49-x)+46)) | 58 30 49 x - 46 + + = | 58:dollar 30:dollar 49:dollar x:dollar -:dollar 46:dollar +:dollar +:dollar =:dollar
EXPR: 0 | POS | INT | 22 | 67 | 123 | 58=(30-((49-x)+46)) | 58 30 49 x - 46 + - = | 58:dollar 30:dollar 49:dollar x:dollar -:dollar 46:dollar +:dollar -:dollar =:dollar
EXPR: 0 | POS | INT | 22 | 67 | 31 | 58=(30-((49-x)-46)) | 58 30 49 x - 46 - - = | 58:dollar 30:dollar 49:dollar x:dollar -:dollar 46:dollar -:dollar -:dollar =:dollar
EXPR: 0 | POS | INT | 22 | 67 | 7 | (30-46)=((49-x)-58) | 30 46 - 49 x - 58 - = | 30:dollar 46:dollar -:dollar 49:dollar x:dollar -:dollar 58:dollar -:dollar =:dollar
EXPR: 0 | POS | INT | 22 | 67 | 91 | (30-(46-49))=(x-58) | 30 46 49 - - x 58 - = | 30:dollar 46:dollar 49:dollar -:dollar -:dollar x:dollar 58:dollar -:dollar =:dollar
EXPR: 1 | POS | INT | 22 | 67 | 67 | 58=(30+(49+(46-x))) | 58 30 49 46 x - + + = | 58:dollar 30:dollar 49:dollar 46:dollar x:dollar -:dollar +:dollar +:dollar =:dollar
EXPR: 0 | POS | INT | 22 | 67 | 85 | 49=(((30+58)+46)-x) | 49 30 58 + 46 + x - = | 49:dollar 30:dollar 58:dollar +:dollar 46:dollar +:dollar x:dollar -:dollar =:dollar
EXPR: 0 | POS | INT | 22 | 67 | 85 | (49-(30+46))=(58-x) | 49 30 46 + - 58 x - = | 49:dollar 30:dollar 46:dollar +:dollar -:dollar 58:dollar x:dollar -:dollar =:dollar
EXPR: 0 | POS | INT | 22 | 67 | 123 | 58=((30-(49+46))+x) | 58 30 49 46 + - x + = | 58:dollar 30:dollar 49:dollar 46:dollar +:dollar -:dollar x:dollar +:dollar =:dollar
EXPR: 0 | POS | INT | 22 | 67 | 123 | 58=(30-(49+(46-x))) | 58 30 49 46 x - + - = | 58:dollar 30:dollar 49:dollar 46:dollar x:dollar -:dollar +:dollar -:dollar =:dollar
EXPR: 0 | POS | INT | 22 | 67 | 31 | 58=(((30-49)+46)+x) | 58 30 49 - 46 + x + = | 58:dollar 30:dollar 49:dollar -:dollar 46:dollar +:dollar x:dollar +:dollar =:dollar
EXPR: 0 | POS | INT | 22 | 67 | 25 | 58=(30+((49+x)-46)) | 58 30 49 x + 46 - + = | 58:dollar 30:dollar 49:dollar x:dollar +:dollar 46:dollar -:dollar +:dollar =:dollar
EXPR: 0 | POS | INT | 22 | 67 | 31 | 58=(30-(49-(46+x))) | 58 30 49 46 x + - - = | 58:dollar 30:dollar 49:dollar 46:dollar x:dollar +:dollar -:dollar -:dollar =:dollar
EXPR: 0 | POS | INT | 22 | 67 | 31 | (30+46)=((49-x)+58) | 30 46 + 49 x - 58 + = | 30:dollar 46:dollar +:dollar 49:dollar x:dollar -:dollar 58:dollar +:dollar =:dollar
EXPR: 0 | POS | INT | 22 | 67 | 31 | 58=((30-(49-46))+x) | 58 30 49 46 - - x + = | 58:dollar 30:dollar 49:dollar 46:dollar -:dollar -:dollar x:dollar +:dollar =:dollar
EXPR: 0 | POS | INT | 22 | 67 | 123 | 58=((30-(49-x))-46) | 58 30 49 x - - 46 - = | 58:dollar 30:dollar 49:dollar x:dollar -:dollar -:dollar 46:dollar -:dollar =:dollar
EXPR: 0 | POS | INT | 22 | 67 | 31 | ((x+30)-49)=(58-46) | x 30 + 49 - 58 46 - = | x:dollar 30:dollar +:dollar 49:dollar -:dollar 58:dollar 46:dollar -:dollar =:dollar
EXPR: 0 | POS | INT | 22 | 67 | 85 | (30+(46-49))=(x-58) | 30 46 49 - + x 58 - = | 30:dollar 46:dollar 49:dollar -:dollar +:dollar x:dollar 58:dollar -:dollar =:dollar
EXPR: 0 | POS | INT | 22 | 67 | 31 | ((49-(30+x))+58)=46 | 49 30 x + - 58 + 46 = | 49:dollar 30:dollar x:dollar +:dollar -:dollar 58:dollar +:dollar 46:dollar =:dollar
EXPR: 0 | POS | INT | 22 | 67 | 85 | (49-(30-x))=(46+58) | 49 30 x - - 46 58 + = | 49:dollar 30:dollar x:dollar -:dollar -:dollar 46:dollar 58:dollar +:dollar =:dollar
EXPR: 0 | POS | INT | 22 | 67 | 31 | 49=(((30-58)+46)+x) | 49 30 58 - 46 + x + = | 49:dollar 30:dollar 58:dollar -:dollar 46:dollar +:dollar x:dollar +:dollar =:dollar
EXPR: 1 | POS | INT | 22 | 67 | 67 | 58=((30+(49+46))-x) | 58 30 49 46 + + x - = | 58:dollar 30:dollar 49:dollar 46:dollar +:dollar +:dollar x:dollar -:dollar =:dollar
EXPR: 0 | POS | INT | 22 | 67 | 91 | 58=((x-30)-(49-46)) | 58 x 30 - 49 46 - - = | 58:dollar x:dollar 30:dollar -:dollar 49:dollar 46:dollar -:dollar -:dollar =:dollar
EXPR: 0 | POS | INT | 22 | 67 | 85 | 49=(((30-x)+58)+46) | 49 30 x - 58 + 46 + = | 49:dollar 30:dollar x:dollar -:dollar 58:dollar +:dollar 46:dollar +:dollar =:dollar
EXPR: 0 | POS | INT | 22 | 67 | 183 | 58=((x-30)-(49+46)) | 58 x 30 - 49 46 + - = | 58:dollar x:dollar 30:dollar -:dollar 49:dollar 46:dollar +:dollar -:dollar =:dollar
EXPR: 0 | POS | INT | 22 | 67 | 25 | ((x+49)+(30-58))=46 | x 49 + 30 58 - + 46 = | x:dollar 49:dollar +:dollar 30:dollar 58:dollar -:dollar +:dollar 46:dollar =:dollar
EXPR: 0 | POS | INT | 22 | 67 | 123 | (x-(58-(30-49)))=46 | x 58 30 49 - - - 46 = | x:dollar 58:dollar 30:dollar 49:dollar -:dollar -:dollar -:dollar 46:dollar =:dollar
EXPR: 0 | POS | INT | 22 | 67 | 91 | (49+(30-x))=(46-58) | 49 30 x - + 46 58 - = | 49:dollar 30:dollar x:dollar -:dollar +:dollar 46:dollar 58:dollar -:dollar =:dollar
EXPR: 0 | POS | INT | 22 | 67 | 31 | 58=((x+30)-(49-46)) | 58 x 30 + 49 46 - - = | 58:dollar x:dollar 30:dollar +:dollar 49:dollar 46:dollar -:dollar -:dollar =:dollar
EXPR: 0 | POS | INT | 22 | 67 | 7 | 49=((30+x)+(58-46)) | 49 30 x + 58 46 - + = | 49:dollar 30:dollar x:dollar +:dollar 58:dollar 46:dollar -:dollar +:dollar =:dollar
EXPR: 0 | POS | INT | 22 | 67 | 25 | 58=(30+(49+(x-46))) | 58 30 49 x 46 - + + = | 58:dollar 30:dollar 49:dollar x:dollar 46:dollar -:dollar +:dollar +:dollar =:dollar
EXPR: 0 | POS | INT | 22 | 67 | 31 | 58=((30-(49-x))+46) | 58 30 49 x - - 46 + = | 58:dollar 30:dollar 49:dollar x:dollar -:dollar -:dollar 46:dollar +:dollar =:dollar
EXPR: 0 | POS | INT | 22 | 67 | 123 | 58=((x+30)-(49+46)) | 58 x 30 + 49 46 + - = | 58:dollar x:dollar 30:dollar +:dollar 49:dollar 46:dollar +:dollar -:dollar =:dollar
EXPR: 0 | POS | INT | 22 | 67 | 25 | (x-(58-(30+49)))=46 | x 58 30 49 + - - 46 = | x:dollar 58:dollar 30:dollar 49:dollar +:dollar -:dollar -:dollar 46:dollar =:dollar
EXPR: 1 | POS | INT | 22 | 67 | 67 | 58=(30+(49-(x-46))) | 58 30 49 x 46 - - + = | 58:dollar 30:dollar 49:dollar x:dollar 46:dollar -:dollar -:dollar +:dollar =:dollar
EXPR: 0 | POS | INT | 22 | 67 | 31 | (49-30)=(46+(x-58)) | 49 30 - 46 x 58 - + = | 49:dollar 30:dollar -:dollar 46:dollar x:dollar 58:dollar -:dollar +:dollar =:dollar
EXPR: 0 | POS | INT | 22 | 67 | 85 | ((x+49)-(30+58))=46 | x 49 + 30 58 + - 46 = | x:dollar 49:dollar +:dollar 30:dollar 58:dollar +:dollar -:dollar 46:dollar =:dollar
EXPR: 0 | POS | INT | 22 | 67 | 85 | (49-30)=(46-(x-58)) | 49 30 - 46 x 58 - - = | 49:dollar 30:dollar -:dollar 46:dollar x:dollar 58:dollar -:dollar -:dollar =:dollar
EXPR: 0 | POS | INT | 22 | 67 | 31 | 58=(30-((49-46)-x)) | 58 30 49 46 - x - - = | 58:dollar 30:dollar 49:dollar 46:dollar -:dollar x:dollar -:dollar -:dollar =:dollar
EXPR: 0 | POS | INT | 22 | 67 | 91 | (x-(30+49))=(58-46) | x 30 49 + - 58 46 - = | x:dollar 30:dollar 49:dollar +:dollar -:dollar 58:dollar 46:dollar -:dollar =:dollar
EXPR: 0 | POS | INT | 22 | 67 | 25 | 58=((30+(49-46))+x) | 58 30 49 46 - + x + = | 58:dollar 30:dollar 49:dollar 46:dollar -:dollar +:dollar x:dollar +:dollar =:dollar
EXPR: 0 | POS | INT | 22 | 67 | 123 | (30-46)=(49-(x-58)) | 30 46 - 49 x 58 - - = | 30:dollar 46:dollar -:dollar 49:dollar x:dollar 58:dollar -:dollar -:dollar =:dollar
EXPR: 1 | POS | INT | 22 | 67 | 67 | (x-49)=(30+(46-58)) | x 49 - 30 46 58 - + = | x:dollar 49:dollar -:dollar 30:dollar 46:dollar 58:dollar -:dollar +:dollar =:dollar
EXPR: 0 | POS | INT | 22 | 67 | 85 | 58=((x-30)+(49-46)) | 58 x 30 - 49 46 - + = | 58:dollar x:dollar 30:dollar -:dollar 49:dollar 46:dollar -:dollar +:dollar =:dollar
EXPR: 0 | POS | INT | 22 | 67 | 7 | (30-46)=(49-(x+58)) | 30 46 - 49 x 58 + - = | 30:dollar 46:dollar -:dollar 49:dollar x:dollar 58:dollar +:dollar -:dollar =:dollar
EXPR: 1 | POS | INT | 22 | 67 | 67 | 58=(30+((49+46)-x)) | 58 30 49 46 + x - + = | 58:dollar 30:dollar 49:dollar 46:dollar +:dollar x:dollar -:dollar +:dollar =:dollar
EXPR: 0 | POS | INT | 22 | 67 | 123 | 58=(30-((49+46)-x)) | 58 30 49 46 + x - - = | 58:dollar 30:dollar 49:dollar 46:dollar +:dollar x:dollar -:dollar -:dollar =:dollar
EXPR: 0 | POS | INT | 22 | 67 | 85 | ((x-58)-(30-49))=46 | x 58 - 30 49 - - 46 = | x:dollar 58:dollar -:dollar 30:dollar 49:dollar -:dollar -:dollar 46:dollar =:dollar
EXPR: 0 | POS | INT | 22 | 67 | 123 | 49=(((30-58)-46)+x) | 49 30 58 - 46 - x + = | 49:dollar 30:dollar 58:dollar -:dollar 46:dollar -:dollar x:dollar +:dollar =:dollar
EXPR: 0 | POS | INT | 22 | 67 | 31 | 49=(30-((58-x)-46)) | 49 30 58 x - 46 - - = | 49:dollar 30:dollar 58:dollar x:dollar -:dollar 46:dollar -:dollar -:dollar =:dollar
EXPR: 0 | POS | INT | 22 | 67 | 123 | 58=((30-49)+(x-46)) | 58 30 49 - x 46 - + = | 58:dollar 30:dollar 49:dollar -:dollar x:dollar 46:dollar -:dollar +:dollar =:dollar
EXPR: 0 | POS | INT | 22 | 67 | 91 | (x-49)=(30-(46-58)) | x 49 - 30 46 58 - - = | x:dollar 49:dollar -:dollar 30:dollar 46:dollar 58:dollar -:dollar -:dollar =:dollar
EXPR: 0 | POS | INT | 22 | 67 | 123 | 58=(30+((x-49)-46)) | 58 30 x 49 - 46 - + = | 58:dollar 30:dollar x:dollar 49:dollar -:dollar 46:dollar -:dollar +:dollar =:dollar
EXPR: 1 | POS | INT | 22 | 67 | 67 | ((58-30)+(x-49))=46 | 58 30 - x 49 - + 46 = | 58:dollar 30:dollar -:dollar x:dollar 49:dollar -:dollar +:dollar 46:dollar =:dollar
EXPR: 0 | POS | INT | 22 | 67 | 123 | (x-(49-(30-58)))=46 | x 49 30 58 - - - 46 = | x:dollar 49:dollar 30:dollar 58:dollar -:dollar -:dollar -:dollar 46:dollar =:dollar
EXPR: 0 | POS | INT | 22 | 67 | 31 | ((58-(30+x))+49)=46 | 58 30 x + - 49 + 46 = | 58:dollar 30:dollar x:dollar +:dollar -:dollar 49:dollar +:dollar 46:dollar =:dollar
EXPR: 0 | POS | INT | 22 | 67 | 85 | (30-49)=((x-58)-46) | 30 49 - x 58 - 46 - = | 30:dollar 49:dollar -:dollar x:dollar 58:dollar -:dollar 46:dollar -:dollar =:dollar
EXPR: 1 | POS | INT | 22 | 67 | 67 | ((x+58)-(30+49))=46 | x 58 + 30 49 + - 46 = | x:dollar 58:dollar +:dollar 30:dollar 49:dollar +:dollar -:dollar 46:dollar =:dollar
EXPR: 0 | POS | INT | 22 | 67 | 31 | 58=(30+((x-49)+46)) | 58 30 x 49 - 46 + + = | 58:dollar 30:dollar x:dollar 49:dollar -:dollar 46:dollar +:dollar +:dollar =:dollar
EXPR: 0 | POS | INT | 22 | 67 | 123 | 49=((30-58)-(46-x)) | 49 30 58 - 46 x - - = | 49:dollar 30:dollar 58:dollar -:dollar 46:dollar x:dollar -:dollar -:dollar =:dollar
EXPR: 0 | POS | INT | 22 | 67 | 123 | (((x-49)+30)-58)=46 | x 49 - 30 + 58 - 46 = | x:dollar 49:dollar -:dollar 30:dollar +:dollar 58:dollar -:dollar 46:dollar =:dollar
EXPR: 0 | POS | INT | 22 | 67 | 85 | (x+(49-(30+58)))=46 | x 49 30 58 + - + 46 = | x:dollar 49:dollar 30:dollar 58:dollar +:dollar -:dollar +:dollar 46:dollar =:dollar
NET 574 non-negative, integer-valued solutions found out of 1000 total solutions
