parameters: n=9 l=4 k=1 p=5 q=2 m=10
TOTAL 815 solutions found
SOLN: CORRECT | POS/NEG | INT/FRA | OBJ-SCORE | TRUE-ANS | ANS | INFIX | POSTFIX | TYPED-POSTFIX
EXPR: 0 | POS | INT | 0 | 224 | 128 | x=(((10+1)-3)*16) | x 10 1 + 3 - 16 * = | x:dollar 10:book 1:book +:book 3:book -:book 16:dollar *:dollar =:dollar
EXPR: 0 | POS | INT | 0 | 224 | 96 | x=((10-(1+3))*16) | x 10 1 3 + - 16 * = | x:dollar 10:book 1:book 3:book +:book -:book 16:dollar *:dollar =:dollar
EXPR: 0 | POS | INT | 0 | 224 | 192 | x=((10-(1-3))*16) | x 10 1 3 - - 16 * = | x:dollar 10:book 1:book 3:book -:book -:book 16:dollar *:dollar =:dollar
EXPR: 1 | POS | INT | 0 | 224 | 224 | x=(((10+1)+3)*16) | x 10 1 + 3 + 16 * = | x:dollar 10:book 1:book +:book 3:book +:book 16:dollar *:dollar =:dollar
EXPR: 0 | POS | INT | 0 | 224 | 96 | x=(((10-1)-3)*16) | x 10 1 - 3 - 16 * = | x:dollar 10:book 1:book -:book 3:book -:book 16:dollar *:dollar =:dollar
EXPR: 0 | POS | INT | 0 | 224 | 128 | x=((10+(1-3))*16) | x 10 1 3 - + 16 * = | x:dollar 10:book 1:book 3:book -:book +:book 16:dollar *:dollar =:dollar
EXPR: 1 | POS | INT | 0 | 224 | 224 | x=((10+(1+3))*16) | x 10 1 3 + + 16 * = | x:dollar 10:book 1:book 3:book +:book +:book 16:dollar *:dollar =:dollar
EXPR: 0 | POS | INT | 1 | 224 | 96 | x=((10-(1+3))*16) | x 10 1 3 + - 16 * = | x:dollar 10:book 1:book 3:book +:book -:book 16:dollar *:dollar =:dollar
EXPR: 0 | POS | INT | 1 | 224 | 192 | x=((10-(1-3))*16) | x 10 1 3 - - 16 * = | x:dollar 10:book 1:book 3:book -:book -:book 16:dollar *:dollar =:dollar
EXPR: 1 | POS | INT | 1 | 224 | 224 | x=(((10+1)+3)*16) | x 10 1 + 3 + 16 * = | x:dollar 10:book 1:book +:book 3:book +:book 16:dollar *:dollar =:dollar
EXPR: 0 | POS | INT | 1 | 224 | 128 | x=((10+(1-3))*16) | x 10 1 3 - + 16 * = | x:dollar 10:book 1:book 3:book -:book +:book 16:dollar *:dollar =:dollar
EXPR: 1 | POS | INT | 1 | 224 | 224 | x=((10+(1+3))*16) | x 10 1 3 + + 16 * = | x:dollar 10:book 1:book 3:book +:book +:book 16:dollar *:dollar =:dollar
EXPR: 0 | POS | INT | 1 | 224 | 96 | x=(((10-1)-3)*16) | x 10 1 - 3 - 16 * = | x:dollar 10:book 1:book -:book 3:book -:book 16:dollar *:dollar =:dollar
EXPR: 0 | POS | INT | 1 | 224 | 128 | x=(((10+1)-3)*16) | x 10 1 + 3 - 16 * = | x:dollar 10:book 1:book +:book 3:book -:book 16:dollar *:dollar =:dollar
EXPR: 0 | POS | INT | 10 | 224 | 112 | x=((10-(1*3))*16) | x 10 1 3 * - 16 * = | x:dollar 10:book 1:dollar 3:book *:book -:book 16:dollar *:dollar =:dollar
EXPR: 0 | POS | INT | 10 | 224 | 192 | x=((10+(3-1))*16) | x 10 3 1 - + 16 * = | x:dollar 10:book 3:book 1:book -:book +:book 16:dollar *:dollar =:dollar
EXPR: 0 | POS | INT | 10 | 224 | 209 | x=((10+1)*(3+16)) | x 10 1 + 3 16 + * = | x:dollar 10:book 1:book +:book 3:dollar 16:dollar +:dollar *:dollar =:dollar
EXPR: 1 | POS | INT | 10 | 224 | 224 | x=((1+(10+3))*16) | x 1 10 3 + + 16 * = | x:dollar 1:book 10:book 3:book +:book +:book 16:dollar *:dollar =:dollar
EXPR: 0 | POS | INT | 11 | 224 | 192 | x=((10+(3-1))*16) | x 10 3 1 - + 16 * = | x:dollar 10:book 3:book 1:book -:book +:book 16:dollar *:dollar =:dollar
EXPR: 0 | POS | INT | 12 | 224 | 8 | 10=((1-(3/x))*16) | 10 1 3 x / - 16 * = | 10:dollar 1:book 3:book x:dollar /:book -:book 16:dollar *:dollar =:dollar
EXPR: 0 | POS | INT | 12 | 224 | 192 | 10=((1-3)+(x/16)) | 10 1 3 - x 16 / + = | 10:book 1:book 3:book -:book x:book 16:dollar /:book +:book =:book
EXPR: 0 | POS | INT | 12 | 224 | 78 | 10=((1*(x/3))-16) | 10 1 x 3 / * 16 - = | 10:book 1:book x:dollar 3:book /:dollar *:book 16:book -:book =:book
EXPR: 0 | POS | INT | 17 | 224 | 8 | 10=(16*(1-(3/x))) | 10 16 1 3 x / - * = | 10:book 16:dollar 1:book 3:book x:dollar /:book -:book *:book =:book
EXPR: 0 | POS | INT | 20 | 224 | 464 | x=(((10*3)-1)*16) | x 10 3 * 1 - 16 * = | x:dollar 10:dollar 3:book *:book 1:book -:book 16:dollar *:dollar =:dollar
EXPR: 0 | POS | INT | 20 | 224 | 59 | x=((10+1)+(3*16)) | x 10 1 + 3 16 * + = | x:dollar 10:dollar 1:dollar +:dollar 3:book 16:dollar *:dollar +:dollar =:dollar
EXPR: 0 | POS | INT | 20 | 224 | 57 | x=((10-1)+(3*16)) | x 10 1 - 3 16 * + = | x:dollar 10:dollar 1:dollar -:dollar 3:book 16:dollar *:dollar +:dollar =:dollar
EXPR: 0 | POS | INT | 20 | 224 | 190 | x=((10*1)*(3+16)) | x 10 1 * 3 16 + * = | x:dollar 10:dollar 1:book *:book 3:dollar 16:dollar +:dollar *:dollar =:dollar
EXPR: 0 | POS | INT | 20 | 224 | 78 | x=((10+(1*16))*3) | x 10 1 16 * + 3 * = | x:dollar 10:book 1:book 16:dollar *:book +:book 3:dollar *:dollar =:dollar
EXPR: 0 | POS | INT | 21 | 224 | 464 | x=(((10*3)-1)*16) | x 10 3 * 1 - 16 * = | x:dollar 10:dollar 3:book *:book 1:book -:book 16:dollar *:dollar =:dollar
EXPR: 0 | POS | INT | 21 | 224 | 57 | x=((10-1)+(3*16)) | x 10 1 - 3 16 * + = | x:dollar 10:dollar 1:dollar -:dollar 3:book 16:dollar *:dollar +:dollar =:dollar
EXPR: 0 | POS | INT | 21 | 224 | 59 | x=((10+1)+(3*16)) | x 10 1 + 3 16 * + = | x:dollar 10:dollar 1:dollar +:dollar 3:book 16:dollar *:dollar +:dollar =:dollar
EXPR: 0 | POS | INT | 21 | 224 | 78 | x=((10+(1*16))*3) | x 10 1 16 * + 3 * = | x:dollar 10:book 1:book 16:dollar *:book +:book 3:dollar *:dollar =:dollar
EXPR: 0 | POS | INT | 22 | 224 | 57 | 10=(1-((3*16)-x)) | 10 1 3 16 * x - - = | 10:dollar 1:dollar 3:book 16:dollar *:dollar x:dollar -:dollar -:dollar =:dollar
EXPR: 0 | POS | INT | 22 | 224 | 8 | (x*(1-(10/16)))=3 | x 1 10 16 / - * 3 = | x:dollar 1:book 10:book 16:dollar /:book -:book *:book 3:book =:book
EXPR: 0 | POS | INT | 22 | 224 | 190 | ((x/10)*1)=(3+16) | x 10 / 1 * 3 16 + = | x:dollar 10:book /:dollar 1:book *:dollar 3:dollar 16:dollar +:dollar =:dollar
EXPR: 0 | POS | INT | 22 | 224 | 208 | 10=((1*(x/16))-3) | 10 1 x 16 / * 3 - = | 10:book 1:book x:dollar 16:book /:dollar *:book 3:book -:book =:book
EXPR: 0 | POS | INT | 22 | 224 | 112 | 10=((1*(x/16))+3) | 10 1 x 16 / * 3 + = | 10:book 1:book x:dollar 16:book /:dollar *:book 3:book +:book =:book
EXPR: 0 | POS | INT | 22 | 224 | 4 | (10-((1-x)-3))=16 | 10 1 x - 3 - - 16 = | 10:book 1:book x:book -:book 3:book -:book -:book 16:book =:book
EXPR: 0 | POS | INT | 22 | 224 | 480 | 10=((x*1)/(3*16)) | 10 x 1 * 3 16 * / = | 10:book x:dollar 1:book *:book 3:dollar 16:book *:dollar /:book =:book
EXPR: 0 | POS | INT | 22 | 224 | 78 | 10=((x/(1*3))-16) | 10 x 1 3 * / 16 - = | 10:dollar x:dollar 1:book 3:dollar *:book /:dollar 16:dollar -:dollar =:dollar
EXPR: 0 | POS | INT | 25 | 224 | 192 | x=((3-(1-10))*16) | x 3 1 10 - - 16 * = | x:dollar 3:book 1:book 10:book -:book -:book 16:dollar *:dollar =:dollar
EXPR: 0 | POS | INT | 25 | 224 | 208 | x=((3+(10*1))*16) | x 3 10 1 * + 16 * = | x:dollar 3:book 10:book 1:dollar *:book +:book 16:dollar *:dollar =:dollar
EXPR: 0 | POS | INT | 26 | 224 | 192 | x=((3-(1-10))*16) | x 3 1 10 - - 16 * = | x:dollar 3:book 1:book 10:book -:book -:book 16:dollar *:dollar =:dollar
EXPR: 0 | POS | INT | 26 | 224 | 208 | x=((3+(10*1))*16) | x 3 10 1 * + 16 * = | x:dollar 3:book 10:book 1:dollar *:book +:book 16:dollar *:dollar =:dollar
EXPR: 0 | POS | INT | 30 | 224 | 75 | x=((10-(1-16))*3) | x 10 1 16 - - 3 * = | x:dollar 10:book 1:book 16:book -:book -:book 3:dollar *:dollar =:dollar
EXPR: 0 | POS | INT | 30 | 224 | 81 | x=(((10+1)+16)*3) | x 10 1 + 16 + 3 * = | x:dollar 10:book 1:book +:book 16:book +:book 3:dollar *:dollar =:dollar
EXPR: 0 | POS | INT | 30 | 224 | 81 | x=((10+(1+16))*3) | x 10 1 16 + + 3 * = | x:dollar 10:book 1:book 16:book +:book +:book 3:dollar *:dollar =:dollar
EXPR: 0 | POS | INT | 30 | 224 | 29 | x=((10+3)+(1*16)) | x 10 3 + 1 16 * + = | x:dollar 10:dollar 3:dollar +:dollar 1:book 16:dollar *:dollar +:dollar =:dollar
EXPR: 0 | POS | INT | 30 | 224 | 157 | x=(1*((10*16)-3)) | x 1 10 16 * 3 - * = | x:dollar 1:book 10:book 16:dollar *:dollar 3:dollar -:dollar *:dollar =:dollar
EXPR: 0 | POS | INT | 30 | 224 | 163 | x=(1*((10*16)+3)) | x 1 10 16 * 3 + * = | x:dollar 1:book 10:book 16:dollar *:dollar 3:dollar +:dollar *:dollar =:dollar
EXPR: 0 | POS | INT | 30 | 224 | 483 | x=((1+(10*16))*3) | x 1 10 16 * + 3 * = | x:dollar 1:book 10:book 16:dollar *:book +:book 3:dollar *:dollar =:dollar
EXPR: 0 | POS | INT | 30 | 224 | 40 | x=((10/(1+3))*16) | x 10 1 3 + / 16 * = | x:book 10:dollar 1:book 3:book +:book /:dollar 16:book *:book =:book
EXPR: 0 | POS | INT | 31 | 224 | 75 | x=((10-(1-16))*3) | x 10 1 16 - - 3 * = | x:dollar 10:book 1:book 16:book -:book -:book 3:dollar *:dollar =:dollar
EXPR: 0 | POS | INT | 31 | 224 | 81 | x=((10+(1+16))*3) | x 10 1 16 + + 3 * = | x:dollar 10:book 1:book 16:book +:book +:book 3:dollar *:dollar =:dollar
EXPR: 0 | POS | INT | 32 | 224 | 2 | 16=((1+(10-3))*x) | 16 1 10 3 - + x * = | 16:dollar 1:book 10:book 3:book -:book +:book x:dollar *:dollar =:dollar
EXPR: 0 | POS | INT | 32 | 224 | 3 | 10=((1*16)-(x+3)) | 10 1 16 * x 3 + - = | 10:dollar 1:book 16:dollar *:dollar x:dollar 3:dollar +:dollar -:dollar =:dollar
EXPR: 0 | POS | INT | 32 | 224 | 112 | 10=((1*(x/16))+3) | 10 1 x 16 / * 3 + = | 10:book 1:dollar x:book 16:dollar /:book *:book 3:book +:book =:book
EXPR: 0 | POS | INT | 32 | 224 | 157 | 10=((1/16)*(3+x)) | 10 1 16 / 3 x + * = | 10:dollar 1:book 16:dollar /:book 3:dollar x:dollar +:dollar *:dollar =:dollar
EXPR: 0 | POS | INT | 32 | 224 | 18 | 1=((10+(x/3))/16) | 1 10 x 3 / + 16 / = | 1:book 10:book x:book 3:dollar /:book +:book 16:dollar /:book =:book
EXPR: 0 | POS | INT | 32 | 224 | 480 | 10=(((x/3)*1)/16) | 10 x 3 / 1 * 16 / = | 10:dollar x:dollar 3:book /:dollar 1:book *:dollar 16:book /:dollar =:dollar
EXPR: 0 | POS | INT | 32 | 224 | 8 | (10-((3-x)-1))=16 | 10 3 x - 1 - - 16 = | 10:book 3:book x:book -:book 1:book -:book -:book 16:book =:book
EXPR: 0 | POS | INT | 32 | 224 | 208 | 10=((x/(1*16))-3) | 10 x 1 16 * / 3 - = | 10:dollar x:dollar 1:book 16:dollar *:book /:dollar 3:dollar -:dollar =:dollar
EXPR: 0 | POS | INT | 32 | 224 | 22 | (1-((10-x)-3))=16 | 1 10 x - 3 - - 16 = | 1:book 10:book x:book -:book 3:book -:book -:book 16:book =:book
EXPR: 0 | POS | INT | 32 | 224 | 9 | 10=(3+((1*16)-x)) | 10 3 1 16 * x - + = | 10:dollar 3:dollar 1:book 16:dollar *:dollar x:dollar -:dollar +:dollar =:dollar
EXPR: 0 | POS | INT | 35 | 224 | 75 | x=((10+(16-1))*3) | x 10 16 1 - + 3 * = | x:dollar 10:book 16:book 1:book -:book +:book 3:dollar *:dollar =:dollar
EXPR: 0 | POS | INT | 37 | 224 | 128 | 10=((3+(x/16))-1) | 10 3 x 16 / + 1 - = | 10:book 3:book x:book 16:dollar /:book +:book 1:book -:book =:book
EXPR: 0 | POS | INT | 37 | 224 | 9 | 10=(16+((1*3)-x)) | 10 16 1 3 * x - + = | 10:dollar 16:dollar 1:book 3:dollar *:dollar x:dollar -:dollar +:dollar =:dollar
EXPR: 0 | POS | INT | 37 | 224 | 39 | ((x+10)-(3*16))=1 | x 10 + 3 16 * - 1 = | x:book 10:book +:book 3:book 16:dollar *:book -:book 1:book =:book
EXPR: 0 | POS | INT | 40 | 224 | 21 | x=((16-(10-1))*3) | x 16 10 1 - - 3 * = | x:dollar 16:book 10:book 1:book -:book -:book 3:dollar *:dollar =:dollar
EXPR: 0 | POS | INT | 40 | 224 | 163 | x=((3+(10*16))*1) | x 3 10 16 * + 1 * = | x:dollar 3:book 10:book 16:dollar *:book +:book 1:dollar *:dollar =:dollar
EXPR: 0 | POS | INT | 40 | 224 | 81 | x=((16+(10+1))*3) | x 16 10 1 + + 3 * = | x:dollar 16:book 10:book 1:book +:book +:book 3:dollar *:dollar =:dollar
EXPR: 0 | POS | INT | 40 | 224 | 10 | x=((1-10)+(3+16)) | x 1 10 - 3 16 + + = | x:dollar 1:dollar 10:dollar -:dollar 3:dollar 16:dollar +:dollar +:dollar =:dollar
EXPR: 0 | POS | INT | 40 | 224 | 61 | x=(10+((1+16)*3)) | x 10 1 16 + 3 * + = | x:book 10:book 1:book 16:book +:book 3:dollar *:book +:book =:book
EXPR: 0 | POS | INT | 41 | 224 | 81 | x=((16+(10+1))*3) | x 16 10 1 + + 3 * = | x:dollar 16:book 10:book 1:book +:book +:book 3:dollar *:dollar =:dollar
EXPR: 0 | POS | INT | 41 | 224 | 10 | x=((1-10)+(3+16)) | x 1 10 - 3 16 + + = | x:dollar 1:dollar 10:dollar -:dollar 3:dollar 16:dollar +:dollar +:dollar =:dollar
EXPR: 0 | POS | INT | 42 | 224 | 75 | 10=((1-16)+(x/3)) | 10 1 16 - x 3 / + = | 10:book 1:book 16:book -:book x:book 3:dollar /:book +:book =:book
EXPR: 0 | POS | INT | 42 | 224 | 22 | 16=(x-(10-(1+3))) | 16 x 10 1 3 + - - = | 16:book x:book 10:book 1:book 3:book +:book -:book -:book =:book
EXPR: 0 | POS | INT | 42 | 224 | 30 | 16=(x-(10+(1+3))) | 16 x 10 1 3 + + - = | 16:book x:book 10:book 1:book 3:book +:book +:book -:book =:book
EXPR: 0 | POS | INT | 42 | 224 | 18 | (x/(16-(10*1)))=3 | x 16 10 1 * - / 3 = | x:book 16:dollar 10:book 1:dollar *:dollar -:dollar /:book 3:book =:book
EXPR: 0 | POS | INT | 42 | 224 | 78 | (x/(16+(10*1)))=3 | x 16 10 1 * + / 3 = | x:book 16:dollar 10:book 1:dollar *:dollar +:dollar /:book 3:book =:book
EXPR: 0 | POS | INT | 42 | 224 | 58 | (x*1)=(10+(3*16)) | x 1 * 10 3 16 * + = | x:dollar 1:book *:book 10:book 3:dollar 16:book *:book +:book =:book
EXPR: 0 | POS | INT | 42 | 224 | 13 | ((10*3)-(1+x))=16 | 10 3 * 1 x + - 16 = | 10:dollar 3:book *:book 1:book x:book +:book -:book 16:book =:book
EXPR: 0 | POS | INT | 42 | 224 | 24 | (16-((x-10)-1))=3 | 16 x 10 - 1 - - 3 = | 16:book x:book 10:book -:book 1:book -:book -:book 3:book =:book
EXPR: 0 | POS | INT | 42 | 224 | 157 | 10=((3+x)*(1/16)) | 10 3 x + 1 16 / * = | 10:book 3:book x:book +:book 1:dollar 16:book /:dollar *:book =:book
EXPR: 0 | POS | INT | 42 | 224 | 9 | 10=(1*(16+(3-x))) | 10 1 16 3 x - + * = | 10:book 1:dollar 16:book 3:book x:book -:book +:book *:book =:book
EXPR: 0 | POS | INT | 42 | 224 | 3 | 10=(1*(16-(3+x))) | 10 1 16 3 x + - * = | 10:book 1:dollar 16:book 3:book x:book +:book -:book *:book =:book
EXPR: 0 | POS | INT | 42 | 224 | 157 | 10=(((x+3)*1)/16) | 10 x 3 + 1 * 16 / = | 10:dollar x:dollar 3:dollar +:dollar 1:book *:dollar 16:book /:dollar =:dollar
EXPR: 0 | POS | INT | 42 | 224 | 29 | (x-(16+(10*1)))=3 | x 16 10 1 * + - 3 = | x:dollar 16:dollar 10:book 1:dollar *:dollar +:dollar -:dollar 3:dollar =:dollar
EXPR: 0 | POS | INT | 42 | 224 | 480 | 16=((x/(10*3))*1) | 16 x 10 3 * / 1 * = | 16:dollar x:dollar 10:book 3:dollar *:book /:dollar 1:book *:dollar =:dollar
EXPR: 0 | POS | INT | 45 | 224 | 29 | x=(((10+3)+16)*1) | x 10 3 + 16 + 1 * = | x:dollar 10:book 3:book +:book 16:book +:book 1:dollar *:dollar =:dollar
EXPR: 0 | POS | INT | 45 | 224 | 23 | x=((10-(3-16))*1) | x 10 3 16 - - 1 * = | x:dollar 10:book 3:book 16:book -:book -:book 1:dollar *:dollar =:dollar
EXPR: 0 | POS | INT | 46 | 224 | 23 | x=((10-(3-16))*1) | x 10 3 16 - - 1 * = | x:dollar 10:book 3:book 16:book -:book -:book 1:dollar *:dollar =:dollar
EXPR: 0 | POS | INT | 47 | 224 | 37 | 10=((3*16)-(x+1)) | 10 3 16 * x 1 + - = | 10:dollar 3:book 16:dollar *:dollar x:dollar 1:dollar +:dollar -:dollar =:dollar
EXPR: 0 | POS | INT | 47 | 224 | 53 | (10*16)=(1+(x*3)) | 10 16 * 1 x 3 * + = | 10:dollar 16:book *:book 1:book x:dollar 3:book *:book +:book =:book
EXPR: 0 | POS | INT | 47 | 224 | 470 | 3=((1+(x/10))/16) | 3 1 x 10 / + 16 / = | 3:book 1:book x:book 10:dollar /:book +:book 16:dollar /:book =:book
EXPR: 0 | POS | INT | 47 | 224 | 22 | (3+((x+1)-10))=16 | 3 x 1 + 10 - + 16 = | 3:book x:book 1:book +:book 10:book -:book +:book 16:book =:book
EXPR: 0 | POS | INT | 47 | 224 | 480 | 16=(((x/3)*1)/10) | 16 x 3 / 1 * 10 / = | 16:dollar x:dollar 3:book /:dollar 1:book *:dollar 10:book /:dollar =:dollar
EXPR: 0 | POS | INT | 47 | 224 | 156 | ((10*16)-(1+x))=3 | 10 16 * 1 x + - 3 = | 10:dollar 16:book *:book 1:book x:book +:book -:book 3:book =:book
EXPR: 0 | POS | INT | 47 | 224 | 14 | 10=((16+x)*(1/3)) | 10 16 x + 1 3 / * = | 10:book 16:book x:book +:book 1:dollar 3:book /:dollar *:book =:book
EXPR: 0 | POS | INT | 50 | 224 | 3 | x=((16-(10+3))*1) | x 16 10 3 + - 1 * = | x:dollar 16:book 10:book 3:book +:book -:book 1:dollar *:dollar =:dollar
EXPR: 0 | POS | INT | 50 | 224 | 75 | x=((16-(1-10))*3) | x 16 1 10 - - 3 * = | x:dollar 16:book 1:book 10:book -:book -:book 3:dollar *:dollar =:dollar
EXPR: 0 | POS | INT | 50 | 224 | 78 | x=((16+(10*1))*3) | x 16 10 1 * + 3 * = | x:dollar 16:book 10:book 1:dollar *:book +:book 3:dollar *:dollar =:dollar
EXPR: 0 | POS | INT | 50 | 224 | 9 | x=((16-(10-3))*1) | x 16 10 3 - - 1 * = | x:dollar 16:book 10:book 3:book -:book -:book 1:dollar *:dollar =:dollar
EXPR: 0 | POS | INT | 50 | 224 | 79 | x=(1+((10+16)*3)) | x 1 10 16 + 3 * + = | x:book 1:book 10:book 16:book +:book 3:dollar *:book +:book =:book
EXPR: 0 | POS | INT | 50 | 224 | 29 | x=((16+(10+3))*1) | x 16 10 3 + + 1 * = | x:dollar 16:book 10:book 3:book +:book +:book 1:dollar *:dollar =:dollar
EXPR: 0 | POS | INT | 50 | 224 | 128 | x=(((10+1)-3)*16) | x 10 1 + 3 - 16 * = | x:book 10:dollar 1:dollar +:dollar 3:dollar -:dollar 16:book *:book =:book
EXPR: 0 | POS | INT | 50 | 224 | 18 | x=((16-(10*1))*3) | x 16 10 1 * - 3 * = | x:dollar 16:book 10:dollar 1:book *:book -:book 3:dollar *:dollar =:dollar
EXPR: 0 | POS | INT | 51 | 224 | 75 | x=((16-(1-10))*3) | x 16 1 10 - - 3 * = | x:dollar 16:book 1:book 10:book -:book -:book 3:dollar *:dollar =:dollar
EXPR: 0 | POS | INT | 51 | 224 | 9 | x=((16-(10-3))*1) | x 16 10 3 - - 1 * = | x:dollar 16:book 10:book 3:book -:book -:book 1:dollar *:dollar =:dollar
EXPR: 0 | POS | INT | 51 | 224 | 79 | x=(1+((10+16)*3)) | x 1 10 16 + 3 * + = | x:book 1:book 10:book 16:book +:book 3:dollar *:book +:book =:book
EXPR: 0 | POS | INT | 51 | 224 | 18 | x=((16-(10*1))*3) | x 16 10 1 * - 3 * = | x:dollar 16:book 10:dollar 1:book *:book -:book 3:dollar *:dollar =:dollar
EXPR: 0 | POS | INT | 52 | 224 | 3 | 16=(((x+10)+3)*1) | 16 x 10 + 3 + 1 * = | 16:dollar x:book 10:book +:book 3:book +:book 1:dollar *:dollar =:dollar
EXPR: 0 | POS | INT | 52 | 224 | 23 | 16=(x-(10-(1*3))) | 16 x 10 1 3 * - - = | 16:book x:book 10:book 1:book 3:dollar *:book -:book -:book =:book
EXPR: 0 | POS | INT | 52 | 224 | 29 | 16=(x-(10+(1*3))) | 16 x 10 1 3 * + - = | 16:book x:book 10:book 1:book 3:dollar *:book +:book -:book =:book
EXPR: 0 | POS | INT | 52 | 224 | 36 | 16=(x-(10*(3-1))) | 16 x 10 3 1 - * - = | 16:dollar x:dollar 10:book 3:dollar 1:dollar -:dollar *:dollar -:dollar =:dollar
EXPR: 0 | POS | INT | 52 | 224 | 4 | 16=(x-(1-(10+3))) | 16 x 1 10 3 + - - = | 16:book x:book 1:book 10:book 3:book +:book -:book -:book =:book
EXPR: 0 | POS | INT | 52 | 224 | 30 | 16=(x-(1+(10+3))) | 16 x 1 10 3 + + - = | 16:book x:book 1:book 10:book 3:book +:book +:book -:book =:book
EXPR: 0 | POS | INT | 52 | 224 | 10 | 16=(x-(1-(10-3))) | 16 x 1 10 3 - - - = | 16:book x:book 1:book 10:book 3:book -:book -:book -:book =:book
EXPR: 0 | POS | INT | 52 | 224 | 77 | ((3*(10+16))-x)=1 | 3 10 16 + * x - 1 = | 3:book 10:dollar 16:dollar +:dollar *:dollar x:dollar -:dollar 1:dollar =:dollar
EXPR: 0 | POS | INT | 52 | 224 | 29 | (x-(16+(10*1)))=3 | x 16 10 1 * + - 3 = | x:book 16:book 10:book 1:dollar *:book +:book -:book 3:book =:book
EXPR: 0 | POS | INT | 52 | 224 | 510 | 16=((x/(10*3))-1) | 16 x 10 3 * / 1 - = | 16:dollar x:dollar 10:book 3:dollar *:book /:dollar 1:dollar -:dollar =:dollar
EXPR: 0 | POS | INT | 52 | 224 | 450 | 16=((x/(10*3))+1) | 16 x 10 3 * / 1 + = | 16:dollar x:dollar 10:book 3:dollar *:book /:dollar 1:dollar +:dollar =:dollar
EXPR: 0 | POS | INT | 52 | 224 | 9 | (x-(16-(10*1)))=3 | x 16 10 1 * - - 3 = | x:book 16:book 10:book 1:dollar *:book -:book -:book 3:book =:book
EXPR: 0 | POS | INT | 52 | 224 | 480 | 10=((x/3)*(1/16)) | 10 x 3 / 1 16 / * = | 10:book x:book 3:dollar /:book 1:dollar 16:book /:dollar *:book =:book
EXPR: 0 | POS | INT | 52 | 224 | 2 | (16-((x+1)+10))=3 | 16 x 1 + 10 + - 3 = | 16:book x:book 1:book +:book 10:book +:book -:book 3:book =:book
EXPR: 0 | POS | INT | 52 | 224 | 24 | 16=(x-(1+(10-3))) | 16 x 1 10 3 - + - = | 16:book x:book 1:book 10:book 3:book -:book +:book -:book =:book
EXPR: 0 | POS | INT | 52 | 224 | 190 | ((x*1)/10)=(3+16) | x 1 * 10 / 3 16 + = | x:book 1:dollar *:dollar 10:book /:dollar 3:dollar 16:dollar +:dollar =:dollar
EXPR: 0 | POS | INT | 52 | 224 | 24 | (1-((x-16)-10))=3 | 1 x 16 - 10 - - 3 = | 1:book x:book 16:book -:book 10:book -:book -:book 3:book =:book
EXPR: 0 | POS | INT | 52 | 224 | 480 | ((x*1)/10)=(3*16) | x 1 * 10 / 3 16 * = | x:dollar 1:book *:book 10:dollar /:book 3:dollar 16:book *:book =:book
EXPR: 0 | POS | INT | 52 | 224 | 130 | (16-((x*1)/10))=3 | 16 x 1 * 10 / - 3 = | 16:book x:dollar 1:book *:book 10:dollar /:book -:book 3:book =:book
EXPR: 0 | POS | INT | 52 | 224 | 4 | 1=((x+10)-(16-3)) | 1 x 10 + 16 3 - - = | 1:dollar x:dollar 10:dollar +:dollar 16:dollar 3:dollar -:dollar -:dollar =:dollar
EXPR: 0 | POS | INT | 55 | 224 | 23 | x=((16-3)+(10*1)) | x 16 3 - 10 1 * + = | x:dollar 16:dollar 3:dollar -:dollar 10:book 1:dollar *:dollar +:dollar =:dollar
EXPR: 0 | POS | INT | 55 | 224 | 9 | x=((16+(3-10))*1) | x 16 3 10 - + 1 * = | x:dollar 16:book 3:book 10:book -:book +:book 1:dollar *:dollar =:dollar
EXPR: 0 | POS | INT | 55 | 224 | 28 | x=((3-1)+(10+16)) | x 3 1 - 10 16 + + = | x:dollar 3:dollar 1:dollar -:dollar 10:dollar 16:dollar +:dollar +:dollar =:dollar
EXPR: 0 | POS | INT | 55 | 224 | 23 | x=(10+((16-3)*1)) | x 10 16 3 - 1 * + = | x:book 10:book 16:book 3:book -:book 1:dollar *:book +:book =:book
EXPR: 0 | POS | INT | 55 | 224 | 29 | x=(10+((3+16)*1)) | x 10 3 16 + 1 * + = | x:book 10:book 3:book 16:book +:book 1:dollar *:book +:book =:book
EXPR: 0 | POS | INT | 55 | 224 | 29 | x=(((3+16)+10)*1) | x 3 16 + 10 + 1 * = | x:dollar 3:book 16:book +:book 10:book +:book 1:dollar *:dollar =:dollar
EXPR: 0 | POS | INT | 55 | 224 | 23 | x=(10+((16-3)*1)) | x 10 16 3 - 1 * + = | x:dollar 10:dollar 16:book 3:book -:book 1:dollar *:dollar +:dollar =:dollar
EXPR: 0 | POS | INT | 55 | 224 | 131 | x=((10*(16-3))+1) | x 10 16 3 - * 1 + = | x:book 10:dollar 16:book 3:book -:book *:book 1:book +:book =:book
EXPR: 0 | POS | INT | 55 | 224 | 129 | x=((10*(16-3))-1) | x 10 16 3 - * 1 - = | x:book 10:dollar 16:book 3:book -:book *:book 1:book -:book =:book
EXPR: 0 | POS | INT | 56 | 224 | 23 | x=(10+((16-3)*1)) | x 10 16 3 - 1 * + = | x:book 10:book 16:book 3:book -:book 1:dollar *:book +:book =:book
EXPR: 0 | POS | INT | 56 | 224 | 28 | x=((3-1)+(10+16)) | x 3 1 - 10 16 + + = | x:dollar 3:dollar 1:dollar -:dollar 10:dollar 16:dollar +:dollar +:dollar =:dollar
EXPR: 0 | POS | INT | 56 | 224 | 29 | x=(10+((3+16)*1)) | x 10 3 16 + 1 * + = | x:book 10:book 3:book 16:book +:book 1:dollar *:book +:book =:book
EXPR: 0 | POS | INT | 56 | 224 | 23 | x=(10+((16-3)*1)) | x 10 16 3 - 1 * + = | x:dollar 10:dollar 16:book 3:book -:book 1:dollar *:dollar +:dollar =:dollar
EXPR: 0 | POS | INT | 56 | 224 | 29 | x=(((3+16)+10)*1) | x 3 16 + 10 + 1 * = | x:dollar 3:book 16:book +:book 10:book +:book 1:dollar *:dollar =:dollar
EXPR: 0 | POS | INT | 56 | 224 | 131 | x=((10*(16-3))+1) | x 10 16 3 - * 1 + = | x:book 10:dollar 16:book 3:book -:book *:book 1:book +:book =:book
EXPR: 0 | POS | INT | 57 | 224 | 3 | 16=(((x+3)+10)*1) | 16 x 3 + 10 + 1 * = | 16:dollar x:book 3:book +:book 10:book +:book 1:dollar *:dollar =:dollar
EXPR: 0 | POS | INT | 57 | 224 | 3 | 16=(((3+x)+10)*1) | 16 3 x + 10 + 1 * = | 16:dollar 3:book x:book +:book 10:book +:book 1:dollar *:dollar =:dollar
EXPR: 0 | POS | INT | 57 | 224 | 13 | ((10*3)-(16+x))=1 | 10 3 * 16 x + - 1 = | 10:dollar 3:book *:book 16:book x:book +:book -:book 1:book =:book
EXPR: 0 | POS | INT | 57 | 224 | 208 | (x/(3+(10*1)))=16 | x 3 10 1 * + / 16 = | x:book 3:dollar 10:book 1:dollar *:dollar +:dollar /:book 16:book =:book
EXPR: 0 | POS | INT | 57 | 224 | 470 | 1=((3*16)-(x/10)) | 1 3 16 * x 10 / - = | 1:dollar 3:book 16:dollar *:dollar x:dollar 10:book /:dollar -:dollar =:dollar
EXPR: 0 | POS | INT | 57 | 224 | 112 | 10=((3+(x/16))*1) | 10 3 x 16 / + 1 * = | 10:dollar 3:book x:book 16:dollar /:book +:book 1:dollar *:dollar =:dollar
EXPR: 0 | POS | INT | 57 | 224 | 9 | (3+(16-10))=(x*1) | 3 16 10 - + x 1 * = | 3:book 16:book 10:book -:book +:book x:dollar 1:book *:book =:book
EXPR: 0 | POS | INT | 57 | 224 | 157 | ((x*1)+3)=(10*16) | x 1 * 3 + 10 16 * = | x:dollar 1:book *:book 3:book +:book 10:dollar 16:book *:book =:book
EXPR: 0 | POS | INT | 57 | 224 | 480 | 3=((1*(x/10))/16) | 3 1 x 10 / * 16 / = | 3:book 1:dollar x:book 10:dollar /:book *:book 16:dollar /:book =:book
EXPR: 0 | POS | INT | 57 | 224 | 45 | ((10*3)+(16-x))=1 | 10 3 * 16 x - + 1 = | 10:dollar 3:book *:book 16:book x:book -:book +:book 1:book =:book
EXPR: 0 | POS | INT | 57 | 224 | 157 | 1=((x+3)/(10*16)) | 1 x 3 + 10 16 * / = | 1:book x:book 3:book +:book 10:dollar 16:book *:dollar /:book =:book
EXPR: 0 | POS | INT | 57 | 224 | 58 | (10+(3*16))=(x*1) | 10 3 16 * + x 1 * = | 10:book 3:dollar 16:book *:book +:book x:dollar 1:book *:book =:book
EXPR: 0 | POS | INT | 57 | 224 | 23 | 3=(1*(10+(16-x))) | 3 1 10 16 x - + * = | 3:book 1:dollar 10:book 16:book x:book -:book +:book *:book =:book
EXPR: 0 | POS | INT | 57 | 224 | 208 | 3=((1*(x/16))-10) | 3 1 x 16 / * 10 - = | 3:book 1:book x:dollar 16:book /:dollar *:book 10:book -:book =:book
EXPR: 0 | POS | INT | 57 | 224 | 9 | 3=(1*(10-(16-x))) | 3 1 10 16 x - - * = | 3:book 1:dollar 10:book 16:book x:book -:book -:book *:book =:book
EXPR: 0 | POS | INT | 57 | 224 | 53 | (10*16)=(1+(x*3)) | 10 16 * 1 x 3 * + = | 10:dollar 16:book *:dollar 1:dollar x:dollar 3:book *:dollar +:dollar =:dollar
EXPR: 0 | POS | INT | 57 | 224 | 2 | (16-((x+3)+10))=1 | 16 x 3 + 10 + - 1 = | 16:book x:book 3:book +:book 10:book +:book -:book 1:book =:book
EXPR: 0 | POS | INT | 57 | 224 | 28 | (3-((x-16)-10))=1 | 3 x 16 - 10 - - 1 = | 3:book x:book 16:book -:book 10:book -:book -:book 1:book =:book
EXPR: 0 | POS | INT | 57 | 224 | 57 | ((x+1)-(3*16))=10 | x 1 + 3 16 * - 10 = | x:book 1:book +:book 3:book 16:dollar *:book -:book 10:book =:book
EXPR: 0 | POS | INT | 57 | 224 | 14 | 10=(((16+x)*1)/3) | 10 16 x + 1 * 3 / = | 10:dollar 16:book x:book +:book 1:dollar *:dollar 3:book /:dollar =:dollar
EXPR: 0 | POS | INT | 57 | 224 | 57 | (((3*16)+10)-x)=1 | 3 16 * 10 + x - 1 = | 3:book 16:dollar *:dollar 10:dollar +:dollar x:dollar -:dollar 1:dollar =:dollar
EXPR: 0 | POS | INT | 57 | 224 | 23 | ((1*3)-(10-x))=16 | 1 3 * 10 x - - 16 = | 1:dollar 3:book *:book 10:book x:book -:book -:book 16:book =:book
EXPR: 0 | POS | INT | 60 | 224 | 30 | x=((1+16)+(10+3)) | x 1 16 + 10 3 + + = | x:dollar 1:dollar 16:dollar +:dollar 10:dollar 3:dollar +:dollar +:dollar =:dollar
EXPR: 0 | POS | INT | 60 | 224 | 46 | x=((16+(10*3))*1) | x 16 10 3 * + 1 * = | x:dollar 16:book 10:book 3:dollar *:book +:book 1:dollar *:dollar =:dollar
EXPR: 0 | POS | INT | 60 | 224 | 29 | x=(3+((10+16)*1)) | x 3 10 16 + 1 * + = | x:book 3:book 10:book 16:book +:book 1:dollar *:book +:book =:book
EXPR: 0 | POS | INT | 60 | 224 | 195 | x=((16-1)*(10+3)) | x 16 1 - 10 3 + * = | x:dollar 16:book 1:book -:book 10:dollar 3:dollar +:dollar *:dollar =:dollar
EXPR: 0 | POS | INT | 60 | 224 | 8 | x=(((16-10)+3)-1) | x 16 10 - 3 + 1 - = | x:dollar 16:dollar 10:dollar -:dollar 3:dollar +:dollar 1:dollar -:dollar =:dollar
EXPR: 0 | POS | INT | 60 | 224 | 22 | x=(((16-1)+10)-3) | x 16 1 - 10 + 3 - = | x:dollar 16:dollar 1:dollar -:dollar 10:dollar +:dollar 3:dollar -:dollar =:dollar
EXPR: 0 | POS | INT | 60 | 224 | 9 | x=(((16-10)+3)*1) | x 16 10 - 3 + 1 * = | x:book 16:dollar 10:dollar -:dollar 3:dollar +:dollar 1:book *:book =:book
EXPR: 0 | POS | INT | 61 | 224 | 46 | x=((16+(10*3))*1) | x 16 10 3 * + 1 * = | x:dollar 16:book 10:book 3:dollar *:book +:book 1:dollar *:dollar =:dollar
EXPR: 0 | POS | INT | 61 | 224 | 30 | x=((1+16)+(10+3)) | x 1 16 + 10 3 + + = | x:dollar 1:dollar 16:dollar +:dollar 10:dollar 3:dollar +:dollar +:dollar =:dollar
EXPR: 0 | POS | INT | 61 | 224 | 8 | x=(((16-10)+3)-1) | x 16 10 - 3 + 1 - = | x:dollar 16:dollar 10:dollar -:dollar 3:dollar +:dollar 1:dollar -:dollar =:dollar
EXPR: 0 | POS | INT | 61 | 224 | 22 | x=(((16-1)+10)-3) | x 16 1 - 10 + 3 - = | x:dollar 16:dollar 1:dollar -:dollar 10:dollar +:dollar 3:dollar -:dollar =:dollar
EXPR: 0 | POS | INT | 61 | 224 | 9 | x=(((16-10)+3)*1) | x 16 10 - 3 + 1 * = | x:book 16:dollar 10:dollar -:dollar 3:dollar +:dollar 1:book *:book =:book
EXPR: 0 | POS | INT | 61 | 224 | 29 | x=(3+((10+16)*1)) | x 3 10 16 + 1 * + = | x:book 3:book 10:book 16:book +:book 1:dollar *:book +:book =:book
EXPR: 0 | POS | INT | 62 | 224 | 52 | 3=((x/(10+16))+1) | 3 x 10 16 + / 1 + = | 3:dollar x:dollar 10:book 16:book +:book /:dollar 1:dollar +:dollar =:dollar
EXPR: 0 | POS | INT | 62 | 224 | 208 | (x/16)=(10+(1*3)) | x 16 / 10 1 3 * + = | x:dollar 16:book /:dollar 10:dollar 1:book 3:dollar *:dollar +:dollar =:dollar
EXPR: 0 | POS | INT | 62 | 224 | 104 | 3=((x/(10+16))-1) | 3 x 10 16 + / 1 - = | 3:dollar x:dollar 10:book 16:book +:book /:dollar 1:dollar -:dollar =:dollar
EXPR: 0 | POS | INT | 62 | 224 | 480 | (((x/16)*1)/10)=3 | x 16 / 1 * 10 / 3 = | x:book 16:dollar /:book 1:dollar *:book 10:dollar /:book 3:book =:book
EXPR: 0 | POS | INT | 65 | 224 | 140 | x=((1-(3-16))*10) | x 1 3 16 - - 10 * = | x:dollar 1:book 3:book 16:book -:book -:book 10:dollar *:dollar =:dollar
EXPR: 0 | POS | INT | 65 | 224 | 180 | x=((3-(1-16))*10) | x 3 1 16 - - 10 * = | x:dollar 3:book 1:book 16:book -:book -:book 10:dollar *:dollar =:dollar
EXPR: 0 | POS | INT | 65 | 224 | 200 | x=((3+(1+16))*10) | x 3 1 16 + + 10 * = | x:dollar 3:book 1:book 16:book +:book +:book 10:dollar *:dollar =:dollar
EXPR: 0 | POS | INT | 67 | 224 | 23 | 10=((3+(x-16))*1) | 10 3 x 16 - + 1 * = | 10:dollar 3:book x:book 16:book -:book +:book 1:dollar *:dollar =:dollar
EXPR: 0 | POS | INT | 67 | 224 | 9 | 16=(x-(1*(3-10))) | 16 x 1 3 10 - * - = | 16:dollar x:dollar 1:book 3:dollar 10:dollar -:dollar *:dollar -:dollar =:dollar
EXPR: 0 | POS | INT | 67 | 224 | 37 | 1=((3*16)-(x+10)) | 1 3 16 * x 10 + - = | 1:dollar 3:book 16:dollar *:dollar x:dollar 10:dollar +:dollar -:dollar =:dollar
EXPR: 0 | POS | INT | 67 | 224 | 190 | (x/(16+(1*3)))=10 | x 16 1 3 * + / 10 = | x:book 16:dollar 1:book 3:dollar *:dollar +:dollar /:book 10:book =:book
EXPR: 0 | POS | INT | 67 | 224 | 208 | 3=((1*(x/16))-10) | 3 1 x 16 / * 10 - = | 3:book 1:dollar x:book 16:dollar /:book *:book 10:book -:book =:book
EXPR: 0 | POS | INT | 67 | 224 | 480 | ((x*1)/3)=(10*16) | x 1 * 3 / 10 16 * = | x:dollar 1:book *:book 3:dollar /:book 10:dollar 16:book *:book =:book
EXPR: 0 | POS | INT | 67 | 224 | 46 | 3=((x-16)/(10*1)) | 3 x 16 - 10 1 * / = | 3:book x:book 16:book -:book 10:dollar 1:book *:dollar /:book =:book
EXPR: 0 | POS | INT | 67 | 224 | 14 | 3=((x+16)/(10*1)) | 3 x 16 + 10 1 * / = | 3:book x:book 16:book +:book 10:dollar 1:book *:dollar /:book =:book
EXPR: 0 | POS | INT | 67 | 224 | 3 | 3=(((16-10)*1)-x) | 3 16 10 - 1 * x - = | 3:dollar 16:book 10:book -:book 1:dollar *:dollar x:dollar -:dollar =:dollar
EXPR: 0 | POS | INT | 67 | 224 | 38 | 1=(16*(3/(x+10))) | 1 16 3 x 10 + / * = | 1:dollar 16:dollar 3:book x:dollar 10:dollar +:dollar /:book *:dollar =:dollar
EXPR: 0 | POS | INT | 70 | 224 | 50 | x=(((16-1)*10)/3) | x 16 1 - 10 * 3 / = | x:book 16:book 1:book -:book 10:dollar *:book 3:dollar /:book =:book
EXPR: 0 | POS | INT | 72 | 224 | 9 | 3=(((10+x)-16)*1) | 3 10 x + 16 - 1 * = | 3:dollar 10:book x:book +:book 16:book -:book 1:dollar *:dollar =:dollar
EXPR: 0 | POS | INT | 72 | 224 | 9 | 3=((x+(10-16))*1) | 3 x 10 16 - + 1 * = | 3:dollar x:book 10:book 16:book -:book +:book 1:dollar *:dollar =:dollar
EXPR: 0 | POS | INT | 72 | 224 | 23 | 3=(((10+16)-x)*1) | 3 10 16 + x - 1 * = | 3:dollar 10:book 16:book +:book x:book -:book 1:dollar *:dollar =:dollar
EXPR: 0 | POS | INT | 72 | 224 | 496 | (x/16)=(1+(10*3)) | x 16 / 1 10 3 * + = | x:dollar 16:book /:dollar 1:dollar 10:book 3:dollar *:dollar +:dollar =:dollar
EXPR: 0 | POS | INT | 72 | 224 | 208 | (((x/16)*1)-10)=3 | x 16 / 1 * 10 - 3 = | x:book 16:dollar /:book 1:dollar *:dollar 10:dollar -:dollar 3:dollar =:dollar
EXPR: 0 | POS | INT | 75 | 224 | 190 | x=((16+(1*3))*10) | x 16 1 3 * + 10 * = | x:dollar 16:book 1:book 3:dollar *:book +:book 10:dollar *:dollar =:dollar
EXPR: 0 | POS | INT | 75 | 224 | 173 | x=(3+((1+16)*10)) | x 3 1 16 + 10 * + = | x:book 3:book 1:book 16:book +:book 10:dollar *:book +:book =:book
EXPR: 0 | POS | INT | 75 | 224 | 191 | x=(1+((3+16)*10)) | x 1 3 16 + 10 * + = | x:book 1:book 3:book 16:book +:book 10:dollar *:book +:book =:book
EXPR: 0 | POS | INT | 75 | 224 | 180 | x=(((16-1)+3)*10) | x 16 1 - 3 + 10 * = | x:book 16:dollar 1:dollar -:dollar 3:dollar +:dollar 10:book *:book =:book
EXPR: 0 | POS | INT | 75 | 224 | 8 | x=(((16-1)+3)-10) | x 16 1 - 3 + 10 - = | x:dollar 16:dollar 1:dollar -:dollar 3:dollar +:dollar 10:dollar -:dollar =:dollar
EXPR: 0 | POS | INT | 76 | 224 | 190 | x=((16+(1*3))*10) | x 16 1 3 * + 10 * = | x:dollar 16:book 1:book 3:dollar *:book +:book 10:dollar *:dollar =:dollar
EXPR: 0 | POS | INT | 76 | 224 | 180 | x=(((16-1)+3)*10) | x 16 1 - 3 + 10 * = | x:book 16:dollar 1:dollar -:dollar 3:dollar +:dollar 10:book *:book =:book
EXPR: 0 | POS | INT | 77 | 224 | 4 | 3=((1+16)-(x+10)) | 3 1 16 + x 10 + - = | 3:dollar 1:dollar 16:dollar +:dollar x:dollar 10:dollar +:dollar -:dollar =:dollar
EXPR: 0 | POS | INT | 77 | 224 | 1 | (16-(3*(1+x)))=10 | 16 3 1 x + * - 10 = | 16:book 3:dollar 1:book x:book +:book *:book -:book 10:book =:book
EXPR: 0 | POS | INT | 77 | 224 | 37 | ((3*16)-(1+x))=10 | 3 16 * 1 x + - 10 = | 3:dollar 16:book *:book 1:book x:book +:book -:book 10:book =:book
EXPR: 0 | POS | INT | 77 | 224 | 38 | (3*16)=(10+(x*1)) | 3 16 * 10 x 1 * + = | 3:dollar 16:book *:dollar 10:dollar x:dollar 1:book *:dollar +:dollar =:dollar
EXPR: 0 | POS | INT | 77 | 224 | 23 | (((3-16)*1)+x)=10 | 3 16 - 1 * x + 10 = | 3:book 16:book -:book 1:dollar *:dollar x:dollar +:dollar 10:dollar =:dollar
EXPR: 0 | POS | INT | 77 | 224 | 130 | 3=((16-(x/10))*1) | 3 16 x 10 / - 1 * = | 3:book 16:book x:book 10:dollar /:book -:book 1:dollar *:book =:book
EXPR: 0 | POS | INT | 77 | 224 | 190 | 1=((3+16)*(10/x)) | 1 3 16 + 10 x / * = | 1:book 3:book 16:book +:book 10:dollar x:book /:dollar *:book =:book
EXPR: 0 | POS | INT | 77 | 224 | 14 | 3=((x+16)*(1/10)) | 3 x 16 + 1 10 / * = | 3:book x:book 16:book +:book 1:dollar 10:book /:dollar *:book =:book
EXPR: 0 | POS | INT | 77 | 224 | 46 | 3=((x-16)*(1/10)) | 3 x 16 - 1 10 / * = | 3:book x:book 16:book -:book 1:dollar 10:book /:dollar *:book =:book
EXPR: 0 | POS | INT | 87 | 224 | 18 | 16=((1*(x/3))+10) | 16 1 x 3 / * 10 + = | 16:book 1:dollar x:book 3:dollar /:book *:book 10:book +:book =:book
EXPR: 0 | POS | INT | 87 | 224 | 39 | (3*16)=(10+(x-1)) | 3 16 * 10 x 1 - + = | 3:dollar 16:book *:dollar 10:dollar x:dollar 1:dollar -:dollar +:dollar =:dollar
EXPR: 0 | POS | INT | 87 | 224 | 37 | (3*16)=(10+(x+1)) | 3 16 * 10 x 1 + + = | 3:dollar 16:book *:dollar 10:dollar x:dollar 1:dollar +:dollar +:dollar =:dollar
EXPR: 0 | POS | INT | 87 | 224 | 14 | 3=(((x+16)*1)/10) | 3 x 16 + 1 * 10 / = | 3:dollar x:book 16:book +:book 1:dollar *:dollar 10:book /:dollar =:dollar
EXPR: 0 | POS | INT | 97 | 224 | 480 | 16=((1*(x/3))/10) | 16 1 x 3 / * 10 / = | 16:book 1:dollar x:book 3:dollar /:book *:book 10:dollar /:book =:book
EXPR: 0 | POS | INT | 97 | 224 | 57 | (3*16)=(1+(x-10)) | 3 16 * 1 x 10 - + = | 3:dollar 16:book *:dollar 1:dollar x:dollar 10:dollar -:dollar +:dollar =:dollar
EXPR: 0 | POS | INT | 97 | 224 | 37 | (3*16)=(1+(x+10)) | 3 16 * 1 x 10 + + = | 3:dollar 16:book *:dollar 1:dollar x:dollar 10:dollar +:dollar +:dollar =:dollar
NET 227 non-negative, integer-valued solutions found out of 815 total solutions
