parameters: n=9 l=4 k=1 p=5 q=3 m=10
TOTAL 283 solutions found
SOLN: CORRECT | POS/NEG | INT/FRA | OBJ-SCORE | TRUE-ANS | ANS | INFIX | POSTFIX | TYPED-POSTFIX
EXPR: 0 | POS | INT | 0 | 90 | 224 | x=(((24*14)/3)*2) | x 24 14 * 3 / 2 * = | x:wheel 24:bicycle 14:tricycle *:bicycle 3:wheel /:bicycle 2:wheel *:wheel =:wheel
EXPR: 0 | POS | INT | 0 | 90 | 1680 | x=((24*14)*(3+2)) | x 24 14 * 3 2 + * = | x:wheel 24:bicycle 14:tricycle *:bicycle 3:wheel 2:wheel +:wheel *:wheel =:wheel
EXPR: 0 | POS | INT | 0 | 90 | 336 | x=((24*14)*(3-2)) | x 24 14 * 3 2 - * = | x:wheel 24:bicycle 14:tricycle *:bicycle 3:wheel 2:wheel -:wheel *:wheel =:wheel
EXPR: 0 | POS | INT | 0 | 90 | 224 | x=(((24*14)/3)*2) | x 24 14 * 3 / 2 * = | x:wheel 24:bicycle 14:tricycle *:tricycle 3:wheel /:tricycle 2:wheel *:wheel =:wheel
EXPR: 0 | POS | INT | 1 | 90 | 224 | x=(((24*14)/3)*2) | x 24 14 * 3 / 2 * = | x:wheel 24:bicycle 14:tricycle *:bicycle 3:wheel /:bicycle 2:wheel *:wheel =:wheel
EXPR: 0 | POS | INT | 1 | 90 | 1680 | x=((24*14)*(3+2)) | x 24 14 * 3 2 + * = | x:wheel 24:bicycle 14:tricycle *:bicycle 3:wheel 2:wheel +:wheel *:wheel =:wheel
EXPR: 0 | POS | INT | 1 | 90 | 224 | x=(((24*14)/3)*2) | x 24 14 * 3 / 2 * = | x:wheel 24:bicycle 14:tricycle *:tricycle 3:wheel /:tricycle 2:wheel *:wheel =:wheel
EXPR: 0 | POS | INT | 10 | 90 | 504 | x=(((24*14)/2)*3) | x 24 14 * 2 / 3 * = | x:wheel 24:bicycle 14:tricycle *:bicycle 2:wheel /:bicycle 3:wheel *:wheel =:wheel
EXPR: 0 | POS | INT | 10 | 90 | 10 | x=(24-(14*(3-2))) | x 24 14 3 2 - * - = | x:wheel 24:wheel 14:tricycle 3:wheel 2:wheel -:wheel *:wheel -:wheel =:wheel
EXPR: 0 | POS | INT | 10 | 90 | 132 | x=((24+(14*3))*2) | x 24 14 3 * + 2 * = | x:wheel 24:bicycle 14:bicycle 3:wheel *:bicycle +:bicycle 2:wheel *:wheel =:wheel
EXPR: 0 | POS | INT | 10 | 90 | 504 | x=((24*14)*(3/2)) | x 24 14 * 3 2 / * = | x:wheel 24:bicycle 14:tricycle *:tricycle 3:wheel 2:bicycle /:wheel *:wheel =:wheel
EXPR: 0 | POS | INT | 10 | 90 | 44 | x=((24*3)-(14*2)) | x 24 3 * 14 2 * - = | x:wheel 24:bicycle 3:wheel *:wheel 14:tricycle 2:wheel *:wheel -:wheel =:wheel
EXPR: 0 | POS | INT | 10 | 90 | 504 | x=(((24*14)/2)*3) | x 24 14 * 2 / 3 * = | x:wheel 24:bicycle 14:tricycle *:tricycle 2:wheel /:tricycle 3:wheel *:wheel =:wheel
EXPR: 0 | POS | INT | 11 | 90 | 10 | x=(24-(14*(3-2))) | x 24 14 3 2 - * - = | x:wheel 24:wheel 14:tricycle 3:wheel 2:wheel -:wheel *:wheel -:wheel =:wheel
EXPR: 0 | POS | INT | 11 | 90 | 504 | x=((24*14)*(3/2)) | x 24 14 * 3 2 / * = | x:wheel 24:bicycle 14:tricycle *:tricycle 3:wheel 2:bicycle /:wheel *:wheel =:wheel
EXPR: 0 | POS | INT | 11 | 90 | 44 | x=((24*3)-(14*2)) | x 24 3 * 14 2 * - = | x:wheel 24:bicycle 3:wheel *:wheel 14:tricycle 2:wheel *:wheel -:wheel =:wheel
EXPR: 0 | POS | INT | 11 | 90 | 504 | x=(((24*14)/2)*3) | x 24 14 * 2 / 3 * = | x:wheel 24:bicycle 14:tricycle *:tricycle 2:wheel /:tricycle 3:wheel *:wheel =:wheel
EXPR: 1 | POS | INT | 15 | 90 | 90 | x=((24*2)+(14*3)) | x 24 2 * 14 3 * + = | x:wheel 24:bicycle 2:wheel *:wheel 14:tricycle 3:wheel *:wheel +:wheel =:wheel
EXPR: 0 | POS | INT | 15 | 90 | 6 | x=((24*2)-(14*3)) | x 24 2 * 14 3 * - = | x:wheel 24:bicycle 2:wheel *:wheel 14:tricycle 3:wheel *:wheel -:wheel =:wheel
EXPR: 0 | POS | INT | 20 | 90 | 6 | x=((24/(14-2))*3) | x 24 14 2 - / 3 * = | x:wheel 24:bicycle 14:wheel 2:wheel -:wheel /:bicycle 3:wheel *:wheel =:wheel
EXPR: 0 | POS | INT | 20 | 90 | 33 | x=((24+(14-3))-2) | x 24 14 3 - + 2 - = | x:wheel 24:wheel 14:wheel 3:wheel -:wheel +:wheel 2:wheel -:wheel =:wheel
EXPR: 0 | POS | INT | 20 | 90 | 37 | x=((24+(14-3))+2) | x 24 14 3 - + 2 + = | x:wheel 24:wheel 14:wheel 3:wheel -:wheel +:wheel 2:wheel +:wheel =:wheel
EXPR: 0 | POS | INT | 20 | 90 | 10 | x=(24-(14*(3-2))) | x 24 14 3 2 - * - = | x:wheel 24:wheel 14:bicycle 3:wheel 2:wheel -:wheel *:wheel -:wheel =:wheel
EXPR: 0 | POS | INT | 20 | 90 | 224 | x=((24*14)*(2/3)) | x 24 14 * 2 3 / * = | x:wheel 24:bicycle 14:tricycle *:tricycle 2:wheel 3:bicycle /:wheel *:wheel =:wheel
EXPR: 0 | POS | INT | 20 | 90 | 224 | x=((24*14)*(2/3)) | x 24 14 * 2 3 / * = | x:wheel 24:bicycle 14:tricycle *:bicycle 2:wheel 3:tricycle /:wheel *:wheel =:wheel
EXPR: 0 | POS | INT | 20 | 90 | 60 | x=(((24*3)-14)+2) | x 24 3 * 14 - 2 + = | x:wheel 24:bicycle 3:wheel *:wheel 14:wheel -:wheel 2:wheel +:wheel =:wheel
EXPR: 0 | POS | INT | 21 | 90 | 33 | x=((24+(14-3))-2) | x 24 14 3 - + 2 - = | x:wheel 24:wheel 14:wheel 3:wheel -:wheel +:wheel 2:wheel -:wheel =:wheel
EXPR: 0 | POS | INT | 21 | 90 | 37 | x=((24+(14-3))+2) | x 24 14 3 - + 2 + = | x:wheel 24:wheel 14:wheel 3:wheel -:wheel +:wheel 2:wheel +:wheel =:wheel
EXPR: 0 | POS | INT | 21 | 90 | 224 | x=((24*14)*(2/3)) | x 24 14 * 2 3 / * = | x:wheel 24:bicycle 14:tricycle *:tricycle 2:wheel 3:bicycle /:wheel *:wheel =:wheel
EXPR: 0 | POS | INT | 21 | 90 | 224 | x=((24*14)*(2/3)) | x 24 14 * 2 3 / * = | x:wheel 24:bicycle 14:tricycle *:bicycle 2:wheel 3:tricycle /:wheel *:wheel =:wheel
EXPR: 0 | POS | INT | 21 | 90 | 60 | x=(((24*3)-14)+2) | x 24 3 * 14 - 2 + = | x:wheel 24:bicycle 3:wheel *:wheel 14:wheel -:wheel 2:wheel +:wheel =:wheel
EXPR: 0 | POS | INT | 22 | 90 | 2 | 24=(((14+x)*3)/2) | 24 14 x + 3 * 2 / = | 24:bicycle 14:wheel x:wheel +:wheel 3:bicycle *:bicycle 2:wheel /:bicycle =:bicycle
EXPR: 0 | POS | INT | 22 | 90 | 55 | 24=(x-((14*2)+3)) | 24 x 14 2 * 3 + - = | 24:wheel x:wheel 14:tricycle 2:wheel *:wheel 3:wheel +:wheel -:wheel =:wheel
EXPR: 0 | POS | INT | 22 | 90 | 49 | 24=(x-((14*2)-3)) | 24 x 14 2 * 3 - - = | 24:wheel x:wheel 14:tricycle 2:wheel *:wheel 3:wheel -:wheel -:wheel =:wheel
EXPR: 0 | POS | INT | 25 | 90 | 37 | x=(((24*2)-14)+3) | x 24 2 * 14 - 3 + = | x:wheel 24:bicycle 2:wheel *:wheel 14:wheel -:wheel 3:wheel +:wheel =:wheel
EXPR: 0 | POS | INT | 27 | 90 | 1152 | 3=(x/(24*(14+2))) | 3 x 24 14 2 + * / = | 3:wheel x:wheel 24:bicycle 14:tricycle 2:tricycle +:tricycle *:tricycle /:wheel =:wheel
EXPR: 0 | POS | INT | 30 | 90 | 33 | x=(((24-3)+14)-2) | x 24 3 - 14 + 2 - = | x:wheel 24:wheel 3:wheel -:wheel 14:wheel +:wheel 2:wheel -:wheel =:wheel
EXPR: 0 | POS | INT | 30 | 90 | 504 | x=(((24*14)/2)*3) | x 24 14 * 2 / 3 * = | x:wheel 24:wheel 14:bicycle *:bicycle 2:wheel /:bicycle 3:wheel *:wheel =:wheel
EXPR: 0 | POS | INT | 30 | 90 | 147 | x=((24-3)*(14/2)) | x 24 3 - 14 2 / * = | x:tricycle 24:wheel 3:wheel -:wheel 14:tricycle 2:wheel /:tricycle *:tricycle =:tricycle
EXPR: 0 | POS | INT | 30 | 90 | 1152 | x=((24*3)*(14+2)) | x 24 3 * 14 2 + * = | x:wheel 24:bicycle 3:tricycle *:tricycle 14:wheel 2:wheel +:wheel *:wheel =:wheel
EXPR: 0 | POS | INT | 30 | 90 | 504 | x=(24*((14*3)/2)) | x 24 14 3 * 2 / * = | x:wheel 24:wheel 14:tricycle 3:bicycle *:bicycle 2:tricycle /:bicycle *:wheel =:wheel
EXPR: 0 | POS | INT | 31 | 90 | 504 | x=(((24*14)/2)*3) | x 24 14 * 2 / 3 * = | x:wheel 24:wheel 14:bicycle *:bicycle 2:wheel /:bicycle 3:wheel *:wheel =:wheel
EXPR: 0 | POS | INT | 32 | 90 | 55 | 24=(x-((14*2)+3)) | 24 x 14 2 * 3 + - = | 24:wheel x:wheel 14:bicycle 2:wheel *:wheel 3:wheel +:wheel -:wheel =:wheel
EXPR: 0 | POS | INT | 35 | 90 | 224 | x=((24*2)*(14/3)) | x 24 2 * 14 3 / * = | x:tricycle 24:bicycle 2:wheel *:bicycle 14:tricycle 3:bicycle /:tricycle *:tricycle =:tricycle
EXPR: 0 | POS | INT | 35 | 90 | 56 | x=((24/2)*(14/3)) | x 24 2 / 14 3 / * = | x:tricycle 24:bicycle 2:wheel /:bicycle 14:tricycle 3:bicycle /:tricycle *:tricycle =:tricycle
EXPR: 0 | POS | INT | 35 | 90 | 504 | x=(3*((24*14)/2)) | x 3 24 14 * 2 / * = | x:tricycle 3:wheel 24:wheel 14:tricycle *:tricycle 2:wheel /:tricycle *:tricycle =:tricycle
EXPR: 0 | POS | INT | 36 | 90 | 56 | x=((24/2)*(14/3)) | x 24 2 / 14 3 / * = | x:tricycle 24:bicycle 2:wheel /:bicycle 14:tricycle 3:bicycle /:tricycle *:tricycle =:tricycle
EXPR: 0 | POS | INT | 36 | 90 | 504 | x=(3*((24*14)/2)) | x 3 24 14 * 2 / * = | x:tricycle 3:wheel 24:wheel 14:tricycle *:tricycle 2:wheel /:tricycle *:tricycle =:tricycle
EXPR: 0 | POS | INT | 37 | 90 | 224 | 3=(24*((14*2)/x)) | 3 24 14 2 * x / * = | 3:wheel 24:wheel 14:tricycle 2:bicycle *:tricycle x:wheel /:tricycle *:wheel =:wheel
EXPR: 0 | POS | INT | 37 | 90 | 504 | 24=(2/((14/x)*3)) | 24 2 14 x / 3 * / = | 24:bicycle 2:bicycle 14:bicycle x:wheel /:bicycle 3:wheel *:wheel /:bicycle =:bicycle
EXPR: 0 | POS | INT | 37 | 90 | 108 | 3=(x/((24+14)-2)) | 3 x 24 14 + 2 - / = | 3:wheel x:wheel 24:bicycle 14:bicycle +:bicycle 2:bicycle -:bicycle /:wheel =:wheel
EXPR: 0 | POS | INT | 37 | 90 | 24 | 3=(x/((24-14)-2)) | 3 x 24 14 - 2 - / = | 3:wheel x:wheel 24:bicycle 14:bicycle -:bicycle 2:bicycle -:bicycle /:wheel =:wheel
EXPR: 0 | POS | INT | 40 | 90 | 744 | x=(24*((14*2)+3)) | x 24 14 2 * 3 + * = | x:tricycle 24:tricycle 14:bicycle 2:wheel *:wheel 3:wheel +:wheel *:tricycle =:tricycle
EXPR: 0 | POS | INT | 40 | 90 | 600 | x=(24*((14*2)-3)) | x 24 14 2 * 3 - * = | x:tricycle 24:tricycle 14:bicycle 2:wheel *:wheel 3:wheel -:wheel *:tricycle =:tricycle
EXPR: 0 | POS | INT | 40 | 90 | 714 | x=(14*((24*2)+3)) | x 14 24 2 * 3 + * = | x:wheel 14:bicycle 24:tricycle 2:wheel *:wheel 3:wheel +:wheel *:wheel =:wheel
EXPR: 0 | POS | INT | 40 | 90 | 630 | x=(14*((24*2)-3)) | x 14 24 2 * 3 - * = | x:wheel 14:bicycle 24:tricycle 2:wheel *:wheel 3:wheel -:wheel *:wheel =:wheel
EXPR: 0 | POS | INT | 40 | 90 | 1152 | x=((24*3)*(14+2)) | x 24 3 * 14 2 + * = | x:wheel 24:tricycle 3:bicycle *:bicycle 14:wheel 2:wheel +:wheel *:wheel =:wheel
EXPR: 0 | POS | INT | 41 | 90 | 744 | x=(24*((14*2)+3)) | x 24 14 2 * 3 + * = | x:tricycle 24:tricycle 14:bicycle 2:wheel *:wheel 3:wheel +:wheel *:tricycle =:tricycle
EXPR: 0 | POS | INT | 41 | 90 | 714 | x=(14*((24*2)+3)) | x 14 24 2 * 3 + * = | x:wheel 14:bicycle 24:tricycle 2:wheel *:wheel 3:wheel +:wheel *:wheel =:wheel
EXPR: 0 | POS | INT | 42 | 90 | 1680 | (24*14)=(x/(3+2)) | 24 14 * x 3 2 + / = | 24:bicycle 14:wheel *:wheel x:wheel 3:bicycle 2:bicycle +:bicycle /:wheel =:wheel
EXPR: 0 | POS | INT | 45 | 90 | 56 | x=((24/(3*2))*14) | x 24 3 2 * / 14 * = | x:wheel 24:bicycle 3:tricycle 2:wheel *:tricycle /:bicycle 14:wheel *:wheel =:wheel
EXPR: 0 | POS | INT | 45 | 90 | 43 | x=(24+((3+2)+14)) | x 24 3 2 + 14 + + = | x:wheel 24:wheel 3:wheel 2:wheel +:wheel 14:wheel +:wheel +:wheel =:wheel
EXPR: 0 | POS | INT | 45 | 90 | 224 | x=((24*2)*(14/3)) | x 24 2 * 14 3 / * = | x:wheel 24:bicycle 2:tricycle *:bicycle 14:wheel 3:tricycle /:wheel *:wheel =:wheel
EXPR: 0 | POS | INT | 45 | 90 | 56 | x=((24/2)*(14/3)) | x 24 2 / 14 3 / * = | x:wheel 24:bicycle 2:tricycle /:bicycle 14:wheel 3:tricycle /:wheel *:wheel =:wheel
EXPR: 0 | POS | INT | 45 | 90 | 224 | x=((24*2)*(14/3)) | x 24 2 * 14 3 / * = | x:wheel 24:bicycle 2:tricycle *:bicycle 14:wheel 3:bicycle /:wheel *:wheel =:wheel
EXPR: 0 | POS | INT | 45 | 90 | 56 | x=((24/2)*(14/3)) | x 24 2 / 14 3 / * = | x:wheel 24:bicycle 2:tricycle /:bicycle 14:wheel 3:bicycle /:wheel *:wheel =:wheel
EXPR: 0 | POS | INT | 45 | 90 | 504 | x=(((24*3)/2)*14) | x 24 3 * 2 / 14 * = | x:wheel 24:bicycle 3:tricycle *:tricycle 2:wheel /:tricycle 14:wheel *:wheel =:wheel
EXPR: 0 | POS | INT | 46 | 90 | 43 | x=(24+((3+2)+14)) | x 24 3 2 + 14 + + = | x:wheel 24:wheel 3:wheel 2:wheel +:wheel 14:wheel +:wheel +:wheel =:wheel
EXPR: 0 | POS | INT | 47 | 90 | 312 | 24=(x/(2+(14-3))) | 24 x 2 14 3 - + / = | 24:bicycle x:bicycle 2:tricycle 14:tricycle 3:tricycle -:tricycle +:tricycle /:bicycle =:bicycle
EXPR: 0 | POS | INT | 47 | 90 | 504 | 24=(2/((14/x)*3)) | 24 2 14 x / 3 * / = | 24:bicycle 2:bicycle 14:bicycle x:tricycle /:bicycle 3:wheel *:wheel /:bicycle =:bicycle
EXPR: 0 | POS | INT | 50 | 90 | 744 | x=(24*((14*2)+3)) | x 24 14 2 * 3 + * = | x:wheel 24:wheel 14:bicycle 2:tricycle *:tricycle 3:tricycle +:tricycle *:wheel =:wheel
EXPR: 0 | POS | INT | 50 | 90 | 224 | x=(14*((24*2)/3)) | x 14 24 2 * 3 / * = | x:wheel 14:bicycle 24:tricycle 2:wheel *:wheel 3:bicycle /:wheel *:wheel =:wheel
EXPR: 0 | POS | INT | 52 | 90 | 33 | 14=(((2*x)-24)/3) | 14 2 x * 24 - 3 / = | 14:tricycle 2:tricycle x:wheel *:tricycle 24:tricycle -:tricycle 3:wheel /:tricycle =:tricycle
EXPR: 0 | POS | INT | 52 | 90 | 504 | (24*14)=(2*(x/3)) | 24 14 * 2 x 3 / * = | 24:tricycle 14:wheel *:wheel 2:wheel x:bicycle 3:wheel /:bicycle *:wheel =:wheel
EXPR: 0 | POS | INT | 55 | 90 | 44 | x=(24+((3*2)+14)) | x 24 3 2 * 14 + + = | x:wheel 24:wheel 3:tricycle 2:wheel *:wheel 14:wheel +:wheel +:wheel =:wheel
EXPR: 0 | POS | INT | 55 | 90 | 56 | x=((24/2)*(14/3)) | x 24 2 / 14 3 / * = | x:wheel 24:tricycle 2:bicycle /:tricycle 14:wheel 3:bicycle /:wheel *:wheel =:wheel
EXPR: 0 | POS | INT | 56 | 90 | 44 | x=(24+((3*2)+14)) | x 24 3 2 * 14 + + = | x:wheel 24:wheel 3:tricycle 2:wheel *:wheel 14:wheel +:wheel +:wheel =:wheel
EXPR: 0 | POS | INT | 57 | 90 | 171 | 3=(x-(14*(24/2))) | 3 x 14 24 2 / * - = | 3:wheel x:wheel 14:bicycle 24:wheel 2:tricycle /:wheel *:wheel -:wheel =:wheel
EXPR: 0 | POS | INT | 57 | 90 | 1014 | 3=(x/(2+(24*14))) | 3 x 2 24 14 * + / = | 3:wheel x:wheel 2:bicycle 24:bicycle 14:wheel *:bicycle +:bicycle /:wheel =:wheel
EXPR: 0 | POS | INT | 57 | 90 | 204 | 24=((2/(14+3))*x) | 24 2 14 3 + / x * = | 24:tricycle 2:tricycle 14:bicycle 3:bicycle +:bicycle /:tricycle x:wheel *:tricycle =:tricycle
EXPR: 0 | POS | INT | 57 | 90 | 204 | 24=((x*2)/(14+3)) | 24 x 2 * 14 3 + / = | 24:wheel x:tricycle 2:wheel *:wheel 14:bicycle 3:bicycle +:bicycle /:wheel =:wheel
EXPR: 0 | POS | INT | 57 | 90 | 224 | 3=(24*((14*2)/x)) | 3 24 14 2 * x / * = | 3:tricycle 24:tricycle 14:wheel 2:bicycle *:bicycle x:wheel /:bicycle *:tricycle =:tricycle
EXPR: 0 | POS | INT | 57 | 90 | 504 | 24=((2*x)/(14*3)) | 24 2 x * 14 3 * / = | 24:tricycle 2:bicycle x:tricycle *:tricycle 14:tricycle 3:bicycle *:bicycle /:tricycle =:tricycle
EXPR: 0 | POS | INT | 57 | 90 | 10 | 3=(24/((14-x)*2)) | 3 24 14 x - 2 * / = | 3:wheel 24:wheel 14:bicycle x:bicycle -:bicycle 2:tricycle *:bicycle /:wheel =:wheel
EXPR: 0 | POS | INT | 57 | 90 | 88 | ((x-(24*3))-2)=14 | x 24 3 * - 2 - 14 = | x:wheel 24:wheel 3:bicycle *:wheel -:wheel 2:wheel -:wheel 14:wheel =:wheel
EXPR: 0 | POS | INT | 57 | 90 | 132 | 24=((2*x)/(14-3)) | 24 2 x * 14 3 - / = | 24:tricycle 2:wheel x:tricycle *:tricycle 14:bicycle 3:bicycle -:bicycle /:tricycle =:tricycle
EXPR: 0 | POS | INT | 62 | 90 | 600 | 24=(x/((14*2)-3)) | 24 x 14 2 * 3 - / = | 24:tricycle x:tricycle 14:wheel 2:bicycle *:bicycle 3:bicycle -:bicycle /:tricycle =:tricycle
EXPR: 0 | POS | INT | 62 | 90 | 224 | 3=((24*2)*(14/x)) | 3 24 2 * 14 x / * = | 3:wheel 24:bicycle 2:tricycle *:bicycle 14:wheel x:tricycle /:wheel *:wheel =:wheel
EXPR: 0 | POS | INT | 62 | 90 | 56 | 3=((24/2)*(14/x)) | 3 24 2 / 14 x / * = | 3:wheel 24:bicycle 2:tricycle /:bicycle 14:wheel x:tricycle /:wheel *:wheel =:wheel
EXPR: 0 | POS | INT | 62 | 90 | 864 | 24=((x/3)/(14-2)) | 24 x 3 / 14 2 - / = | 24:tricycle x:tricycle 3:bicycle /:tricycle 14:bicycle 2:bicycle -:bicycle /:tricycle =:tricycle
EXPR: 0 | POS | INT | 62 | 90 | 504 | 2=(14*((24*3)/x)) | 2 14 24 3 * x / * = | 2:wheel 14:bicycle 24:tricycle 3:wheel *:wheel x:bicycle /:wheel *:wheel =:wheel
EXPR: 0 | POS | INT | 62 | 90 | 224 | 3=((24*2)*(14/x)) | 3 24 2 * 14 x / * = | 3:wheel 24:bicycle 2:tricycle *:bicycle 14:wheel x:bicycle /:wheel *:wheel =:wheel
EXPR: 0 | POS | INT | 67 | 90 | 56 | (3/14)=(24/(x*2)) | 3 14 / 24 x 2 * / = | 3:wheel 14:tricycle /:wheel 24:wheel x:bicycle 2:tricycle *:bicycle /:wheel =:wheel
EXPR: 0 | POS | INT | 67 | 90 | 1002 | 3=(x/((24*14)-2)) | 3 x 24 14 * 2 - / = | 3:tricycle x:tricycle 24:wheel 14:bicycle *:bicycle 2:bicycle -:bicycle /:tricycle =:tricycle
EXPR: 0 | POS | INT | 70 | 90 | 630 | x=(14*((24*2)-3)) | x 14 24 2 * 3 - * = | x:tricycle 14:wheel 24:wheel 2:tricycle *:tricycle 3:tricycle -:tricycle *:tricycle =:tricycle
EXPR: 0 | POS | INT | 71 | 90 | 630 | x=(14*((24*2)-3)) | x 14 24 2 * 3 - * = | x:tricycle 14:wheel 24:wheel 2:tricycle *:tricycle 3:tricycle -:tricycle *:tricycle =:tricycle
EXPR: 0 | POS | INT | 75 | 90 | 504 | x=(((14*3)/2)*24) | x 14 3 * 2 / 24 * = | x:wheel 14:bicycle 3:tricycle *:tricycle 2:wheel /:tricycle 24:wheel *:wheel =:wheel
EXPR: 0 | POS | INT | 77 | 90 | 224 | (3/((2/x)*14))=24 | 3 2 x / 14 * / 24 = | 3:wheel 2:bicycle x:tricycle /:bicycle 14:tricycle *:bicycle /:wheel 24:wheel =:wheel
EXPR: 0 | POS | INT | 77 | 90 | 224 | 3=(((14*2)/x)*24) | 3 14 2 * x / 24 * = | 3:wheel 14:bicycle 2:tricycle *:tricycle x:wheel /:tricycle 24:wheel *:wheel =:wheel
EXPR: 0 | POS | INT | 77 | 90 | 224 | 3=(2*((24*14)/x)) | 3 2 24 14 * x / * = | 3:wheel 2:bicycle 24:tricycle 14:wheel *:wheel x:tricycle /:wheel *:wheel =:wheel
EXPR: 0 | POS | INT | 82 | 90 | 322 | 14=(x/(2+(24-3))) | 14 x 2 24 3 - + / = | 14:bicycle x:bicycle 2:tricycle 24:tricycle 3:tricycle -:tricycle +:tricycle /:bicycle =:bicycle
EXPR: 0 | POS | INT | 85 | 90 | 504 | x=(((14*3)/2)*24) | x 14 3 * 2 / 24 * = | x:wheel 14:wheel 3:tricycle *:wheel 2:bicycle /:wheel 24:tricycle *:wheel =:wheel
EXPR: 0 | POS | INT | 97 | 90 | 504 | ((x*(2/14))/3)=24 | x 2 14 / * 3 / 24 = | x:bicycle 2:tricycle 14:wheel /:tricycle *:tricycle 3:bicycle /:tricycle 24:tricycle =:tricycle
NET 103 non-negative, integer-valued solutions found out of 283 total solutions
