parameters: n=7 l=3 k=1 p=5 q=1 m=9
TOTAL 480 solutions found
SOLN: CORRECT | POS/NEG | INT/FRA | OBJ-SCORE | TRUE-ANS | ANS | INFIX | POSTFIX | TYPED-POSTFIX
EXPR: 1 | POS | INT | 0 | 20 | 20 | (4+(9+7))=x | 4 9 7 + + x = | 4:pie 9:pie 7:pie +:pie +:pie x:pie =:pie
EXPR: 0 | POS | INT | 0 | 20 | 2 | x=(4-(9-7)) | x 4 9 7 - - = | x:pie 4:pie 9:pie 7:pie -:pie -:pie =:pie
EXPR: 0 | POS | INT | 0 | 20 | 6 | x=(4+(9-7)) | x 4 9 7 - + = | x:pie 4:pie 9:pie 7:pie -:pie +:pie =:pie
EXPR: 0 | POS | INT | 0 | 20 | 6 | x=((4+9)-7) | x 4 9 + 7 - = | x:pie 4:pie 9:pie +:pie 7:pie -:pie =:pie
EXPR: 1 | POS | INT | 0 | 20 | 20 | x=((4+9)+7) | x 4 9 + 7 + = | x:pie 4:pie 9:pie +:pie 7:pie +:pie =:pie
EXPR: 0 | POS | INT | 0 | 20 | 6 | (4+(9-7))=x | 4 9 7 - + x = | 4:pie 9:pie 7:pie -:pie +:pie x:pie =:pie
EXPR: 1 | POS | INT | 0 | 20 | 20 | x=(4+(9+7)) | x 4 9 7 + + = | x:pie 4:pie 9:pie 7:pie +:pie +:pie =:pie
EXPR: 0 | POS | INT | 0 | 20 | 2 | x=((4-9)+7) | x 4 9 - 7 + = | x:pie 4:pie 9:pie -:pie 7:pie +:pie =:pie
EXPR: 0 | POS | INT | 0 | 20 | 2 | (4-(9-7))=x | 4 9 7 - - x = | 4:pie 9:pie 7:pie -:pie -:pie x:pie =:pie
EXPR: 0 | POS | INT | 0 | 20 | 6 | ((4+9)-7)=x | 4 9 + 7 - x = | 4:pie 9:pie +:pie 7:pie -:pie x:pie =:pie
EXPR: 0 | POS | INT | 0 | 20 | 2 | ((4-9)+7)=x | 4 9 - 7 + x = | 4:pie 9:pie -:pie 7:pie +:pie x:pie =:pie
EXPR: 1 | POS | INT | 0 | 20 | 20 | ((4+9)+7)=x | 4 9 + 7 + x = | 4:pie 9:pie +:pie 7:pie +:pie x:pie =:pie
EXPR: 0 | POS | INT | 2 | 20 | 12 | 4=((9-x)+7) | 4 9 x - 7 + = | 4:pie 9:pie x:pie -:pie 7:pie +:pie =:pie
EXPR: 0 | POS | INT | 2 | 20 | 6 | x=(4-(7-9)) | x 4 7 9 - - = | x:pie 4:pie 7:pie 9:pie -:pie -:pie =:pie
EXPR: 0 | POS | INT | 2 | 20 | 12 | 4=(9-(x-7)) | 4 9 x 7 - - = | 4:pie 9:pie x:pie 7:pie -:pie -:pie =:pie
EXPR: 0 | POS | INT | 2 | 20 | 2 | x=(4+(7-9)) | x 4 7 9 - + = | x:pie 4:pie 7:pie 9:pie -:pie +:pie =:pie
EXPR: 0 | POS | INT | 2 | 20 | 6 | (9+(4-7))=x | 9 4 7 - + x = | 9:pie 4:pie 7:pie -:pie +:pie x:pie =:pie
EXPR: 1 | POS | INT | 2 | 20 | 20 | (x-(4+9))=7 | x 4 9 + - 7 = | x:pie 4:pie 9:pie +:pie -:pie 7:pie =:pie
EXPR: 0 | POS | INT | 2 | 20 | 12 | x=(9-(4-7)) | x 9 4 7 - - = | x:pie 9:pie 4:pie 7:pie -:pie -:pie =:pie
EXPR: 0 | POS | INT | 2 | 20 | 2 | (4+(7-9))=x | 4 7 9 - + x = | 4:pie 7:pie 9:pie -:pie +:pie x:pie =:pie
EXPR: 0 | POS | INT | 2 | 20 | 6 | ((4-7)+9)=x | 4 7 - 9 + x = | 4:pie 7:pie -:pie 9:pie +:pie x:pie =:pie
EXPR: 0 | POS | INT | 2 | 20 | 12 | (9-(4-7))=x | 9 4 7 - - x = | 9:pie 4:pie 7:pie -:pie -:pie x:pie =:pie
EXPR: 0 | POS | INT | 2 | 20 | 6 | (4-(7-9))=x | 4 7 9 - - x = | 4:pie 7:pie 9:pie -:pie -:pie x:pie =:pie
EXPR: 1 | POS | INT | 2 | 20 | 20 | (9+(4+7))=x | 9 4 7 + + x = | 9:pie 4:pie 7:pie +:pie +:pie x:pie =:pie
EXPR: 0 | POS | INT | 2 | 20 | 12 | ((9-4)+7)=x | 9 4 - 7 + x = | 9:pie 4:pie -:pie 7:pie +:pie x:pie =:pie
EXPR: 0 | POS | INT | 2 | 20 | 2 | 4=((9-7)+x) | 4 9 7 - x + = | 4:pie 9:pie 7:pie -:pie x:pie +:pie =:pie
EXPR: 0 | POS | INT | 2 | 20 | 2 | ((4+7)-9)=x | 4 7 + 9 - x = | 4:pie 7:pie +:pie 9:pie -:pie x:pie =:pie
EXPR: 0 | POS | INT | 2 | 20 | 12 | x=((9-4)+7) | x 9 4 - 7 + = | x:pie 9:pie 4:pie -:pie 7:pie +:pie =:pie
EXPR: 0 | POS | INT | 2 | 20 | 2 | 4=((9+x)-7) | 4 9 x + 7 - = | 4:pie 9:pie x:pie +:pie 7:pie -:pie =:pie
EXPR: 0 | POS | INT | 2 | 20 | 6 | x=(9+(4-7)) | x 9 4 7 - + = | x:pie 9:pie 4:pie 7:pie -:pie +:pie =:pie
EXPR: 0 | POS | INT | 2 | 20 | 6 | (4-(x-9))=7 | 4 x 9 - - 7 = | 4:pie x:pie 9:pie -:pie -:pie 7:pie =:pie
EXPR: 0 | POS | INT | 2 | 20 | 2 | 4=(9+(x-7)) | 4 9 x 7 - + = | 4:pie 9:pie x:pie 7:pie -:pie +:pie =:pie
EXPR: 1 | POS | INT | 2 | 20 | 20 | ((x-4)-9)=7 | x 4 - 9 - 7 = | x:pie 4:pie -:pie 9:pie -:pie 7:pie =:pie
EXPR: 0 | POS | INT | 2 | 20 | 2 | ((x-4)+9)=7 | x 4 - 9 + 7 = | x:pie 4:pie -:pie 9:pie +:pie 7:pie =:pie
EXPR: 0 | POS | INT | 2 | 20 | 12 | 4=((9+7)-x) | 4 9 7 + x - = | 4:pie 9:pie 7:pie +:pie x:pie -:pie =:pie
EXPR: 0 | POS | INT | 2 | 20 | 2 | (x-(4-9))=7 | x 4 9 - - 7 = | x:pie 4:pie 9:pie -:pie -:pie 7:pie =:pie
EXPR: 0 | POS | INT | 2 | 20 | 12 | 4=(9+(7-x)) | 4 9 7 x - + = | 4:pie 9:pie 7:pie x:pie -:pie +:pie =:pie
EXPR: 0 | POS | INT | 2 | 20 | 12 | (4-(9-x))=7 | 4 9 x - - 7 = | 4:pie 9:pie x:pie -:pie -:pie 7:pie =:pie
EXPR: 1 | POS | INT | 2 | 20 | 20 | ((4+7)+9)=x | 4 7 + 9 + x = | 4:pie 7:pie +:pie 9:pie +:pie x:pie =:pie
EXPR: 0 | POS | INT | 2 | 20 | 12 | (4+(x-9))=7 | 4 x 9 - + 7 = | 4:pie x:pie 9:pie -:pie +:pie 7:pie =:pie
EXPR: 0 | POS | INT | 2 | 20 | 12 | ((4-9)+x)=7 | 4 9 - x + 7 = | 4:pie 9:pie -:pie x:pie +:pie 7:pie =:pie
EXPR: 0 | POS | INT | 2 | 20 | 12 | (x+(4-9))=7 | x 4 9 - + 7 = | x:pie 4:pie 9:pie -:pie +:pie 7:pie =:pie
EXPR: 0 | POS | INT | 2 | 20 | 6 | x=((4-7)+9) | x 4 7 - 9 + = | x:pie 4:pie 7:pie -:pie 9:pie +:pie =:pie
EXPR: 0 | POS | INT | 2 | 20 | 2 | x=((4+7)-9) | x 4 7 + 9 - = | x:pie 4:pie 7:pie +:pie 9:pie -:pie =:pie
EXPR: 1 | POS | INT | 2 | 20 | 20 | x=((4+7)+9) | x 4 7 + 9 + = | x:pie 4:pie 7:pie +:pie 9:pie +:pie =:pie
EXPR: 0 | POS | INT | 2 | 20 | 6 | ((4+9)-x)=7 | 4 9 + x - 7 = | 4:pie 9:pie +:pie x:pie -:pie 7:pie =:pie
EXPR: 0 | POS | INT | 2 | 20 | 12 | ((x+4)-9)=7 | x 4 + 9 - 7 = | x:pie 4:pie +:pie 9:pie -:pie 7:pie =:pie
EXPR: 0 | POS | INT | 2 | 20 | 6 | (4+(9-x))=7 | 4 9 x - + 7 = | 4:pie 9:pie x:pie -:pie +:pie 7:pie =:pie
EXPR: 1 | POS | INT | 2 | 20 | 20 | x=(9+(4+7)) | x 9 4 7 + + = | x:pie 9:pie 4:pie 7:pie +:pie +:pie =:pie
EXPR: 0 | POS | INT | 2 | 20 | 6 | 4=(x-(9-7)) | 4 x 9 7 - - = | 4:pie x:pie 9:pie 7:pie -:pie -:pie =:pie
EXPR: 1 | POS | INT | 2 | 20 | 20 | 4=(x-(9+7)) | 4 x 9 7 + - = | 4:pie x:pie 9:pie 7:pie +:pie -:pie =:pie
EXPR: 0 | POS | INT | 2 | 20 | 6 | ((4-x)+9)=7 | 4 x - 9 + 7 = | 4:pie x:pie -:pie 9:pie +:pie 7:pie =:pie
EXPR: 0 | POS | INT | 2 | 20 | 12 | ((4+x)-9)=7 | 4 x + 9 - 7 = | 4:pie x:pie +:pie 9:pie -:pie 7:pie =:pie
EXPR: 0 | POS | INT | 2 | 20 | 2 | 4=(x+(9-7)) | 4 x 9 7 - + = | 4:pie x:pie 9:pie 7:pie -:pie +:pie =:pie
EXPR: 0 | POS | INT | 2 | 20 | 2 | 4=(9-(7-x)) | 4 9 7 x - - = | 4:pie 9:pie 7:pie x:pie -:pie -:pie =:pie
EXPR: 1 | POS | INT | 2 | 20 | 20 | 4=((x-9)-7) | 4 x 9 - 7 - = | 4:pie x:pie 9:pie -:pie 7:pie -:pie =:pie
EXPR: 0 | POS | INT | 2 | 20 | 6 | 4=((x-9)+7) | 4 x 9 - 7 + = | 4:pie x:pie 9:pie -:pie 7:pie +:pie =:pie
EXPR: 0 | POS | INT | 2 | 20 | 2 | 4=((x+9)-7) | 4 x 9 + 7 - = | 4:pie x:pie 9:pie +:pie 7:pie -:pie =:pie
EXPR: 0 | POS | INT | 4 | 20 | 12 | 9=((4+x)-7) | 9 4 x + 7 - = | 9:pie 4:pie x:pie +:pie 7:pie -:pie =:pie
EXPR: 0 | POS | INT | 4 | 20 | 6 | 4=(7-(9-x)) | 4 7 9 x - - = | 4:pie 7:pie 9:pie x:pie -:pie -:pie =:pie
EXPR: 0 | POS | INT | 4 | 20 | 12 | 4=(7-(x-9)) | 4 7 x 9 - - = | 4:pie 7:pie x:pie 9:pie -:pie -:pie =:pie
EXPR: 0 | POS | INT | 4 | 20 | 2 | (4+(7-x))=9 | 4 7 x - + 9 = | 4:pie 7:pie x:pie -:pie +:pie 9:pie =:pie
EXPR: 0 | POS | INT | 4 | 20 | 12 | ((x-9)+4)=7 | x 9 - 4 + 7 = | x:pie 9:pie -:pie 4:pie +:pie 7:pie =:pie
EXPR: 0 | POS | INT | 4 | 20 | 12 | 4=((7-x)+9) | 4 7 x - 9 + = | 4:pie 7:pie x:pie -:pie 9:pie +:pie =:pie
EXPR: 0 | POS | INT | 4 | 20 | 2 | (4-(x-7))=9 | 4 x 7 - - 9 = | 4:pie x:pie 7:pie -:pie -:pie 9:pie =:pie
EXPR: 0 | POS | INT | 4 | 20 | 6 | (9+(4-x))=7 | 9 4 x - + 7 = | 9:pie 4:pie x:pie -:pie +:pie 7:pie =:pie
EXPR: 0 | POS | INT | 4 | 20 | 2 | ((4+7)-x)=9 | 4 7 + x - 9 = | 4:pie 7:pie +:pie x:pie -:pie 9:pie =:pie
EXPR: 0 | POS | INT | 4 | 20 | 6 | 4=(7+(x-9)) | 4 7 x 9 - + = | 4:pie 7:pie x:pie 9:pie -:pie +:pie =:pie
EXPR: 1 | POS | INT | 4 | 20 | 20 | (x-(4+7))=9 | x 4 7 + - 9 = | x:pie 4:pie 7:pie +:pie -:pie 9:pie =:pie
EXPR: 0 | POS | INT | 4 | 20 | 12 | (4+(x-7))=9 | 4 x 7 - + 9 = | 4:pie x:pie 7:pie -:pie +:pie 9:pie =:pie
EXPR: 0 | POS | INT | 4 | 20 | 2 | 9=((4-x)+7) | 9 4 x - 7 + = | 9:pie 4:pie x:pie -:pie 7:pie +:pie =:pie
EXPR: 1 | POS | INT | 4 | 20 | 20 | ((x-9)-4)=7 | x 9 - 4 - 7 = | x:pie 9:pie -:pie 4:pie -:pie 7:pie =:pie
EXPR: 0 | POS | INT | 4 | 20 | 6 | 4=((7+x)-9) | 4 7 x + 9 - = | 4:pie 7:pie x:pie +:pie 9:pie -:pie =:pie
EXPR: 0 | POS | INT | 4 | 20 | 2 | ((9-4)+x)=7 | 9 4 - x + 7 = | 9:pie 4:pie -:pie x:pie +:pie 7:pie =:pie
EXPR: 0 | POS | INT | 4 | 20 | 6 | 4=((7-9)+x) | 4 7 9 - x + = | 4:pie 7:pie 9:pie -:pie x:pie +:pie =:pie
EXPR: 0 | POS | INT | 4 | 20 | 2 | (9-(4-x))=7 | 9 4 x - - 7 = | 9:pie 4:pie x:pie -:pie -:pie 7:pie =:pie
EXPR: 0 | POS | INT | 4 | 20 | 2 | 9=(4-(x-7)) | 9 4 x 7 - - = | 9:pie 4:pie x:pie 7:pie -:pie -:pie =:pie
EXPR: 0 | POS | INT | 4 | 20 | 6 | (9-(x-4))=7 | 9 x 4 - - 7 = | 9:pie x:pie 4:pie -:pie -:pie 7:pie =:pie
EXPR: 0 | POS | INT | 4 | 20 | 6 | (x-(4-7))=9 | x 4 7 - - 9 = | x:pie 4:pie 7:pie -:pie -:pie 9:pie =:pie
EXPR: 0 | POS | INT | 4 | 20 | 12 | (4-(7-x))=9 | 4 7 x - - 9 = | 4:pie 7:pie x:pie -:pie -:pie 9:pie =:pie
EXPR: 0 | POS | INT | 4 | 20 | 12 | 9=(4-(7-x)) | 9 4 7 x - - = | 9:pie 4:pie 7:pie x:pie -:pie -:pie =:pie
EXPR: 0 | POS | INT | 4 | 20 | 12 | 4=(7+(9-x)) | 4 7 9 x - + = | 4:pie 7:pie 9:pie x:pie -:pie +:pie =:pie
EXPR: 0 | POS | INT | 4 | 20 | 12 | ((4-7)+x)=9 | 4 7 - x + 9 = | 4:pie 7:pie -:pie x:pie +:pie 9:pie =:pie
EXPR: 0 | POS | INT | 4 | 20 | 2 | ((x+9)-4)=7 | x 9 + 4 - 7 = | x:pie 9:pie +:pie 4:pie -:pie 7:pie =:pie
EXPR: 0 | POS | INT | 4 | 20 | 12 | (x-(9-4))=7 | x 9 4 - - 7 = | x:pie 9:pie 4:pie -:pie -:pie 7:pie =:pie
EXPR: 0 | POS | INT | 4 | 20 | 2 | (x+(9-4))=7 | x 9 4 - + 7 = | x:pie 9:pie 4:pie -:pie +:pie 7:pie =:pie
EXPR: 0 | POS | INT | 4 | 20 | 12 | (x+(4-7))=9 | x 4 7 - + 9 = | x:pie 4:pie 7:pie -:pie +:pie 9:pie =:pie
EXPR: 0 | POS | INT | 4 | 20 | 12 | 9=(4+(x-7)) | 9 4 x 7 - + = | 9:pie 4:pie x:pie 7:pie -:pie +:pie =:pie
EXPR: 0 | POS | INT | 4 | 20 | 2 | 9=(4+(7-x)) | 9 4 7 x - + = | 9:pie 4:pie 7:pie x:pie -:pie +:pie =:pie
EXPR: 0 | POS | INT | 4 | 20 | 6 | 9=(x-(4-7)) | 9 x 4 7 - - = | 9:pie x:pie 4:pie 7:pie -:pie -:pie =:pie
EXPR: 0 | POS | INT | 4 | 20 | 2 | 4=(x-(7-9)) | 4 x 7 9 - - = | 4:pie x:pie 7:pie 9:pie -:pie -:pie =:pie
EXPR: 0 | POS | INT | 4 | 20 | 6 | 4=(x+(7-9)) | 4 x 7 9 - + = | 4:pie x:pie 7:pie 9:pie -:pie +:pie =:pie
EXPR: 0 | POS | INT | 4 | 20 | 12 | 9=(x+(4-7)) | 9 x 4 7 - + = | 9:pie x:pie 4:pie 7:pie -:pie +:pie =:pie
EXPR: 0 | POS | INT | 4 | 20 | 2 | (9+(x-4))=7 | 9 x 4 - + 7 = | 9:pie x:pie 4:pie -:pie +:pie 7:pie =:pie
EXPR: 1 | POS | INT | 4 | 20 | 20 | 9=(x-(4+7)) | 9 x 4 7 + - = | 9:pie x:pie 4:pie 7:pie +:pie -:pie =:pie
EXPR: 1 | POS | INT | 4 | 20 | 20 | ((x-4)-7)=9 | x 4 - 7 - 9 = | x:pie 4:pie -:pie 7:pie -:pie 9:pie =:pie
EXPR: 0 | POS | INT | 4 | 20 | 12 | ((4+x)-7)=9 | 4 x + 7 - 9 = | 4:pie x:pie +:pie 7:pie -:pie 9:pie =:pie
EXPR: 0 | POS | INT | 4 | 20 | 12 | ((x+4)-7)=9 | x 4 + 7 - 9 = | x:pie 4:pie +:pie 7:pie -:pie 9:pie =:pie
EXPR: 0 | POS | INT | 4 | 20 | 6 | ((x-4)+7)=9 | x 4 - 7 + 9 = | x:pie 4:pie -:pie 7:pie +:pie 9:pie =:pie
EXPR: 0 | POS | INT | 4 | 20 | 2 | 9=((4+7)-x) | 9 4 7 + x - = | 9:pie 4:pie 7:pie +:pie x:pie -:pie =:pie
EXPR: 1 | POS | INT | 4 | 20 | 20 | 9=((x-4)-7) | 9 x 4 - 7 - = | 9:pie x:pie 4:pie -:pie 7:pie -:pie =:pie
EXPR: 0 | POS | INT | 4 | 20 | 2 | ((4-x)+7)=9 | 4 x - 7 + 9 = | 4:pie x:pie -:pie 7:pie +:pie 9:pie =:pie
EXPR: 0 | POS | INT | 4 | 20 | 12 | 9=((4-7)+x) | 9 4 7 - x + = | 9:pie 4:pie 7:pie -:pie x:pie +:pie =:pie
EXPR: 0 | POS | INT | 4 | 20 | 12 | 9=((x+4)-7) | 9 x 4 + 7 - = | 9:pie x:pie 4:pie +:pie 7:pie -:pie =:pie
EXPR: 0 | POS | INT | 4 | 20 | 6 | 9=((x-4)+7) | 9 x 4 - 7 + = | 9:pie x:pie 4:pie -:pie 7:pie +:pie =:pie
EXPR: 0 | POS | INT | 4 | 20 | 2 | ((9+x)-4)=7 | 9 x + 4 - 7 = | 9:pie x:pie +:pie 4:pie -:pie 7:pie =:pie
EXPR: 0 | POS | INT | 4 | 20 | 6 | ((9-x)+4)=7 | 9 x - 4 + 7 = | 9:pie x:pie -:pie 4:pie +:pie 7:pie =:pie
EXPR: 0 | POS | INT | 4 | 20 | 6 | 4=((x+7)-9) | 4 x 7 + 9 - = | 4:pie x:pie 7:pie +:pie 9:pie -:pie =:pie
EXPR: 1 | POS | INT | 4 | 20 | 20 | 4=((x-7)-9) | 4 x 7 - 9 - = | 4:pie x:pie 7:pie -:pie 9:pie -:pie =:pie
EXPR: 0 | POS | INT | 4 | 20 | 2 | 4=((x-7)+9) | 4 x 7 - 9 + = | 4:pie x:pie 7:pie -:pie 9:pie +:pie =:pie
EXPR: 0 | POS | INT | 5 | 20 | 12 | x=((7-4)+9) | x 7 4 - 9 + = | x:pie 7:pie 4:pie -:pie 9:pie +:pie =:pie
EXPR: 0 | POS | INT | 5 | 20 | 6 | x=(9-(7-4)) | x 9 7 4 - - = | x:pie 9:pie 7:pie 4:pie -:pie -:pie =:pie
EXPR: 0 | POS | INT | 5 | 20 | 2 | x=(7+(4-9)) | x 7 4 9 - + = | x:pie 7:pie 4:pie 9:pie -:pie +:pie =:pie
EXPR: 0 | POS | INT | 5 | 20 | 12 | x=((9+7)-4) | x 9 7 + 4 - = | x:pie 9:pie 7:pie +:pie 4:pie -:pie =:pie
EXPR: 0 | POS | INT | 5 | 20 | 6 | (9-(7-4))=x | 9 7 4 - - x = | 9:pie 7:pie 4:pie -:pie -:pie x:pie =:pie
EXPR: 0 | POS | INT | 5 | 20 | 12 | (7-(4-9))=x | 7 4 9 - - x = | 7:pie 4:pie 9:pie -:pie -:pie x:pie =:pie
EXPR: 0 | POS | INT | 5 | 20 | 6 | x=((9-7)+4) | x 9 7 - 4 + = | x:pie 9:pie 7:pie -:pie 4:pie +:pie =:pie
EXPR: 0 | POS | INT | 5 | 20 | 2 | (7+(4-9))=x | 7 4 9 - + x = | 7:pie 4:pie 9:pie -:pie +:pie x:pie =:pie
EXPR: 1 | POS | INT | 5 | 20 | 20 | (7+(4+9))=x | 7 4 9 + + x = | 7:pie 4:pie 9:pie +:pie +:pie x:pie =:pie
EXPR: 0 | POS | INT | 5 | 20 | 12 | x=(9+(7-4)) | x 9 7 4 - + = | x:pie 9:pie 7:pie 4:pie -:pie +:pie =:pie
EXPR: 0 | POS | INT | 5 | 20 | 12 | x=(7-(4-9)) | x 7 4 9 - - = | x:pie 7:pie 4:pie 9:pie -:pie -:pie =:pie
EXPR: 0 | POS | INT | 5 | 20 | 12 | (9+(7-4))=x | 9 7 4 - + x = | 9:pie 7:pie 4:pie -:pie +:pie x:pie =:pie
EXPR: 1 | POS | INT | 5 | 20 | 20 | x=((9+7)+4) | x 9 7 + 4 + = | x:pie 9:pie 7:pie +:pie 4:pie +:pie =:pie
EXPR: 0 | POS | INT | 5 | 20 | 12 | ((7-4)+9)=x | 7 4 - 9 + x = | 7:pie 4:pie -:pie 9:pie +:pie x:pie =:pie
EXPR: 1 | POS | INT | 5 | 20 | 20 | x=(7+(4+9)) | x 7 4 9 + + = | x:pie 7:pie 4:pie 9:pie +:pie +:pie =:pie
EXPR: 0 | POS | INT | 5 | 20 | 6 | ((9-7)+4)=x | 9 7 - 4 + x = | 9:pie 7:pie -:pie 4:pie +:pie x:pie =:pie
EXPR: 0 | POS | INT | 5 | 20 | 12 | ((9+7)-4)=x | 9 7 + 4 - x = | 9:pie 7:pie +:pie 4:pie -:pie x:pie =:pie
EXPR: 1 | POS | INT | 5 | 20 | 20 | ((9+7)+4)=x | 9 7 + 4 + x = | 9:pie 7:pie +:pie 4:pie +:pie x:pie =:pie
EXPR: 1 | POS | INT | 7 | 20 | 20 | 7=(x-(4+9)) | 7 x 4 9 + - = | 7:pie x:pie 4:pie 9:pie +:pie -:pie =:pie
EXPR: 1 | POS | INT | 7 | 20 | 20 | (x-(9+7))=4 | x 9 7 + - 4 = | x:pie 9:pie 7:pie +:pie -:pie 4:pie =:pie
EXPR: 0 | POS | INT | 7 | 20 | 2 | x=((7-9)+4) | x 7 9 - 4 + = | x:pie 7:pie 9:pie -:pie 4:pie +:pie =:pie
EXPR: 0 | POS | INT | 7 | 20 | 12 | (9+(7-x))=4 | 9 7 x - + 4 = | 9:pie 7:pie x:pie -:pie +:pie 4:pie =:pie
EXPR: 0 | POS | INT | 7 | 20 | 2 | ((9-7)+x)=4 | 9 7 - x + 4 = | 9:pie 7:pie -:pie x:pie +:pie 4:pie =:pie
EXPR: 0 | POS | INT | 7 | 20 | 12 | (x-(7-4))=9 | x 7 4 - - 9 = | x:pie 7:pie 4:pie -:pie -:pie 9:pie =:pie
EXPR: 0 | POS | INT | 7 | 20 | 6 | (7-(4-x))=9 | 7 4 x - - 9 = | 7:pie 4:pie x:pie -:pie -:pie 9:pie =:pie
EXPR: 0 | POS | INT | 7 | 20 | 6 | 7=(4+(9-x)) | 7 4 9 x - + = | 7:pie 4:pie 9:pie x:pie -:pie +:pie =:pie
EXPR: 0 | POS | INT | 7 | 20 | 6 | ((x-9)+7)=4 | x 9 - 7 + 4 = | x:pie 9:pie -:pie 7:pie +:pie 4:pie =:pie
EXPR: 0 | POS | INT | 7 | 20 | 6 | (7+(x-4))=9 | 7 x 4 - + 9 = | 7:pie x:pie 4:pie -:pie +:pie 9:pie =:pie
EXPR: 0 | POS | INT | 7 | 20 | 6 | (x-(9-7))=4 | x 9 7 - - 4 = | x:pie 9:pie 7:pie -:pie -:pie 4:pie =:pie
EXPR: 0 | POS | INT | 7 | 20 | 6 | 9=((7+x)-4) | 9 7 x + 4 - = | 9:pie 7:pie x:pie +:pie 4:pie -:pie =:pie
EXPR: 0 | POS | INT | 7 | 20 | 12 | 9=(x-(7-4)) | 9 x 7 4 - - = | 9:pie x:pie 7:pie 4:pie -:pie -:pie =:pie
EXPR: 0 | POS | INT | 7 | 20 | 2 | (9+(x-7))=4 | 9 x 7 - + 4 = | 9:pie x:pie 7:pie -:pie +:pie 4:pie =:pie
EXPR: 0 | POS | INT | 7 | 20 | 6 | 9=(7-(4-x)) | 9 7 4 x - - = | 9:pie 7:pie 4:pie x:pie -:pie -:pie =:pie
EXPR: 0 | POS | INT | 7 | 20 | 12 | (9-(x-7))=4 | 9 x 7 - - 4 = | 9:pie x:pie 7:pie -:pie -:pie 4:pie =:pie
EXPR: 0 | POS | INT | 7 | 20 | 2 | 9=(7+(4-x)) | 9 7 4 x - + = | 9:pie 7:pie 4:pie x:pie -:pie +:pie =:pie
EXPR: 0 | POS | INT | 7 | 20 | 12 | x=(7+(9-4)) | x 7 9 4 - + = | x:pie 7:pie 9:pie 4:pie -:pie +:pie =:pie
EXPR: 0 | POS | INT | 7 | 20 | 2 | (7+(4-x))=9 | 7 4 x - + 9 = | 7:pie 4:pie x:pie -:pie +:pie 9:pie =:pie
EXPR: 0 | POS | INT | 7 | 20 | 12 | 7=(4-(9-x)) | 7 4 9 x - - = | 7:pie 4:pie 9:pie x:pie -:pie -:pie =:pie
EXPR: 0 | POS | INT | 7 | 20 | 12 | ((9+7)-x)=4 | 9 7 + x - 4 = | 9:pie 7:pie +:pie x:pie -:pie 4:pie =:pie
EXPR: 0 | POS | INT | 7 | 20 | 2 | (7-(9-4))=x | 7 9 4 - - x = | 7:pie 9:pie 4:pie -:pie -:pie x:pie =:pie
EXPR: 1 | POS | INT | 7 | 20 | 20 | ((x-9)-7)=4 | x 9 - 7 - 4 = | x:pie 9:pie -:pie 7:pie -:pie 4:pie =:pie
EXPR: 0 | POS | INT | 7 | 20 | 12 | 7=(4+(x-9)) | 7 4 x 9 - + = | 7:pie 4:pie x:pie 9:pie -:pie +:pie =:pie
EXPR: 0 | POS | INT | 7 | 20 | 6 | ((7+x)-4)=9 | 7 x + 4 - 9 = | 7:pie x:pie +:pie 4:pie -:pie 9:pie =:pie
EXPR: 0 | POS | INT | 7 | 20 | 2 | (7-(x-4))=9 | 7 x 4 - - 9 = | 7:pie x:pie 4:pie -:pie -:pie 9:pie =:pie
EXPR: 0 | POS | INT | 7 | 20 | 6 | 7=(4-(x-9)) | 7 4 x 9 - - = | 7:pie 4:pie x:pie 9:pie -:pie -:pie =:pie
EXPR: 0 | POS | INT | 7 | 20 | 2 | x=(7-(9-4)) | x 7 9 4 - - = | x:pie 7:pie 9:pie 4:pie -:pie -:pie =:pie
EXPR: 0 | POS | INT | 7 | 20 | 6 | (x+(7-4))=9 | x 7 4 - + 9 = | x:pie 7:pie 4:pie -:pie +:pie 9:pie =:pie
EXPR: 0 | POS | INT | 7 | 20 | 12 | (7+(9-4))=x | 7 9 4 - + x = | 7:pie 9:pie 4:pie -:pie +:pie x:pie =:pie
EXPR: 0 | POS | INT | 7 | 20 | 12 | 7=((4+x)-9) | 7 4 x + 9 - = | 7:pie 4:pie x:pie +:pie 9:pie -:pie =:pie
EXPR: 0 | POS | INT | 7 | 20 | 2 | (x+(9-7))=4 | x 9 7 - + 4 = | x:pie 9:pie 7:pie -:pie +:pie 4:pie =:pie
EXPR: 0 | POS | INT | 7 | 20 | 6 | 9=((7-4)+x) | 9 7 4 - x + = | 9:pie 7:pie 4:pie -:pie x:pie +:pie =:pie
EXPR: 0 | POS | INT | 7 | 20 | 6 | ((7-4)+x)=9 | 7 4 - x + 9 = | 7:pie 4:pie -:pie x:pie +:pie 9:pie =:pie
EXPR: 0 | POS | INT | 7 | 20 | 12 | 7=((4-9)+x) | 7 4 9 - x + = | 7:pie 4:pie 9:pie -:pie x:pie +:pie =:pie
EXPR: 0 | POS | INT | 7 | 20 | 6 | 9=(x+(7-4)) | 9 x 7 4 - + = | 9:pie x:pie 7:pie 4:pie -:pie +:pie =:pie
EXPR: 0 | POS | INT | 7 | 20 | 2 | 7=(x-(4-9)) | 7 x 4 9 - - = | 7:pie x:pie 4:pie 9:pie -:pie -:pie =:pie
EXPR: 0 | POS | INT | 7 | 20 | 2 | 9=(7-(x-4)) | 9 7 x 4 - - = | 9:pie 7:pie x:pie 4:pie -:pie -:pie =:pie
EXPR: 0 | POS | INT | 7 | 20 | 6 | 9=(7+(x-4)) | 9 7 x 4 - + = | 9:pie 7:pie x:pie 4:pie -:pie +:pie =:pie
EXPR: 0 | POS | INT | 7 | 20 | 6 | 7=((4+9)-x) | 7 4 9 + x - = | 7:pie 4:pie 9:pie +:pie x:pie -:pie =:pie
EXPR: 0 | POS | INT | 7 | 20 | 2 | 9=((7-x)+4) | 9 7 x - 4 + = | 9:pie 7:pie x:pie -:pie 4:pie +:pie =:pie
EXPR: 0 | POS | INT | 7 | 20 | 2 | ((7-x)+4)=9 | 7 x - 4 + 9 = | 7:pie x:pie -:pie 4:pie +:pie 9:pie =:pie
EXPR: 0 | POS | INT | 7 | 20 | 6 | 7=((4-x)+9) | 7 4 x - 9 + = | 7:pie 4:pie x:pie -:pie 9:pie +:pie =:pie
EXPR: 1 | POS | INT | 7 | 20 | 20 | ((x-7)-4)=9 | x 7 - 4 - 9 = | x:pie 7:pie -:pie 4:pie -:pie 9:pie =:pie
EXPR: 0 | POS | INT | 7 | 20 | 2 | (9-(7-x))=4 | 9 7 x - - 4 = | 9:pie 7:pie x:pie -:pie -:pie 4:pie =:pie
EXPR: 0 | POS | INT | 7 | 20 | 12 | 7=((x+4)-9) | 7 x 4 + 9 - = | 7:pie x:pie 4:pie +:pie 9:pie -:pie =:pie
EXPR: 0 | POS | INT | 7 | 20 | 2 | ((9+x)-7)=4 | 9 x + 7 - 4 = | 9:pie x:pie +:pie 7:pie -:pie 4:pie =:pie
EXPR: 1 | POS | INT | 7 | 20 | 20 | 7=((x-4)-9) | 7 x 4 - 9 - = | 7:pie x:pie 4:pie -:pie 9:pie -:pie =:pie
EXPR: 0 | POS | INT | 7 | 20 | 2 | 7=((x-4)+9) | 7 x 4 - 9 + = | 7:pie x:pie 4:pie -:pie 9:pie +:pie =:pie
EXPR: 0 | POS | INT | 7 | 20 | 12 | 7=(x+(4-9)) | 7 x 4 9 - + = | 7:pie x:pie 4:pie 9:pie -:pie +:pie =:pie
EXPR: 0 | POS | INT | 7 | 20 | 12 | ((9-x)+7)=4 | 9 x - 7 + 4 = | 9:pie x:pie -:pie 7:pie +:pie 4:pie =:pie
EXPR: 0 | POS | INT | 7 | 20 | 12 | ((x-7)+4)=9 | x 7 - 4 + 9 = | x:pie 7:pie -:pie 4:pie +:pie 9:pie =:pie
EXPR: 0 | POS | INT | 7 | 20 | 6 | ((x+7)-4)=9 | x 7 + 4 - 9 = | x:pie 7:pie +:pie 4:pie -:pie 9:pie =:pie
EXPR: 0 | POS | INT | 7 | 20 | 2 | ((7-9)+4)=x | 7 9 - 4 + x = | 7:pie 9:pie -:pie 4:pie +:pie x:pie =:pie
EXPR: 0 | POS | INT | 7 | 20 | 2 | ((x+9)-7)=4 | x 9 + 7 - 4 = | x:pie 9:pie +:pie 7:pie -:pie 4:pie =:pie
EXPR: 1 | POS | INT | 7 | 20 | 20 | 9=((x-7)-4) | 9 x 7 - 4 - = | 9:pie x:pie 7:pie -:pie 4:pie -:pie =:pie
EXPR: 0 | POS | INT | 7 | 20 | 6 | 9=((x+7)-4) | 9 x 7 + 4 - = | 9:pie x:pie 7:pie +:pie 4:pie -:pie =:pie
EXPR: 0 | POS | INT | 7 | 20 | 12 | 9=((x-7)+4) | 9 x 7 - 4 + = | 9:pie x:pie 7:pie -:pie 4:pie +:pie =:pie
EXPR: 0 | POS | INT | 9 | 20 | 6 | (7+(x-9))=4 | 7 x 9 - + 4 = | 7:pie x:pie 9:pie -:pie +:pie 4:pie =:pie
EXPR: 0 | POS | INT | 9 | 20 | 2 | ((x-7)+9)=4 | x 7 - 9 + 4 = | x:pie 7:pie -:pie 9:pie +:pie 4:pie =:pie
EXPR: 0 | POS | INT | 9 | 20 | 12 | ((7-x)+9)=4 | 7 x - 9 + 4 = | 7:pie x:pie -:pie 9:pie +:pie 4:pie =:pie
EXPR: 0 | POS | INT | 9 | 20 | 6 | 7=(9+(4-x)) | 7 9 4 x - + = | 7:pie 9:pie 4:pie x:pie -:pie +:pie =:pie
EXPR: 1 | POS | INT | 9 | 20 | 20 | ((x-7)-9)=4 | x 7 - 9 - 4 = | x:pie 7:pie -:pie 9:pie -:pie 4:pie =:pie
EXPR: 0 | POS | INT | 9 | 20 | 2 | 7=(9-(4-x)) | 7 9 4 x - - = | 7:pie 9:pie 4:pie x:pie -:pie -:pie =:pie
EXPR: 0 | POS | INT | 9 | 20 | 2 | 7=(9+(x-4)) | 7 9 x 4 - + = | 7:pie 9:pie x:pie 4:pie -:pie +:pie =:pie
EXPR: 0 | POS | INT | 9 | 20 | 2 | (x-(7-9))=4 | x 7 9 - - 4 = | x:pie 7:pie 9:pie -:pie -:pie 4:pie =:pie
EXPR: 0 | POS | INT | 9 | 20 | 6 | 7=(9-(x-4)) | 7 9 x 4 - - = | 7:pie 9:pie x:pie 4:pie -:pie -:pie =:pie
EXPR: 0 | POS | INT | 9 | 20 | 6 | (x+(7-9))=4 | x 7 9 - + 4 = | x:pie 7:pie 9:pie -:pie +:pie 4:pie =:pie
EXPR: 0 | POS | INT | 9 | 20 | 12 | (7-(x-9))=4 | 7 x 9 - - 4 = | 7:pie x:pie 9:pie -:pie -:pie 4:pie =:pie
EXPR: 0 | POS | INT | 9 | 20 | 6 | ((7-9)+x)=4 | 7 9 - x + 4 = | 7:pie 9:pie -:pie x:pie +:pie 4:pie =:pie
EXPR: 0 | POS | INT | 9 | 20 | 2 | 7=((9+x)-4) | 7 9 x + 4 - = | 7:pie 9:pie x:pie +:pie 4:pie -:pie =:pie
EXPR: 0 | POS | INT | 9 | 20 | 6 | (7-(9-x))=4 | 7 9 x - - 4 = | 7:pie 9:pie x:pie -:pie -:pie 4:pie =:pie
EXPR: 0 | POS | INT | 9 | 20 | 2 | 7=((9-4)+x) | 7 9 4 - x + = | 7:pie 9:pie 4:pie -:pie x:pie +:pie =:pie
EXPR: 0 | POS | INT | 9 | 20 | 6 | ((7+x)-9)=4 | 7 x + 9 - 4 = | 7:pie x:pie +:pie 9:pie -:pie 4:pie =:pie
EXPR: 0 | POS | INT | 9 | 20 | 6 | 7=((9-x)+4) | 7 9 x - 4 + = | 7:pie 9:pie x:pie -:pie 4:pie +:pie =:pie
EXPR: 0 | POS | INT | 9 | 20 | 12 | (7+(9-x))=4 | 7 9 x - + 4 = | 7:pie 9:pie x:pie -:pie +:pie 4:pie =:pie
EXPR: 1 | POS | INT | 9 | 20 | 20 | 7=((x-9)-4) | 7 x 9 - 4 - = | 7:pie x:pie 9:pie -:pie 4:pie -:pie =:pie
EXPR: 0 | POS | INT | 9 | 20 | 12 | 7=((x-9)+4) | 7 x 9 - 4 + = | 7:pie x:pie 9:pie -:pie 4:pie +:pie =:pie
EXPR: 0 | POS | INT | 9 | 20 | 12 | 7=(x-(9-4)) | 7 x 9 4 - - = | 7:pie x:pie 9:pie 4:pie -:pie -:pie =:pie
EXPR: 0 | POS | INT | 9 | 20 | 2 | 7=(x+(9-4)) | 7 x 9 4 - + = | 7:pie x:pie 9:pie 4:pie -:pie +:pie =:pie
EXPR: 0 | POS | INT | 9 | 20 | 6 | ((x+7)-9)=4 | x 7 + 9 - 4 = | x:pie 7:pie +:pie 9:pie -:pie 4:pie =:pie
EXPR: 0 | POS | INT | 9 | 20 | 2 | 7=((x+9)-4) | 7 x 9 + 4 - = | 7:pie x:pie 9:pie +:pie 4:pie -:pie =:pie
EXPR: 1 | POS | INT | 12 | 20 | 20 | (4+9)=(x-7) | 4 9 + x 7 - = | 4:pie 9:pie +:pie x:pie 7:pie -:pie =:pie
EXPR: 0 | POS | INT | 12 | 20 | 2 | (4-x)=(9-7) | 4 x - 9 7 - = | 4:pie x:pie -:pie 9:pie 7:pie -:pie =:pie
EXPR: 0 | POS | INT | 12 | 20 | 6 | (4+9)=(x+7) | 4 9 + x 7 + = | 4:pie 9:pie +:pie x:pie 7:pie +:pie =:pie
EXPR: 0 | POS | INT | 12 | 20 | 2 | (4-9)=(x-7) | 4 9 - x 7 - = | 4:pie 9:pie -:pie x:pie 7:pie -:pie =:pie
EXPR: 0 | POS | INT | 12 | 20 | 12 | (4+x)=(9+7) | 4 x + 9 7 + = | 4:pie x:pie +:pie 9:pie 7:pie +:pie =:pie
EXPR: 0 | POS | INT | 12 | 20 | 12 | (4-9)=(7-x) | 4 9 - 7 x - = | 4:pie 9:pie -:pie 7:pie x:pie -:pie =:pie
EXPR: 0 | POS | INT | 12 | 20 | 6 | (4+9)=(7+x) | 4 9 + 7 x + = | 4:pie 9:pie +:pie 7:pie x:pie +:pie =:pie
EXPR: 0 | POS | INT | 12 | 20 | 12 | (x+4)=(9+7) | x 4 + 9 7 + = | x:pie 4:pie +:pie 9:pie 7:pie +:pie =:pie
EXPR: 0 | POS | INT | 12 | 20 | 6 | (x-4)=(9-7) | x 4 - 9 7 - = | x:pie 4:pie -:pie 9:pie 7:pie -:pie =:pie
EXPR: 1 | POS | INT | 12 | 20 | 20 | (x-4)=(9+7) | x 4 - 9 7 + = | x:pie 4:pie -:pie 9:pie 7:pie +:pie =:pie
EXPR: 0 | POS | INT | 14 | 20 | 12 | (9-x)=(4-7) | 9 x - 4 7 - = | 9:pie x:pie -:pie 4:pie 7:pie -:pie =:pie
EXPR: 0 | POS | INT | 14 | 20 | 12 | (4-7)=(9-x) | 4 7 - 9 x - = | 4:pie 7:pie -:pie 9:pie x:pie -:pie =:pie
EXPR: 0 | POS | INT | 14 | 20 | 2 | (x-4)=(7-9) | x 4 - 7 9 - = | x:pie 4:pie -:pie 7:pie 9:pie -:pie =:pie
EXPR: 0 | POS | INT | 14 | 20 | 6 | (4-7)=(x-9) | 4 7 - x 9 - = | 4:pie 7:pie -:pie x:pie 9:pie -:pie =:pie
EXPR: 0 | POS | INT | 14 | 20 | 2 | (9+x)=(4+7) | 9 x + 4 7 + = | 9:pie x:pie +:pie 4:pie 7:pie +:pie =:pie
EXPR: 0 | POS | INT | 14 | 20 | 6 | (4-x)=(7-9) | 4 x - 7 9 - = | 4:pie x:pie -:pie 7:pie 9:pie -:pie =:pie
EXPR: 0 | POS | INT | 14 | 20 | 2 | (4+7)=(9+x) | 4 7 + 9 x + = | 4:pie 7:pie +:pie 9:pie x:pie +:pie =:pie
EXPR: 0 | POS | INT | 14 | 20 | 12 | (9-4)=(x-7) | 9 4 - x 7 - = | 9:pie 4:pie -:pie x:pie 7:pie -:pie =:pie
EXPR: 0 | POS | INT | 14 | 20 | 6 | (x-9)=(4-7) | x 9 - 4 7 - = | x:pie 9:pie -:pie 4:pie 7:pie -:pie =:pie
EXPR: 1 | POS | INT | 14 | 20 | 20 | (x-9)=(4+7) | x 9 - 4 7 + = | x:pie 9:pie -:pie 4:pie 7:pie +:pie =:pie
EXPR: 0 | POS | INT | 14 | 20 | 2 | (9-4)=(7-x) | 9 4 - 7 x - = | 9:pie 4:pie -:pie 7:pie x:pie -:pie =:pie
EXPR: 0 | POS | INT | 14 | 20 | 2 | (x+9)=(4+7) | x 9 + 4 7 + = | x:pie 9:pie +:pie 4:pie 7:pie +:pie =:pie
EXPR: 1 | POS | INT | 14 | 20 | 20 | (4+7)=(x-9) | 4 7 + x 9 - = | 4:pie 7:pie +:pie x:pie 9:pie -:pie =:pie
EXPR: 0 | POS | INT | 14 | 20 | 2 | (4+7)=(x+9) | 4 7 + x 9 + = | 4:pie 7:pie +:pie x:pie 9:pie +:pie =:pie
EXPR: 0 | POS | INT | 17 | 20 | 6 | (9-7)=(x-4) | 9 7 - x 4 - = | 9:pie 7:pie -:pie x:pie 4:pie -:pie =:pie
EXPR: 1 | POS | INT | 17 | 20 | 20 | (9+7)=(x-4) | 9 7 + x 4 - = | 9:pie 7:pie +:pie x:pie 4:pie -:pie =:pie
EXPR: 0 | POS | INT | 17 | 20 | 2 | (x-7)=(4-9) | x 7 - 4 9 - = | x:pie 7:pie -:pie 4:pie 9:pie -:pie =:pie
EXPR: 0 | POS | INT | 17 | 20 | 6 | (9-x)=(7-4) | 9 x - 7 4 - = | 9:pie x:pie -:pie 7:pie 4:pie -:pie =:pie
EXPR: 1 | POS | INT | 17 | 20 | 20 | (x-7)=(4+9) | x 7 - 4 9 + = | x:pie 7:pie -:pie 4:pie 9:pie +:pie =:pie
EXPR: 0 | POS | INT | 17 | 20 | 12 | (9+7)=(x+4) | 9 7 + x 4 + = | 9:pie 7:pie +:pie x:pie 4:pie +:pie =:pie
EXPR: 0 | POS | INT | 17 | 20 | 2 | (9-7)=(4-x) | 9 7 - 4 x - = | 9:pie 7:pie -:pie 4:pie x:pie -:pie =:pie
EXPR: 0 | POS | INT | 17 | 20 | 12 | (7-x)=(4-9) | 7 x - 4 9 - = | 7:pie x:pie -:pie 4:pie 9:pie -:pie =:pie
EXPR: 0 | POS | INT | 17 | 20 | 12 | (x-9)=(7-4) | x 9 - 7 4 - = | x:pie 9:pie -:pie 7:pie 4:pie -:pie =:pie
EXPR: 0 | POS | INT | 17 | 20 | 12 | (7-4)=(x-9) | 7 4 - x 9 - = | 7:pie 4:pie -:pie x:pie 9:pie -:pie =:pie
EXPR: 0 | POS | INT | 17 | 20 | 6 | (7-4)=(9-x) | 7 4 - 9 x - = | 7:pie 4:pie -:pie 9:pie x:pie -:pie =:pie
EXPR: 0 | POS | INT | 17 | 20 | 6 | (x+7)=(4+9) | x 7 + 4 9 + = | x:pie 7:pie +:pie 4:pie 9:pie +:pie =:pie
EXPR: 0 | POS | INT | 17 | 20 | 6 | (7+x)=(4+9) | 7 x + 4 9 + = | 7:pie x:pie +:pie 4:pie 9:pie +:pie =:pie
EXPR: 0 | POS | INT | 17 | 20 | 12 | (9+7)=(4+x) | 9 7 + 4 x + = | 9:pie 7:pie +:pie 4:pie x:pie +:pie =:pie
EXPR: 0 | POS | INT | 19 | 20 | 12 | (x-7)=(9-4) | x 7 - 9 4 - = | x:pie 7:pie -:pie 9:pie 4:pie -:pie =:pie
EXPR: 0 | POS | INT | 19 | 20 | 2 | (7-x)=(9-4) | 7 x - 9 4 - = | 7:pie x:pie -:pie 9:pie 4:pie -:pie =:pie
EXPR: 0 | POS | INT | 19 | 20 | 2 | (7-9)=(x-4) | 7 9 - x 4 - = | 7:pie 9:pie -:pie x:pie 4:pie -:pie =:pie
EXPR: 0 | POS | INT | 19 | 20 | 6 | (7-9)=(4-x) | 7 9 - 4 x - = | 7:pie 9:pie -:pie 4:pie x:pie -:pie =:pie
NET 252 unique, non-negative, integer-valued solutions found out of 480 total solutions
